2025-06-14 19:50:06   *** Warning ***

                      Electric isotropic material [Copper (pure)] has a very high conductivity for
                      the given mesh. Depending on your configuration it may be better to use a lossy
                      metal type for this material. More...

                      ------------------------------------------------------------------------------
2025-06-14 19:50:06   In order to get an optimal performance, hyperthreading is ignored for parallel
                      computations.

                      ------------------------------------------------------------------------------
2025-06-14 19:50:09   Units settings: 

                        Dimensions: mm
                        Frequency:  GHz
                        Time:       s

                      ------------------------------------------------------------------------------
2025-06-14 19:50:09   Boundary conditions: 

                        YZsymmetry: none
                        XZsymmetry: none
                        XYsymmetry: none

                        Xmin: unit cell
                        Xmax: unit cell

                        Ymin: unit cell
                        Ymax: unit cell

                        Zmin: expanded open
                        Zmax: expanded open

                      ------------------------------------------------------------------------------
2025-06-14 19:50:09   Order settings: 

                        Solver order   : 2nd (constant)
                        Curved elements: up to order 3 (automatic)

                      ------------------------------------------------------------------------------
2025-06-14 19:50:09   An iterative solver will be used first.

                      ------------------------------------------------------------------------------
2025-06-14 19:50:09     Mesh time                :	2 s


                      ------------------------------------------------------------------------------
2025-06-14 19:50:09   
                      ================================================================================
                      Frequency Domain Solver calculation cycle started

                      ------------------------------------------------------------------------------
2025-06-14 19:50:09   Solver started at: 2025-06-14 19:50:09 +0800

                        Module:  Frequency Domain: S-Parameter (Win 64)
                        Version: 2024.1 Release from 2023-10-16 (change 1181985)

                      ------------------------------------------------------------------------------
2025-06-14 19:50:09   The low frequency stabilization is not applied to periodic problems.

                      ------------------------------------------------------------------------------
2025-06-14 19:50:09     Calculation 1 of 1 (Frequency: 32 GHz, Theta: 0, Phi: 0)


                      ------------------------------------------------------------------------------
2025-06-14 19:50:09   The wavelength based mesh refinement has been applied to 4.3% of all mesh edges.

                      ------------------------------------------------------------------------------
2025-06-14 19:50:09   For some elements the curvature had to be reduced to maintain the quality of the mesh. More...

                      ------------------------------------------------------------------------------
2025-06-14 19:50:09   Adaptive mesh refinement pass 1

                      ------------------------------------------------------------------------------
2025-06-14 19:50:17   *** Warning ***

2025-06-14 19:50:17   Detected possible stagnation of the iterative solver (5.291072e-02 after 250 iterations.)
                      Please consider aborting the solver run, and check your simulation setup.  More...

                      ------------------------------------------------------------------------------
2025-06-14 19:50:23   *** Warning ***

2025-06-14 19:50:23   The solver stopped because the maximum number of iterations (500, used for automatic solver choice) has been reached.

                      ------------------------------------------------------------------------------
2025-06-14 19:50:23   Solving again, but with the direct solver. Please consider forcing the direct solver in the solver special settings, and
                      check your simulation setup (for instance source and material definitions.)

                      ------------------------------------------------------------------------------
2025-06-14 19:50:24     Matrix setup time        :	0 s
                        Degrees of freedom       :	35464
                        Number of mesh cells     :	5401

                        Stimulation port         :	Zmin
                        Mode number              :	1
                        Accuracy                 :	1.09554e-13
                        Iterations               :	1
                        Solver time              :	0 s


                      ------------------------------------------------------------------------------
2025-06-14 19:50:24   26% of all mesh edges seem to be longer than expected. The adaptive mesh refinement's growth limitation will therefore 
                      use 14133 instead of 3724 mesh cells as a reference.

                      ------------------------------------------------------------------------------
2025-06-14 19:50:24   The wavelength based mesh refinement has been applied to 0.2% of all mesh edges.

                      ------------------------------------------------------------------------------
2025-06-14 19:50:24   For some elements the curvature had to be reduced to maintain the quality of the mesh. More...

                      ------------------------------------------------------------------------------
2025-06-14 19:50:24   Adaptive mesh refinement pass 2

                      ------------------------------------------------------------------------------
2025-06-14 19:50:26     Matrix setup time        :	0 s
                        Solver setup             :	1 s
                        Degrees of freedom       :	61714
                        Number of mesh cells     :	9527

                        Stimulation port         :	Zmin
                        Mode number              :	1
                        Accuracy                 :	6.62468e-14
                        Iterations               :	1
                        Solver time              :	0 s


                      ------------------------------------------------------------------------------
2025-06-14 19:50:26     Delta calculation        
2025-06-14 19:50:26     All S-Parameters         :	0.153783
2025-06-14 19:50:26   

                      ------------------------------------------------------------------------------
2025-06-14 19:50:28   Adaptive mesh refinement pass 3

                      ------------------------------------------------------------------------------
2025-06-14 19:50:31     Matrix setup time        :	0 s
                        Solver setup             :	3 s
                        Degrees of freedom       :	115566
                        Number of mesh cells     :	17985

                        Stimulation port         :	Zmin
                        Mode number              :	1
                        Accuracy                 :	4.09025e-14
                        Iterations               :	1
                        Solver time              :	0 s


                      ------------------------------------------------------------------------------
2025-06-14 19:50:31     Delta calculation        
2025-06-14 19:50:31     All S-Parameters         :	0.0628152
2025-06-14 19:50:31   

                      ------------------------------------------------------------------------------
2025-06-14 19:50:33   Adaptive mesh refinement pass 4

                      ------------------------------------------------------------------------------
2025-06-14 19:50:42     Matrix setup time        :	0 s
                        Solver setup             :	7 s
                        Degrees of freedom       :	195902
                        Number of mesh cells     :	30560

                        Stimulation port         :	Zmin
                        Mode number              :	1
                        Accuracy                 :	2.91792e-14
                        Iterations               :	1
                        Solver time              :	0 s


                      ------------------------------------------------------------------------------
2025-06-14 19:50:42     Delta calculation        
2025-06-14 19:50:42     All S-Parameters         :	0.021782
2025-06-14 19:50:42   

                      ------------------------------------------------------------------------------
2025-06-14 19:50:45   Adaptive mesh refinement pass 5

                      ------------------------------------------------------------------------------
2025-06-14 19:51:02     Matrix setup time        :	1 s
                        Solver setup             :	15 s
                        Degrees of freedom       :	310446
                        Number of mesh cells     :	48444

                        Stimulation port         :	Zmin
                        Mode number              :	1
                        Accuracy                 :	2.06145e-14
                        Iterations               :	1
                        Solver time              :	0 s


                      ------------------------------------------------------------------------------
2025-06-14 19:51:02     Delta calculation        
2025-06-14 19:51:02     All S-Parameters         :	0.00692938
2025-06-14 19:51:02   

                      ------------------------------------------------------------------------------
2025-06-14 19:51:02   Mesh adaptation terminated because the desired accuracy limit is reached.

                      ------------------------------------------------------------------------------
2025-06-14 19:51:02   *** Warning ***

2025-06-14 19:51:02   At least one propagating Floquet mode is not considered at port Zmin. Please increase the number of modes at this port. 
                      More...

                      ------------------------------------------------------------------------------
2025-06-14 19:51:02   *** Warning ***

2025-06-14 19:51:02   At least one propagating Floquet mode is not considered at port Zmax. Please increase the number of modes at this port. 
                      More...

                      ------------------------------------------------------------------------------
2025-06-14 19:51:02     Total time               :	53 s

                      ------------------------------------------------------------------------------
2025-06-14 19:51:02   

                      ------------------------------------------------------------------------------
2025-06-14 19:51:02     Calculation 2 (Frequency: 20 GHz, Theta: 0, Phi: 0)


                      ------------------------------------------------------------------------------
2025-06-14 19:51:16     Matrix setup time        :	0 s
                        Solver setup             :	12 s
                        Degrees of freedom       :	310446
                        Number of mesh cells     :	48444

                        Stimulation port         :	Zmin
                        Mode number              :	1
                        Accuracy                 :	2.67805e-14
                        Iterations               :	1
                        Solver time              :	0 s


                      ------------------------------------------------------------------------------
2025-06-14 19:51:16     Total time               :	13 s

                      ------------------------------------------------------------------------------
2025-06-14 19:51:16   

                      ------------------------------------------------------------------------------
2025-06-14 19:51:16     Calculation 3 (Frequency: 26 GHz, Theta: 0, Phi: 0)


                      ------------------------------------------------------------------------------
2025-06-14 19:51:29     Matrix setup time        :	0 s
                        Solver setup             :	11 s
                        Degrees of freedom       :	310446
                        Number of mesh cells     :	48444

                        Stimulation port         :	Zmin
                        Mode number              :	1
                        Accuracy                 :	2.90298e-14
                        Iterations               :	1
                        Solver time              :	0 s


                      ------------------------------------------------------------------------------
2025-06-14 19:51:29     Total time               :	12 s

                      ------------------------------------------------------------------------------
2025-06-14 19:51:29   

                      ------------------------------------------------------------------------------
2025-06-14 19:51:29     Calculation 4 (Frequency: 29 GHz, Theta: 0, Phi: 0)


                      ------------------------------------------------------------------------------
2025-06-14 19:51:42     Matrix setup time        :	0 s
                        Solver setup             :	11 s
                        Degrees of freedom       :	310446
                        Number of mesh cells     :	48444

                        Stimulation port         :	Zmin
                        Mode number              :	1
                        Accuracy                 :	2.66029e-14
                        Iterations               :	1
                        Solver time              :	0 s


                      ------------------------------------------------------------------------------
2025-06-14 19:51:42     Total time               :	12 s

                      ------------------------------------------------------------------------------
2025-06-14 19:51:42   

                      ------------------------------------------------------------------------------
2025-06-14 19:51:42     Calculation 5 (Frequency: 24.404 GHz, Theta: 0, Phi: 0)


                      ------------------------------------------------------------------------------
2025-06-14 19:51:56     Matrix setup time        :	0 s
                        Solver setup             :	13 s
                        Degrees of freedom       :	310446
                        Number of mesh cells     :	48444

                        Stimulation port         :	Zmin
                        Mode number              :	1
                        Accuracy                 :	2.07329e-14
                        Iterations               :	1
                        Solver time              :	0 s


                      ------------------------------------------------------------------------------
2025-06-14 19:51:57     Total time               :	14 s

                      ------------------------------------------------------------------------------
2025-06-14 19:51:57   

                      ------------------------------------------------------------------------------
2025-06-14 19:51:57     Calculation 6 (Frequency: 28.22 GHz, Theta: 0, Phi: 0)


                      ------------------------------------------------------------------------------
2025-06-14 19:52:10     Matrix setup time        :	0 s
                        Solver setup             :	12 s
                        Degrees of freedom       :	310446
                        Number of mesh cells     :	48444

                        Stimulation port         :	Zmin
                        Mode number              :	1
                        Accuracy                 :	2.75555e-14
                        Iterations               :	1
                        Solver time              :	0 s


                      ------------------------------------------------------------------------------
2025-06-14 19:52:11     Total time               :	13 s

                      ------------------------------------------------------------------------------
2025-06-14 19:52:11   

                      ------------------------------------------------------------------------------
2025-06-14 19:52:11     Calculation 7 (Frequency: 23.084 GHz, Theta: 0, Phi: 0)


                      ------------------------------------------------------------------------------
2025-06-14 19:52:24     Matrix setup time        :	0 s
                        Solver setup             :	12 s
                        Degrees of freedom       :	310446
                        Number of mesh cells     :	48444

                        Stimulation port         :	Zmin
                        Mode number              :	1
                        Accuracy                 :	1.73098e-14
                        Iterations               :	1
                        Solver time              :	0 s


                      ------------------------------------------------------------------------------
2025-06-14 19:52:25     Total time               :	13 s

                      ------------------------------------------------------------------------------
2025-06-14 19:52:25   

                      ------------------------------------------------------------------------------
2025-06-14 19:52:25     Calculation 8 (Frequency: 29.384 GHz, Theta: 0, Phi: 0)


                      ------------------------------------------------------------------------------
2025-06-14 19:52:38     Matrix setup time        :	0 s
                        Solver setup             :	12 s
                        Degrees of freedom       :	310446
                        Number of mesh cells     :	48444

                        Stimulation port         :	Zmin
                        Mode number              :	1
                        Accuracy                 :	2.16727e-14
                        Iterations               :	1
                        Solver time              :	0 s


                      ------------------------------------------------------------------------------
2025-06-14 19:52:39     Total time               :	13 s

                      ------------------------------------------------------------------------------
2025-06-14 19:52:39   

                      ------------------------------------------------------------------------------
2025-06-14 19:52:39     Calculation 9 (Frequency: 27.476 GHz, Theta: 0, Phi: 0)


                      ------------------------------------------------------------------------------
2025-06-14 19:52:52     Matrix setup time        :	0 s
                        Solver setup             :	12 s
                        Degrees of freedom       :	310446
                        Number of mesh cells     :	48444

                        Stimulation port         :	Zmin
                        Mode number              :	1
                        Accuracy                 :	2.8419e-14
                        Iterations               :	1
                        Solver time              :	0 s


                      ------------------------------------------------------------------------------
2025-06-14 19:52:53     Total time               :	13 s

                      ------------------------------------------------------------------------------
2025-06-14 19:52:53   

                      ------------------------------------------------------------------------------
2025-06-14 19:52:53     Calculation 10 (Frequency: 30.308 GHz, Theta: 0, Phi: 0)


                      ------------------------------------------------------------------------------
2025-06-14 19:53:06     Matrix setup time        :	0 s
                        Solver setup             :	12 s
                        Degrees of freedom       :	310446
                        Number of mesh cells     :	48444

                        Stimulation port         :	Zmin
                        Mode number              :	1
                        Accuracy                 :	2.5471e-14
                        Iterations               :	1
                        Solver time              :	0 s


                      ------------------------------------------------------------------------------
2025-06-14 19:53:06     Total time               :	13 s

                      ------------------------------------------------------------------------------
2025-06-14 19:53:06   

                      ------------------------------------------------------------------------------
2025-06-14 19:53:06     Calculation 11 (Frequency: 28.64 GHz, Theta: 0, Phi: 0)


                      ------------------------------------------------------------------------------
2025-06-14 19:53:20     Matrix setup time        :	0 s
                        Solver setup             :	12 s
                        Degrees of freedom       :	310446
                        Number of mesh cells     :	48444

                        Stimulation port         :	Zmin
                        Mode number              :	1
                        Accuracy                 :	2.09546e-14
                        Iterations               :	1
                        Solver time              :	0 s


                      ------------------------------------------------------------------------------
2025-06-14 19:53:20     Total time               :	13 s

                      ------------------------------------------------------------------------------
2025-06-14 19:53:20   

                      ------------------------------------------------------------------------------
2025-06-14 19:53:20     Calculation 12 (Frequency: 30.776 GHz, Theta: 0, Phi: 0)


                      ------------------------------------------------------------------------------
2025-06-14 19:53:34     Matrix setup time        :	0 s
                        Solver setup             :	12 s
                        Degrees of freedom       :	310446
                        Number of mesh cells     :	48444

                        Stimulation port         :	Zmin
                        Mode number              :	1
                        Accuracy                 :	2.40753e-14
                        Iterations               :	1
                        Solver time              :	0 s


                      ------------------------------------------------------------------------------
2025-06-14 19:53:34     Total time               :	13 s

                      ------------------------------------------------------------------------------
2025-06-14 19:53:34   

                      ------------------------------------------------------------------------------
2025-06-14 19:53:34     Calculation 13 (Frequency: 29.816 GHz, Theta: 0, Phi: 0)


                      ------------------------------------------------------------------------------
2025-06-14 19:53:48     Matrix setup time        :	0 s
                        Solver setup             :	12 s
                        Degrees of freedom       :	310446
                        Number of mesh cells     :	48444

                        Stimulation port         :	Zmin
                        Mode number              :	1
                        Accuracy                 :	2.38934e-14
                        Iterations               :	1
                        Solver time              :	0 s


                      ------------------------------------------------------------------------------
2025-06-14 19:53:48     Total time               :	13 s

                      ------------------------------------------------------------------------------
2025-06-14 19:53:48   

                      ------------------------------------------------------------------------------
2025-06-14 19:53:48     Calculation 14 (Frequency: 31.388 GHz, Theta: 0, Phi: 0)


                      ------------------------------------------------------------------------------
2025-06-14 19:54:02     Matrix setup time        :	0 s
                        Solver setup             :	12 s
                        Degrees of freedom       :	310446
                        Number of mesh cells     :	48444

                        Stimulation port         :	Zmin
                        Mode number              :	1
                        Accuracy                 :	2.59911e-14
                        Iterations               :	1
                        Solver time              :	0 s


                      ------------------------------------------------------------------------------
2025-06-14 19:54:03     Total time               :	14 s

                      ------------------------------------------------------------------------------
2025-06-14 19:54:03   

                      ------------------------------------------------------------------------------
2025-06-14 19:54:03     Calculation 15 (Frequency: 30.572 GHz, Theta: 0, Phi: 0)


                      ------------------------------------------------------------------------------
2025-06-14 19:54:17     Matrix setup time        :	0 s
                        Solver setup             :	12 s
                        Degrees of freedom       :	310446
                        Number of mesh cells     :	48444

                        Stimulation port         :	Zmin
                        Mode number              :	1
                        Accuracy                 :	3.60694e-14
                        Iterations               :	1
                        Solver time              :	0 s


                      ------------------------------------------------------------------------------
2025-06-14 19:54:17     Total time               :	14 s

                      ------------------------------------------------------------------------------
2025-06-14 19:54:17   

                      ------------------------------------------------------------------------------
2025-06-14 19:54:17     Calculation 16 (Frequency: 31.064 GHz, Theta: 0, Phi: 0)


                      ------------------------------------------------------------------------------
2025-06-14 19:54:31     Matrix setup time        :	0 s
                        Solver setup             :	12 s
                        Degrees of freedom       :	310446
                        Number of mesh cells     :	48444

                        Stimulation port         :	Zmin
                        Mode number              :	1
                        Accuracy                 :	2.93113e-14
                        Iterations               :	1
                        Solver time              :	0 s


                      ------------------------------------------------------------------------------
2025-06-14 19:54:31     Total time               :	13 s

                      ------------------------------------------------------------------------------
2025-06-14 19:54:31   

                      ------------------------------------------------------------------------------
2025-06-14 19:54:31     Calculation 17 (Frequency: 21.644 GHz, Theta: 0, Phi: 0)


                      ------------------------------------------------------------------------------
2025-06-14 19:54:45     Matrix setup time        :	0 s
                        Solver setup             :	12 s
                        Degrees of freedom       :	310446
                        Number of mesh cells     :	48444

                        Stimulation port         :	Zmin
                        Mode number              :	1
                        Accuracy                 :	4.16611e-14
                        Iterations               :	1
                        Solver time              :	0 s


                      ------------------------------------------------------------------------------
2025-06-14 19:54:45     Total time               :	14 s

                      ------------------------------------------------------------------------------
2025-06-14 19:54:45   

                      ------------------------------------------------------------------------------
2025-06-14 19:54:45     Calculation 18 (Frequency: 23.516 GHz, Theta: 0, Phi: 0)


                      ------------------------------------------------------------------------------
2025-06-14 19:54:59     Matrix setup time        :	0 s
                        Solver setup             :	13 s
                        Degrees of freedom       :	310446
                        Number of mesh cells     :	48444

                        Stimulation port         :	Zmin
                        Mode number              :	1
                        Accuracy                 :	2.44041e-14
                        Iterations               :	1
                        Solver time              :	0 s


                      ------------------------------------------------------------------------------
2025-06-14 19:55:00     Total time               :	14 s

                      ------------------------------------------------------------------------------
2025-06-14 19:55:00   

                      ------------------------------------------------------------------------------
2025-06-14 19:55:00     Calculation 19 (Frequency: 20.732 GHz, Theta: 0, Phi: 0)


                      ------------------------------------------------------------------------------
2025-06-14 19:55:14     Matrix setup time        :	0 s
                        Solver setup             :	13 s
                        Degrees of freedom       :	310446
                        Number of mesh cells     :	48444

                        Stimulation port         :	Zmin
                        Mode number              :	1
                        Accuracy                 :	2.99342e-14
                        Iterations               :	1
                        Solver time              :	0 s


                      ------------------------------------------------------------------------------
2025-06-14 19:55:14     Total time               :	14 s

                      ------------------------------------------------------------------------------
2025-06-14 19:55:14   

                      ------------------------------------------------------------------------------
2025-06-14 19:55:14     Calculation 20 (Frequency: 21.968 GHz, Theta: 0, Phi: 0)


                      ------------------------------------------------------------------------------
2025-06-14 19:55:29     Matrix setup time        :	0 s
                        Solver setup             :	13 s
                        Degrees of freedom       :	310446
                        Number of mesh cells     :	48444

                        Stimulation port         :	Zmin
                        Mode number              :	1
                        Accuracy                 :	4.89048e-14
                        Iterations               :	1
                        Solver time              :	0 s


                      ------------------------------------------------------------------------------
2025-06-14 19:55:29     Total time               :	14 s

                      ------------------------------------------------------------------------------
2025-06-14 19:55:29   

                      ------------------------------------------------------------------------------
2025-06-14 19:55:29     Calculation 21 (Frequency: 21.188 GHz, Theta: 0, Phi: 0)


                      ------------------------------------------------------------------------------
2025-06-14 19:55:44     Matrix setup time        :	0 s
                        Solver setup             :	13 s
                        Degrees of freedom       :	310446
                        Number of mesh cells     :	48444

                        Stimulation port         :	Zmin
                        Mode number              :	1
                        Accuracy                 :	3.00981e-14
                        Iterations               :	1
                        Solver time              :	0 s


                      ------------------------------------------------------------------------------
2025-06-14 19:55:44     Total time               :	14 s

                      ------------------------------------------------------------------------------
2025-06-14 19:55:44   

                      ------------------------------------------------------------------------------
2025-06-14 19:55:44     Calculation 22 (Frequency: 22.412 GHz, Theta: 0, Phi: 0)


                      ------------------------------------------------------------------------------
2025-06-14 19:55:58     Matrix setup time        :	0 s
                        Solver setup             :	13 s
                        Degrees of freedom       :	310446
                        Number of mesh cells     :	48444

                        Stimulation port         :	Zmin
                        Mode number              :	1
                        Accuracy                 :	4.42959e-14
                        Iterations               :	1
                        Solver time              :	0 s


                      ------------------------------------------------------------------------------
2025-06-14 19:55:58     Total time               :	14 s

                      ------------------------------------------------------------------------------
2025-06-14 19:55:58   

                      ------------------------------------------------------------------------------
2025-06-14 19:55:58     Calculation 23 (Frequency: 21.836 GHz, Theta: 0, Phi: 0)


                      ------------------------------------------------------------------------------
2025-06-14 19:56:13     Matrix setup time        :	0 s
                        Solver setup             :	13 s
                        Degrees of freedom       :	310446
                        Number of mesh cells     :	48444

                        Stimulation port         :	Zmin
                        Mode number              :	1
                        Accuracy                 :	4.08336e-14
                        Iterations               :	1
                        Solver time              :	0 s


                      ------------------------------------------------------------------------------
2025-06-14 19:56:13     Total time               :	14 s

                      ------------------------------------------------------------------------------
2025-06-14 19:56:13   

                      ------------------------------------------------------------------------------
2025-06-14 19:56:13     Calculation 24 (Frequency: 28.088 GHz, Theta: 0, Phi: 0)


                      ------------------------------------------------------------------------------
2025-06-14 19:56:28     Matrix setup time        :	0 s
                        Solver setup             :	13 s
                        Degrees of freedom       :	310446
                        Number of mesh cells     :	48444

                        Stimulation port         :	Zmin
                        Mode number              :	1
                        Accuracy                 :	3.0514e-14
                        Iterations               :	1
                        Solver time              :	0 s


                      ------------------------------------------------------------------------------
2025-06-14 19:56:28     Total time               :	14 s

                      ------------------------------------------------------------------------------
2025-06-14 19:56:28   

                      ------------------------------------------------------------------------------
2025-06-14 19:56:28     Calculation 25 (Frequency: 26.912 GHz, Theta: 0, Phi: 0)


                      ------------------------------------------------------------------------------
2025-06-14 19:56:42     Matrix setup time        :	0 s
                        Solver setup             :	13 s
                        Degrees of freedom       :	310446
                        Number of mesh cells     :	48444

                        Stimulation port         :	Zmin
                        Mode number              :	1
                        Accuracy                 :	3.33096e-14
                        Iterations               :	1
                        Solver time              :	0 s


                      ------------------------------------------------------------------------------
2025-06-14 19:56:43     Total time               :	14 s

                      ------------------------------------------------------------------------------
2025-06-14 19:56:43   

                      ------------------------------------------------------------------------------
2025-06-14 19:56:43   Finished the general purpose interpolative broadband frequency sweep:
                      All broadband sweep convergence criteria have been satisfied after
                      calculating 25 frequency samples:

                        Broadband sweep error threshold value :  0.01 (All S-Parameters) 
                        Number of error criterion checks      :  2 (All S-Parameters) 
                        Minimum number of samples             :  3
                        Number of data samples, linear        :  1001

                      ------------------------------------------------------------------------------
2025-06-14 19:56:43     Number of mesh cells     :	48444
                        Degrees of freedom       :	308872
                        Total Solver Time        :	395 s	 (= 0 h, 06 m, 35 s)
                      ================================================================================



                      ------------------------------------------------------------------------------
2025-06-14 19:56:43     ----------------------------------------------------------------------------
                                            Peak memory used (kB)         Free physical memory (kB) 
                                                                          At begin     Minimum      
                        ----------------------------------------------------------------------------
                        Solver start        22260                         8458348      8457524      
                        Eq. system setup    5018036                       8428744      7245308      
                        Eq. system solve    5018036                       8383320      3258136      
                        Mesh refinement     3031712                       8228592      7816056      
                        Solver run total    5018036                       8458352      3258136      

                        Computer name       Tahsin
                        ----------------------------------------------------------------------------


                      ------------------------------------------------------------------------------
2025-06-14 19:56:43   Running postprocessing.

                      ------------------------------------------------------------------------------
2025-06-14 19:56:44   Postprocessing finished.

                      ------------------------------------------------------------------------------
