2025-06-14 21:25:17   *** Warning ***

                      Electric isotropic material [Copper (pure)] has a very high conductivity for
                      the given mesh. Depending on your configuration it may be better to use a lossy
                      metal type for this material. More...

                      ------------------------------------------------------------------------------
2025-06-14 21:25:17   In order to get an optimal performance, hyperthreading is ignored for parallel
                      computations.

                      ------------------------------------------------------------------------------
2025-06-14 21:25:20   Units settings: 

                        Dimensions: mm
                        Frequency:  GHz
                        Time:       s

                      ------------------------------------------------------------------------------
2025-06-14 21:25:20   Boundary conditions: 

                        YZsymmetry: none
                        XZsymmetry: none
                        XYsymmetry: none

                        Xmin: unit cell
                        Xmax: unit cell

                        Ymin: unit cell
                        Ymax: unit cell

                        Zmin: expanded open
                        Zmax: expanded open

                      ------------------------------------------------------------------------------
2025-06-14 21:25:20   Order settings: 

                        Solver order   : 2nd (constant)
                        Curved elements: up to order 3 (automatic)

                      ------------------------------------------------------------------------------
2025-06-14 21:25:20   An iterative solver will be used first.

                      ------------------------------------------------------------------------------
2025-06-14 21:25:20     Mesh time                :	2 s


                      ------------------------------------------------------------------------------
2025-06-14 21:25:20   
                      ================================================================================
                      Frequency Domain Solver calculation cycle started

                      ------------------------------------------------------------------------------
2025-06-14 21:25:20   Solver started at: 2025-06-14 21:25:20 +0800

                        Module:  Frequency Domain: S-Parameter (Win 64)
                        Version: 2024.1 Release from 2023-10-16 (change 1181985)

                      ------------------------------------------------------------------------------
2025-06-14 21:25:20   The low frequency stabilization is not applied to periodic problems.

                      ------------------------------------------------------------------------------
2025-06-14 21:25:20     Calculation 1 of 1 (Frequency: 32 GHz, Theta: 0, Phi: 0)


                      ------------------------------------------------------------------------------
2025-06-14 21:25:20   The wavelength based mesh refinement has been applied to 5.0% of all mesh edges.

                      ------------------------------------------------------------------------------
2025-06-14 21:25:20   For some elements the curvature had to be reduced to maintain the quality of the mesh. More...

                      ------------------------------------------------------------------------------
2025-06-14 21:25:21   Adaptive mesh refinement pass 1

                      ------------------------------------------------------------------------------
2025-06-14 21:25:27   *** Warning ***

2025-06-14 21:25:27   Detected possible stagnation of the iterative solver (5.208165e-02 after 250 iterations.)
                      Please consider aborting the solver run, and check your simulation setup.  More...

                      ------------------------------------------------------------------------------
2025-06-14 21:25:34   *** Warning ***

2025-06-14 21:25:34   The solver stopped because the maximum number of iterations (500, used for automatic solver choice) has been reached.

                      ------------------------------------------------------------------------------
2025-06-14 21:25:34   Solving again, but with the direct solver. Please consider forcing the direct solver in the solver special settings, and
                      check your simulation setup (for instance source and material definitions.)

                      ------------------------------------------------------------------------------
2025-06-14 21:25:35     Matrix setup time        :	0 s
                        Degrees of freedom       :	35786
                        Number of mesh cells     :	5450

                        Stimulation port         :	Zmin
                        Mode number              :	1
                        Accuracy                 :	1.25192e-13
                        Iterations               :	1
                        Solver time              :	0 s


                      ------------------------------------------------------------------------------
2025-06-14 21:25:35   28% of all mesh edges seem to be longer than expected. The adaptive mesh refinement's growth limitation will therefore 
                      use 14656 instead of 3654 mesh cells as a reference.

                      ------------------------------------------------------------------------------
2025-06-14 21:25:35   The wavelength based mesh refinement has been applied to 0.3% of all mesh edges.

                      ------------------------------------------------------------------------------
2025-06-14 21:25:36   For some elements the curvature had to be reduced to maintain the quality of the mesh. More...

                      ------------------------------------------------------------------------------
2025-06-14 21:25:36   Adaptive mesh refinement pass 2

                      ------------------------------------------------------------------------------
2025-06-14 21:25:38     Matrix setup time        :	0 s
                        Solver setup             :	1 s
                        Degrees of freedom       :	61580
                        Number of mesh cells     :	9499

                        Stimulation port         :	Zmin
                        Mode number              :	1
                        Accuracy                 :	7.66329e-14
                        Iterations               :	1
                        Solver time              :	0 s


                      ------------------------------------------------------------------------------
2025-06-14 21:25:38     Delta calculation        
2025-06-14 21:25:38     All S-Parameters         :	0.328189
2025-06-14 21:25:38   

                      ------------------------------------------------------------------------------
2025-06-14 21:25:39   For some elements the curvature had to be reduced to maintain the quality of the mesh. More...

                      ------------------------------------------------------------------------------
2025-06-14 21:25:39   Adaptive mesh refinement pass 3

                      ------------------------------------------------------------------------------
2025-06-14 21:25:43     Matrix setup time        :	0 s
                        Solver setup             :	3 s
                        Degrees of freedom       :	108246
                        Number of mesh cells     :	16831

                        Stimulation port         :	Zmin
                        Mode number              :	1
                        Accuracy                 :	3.666e-14
                        Iterations               :	1
                        Solver time              :	0 s


                      ------------------------------------------------------------------------------
2025-06-14 21:25:43     Delta calculation        
2025-06-14 21:25:43     All S-Parameters         :	0.0742363
2025-06-14 21:25:43   

                      ------------------------------------------------------------------------------
2025-06-14 21:25:45   Adaptive mesh refinement pass 4

                      ------------------------------------------------------------------------------
2025-06-14 21:25:51     Matrix setup time        :	0 s
                        Solver setup             :	5 s
                        Degrees of freedom       :	173406
                        Number of mesh cells     :	27052

                        Stimulation port         :	Zmin
                        Mode number              :	1
                        Accuracy                 :	2.27933e-14
                        Iterations               :	1
                        Solver time              :	0 s


                      ------------------------------------------------------------------------------
2025-06-14 21:25:51     Delta calculation        
2025-06-14 21:25:51     All S-Parameters         :	0.0335264
2025-06-14 21:25:51   

                      ------------------------------------------------------------------------------
2025-06-14 21:25:54   Adaptive mesh refinement pass 5

                      ------------------------------------------------------------------------------
2025-06-14 21:26:06     Matrix setup time        :	0 s
                        Solver setup             :	10 s
                        Degrees of freedom       :	257230
                        Number of mesh cells     :	40130

                        Stimulation port         :	Zmin
                        Mode number              :	1
                        Accuracy                 :	3.77328e-14
                        Iterations               :	1
                        Solver time              :	0 s


                      ------------------------------------------------------------------------------
2025-06-14 21:26:06     Delta calculation        
2025-06-14 21:26:06     All S-Parameters         :	0.016486
2025-06-14 21:26:06   

                      ------------------------------------------------------------------------------
2025-06-14 21:26:06   Mesh adaptation terminated because the desired accuracy limit is reached.

                      ------------------------------------------------------------------------------
2025-06-14 21:26:06   *** Warning ***

2025-06-14 21:26:06   At least one propagating Floquet mode is not considered at port Zmin. Please increase the number of modes at this port. 
                      More...

                      ------------------------------------------------------------------------------
2025-06-14 21:26:06   *** Warning ***

2025-06-14 21:26:06   At least one propagating Floquet mode is not considered at port Zmax. Please increase the number of modes at this port. 
                      More...

                      ------------------------------------------------------------------------------
2025-06-14 21:26:06     Total time               :	46 s

                      ------------------------------------------------------------------------------
2025-06-14 21:26:06   

                      ------------------------------------------------------------------------------
2025-06-14 21:26:07     Calculation 2 (Frequency: 20 GHz, Theta: 0, Phi: 0)


                      ------------------------------------------------------------------------------
2025-06-14 21:26:16     Matrix setup time        :	0 s
                        Solver setup             :	9 s
                        Degrees of freedom       :	257230
                        Number of mesh cells     :	40130

                        Stimulation port         :	Zmin
                        Mode number              :	1
                        Accuracy                 :	3.02138e-14
                        Iterations               :	1
                        Solver time              :	0 s


                      ------------------------------------------------------------------------------
2025-06-14 21:26:17     Total time               :	10 s

                      ------------------------------------------------------------------------------
2025-06-14 21:26:17   

                      ------------------------------------------------------------------------------
2025-06-14 21:26:17     Calculation 3 (Frequency: 26 GHz, Theta: 0, Phi: 0)


                      ------------------------------------------------------------------------------
2025-06-14 21:26:26     Matrix setup time        :	0 s
                        Solver setup             :	8 s
                        Degrees of freedom       :	257230
                        Number of mesh cells     :	40130

                        Stimulation port         :	Zmin
                        Mode number              :	1
                        Accuracy                 :	2.05982e-14
                        Iterations               :	1
                        Solver time              :	0 s


                      ------------------------------------------------------------------------------
2025-06-14 21:26:27     Total time               :	9 s

                      ------------------------------------------------------------------------------
2025-06-14 21:26:27   

                      ------------------------------------------------------------------------------
2025-06-14 21:26:27     Calculation 4 (Frequency: 29 GHz, Theta: 0, Phi: 0)


                      ------------------------------------------------------------------------------
2025-06-14 21:26:36     Matrix setup time        :	0 s
                        Solver setup             :	9 s
                        Degrees of freedom       :	257230
                        Number of mesh cells     :	40130

                        Stimulation port         :	Zmin
                        Mode number              :	1
                        Accuracy                 :	3.38947e-14
                        Iterations               :	1
                        Solver time              :	0 s


                      ------------------------------------------------------------------------------
2025-06-14 21:26:37     Total time               :	10 s

                      ------------------------------------------------------------------------------
2025-06-14 21:26:37   

                      ------------------------------------------------------------------------------
2025-06-14 21:26:37     Calculation 5 (Frequency: 24.548 GHz, Theta: 0, Phi: 0)


                      ------------------------------------------------------------------------------
2025-06-14 21:26:46     Matrix setup time        :	0 s
                        Solver setup             :	8 s
                        Degrees of freedom       :	257230
                        Number of mesh cells     :	40130

                        Stimulation port         :	Zmin
                        Mode number              :	1
                        Accuracy                 :	1.78636e-14
                        Iterations               :	1
                        Solver time              :	0 s


                      ------------------------------------------------------------------------------
2025-06-14 21:26:47     Total time               :	9 s

                      ------------------------------------------------------------------------------
2025-06-14 21:26:47   

                      ------------------------------------------------------------------------------
2025-06-14 21:26:47     Calculation 6 (Frequency: 27.812 GHz, Theta: 0, Phi: 0)


                      ------------------------------------------------------------------------------
2025-06-14 21:26:56     Matrix setup time        :	0 s
                        Solver setup             :	8 s
                        Degrees of freedom       :	257230
                        Number of mesh cells     :	40130

                        Stimulation port         :	Zmin
                        Mode number              :	1
                        Accuracy                 :	4.78388e-14
                        Iterations               :	1
                        Solver time              :	0 s


                      ------------------------------------------------------------------------------
2025-06-14 21:26:57     Total time               :	9 s

                      ------------------------------------------------------------------------------
2025-06-14 21:26:57   

                      ------------------------------------------------------------------------------
2025-06-14 21:26:57     Calculation 7 (Frequency: 22.7 GHz, Theta: 0, Phi: 0)


                      ------------------------------------------------------------------------------
2025-06-14 21:27:06     Matrix setup time        :	0 s
                        Solver setup             :	8 s
                        Degrees of freedom       :	257230
                        Number of mesh cells     :	40130

                        Stimulation port         :	Zmin
                        Mode number              :	1
                        Accuracy                 :	6.50286e-14
                        Iterations               :	1
                        Solver time              :	0 s


                      ------------------------------------------------------------------------------
2025-06-14 21:27:07     Total time               :	9 s

                      ------------------------------------------------------------------------------
2025-06-14 21:27:07   

                      ------------------------------------------------------------------------------
2025-06-14 21:27:07     Calculation 8 (Frequency: 28.508 GHz, Theta: 0, Phi: 0)


                      ------------------------------------------------------------------------------
2025-06-14 21:27:16     Matrix setup time        :	0 s
                        Solver setup             :	8 s
                        Degrees of freedom       :	257230
                        Number of mesh cells     :	40130

                        Stimulation port         :	Zmin
                        Mode number              :	1
                        Accuracy                 :	3.76294e-14
                        Iterations               :	1
                        Solver time              :	0 s


                      ------------------------------------------------------------------------------
2025-06-14 21:27:16     Total time               :	9 s

                      ------------------------------------------------------------------------------
2025-06-14 21:27:16   

                      ------------------------------------------------------------------------------
2025-06-14 21:27:16     Calculation 9 (Frequency: 26.96 GHz, Theta: 0, Phi: 0)


                      ------------------------------------------------------------------------------
2025-06-14 21:27:26     Matrix setup time        :	0 s
                        Solver setup             :	8 s
                        Degrees of freedom       :	257230
                        Number of mesh cells     :	40130

                        Stimulation port         :	Zmin
                        Mode number              :	1
                        Accuracy                 :	3.2943e-14
                        Iterations               :	1
                        Solver time              :	0 s


                      ------------------------------------------------------------------------------
2025-06-14 21:27:26     Total time               :	9 s

                      ------------------------------------------------------------------------------
2025-06-14 21:27:26   

                      ------------------------------------------------------------------------------
2025-06-14 21:27:26     Calculation 10 (Frequency: 29.396 GHz, Theta: 0, Phi: 0)


                      ------------------------------------------------------------------------------
2025-06-14 21:27:36     Matrix setup time        :	0 s
                        Solver setup             :	8 s
                        Degrees of freedom       :	257230
                        Number of mesh cells     :	40130

                        Stimulation port         :	Zmin
                        Mode number              :	1
                        Accuracy                 :	2.67435e-14
                        Iterations               :	1
                        Solver time              :	0 s


                      ------------------------------------------------------------------------------
2025-06-14 21:27:36     Total time               :	9 s

                      ------------------------------------------------------------------------------
2025-06-14 21:27:36   

                      ------------------------------------------------------------------------------
2025-06-14 21:27:36     Calculation 11 (Frequency: 25.268 GHz, Theta: 0, Phi: 0)


                      ------------------------------------------------------------------------------
2025-06-14 21:27:46     Matrix setup time        :	0 s
                        Solver setup             :	8 s
                        Degrees of freedom       :	257230
                        Number of mesh cells     :	40130

                        Stimulation port         :	Zmin
                        Mode number              :	1
                        Accuracy                 :	2.3453e-14
                        Iterations               :	1
                        Solver time              :	0 s


                      ------------------------------------------------------------------------------
2025-06-14 21:27:46     Total time               :	9 s

                      ------------------------------------------------------------------------------
2025-06-14 21:27:46   

                      ------------------------------------------------------------------------------
2025-06-14 21:27:46     Calculation 12 (Frequency: 28.04 GHz, Theta: 0, Phi: 0)


                      ------------------------------------------------------------------------------
2025-06-14 21:27:56     Matrix setup time        :	0 s
                        Solver setup             :	8 s
                        Degrees of freedom       :	257230
                        Number of mesh cells     :	40130

                        Stimulation port         :	Zmin
                        Mode number              :	1
                        Accuracy                 :	1.20072e-13
                        Iterations               :	1
                        Solver time              :	0 s


                      ------------------------------------------------------------------------------
2025-06-14 21:27:56     Total time               :	9 s

                      ------------------------------------------------------------------------------
2025-06-14 21:27:56   

                      ------------------------------------------------------------------------------
2025-06-14 21:27:56     Calculation 13 (Frequency: 23.996 GHz, Theta: 0, Phi: 0)


                      ------------------------------------------------------------------------------
2025-06-14 21:28:05     Matrix setup time        :	0 s
                        Solver setup             :	8 s
                        Degrees of freedom       :	257230
                        Number of mesh cells     :	40130

                        Stimulation port         :	Zmin
                        Mode number              :	1
                        Accuracy                 :	2.66955e-14
                        Iterations               :	1
                        Solver time              :	0 s


                      ------------------------------------------------------------------------------
2025-06-14 21:28:06     Total time               :	9 s

                      ------------------------------------------------------------------------------
2025-06-14 21:28:06   

                      ------------------------------------------------------------------------------
2025-06-14 21:28:06     Calculation 14 (Frequency: 21.428 GHz, Theta: 0, Phi: 0)


                      ------------------------------------------------------------------------------
2025-06-14 21:28:15     Matrix setup time        :	0 s
                        Solver setup             :	8 s
                        Degrees of freedom       :	257230
                        Number of mesh cells     :	40130

                        Stimulation port         :	Zmin
                        Mode number              :	1
                        Accuracy                 :	4.3753e-14
                        Iterations               :	1
                        Solver time              :	0 s


                      ------------------------------------------------------------------------------
2025-06-14 21:28:16     Total time               :	9 s

                      ------------------------------------------------------------------------------
2025-06-14 21:28:16   

                      ------------------------------------------------------------------------------
2025-06-14 21:28:16     Calculation 15 (Frequency: 23.06 GHz, Theta: 0, Phi: 0)


                      ------------------------------------------------------------------------------
2025-06-14 21:28:25     Matrix setup time        :	0 s
                        Solver setup             :	8 s
                        Degrees of freedom       :	257230
                        Number of mesh cells     :	40130

                        Stimulation port         :	Zmin
                        Mode number              :	1
                        Accuracy                 :	2.48466e-14
                        Iterations               :	1
                        Solver time              :	0 s


                      ------------------------------------------------------------------------------
2025-06-14 21:28:25     Total time               :	9 s

                      ------------------------------------------------------------------------------
2025-06-14 21:28:25   

                      ------------------------------------------------------------------------------
2025-06-14 21:28:25     Calculation 16 (Frequency: 21.776 GHz, Theta: 0, Phi: 0)


                      ------------------------------------------------------------------------------
2025-06-14 21:28:36     Matrix setup time        :	0 s
                        Solver setup             :	9 s
                        Degrees of freedom       :	257230
                        Number of mesh cells     :	40130

                        Stimulation port         :	Zmin
                        Mode number              :	1
                        Accuracy                 :	4.1183e-14
                        Iterations               :	1
                        Solver time              :	0 s


                      ------------------------------------------------------------------------------
2025-06-14 21:28:36     Total time               :	10 s

                      ------------------------------------------------------------------------------
2025-06-14 21:28:36   

                      ------------------------------------------------------------------------------
2025-06-14 21:28:36     Calculation 17 (Frequency: 20.576 GHz, Theta: 0, Phi: 0)


                      ------------------------------------------------------------------------------
2025-06-14 21:28:46     Matrix setup time        :	0 s
                        Solver setup             :	9 s
                        Degrees of freedom       :	257230
                        Number of mesh cells     :	40130

                        Stimulation port         :	Zmin
                        Mode number              :	1
                        Accuracy                 :	3.43543e-14
                        Iterations               :	1
                        Solver time              :	0 s


                      ------------------------------------------------------------------------------
2025-06-14 21:28:46     Total time               :	10 s

                      ------------------------------------------------------------------------------
2025-06-14 21:28:46   

                      ------------------------------------------------------------------------------
2025-06-14 21:28:46     Calculation 18 (Frequency: 21.536 GHz, Theta: 0, Phi: 0)


                      ------------------------------------------------------------------------------
2025-06-14 21:28:56     Matrix setup time        :	0 s
                        Solver setup             :	9 s
                        Degrees of freedom       :	257230
                        Number of mesh cells     :	40130

                        Stimulation port         :	Zmin
                        Mode number              :	1
                        Accuracy                 :	3.7831e-14
                        Iterations               :	1
                        Solver time              :	0 s


                      ------------------------------------------------------------------------------
2025-06-14 21:28:57     Total time               :	10 s

                      ------------------------------------------------------------------------------
2025-06-14 21:28:57   

                      ------------------------------------------------------------------------------
2025-06-14 21:28:57     Calculation 19 (Frequency: 22.148 GHz, Theta: 0, Phi: 0)


                      ------------------------------------------------------------------------------
2025-06-14 21:29:07     Matrix setup time        :	0 s
                        Solver setup             :	9 s
                        Degrees of freedom       :	257230
                        Number of mesh cells     :	40130

                        Stimulation port         :	Zmin
                        Mode number              :	1
                        Accuracy                 :	3.1675e-14
                        Iterations               :	1
                        Solver time              :	0 s


                      ------------------------------------------------------------------------------
2025-06-14 21:29:07     Total time               :	10 s

                      ------------------------------------------------------------------------------
2025-06-14 21:29:07   

                      ------------------------------------------------------------------------------
2025-06-14 21:29:07     Calculation 20 (Frequency: 30.908 GHz, Theta: 0, Phi: 0)


                      ------------------------------------------------------------------------------
2025-06-14 21:29:17     Matrix setup time        :	0 s
                        Solver setup             :	8 s
                        Degrees of freedom       :	257230
                        Number of mesh cells     :	40130

                        Stimulation port         :	Zmin
                        Mode number              :	1
                        Accuracy                 :	6.8777e-14
                        Iterations               :	1
                        Solver time              :	0 s


                      ------------------------------------------------------------------------------
2025-06-14 21:29:17     Total time               :	10 s

                      ------------------------------------------------------------------------------
2025-06-14 21:29:17   

                      ------------------------------------------------------------------------------
2025-06-14 21:29:17     Calculation 21 (Frequency: 27.332 GHz, Theta: 0, Phi: 0)


                      ------------------------------------------------------------------------------
2025-06-14 21:29:27     Matrix setup time        :	0 s
                        Solver setup             :	9 s
                        Degrees of freedom       :	257230
                        Number of mesh cells     :	40130

                        Stimulation port         :	Zmin
                        Mode number              :	1
                        Accuracy                 :	2.39634e-14
                        Iterations               :	1
                        Solver time              :	0 s


                      ------------------------------------------------------------------------------
2025-06-14 21:29:27     Total time               :	10 s

                      ------------------------------------------------------------------------------
2025-06-14 21:29:27   

                      ------------------------------------------------------------------------------
2025-06-14 21:29:27     Calculation 22 (Frequency: 31.46 GHz, Theta: 0, Phi: 0)


                      ------------------------------------------------------------------------------
2025-06-14 21:29:37     Matrix setup time        :	0 s
                        Solver setup             :	9 s
                        Degrees of freedom       :	257230
                        Number of mesh cells     :	40130

                        Stimulation port         :	Zmin
                        Mode number              :	1
                        Accuracy                 :	2.57933e-14
                        Iterations               :	1
                        Solver time              :	0 s


                      ------------------------------------------------------------------------------
2025-06-14 21:29:38     Total time               :	10 s

                      ------------------------------------------------------------------------------
2025-06-14 21:29:38   

                      ------------------------------------------------------------------------------
2025-06-14 21:29:38     Calculation 23 (Frequency: 30.428 GHz, Theta: 0, Phi: 0)


                      ------------------------------------------------------------------------------
2025-06-14 21:29:48     Matrix setup time        :	0 s
                        Solver setup             :	9 s
                        Degrees of freedom       :	257230
                        Number of mesh cells     :	40130

                        Stimulation port         :	Zmin
                        Mode number              :	1
                        Accuracy                 :	2.19537e-14
                        Iterations               :	1
                        Solver time              :	0 s


                      ------------------------------------------------------------------------------
2025-06-14 21:29:48     Total time               :	10 s

                      ------------------------------------------------------------------------------
2025-06-14 21:29:48   

                      ------------------------------------------------------------------------------
2025-06-14 21:29:48     Calculation 24 (Frequency: 24.968 GHz, Theta: 0, Phi: 0)


                      ------------------------------------------------------------------------------
2025-06-14 21:29:58     Matrix setup time        :	0 s
                        Solver setup             :	8 s
                        Degrees of freedom       :	257230
                        Number of mesh cells     :	40130

                        Stimulation port         :	Zmin
                        Mode number              :	1
                        Accuracy                 :	2.92583e-14
                        Iterations               :	1
                        Solver time              :	0 s


                      ------------------------------------------------------------------------------
2025-06-14 21:29:58     Total time               :	9 s

                      ------------------------------------------------------------------------------
2025-06-14 21:29:58   

                      ------------------------------------------------------------------------------
2025-06-14 21:29:58     Calculation 25 (Frequency: 30.128 GHz, Theta: 0, Phi: 0)


                      ------------------------------------------------------------------------------
2025-06-14 21:30:07     Matrix setup time        :	0 s
                        Solver setup             :	8 s
                        Degrees of freedom       :	257230
                        Number of mesh cells     :	40130

                        Stimulation port         :	Zmin
                        Mode number              :	1
                        Accuracy                 :	3.43047e-14
                        Iterations               :	1
                        Solver time              :	0 s


                      ------------------------------------------------------------------------------
2025-06-14 21:30:08     Total time               :	9 s

                      ------------------------------------------------------------------------------
2025-06-14 21:30:08   

                      ------------------------------------------------------------------------------
2025-06-14 21:30:08     Calculation 26 (Frequency: 30.596 GHz, Theta: 0, Phi: 0)


                      ------------------------------------------------------------------------------
2025-06-14 21:30:17     Matrix setup time        :	0 s
                        Solver setup             :	8 s
                        Degrees of freedom       :	257230
                        Number of mesh cells     :	40130

                        Stimulation port         :	Zmin
                        Mode number              :	1
                        Accuracy                 :	3.99454e-14
                        Iterations               :	1
                        Solver time              :	0 s


                      ------------------------------------------------------------------------------
2025-06-14 21:30:17     Total time               :	9 s

                      ------------------------------------------------------------------------------
2025-06-14 21:30:17   

                      ------------------------------------------------------------------------------
2025-06-14 21:30:17     Calculation 27 (Frequency: 29.552 GHz, Theta: 0, Phi: 0)


                      ------------------------------------------------------------------------------
2025-06-14 21:30:27     Matrix setup time        :	0 s
                        Solver setup             :	8 s
                        Degrees of freedom       :	257230
                        Number of mesh cells     :	40130

                        Stimulation port         :	Zmin
                        Mode number              :	1
                        Accuracy                 :	2.18671e-14
                        Iterations               :	1
                        Solver time              :	0 s


                      ------------------------------------------------------------------------------
2025-06-14 21:30:27     Total time               :	9 s

                      ------------------------------------------------------------------------------
2025-06-14 21:30:27   

                      ------------------------------------------------------------------------------
2025-06-14 21:30:27     Calculation 28 (Frequency: 26.768 GHz, Theta: 0, Phi: 0)


                      ------------------------------------------------------------------------------
2025-06-14 21:30:37     Matrix setup time        :	0 s
                        Solver setup             :	8 s
                        Degrees of freedom       :	257230
                        Number of mesh cells     :	40130

                        Stimulation port         :	Zmin
                        Mode number              :	1
                        Accuracy                 :	3.28175e-14
                        Iterations               :	1
                        Solver time              :	0 s


                      ------------------------------------------------------------------------------
2025-06-14 21:30:37     Total time               :	9 s

                      ------------------------------------------------------------------------------
2025-06-14 21:30:37   

                      ------------------------------------------------------------------------------
2025-06-14 21:30:37     Calculation 29 (Frequency: 23.672 GHz, Theta: 0, Phi: 0)


                      ------------------------------------------------------------------------------
2025-06-14 21:30:47     Matrix setup time        :	0 s
                        Solver setup             :	8 s
                        Degrees of freedom       :	257230
                        Number of mesh cells     :	40130

                        Stimulation port         :	Zmin
                        Mode number              :	1
                        Accuracy                 :	3.71766e-14
                        Iterations               :	1
                        Solver time              :	0 s


                      ------------------------------------------------------------------------------
2025-06-14 21:30:47     Total time               :	9 s

                      ------------------------------------------------------------------------------
2025-06-14 21:30:47   

                      ------------------------------------------------------------------------------
2025-06-14 21:30:47   Finished the general purpose interpolative broadband frequency sweep:
                      All broadband sweep convergence criteria have been satisfied after
                      calculating 29 frequency samples:

                        Broadband sweep error threshold value :  0.01 (All S-Parameters) 
                        Number of error criterion checks      :  2 (All S-Parameters) 
                        Minimum number of samples             :  3
                        Number of data samples, linear        :  1001

                      ------------------------------------------------------------------------------
2025-06-14 21:30:47     Number of mesh cells     :	40130
                        Degrees of freedom       :	255890
                        Total Solver Time        :	328 s	 (= 0 h, 05 m, 28 s)
                      ================================================================================



                      ------------------------------------------------------------------------------
2025-06-14 21:30:47     ----------------------------------------------------------------------------
                                            Peak memory used (kB)         Free physical memory (kB) 
                                                                          At begin     Minimum      
                        ----------------------------------------------------------------------------
                        Solver start        21880                         8976572      8976472      
                        Eq. system setup    4257096                       8951764      7941576      
                        Eq. system solve    4257096                       8914276      4841240      
                        Mesh refinement     2768764                       8694112      8121480      
                        Solver run total    4257096                       8976576      4841240      

                        Computer name       Tahsin
                        ----------------------------------------------------------------------------


                      ------------------------------------------------------------------------------
2025-06-14 21:30:47   Running postprocessing.

                      ------------------------------------------------------------------------------
2025-06-14 21:30:48   Postprocessing finished.

                      ------------------------------------------------------------------------------
