2025-06-14 18:43:56   *** Warning ***

                      Electric isotropic material [Copper (pure)] has a very high conductivity for
                      the given mesh. Depending on your configuration it may be better to use a lossy
                      metal type for this material. More...

                      ------------------------------------------------------------------------------
2025-06-14 18:43:56   In order to get an optimal performance, hyperthreading is ignored for parallel
                      computations.

                      ------------------------------------------------------------------------------
2025-06-14 18:43:58   Units settings: 

                        Dimensions: mm
                        Frequency:  GHz
                        Time:       s

                      ------------------------------------------------------------------------------
2025-06-14 18:43:58   Boundary conditions: 

                        YZsymmetry: none
                        XZsymmetry: none
                        XYsymmetry: none

                        Xmin: unit cell
                        Xmax: unit cell

                        Ymin: unit cell
                        Ymax: unit cell

                        Zmin: expanded open
                        Zmax: expanded open

                      ------------------------------------------------------------------------------
2025-06-14 18:43:58   Order settings: 

                        Solver order   : 2nd (constant)
                        Curved elements: up to order 3 (automatic)

                      ------------------------------------------------------------------------------
2025-06-14 18:43:58   An iterative solver will be used first.

                      ------------------------------------------------------------------------------
2025-06-14 18:43:58     Mesh time                :	1 s


                      ------------------------------------------------------------------------------
2025-06-14 18:43:58   
                      ================================================================================
                      Frequency Domain Solver calculation cycle started

                      ------------------------------------------------------------------------------
2025-06-14 18:43:58   Solver started at: 2025-06-14 18:43:58 +0800

                        Module:  Frequency Domain: S-Parameter (Win 64)
                        Version: 2024.1 Release from 2023-10-16 (change 1181985)

                      ------------------------------------------------------------------------------
2025-06-14 18:43:58   The low frequency stabilization is not applied to periodic problems.

                      ------------------------------------------------------------------------------
2025-06-14 18:43:58     Calculation 1 of 1 (Frequency: 32 GHz, Theta: 0, Phi: 0)


                      ------------------------------------------------------------------------------
2025-06-14 18:43:58   The wavelength based mesh refinement has been applied to 4.3% of all mesh edges.

                      ------------------------------------------------------------------------------
2025-06-14 18:43:58   For some elements the curvature had to be reduced to maintain the quality of the mesh. More...

                      ------------------------------------------------------------------------------
2025-06-14 18:43:58   Adaptive mesh refinement pass 1

                      ------------------------------------------------------------------------------
2025-06-14 18:44:05   *** Warning ***

2025-06-14 18:44:05   Detected possible stagnation of the iterative solver (5.259946e-02 after 250 iterations.)
                      Please consider aborting the solver run, and check your simulation setup.  More...

                      ------------------------------------------------------------------------------
2025-06-14 18:44:11   *** Warning ***

2025-06-14 18:44:11   The solver stopped because the maximum number of iterations (500, used for automatic solver choice) has been reached.

                      ------------------------------------------------------------------------------
2025-06-14 18:44:11   Solving again, but with the direct solver. Please consider forcing the direct solver in the solver special settings, and
                      check your simulation setup (for instance source and material definitions.)

                      ------------------------------------------------------------------------------
2025-06-14 18:44:12     Matrix setup time        :	0 s
                        Degrees of freedom       :	35232
                        Number of mesh cells     :	5365

                        Stimulation port         :	Zmin
                        Mode number              :	1
                        Accuracy                 :	1.02346e-13
                        Iterations               :	1
                        Solver time              :	0 s


                      ------------------------------------------------------------------------------
2025-06-14 18:44:12   27% of all mesh edges seem to be longer than expected. The adaptive mesh refinement's growth limitation will therefore 
                      use 14275 instead of 3656 mesh cells as a reference.

                      ------------------------------------------------------------------------------
2025-06-14 18:44:12   The wavelength based mesh refinement has been applied to 0.3% of all mesh edges.

                      ------------------------------------------------------------------------------
2025-06-14 18:44:12   Adaptive mesh refinement pass 2

                      ------------------------------------------------------------------------------
2025-06-14 18:44:15     Matrix setup time        :	0 s
                        Solver setup             :	1 s
                        Degrees of freedom       :	67254
                        Number of mesh cells     :	10394

                        Stimulation port         :	Zmin
                        Mode number              :	1
                        Accuracy                 :	5.28568e-14
                        Iterations               :	1
                        Solver time              :	0 s


                      ------------------------------------------------------------------------------
2025-06-14 18:44:15     Delta calculation        
2025-06-14 18:44:15     All S-Parameters         :	0.0778729
2025-06-14 18:44:15   

                      ------------------------------------------------------------------------------
2025-06-14 18:44:16   For some elements the curvature had to be slightly reduced to maintain the quality of the mesh. More...

                      ------------------------------------------------------------------------------
2025-06-14 18:44:16   Adaptive mesh refinement pass 3

                      ------------------------------------------------------------------------------
2025-06-14 18:44:21     Matrix setup time        :	0 s
                        Solver setup             :	3 s
                        Degrees of freedom       :	125262
                        Number of mesh cells     :	19494

                        Stimulation port         :	Zmin
                        Mode number              :	1
                        Accuracy                 :	3.13877e-14
                        Iterations               :	1
                        Solver time              :	0 s


                      ------------------------------------------------------------------------------
2025-06-14 18:44:21     Delta calculation        
2025-06-14 18:44:21     All S-Parameters         :	0.0343834
2025-06-14 18:44:21   

                      ------------------------------------------------------------------------------
2025-06-14 18:44:23   Adaptive mesh refinement pass 4

                      ------------------------------------------------------------------------------
2025-06-14 18:44:32     Matrix setup time        :	0 s
                        Solver setup             :	7 s
                        Degrees of freedom       :	209620
                        Number of mesh cells     :	32670

                        Stimulation port         :	Zmin
                        Mode number              :	1
                        Accuracy                 :	2.42016e-14
                        Iterations               :	1
                        Solver time              :	0 s


                      ------------------------------------------------------------------------------
2025-06-14 18:44:32     Delta calculation        
2025-06-14 18:44:32     All S-Parameters         :	0.0107322
2025-06-14 18:44:32   

                      ------------------------------------------------------------------------------
2025-06-14 18:44:32   Mesh adaptation terminated because the desired accuracy limit is reached.

                      ------------------------------------------------------------------------------
2025-06-14 18:44:32   *** Warning ***

2025-06-14 18:44:32   At least one propagating Floquet mode is not considered at port Zmin. Please increase the number of modes at this port. 
                      More...

                      ------------------------------------------------------------------------------
2025-06-14 18:44:32   *** Warning ***

2025-06-14 18:44:32   At least one propagating Floquet mode is not considered at port Zmax. Please increase the number of modes at this port. 
                      More...

                      ------------------------------------------------------------------------------
2025-06-14 18:44:32     Total time               :	34 s

                      ------------------------------------------------------------------------------
2025-06-14 18:44:32   

                      ------------------------------------------------------------------------------
2025-06-14 18:44:32     Calculation 2 (Frequency: 20 GHz, Theta: 0, Phi: 0)


                      ------------------------------------------------------------------------------
2025-06-14 18:44:39     Matrix setup time        :	0 s
                        Solver setup             :	5 s
                        Degrees of freedom       :	209620
                        Number of mesh cells     :	32670

                        Stimulation port         :	Zmin
                        Mode number              :	1
                        Accuracy                 :	2.93672e-14
                        Iterations               :	1
                        Solver time              :	0 s


                      ------------------------------------------------------------------------------
2025-06-14 18:44:39     Total time               :	6 s

                      ------------------------------------------------------------------------------
2025-06-14 18:44:39   

                      ------------------------------------------------------------------------------
2025-06-14 18:44:39     Calculation 3 (Frequency: 26 GHz, Theta: 0, Phi: 0)


                      ------------------------------------------------------------------------------
2025-06-14 18:44:45     Matrix setup time        :	0 s
                        Solver setup             :	5 s
                        Degrees of freedom       :	209620
                        Number of mesh cells     :	32670

                        Stimulation port         :	Zmin
                        Mode number              :	1
                        Accuracy                 :	2.60484e-14
                        Iterations               :	1
                        Solver time              :	0 s


                      ------------------------------------------------------------------------------
2025-06-14 18:44:46     Total time               :	6 s

                      ------------------------------------------------------------------------------
2025-06-14 18:44:46   

                      ------------------------------------------------------------------------------
2025-06-14 18:44:46     Calculation 4 (Frequency: 29 GHz, Theta: 0, Phi: 0)


                      ------------------------------------------------------------------------------
2025-06-14 18:44:52     Matrix setup time        :	0 s
                        Solver setup             :	5 s
                        Degrees of freedom       :	209620
                        Number of mesh cells     :	32670

                        Stimulation port         :	Zmin
                        Mode number              :	1
                        Accuracy                 :	2.97433e-14
                        Iterations               :	1
                        Solver time              :	0 s


                      ------------------------------------------------------------------------------
2025-06-14 18:44:52     Total time               :	6 s

                      ------------------------------------------------------------------------------
2025-06-14 18:44:52   

                      ------------------------------------------------------------------------------
2025-06-14 18:44:52     Calculation 5 (Frequency: 23.864 GHz, Theta: 0, Phi: 0)


                      ------------------------------------------------------------------------------
2025-06-14 18:44:59     Matrix setup time        :	0 s
                        Solver setup             :	5 s
                        Degrees of freedom       :	209620
                        Number of mesh cells     :	32670

                        Stimulation port         :	Zmin
                        Mode number              :	1
                        Accuracy                 :	3.04271e-14
                        Iterations               :	1
                        Solver time              :	0 s


                      ------------------------------------------------------------------------------
2025-06-14 18:44:59     Total time               :	6 s

                      ------------------------------------------------------------------------------
2025-06-14 18:44:59   

                      ------------------------------------------------------------------------------
2025-06-14 18:44:59     Calculation 6 (Frequency: 27.92 GHz, Theta: 0, Phi: 0)


                      ------------------------------------------------------------------------------
2025-06-14 18:45:05     Matrix setup time        :	0 s
                        Solver setup             :	5 s
                        Degrees of freedom       :	209620
                        Number of mesh cells     :	32670

                        Stimulation port         :	Zmin
                        Mode number              :	1
                        Accuracy                 :	2.65903e-14
                        Iterations               :	1
                        Solver time              :	0 s


                      ------------------------------------------------------------------------------
2025-06-14 18:45:06     Total time               :	6 s

                      ------------------------------------------------------------------------------
2025-06-14 18:45:06   

                      ------------------------------------------------------------------------------
2025-06-14 18:45:06     Calculation 7 (Frequency: 22.796 GHz, Theta: 0, Phi: 0)


                      ------------------------------------------------------------------------------
2025-06-14 18:45:12     Matrix setup time        :	0 s
                        Solver setup             :	5 s
                        Degrees of freedom       :	209620
                        Number of mesh cells     :	32670

                        Stimulation port         :	Zmin
                        Mode number              :	1
                        Accuracy                 :	2.82713e-14
                        Iterations               :	1
                        Solver time              :	0 s


                      ------------------------------------------------------------------------------
2025-06-14 18:45:12     Total time               :	6 s

                      ------------------------------------------------------------------------------
2025-06-14 18:45:12   

                      ------------------------------------------------------------------------------
2025-06-14 18:45:12     Calculation 8 (Frequency: 28.208 GHz, Theta: 0, Phi: 0)


                      ------------------------------------------------------------------------------
2025-06-14 18:45:19     Matrix setup time        :	0 s
                        Solver setup             :	5 s
                        Degrees of freedom       :	209620
                        Number of mesh cells     :	32670

                        Stimulation port         :	Zmin
                        Mode number              :	1
                        Accuracy                 :	3.44083e-14
                        Iterations               :	1
                        Solver time              :	0 s


                      ------------------------------------------------------------------------------
2025-06-14 18:45:19     Total time               :	6 s

                      ------------------------------------------------------------------------------
2025-06-14 18:45:19   

                      ------------------------------------------------------------------------------
2025-06-14 18:45:19     Calculation 9 (Frequency: 29.204 GHz, Theta: 0, Phi: 0)


                      ------------------------------------------------------------------------------
2025-06-14 18:45:26     Matrix setup time        :	0 s
                        Solver setup             :	5 s
                        Degrees of freedom       :	209620
                        Number of mesh cells     :	32670

                        Stimulation port         :	Zmin
                        Mode number              :	1
                        Accuracy                 :	3.21164e-14
                        Iterations               :	1
                        Solver time              :	0 s


                      ------------------------------------------------------------------------------
2025-06-14 18:45:26     Total time               :	6 s

                      ------------------------------------------------------------------------------
2025-06-14 18:45:26   

                      ------------------------------------------------------------------------------
2025-06-14 18:45:26     Calculation 10 (Frequency: 28.796 GHz, Theta: 0, Phi: 0)


                      ------------------------------------------------------------------------------
2025-06-14 18:45:33     Matrix setup time        :	0 s
                        Solver setup             :	5 s
                        Degrees of freedom       :	209620
                        Number of mesh cells     :	32670

                        Stimulation port         :	Zmin
                        Mode number              :	1
                        Accuracy                 :	2.23859e-14
                        Iterations               :	1
                        Solver time              :	0 s


                      ------------------------------------------------------------------------------
2025-06-14 18:45:33     Total time               :	6 s

                      ------------------------------------------------------------------------------
2025-06-14 18:45:33   

                      ------------------------------------------------------------------------------
2025-06-14 18:45:33     Calculation 11 (Frequency: 30.008 GHz, Theta: 0, Phi: 0)


                      ------------------------------------------------------------------------------
2025-06-14 18:45:39     Matrix setup time        :	0 s
                        Solver setup             :	5 s
                        Degrees of freedom       :	209620
                        Number of mesh cells     :	32670

                        Stimulation port         :	Zmin
                        Mode number              :	1
                        Accuracy                 :	6.1787e-14
                        Iterations               :	1
                        Solver time              :	0 s


                      ------------------------------------------------------------------------------
2025-06-14 18:45:40     Total time               :	6 s

                      ------------------------------------------------------------------------------
2025-06-14 18:45:40   

                      ------------------------------------------------------------------------------
2025-06-14 18:45:40     Calculation 12 (Frequency: 24.368 GHz, Theta: 0, Phi: 0)


                      ------------------------------------------------------------------------------
2025-06-14 18:45:46     Matrix setup time        :	0 s
                        Solver setup             :	5 s
                        Degrees of freedom       :	209620
                        Number of mesh cells     :	32670

                        Stimulation port         :	Zmin
                        Mode number              :	1
                        Accuracy                 :	1.78786e-14
                        Iterations               :	1
                        Solver time              :	0 s


                      ------------------------------------------------------------------------------
2025-06-14 18:45:46     Total time               :	6 s

                      ------------------------------------------------------------------------------
2025-06-14 18:45:46   

                      ------------------------------------------------------------------------------
2025-06-14 18:45:46     Calculation 13 (Frequency: 30.788 GHz, Theta: 0, Phi: 0)


                      ------------------------------------------------------------------------------
2025-06-14 18:45:53     Matrix setup time        :	0 s
                        Solver setup             :	6 s
                        Degrees of freedom       :	209620
                        Number of mesh cells     :	32670

                        Stimulation port         :	Zmin
                        Mode number              :	1
                        Accuracy                 :	2.6753e-14
                        Iterations               :	1
                        Solver time              :	0 s


                      ------------------------------------------------------------------------------
2025-06-14 18:45:53     Total time               :	6 s

                      ------------------------------------------------------------------------------
2025-06-14 18:45:53   

                      ------------------------------------------------------------------------------
2025-06-14 18:45:53     Calculation 14 (Frequency: 23.42 GHz, Theta: 0, Phi: 0)


                      ------------------------------------------------------------------------------
2025-06-14 18:46:00     Matrix setup time        :	0 s
                        Solver setup             :	6 s
                        Degrees of freedom       :	209620
                        Number of mesh cells     :	32670

                        Stimulation port         :	Zmin
                        Mode number              :	1
                        Accuracy                 :	2.36849e-14
                        Iterations               :	1
                        Solver time              :	0 s


                      ------------------------------------------------------------------------------
2025-06-14 18:46:00     Total time               :	6 s

                      ------------------------------------------------------------------------------
2025-06-14 18:46:00   

                      ------------------------------------------------------------------------------
2025-06-14 18:46:00     Calculation 15 (Frequency: 21.956 GHz, Theta: 0, Phi: 0)


                      ------------------------------------------------------------------------------
2025-06-14 18:46:07     Matrix setup time        :	0 s
                        Solver setup             :	6 s
                        Degrees of freedom       :	209620
                        Number of mesh cells     :	32670

                        Stimulation port         :	Zmin
                        Mode number              :	1
                        Accuracy                 :	3.53074e-14
                        Iterations               :	1
                        Solver time              :	0 s


                      ------------------------------------------------------------------------------
2025-06-14 18:46:07     Total time               :	6 s

                      ------------------------------------------------------------------------------
2025-06-14 18:46:07   

                      ------------------------------------------------------------------------------
2025-06-14 18:46:07     Calculation 16 (Frequency: 23.048 GHz, Theta: 0, Phi: 0)


                      ------------------------------------------------------------------------------
2025-06-14 18:46:14     Matrix setup time        :	0 s
                        Solver setup             :	6 s
                        Degrees of freedom       :	209620
                        Number of mesh cells     :	32670

                        Stimulation port         :	Zmin
                        Mode number              :	1
                        Accuracy                 :	2.76937e-14
                        Iterations               :	1
                        Solver time              :	0 s


                      ------------------------------------------------------------------------------
2025-06-14 18:46:14     Total time               :	6 s

                      ------------------------------------------------------------------------------
2025-06-14 18:46:14   

                      ------------------------------------------------------------------------------
2025-06-14 18:46:14     Calculation 17 (Frequency: 22.388 GHz, Theta: 0, Phi: 0)


                      ------------------------------------------------------------------------------
2025-06-14 18:46:21     Matrix setup time        :	0 s
                        Solver setup             :	6 s
                        Degrees of freedom       :	209620
                        Number of mesh cells     :	32670

                        Stimulation port         :	Zmin
                        Mode number              :	1
                        Accuracy                 :	3.91045e-14
                        Iterations               :	1
                        Solver time              :	0 s


                      ------------------------------------------------------------------------------
2025-06-14 18:46:21     Total time               :	7 s

                      ------------------------------------------------------------------------------
2025-06-14 18:46:21   

                      ------------------------------------------------------------------------------
2025-06-14 18:46:21     Calculation 18 (Frequency: 21.272 GHz, Theta: 0, Phi: 0)


                      ------------------------------------------------------------------------------
2025-06-14 18:46:28     Matrix setup time        :	0 s
                        Solver setup             :	6 s
                        Degrees of freedom       :	209620
                        Number of mesh cells     :	32670

                        Stimulation port         :	Zmin
                        Mode number              :	1
                        Accuracy                 :	3.4391e-14
                        Iterations               :	1
                        Solver time              :	0 s


                      ------------------------------------------------------------------------------
2025-06-14 18:46:28     Total time               :	6 s

                      ------------------------------------------------------------------------------
2025-06-14 18:46:28   

                      ------------------------------------------------------------------------------
2025-06-14 18:46:28     Calculation 19 (Frequency: 22.28 GHz, Theta: 0, Phi: 0)


                      ------------------------------------------------------------------------------
2025-06-14 18:46:35     Matrix setup time        :	0 s
                        Solver setup             :	6 s
                        Degrees of freedom       :	209620
                        Number of mesh cells     :	32670

                        Stimulation port         :	Zmin
                        Mode number              :	1
                        Accuracy                 :	3.71454e-14
                        Iterations               :	1
                        Solver time              :	0 s


                      ------------------------------------------------------------------------------
2025-06-14 18:46:36     Total time               :	7 s

                      ------------------------------------------------------------------------------
2025-06-14 18:46:36   

                      ------------------------------------------------------------------------------
2025-06-14 18:46:36     Calculation 20 (Frequency: 20.72 GHz, Theta: 0, Phi: 0)


                      ------------------------------------------------------------------------------
2025-06-14 18:46:42     Matrix setup time        :	0 s
                        Solver setup             :	6 s
                        Degrees of freedom       :	209620
                        Number of mesh cells     :	32670

                        Stimulation port         :	Zmin
                        Mode number              :	1
                        Accuracy                 :	3.38087e-14
                        Iterations               :	1
                        Solver time              :	0 s


                      ------------------------------------------------------------------------------
2025-06-14 18:46:43     Total time               :	6 s

                      ------------------------------------------------------------------------------
2025-06-14 18:46:43   

                      ------------------------------------------------------------------------------
2025-06-14 18:46:43     Calculation 21 (Frequency: 21.524 GHz, Theta: 0, Phi: 0)


                      ------------------------------------------------------------------------------
2025-06-14 18:46:50     Matrix setup time        :	0 s
                        Solver setup             :	6 s
                        Degrees of freedom       :	209620
                        Number of mesh cells     :	32670

                        Stimulation port         :	Zmin
                        Mode number              :	1
                        Accuracy                 :	4.44265e-14
                        Iterations               :	1
                        Solver time              :	0 s


                      ------------------------------------------------------------------------------
2025-06-14 18:46:50     Total time               :	7 s

                      ------------------------------------------------------------------------------
2025-06-14 18:46:50   

                      ------------------------------------------------------------------------------
2025-06-14 18:46:50     Calculation 22 (Frequency: 31.448 GHz, Theta: 0, Phi: 0)


                      ------------------------------------------------------------------------------
2025-06-14 18:46:57     Matrix setup time        :	0 s
                        Solver setup             :	6 s
                        Degrees of freedom       :	209620
                        Number of mesh cells     :	32670

                        Stimulation port         :	Zmin
                        Mode number              :	1
                        Accuracy                 :	1.81814e-14
                        Iterations               :	1
                        Solver time              :	0 s


                      ------------------------------------------------------------------------------
2025-06-14 18:46:58     Total time               :	7 s

                      ------------------------------------------------------------------------------
2025-06-14 18:46:58   

                      ------------------------------------------------------------------------------
2025-06-14 18:46:58     Calculation 23 (Frequency: 30.464 GHz, Theta: 0, Phi: 0)


                      ------------------------------------------------------------------------------
2025-06-14 18:47:05     Matrix setup time        :	0 s
                        Solver setup             :	6 s
                        Degrees of freedom       :	209620
                        Number of mesh cells     :	32670

                        Stimulation port         :	Zmin
                        Mode number              :	1
                        Accuracy                 :	3.82472e-14
                        Iterations               :	1
                        Solver time              :	0 s


                      ------------------------------------------------------------------------------
2025-06-14 18:47:05     Total time               :	7 s

                      ------------------------------------------------------------------------------
2025-06-14 18:47:05   

                      ------------------------------------------------------------------------------
2025-06-14 18:47:05     Calculation 24 (Frequency: 31.016 GHz, Theta: 0, Phi: 0)


                      ------------------------------------------------------------------------------
2025-06-14 18:47:12     Matrix setup time        :	0 s
                        Solver setup             :	6 s
                        Degrees of freedom       :	209620
                        Number of mesh cells     :	32670

                        Stimulation port         :	Zmin
                        Mode number              :	1
                        Accuracy                 :	2.13518e-14
                        Iterations               :	1
                        Solver time              :	0 s


                      ------------------------------------------------------------------------------
2025-06-14 18:47:12     Total time               :	7 s

                      ------------------------------------------------------------------------------
2025-06-14 18:47:12   

                      ------------------------------------------------------------------------------
2025-06-14 18:47:13     Calculation 25 (Frequency: 29.54 GHz, Theta: 0, Phi: 0)


                      ------------------------------------------------------------------------------
2025-06-14 18:47:19     Matrix setup time        :	0 s
                        Solver setup             :	6 s
                        Degrees of freedom       :	209620
                        Number of mesh cells     :	32670

                        Stimulation port         :	Zmin
                        Mode number              :	1
                        Accuracy                 :	3.39814e-14
                        Iterations               :	1
                        Solver time              :	0 s


                      ------------------------------------------------------------------------------
2025-06-14 18:47:20     Total time               :	6 s

                      ------------------------------------------------------------------------------
2025-06-14 18:47:20   

                      ------------------------------------------------------------------------------
2025-06-14 18:47:20     Calculation 26 (Frequency: 24.932 GHz, Theta: 0, Phi: 0)


                      ------------------------------------------------------------------------------
2025-06-14 18:47:27     Matrix setup time        :	0 s
                        Solver setup             :	6 s
                        Degrees of freedom       :	209620
                        Number of mesh cells     :	32670

                        Stimulation port         :	Zmin
                        Mode number              :	1
                        Accuracy                 :	3.3491e-14
                        Iterations               :	1
                        Solver time              :	0 s


                      ------------------------------------------------------------------------------
2025-06-14 18:47:27     Total time               :	7 s

                      ------------------------------------------------------------------------------
2025-06-14 18:47:27   

                      ------------------------------------------------------------------------------
2025-06-14 18:47:27     Calculation 27 (Frequency: 26.936 GHz, Theta: 0, Phi: 0)


                      ------------------------------------------------------------------------------
2025-06-14 18:47:34     Matrix setup time        :	0 s
                        Solver setup             :	6 s
                        Degrees of freedom       :	209620
                        Number of mesh cells     :	32670

                        Stimulation port         :	Zmin
                        Mode number              :	1
                        Accuracy                 :	4.09952e-14
                        Iterations               :	1
                        Solver time              :	0 s


                      ------------------------------------------------------------------------------
2025-06-14 18:47:34     Total time               :	6 s

                      ------------------------------------------------------------------------------
2025-06-14 18:47:34   

                      ------------------------------------------------------------------------------
2025-06-14 18:47:34     Calculation 28 (Frequency: 25.232 GHz, Theta: 0, Phi: 0)


                      ------------------------------------------------------------------------------
2025-06-14 18:47:41     Matrix setup time        :	0 s
                        Solver setup             :	6 s
                        Degrees of freedom       :	209620
                        Number of mesh cells     :	32670

                        Stimulation port         :	Zmin
                        Mode number              :	1
                        Accuracy                 :	4.79607e-14
                        Iterations               :	1
                        Solver time              :	0 s


                      ------------------------------------------------------------------------------
2025-06-14 18:47:41     Total time               :	6 s

                      ------------------------------------------------------------------------------
2025-06-14 18:47:41   

                      ------------------------------------------------------------------------------
2025-06-14 18:47:41     Calculation 29 (Frequency: 27.608 GHz, Theta: 0, Phi: 0)


                      ------------------------------------------------------------------------------
2025-06-14 18:47:48     Matrix setup time        :	0 s
                        Solver setup             :	6 s
                        Degrees of freedom       :	209620
                        Number of mesh cells     :	32670

                        Stimulation port         :	Zmin
                        Mode number              :	1
                        Accuracy                 :	3.24129e-14
                        Iterations               :	1
                        Solver time              :	0 s


                      ------------------------------------------------------------------------------
2025-06-14 18:47:48     Total time               :	7 s

                      ------------------------------------------------------------------------------
2025-06-14 18:47:48   

                      ------------------------------------------------------------------------------
2025-06-14 18:47:48     Calculation 30 (Frequency: 26.72 GHz, Theta: 0, Phi: 0)


                      ------------------------------------------------------------------------------
2025-06-14 18:47:55     Matrix setup time        :	0 s
                        Solver setup             :	6 s
                        Degrees of freedom       :	209620
                        Number of mesh cells     :	32670

                        Stimulation port         :	Zmin
                        Mode number              :	1
                        Accuracy                 :	2.94207e-14
                        Iterations               :	1
                        Solver time              :	0 s


                      ------------------------------------------------------------------------------
2025-06-14 18:47:56     Total time               :	7 s

                      ------------------------------------------------------------------------------
2025-06-14 18:47:56   

                      ------------------------------------------------------------------------------
2025-06-14 18:47:56     Calculation 31 (Frequency: 27.164 GHz, Theta: 0, Phi: 0)


                      ------------------------------------------------------------------------------
2025-06-14 18:48:03     Matrix setup time        :	0 s
                        Solver setup             :	6 s
                        Degrees of freedom       :	209620
                        Number of mesh cells     :	32670

                        Stimulation port         :	Zmin
                        Mode number              :	1
                        Accuracy                 :	2.25396e-14
                        Iterations               :	1
                        Solver time              :	0 s


                      ------------------------------------------------------------------------------
2025-06-14 18:48:03     Total time               :	7 s

                      ------------------------------------------------------------------------------
2025-06-14 18:48:03   

                      ------------------------------------------------------------------------------
2025-06-14 18:48:03   Finished the general purpose interpolative broadband frequency sweep:
                      All broadband sweep convergence criteria have been satisfied after
                      calculating 31 frequency samples:

                        Broadband sweep error threshold value :  0.01 (All S-Parameters) 
                        Number of error criterion checks      :  2 (All S-Parameters) 
                        Minimum number of samples             :  3
                        Number of data samples, linear        :  1001

                      ------------------------------------------------------------------------------
2025-06-14 18:48:03     Number of mesh cells     :	32670
                        Degrees of freedom       :	208280
                        Total Solver Time        :	245 s	 (= 0 h, 04 m, 05 s)
                      ================================================================================



                      ------------------------------------------------------------------------------
2025-06-14 18:48:03     ----------------------------------------------------------------------------
                                            Peak memory used (kB)         Free physical memory (kB) 
                                                                          At begin     Minimum      
                        ----------------------------------------------------------------------------
                        Solver start        21880                         8819536      8819324      
                        Eq. system setup    3236840                       8788488      8276620      
                        Eq. system solve    3236840                       8743492      5863124      
                        Mesh refinement     1869728                       8755640      8671928      
                        Solver run total    3236840                       8819540      5863124      

                        Computer name       Tahsin
                        ----------------------------------------------------------------------------


                      ------------------------------------------------------------------------------
2025-06-14 18:48:03   Running postprocessing.

                      ------------------------------------------------------------------------------
2025-06-14 18:48:04   Postprocessing finished.

                      ------------------------------------------------------------------------------
