2025-04-05 13:03:53   *** Warning ***

                      Electric isotropic material [Copper (pure)] has a very high conductivity for
                      the given mesh. Depending on your configuration it may be better to use a lossy
                      metal type for this material. More...

                      ------------------------------------------------------------------------------
2025-04-05 13:03:53   In order to get an optimal performance, hyperthreading is ignored for parallel
                      computations.

                      ------------------------------------------------------------------------------
2025-04-05 13:03:55   Units settings: 

                        Dimensions: mm
                        Frequency:  GHz
                        Time:       s

                      ------------------------------------------------------------------------------
2025-04-05 13:03:55   Boundary conditions: 

                        YZsymmetry: none
                        XZsymmetry: none
                        XYsymmetry: none

                        Xmin: unit cell
                        Xmax: unit cell

                        Ymin: unit cell
                        Ymax: unit cell

                        Zmin: expanded open
                        Zmax: expanded open

                      ------------------------------------------------------------------------------
2025-04-05 13:03:55   Order settings: 

                        Solver order   : 2nd (constant)
                        Curved elements: up to order 3 (automatic)

                      ------------------------------------------------------------------------------
2025-04-05 13:03:55   An iterative solver will be used first.

                      ------------------------------------------------------------------------------
2025-04-05 13:03:55     Mesh time                :	2 s


                      ------------------------------------------------------------------------------
2025-04-05 13:03:55   
                      ================================================================================
                      Frequency Domain Solver calculation cycle started

                      ------------------------------------------------------------------------------
2025-04-05 13:03:55   Solver started at: 2025-04-05 13:03:55 +0600

                        Module:  Frequency Domain: S-Parameter (Win 64)
                        Version: 2024.1 Release from 2023-10-16 (change 1181985)

                      ------------------------------------------------------------------------------
2025-04-05 13:03:55   The low frequency stabilization is not applied to periodic problems.

                      ------------------------------------------------------------------------------
2025-04-05 13:03:55     Calculation 1 of 1 (Frequency: 32 GHz, Theta: 0, Phi: 0)


                      ------------------------------------------------------------------------------
2025-04-05 13:03:56   The wavelength based mesh refinement has been applied to 6.1% of all mesh edges.

                      ------------------------------------------------------------------------------
2025-04-05 13:03:56   For some elements the curvature had to be reduced to maintain the quality of the mesh. More...

                      ------------------------------------------------------------------------------
2025-04-05 13:03:56   Adaptive mesh refinement pass 1

                      ------------------------------------------------------------------------------
2025-04-05 13:04:04   *** Warning ***

2025-04-05 13:04:04   Detected possible stagnation of the iterative solver (5.164407e-02 after 250 iterations.)
                      Please consider aborting the solver run, and check your simulation setup.  More...

                      ------------------------------------------------------------------------------
2025-04-05 13:04:12   *** Warning ***

2025-04-05 13:04:12   The solver stopped because the maximum number of iterations (500, used for automatic solver choice) has been reached.

                      ------------------------------------------------------------------------------
2025-04-05 13:04:12   Solving again, but with the direct solver. Please consider forcing the direct solver in the solver special settings, and
                      check your simulation setup (for instance source and material definitions.)

                      ------------------------------------------------------------------------------
2025-04-05 13:04:13     Matrix setup time        :	0 s
                        Degrees of freedom       :	41514
                        Number of mesh cells     :	6349

                        Stimulation port         :	Zmin
                        Mode number              :	1
                        Accuracy                 :	6.80444e-14
                        Iterations               :	1
                        Solver time              :	0 s


                      ------------------------------------------------------------------------------
2025-04-05 13:04:13   19% of all mesh edges seem to be longer than expected. The adaptive mesh refinement's growth limitation will therefore 
                      use 13956 instead of 3995 mesh cells as a reference.

                      ------------------------------------------------------------------------------
2025-04-05 13:04:13   The wavelength based mesh refinement has been applied to 0.2% of all mesh edges.

                      ------------------------------------------------------------------------------
2025-04-05 13:04:14   For some elements the curvature had to be reduced to maintain the quality of the mesh. More...

                      ------------------------------------------------------------------------------
2025-04-05 13:04:14   Adaptive mesh refinement pass 2

                      ------------------------------------------------------------------------------
2025-04-05 13:04:17     Matrix setup time        :	0 s
                        Solver setup             :	2 s
                        Degrees of freedom       :	80674
                        Number of mesh cells     :	12479

                        Stimulation port         :	Zmin
                        Mode number              :	1
                        Accuracy                 :	4.45162e-14
                        Iterations               :	1
                        Solver time              :	0 s


                      ------------------------------------------------------------------------------
2025-04-05 13:04:17     Delta calculation        
2025-04-05 13:04:17     All S-Parameters         :	0.0194695
2025-04-05 13:04:17   

                      ------------------------------------------------------------------------------
2025-04-05 13:04:19   For some elements the curvature had to be reduced to maintain the quality of the mesh. More...

                      ------------------------------------------------------------------------------
2025-04-05 13:04:19   Adaptive mesh refinement pass 3

                      ------------------------------------------------------------------------------
2025-04-05 13:04:25     Matrix setup time        :	0 s
                        Solver setup             :	5 s
                        Degrees of freedom       :	135398
                        Number of mesh cells     :	21046

                        Stimulation port         :	Zmin
                        Mode number              :	1
                        Accuracy                 :	2.62025e-14
                        Iterations               :	1
                        Solver time              :	0 s


                      ------------------------------------------------------------------------------
2025-04-05 13:04:25     Delta calculation        
2025-04-05 13:04:25     All S-Parameters         :	0.0170545
2025-04-05 13:04:25   

                      ------------------------------------------------------------------------------
2025-04-05 13:04:25   Mesh adaptation terminated because the desired accuracy limit is reached.

                      ------------------------------------------------------------------------------
2025-04-05 13:04:25   *** Warning ***

2025-04-05 13:04:25   At least one propagating Floquet mode is not considered at port Zmin. Please increase the number of modes at this port. 
                      More...

                      ------------------------------------------------------------------------------
2025-04-05 13:04:25   *** Warning ***

2025-04-05 13:04:25   At least one propagating Floquet mode is not considered at port Zmax. Please increase the number of modes at this port. 
                      More...

                      ------------------------------------------------------------------------------
2025-04-05 13:04:25     Total time               :	29 s

                      ------------------------------------------------------------------------------
2025-04-05 13:04:25   

                      ------------------------------------------------------------------------------
2025-04-05 13:04:25     Calculation 2 (Frequency: 20 GHz, Theta: 0, Phi: 0)


                      ------------------------------------------------------------------------------
2025-04-05 13:04:30     Matrix setup time        :	0 s
                        Solver setup             :	4 s
                        Degrees of freedom       :	135398
                        Number of mesh cells     :	21046

                        Stimulation port         :	Zmin
                        Mode number              :	1
                        Accuracy                 :	4.66788e-14
                        Iterations               :	1
                        Solver time              :	0 s


                      ------------------------------------------------------------------------------
2025-04-05 13:04:30     Total time               :	4 s

                      ------------------------------------------------------------------------------
2025-04-05 13:04:30   

                      ------------------------------------------------------------------------------
2025-04-05 13:04:30     Calculation 3 (Frequency: 26 GHz, Theta: 0, Phi: 0)


                      ------------------------------------------------------------------------------
2025-04-05 13:04:35     Matrix setup time        :	0 s
                        Solver setup             :	4 s
                        Degrees of freedom       :	135398
                        Number of mesh cells     :	21046

                        Stimulation port         :	Zmin
                        Mode number              :	1
                        Accuracy                 :	3.98555e-14
                        Iterations               :	1
                        Solver time              :	0 s


                      ------------------------------------------------------------------------------
2025-04-05 13:04:35     Total time               :	4 s

                      ------------------------------------------------------------------------------
2025-04-05 13:04:35   

                      ------------------------------------------------------------------------------
2025-04-05 13:04:35     Calculation 4 (Frequency: 29 GHz, Theta: 0, Phi: 0)


                      ------------------------------------------------------------------------------
2025-04-05 13:04:39     Matrix setup time        :	0 s
                        Solver setup             :	4 s
                        Degrees of freedom       :	135398
                        Number of mesh cells     :	21046

                        Stimulation port         :	Zmin
                        Mode number              :	1
                        Accuracy                 :	5.03942e-14
                        Iterations               :	1
                        Solver time              :	0 s


                      ------------------------------------------------------------------------------
2025-04-05 13:04:39     Total time               :	4 s

                      ------------------------------------------------------------------------------
2025-04-05 13:04:39   

                      ------------------------------------------------------------------------------
2025-04-05 13:04:39     Calculation 5 (Frequency: 23.288 GHz, Theta: 0, Phi: 0)


                      ------------------------------------------------------------------------------
2025-04-05 13:04:45     Matrix setup time        :	0 s
                        Solver setup             :	4 s
                        Degrees of freedom       :	135398
                        Number of mesh cells     :	21046

                        Stimulation port         :	Zmin
                        Mode number              :	1
                        Accuracy                 :	4.32536e-14
                        Iterations               :	1
                        Solver time              :	0 s


                      ------------------------------------------------------------------------------
2025-04-05 13:04:45     Total time               :	5 s

                      ------------------------------------------------------------------------------
2025-04-05 13:04:45   

                      ------------------------------------------------------------------------------
2025-04-05 13:04:45     Calculation 6 (Frequency: 26.312 GHz, Theta: 0, Phi: 0)


                      ------------------------------------------------------------------------------
2025-04-05 13:04:49     Matrix setup time        :	0 s
                        Solver setup             :	4 s
                        Degrees of freedom       :	135398
                        Number of mesh cells     :	21046

                        Stimulation port         :	Zmin
                        Mode number              :	1
                        Accuracy                 :	4.10566e-14
                        Iterations               :	1
                        Solver time              :	0 s


                      ------------------------------------------------------------------------------
2025-04-05 13:04:49     Total time               :	4 s

                      ------------------------------------------------------------------------------
2025-04-05 13:04:49   

                      ------------------------------------------------------------------------------
2025-04-05 13:04:49     Calculation 7 (Frequency: 25.64 GHz, Theta: 0, Phi: 0)


                      ------------------------------------------------------------------------------
2025-04-05 13:04:54     Matrix setup time        :	0 s
                        Solver setup             :	4 s
                        Degrees of freedom       :	135398
                        Number of mesh cells     :	21046

                        Stimulation port         :	Zmin
                        Mode number              :	1
                        Accuracy                 :	3.0299e-14
                        Iterations               :	1
                        Solver time              :	0 s


                      ------------------------------------------------------------------------------
2025-04-05 13:04:54     Total time               :	4 s

                      ------------------------------------------------------------------------------
2025-04-05 13:04:54   

                      ------------------------------------------------------------------------------
2025-04-05 13:04:54     Calculation 8 (Frequency: 30.8 GHz, Theta: 0, Phi: 0)


                      ------------------------------------------------------------------------------
2025-04-05 13:04:59     Matrix setup time        :	0 s
                        Solver setup             :	4 s
                        Degrees of freedom       :	135398
                        Number of mesh cells     :	21046

                        Stimulation port         :	Zmin
                        Mode number              :	1
                        Accuracy                 :	3.83959e-14
                        Iterations               :	1
                        Solver time              :	0 s


                      ------------------------------------------------------------------------------
2025-04-05 13:04:59     Total time               :	4 s

                      ------------------------------------------------------------------------------
2025-04-05 13:04:59   

                      ------------------------------------------------------------------------------
2025-04-05 13:04:59     Calculation 9 (Frequency: 26.96 GHz, Theta: 0, Phi: 0)


                      ------------------------------------------------------------------------------
2025-04-05 13:05:04     Matrix setup time        :	0 s
                        Solver setup             :	4 s
                        Degrees of freedom       :	135398
                        Number of mesh cells     :	21046

                        Stimulation port         :	Zmin
                        Mode number              :	1
                        Accuracy                 :	4.85602e-14
                        Iterations               :	1
                        Solver time              :	0 s


                      ------------------------------------------------------------------------------
2025-04-05 13:05:04     Total time               :	5 s

                      ------------------------------------------------------------------------------
2025-04-05 13:05:04   

                      ------------------------------------------------------------------------------
2025-04-05 13:05:04     Calculation 10 (Frequency: 30.296 GHz, Theta: 0, Phi: 0)


                      ------------------------------------------------------------------------------
2025-04-05 13:05:09     Matrix setup time        :	0 s
                        Solver setup             :	4 s
                        Degrees of freedom       :	135398
                        Number of mesh cells     :	21046

                        Stimulation port         :	Zmin
                        Mode number              :	1
                        Accuracy                 :	5.86615e-14
                        Iterations               :	1
                        Solver time              :	0 s


                      ------------------------------------------------------------------------------
2025-04-05 13:05:09     Total time               :	4 s

                      ------------------------------------------------------------------------------
2025-04-05 13:05:09   

                      ------------------------------------------------------------------------------
2025-04-05 13:05:09     Calculation 11 (Frequency: 27.404 GHz, Theta: 0, Phi: 0)


                      ------------------------------------------------------------------------------
2025-04-05 13:05:14     Matrix setup time        :	0 s
                        Solver setup             :	4 s
                        Degrees of freedom       :	135398
                        Number of mesh cells     :	21046

                        Stimulation port         :	Zmin
                        Mode number              :	1
                        Accuracy                 :	3.69312e-14
                        Iterations               :	1
                        Solver time              :	0 s


                      ------------------------------------------------------------------------------
2025-04-05 13:05:14     Total time               :	4 s

                      ------------------------------------------------------------------------------
2025-04-05 13:05:14   

                      ------------------------------------------------------------------------------
2025-04-05 13:05:14     Calculation 12 (Frequency: 29.48 GHz, Theta: 0, Phi: 0)


                      ------------------------------------------------------------------------------
2025-04-05 13:05:19     Matrix setup time        :	0 s
                        Solver setup             :	4 s
                        Degrees of freedom       :	135398
                        Number of mesh cells     :	21046

                        Stimulation port         :	Zmin
                        Mode number              :	1
                        Accuracy                 :	4.81251e-14
                        Iterations               :	1
                        Solver time              :	0 s


                      ------------------------------------------------------------------------------
2025-04-05 13:05:19     Total time               :	4 s

                      ------------------------------------------------------------------------------
2025-04-05 13:05:19   

                      ------------------------------------------------------------------------------
2025-04-05 13:05:19     Calculation 13 (Frequency: 28.448 GHz, Theta: 0, Phi: 0)


                      ------------------------------------------------------------------------------
2025-04-05 13:05:23     Matrix setup time        :	0 s
                        Solver setup             :	4 s
                        Degrees of freedom       :	135398
                        Number of mesh cells     :	21046

                        Stimulation port         :	Zmin
                        Mode number              :	1
                        Accuracy                 :	5.2124e-14
                        Iterations               :	1
                        Solver time              :	0 s


                      ------------------------------------------------------------------------------
2025-04-05 13:05:24     Total time               :	4 s

                      ------------------------------------------------------------------------------
2025-04-05 13:05:24   

                      ------------------------------------------------------------------------------
2025-04-05 13:05:24     Calculation 14 (Frequency: 29.264 GHz, Theta: 0, Phi: 0)


                      ------------------------------------------------------------------------------
2025-04-05 13:05:28     Matrix setup time        :	0 s
                        Solver setup             :	4 s
                        Degrees of freedom       :	135398
                        Number of mesh cells     :	21046

                        Stimulation port         :	Zmin
                        Mode number              :	1
                        Accuracy                 :	5.10895e-14
                        Iterations               :	1
                        Solver time              :	0 s


                      ------------------------------------------------------------------------------
2025-04-05 13:05:29     Total time               :	4 s

                      ------------------------------------------------------------------------------
2025-04-05 13:05:29   

                      ------------------------------------------------------------------------------
2025-04-05 13:05:29     Calculation 15 (Frequency: 28.772 GHz, Theta: 0, Phi: 0)


                      ------------------------------------------------------------------------------
2025-04-05 13:05:34     Matrix setup time        :	0 s
                        Solver setup             :	4 s
                        Degrees of freedom       :	135398
                        Number of mesh cells     :	21046

                        Stimulation port         :	Zmin
                        Mode number              :	1
                        Accuracy                 :	4.54811e-14
                        Iterations               :	1
                        Solver time              :	0 s


                      ------------------------------------------------------------------------------
2025-04-05 13:05:34     Total time               :	5 s

                      ------------------------------------------------------------------------------
2025-04-05 13:05:34   

                      ------------------------------------------------------------------------------
2025-04-05 13:05:34     Calculation 16 (Frequency: 28.088 GHz, Theta: 0, Phi: 0)


                      ------------------------------------------------------------------------------
2025-04-05 13:05:38     Matrix setup time        :	0 s
                        Solver setup             :	4 s
                        Degrees of freedom       :	135398
                        Number of mesh cells     :	21046

                        Stimulation port         :	Zmin
                        Mode number              :	1
                        Accuracy                 :	5.72129e-14
                        Iterations               :	1
                        Solver time              :	0 s


                      ------------------------------------------------------------------------------
2025-04-05 13:05:39     Total time               :	4 s

                      ------------------------------------------------------------------------------
2025-04-05 13:05:39   

                      ------------------------------------------------------------------------------
2025-04-05 13:05:39     Calculation 17 (Frequency: 31.232 GHz, Theta: 0, Phi: 0)


                      ------------------------------------------------------------------------------
2025-04-05 13:05:43     Matrix setup time        :	0 s
                        Solver setup             :	4 s
                        Degrees of freedom       :	135398
                        Number of mesh cells     :	21046

                        Stimulation port         :	Zmin
                        Mode number              :	1
                        Accuracy                 :	3.67119e-14
                        Iterations               :	1
                        Solver time              :	0 s


                      ------------------------------------------------------------------------------
2025-04-05 13:05:43     Total time               :	4 s

                      ------------------------------------------------------------------------------
2025-04-05 13:05:43   

                      ------------------------------------------------------------------------------
2025-04-05 13:05:43     Calculation 18 (Frequency: 24.56 GHz, Theta: 0, Phi: 0)


                      ------------------------------------------------------------------------------
2025-04-05 13:05:49     Matrix setup time        :	0 s
                        Solver setup             :	4 s
                        Degrees of freedom       :	135398
                        Number of mesh cells     :	21046

                        Stimulation port         :	Zmin
                        Mode number              :	1
                        Accuracy                 :	3.83676e-14
                        Iterations               :	1
                        Solver time              :	0 s


                      ------------------------------------------------------------------------------
2025-04-05 13:05:49     Total time               :	5 s

                      ------------------------------------------------------------------------------
2025-04-05 13:05:49   

                      ------------------------------------------------------------------------------
2025-04-05 13:05:49     Calculation 19 (Frequency: 22.076 GHz, Theta: 0, Phi: 0)


                      ------------------------------------------------------------------------------
2025-04-05 13:05:54     Matrix setup time        :	0 s
                        Solver setup             :	4 s
                        Degrees of freedom       :	135398
                        Number of mesh cells     :	21046

                        Stimulation port         :	Zmin
                        Mode number              :	1
                        Accuracy                 :	6.36802e-14
                        Iterations               :	1
                        Solver time              :	0 s


                      ------------------------------------------------------------------------------
2025-04-05 13:05:54     Total time               :	5 s

                      ------------------------------------------------------------------------------
2025-04-05 13:05:54   

                      ------------------------------------------------------------------------------
2025-04-05 13:05:54     Calculation 20 (Frequency: 27.692 GHz, Theta: 0, Phi: 0)


                      ------------------------------------------------------------------------------
2025-04-05 13:05:59     Matrix setup time        :	0 s
                        Solver setup             :	4 s
                        Degrees of freedom       :	135398
                        Number of mesh cells     :	21046

                        Stimulation port         :	Zmin
                        Mode number              :	1
                        Accuracy                 :	5.40074e-14
                        Iterations               :	1
                        Solver time              :	0 s


                      ------------------------------------------------------------------------------
2025-04-05 13:05:59     Total time               :	4 s

                      ------------------------------------------------------------------------------
2025-04-05 13:05:59   

                      ------------------------------------------------------------------------------
2025-04-05 13:05:59     Calculation 21 (Frequency: 21.788 GHz, Theta: 0, Phi: 0)


                      ------------------------------------------------------------------------------
2025-04-05 13:06:04     Matrix setup time        :	0 s
                        Solver setup             :	4 s
                        Degrees of freedom       :	135398
                        Number of mesh cells     :	21046

                        Stimulation port         :	Zmin
                        Mode number              :	1
                        Accuracy                 :	8.21231e-14
                        Iterations               :	1
                        Solver time              :	0 s


                      ------------------------------------------------------------------------------
2025-04-05 13:06:04     Total time               :	4 s

                      ------------------------------------------------------------------------------
2025-04-05 13:06:04   

                      ------------------------------------------------------------------------------
2025-04-05 13:06:04     Calculation 22 (Frequency: 22.412 GHz, Theta: 0, Phi: 0)


                      ------------------------------------------------------------------------------
2025-04-05 13:06:08     Matrix setup time        :	0 s
                        Solver setup             :	4 s
                        Degrees of freedom       :	135398
                        Number of mesh cells     :	21046

                        Stimulation port         :	Zmin
                        Mode number              :	1
                        Accuracy                 :	4.134e-14
                        Iterations               :	1
                        Solver time              :	0 s


                      ------------------------------------------------------------------------------
2025-04-05 13:06:09     Total time               :	4 s

                      ------------------------------------------------------------------------------
2025-04-05 13:06:09   

                      ------------------------------------------------------------------------------
2025-04-05 13:06:09     Calculation 23 (Frequency: 23.576 GHz, Theta: 0, Phi: 0)


                      ------------------------------------------------------------------------------
2025-04-05 13:06:14     Matrix setup time        :	0 s
                        Solver setup             :	4 s
                        Degrees of freedom       :	135398
                        Number of mesh cells     :	21046

                        Stimulation port         :	Zmin
                        Mode number              :	1
                        Accuracy                 :	4.7874e-14
                        Iterations               :	1
                        Solver time              :	0 s


                      ------------------------------------------------------------------------------
2025-04-05 13:06:14     Total time               :	4 s

                      ------------------------------------------------------------------------------
2025-04-05 13:06:14   

                      ------------------------------------------------------------------------------
2025-04-05 13:06:14     Calculation 24 (Frequency: 20.972 GHz, Theta: 0, Phi: 0)


                      ------------------------------------------------------------------------------
2025-04-05 13:06:19     Matrix setup time        :	0 s
                        Solver setup             :	4 s
                        Degrees of freedom       :	135398
                        Number of mesh cells     :	21046

                        Stimulation port         :	Zmin
                        Mode number              :	1
                        Accuracy                 :	5.32024e-14
                        Iterations               :	1
                        Solver time              :	0 s


                      ------------------------------------------------------------------------------
2025-04-05 13:06:19     Total time               :	4 s

                      ------------------------------------------------------------------------------
2025-04-05 13:06:19   

                      ------------------------------------------------------------------------------
2025-04-05 13:06:19     Calculation 25 (Frequency: 22.94 GHz, Theta: 0, Phi: 0)


                      ------------------------------------------------------------------------------
2025-04-05 13:06:24     Matrix setup time        :	0 s
                        Solver setup             :	4 s
                        Degrees of freedom       :	135398
                        Number of mesh cells     :	21046

                        Stimulation port         :	Zmin
                        Mode number              :	1
                        Accuracy                 :	3.8514e-14
                        Iterations               :	1
                        Solver time              :	0 s


                      ------------------------------------------------------------------------------
2025-04-05 13:06:24     Total time               :	4 s

                      ------------------------------------------------------------------------------
2025-04-05 13:06:24   

                      ------------------------------------------------------------------------------
2025-04-05 13:06:24     Calculation 26 (Frequency: 21.236 GHz, Theta: 0, Phi: 0)


                      ------------------------------------------------------------------------------
2025-04-05 13:06:29     Matrix setup time        :	0 s
                        Solver setup             :	4 s
                        Degrees of freedom       :	135398
                        Number of mesh cells     :	21046

                        Stimulation port         :	Zmin
                        Mode number              :	1
                        Accuracy                 :	6.36975e-14
                        Iterations               :	1
                        Solver time              :	0 s


                      ------------------------------------------------------------------------------
2025-04-05 13:06:29     Total time               :	4 s

                      ------------------------------------------------------------------------------
2025-04-05 13:06:29   

                      ------------------------------------------------------------------------------
2025-04-05 13:06:29     Calculation 27 (Frequency: 20.552 GHz, Theta: 0, Phi: 0)


                      ------------------------------------------------------------------------------
2025-04-05 13:06:34     Matrix setup time        :	0 s
                        Solver setup             :	4 s
                        Degrees of freedom       :	135398
                        Number of mesh cells     :	21046

                        Stimulation port         :	Zmin
                        Mode number              :	1
                        Accuracy                 :	5.0037e-14
                        Iterations               :	1
                        Solver time              :	0 s


                      ------------------------------------------------------------------------------
2025-04-05 13:06:34     Total time               :	5 s

                      ------------------------------------------------------------------------------
2025-04-05 13:06:34   

                      ------------------------------------------------------------------------------
2025-04-05 13:06:34     Calculation 28 (Frequency: 24.836 GHz, Theta: 0, Phi: 0)


                      ------------------------------------------------------------------------------
2025-04-05 13:06:39     Matrix setup time        :	0 s
                        Solver setup             :	4 s
                        Degrees of freedom       :	135398
                        Number of mesh cells     :	21046

                        Stimulation port         :	Zmin
                        Mode number              :	1
                        Accuracy                 :	3.21624e-14
                        Iterations               :	1
                        Solver time              :	0 s


                      ------------------------------------------------------------------------------
2025-04-05 13:06:39     Total time               :	5 s

                      ------------------------------------------------------------------------------
2025-04-05 13:06:39   

                      ------------------------------------------------------------------------------
2025-04-05 13:06:39     Calculation 29 (Frequency: 24.284 GHz, Theta: 0, Phi: 0)


                      ------------------------------------------------------------------------------
2025-04-05 13:06:44     Matrix setup time        :	0 s
                        Solver setup             :	4 s
                        Degrees of freedom       :	135398
                        Number of mesh cells     :	21046

                        Stimulation port         :	Zmin
                        Mode number              :	1
                        Accuracy                 :	4.38951e-14
                        Iterations               :	1
                        Solver time              :	0 s


                      ------------------------------------------------------------------------------
2025-04-05 13:06:45     Total time               :	5 s

                      ------------------------------------------------------------------------------
2025-04-05 13:06:45   

                      ------------------------------------------------------------------------------
2025-04-05 13:06:45   Finished the general purpose interpolative broadband frequency sweep:
                      All broadband sweep convergence criteria have been satisfied after
                      calculating 29 frequency samples:

                        Broadband sweep error threshold value :  0.01 (All S-Parameters) 
                        Number of error criterion checks      :  2 (All S-Parameters) 
                        Minimum number of samples             :  3
                        Number of data samples, linear        :  1001

                      ------------------------------------------------------------------------------
2025-04-05 13:06:45     Number of mesh cells     :	21046
                        Degrees of freedom       :	134248
                        Total Solver Time        :	170 s	 (= 0 h, 02 m, 50 s)
                      ================================================================================



                      ------------------------------------------------------------------------------
2025-04-05 13:06:45     ----------------------------------------------------------------------------
                                            Peak memory used (kB)         Free physical memory (kB) 
                                                                          At begin     Minimum      
                        ----------------------------------------------------------------------------
                        Solver start        22128                         7172608      7171788      
                        Eq. system setup    2456532                       7133396      6479980      
                        Eq. system solve    2456532                       7087684      4821324      
                        Mesh refinement     1491388                       6951740      6622220      
                        Solver run total    2456532                       7172612      4821324      

                        Computer name       Tahsin
                        ----------------------------------------------------------------------------


                      ------------------------------------------------------------------------------
2025-04-05 13:06:45   Running postprocessing.

                      ------------------------------------------------------------------------------
2025-04-05 13:06:46   Postprocessing finished.

                      ------------------------------------------------------------------------------
