2025-06-13 13:41:06   *** Warning ***

                      Electric isotropic material [Copper (pure)] has a very high conductivity for
                      the given mesh. Depending on your configuration it may be better to use a lossy
                      metal type for this material. More...

                      ------------------------------------------------------------------------------
2025-06-13 13:41:06   In order to get an optimal performance, hyperthreading is ignored for parallel
                      computations.

                      ------------------------------------------------------------------------------
2025-06-13 13:41:08   Units settings: 

                        Dimensions: mm
                        Frequency:  GHz
                        Time:       s

                      ------------------------------------------------------------------------------
2025-06-13 13:41:08   Boundary conditions: 

                        YZsymmetry: none
                        XZsymmetry: none
                        XYsymmetry: none

                        Xmin: unit cell
                        Xmax: unit cell

                        Ymin: unit cell
                        Ymax: unit cell

                        Zmin: expanded open
                        Zmax: expanded open

                      ------------------------------------------------------------------------------
2025-06-13 13:41:08   Order settings: 

                        Solver order   : 2nd (constant)
                        Curved elements: up to order 3 (automatic)

                      ------------------------------------------------------------------------------
2025-06-13 13:41:08   An iterative solver will be used first.

                      ------------------------------------------------------------------------------
2025-06-13 13:41:08     Mesh time                :	1 s


                      ------------------------------------------------------------------------------
2025-06-13 13:41:08   
                      ================================================================================
                      Frequency Domain Solver calculation cycle started

                      ------------------------------------------------------------------------------
2025-06-13 13:41:08   Solver started at: 2025-06-13 13:41:08 +0800

                        Module:  Frequency Domain: S-Parameter (Win 64)
                        Version: 2024.1 Release from 2023-10-16 (change 1181985)

                      ------------------------------------------------------------------------------
2025-06-13 13:41:08   The low frequency stabilization is not applied to periodic problems.

                      ------------------------------------------------------------------------------
2025-06-13 13:41:08     Calculation 1 of 1 (Frequency: 32 GHz, Theta: 0, Phi: 0)


                      ------------------------------------------------------------------------------
2025-06-13 13:41:08   The wavelength based mesh refinement has been applied to 5.7% of all mesh edges.

                      ------------------------------------------------------------------------------
2025-06-13 13:41:08   For some elements the curvature had to be reduced to maintain the quality of the mesh. More...

                      ------------------------------------------------------------------------------
2025-06-13 13:41:08   Adaptive mesh refinement pass 1

                      ------------------------------------------------------------------------------
2025-06-13 13:41:16   *** Warning ***

2025-06-13 13:41:16   Detected possible stagnation of the iterative solver (5.217896e-02 after 250 iterations.)
                      Please consider aborting the solver run, and check your simulation setup.  More...

                      ------------------------------------------------------------------------------
2025-06-13 13:41:23   *** Warning ***

2025-06-13 13:41:23   The solver stopped because the maximum number of iterations (500, used for automatic solver choice) has been reached.

                      ------------------------------------------------------------------------------
2025-06-13 13:41:23   Solving again, but with the direct solver. Please consider forcing the direct solver in the solver special settings, and
                      check your simulation setup (for instance source and material definitions.)

                      ------------------------------------------------------------------------------
2025-06-13 13:41:24     Matrix setup time        :	0 s
                        Degrees of freedom       :	38906
                        Number of mesh cells     :	5940

                        Stimulation port         :	Zmin
                        Mode number              :	1
                        Accuracy                 :	7.27953e-14
                        Iterations               :	1
                        Solver time              :	0 s


                      ------------------------------------------------------------------------------
2025-06-13 13:41:24   23% of all mesh edges seem to be longer than expected. The adaptive mesh refinement's growth limitation will therefore 
                      use 14433 instead of 3814 mesh cells as a reference.

                      ------------------------------------------------------------------------------
2025-06-13 13:41:24   The wavelength based mesh refinement has been applied to 0.2% of all mesh edges.

                      ------------------------------------------------------------------------------
2025-06-13 13:41:25   Adaptive mesh refinement pass 2

                      ------------------------------------------------------------------------------
2025-06-13 13:41:28     Matrix setup time        :	0 s
                        Solver setup             :	2 s
                        Degrees of freedom       :	78402
                        Number of mesh cells     :	12130

                        Stimulation port         :	Zmin
                        Mode number              :	1
                        Accuracy                 :	4.46212e-14
                        Iterations               :	1
                        Solver time              :	0 s


                      ------------------------------------------------------------------------------
2025-06-13 13:41:28     Delta calculation        
2025-06-13 13:41:28     All S-Parameters         :	0.0217511
2025-06-13 13:41:28   

                      ------------------------------------------------------------------------------
2025-06-13 13:41:29   Adaptive mesh refinement pass 3

                      ------------------------------------------------------------------------------
2025-06-13 13:41:35     Matrix setup time        :	0 s
                        Solver setup             :	4 s
                        Degrees of freedom       :	126112
                        Number of mesh cells     :	19592

                        Stimulation port         :	Zmin
                        Mode number              :	1
                        Accuracy                 :	3.11596e-14
                        Iterations               :	1
                        Solver time              :	0 s


                      ------------------------------------------------------------------------------
2025-06-13 13:41:35     Delta calculation        
2025-06-13 13:41:35     All S-Parameters         :	0.0233267
2025-06-13 13:41:35   

                      ------------------------------------------------------------------------------
2025-06-13 13:41:37   Adaptive mesh refinement pass 4

                      ------------------------------------------------------------------------------
2025-06-13 13:41:48     Matrix setup time        :	0 s
                        Solver setup             :	9 s
                        Degrees of freedom       :	198354
                        Number of mesh cells     :	30890

                        Stimulation port         :	Zmin
                        Mode number              :	1
                        Accuracy                 :	2.45585e-14
                        Iterations               :	1
                        Solver time              :	0 s


                      ------------------------------------------------------------------------------
2025-06-13 13:41:48     Delta calculation        
2025-06-13 13:41:48     All S-Parameters         :	0.0132246
2025-06-13 13:41:48   

                      ------------------------------------------------------------------------------
2025-06-13 13:41:48   Mesh adaptation terminated because the desired accuracy limit is reached.

                      ------------------------------------------------------------------------------
2025-06-13 13:41:49   *** Warning ***

2025-06-13 13:41:49   At least one propagating Floquet mode is not considered at port Zmin. Please increase the number of modes at this port. 
                      More...

                      ------------------------------------------------------------------------------
2025-06-13 13:41:49   *** Warning ***

2025-06-13 13:41:49   At least one propagating Floquet mode is not considered at port Zmax. Please increase the number of modes at this port. 
                      More...

                      ------------------------------------------------------------------------------
2025-06-13 13:41:49     Total time               :	40 s

                      ------------------------------------------------------------------------------
2025-06-13 13:41:49   

                      ------------------------------------------------------------------------------
2025-06-13 13:41:49     Calculation 2 (Frequency: 20 GHz, Theta: 0, Phi: 0)


                      ------------------------------------------------------------------------------
2025-06-13 13:41:57     Matrix setup time        :	0 s
                        Solver setup             :	7 s
                        Degrees of freedom       :	198354
                        Number of mesh cells     :	30890

                        Stimulation port         :	Zmin
                        Mode number              :	1
                        Accuracy                 :	4.10521e-14
                        Iterations               :	1
                        Solver time              :	0 s


                      ------------------------------------------------------------------------------
2025-06-13 13:41:57     Total time               :	8 s

                      ------------------------------------------------------------------------------
2025-06-13 13:41:57   

                      ------------------------------------------------------------------------------
2025-06-13 13:41:57     Calculation 3 (Frequency: 26 GHz, Theta: 0, Phi: 0)


                      ------------------------------------------------------------------------------
2025-06-13 13:42:06     Matrix setup time        :	0 s
                        Solver setup             :	7 s
                        Degrees of freedom       :	198354
                        Number of mesh cells     :	30890

                        Stimulation port         :	Zmin
                        Mode number              :	1
                        Accuracy                 :	3.32944e-14
                        Iterations               :	1
                        Solver time              :	0 s


                      ------------------------------------------------------------------------------
2025-06-13 13:42:06     Total time               :	8 s

                      ------------------------------------------------------------------------------
2025-06-13 13:42:06   

                      ------------------------------------------------------------------------------
2025-06-13 13:42:06     Calculation 4 (Frequency: 29 GHz, Theta: 0, Phi: 0)


                      ------------------------------------------------------------------------------
2025-06-13 13:42:14     Matrix setup time        :	0 s
                        Solver setup             :	7 s
                        Degrees of freedom       :	198354
                        Number of mesh cells     :	30890

                        Stimulation port         :	Zmin
                        Mode number              :	1
                        Accuracy                 :	4.43368e-14
                        Iterations               :	1
                        Solver time              :	0 s


                      ------------------------------------------------------------------------------
2025-06-13 13:42:14     Total time               :	8 s

                      ------------------------------------------------------------------------------
2025-06-13 13:42:14   

                      ------------------------------------------------------------------------------
2025-06-13 13:42:14     Calculation 5 (Frequency: 23.432 GHz, Theta: 0, Phi: 0)


                      ------------------------------------------------------------------------------
2025-06-13 13:42:23     Matrix setup time        :	0 s
                        Solver setup             :	7 s
                        Degrees of freedom       :	198354
                        Number of mesh cells     :	30890

                        Stimulation port         :	Zmin
                        Mode number              :	1
                        Accuracy                 :	3.29797e-14
                        Iterations               :	1
                        Solver time              :	0 s


                      ------------------------------------------------------------------------------
2025-06-13 13:42:23     Total time               :	8 s

                      ------------------------------------------------------------------------------
2025-06-13 13:42:23   

                      ------------------------------------------------------------------------------
2025-06-13 13:42:23     Calculation 6 (Frequency: 27.38 GHz, Theta: 0, Phi: 0)


                      ------------------------------------------------------------------------------
2025-06-13 13:42:31     Matrix setup time        :	0 s
                        Solver setup             :	7 s
                        Degrees of freedom       :	198354
                        Number of mesh cells     :	30890

                        Stimulation port         :	Zmin
                        Mode number              :	1
                        Accuracy                 :	4.15075e-14
                        Iterations               :	1
                        Solver time              :	0 s


                      ------------------------------------------------------------------------------
2025-06-13 13:42:31     Total time               :	8 s

                      ------------------------------------------------------------------------------
2025-06-13 13:42:31   

                      ------------------------------------------------------------------------------
2025-06-13 13:42:31     Calculation 7 (Frequency: 22.196 GHz, Theta: 0, Phi: 0)


                      ------------------------------------------------------------------------------
2025-06-13 13:42:40     Matrix setup time        :	0 s
                        Solver setup             :	7 s
                        Degrees of freedom       :	198354
                        Number of mesh cells     :	30890

                        Stimulation port         :	Zmin
                        Mode number              :	1
                        Accuracy                 :	5.46666e-14
                        Iterations               :	1
                        Solver time              :	0 s


                      ------------------------------------------------------------------------------
2025-06-13 13:42:40     Total time               :	8 s

                      ------------------------------------------------------------------------------
2025-06-13 13:42:40   

                      ------------------------------------------------------------------------------
2025-06-13 13:42:40     Calculation 8 (Frequency: 23.948 GHz, Theta: 0, Phi: 0)


                      ------------------------------------------------------------------------------
2025-06-13 13:42:49     Matrix setup time        :	0 s
                        Solver setup             :	7 s
                        Degrees of freedom       :	198354
                        Number of mesh cells     :	30890

                        Stimulation port         :	Zmin
                        Mode number              :	1
                        Accuracy                 :	3.81864e-14
                        Iterations               :	1
                        Solver time              :	0 s


                      ------------------------------------------------------------------------------
2025-06-13 13:42:49     Total time               :	8 s

                      ------------------------------------------------------------------------------
2025-06-13 13:42:49   

                      ------------------------------------------------------------------------------
2025-06-13 13:42:49     Calculation 9 (Frequency: 23.072 GHz, Theta: 0, Phi: 0)


                      ------------------------------------------------------------------------------
2025-06-13 13:42:57     Matrix setup time        :	0 s
                        Solver setup             :	7 s
                        Degrees of freedom       :	198354
                        Number of mesh cells     :	30890

                        Stimulation port         :	Zmin
                        Mode number              :	1
                        Accuracy                 :	4.89983e-14
                        Iterations               :	1
                        Solver time              :	0 s


                      ------------------------------------------------------------------------------
2025-06-13 13:42:57     Total time               :	7 s

                      ------------------------------------------------------------------------------
2025-06-13 13:42:57   

                      ------------------------------------------------------------------------------
2025-06-13 13:42:57     Calculation 10 (Frequency: 25.04 GHz, Theta: 0, Phi: 0)


                      ------------------------------------------------------------------------------
2025-06-13 13:43:05     Matrix setup time        :	0 s
                        Solver setup             :	7 s
                        Degrees of freedom       :	198354
                        Number of mesh cells     :	30890

                        Stimulation port         :	Zmin
                        Mode number              :	1
                        Accuracy                 :	1.94148e-14
                        Iterations               :	1
                        Solver time              :	0 s


                      ------------------------------------------------------------------------------
2025-06-13 13:43:05     Total time               :	7 s

                      ------------------------------------------------------------------------------
2025-06-13 13:43:05   

                      ------------------------------------------------------------------------------
2025-06-13 13:43:05     Calculation 11 (Frequency: 22.64 GHz, Theta: 0, Phi: 0)


                      ------------------------------------------------------------------------------
2025-06-13 13:43:13     Matrix setup time        :	0 s
                        Solver setup             :	7 s
                        Degrees of freedom       :	198354
                        Number of mesh cells     :	30890

                        Stimulation port         :	Zmin
                        Mode number              :	1
                        Accuracy                 :	4.5073e-14
                        Iterations               :	1
                        Solver time              :	0 s


                      ------------------------------------------------------------------------------
2025-06-13 13:43:13     Total time               :	7 s

                      ------------------------------------------------------------------------------
2025-06-13 13:43:13   

                      ------------------------------------------------------------------------------
2025-06-13 13:43:13     Calculation 12 (Frequency: 21.812 GHz, Theta: 0, Phi: 0)


                      ------------------------------------------------------------------------------
2025-06-13 13:43:21     Matrix setup time        :	0 s
                        Solver setup             :	7 s
                        Degrees of freedom       :	198354
                        Number of mesh cells     :	30890

                        Stimulation port         :	Zmin
                        Mode number              :	1
                        Accuracy                 :	4.75555e-14
                        Iterations               :	1
                        Solver time              :	0 s


                      ------------------------------------------------------------------------------
2025-06-13 13:43:21     Total time               :	8 s

                      ------------------------------------------------------------------------------
2025-06-13 13:43:21   

                      ------------------------------------------------------------------------------
2025-06-13 13:43:21     Calculation 13 (Frequency: 22.28 GHz, Theta: 0, Phi: 0)


                      ------------------------------------------------------------------------------
2025-06-13 13:43:30     Matrix setup time        :	0 s
                        Solver setup             :	7 s
                        Degrees of freedom       :	198354
                        Number of mesh cells     :	30890

                        Stimulation port         :	Zmin
                        Mode number              :	1
                        Accuracy                 :	4.73472e-14
                        Iterations               :	1
                        Solver time              :	0 s


                      ------------------------------------------------------------------------------
2025-06-13 13:43:30     Total time               :	8 s

                      ------------------------------------------------------------------------------
2025-06-13 13:43:30   

                      ------------------------------------------------------------------------------
2025-06-13 13:43:30     Calculation 14 (Frequency: 26.72 GHz, Theta: 0, Phi: 0)


                      ------------------------------------------------------------------------------
2025-06-13 13:43:39     Matrix setup time        :	0 s
                        Solver setup             :	7 s
                        Degrees of freedom       :	198354
                        Number of mesh cells     :	30890

                        Stimulation port         :	Zmin
                        Mode number              :	1
                        Accuracy                 :	4.05709e-14
                        Iterations               :	1
                        Solver time              :	0 s


                      ------------------------------------------------------------------------------
2025-06-13 13:43:39     Total time               :	8 s

                      ------------------------------------------------------------------------------
2025-06-13 13:43:39   

                      ------------------------------------------------------------------------------
2025-06-13 13:43:39     Calculation 15 (Frequency: 20.996 GHz, Theta: 0, Phi: 0)


                      ------------------------------------------------------------------------------
2025-06-13 13:43:48     Matrix setup time        :	0 s
                        Solver setup             :	8 s
                        Degrees of freedom       :	198354
                        Number of mesh cells     :	30890

                        Stimulation port         :	Zmin
                        Mode number              :	1
                        Accuracy                 :	4.37706e-14
                        Iterations               :	1
                        Solver time              :	0 s


                      ------------------------------------------------------------------------------
2025-06-13 13:43:48     Total time               :	9 s

                      ------------------------------------------------------------------------------
2025-06-13 13:43:48   

                      ------------------------------------------------------------------------------
2025-06-13 13:43:48     Calculation 16 (Frequency: 26.48 GHz, Theta: 0, Phi: 0)


                      ------------------------------------------------------------------------------
2025-06-13 13:43:57     Matrix setup time        :	0 s
                        Solver setup             :	8 s
                        Degrees of freedom       :	198354
                        Number of mesh cells     :	30890

                        Stimulation port         :	Zmin
                        Mode number              :	1
                        Accuracy                 :	3.74049e-14
                        Iterations               :	1
                        Solver time              :	0 s


                      ------------------------------------------------------------------------------
2025-06-13 13:43:57     Total time               :	9 s

                      ------------------------------------------------------------------------------
2025-06-13 13:43:57   

                      ------------------------------------------------------------------------------
2025-06-13 13:43:57     Calculation 17 (Frequency: 30.248 GHz, Theta: 0, Phi: 0)


                      ------------------------------------------------------------------------------
2025-06-13 13:44:06     Matrix setup time        :	0 s
                        Solver setup             :	8 s
                        Degrees of freedom       :	198354
                        Number of mesh cells     :	30890

                        Stimulation port         :	Zmin
                        Mode number              :	1
                        Accuracy                 :	3.31382e-14
                        Iterations               :	1
                        Solver time              :	0 s


                      ------------------------------------------------------------------------------
2025-06-13 13:44:06     Total time               :	8 s

                      ------------------------------------------------------------------------------
2025-06-13 13:44:06   

                      ------------------------------------------------------------------------------
2025-06-13 13:44:06     Calculation 18 (Frequency: 28.364 GHz, Theta: 0, Phi: 0)


                      ------------------------------------------------------------------------------
2025-06-13 13:44:15     Matrix setup time        :	0 s
                        Solver setup             :	7 s
                        Degrees of freedom       :	198354
                        Number of mesh cells     :	30890

                        Stimulation port         :	Zmin
                        Mode number              :	1
                        Accuracy                 :	4.37907e-14
                        Iterations               :	1
                        Solver time              :	0 s


                      ------------------------------------------------------------------------------
2025-06-13 13:44:15     Total time               :	8 s

                      ------------------------------------------------------------------------------
2025-06-13 13:44:15   

                      ------------------------------------------------------------------------------
2025-06-13 13:44:15     Calculation 19 (Frequency: 30.608 GHz, Theta: 0, Phi: 0)


                      ------------------------------------------------------------------------------
2025-06-13 13:44:24     Matrix setup time        :	0 s
                        Solver setup             :	8 s
                        Degrees of freedom       :	198354
                        Number of mesh cells     :	30890

                        Stimulation port         :	Zmin
                        Mode number              :	1
                        Accuracy                 :	3.60027e-14
                        Iterations               :	1
                        Solver time              :	0 s


                      ------------------------------------------------------------------------------
2025-06-13 13:44:24     Total time               :	9 s

                      ------------------------------------------------------------------------------
2025-06-13 13:44:24   

                      ------------------------------------------------------------------------------
2025-06-13 13:44:24     Calculation 20 (Frequency: 28.616 GHz, Theta: 0, Phi: 0)


                      ------------------------------------------------------------------------------
2025-06-13 13:44:34     Matrix setup time        :	0 s
                        Solver setup             :	8 s
                        Degrees of freedom       :	198354
                        Number of mesh cells     :	30890

                        Stimulation port         :	Zmin
                        Mode number              :	1
                        Accuracy                 :	3.25159e-14
                        Iterations               :	1
                        Solver time              :	0 s


                      ------------------------------------------------------------------------------
2025-06-13 13:44:34     Total time               :	9 s

                      ------------------------------------------------------------------------------
2025-06-13 13:44:34   

                      ------------------------------------------------------------------------------
2025-06-13 13:44:34     Calculation 21 (Frequency: 31.28 GHz, Theta: 0, Phi: 0)


                      ------------------------------------------------------------------------------
2025-06-13 13:44:44     Matrix setup time        :	0 s
                        Solver setup             :	8 s
                        Degrees of freedom       :	198354
                        Number of mesh cells     :	30890

                        Stimulation port         :	Zmin
                        Mode number              :	1
                        Accuracy                 :	1.97624e-14
                        Iterations               :	1
                        Solver time              :	0 s


                      ------------------------------------------------------------------------------
2025-06-13 13:44:44     Total time               :	9 s

                      ------------------------------------------------------------------------------
2025-06-13 13:44:44   

                      ------------------------------------------------------------------------------
2025-06-13 13:44:44     Calculation 22 (Frequency: 29.456 GHz, Theta: 0, Phi: 0)


                      ------------------------------------------------------------------------------
2025-06-13 13:44:54     Matrix setup time        :	0 s
                        Solver setup             :	8 s
                        Degrees of freedom       :	198354
                        Number of mesh cells     :	30890

                        Stimulation port         :	Zmin
                        Mode number              :	1
                        Accuracy                 :	3.74102e-14
                        Iterations               :	1
                        Solver time              :	0 s


                      ------------------------------------------------------------------------------
2025-06-13 13:44:54     Total time               :	9 s

                      ------------------------------------------------------------------------------
2025-06-13 13:44:54   

                      ------------------------------------------------------------------------------
2025-06-13 13:44:54     Calculation 23 (Frequency: 28.82 GHz, Theta: 0, Phi: 0)


                      ------------------------------------------------------------------------------
2025-06-13 13:45:03     Matrix setup time        :	0 s
                        Solver setup             :	8 s
                        Degrees of freedom       :	198354
                        Number of mesh cells     :	30890

                        Stimulation port         :	Zmin
                        Mode number              :	1
                        Accuracy                 :	7.16072e-14
                        Iterations               :	1
                        Solver time              :	0 s


                      ------------------------------------------------------------------------------
2025-06-13 13:45:04     Total time               :	9 s

                      ------------------------------------------------------------------------------
2025-06-13 13:45:04   

                      ------------------------------------------------------------------------------
2025-06-13 13:45:04     Calculation 24 (Frequency: 30.056 GHz, Theta: 0, Phi: 0)


                      ------------------------------------------------------------------------------
2025-06-13 13:45:13     Matrix setup time        :	0 s
                        Solver setup             :	8 s
                        Degrees of freedom       :	198354
                        Number of mesh cells     :	30890

                        Stimulation port         :	Zmin
                        Mode number              :	1
                        Accuracy                 :	4.18e-14
                        Iterations               :	1
                        Solver time              :	0 s


                      ------------------------------------------------------------------------------
2025-06-13 13:45:13     Total time               :	9 s

                      ------------------------------------------------------------------------------
2025-06-13 13:45:13   

                      ------------------------------------------------------------------------------
2025-06-13 13:45:13     Calculation 25 (Frequency: 26.192 GHz, Theta: 0, Phi: 0)


                      ------------------------------------------------------------------------------
2025-06-13 13:45:22     Matrix setup time        :	0 s
                        Solver setup             :	7 s
                        Degrees of freedom       :	198354
                        Number of mesh cells     :	30890

                        Stimulation port         :	Zmin
                        Mode number              :	1
                        Accuracy                 :	3.30795e-14
                        Iterations               :	1
                        Solver time              :	0 s


                      ------------------------------------------------------------------------------
2025-06-13 13:45:22     Total time               :	8 s

                      ------------------------------------------------------------------------------
2025-06-13 13:45:22   

                      ------------------------------------------------------------------------------
2025-06-13 13:45:22     Calculation 26 (Frequency: 20.504 GHz, Theta: 0, Phi: 0)


                      ------------------------------------------------------------------------------
2025-06-13 13:45:30     Matrix setup time        :	0 s
                        Solver setup             :	7 s
                        Degrees of freedom       :	198354
                        Number of mesh cells     :	30890

                        Stimulation port         :	Zmin
                        Mode number              :	1
                        Accuracy                 :	3.22506e-14
                        Iterations               :	1
                        Solver time              :	0 s


                      ------------------------------------------------------------------------------
2025-06-13 13:45:31     Total time               :	8 s

                      ------------------------------------------------------------------------------
2025-06-13 13:45:31   

                      ------------------------------------------------------------------------------
2025-06-13 13:45:31     Calculation 27 (Frequency: 21.392 GHz, Theta: 0, Phi: 0)


                      ------------------------------------------------------------------------------
2025-06-13 13:45:39     Matrix setup time        :	0 s
                        Solver setup             :	7 s
                        Degrees of freedom       :	198354
                        Number of mesh cells     :	30890

                        Stimulation port         :	Zmin
                        Mode number              :	1
                        Accuracy                 :	5.62089e-14
                        Iterations               :	1
                        Solver time              :	0 s


                      ------------------------------------------------------------------------------
2025-06-13 13:45:39     Total time               :	8 s

                      ------------------------------------------------------------------------------
2025-06-13 13:45:39   

                      ------------------------------------------------------------------------------
2025-06-13 13:45:39     Calculation 28 (Frequency: 24.02 GHz, Theta: 0, Phi: 0)


                      ------------------------------------------------------------------------------
2025-06-13 13:45:47     Matrix setup time        :	0 s
                        Solver setup             :	7 s
                        Degrees of freedom       :	198354
                        Number of mesh cells     :	30890

                        Stimulation port         :	Zmin
                        Mode number              :	1
                        Accuracy                 :	2.70894e-14
                        Iterations               :	1
                        Solver time              :	0 s


                      ------------------------------------------------------------------------------
2025-06-13 13:45:47     Total time               :	8 s

                      ------------------------------------------------------------------------------
2025-06-13 13:45:47   

                      ------------------------------------------------------------------------------
2025-06-13 13:45:47     Calculation 29 (Frequency: 23.852 GHz, Theta: 0, Phi: 0)


                      ------------------------------------------------------------------------------
2025-06-13 13:45:56     Matrix setup time        :	0 s
                        Solver setup             :	7 s
                        Degrees of freedom       :	198354
                        Number of mesh cells     :	30890

                        Stimulation port         :	Zmin
                        Mode number              :	1
                        Accuracy                 :	4.1001e-14
                        Iterations               :	1
                        Solver time              :	0 s


                      ------------------------------------------------------------------------------
2025-06-13 13:45:56     Total time               :	8 s

                      ------------------------------------------------------------------------------
2025-06-13 13:45:56   

                      ------------------------------------------------------------------------------
2025-06-13 13:45:56     Calculation 30 (Frequency: 24.632 GHz, Theta: 0, Phi: 0)


                      ------------------------------------------------------------------------------
2025-06-13 13:46:04     Matrix setup time        :	0 s
                        Solver setup             :	7 s
                        Degrees of freedom       :	198354
                        Number of mesh cells     :	30890

                        Stimulation port         :	Zmin
                        Mode number              :	1
                        Accuracy                 :	2.46664e-14
                        Iterations               :	1
                        Solver time              :	0 s


                      ------------------------------------------------------------------------------
2025-06-13 13:46:04     Total time               :	8 s

                      ------------------------------------------------------------------------------
2025-06-13 13:46:04   

                      ------------------------------------------------------------------------------
2025-06-13 13:46:04     Calculation 31 (Frequency: 31.724 GHz, Theta: 0, Phi: 0)


                      ------------------------------------------------------------------------------
2025-06-13 13:46:13     Matrix setup time        :	0 s
                        Solver setup             :	8 s
                        Degrees of freedom       :	198354
                        Number of mesh cells     :	30890

                        Stimulation port         :	Zmin
                        Mode number              :	1
                        Accuracy                 :	2.66316e-14
                        Iterations               :	1
                        Solver time              :	0 s


                      ------------------------------------------------------------------------------
2025-06-13 13:46:13     Total time               :	8 s

                      ------------------------------------------------------------------------------
2025-06-13 13:46:13   

                      ------------------------------------------------------------------------------
2025-06-13 13:46:13   Finished the general purpose interpolative broadband frequency sweep:
                      All broadband sweep convergence criteria have been satisfied after
                      calculating 31 frequency samples:

                        Broadband sweep error threshold value :  0.01 (All S-Parameters) 
                        Number of error criterion checks      :  2 (All S-Parameters) 
                        Minimum number of samples             :  3
                        Number of data samples, linear        :  1001

                      ------------------------------------------------------------------------------
2025-06-13 13:46:13     Number of mesh cells     :	30890
                        Degrees of freedom       :	196932
                        Total Solver Time        :	306 s	 (= 0 h, 05 m, 06 s)
                      ================================================================================



                      ------------------------------------------------------------------------------
2025-06-13 13:46:13     ----------------------------------------------------------------------------
                                            Peak memory used (kB)         Free physical memory (kB) 
                                                                          At begin     Minimum      
                        ----------------------------------------------------------------------------
                        Solver start        22232                         9034776      9034024      
                        Eq. system setup    3263164                       9000396      8433540      
                        Eq. system solve    3263164                       8953400      5910264      
                        Mesh refinement     1950652                       8712064      8618340      
                        Solver run total    3263164                       9034780      5910264      

                        Computer name       Tahsin
                        ----------------------------------------------------------------------------


                      ------------------------------------------------------------------------------
2025-06-13 13:46:14   Running postprocessing.

                      ------------------------------------------------------------------------------
2025-06-13 13:46:14   Postprocessing finished.

                      ------------------------------------------------------------------------------
