2025-04-13 23:16:24   *** Warning ***

                      Electric isotropic material [Copper (pure)] has a very high conductivity for
                      the given mesh. Depending on your configuration it may be better to use a lossy
                      metal type for this material. More...

                      ------------------------------------------------------------------------------
2025-04-13 23:16:24   In order to get an optimal performance, hyperthreading is ignored for parallel
                      computations.

                      ------------------------------------------------------------------------------
2025-04-13 23:16:26   Units settings: 

                        Dimensions: mm
                        Frequency:  GHz
                        Time:       s

                      ------------------------------------------------------------------------------
2025-04-13 23:16:26   Boundary conditions: 

                        YZsymmetry: none
                        XZsymmetry: none
                        XYsymmetry: none

                        Xmin: unit cell
                        Xmax: unit cell

                        Ymin: unit cell
                        Ymax: unit cell

                        Zmin: expanded open
                        Zmax: expanded open

                      ------------------------------------------------------------------------------
2025-04-13 23:16:26   Order settings: 

                        Solver order   : 2nd (constant)
                        Curved elements: up to order 3 (automatic)

                      ------------------------------------------------------------------------------
2025-04-13 23:16:26   An iterative solver will be used first.

                      ------------------------------------------------------------------------------
2025-04-13 23:16:26     Mesh time                :	2 s


                      ------------------------------------------------------------------------------
2025-04-13 23:16:26   
                      ================================================================================
                      Frequency Domain Solver calculation cycle started

                      ------------------------------------------------------------------------------
2025-04-13 23:16:26   Solver started at: 2025-04-13 23:16:26 +0600

                        Module:  Frequency Domain: S-Parameter (Win 64)
                        Version: 2024.1 Release from 2023-10-16 (change 1181985)

                      ------------------------------------------------------------------------------
2025-04-13 23:16:26   The low frequency stabilization is not applied to periodic problems.

                      ------------------------------------------------------------------------------
2025-04-13 23:16:26     Calculation 1 of 1 (Frequency: 32 GHz, Theta: 0, Phi: 0)


                      ------------------------------------------------------------------------------
2025-04-13 23:16:27   The wavelength based mesh refinement has been applied to 5.6% of all mesh edges.

                      ------------------------------------------------------------------------------
2025-04-13 23:16:27   For some elements the curvature had to be reduced to maintain the quality of the mesh. More...

                      ------------------------------------------------------------------------------
2025-04-13 23:16:27   Adaptive mesh refinement pass 1

                      ------------------------------------------------------------------------------
2025-04-13 23:16:34   *** Warning ***

2025-04-13 23:16:34   Detected possible stagnation of the iterative solver (5.131319e-02 after 250 iterations.)
                      Please consider aborting the solver run, and check your simulation setup.  More...

                      ------------------------------------------------------------------------------
2025-04-13 23:16:40   *** Warning ***

2025-04-13 23:16:40   The solver stopped because the maximum number of iterations (500, used for automatic solver choice) has been reached.

                      ------------------------------------------------------------------------------
2025-04-13 23:16:40   Solving again, but with the direct solver. Please consider forcing the direct solver in the solver special settings, and
                      check your simulation setup (for instance source and material definitions.)

                      ------------------------------------------------------------------------------
2025-04-13 23:16:40     Matrix setup time        :	0 s
                        Degrees of freedom       :	36202
                        Number of mesh cells     :	5517

                        Stimulation port         :	Zmin
                        Mode number              :	1
                        Accuracy                 :	7.76952e-14
                        Iterations               :	1
                        Solver time              :	0 s


                      ------------------------------------------------------------------------------
2025-04-13 23:16:41   26% of all mesh edges seem to be longer than expected. The adaptive mesh refinement's growth limitation will therefore 
                      use 14170 instead of 3588 mesh cells as a reference.

                      ------------------------------------------------------------------------------
2025-04-13 23:16:41   The wavelength based mesh refinement has been applied to 0.2% of all mesh edges.

                      ------------------------------------------------------------------------------
2025-04-13 23:16:41   Adaptive mesh refinement pass 2

                      ------------------------------------------------------------------------------
2025-04-13 23:16:44     Matrix setup time        :	0 s
                        Solver setup             :	2 s
                        Degrees of freedom       :	72528
                        Number of mesh cells     :	11218

                        Stimulation port         :	Zmin
                        Mode number              :	1
                        Accuracy                 :	4.55125e-14
                        Iterations               :	1
                        Solver time              :	0 s


                      ------------------------------------------------------------------------------
2025-04-13 23:16:44     Delta calculation        
2025-04-13 23:16:44     All S-Parameters         :	0.0248835
2025-04-13 23:16:44   

                      ------------------------------------------------------------------------------
2025-04-13 23:16:44   The input reflection seems to be large at 32 GHz, Theta: 0, Phi: 0. The adaptive mesh refinement at this sample will be 
                      stopped. A new mesh adaptation frequency has been added at 26 GHz.  More...

                      ------------------------------------------------------------------------------
2025-04-13 23:16:44   *** Warning ***

2025-04-13 23:16:44   At least one propagating Floquet mode is not considered at port Zmin. Please increase the number of modes at this port. 
                      More...

                      ------------------------------------------------------------------------------
2025-04-13 23:16:44   *** Warning ***

2025-04-13 23:16:44   At least one propagating Floquet mode is not considered at port Zmax. Please increase the number of modes at this port. 
                      More...

                      ------------------------------------------------------------------------------
2025-04-13 23:16:44     Total time               :	17 s

                      ------------------------------------------------------------------------------
2025-04-13 23:16:44   

                      ------------------------------------------------------------------------------
2025-04-13 23:16:44     Calculation 2 of 2 (Frequency: 26 GHz, Theta: 0, Phi: 0)


                      ------------------------------------------------------------------------------
2025-04-13 23:16:44   Adaptive mesh refinement pass 1

                      ------------------------------------------------------------------------------
2025-04-13 23:16:46     Matrix setup time        :	0 s
                        Solver setup             :	1 s
                        Degrees of freedom       :	72528
                        Number of mesh cells     :	11218

                        Stimulation port         :	Zmin
                        Mode number              :	1
                        Accuracy                 :	4.48142e-14
                        Iterations               :	1
                        Solver time              :	0 s


                      ------------------------------------------------------------------------------
2025-04-13 23:16:47   Adaptive mesh refinement pass 2

                      ------------------------------------------------------------------------------
2025-04-13 23:16:51     Matrix setup time        :	0 s
                        Solver setup             :	2 s
                        Degrees of freedom       :	113862
                        Number of mesh cells     :	17709

                        Stimulation port         :	Zmin
                        Mode number              :	1
                        Accuracy                 :	4.11131e-14
                        Iterations               :	1
                        Solver time              :	0 s


                      ------------------------------------------------------------------------------
2025-04-13 23:16:51     Delta calculation        
2025-04-13 23:16:51     All S-Parameters         :	0.0421262
2025-04-13 23:16:51   

                      ------------------------------------------------------------------------------
2025-04-13 23:16:53   For some elements the curvature had to be reduced to maintain the quality of the mesh. More...

                      ------------------------------------------------------------------------------
2025-04-13 23:16:53   Adaptive mesh refinement pass 3

                      ------------------------------------------------------------------------------
2025-04-13 23:17:01     Matrix setup time        :	0 s
                        Solver setup             :	7 s
                        Degrees of freedom       :	185750
                        Number of mesh cells     :	28923

                        Stimulation port         :	Zmin
                        Mode number              :	1
                        Accuracy                 :	2.79195e-14
                        Iterations               :	1
                        Solver time              :	0 s


                      ------------------------------------------------------------------------------
2025-04-13 23:17:01     Delta calculation        
2025-04-13 23:17:01     All S-Parameters         :	0.0338233
2025-04-13 23:17:01   

                      ------------------------------------------------------------------------------
2025-04-13 23:17:04   Adaptive mesh refinement pass 4

                      ------------------------------------------------------------------------------
2025-04-13 23:17:20     Matrix setup time        :	1 s
                        Solver setup             :	14 s
                        Degrees of freedom       :	289946
                        Number of mesh cells     :	45175

                        Stimulation port         :	Zmin
                        Mode number              :	1
                        Accuracy                 :	2.32233e-14
                        Iterations               :	1
                        Solver time              :	0 s


                      ------------------------------------------------------------------------------
2025-04-13 23:17:20     Delta calculation        
2025-04-13 23:17:20     All S-Parameters         :	0.0160648
2025-04-13 23:17:20   

                      ------------------------------------------------------------------------------
2025-04-13 23:17:20   Mesh adaptation terminated because the desired accuracy limit is reached.

                      ------------------------------------------------------------------------------
2025-04-13 23:17:20     Total time               :	36 s

                      ------------------------------------------------------------------------------
2025-04-13 23:17:20   

                      ------------------------------------------------------------------------------
2025-04-13 23:17:21     Calculation 1 (Frequency: 32 GHz, Theta: 0, Phi: 0)


                      ------------------------------------------------------------------------------
2025-04-13 23:17:33     Matrix setup time        :	0 s
                        Solver setup             :	11 s
                        Degrees of freedom       :	289946
                        Number of mesh cells     :	45175

                        Stimulation port         :	Zmin
                        Mode number              :	1
                        Accuracy                 :	1.6887e-14
                        Iterations               :	1
                        Solver time              :	0 s


                      ------------------------------------------------------------------------------
2025-04-13 23:17:33     Total time               :	12 s

                      ------------------------------------------------------------------------------
2025-04-13 23:17:33   

                      ------------------------------------------------------------------------------
2025-04-13 23:17:33     Calculation 3 (Frequency: 20 GHz, Theta: 0, Phi: 0)


                      ------------------------------------------------------------------------------
2025-04-13 23:17:46     Matrix setup time        :	0 s
                        Solver setup             :	11 s
                        Degrees of freedom       :	289946
                        Number of mesh cells     :	45175

                        Stimulation port         :	Zmin
                        Mode number              :	1
                        Accuracy                 :	2.45396e-14
                        Iterations               :	1
                        Solver time              :	0 s


                      ------------------------------------------------------------------------------
2025-04-13 23:17:46     Total time               :	12 s

                      ------------------------------------------------------------------------------
2025-04-13 23:17:46   

                      ------------------------------------------------------------------------------
2025-04-13 23:17:46     Calculation 4 (Frequency: 29 GHz, Theta: 0, Phi: 0)


                      ------------------------------------------------------------------------------
2025-04-13 23:17:59     Matrix setup time        :	0 s
                        Solver setup             :	11 s
                        Degrees of freedom       :	289946
                        Number of mesh cells     :	45175

                        Stimulation port         :	Zmin
                        Mode number              :	1
                        Accuracy                 :	2.95524e-14
                        Iterations               :	1
                        Solver time              :	0 s


                      ------------------------------------------------------------------------------
2025-04-13 23:17:59     Total time               :	12 s

                      ------------------------------------------------------------------------------
2025-04-13 23:17:59   

                      ------------------------------------------------------------------------------
2025-04-13 23:17:59     Calculation 5 (Frequency: 23.168 GHz, Theta: 0, Phi: 0)


                      ------------------------------------------------------------------------------
2025-04-13 23:18:12     Matrix setup time        :	0 s
                        Solver setup             :	12 s
                        Degrees of freedom       :	289946
                        Number of mesh cells     :	45175

                        Stimulation port         :	Zmin
                        Mode number              :	1
                        Accuracy                 :	1.71573e-14
                        Iterations               :	1
                        Solver time              :	0 s


                      ------------------------------------------------------------------------------
2025-04-13 23:18:13     Total time               :	13 s

                      ------------------------------------------------------------------------------
2025-04-13 23:18:13   

                      ------------------------------------------------------------------------------
2025-04-13 23:18:13     Calculation 6 (Frequency: 27.128 GHz, Theta: 0, Phi: 0)


                      ------------------------------------------------------------------------------
2025-04-13 23:18:25     Matrix setup time        :	0 s
                        Solver setup             :	11 s
                        Degrees of freedom       :	289946
                        Number of mesh cells     :	45175

                        Stimulation port         :	Zmin
                        Mode number              :	1
                        Accuracy                 :	3.78403e-14
                        Iterations               :	1
                        Solver time              :	0 s


                      ------------------------------------------------------------------------------
2025-04-13 23:18:26     Total time               :	12 s

                      ------------------------------------------------------------------------------
2025-04-13 23:18:26   

                      ------------------------------------------------------------------------------
2025-04-13 23:18:26     Calculation 7 (Frequency: 24.5 GHz, Theta: 0, Phi: 0)


                      ------------------------------------------------------------------------------
2025-04-13 23:18:39     Matrix setup time        :	0 s
                        Solver setup             :	11 s
                        Degrees of freedom       :	289946
                        Number of mesh cells     :	45175

                        Stimulation port         :	Zmin
                        Mode number              :	1
                        Accuracy                 :	1.65288e-14
                        Iterations               :	1
                        Solver time              :	0 s


                      ------------------------------------------------------------------------------
2025-04-13 23:18:39     Total time               :	12 s

                      ------------------------------------------------------------------------------
2025-04-13 23:18:39   

                      ------------------------------------------------------------------------------
2025-04-13 23:18:39     Calculation 8 (Frequency: 28.328 GHz, Theta: 0, Phi: 0)


                      ------------------------------------------------------------------------------
2025-04-13 23:18:52     Matrix setup time        :	0 s
                        Solver setup             :	11 s
                        Degrees of freedom       :	289946
                        Number of mesh cells     :	45175

                        Stimulation port         :	Zmin
                        Mode number              :	1
                        Accuracy                 :	2.78465e-14
                        Iterations               :	1
                        Solver time              :	0 s


                      ------------------------------------------------------------------------------
2025-04-13 23:18:52     Total time               :	12 s

                      ------------------------------------------------------------------------------
2025-04-13 23:18:52   

                      ------------------------------------------------------------------------------
2025-04-13 23:18:52     Calculation 9 (Frequency: 29.996 GHz, Theta: 0, Phi: 0)


                      ------------------------------------------------------------------------------
2025-04-13 23:19:05     Matrix setup time        :	0 s
                        Solver setup             :	12 s
                        Degrees of freedom       :	289946
                        Number of mesh cells     :	45175

                        Stimulation port         :	Zmin
                        Mode number              :	1
                        Accuracy                 :	2.74383e-14
                        Iterations               :	1
                        Solver time              :	0 s


                      ------------------------------------------------------------------------------
2025-04-13 23:19:05     Total time               :	13 s

                      ------------------------------------------------------------------------------
2025-04-13 23:19:05   

                      ------------------------------------------------------------------------------
2025-04-13 23:19:05     Calculation 10 (Frequency: 27.932 GHz, Theta: 0, Phi: 0)


                      ------------------------------------------------------------------------------
2025-04-13 23:19:18     Matrix setup time        :	0 s
                        Solver setup             :	11 s
                        Degrees of freedom       :	289946
                        Number of mesh cells     :	45175

                        Stimulation port         :	Zmin
                        Mode number              :	1
                        Accuracy                 :	2.36873e-14
                        Iterations               :	1
                        Solver time              :	0 s


                      ------------------------------------------------------------------------------
2025-04-13 23:19:18     Total time               :	12 s

                      ------------------------------------------------------------------------------
2025-04-13 23:19:18   

                      ------------------------------------------------------------------------------
2025-04-13 23:19:18     Calculation 11 (Frequency: 31.088 GHz, Theta: 0, Phi: 0)


                      ------------------------------------------------------------------------------
2025-04-13 23:19:31     Matrix setup time        :	0 s
                        Solver setup             :	11 s
                        Degrees of freedom       :	289946
                        Number of mesh cells     :	45175

                        Stimulation port         :	Zmin
                        Mode number              :	1
                        Accuracy                 :	2.77766e-14
                        Iterations               :	1
                        Solver time              :	0 s


                      ------------------------------------------------------------------------------
2025-04-13 23:19:31     Total time               :	12 s

                      ------------------------------------------------------------------------------
2025-04-13 23:19:31   

                      ------------------------------------------------------------------------------
2025-04-13 23:19:31     Calculation 12 (Frequency: 26.612 GHz, Theta: 0, Phi: 0)


                      ------------------------------------------------------------------------------
2025-04-13 23:19:43     Matrix setup time        :	0 s
                        Solver setup             :	11 s
                        Degrees of freedom       :	289946
                        Number of mesh cells     :	45175

                        Stimulation port         :	Zmin
                        Mode number              :	1
                        Accuracy                 :	2.5998e-14
                        Iterations               :	1
                        Solver time              :	0 s


                      ------------------------------------------------------------------------------
2025-04-13 23:19:44     Total time               :	12 s

                      ------------------------------------------------------------------------------
2025-04-13 23:19:44   

                      ------------------------------------------------------------------------------
2025-04-13 23:19:44     Calculation 13 (Frequency: 28.304 GHz, Theta: 0, Phi: 0)


                      ------------------------------------------------------------------------------
2025-04-13 23:19:57     Matrix setup time        :	0 s
                        Solver setup             :	12 s
                        Degrees of freedom       :	289946
                        Number of mesh cells     :	45175

                        Stimulation port         :	Zmin
                        Mode number              :	1
                        Accuracy                 :	3.35053e-14
                        Iterations               :	1
                        Solver time              :	0 s


                      ------------------------------------------------------------------------------
2025-04-13 23:19:57     Total time               :	13 s

                      ------------------------------------------------------------------------------
2025-04-13 23:19:57   

                      ------------------------------------------------------------------------------
2025-04-13 23:19:57     Calculation 14 (Frequency: 29.168 GHz, Theta: 0, Phi: 0)


                      ------------------------------------------------------------------------------
2025-04-13 23:20:11     Matrix setup time        :	0 s
                        Solver setup             :	12 s
                        Degrees of freedom       :	289946
                        Number of mesh cells     :	45175

                        Stimulation port         :	Zmin
                        Mode number              :	1
                        Accuracy                 :	3.65833e-14
                        Iterations               :	1
                        Solver time              :	0 s


                      ------------------------------------------------------------------------------
2025-04-13 23:20:12     Total time               :	14 s

                      ------------------------------------------------------------------------------
2025-04-13 23:20:12   

                      ------------------------------------------------------------------------------
2025-04-13 23:20:12     Calculation 15 (Frequency: 30.656 GHz, Theta: 0, Phi: 0)


                      ------------------------------------------------------------------------------
2025-04-13 23:20:26     Matrix setup time        :	0 s
                        Solver setup             :	13 s
                        Degrees of freedom       :	289946
                        Number of mesh cells     :	45175

                        Stimulation port         :	Zmin
                        Mode number              :	1
                        Accuracy                 :	2.54485e-14
                        Iterations               :	1
                        Solver time              :	0 s


                      ------------------------------------------------------------------------------
2025-04-13 23:20:26     Total time               :	14 s

                      ------------------------------------------------------------------------------
2025-04-13 23:20:26   

                      ------------------------------------------------------------------------------
2025-04-13 23:20:26     Calculation 16 (Frequency: 31.46 GHz, Theta: 0, Phi: 0)


                      ------------------------------------------------------------------------------
2025-04-13 23:20:40     Matrix setup time        :	0 s
                        Solver setup             :	12 s
                        Degrees of freedom       :	289946
                        Number of mesh cells     :	45175

                        Stimulation port         :	Zmin
                        Mode number              :	1
                        Accuracy                 :	2.48597e-14
                        Iterations               :	1
                        Solver time              :	0 s


                      ------------------------------------------------------------------------------
2025-04-13 23:20:40     Total time               :	14 s

                      ------------------------------------------------------------------------------
2025-04-13 23:20:40   

                      ------------------------------------------------------------------------------
2025-04-13 23:20:40     Calculation 17 (Frequency: 29.492 GHz, Theta: 0, Phi: 0)


                      ------------------------------------------------------------------------------
2025-04-13 23:20:54     Matrix setup time        :	0 s
                        Solver setup             :	13 s
                        Degrees of freedom       :	289946
                        Number of mesh cells     :	45175

                        Stimulation port         :	Zmin
                        Mode number              :	1
                        Accuracy                 :	2.88118e-14
                        Iterations               :	1
                        Solver time              :	0 s


                      ------------------------------------------------------------------------------
2025-04-13 23:20:55     Total time               :	14 s

                      ------------------------------------------------------------------------------
2025-04-13 23:20:55   

                      ------------------------------------------------------------------------------
2025-04-13 23:20:55     Calculation 18 (Frequency: 21.452 GHz, Theta: 0, Phi: 0)


                      ------------------------------------------------------------------------------
2025-04-13 23:21:09     Matrix setup time        :	0 s
                        Solver setup             :	12 s
                        Degrees of freedom       :	289946
                        Number of mesh cells     :	45175

                        Stimulation port         :	Zmin
                        Mode number              :	1
                        Accuracy                 :	4.86453e-14
                        Iterations               :	1
                        Solver time              :	0 s


                      ------------------------------------------------------------------------------
2025-04-13 23:21:09     Total time               :	13 s

                      ------------------------------------------------------------------------------
2025-04-13 23:21:09   

                      ------------------------------------------------------------------------------
2025-04-13 23:21:09     Calculation 19 (Frequency: 26.768 GHz, Theta: 0, Phi: 0)


                      ------------------------------------------------------------------------------
2025-04-13 23:21:23     Matrix setup time        :	0 s
                        Solver setup             :	12 s
                        Degrees of freedom       :	289946
                        Number of mesh cells     :	45175

                        Stimulation port         :	Zmin
                        Mode number              :	1
                        Accuracy                 :	4.67926e-14
                        Iterations               :	1
                        Solver time              :	0 s


                      ------------------------------------------------------------------------------
2025-04-13 23:21:23     Total time               :	13 s

                      ------------------------------------------------------------------------------
2025-04-13 23:21:23   

                      ------------------------------------------------------------------------------
2025-04-13 23:21:23     Calculation 20 (Frequency: 21.776 GHz, Theta: 0, Phi: 0)


                      ------------------------------------------------------------------------------
2025-04-13 23:21:37     Matrix setup time        :	0 s
                        Solver setup             :	12 s
                        Degrees of freedom       :	289946
                        Number of mesh cells     :	45175

                        Stimulation port         :	Zmin
                        Mode number              :	1
                        Accuracy                 :	4.87549e-14
                        Iterations               :	1
                        Solver time              :	0 s


                      ------------------------------------------------------------------------------
2025-04-13 23:21:37     Total time               :	13 s

                      ------------------------------------------------------------------------------
2025-04-13 23:21:37   

                      ------------------------------------------------------------------------------
2025-04-13 23:21:37     Calculation 21 (Frequency: 20.864 GHz, Theta: 0, Phi: 0)


                      ------------------------------------------------------------------------------
2025-04-13 23:21:51     Matrix setup time        :	0 s
                        Solver setup             :	12 s
                        Degrees of freedom       :	289946
                        Number of mesh cells     :	45175

                        Stimulation port         :	Zmin
                        Mode number              :	1
                        Accuracy                 :	2.35059e-14
                        Iterations               :	1
                        Solver time              :	0 s


                      ------------------------------------------------------------------------------
2025-04-13 23:21:51     Total time               :	13 s

                      ------------------------------------------------------------------------------
2025-04-13 23:21:51   

                      ------------------------------------------------------------------------------
2025-04-13 23:21:51     Calculation 22 (Frequency: 30.788 GHz, Theta: 0, Phi: 0)


                      ------------------------------------------------------------------------------
2025-04-13 23:22:04     Matrix setup time        :	0 s
                        Solver setup             :	12 s
                        Degrees of freedom       :	289946
                        Number of mesh cells     :	45175

                        Stimulation port         :	Zmin
                        Mode number              :	1
                        Accuracy                 :	2.42445e-14
                        Iterations               :	1
                        Solver time              :	0 s


                      ------------------------------------------------------------------------------
2025-04-13 23:22:05     Total time               :	13 s

                      ------------------------------------------------------------------------------
2025-04-13 23:22:05   

                      ------------------------------------------------------------------------------
2025-04-13 23:22:05     Calculation 23 (Frequency: 22.628 GHz, Theta: 0, Phi: 0)


                      ------------------------------------------------------------------------------
2025-04-13 23:22:18     Matrix setup time        :	0 s
                        Solver setup             :	12 s
                        Degrees of freedom       :	289946
                        Number of mesh cells     :	45175

                        Stimulation port         :	Zmin
                        Mode number              :	1
                        Accuracy                 :	2.91368e-14
                        Iterations               :	1
                        Solver time              :	0 s


                      ------------------------------------------------------------------------------
2025-04-13 23:22:18     Total time               :	13 s

                      ------------------------------------------------------------------------------
2025-04-13 23:22:18   

                      ------------------------------------------------------------------------------
2025-04-13 23:22:18     Calculation 24 (Frequency: 20.384 GHz, Theta: 0, Phi: 0)


                      ------------------------------------------------------------------------------
2025-04-13 23:22:32     Matrix setup time        :	0 s
                        Solver setup             :	12 s
                        Degrees of freedom       :	289946
                        Number of mesh cells     :	45175

                        Stimulation port         :	Zmin
                        Mode number              :	1
                        Accuracy                 :	2.50101e-14
                        Iterations               :	1
                        Solver time              :	0 s


                      ------------------------------------------------------------------------------
2025-04-13 23:22:32     Total time               :	13 s

                      ------------------------------------------------------------------------------
2025-04-13 23:22:32   

                      ------------------------------------------------------------------------------
2025-04-13 23:22:32     Calculation 25 (Frequency: 22.28 GHz, Theta: 0, Phi: 0)


                      ------------------------------------------------------------------------------
2025-04-13 23:22:46     Matrix setup time        :	0 s
                        Solver setup             :	12 s
                        Degrees of freedom       :	289946
                        Number of mesh cells     :	45175

                        Stimulation port         :	Zmin
                        Mode number              :	1
                        Accuracy                 :	3.72557e-14
                        Iterations               :	1
                        Solver time              :	0 s


                      ------------------------------------------------------------------------------
2025-04-13 23:22:46     Total time               :	14 s

                      ------------------------------------------------------------------------------
2025-04-13 23:22:46   

                      ------------------------------------------------------------------------------
2025-04-13 23:22:46     Calculation 26 (Frequency: 22.772 GHz, Theta: 0, Phi: 0)


                      ------------------------------------------------------------------------------
2025-04-13 23:23:00     Matrix setup time        :	0 s
                        Solver setup             :	12 s
                        Degrees of freedom       :	289946
                        Number of mesh cells     :	45175

                        Stimulation port         :	Zmin
                        Mode number              :	1
                        Accuracy                 :	2.68145e-14
                        Iterations               :	1
                        Solver time              :	0 s


                      ------------------------------------------------------------------------------
2025-04-13 23:23:00     Total time               :	13 s

                      ------------------------------------------------------------------------------
2025-04-13 23:23:00   

                      ------------------------------------------------------------------------------
2025-04-13 23:23:00     Calculation 27 (Frequency: 22.088 GHz, Theta: 0, Phi: 0)


                      ------------------------------------------------------------------------------
2025-04-13 23:23:14     Matrix setup time        :	0 s
                        Solver setup             :	12 s
                        Degrees of freedom       :	289946
                        Number of mesh cells     :	45175

                        Stimulation port         :	Zmin
                        Mode number              :	1
                        Accuracy                 :	3.17644e-14
                        Iterations               :	1
                        Solver time              :	0 s


                      ------------------------------------------------------------------------------
2025-04-13 23:23:14     Total time               :	13 s

                      ------------------------------------------------------------------------------
2025-04-13 23:23:14   

                      ------------------------------------------------------------------------------
2025-04-13 23:23:14     Calculation 28 (Frequency: 26.348 GHz, Theta: 0, Phi: 0)


                      ------------------------------------------------------------------------------
2025-04-13 23:23:27     Matrix setup time        :	0 s
                        Solver setup             :	12 s
                        Degrees of freedom       :	289946
                        Number of mesh cells     :	45175

                        Stimulation port         :	Zmin
                        Mode number              :	1
                        Accuracy                 :	8.54791e-14
                        Iterations               :	1
                        Solver time              :	0 s


                      ------------------------------------------------------------------------------
2025-04-13 23:23:28     Total time               :	13 s

                      ------------------------------------------------------------------------------
2025-04-13 23:23:28   

                      ------------------------------------------------------------------------------
2025-04-13 23:23:28     Calculation 29 (Frequency: 23.864 GHz, Theta: 0, Phi: 0)


                      ------------------------------------------------------------------------------
2025-04-13 23:23:41     Matrix setup time        :	0 s
                        Solver setup             :	12 s
                        Degrees of freedom       :	289946
                        Number of mesh cells     :	45175

                        Stimulation port         :	Zmin
                        Mode number              :	1
                        Accuracy                 :	1.90573e-14
                        Iterations               :	1
                        Solver time              :	0 s


                      ------------------------------------------------------------------------------
2025-04-13 23:23:41     Total time               :	13 s

                      ------------------------------------------------------------------------------
2025-04-13 23:23:41   

                      ------------------------------------------------------------------------------
2025-04-13 23:23:41     Calculation 30 (Frequency: 24.992 GHz, Theta: 0, Phi: 0)


                      ------------------------------------------------------------------------------
2025-04-13 23:23:54     Matrix setup time        :	0 s
                        Solver setup             :	12 s
                        Degrees of freedom       :	289946
                        Number of mesh cells     :	45175

                        Stimulation port         :	Zmin
                        Mode number              :	1
                        Accuracy                 :	3.43269e-14
                        Iterations               :	1
                        Solver time              :	0 s


                      ------------------------------------------------------------------------------
2025-04-13 23:23:54     Total time               :	13 s

                      ------------------------------------------------------------------------------
2025-04-13 23:23:54   

                      ------------------------------------------------------------------------------
2025-04-13 23:23:54     Calculation 31 (Frequency: 24.116 GHz, Theta: 0, Phi: 0)


                      ------------------------------------------------------------------------------
2025-04-13 23:24:08     Matrix setup time        :	0 s
                        Solver setup             :	12 s
                        Degrees of freedom       :	289946
                        Number of mesh cells     :	45175

                        Stimulation port         :	Zmin
                        Mode number              :	1
                        Accuracy                 :	1.97177e-14
                        Iterations               :	1
                        Solver time              :	0 s


                      ------------------------------------------------------------------------------
2025-04-13 23:24:08     Total time               :	13 s

                      ------------------------------------------------------------------------------
2025-04-13 23:24:08   

                      ------------------------------------------------------------------------------
2025-04-13 23:24:08   Finished the general purpose interpolative broadband frequency sweep:
                      All broadband sweep convergence criteria have been satisfied after
                      calculating 31 frequency samples:

                        Broadband sweep error threshold value :  0.01 (All S-Parameters) 
                        Number of error criterion checks      :  2 (All S-Parameters) 
                        Minimum number of samples             :  3
                        Number of data samples, linear        :  1001

                      ------------------------------------------------------------------------------
2025-04-13 23:24:08     Number of mesh cells     :	45175
                        Degrees of freedom       :	288284
                        Total Solver Time        :	463 s	 (= 0 h, 07 m, 43 s)
                      ================================================================================



                      ------------------------------------------------------------------------------
2025-04-13 23:24:08     ----------------------------------------------------------------------------
                                            Peak memory used (kB)         Free physical memory (kB) 
                                                                          At begin     Minimum      
                        ----------------------------------------------------------------------------
                        Solver start        21976                         9726040      9724476      
                        Eq. system setup    4808432                       9712124      8725584      
                        Eq. system solve    4808432                       9658476      4894840      
                        Mesh refinement     2923040                       9580276      9188584      
                        Solver run total    4808432                       9726044      4894840      

                        Computer name       Tahsin
                        ----------------------------------------------------------------------------


                      ------------------------------------------------------------------------------
2025-04-13 23:24:08   Running postprocessing.

                      ------------------------------------------------------------------------------
2025-04-13 23:24:09   Postprocessing finished.

                      ------------------------------------------------------------------------------
