2025-04-13 12:58:48   *** Warning ***

                      Electric isotropic material [Copper (pure)] has a very high conductivity for
                      the given mesh. Depending on your configuration it may be better to use a lossy
                      metal type for this material. More...

                      ------------------------------------------------------------------------------
2025-04-13 12:58:48   In order to get an optimal performance, hyperthreading is ignored for parallel
                      computations.

                      ------------------------------------------------------------------------------
2025-04-13 12:58:50   Units settings: 

                        Dimensions: mm
                        Frequency:  GHz
                        Time:       s

                      ------------------------------------------------------------------------------
2025-04-13 12:58:50   Boundary conditions: 

                        YZsymmetry: none
                        XZsymmetry: none
                        XYsymmetry: none

                        Xmin: unit cell
                        Xmax: unit cell

                        Ymin: unit cell
                        Ymax: unit cell

                        Zmin: expanded open
                        Zmax: expanded open

                      ------------------------------------------------------------------------------
2025-04-13 12:58:50   Order settings: 

                        Solver order   : 2nd (constant)
                        Curved elements: up to order 3 (automatic)

                      ------------------------------------------------------------------------------
2025-04-13 12:58:50   An iterative solver will be used first.

                      ------------------------------------------------------------------------------
2025-04-13 12:58:50     Mesh time                :	1 s


                      ------------------------------------------------------------------------------
2025-04-13 12:58:50   
                      ================================================================================
                      Frequency Domain Solver calculation cycle started

                      ------------------------------------------------------------------------------
2025-04-13 12:58:50   Solver started at: 2025-04-13 12:58:50 +0600

                        Module:  Frequency Domain: S-Parameter (Win 64)
                        Version: 2024.1 Release from 2023-10-16 (change 1181985)

                      ------------------------------------------------------------------------------
2025-04-13 12:58:50   The low frequency stabilization is not applied to periodic problems.

                      ------------------------------------------------------------------------------
2025-04-13 12:58:50     Calculation 1 of 1 (Frequency: 32 GHz, Theta: 0, Phi: 0)


                      ------------------------------------------------------------------------------
2025-04-13 12:58:50   The wavelength based mesh refinement has been applied to 5.0% of all mesh edges.

                      ------------------------------------------------------------------------------
2025-04-13 12:58:50   For some elements the curvature had to be slightly reduced to maintain the quality of the mesh. More...

                      ------------------------------------------------------------------------------
2025-04-13 12:58:51   Adaptive mesh refinement pass 1

                      ------------------------------------------------------------------------------
2025-04-13 12:58:57   *** Warning ***

2025-04-13 12:58:57   Detected possible stagnation of the iterative solver (4.241264e-02 after 250 iterations.)
                      Please consider aborting the solver run, and check your simulation setup.  More...

                      ------------------------------------------------------------------------------
2025-04-13 12:59:02   *** Warning ***

2025-04-13 12:59:02   The solver stopped because the maximum number of iterations (500, used for automatic solver choice) has been reached.

                      ------------------------------------------------------------------------------
2025-04-13 12:59:02   Solving again, but with the direct solver. Please consider forcing the direct solver in the solver special settings, and
                      check your simulation setup (for instance source and material definitions.)

                      ------------------------------------------------------------------------------
2025-04-13 12:59:03     Matrix setup time        :	0 s
                        Degrees of freedom       :	36486
                        Number of mesh cells     :	5561

                        Stimulation port         :	Zmin
                        Mode number              :	1
                        Accuracy                 :	7.2584e-14
                        Iterations               :	1
                        Solver time              :	0 s


                      ------------------------------------------------------------------------------
2025-04-13 12:59:03   26% of all mesh edges seem to be longer than expected. The adaptive mesh refinement's growth limitation will therefore 
                      use 14426 instead of 3722 mesh cells as a reference.

                      ------------------------------------------------------------------------------
2025-04-13 12:59:03   The wavelength based mesh refinement has been applied to 0.1% of all mesh edges.

                      ------------------------------------------------------------------------------
2025-04-13 12:59:04   For some elements the curvature had to be reduced to maintain the quality of the mesh. More...

                      ------------------------------------------------------------------------------
2025-04-13 12:59:04   Adaptive mesh refinement pass 2

                      ------------------------------------------------------------------------------
2025-04-13 12:59:07     Matrix setup time        :	0 s
                        Solver setup             :	2 s
                        Degrees of freedom       :	81438
                        Number of mesh cells     :	12625

                        Stimulation port         :	Zmin
                        Mode number              :	1
                        Accuracy                 :	3.88156e-14
                        Iterations               :	1
                        Solver time              :	0 s


                      ------------------------------------------------------------------------------
2025-04-13 12:59:07     Delta calculation        
2025-04-13 12:59:07     All S-Parameters         :	0.0134298
2025-04-13 12:59:07   

                      ------------------------------------------------------------------------------
2025-04-13 12:59:09   Adaptive mesh refinement pass 3

                      ------------------------------------------------------------------------------
2025-04-13 12:59:14     Matrix setup time        :	0 s
                        Solver setup             :	4 s
                        Degrees of freedom       :	130068
                        Number of mesh cells     :	20247

                        Stimulation port         :	Zmin
                        Mode number              :	1
                        Accuracy                 :	2.73446e-14
                        Iterations               :	1
                        Solver time              :	0 s


                      ------------------------------------------------------------------------------
2025-04-13 12:59:14     Delta calculation        
2025-04-13 12:59:14     All S-Parameters         :	0.00756835
2025-04-13 12:59:14   

                      ------------------------------------------------------------------------------
2025-04-13 12:59:14   Mesh adaptation terminated because the desired accuracy limit is reached.

                      ------------------------------------------------------------------------------
2025-04-13 12:59:14   *** Warning ***

2025-04-13 12:59:14   At least one propagating Floquet mode is not considered at port Zmin. Please increase the number of modes at this port. 
                      More...

                      ------------------------------------------------------------------------------
2025-04-13 12:59:14   *** Warning ***

2025-04-13 12:59:14   At least one propagating Floquet mode is not considered at port Zmax. Please increase the number of modes at this port. 
                      More...

                      ------------------------------------------------------------------------------
2025-04-13 12:59:14     Total time               :	23 s

                      ------------------------------------------------------------------------------
2025-04-13 12:59:14   

                      ------------------------------------------------------------------------------
2025-04-13 12:59:14     Calculation 2 (Frequency: 20 GHz, Theta: 0, Phi: 0)


                      ------------------------------------------------------------------------------
2025-04-13 12:59:18     Matrix setup time        :	0 s
                        Solver setup             :	3 s
                        Degrees of freedom       :	130068
                        Number of mesh cells     :	20247

                        Stimulation port         :	Zmin
                        Mode number              :	1
                        Accuracy                 :	5.41792e-14
                        Iterations               :	1
                        Solver time              :	0 s


                      ------------------------------------------------------------------------------
2025-04-13 12:59:18     Total time               :	3 s

                      ------------------------------------------------------------------------------
2025-04-13 12:59:18   

                      ------------------------------------------------------------------------------
2025-04-13 12:59:18     Calculation 3 (Frequency: 26 GHz, Theta: 0, Phi: 0)


                      ------------------------------------------------------------------------------
2025-04-13 12:59:22     Matrix setup time        :	0 s
                        Solver setup             :	3 s
                        Degrees of freedom       :	130068
                        Number of mesh cells     :	20247

                        Stimulation port         :	Zmin
                        Mode number              :	1
                        Accuracy                 :	3.91571e-14
                        Iterations               :	1
                        Solver time              :	0 s


                      ------------------------------------------------------------------------------
2025-04-13 12:59:22     Total time               :	3 s

                      ------------------------------------------------------------------------------
2025-04-13 12:59:22   

                      ------------------------------------------------------------------------------
2025-04-13 12:59:22     Calculation 4 (Frequency: 29 GHz, Theta: 0, Phi: 0)


                      ------------------------------------------------------------------------------
2025-04-13 12:59:26     Matrix setup time        :	0 s
                        Solver setup             :	3 s
                        Degrees of freedom       :	130068
                        Number of mesh cells     :	20247

                        Stimulation port         :	Zmin
                        Mode number              :	1
                        Accuracy                 :	4.75997e-14
                        Iterations               :	1
                        Solver time              :	0 s


                      ------------------------------------------------------------------------------
2025-04-13 12:59:26     Total time               :	4 s

                      ------------------------------------------------------------------------------
2025-04-13 12:59:26   

                      ------------------------------------------------------------------------------
2025-04-13 12:59:26     Calculation 5 (Frequency: 23.54 GHz, Theta: 0, Phi: 0)


                      ------------------------------------------------------------------------------
2025-04-13 12:59:30     Matrix setup time        :	0 s
                        Solver setup             :	3 s
                        Degrees of freedom       :	130068
                        Number of mesh cells     :	20247

                        Stimulation port         :	Zmin
                        Mode number              :	1
                        Accuracy                 :	4.45006e-14
                        Iterations               :	1
                        Solver time              :	0 s


                      ------------------------------------------------------------------------------
2025-04-13 12:59:30     Total time               :	3 s

                      ------------------------------------------------------------------------------
2025-04-13 12:59:30   

                      ------------------------------------------------------------------------------
2025-04-13 12:59:30     Calculation 6 (Frequency: 27.392 GHz, Theta: 0, Phi: 0)


                      ------------------------------------------------------------------------------
2025-04-13 12:59:34     Matrix setup time        :	0 s
                        Solver setup             :	3 s
                        Degrees of freedom       :	130068
                        Number of mesh cells     :	20247

                        Stimulation port         :	Zmin
                        Mode number              :	1
                        Accuracy                 :	4.61662e-14
                        Iterations               :	1
                        Solver time              :	0 s


                      ------------------------------------------------------------------------------
2025-04-13 12:59:35     Total time               :	4 s

                      ------------------------------------------------------------------------------
2025-04-13 12:59:35   

                      ------------------------------------------------------------------------------
2025-04-13 12:59:35     Calculation 7 (Frequency: 22.376 GHz, Theta: 0, Phi: 0)


                      ------------------------------------------------------------------------------
2025-04-13 12:59:39     Matrix setup time        :	0 s
                        Solver setup             :	3 s
                        Degrees of freedom       :	130068
                        Number of mesh cells     :	20247

                        Stimulation port         :	Zmin
                        Mode number              :	1
                        Accuracy                 :	9.59862e-14
                        Iterations               :	1
                        Solver time              :	0 s


                      ------------------------------------------------------------------------------
2025-04-13 12:59:39     Total time               :	4 s

                      ------------------------------------------------------------------------------
2025-04-13 12:59:39   

                      ------------------------------------------------------------------------------
2025-04-13 12:59:39     Calculation 8 (Frequency: 28.016 GHz, Theta: 0, Phi: 0)


                      ------------------------------------------------------------------------------
2025-04-13 12:59:43     Matrix setup time        :	0 s
                        Solver setup             :	3 s
                        Degrees of freedom       :	130068
                        Number of mesh cells     :	20247

                        Stimulation port         :	Zmin
                        Mode number              :	1
                        Accuracy                 :	5.493e-14
                        Iterations               :	1
                        Solver time              :	0 s


                      ------------------------------------------------------------------------------
2025-04-13 12:59:43     Total time               :	3 s

                      ------------------------------------------------------------------------------
2025-04-13 12:59:43   

                      ------------------------------------------------------------------------------
2025-04-13 12:59:43     Calculation 9 (Frequency: 22.316 GHz, Theta: 0, Phi: 0)


                      ------------------------------------------------------------------------------
2025-04-13 12:59:46     Matrix setup time        :	0 s
                        Solver setup             :	3 s
                        Degrees of freedom       :	130068
                        Number of mesh cells     :	20247

                        Stimulation port         :	Zmin
                        Mode number              :	1
                        Accuracy                 :	6.79931e-14
                        Iterations               :	1
                        Solver time              :	0 s


                      ------------------------------------------------------------------------------
2025-04-13 12:59:47     Total time               :	3 s

                      ------------------------------------------------------------------------------
2025-04-13 12:59:47   

                      ------------------------------------------------------------------------------
2025-04-13 12:59:47     Calculation 10 (Frequency: 22.892 GHz, Theta: 0, Phi: 0)


                      ------------------------------------------------------------------------------
2025-04-13 12:59:50     Matrix setup time        :	0 s
                        Solver setup             :	3 s
                        Degrees of freedom       :	130068
                        Number of mesh cells     :	20247

                        Stimulation port         :	Zmin
                        Mode number              :	1
                        Accuracy                 :	3.8262e-14
                        Iterations               :	1
                        Solver time              :	0 s


                      ------------------------------------------------------------------------------
2025-04-13 12:59:51     Total time               :	3 s

                      ------------------------------------------------------------------------------
2025-04-13 12:59:51   

                      ------------------------------------------------------------------------------
2025-04-13 12:59:51     Calculation 11 (Frequency: 21.452 GHz, Theta: 0, Phi: 0)


                      ------------------------------------------------------------------------------
2025-04-13 12:59:54     Matrix setup time        :	0 s
                        Solver setup             :	3 s
                        Degrees of freedom       :	130068
                        Number of mesh cells     :	20247

                        Stimulation port         :	Zmin
                        Mode number              :	1
                        Accuracy                 :	6.60816e-14
                        Iterations               :	1
                        Solver time              :	0 s


                      ------------------------------------------------------------------------------
2025-04-13 12:59:54     Total time               :	3 s

                      ------------------------------------------------------------------------------
2025-04-13 12:59:54   

                      ------------------------------------------------------------------------------
2025-04-13 12:59:54     Calculation 12 (Frequency: 28.28 GHz, Theta: 0, Phi: 0)


                      ------------------------------------------------------------------------------
2025-04-13 12:59:58     Matrix setup time        :	0 s
                        Solver setup             :	3 s
                        Degrees of freedom       :	130068
                        Number of mesh cells     :	20247

                        Stimulation port         :	Zmin
                        Mode number              :	1
                        Accuracy                 :	5.25068e-14
                        Iterations               :	1
                        Solver time              :	0 s


                      ------------------------------------------------------------------------------
2025-04-13 12:59:58     Total time               :	3 s

                      ------------------------------------------------------------------------------
2025-04-13 12:59:58   

                      ------------------------------------------------------------------------------
2025-04-13 12:59:58     Calculation 13 (Frequency: 29.396 GHz, Theta: 0, Phi: 0)


                      ------------------------------------------------------------------------------
2025-04-13 13:00:02     Matrix setup time        :	0 s
                        Solver setup             :	3 s
                        Degrees of freedom       :	130068
                        Number of mesh cells     :	20247

                        Stimulation port         :	Zmin
                        Mode number              :	1
                        Accuracy                 :	6.08062e-14
                        Iterations               :	1
                        Solver time              :	0 s


                      ------------------------------------------------------------------------------
2025-04-13 13:00:02     Total time               :	3 s

                      ------------------------------------------------------------------------------
2025-04-13 13:00:02   

                      ------------------------------------------------------------------------------
2025-04-13 13:00:02     Calculation 14 (Frequency: 28.904 GHz, Theta: 0, Phi: 0)


                      ------------------------------------------------------------------------------
2025-04-13 13:00:06     Matrix setup time        :	0 s
                        Solver setup             :	3 s
                        Degrees of freedom       :	130068
                        Number of mesh cells     :	20247

                        Stimulation port         :	Zmin
                        Mode number              :	1
                        Accuracy                 :	8.7029e-14
                        Iterations               :	1
                        Solver time              :	0 s


                      ------------------------------------------------------------------------------
2025-04-13 13:00:06     Total time               :	3 s

                      ------------------------------------------------------------------------------
2025-04-13 13:00:06   

                      ------------------------------------------------------------------------------
2025-04-13 13:00:06     Calculation 15 (Frequency: 21.716 GHz, Theta: 0, Phi: 0)


                      ------------------------------------------------------------------------------
2025-04-13 13:00:10     Matrix setup time        :	0 s
                        Solver setup             :	3 s
                        Degrees of freedom       :	130068
                        Number of mesh cells     :	20247

                        Stimulation port         :	Zmin
                        Mode number              :	1
                        Accuracy                 :	8.57774e-14
                        Iterations               :	1
                        Solver time              :	0 s


                      ------------------------------------------------------------------------------
2025-04-13 13:00:10     Total time               :	3 s

                      ------------------------------------------------------------------------------
2025-04-13 13:00:10   

                      ------------------------------------------------------------------------------
2025-04-13 13:00:10     Calculation 16 (Frequency: 21.02 GHz, Theta: 0, Phi: 0)


                      ------------------------------------------------------------------------------
2025-04-13 13:00:14     Matrix setup time        :	0 s
                        Solver setup             :	3 s
                        Degrees of freedom       :	130068
                        Number of mesh cells     :	20247

                        Stimulation port         :	Zmin
                        Mode number              :	1
                        Accuracy                 :	5.05508e-14
                        Iterations               :	1
                        Solver time              :	0 s


                      ------------------------------------------------------------------------------
2025-04-13 13:00:14     Total time               :	3 s

                      ------------------------------------------------------------------------------
2025-04-13 13:00:14   

                      ------------------------------------------------------------------------------
2025-04-13 13:00:14     Calculation 17 (Frequency: 29.768 GHz, Theta: 0, Phi: 0)


                      ------------------------------------------------------------------------------
2025-04-13 13:00:18     Matrix setup time        :	0 s
                        Solver setup             :	3 s
                        Degrees of freedom       :	130068
                        Number of mesh cells     :	20247

                        Stimulation port         :	Zmin
                        Mode number              :	1
                        Accuracy                 :	5.8177e-14
                        Iterations               :	1
                        Solver time              :	0 s


                      ------------------------------------------------------------------------------
2025-04-13 13:00:18     Total time               :	3 s

                      ------------------------------------------------------------------------------
2025-04-13 13:00:18   

                      ------------------------------------------------------------------------------
2025-04-13 13:00:18     Calculation 18 (Frequency: 26.912 GHz, Theta: 0, Phi: 0)


                      ------------------------------------------------------------------------------
2025-04-13 13:00:22     Matrix setup time        :	0 s
                        Solver setup             :	3 s
                        Degrees of freedom       :	130068
                        Number of mesh cells     :	20247

                        Stimulation port         :	Zmin
                        Mode number              :	1
                        Accuracy                 :	3.22076e-14
                        Iterations               :	1
                        Solver time              :	0 s


                      ------------------------------------------------------------------------------
2025-04-13 13:00:22     Total time               :	3 s

                      ------------------------------------------------------------------------------
2025-04-13 13:00:22   

                      ------------------------------------------------------------------------------
2025-04-13 13:00:22     Calculation 19 (Frequency: 30.536 GHz, Theta: 0, Phi: 0)


                      ------------------------------------------------------------------------------
2025-04-13 13:00:26     Matrix setup time        :	0 s
                        Solver setup             :	3 s
                        Degrees of freedom       :	130068
                        Number of mesh cells     :	20247

                        Stimulation port         :	Zmin
                        Mode number              :	1
                        Accuracy                 :	4.63618e-14
                        Iterations               :	1
                        Solver time              :	0 s


                      ------------------------------------------------------------------------------
2025-04-13 13:00:27     Total time               :	3 s

                      ------------------------------------------------------------------------------
2025-04-13 13:00:27   

                      ------------------------------------------------------------------------------
2025-04-13 13:00:27     Calculation 20 (Frequency: 26.6 GHz, Theta: 0, Phi: 0)


                      ------------------------------------------------------------------------------
2025-04-13 13:00:31     Matrix setup time        :	0 s
                        Solver setup             :	3 s
                        Degrees of freedom       :	130068
                        Number of mesh cells     :	20247

                        Stimulation port         :	Zmin
                        Mode number              :	1
                        Accuracy                 :	4.78708e-14
                        Iterations               :	1
                        Solver time              :	0 s


                      ------------------------------------------------------------------------------
2025-04-13 13:00:31     Total time               :	4 s

                      ------------------------------------------------------------------------------
2025-04-13 13:00:31   

                      ------------------------------------------------------------------------------
2025-04-13 13:00:31     Calculation 21 (Frequency: 31.46 GHz, Theta: 0, Phi: 0)


                      ------------------------------------------------------------------------------
2025-04-13 13:00:35     Matrix setup time        :	0 s
                        Solver setup             :	3 s
                        Degrees of freedom       :	130068
                        Number of mesh cells     :	20247

                        Stimulation port         :	Zmin
                        Mode number              :	1
                        Accuracy                 :	3.65216e-14
                        Iterations               :	1
                        Solver time              :	0 s


                      ------------------------------------------------------------------------------
2025-04-13 13:00:35     Total time               :	4 s

                      ------------------------------------------------------------------------------
2025-04-13 13:00:35   

                      ------------------------------------------------------------------------------
2025-04-13 13:00:35     Calculation 22 (Frequency: 24.62 GHz, Theta: 0, Phi: 0)


                      ------------------------------------------------------------------------------
2025-04-13 13:00:39     Matrix setup time        :	0 s
                        Solver setup             :	3 s
                        Degrees of freedom       :	130068
                        Number of mesh cells     :	20247

                        Stimulation port         :	Zmin
                        Mode number              :	1
                        Accuracy                 :	2.63507e-14
                        Iterations               :	1
                        Solver time              :	0 s


                      ------------------------------------------------------------------------------
2025-04-13 13:00:39     Total time               :	4 s

                      ------------------------------------------------------------------------------
2025-04-13 13:00:39   

                      ------------------------------------------------------------------------------
2025-04-13 13:00:39     Calculation 23 (Frequency: 20.408 GHz, Theta: 0, Phi: 0)


                      ------------------------------------------------------------------------------
2025-04-13 13:00:43     Matrix setup time        :	0 s
                        Solver setup             :	3 s
                        Degrees of freedom       :	130068
                        Number of mesh cells     :	20247

                        Stimulation port         :	Zmin
                        Mode number              :	1
                        Accuracy                 :	5.40665e-14
                        Iterations               :	1
                        Solver time              :	0 s


                      ------------------------------------------------------------------------------
2025-04-13 13:00:44     Total time               :	4 s

                      ------------------------------------------------------------------------------
2025-04-13 13:00:44   

                      ------------------------------------------------------------------------------
2025-04-13 13:00:44     Calculation 24 (Frequency: 23.804 GHz, Theta: 0, Phi: 0)


                      ------------------------------------------------------------------------------
2025-04-13 13:00:47     Matrix setup time        :	0 s
                        Solver setup             :	3 s
                        Degrees of freedom       :	130068
                        Number of mesh cells     :	20247

                        Stimulation port         :	Zmin
                        Mode number              :	1
                        Accuracy                 :	5.17479e-14
                        Iterations               :	1
                        Solver time              :	0 s


                      ------------------------------------------------------------------------------
2025-04-13 13:00:48     Total time               :	4 s

                      ------------------------------------------------------------------------------
2025-04-13 13:00:48   

                      ------------------------------------------------------------------------------
2025-04-13 13:00:48     Calculation 25 (Frequency: 26.264 GHz, Theta: 0, Phi: 0)


                      ------------------------------------------------------------------------------
2025-04-13 13:00:51     Matrix setup time        :	0 s
                        Solver setup             :	3 s
                        Degrees of freedom       :	130068
                        Number of mesh cells     :	20247

                        Stimulation port         :	Zmin
                        Mode number              :	1
                        Accuracy                 :	4.03786e-14
                        Iterations               :	1
                        Solver time              :	0 s


                      ------------------------------------------------------------------------------
2025-04-13 13:00:52     Total time               :	3 s

                      ------------------------------------------------------------------------------
2025-04-13 13:00:52   

                      ------------------------------------------------------------------------------
2025-04-13 13:00:52     Calculation 26 (Frequency: 25.664 GHz, Theta: 0, Phi: 0)


                      ------------------------------------------------------------------------------
2025-04-13 13:00:56     Matrix setup time        :	0 s
                        Solver setup             :	3 s
                        Degrees of freedom       :	130068
                        Number of mesh cells     :	20247

                        Stimulation port         :	Zmin
                        Mode number              :	1
                        Accuracy                 :	2.72205e-14
                        Iterations               :	1
                        Solver time              :	0 s


                      ------------------------------------------------------------------------------
2025-04-13 13:00:56     Total time               :	3 s

                      ------------------------------------------------------------------------------
2025-04-13 13:00:56   

                      ------------------------------------------------------------------------------
2025-04-13 13:00:56     Calculation 27 (Frequency: 29.108 GHz, Theta: 0, Phi: 0)


                      ------------------------------------------------------------------------------
2025-04-13 13:01:00     Matrix setup time        :	0 s
                        Solver setup             :	3 s
                        Degrees of freedom       :	130068
                        Number of mesh cells     :	20247

                        Stimulation port         :	Zmin
                        Mode number              :	1
                        Accuracy                 :	5.62447e-14
                        Iterations               :	1
                        Solver time              :	0 s


                      ------------------------------------------------------------------------------
2025-04-13 13:01:00     Total time               :	4 s

                      ------------------------------------------------------------------------------
2025-04-13 13:01:00   

                      ------------------------------------------------------------------------------
2025-04-13 13:01:00     Calculation 28 (Frequency: 30.176 GHz, Theta: 0, Phi: 0)


                      ------------------------------------------------------------------------------
2025-04-13 13:01:04     Matrix setup time        :	0 s
                        Solver setup             :	3 s
                        Degrees of freedom       :	130068
                        Number of mesh cells     :	20247

                        Stimulation port         :	Zmin
                        Mode number              :	1
                        Accuracy                 :	4.87302e-14
                        Iterations               :	1
                        Solver time              :	0 s


                      ------------------------------------------------------------------------------
2025-04-13 13:01:04     Total time               :	4 s

                      ------------------------------------------------------------------------------
2025-04-13 13:01:04   

                      ------------------------------------------------------------------------------
2025-04-13 13:01:04     Calculation 29 (Frequency: 30.836 GHz, Theta: 0, Phi: 0)


                      ------------------------------------------------------------------------------
2025-04-13 13:01:08     Matrix setup time        :	0 s
                        Solver setup             :	3 s
                        Degrees of freedom       :	130068
                        Number of mesh cells     :	20247

                        Stimulation port         :	Zmin
                        Mode number              :	1
                        Accuracy                 :	4.06339e-14
                        Iterations               :	1
                        Solver time              :	0 s


                      ------------------------------------------------------------------------------
2025-04-13 13:01:08     Total time               :	4 s

                      ------------------------------------------------------------------------------
2025-04-13 13:01:08   

                      ------------------------------------------------------------------------------
2025-04-13 13:01:08     Calculation 30 (Frequency: 30.38 GHz, Theta: 0, Phi: 0)


                      ------------------------------------------------------------------------------
2025-04-13 13:01:12     Matrix setup time        :	0 s
                        Solver setup             :	3 s
                        Degrees of freedom       :	130068
                        Number of mesh cells     :	20247

                        Stimulation port         :	Zmin
                        Mode number              :	1
                        Accuracy                 :	4.44519e-14
                        Iterations               :	1
                        Solver time              :	0 s


                      ------------------------------------------------------------------------------
2025-04-13 13:01:12     Total time               :	3 s

                      ------------------------------------------------------------------------------
2025-04-13 13:01:12   

                      ------------------------------------------------------------------------------
2025-04-13 13:01:12     Calculation 31 (Frequency: 24.836 GHz, Theta: 0, Phi: 0)


                      ------------------------------------------------------------------------------
2025-04-13 13:01:16     Matrix setup time        :	0 s
                        Solver setup             :	3 s
                        Degrees of freedom       :	130068
                        Number of mesh cells     :	20247

                        Stimulation port         :	Zmin
                        Mode number              :	1
                        Accuracy                 :	3.04164e-14
                        Iterations               :	1
                        Solver time              :	0 s


                      ------------------------------------------------------------------------------
2025-04-13 13:01:16     Total time               :	4 s

                      ------------------------------------------------------------------------------
2025-04-13 13:01:16   

                      ------------------------------------------------------------------------------
2025-04-13 13:01:16   Finished the general purpose interpolative broadband frequency sweep:
                      All broadband sweep convergence criteria have been satisfied after
                      calculating 31 frequency samples:

                        Broadband sweep error threshold value :  0.01 (All S-Parameters) 
                        Number of error criterion checks      :  2 (All S-Parameters) 
                        Minimum number of samples             :  3
                        Number of data samples, linear        :  1001

                      ------------------------------------------------------------------------------
2025-04-13 13:01:16     Number of mesh cells     :	20247
                        Degrees of freedom       :	129108
                        Total Solver Time        :	147 s	 (= 0 h, 02 m, 27 s)
                      ================================================================================



                      ------------------------------------------------------------------------------
2025-04-13 13:01:16     ----------------------------------------------------------------------------
                                            Peak memory used (kB)         Free physical memory (kB) 
                                                                          At begin     Minimum      
                        ----------------------------------------------------------------------------
                        Solver start        22180                         6715504      6714828      
                        Eq. system setup    2378248                       6679276      5685804      
                        Eq. system solve    2378248                       6632292      4175904      
                        Mesh refinement     1284724                       6422684      6163456      
                        Solver run total    2378248                       6715508      4175904      

                        Computer name       Tahsin
                        ----------------------------------------------------------------------------


                      ------------------------------------------------------------------------------
2025-04-13 13:01:17   Running postprocessing.

                      ------------------------------------------------------------------------------
2025-04-13 13:01:17   Postprocessing finished.

                      ------------------------------------------------------------------------------
