2025-06-13 13:51:39   *** Warning ***

                      Electric isotropic material [Copper (pure)] has a very high conductivity for
                      the given mesh. Depending on your configuration it may be better to use a lossy
                      metal type for this material. More...

                      ------------------------------------------------------------------------------
2025-06-13 13:51:39   In order to get an optimal performance, hyperthreading is ignored for parallel
                      computations.

                      ------------------------------------------------------------------------------
2025-06-13 13:51:41   Units settings: 

                        Dimensions: mm
                        Frequency:  GHz
                        Time:       s

                      ------------------------------------------------------------------------------
2025-06-13 13:51:41   Boundary conditions: 

                        YZsymmetry: none
                        XZsymmetry: none
                        XYsymmetry: none

                        Xmin: unit cell
                        Xmax: unit cell

                        Ymin: unit cell
                        Ymax: unit cell

                        Zmin: expanded open
                        Zmax: expanded open

                      ------------------------------------------------------------------------------
2025-06-13 13:51:41   Order settings: 

                        Solver order   : 2nd (constant)
                        Curved elements: up to order 3 (automatic)

                      ------------------------------------------------------------------------------
2025-06-13 13:51:41   An iterative solver will be used first.

                      ------------------------------------------------------------------------------
2025-06-13 13:51:41     Mesh time                :	1 s


                      ------------------------------------------------------------------------------
2025-06-13 13:51:41   
                      ================================================================================
                      Frequency Domain Solver calculation cycle started

                      ------------------------------------------------------------------------------
2025-06-13 13:51:41   Solver started at: 2025-06-13 13:51:41 +0800

                        Module:  Frequency Domain: S-Parameter (Win 64)
                        Version: 2024.1 Release from 2023-10-16 (change 1181985)

                      ------------------------------------------------------------------------------
2025-06-13 13:51:41   The low frequency stabilization is not applied to periodic problems.

                      ------------------------------------------------------------------------------
2025-06-13 13:51:41     Calculation 1 of 1 (Frequency: 32 GHz, Theta: 0, Phi: 0)


                      ------------------------------------------------------------------------------
2025-06-13 13:51:41   The wavelength based mesh refinement has been applied to 5.8% of all mesh edges.

                      ------------------------------------------------------------------------------
2025-06-13 13:51:41   Adaptive mesh refinement pass 1

                      ------------------------------------------------------------------------------
2025-06-13 13:51:49   *** Warning ***

2025-06-13 13:51:49   Detected possible stagnation of the iterative solver (5.462335e-02 after 250 iterations.)
                      Please consider aborting the solver run, and check your simulation setup.  More...

                      ------------------------------------------------------------------------------
2025-06-13 13:51:56   *** Warning ***

2025-06-13 13:51:56   The solver stopped because the maximum number of iterations (500, used for automatic solver choice) has been reached.

                      ------------------------------------------------------------------------------
2025-06-13 13:51:56   Solving again, but with the direct solver. Please consider forcing the direct solver in the solver special settings, and
                      check your simulation setup (for instance source and material definitions.)

                      ------------------------------------------------------------------------------
2025-06-13 13:51:57     Matrix setup time        :	0 s
                        Degrees of freedom       :	38392
                        Number of mesh cells     :	5860

                        Stimulation port         :	Zmin
                        Mode number              :	1
                        Accuracy                 :	8.01477e-14
                        Iterations               :	1
                        Solver time              :	0 s


                      ------------------------------------------------------------------------------
2025-06-13 13:51:58   25% of all mesh edges seem to be longer than expected. The adaptive mesh refinement's growth limitation will therefore 
                      use 14693 instead of 3717 mesh cells as a reference.

                      ------------------------------------------------------------------------------
2025-06-13 13:51:58   The wavelength based mesh refinement has been applied to 0.2% of all mesh edges.

                      ------------------------------------------------------------------------------
2025-06-13 13:51:58   For some elements the curvature had to be slightly reduced to maintain the quality of the mesh. More...

                      ------------------------------------------------------------------------------
2025-06-13 13:51:59   Adaptive mesh refinement pass 2

                      ------------------------------------------------------------------------------
2025-06-13 13:52:01     Matrix setup time        :	0 s
                        Solver setup             :	2 s
                        Degrees of freedom       :	78658
                        Number of mesh cells     :	12164

                        Stimulation port         :	Zmin
                        Mode number              :	1
                        Accuracy                 :	4.25572e-14
                        Iterations               :	1
                        Solver time              :	0 s


                      ------------------------------------------------------------------------------
2025-06-13 13:52:01     Delta calculation        
2025-06-13 13:52:01     All S-Parameters         :	0.0255559
2025-06-13 13:52:01   

                      ------------------------------------------------------------------------------
2025-06-13 13:52:03   Adaptive mesh refinement pass 3

                      ------------------------------------------------------------------------------
2025-06-13 13:52:09     Matrix setup time        :	0 s
                        Solver setup             :	5 s
                        Degrees of freedom       :	134658
                        Number of mesh cells     :	20925

                        Stimulation port         :	Zmin
                        Mode number              :	1
                        Accuracy                 :	3.69621e-14
                        Iterations               :	1
                        Solver time              :	0 s


                      ------------------------------------------------------------------------------
2025-06-13 13:52:10     Delta calculation        
2025-06-13 13:52:10     All S-Parameters         :	0.0129918
2025-06-13 13:52:10   

                      ------------------------------------------------------------------------------
2025-06-13 13:52:10   Mesh adaptation terminated because the desired accuracy limit is reached.

                      ------------------------------------------------------------------------------
2025-06-13 13:52:10   *** Warning ***

2025-06-13 13:52:10   At least one propagating Floquet mode is not considered at port Zmin. Please increase the number of modes at this port. 
                      More...

                      ------------------------------------------------------------------------------
2025-06-13 13:52:10   *** Warning ***

2025-06-13 13:52:10   At least one propagating Floquet mode is not considered at port Zmax. Please increase the number of modes at this port. 
                      More...

                      ------------------------------------------------------------------------------
2025-06-13 13:52:10     Total time               :	28 s

                      ------------------------------------------------------------------------------
2025-06-13 13:52:10   

                      ------------------------------------------------------------------------------
2025-06-13 13:52:10     Calculation 2 (Frequency: 20 GHz, Theta: 0, Phi: 0)


                      ------------------------------------------------------------------------------
2025-06-13 13:52:15     Matrix setup time        :	0 s
                        Solver setup             :	4 s
                        Degrees of freedom       :	134658
                        Number of mesh cells     :	20925

                        Stimulation port         :	Zmin
                        Mode number              :	1
                        Accuracy                 :	4.78342e-14
                        Iterations               :	1
                        Solver time              :	0 s


                      ------------------------------------------------------------------------------
2025-06-13 13:52:15     Total time               :	5 s

                      ------------------------------------------------------------------------------
2025-06-13 13:52:15   

                      ------------------------------------------------------------------------------
2025-06-13 13:52:15     Calculation 3 (Frequency: 26 GHz, Theta: 0, Phi: 0)


                      ------------------------------------------------------------------------------
2025-06-13 13:52:20     Matrix setup time        :	0 s
                        Solver setup             :	4 s
                        Degrees of freedom       :	134658
                        Number of mesh cells     :	20925

                        Stimulation port         :	Zmin
                        Mode number              :	1
                        Accuracy                 :	6.01654e-14
                        Iterations               :	1
                        Solver time              :	0 s


                      ------------------------------------------------------------------------------
2025-06-13 13:52:20     Total time               :	5 s

                      ------------------------------------------------------------------------------
2025-06-13 13:52:20   

                      ------------------------------------------------------------------------------
2025-06-13 13:52:20     Calculation 4 (Frequency: 29 GHz, Theta: 0, Phi: 0)


                      ------------------------------------------------------------------------------
2025-06-13 13:52:26     Matrix setup time        :	0 s
                        Solver setup             :	4 s
                        Degrees of freedom       :	134658
                        Number of mesh cells     :	20925

                        Stimulation port         :	Zmin
                        Mode number              :	1
                        Accuracy                 :	4.69225e-14
                        Iterations               :	1
                        Solver time              :	0 s


                      ------------------------------------------------------------------------------
2025-06-13 13:52:26     Total time               :	5 s

                      ------------------------------------------------------------------------------
2025-06-13 13:52:26   

                      ------------------------------------------------------------------------------
2025-06-13 13:52:26     Calculation 5 (Frequency: 23.444 GHz, Theta: 0, Phi: 0)


                      ------------------------------------------------------------------------------
2025-06-13 13:52:31     Matrix setup time        :	0 s
                        Solver setup             :	4 s
                        Degrees of freedom       :	134658
                        Number of mesh cells     :	20925

                        Stimulation port         :	Zmin
                        Mode number              :	1
                        Accuracy                 :	4.18883e-14
                        Iterations               :	1
                        Solver time              :	0 s


                      ------------------------------------------------------------------------------
2025-06-13 13:52:31     Total time               :	5 s

                      ------------------------------------------------------------------------------
2025-06-13 13:52:31   

                      ------------------------------------------------------------------------------
2025-06-13 13:52:31     Calculation 6 (Frequency: 27.404 GHz, Theta: 0, Phi: 0)


                      ------------------------------------------------------------------------------
2025-06-13 13:52:36     Matrix setup time        :	0 s
                        Solver setup             :	4 s
                        Degrees of freedom       :	134658
                        Number of mesh cells     :	20925

                        Stimulation port         :	Zmin
                        Mode number              :	1
                        Accuracy                 :	3.63913e-14
                        Iterations               :	1
                        Solver time              :	0 s


                      ------------------------------------------------------------------------------
2025-06-13 13:52:36     Total time               :	5 s

                      ------------------------------------------------------------------------------
2025-06-13 13:52:36   

                      ------------------------------------------------------------------------------
2025-06-13 13:52:36     Calculation 7 (Frequency: 22.136 GHz, Theta: 0, Phi: 0)


                      ------------------------------------------------------------------------------
2025-06-13 13:52:41     Matrix setup time        :	0 s
                        Solver setup             :	4 s
                        Degrees of freedom       :	134658
                        Number of mesh cells     :	20925

                        Stimulation port         :	Zmin
                        Mode number              :	1
                        Accuracy                 :	6.15604e-14
                        Iterations               :	1
                        Solver time              :	0 s


                      ------------------------------------------------------------------------------
2025-06-13 13:52:42     Total time               :	5 s

                      ------------------------------------------------------------------------------
2025-06-13 13:52:42   

                      ------------------------------------------------------------------------------
2025-06-13 13:52:42     Calculation 8 (Frequency: 24.008 GHz, Theta: 0, Phi: 0)


                      ------------------------------------------------------------------------------
2025-06-13 13:52:47     Matrix setup time        :	0 s
                        Solver setup             :	4 s
                        Degrees of freedom       :	134658
                        Number of mesh cells     :	20925

                        Stimulation port         :	Zmin
                        Mode number              :	1
                        Accuracy                 :	3.57558e-14
                        Iterations               :	1
                        Solver time              :	0 s


                      ------------------------------------------------------------------------------
2025-06-13 13:52:47     Total time               :	5 s

                      ------------------------------------------------------------------------------
2025-06-13 13:52:47   

                      ------------------------------------------------------------------------------
2025-06-13 13:52:47     Calculation 9 (Frequency: 22.976 GHz, Theta: 0, Phi: 0)


                      ------------------------------------------------------------------------------
2025-06-13 13:52:52     Matrix setup time        :	0 s
                        Solver setup             :	4 s
                        Degrees of freedom       :	134658
                        Number of mesh cells     :	20925

                        Stimulation port         :	Zmin
                        Mode number              :	1
                        Accuracy                 :	3.56516e-14
                        Iterations               :	1
                        Solver time              :	0 s


                      ------------------------------------------------------------------------------
2025-06-13 13:52:53     Total time               :	5 s

                      ------------------------------------------------------------------------------
2025-06-13 13:52:53   

                      ------------------------------------------------------------------------------
2025-06-13 13:52:53     Calculation 10 (Frequency: 28.148 GHz, Theta: 0, Phi: 0)


                      ------------------------------------------------------------------------------
2025-06-13 13:52:58     Matrix setup time        :	0 s
                        Solver setup             :	4 s
                        Degrees of freedom       :	134658
                        Number of mesh cells     :	20925

                        Stimulation port         :	Zmin
                        Mode number              :	1
                        Accuracy                 :	5.38878e-14
                        Iterations               :	1
                        Solver time              :	0 s


                      ------------------------------------------------------------------------------
2025-06-13 13:52:58     Total time               :	5 s

                      ------------------------------------------------------------------------------
2025-06-13 13:52:58   

                      ------------------------------------------------------------------------------
2025-06-13 13:52:58     Calculation 11 (Frequency: 21.848 GHz, Theta: 0, Phi: 0)


                      ------------------------------------------------------------------------------
2025-06-13 13:53:03     Matrix setup time        :	0 s
                        Solver setup             :	4 s
                        Degrees of freedom       :	134658
                        Number of mesh cells     :	20925

                        Stimulation port         :	Zmin
                        Mode number              :	1
                        Accuracy                 :	6.2057e-14
                        Iterations               :	1
                        Solver time              :	0 s


                      ------------------------------------------------------------------------------
2025-06-13 13:53:03     Total time               :	5 s

                      ------------------------------------------------------------------------------
2025-06-13 13:53:03   

                      ------------------------------------------------------------------------------
2025-06-13 13:53:03     Calculation 12 (Frequency: 22.424 GHz, Theta: 0, Phi: 0)


                      ------------------------------------------------------------------------------
2025-06-13 13:53:09     Matrix setup time        :	0 s
                        Solver setup             :	4 s
                        Degrees of freedom       :	134658
                        Number of mesh cells     :	20925

                        Stimulation port         :	Zmin
                        Mode number              :	1
                        Accuracy                 :	5.21421e-14
                        Iterations               :	1
                        Solver time              :	0 s


                      ------------------------------------------------------------------------------
2025-06-13 13:53:09     Total time               :	5 s

                      ------------------------------------------------------------------------------
2025-06-13 13:53:09   

                      ------------------------------------------------------------------------------
2025-06-13 13:53:09     Calculation 13 (Frequency: 27.788 GHz, Theta: 0, Phi: 0)


                      ------------------------------------------------------------------------------
2025-06-13 13:53:14     Matrix setup time        :	0 s
                        Solver setup             :	4 s
                        Degrees of freedom       :	134658
                        Number of mesh cells     :	20925

                        Stimulation port         :	Zmin
                        Mode number              :	1
                        Accuracy                 :	4.82667e-14
                        Iterations               :	1
                        Solver time              :	0 s


                      ------------------------------------------------------------------------------
2025-06-13 13:53:14     Total time               :	5 s

                      ------------------------------------------------------------------------------
2025-06-13 13:53:14   

                      ------------------------------------------------------------------------------
2025-06-13 13:53:14     Calculation 14 (Frequency: 24.788 GHz, Theta: 0, Phi: 0)


                      ------------------------------------------------------------------------------
2025-06-13 13:53:20     Matrix setup time        :	0 s
                        Solver setup             :	4 s
                        Degrees of freedom       :	134658
                        Number of mesh cells     :	20925

                        Stimulation port         :	Zmin
                        Mode number              :	1
                        Accuracy                 :	3.363e-14
                        Iterations               :	1
                        Solver time              :	0 s


                      ------------------------------------------------------------------------------
2025-06-13 13:53:20     Total time               :	5 s

                      ------------------------------------------------------------------------------
2025-06-13 13:53:20   

                      ------------------------------------------------------------------------------
2025-06-13 13:53:20     Calculation 15 (Frequency: 20.612 GHz, Theta: 0, Phi: 0)


                      ------------------------------------------------------------------------------
2025-06-13 13:53:25     Matrix setup time        :	0 s
                        Solver setup             :	4 s
                        Degrees of freedom       :	134658
                        Number of mesh cells     :	20925

                        Stimulation port         :	Zmin
                        Mode number              :	1
                        Accuracy                 :	5.44674e-14
                        Iterations               :	1
                        Solver time              :	0 s


                      ------------------------------------------------------------------------------
2025-06-13 13:53:25     Total time               :	5 s

                      ------------------------------------------------------------------------------
2025-06-13 13:53:25   

                      ------------------------------------------------------------------------------
2025-06-13 13:53:25     Calculation 16 (Frequency: 28.772 GHz, Theta: 0, Phi: 0)


                      ------------------------------------------------------------------------------
2025-06-13 13:53:31     Matrix setup time        :	0 s
                        Solver setup             :	4 s
                        Degrees of freedom       :	134658
                        Number of mesh cells     :	20925

                        Stimulation port         :	Zmin
                        Mode number              :	1
                        Accuracy                 :	4.64491e-14
                        Iterations               :	1
                        Solver time              :	0 s


                      ------------------------------------------------------------------------------
2025-06-13 13:53:31     Total time               :	5 s

                      ------------------------------------------------------------------------------
2025-06-13 13:53:31   

                      ------------------------------------------------------------------------------
2025-06-13 13:53:31     Calculation 17 (Frequency: 21.188 GHz, Theta: 0, Phi: 0)


                      ------------------------------------------------------------------------------
2025-06-13 13:53:36     Matrix setup time        :	0 s
                        Solver setup             :	4 s
                        Degrees of freedom       :	134658
                        Number of mesh cells     :	20925

                        Stimulation port         :	Zmin
                        Mode number              :	1
                        Accuracy                 :	5.51565e-14
                        Iterations               :	1
                        Solver time              :	0 s


                      ------------------------------------------------------------------------------
2025-06-13 13:53:36     Total time               :	5 s

                      ------------------------------------------------------------------------------
2025-06-13 13:53:36   

                      ------------------------------------------------------------------------------
2025-06-13 13:53:36     Calculation 18 (Frequency: 20.312 GHz, Theta: 0, Phi: 0)


                      ------------------------------------------------------------------------------
2025-06-13 13:53:42     Matrix setup time        :	0 s
                        Solver setup             :	4 s
                        Degrees of freedom       :	134658
                        Number of mesh cells     :	20925

                        Stimulation port         :	Zmin
                        Mode number              :	1
                        Accuracy                 :	4.91694e-14
                        Iterations               :	1
                        Solver time              :	0 s


                      ------------------------------------------------------------------------------
2025-06-13 13:53:42     Total time               :	5 s

                      ------------------------------------------------------------------------------
2025-06-13 13:53:42   

                      ------------------------------------------------------------------------------
2025-06-13 13:53:42     Calculation 19 (Frequency: 25.556 GHz, Theta: 0, Phi: 0)


                      ------------------------------------------------------------------------------
2025-06-13 13:53:48     Matrix setup time        :	0 s
                        Solver setup             :	4 s
                        Degrees of freedom       :	134658
                        Number of mesh cells     :	20925

                        Stimulation port         :	Zmin
                        Mode number              :	1
                        Accuracy                 :	2.99814e-14
                        Iterations               :	1
                        Solver time              :	0 s


                      ------------------------------------------------------------------------------
2025-06-13 13:53:48     Total time               :	5 s

                      ------------------------------------------------------------------------------
2025-06-13 13:53:48   

                      ------------------------------------------------------------------------------
2025-06-13 13:53:48     Calculation 20 (Frequency: 26.42 GHz, Theta: 0, Phi: 0)


                      ------------------------------------------------------------------------------
2025-06-13 13:53:53     Matrix setup time        :	0 s
                        Solver setup             :	5 s
                        Degrees of freedom       :	134658
                        Number of mesh cells     :	20925

                        Stimulation port         :	Zmin
                        Mode number              :	1
                        Accuracy                 :	4.23888e-14
                        Iterations               :	1
                        Solver time              :	0 s


                      ------------------------------------------------------------------------------
2025-06-13 13:53:53     Total time               :	5 s

                      ------------------------------------------------------------------------------
2025-06-13 13:53:53   

                      ------------------------------------------------------------------------------
2025-06-13 13:53:53     Calculation 21 (Frequency: 23.84 GHz, Theta: 0, Phi: 0)


                      ------------------------------------------------------------------------------
2025-06-13 13:53:59     Matrix setup time        :	0 s
                        Solver setup             :	5 s
                        Degrees of freedom       :	134658
                        Number of mesh cells     :	20925

                        Stimulation port         :	Zmin
                        Mode number              :	1
                        Accuracy                 :	5.00313e-14
                        Iterations               :	1
                        Solver time              :	0 s


                      ------------------------------------------------------------------------------
2025-06-13 13:53:59     Total time               :	5 s

                      ------------------------------------------------------------------------------
2025-06-13 13:53:59   

                      ------------------------------------------------------------------------------
2025-06-13 13:53:59     Calculation 22 (Frequency: 29.696 GHz, Theta: 0, Phi: 0)


                      ------------------------------------------------------------------------------
2025-06-13 13:54:05     Matrix setup time        :	0 s
                        Solver setup             :	5 s
                        Degrees of freedom       :	134658
                        Number of mesh cells     :	20925

                        Stimulation port         :	Zmin
                        Mode number              :	1
                        Accuracy                 :	5.49417e-14
                        Iterations               :	1
                        Solver time              :	0 s


                      ------------------------------------------------------------------------------
2025-06-13 13:54:05     Total time               :	5 s

                      ------------------------------------------------------------------------------
2025-06-13 13:54:05   

                      ------------------------------------------------------------------------------
2025-06-13 13:54:05     Calculation 23 (Frequency: 28.556 GHz, Theta: 0, Phi: 0)


                      ------------------------------------------------------------------------------
2025-06-13 13:54:11     Matrix setup time        :	0 s
                        Solver setup             :	4 s
                        Degrees of freedom       :	134658
                        Number of mesh cells     :	20925

                        Stimulation port         :	Zmin
                        Mode number              :	1
                        Accuracy                 :	4.36286e-14
                        Iterations               :	1
                        Solver time              :	0 s


                      ------------------------------------------------------------------------------
2025-06-13 13:54:11     Total time               :	5 s

                      ------------------------------------------------------------------------------
2025-06-13 13:54:11   

                      ------------------------------------------------------------------------------
2025-06-13 13:54:11     Calculation 24 (Frequency: 31.004 GHz, Theta: 0, Phi: 0)


                      ------------------------------------------------------------------------------
2025-06-13 13:54:16     Matrix setup time        :	0 s
                        Solver setup             :	5 s
                        Degrees of freedom       :	134658
                        Number of mesh cells     :	20925

                        Stimulation port         :	Zmin
                        Mode number              :	1
                        Accuracy                 :	6.21002e-14
                        Iterations               :	1
                        Solver time              :	0 s


                      ------------------------------------------------------------------------------
2025-06-13 13:54:16     Total time               :	5 s

                      ------------------------------------------------------------------------------
2025-06-13 13:54:16   

                      ------------------------------------------------------------------------------
2025-06-13 13:54:16     Calculation 25 (Frequency: 26.744 GHz, Theta: 0, Phi: 0)


                      ------------------------------------------------------------------------------
2025-06-13 13:54:22     Matrix setup time        :	0 s
                        Solver setup             :	5 s
                        Degrees of freedom       :	134658
                        Number of mesh cells     :	20925

                        Stimulation port         :	Zmin
                        Mode number              :	1
                        Accuracy                 :	4.08751e-14
                        Iterations               :	1
                        Solver time              :	0 s


                      ------------------------------------------------------------------------------
2025-06-13 13:54:22     Total time               :	5 s

                      ------------------------------------------------------------------------------
2025-06-13 13:54:22   

                      ------------------------------------------------------------------------------
2025-06-13 13:54:22     Calculation 26 (Frequency: 31.628 GHz, Theta: 0, Phi: 0)


                      ------------------------------------------------------------------------------
2025-06-13 13:54:28     Matrix setup time        :	0 s
                        Solver setup             :	5 s
                        Degrees of freedom       :	134658
                        Number of mesh cells     :	20925

                        Stimulation port         :	Zmin
                        Mode number              :	1
                        Accuracy                 :	4.73328e-14
                        Iterations               :	1
                        Solver time              :	0 s


                      ------------------------------------------------------------------------------
2025-06-13 13:54:28     Total time               :	5 s

                      ------------------------------------------------------------------------------
2025-06-13 13:54:28   

                      ------------------------------------------------------------------------------
2025-06-13 13:54:28     Calculation 27 (Frequency: 30.476 GHz, Theta: 0, Phi: 0)


                      ------------------------------------------------------------------------------
2025-06-13 13:54:33     Matrix setup time        :	0 s
                        Solver setup             :	4 s
                        Degrees of freedom       :	134658
                        Number of mesh cells     :	20925

                        Stimulation port         :	Zmin
                        Mode number              :	1
                        Accuracy                 :	5.16347e-14
                        Iterations               :	1
                        Solver time              :	0 s


                      ------------------------------------------------------------------------------
2025-06-13 13:54:34     Total time               :	5 s

                      ------------------------------------------------------------------------------
2025-06-13 13:54:34   

                      ------------------------------------------------------------------------------
2025-06-13 13:54:34     Calculation 28 (Frequency: 26.984 GHz, Theta: 0, Phi: 0)


                      ------------------------------------------------------------------------------
2025-06-13 13:54:39     Matrix setup time        :	0 s
                        Solver setup             :	5 s
                        Degrees of freedom       :	134658
                        Number of mesh cells     :	20925

                        Stimulation port         :	Zmin
                        Mode number              :	1
                        Accuracy                 :	4.0157e-14
                        Iterations               :	1
                        Solver time              :	0 s


                      ------------------------------------------------------------------------------
2025-06-13 13:54:39     Total time               :	5 s

                      ------------------------------------------------------------------------------
2025-06-13 13:54:39   

                      ------------------------------------------------------------------------------
2025-06-13 13:54:39     Calculation 29 (Frequency: 30.236 GHz, Theta: 0, Phi: 0)


                      ------------------------------------------------------------------------------
2025-06-13 13:54:45     Matrix setup time        :	0 s
                        Solver setup             :	4 s
                        Degrees of freedom       :	134658
                        Number of mesh cells     :	20925

                        Stimulation port         :	Zmin
                        Mode number              :	1
                        Accuracy                 :	4.03399e-14
                        Iterations               :	1
                        Solver time              :	0 s


                      ------------------------------------------------------------------------------
2025-06-13 13:54:45     Total time               :	5 s

                      ------------------------------------------------------------------------------
2025-06-13 13:54:45   

                      ------------------------------------------------------------------------------
2025-06-13 13:54:45     Calculation 30 (Frequency: 30.644 GHz, Theta: 0, Phi: 0)


                      ------------------------------------------------------------------------------
2025-06-13 13:54:51     Matrix setup time        :	0 s
                        Solver setup             :	5 s
                        Degrees of freedom       :	134658
                        Number of mesh cells     :	20925

                        Stimulation port         :	Zmin
                        Mode number              :	1
                        Accuracy                 :	4.15859e-14
                        Iterations               :	1
                        Solver time              :	0 s


                      ------------------------------------------------------------------------------
2025-06-13 13:54:51     Total time               :	5 s

                      ------------------------------------------------------------------------------
2025-06-13 13:54:51   

                      ------------------------------------------------------------------------------
2025-06-13 13:54:51   Finished the general purpose interpolative broadband frequency sweep:
                      All broadband sweep convergence criteria have been satisfied after
                      calculating 30 frequency samples:

                        Broadband sweep error threshold value :  0.01 (All S-Parameters) 
                        Number of error criterion checks      :  2 (All S-Parameters) 
                        Minimum number of samples             :  3
                        Number of data samples, linear        :  1001

                      ------------------------------------------------------------------------------
2025-06-13 13:54:51     Number of mesh cells     :	20925
                        Degrees of freedom       :	133456
                        Total Solver Time        :	190 s	 (= 0 h, 03 m, 10 s)
                      ================================================================================



                      ------------------------------------------------------------------------------
2025-06-13 13:54:51     ----------------------------------------------------------------------------
                                            Peak memory used (kB)         Free physical memory (kB) 
                                                                          At begin     Minimum      
                        ----------------------------------------------------------------------------
                        Solver start        22272                         8722764      8722020      
                        Eq. system setup    2267668                       8699228      8146632      
                        Eq. system solve    2267668                       8665608      6435276      
                        Mesh refinement     1190828                       8464348      8354012      
                        Solver run total    2267668                       8722768      6435276      

                        Computer name       Tahsin
                        ----------------------------------------------------------------------------


                      ------------------------------------------------------------------------------
2025-06-13 13:54:51   Running postprocessing.

                      ------------------------------------------------------------------------------
2025-06-13 13:54:52   Postprocessing finished.

                      ------------------------------------------------------------------------------
