2025-04-05 20:21:00   *** Warning ***

                      Electric isotropic material [Copper (pure)] has a very high conductivity for
                      the given mesh. Depending on your configuration it may be better to use a lossy
                      metal type for this material. More...

                      ------------------------------------------------------------------------------
2025-04-05 20:21:00   In order to get an optimal performance, hyperthreading is ignored for parallel
                      computations.

                      ------------------------------------------------------------------------------
2025-04-05 20:21:02   Units settings: 

                        Dimensions: mm
                        Frequency:  GHz
                        Time:       s

                      ------------------------------------------------------------------------------
2025-04-05 20:21:02   Boundary conditions: 

                        YZsymmetry: none
                        XZsymmetry: none
                        XYsymmetry: none

                        Xmin: unit cell
                        Xmax: unit cell

                        Ymin: unit cell
                        Ymax: unit cell

                        Zmin: expanded open
                        Zmax: expanded open

                      ------------------------------------------------------------------------------
2025-04-05 20:21:02   Order settings: 

                        Solver order   : 2nd (constant)
                        Curved elements: up to order 3 (automatic)

                      ------------------------------------------------------------------------------
2025-04-05 20:21:02   An iterative solver will be used first.

                      ------------------------------------------------------------------------------
2025-04-05 20:21:02     Mesh time                :	2 s


                      ------------------------------------------------------------------------------
2025-04-05 20:21:02   
                      ================================================================================
                      Frequency Domain Solver calculation cycle started

                      ------------------------------------------------------------------------------
2025-04-05 20:21:02   Solver started at: 2025-04-05 20:21:02 +0600

                        Module:  Frequency Domain: S-Parameter (Win 64)
                        Version: 2024.1 Release from 2023-10-16 (change 1181985)

                      ------------------------------------------------------------------------------
2025-04-05 20:21:02   The low frequency stabilization is not applied to periodic problems.

                      ------------------------------------------------------------------------------
2025-04-05 20:21:02     Calculation 1 of 1 (Frequency: 32 GHz, Theta: 0, Phi: 0)


                      ------------------------------------------------------------------------------
2025-04-05 20:21:03   The wavelength based mesh refinement has been applied to 4.9% of all mesh edges.

                      ------------------------------------------------------------------------------
2025-04-05 20:21:03   For some elements the curvature had to be reduced to maintain the quality of the mesh. More...

                      ------------------------------------------------------------------------------
2025-04-05 20:21:03   Adaptive mesh refinement pass 1

                      ------------------------------------------------------------------------------
2025-04-05 20:21:10   *** Warning ***

2025-04-05 20:21:10   Detected possible stagnation of the iterative solver (5.175271e-02 after 250 iterations.)
                      Please consider aborting the solver run, and check your simulation setup.  More...

                      ------------------------------------------------------------------------------
2025-04-05 20:21:16   *** Warning ***

2025-04-05 20:21:16   The solver stopped because the maximum number of iterations (500, used for automatic solver choice) has been reached.

                      ------------------------------------------------------------------------------
2025-04-05 20:21:16   Solving again, but with the direct solver. Please consider forcing the direct solver in the solver special settings, and
                      check your simulation setup (for instance source and material definitions.)

                      ------------------------------------------------------------------------------
2025-04-05 20:21:17     Matrix setup time        :	0 s
                        Degrees of freedom       :	37410
                        Number of mesh cells     :	5706

                        Stimulation port         :	Zmin
                        Mode number              :	1
                        Accuracy                 :	8.96784e-14
                        Iterations               :	1
                        Solver time              :	0 s


                      ------------------------------------------------------------------------------
2025-04-05 20:21:17   24% of all mesh edges seem to be longer than expected. The adaptive mesh refinement's growth limitation will therefore 
                      use 13926 instead of 3861 mesh cells as a reference.

                      ------------------------------------------------------------------------------
2025-04-05 20:21:17   The wavelength based mesh refinement has been applied to 0.2% of all mesh edges.

                      ------------------------------------------------------------------------------
2025-04-05 20:21:18   For some elements the curvature had to be reduced to maintain the quality of the mesh. More...

                      ------------------------------------------------------------------------------
2025-04-05 20:21:18   Adaptive mesh refinement pass 2

                      ------------------------------------------------------------------------------
2025-04-05 20:21:21     Matrix setup time        :	0 s
                        Solver setup             :	2 s
                        Degrees of freedom       :	77242
                        Number of mesh cells     :	11962

                        Stimulation port         :	Zmin
                        Mode number              :	1
                        Accuracy                 :	5.24706e-14
                        Iterations               :	1
                        Solver time              :	0 s


                      ------------------------------------------------------------------------------
2025-04-05 20:21:21     Delta calculation        
2025-04-05 20:21:21     All S-Parameters         :	0.0751588
2025-04-05 20:21:21   

                      ------------------------------------------------------------------------------
2025-04-05 20:21:21   The wavelength based mesh refinement has been applied to 0.1% of all mesh edges.

                      ------------------------------------------------------------------------------
2025-04-05 20:21:22   Adaptive mesh refinement pass 3

                      ------------------------------------------------------------------------------
2025-04-05 20:21:27     Matrix setup time        :	0 s
                        Solver setup             :	4 s
                        Degrees of freedom       :	133266
                        Number of mesh cells     :	20745

                        Stimulation port         :	Zmin
                        Mode number              :	1
                        Accuracy                 :	3.42257e-14
                        Iterations               :	1
                        Solver time              :	0 s


                      ------------------------------------------------------------------------------
2025-04-05 20:21:27     Delta calculation        
2025-04-05 20:21:27     All S-Parameters         :	0.0396223
2025-04-05 20:21:27   

                      ------------------------------------------------------------------------------
2025-04-05 20:21:30   Adaptive mesh refinement pass 4

                      ------------------------------------------------------------------------------
2025-04-05 20:21:40     Matrix setup time        :	0 s
                        Solver setup             :	9 s
                        Degrees of freedom       :	213384
                        Number of mesh cells     :	33241

                        Stimulation port         :	Zmin
                        Mode number              :	1
                        Accuracy                 :	1.95707e-14
                        Iterations               :	1
                        Solver time              :	0 s


                      ------------------------------------------------------------------------------
2025-04-05 20:21:40     Delta calculation        
2025-04-05 20:21:40     All S-Parameters         :	0.0233714
2025-04-05 20:21:40   

                      ------------------------------------------------------------------------------
2025-04-05 20:21:43   Adaptive mesh refinement pass 5

                      ------------------------------------------------------------------------------
2025-04-05 20:22:02     Matrix setup time        :	1 s
                        Solver setup             :	17 s
                        Degrees of freedom       :	330594
                        Number of mesh cells     :	51602

                        Stimulation port         :	Zmin
                        Mode number              :	1
                        Accuracy                 :	3.48818e-14
                        Iterations               :	1
                        Solver time              :	0 s


                      ------------------------------------------------------------------------------
2025-04-05 20:22:03     Delta calculation        
2025-04-05 20:22:03     All S-Parameters         :	0.00778575
2025-04-05 20:22:03   

                      ------------------------------------------------------------------------------
2025-04-05 20:22:03   Mesh adaptation terminated because the desired accuracy limit is reached.

                      ------------------------------------------------------------------------------
2025-04-05 20:22:03   *** Warning ***

2025-04-05 20:22:03   At least one propagating Floquet mode is not considered at port Zmin. Please increase the number of modes at this port. 
                      More...

                      ------------------------------------------------------------------------------
2025-04-05 20:22:03   *** Warning ***

2025-04-05 20:22:03   At least one propagating Floquet mode is not considered at port Zmax. Please increase the number of modes at this port. 
                      More...

                      ------------------------------------------------------------------------------
2025-04-05 20:22:03     Total time               :	60 s	 (= 0 h, 01 m, 00 s)

                      ------------------------------------------------------------------------------
2025-04-05 20:22:03   

                      ------------------------------------------------------------------------------
2025-04-05 20:22:03     Calculation 2 (Frequency: 20 GHz, Theta: 0, Phi: 0)


                      ------------------------------------------------------------------------------
2025-04-05 20:22:19     Matrix setup time        :	0 s
                        Solver setup             :	14 s
                        Degrees of freedom       :	330594
                        Number of mesh cells     :	51602

                        Stimulation port         :	Zmin
                        Mode number              :	1
                        Accuracy                 :	4.75813e-14
                        Iterations               :	1
                        Solver time              :	0 s


                      ------------------------------------------------------------------------------
2025-04-05 20:22:19     Total time               :	15 s

                      ------------------------------------------------------------------------------
2025-04-05 20:22:19   

                      ------------------------------------------------------------------------------
2025-04-05 20:22:19     Calculation 3 (Frequency: 26 GHz, Theta: 0, Phi: 0)


                      ------------------------------------------------------------------------------
2025-04-05 20:22:35     Matrix setup time        :	0 s
                        Solver setup             :	14 s
                        Degrees of freedom       :	330594
                        Number of mesh cells     :	51602

                        Stimulation port         :	Zmin
                        Mode number              :	1
                        Accuracy                 :	4.13972e-14
                        Iterations               :	1
                        Solver time              :	0 s


                      ------------------------------------------------------------------------------
2025-04-05 20:22:35     Total time               :	16 s

                      ------------------------------------------------------------------------------
2025-04-05 20:22:35   

                      ------------------------------------------------------------------------------
2025-04-05 20:22:35     Calculation 4 (Frequency: 29 GHz, Theta: 0, Phi: 0)


                      ------------------------------------------------------------------------------
2025-04-05 20:22:51     Matrix setup time        :	0 s
                        Solver setup             :	14 s
                        Degrees of freedom       :	330594
                        Number of mesh cells     :	51602

                        Stimulation port         :	Zmin
                        Mode number              :	1
                        Accuracy                 :	2.38445e-14
                        Iterations               :	1
                        Solver time              :	0 s


                      ------------------------------------------------------------------------------
2025-04-05 20:22:52     Total time               :	16 s

                      ------------------------------------------------------------------------------
2025-04-05 20:22:52   

                      ------------------------------------------------------------------------------
2025-04-05 20:22:52     Calculation 5 (Frequency: 23.468 GHz, Theta: 0, Phi: 0)


                      ------------------------------------------------------------------------------
2025-04-05 20:23:07     Matrix setup time        :	0 s
                        Solver setup             :	14 s
                        Degrees of freedom       :	330594
                        Number of mesh cells     :	51602

                        Stimulation port         :	Zmin
                        Mode number              :	1
                        Accuracy                 :	4.55522e-14
                        Iterations               :	1
                        Solver time              :	0 s


                      ------------------------------------------------------------------------------
2025-04-05 20:23:08     Total time               :	15 s

                      ------------------------------------------------------------------------------
2025-04-05 20:23:08   

                      ------------------------------------------------------------------------------
2025-04-05 20:23:08     Calculation 6 (Frequency: 27.584 GHz, Theta: 0, Phi: 0)


                      ------------------------------------------------------------------------------
2025-04-05 20:23:23     Matrix setup time        :	0 s
                        Solver setup             :	14 s
                        Degrees of freedom       :	330594
                        Number of mesh cells     :	51602

                        Stimulation port         :	Zmin
                        Mode number              :	1
                        Accuracy                 :	3.67656e-14
                        Iterations               :	1
                        Solver time              :	0 s


                      ------------------------------------------------------------------------------
2025-04-05 20:23:24     Total time               :	15 s

                      ------------------------------------------------------------------------------
2025-04-05 20:23:24   

                      ------------------------------------------------------------------------------
2025-04-05 20:23:24     Calculation 7 (Frequency: 22.244 GHz, Theta: 0, Phi: 0)


                      ------------------------------------------------------------------------------
2025-04-05 20:23:40     Matrix setup time        :	0 s
                        Solver setup             :	14 s
                        Degrees of freedom       :	330594
                        Number of mesh cells     :	51602

                        Stimulation port         :	Zmin
                        Mode number              :	1
                        Accuracy                 :	4.89257e-14
                        Iterations               :	1
                        Solver time              :	0 s


                      ------------------------------------------------------------------------------
2025-04-05 20:23:40     Total time               :	16 s

                      ------------------------------------------------------------------------------
2025-04-05 20:23:40   

                      ------------------------------------------------------------------------------
2025-04-05 20:23:40     Calculation 8 (Frequency: 27.152 GHz, Theta: 0, Phi: 0)


                      ------------------------------------------------------------------------------
2025-04-05 20:23:56     Matrix setup time        :	0 s
                        Solver setup             :	15 s
                        Degrees of freedom       :	330594
                        Number of mesh cells     :	51602

                        Stimulation port         :	Zmin
                        Mode number              :	1
                        Accuracy                 :	3.06612e-14
                        Iterations               :	1
                        Solver time              :	0 s


                      ------------------------------------------------------------------------------
2025-04-05 20:23:56     Total time               :	16 s

                      ------------------------------------------------------------------------------
2025-04-05 20:23:56   

                      ------------------------------------------------------------------------------
2025-04-05 20:23:56     Calculation 9 (Frequency: 21.428 GHz, Theta: 0, Phi: 0)


                      ------------------------------------------------------------------------------
2025-04-05 20:24:12     Matrix setup time        :	0 s
                        Solver setup             :	15 s
                        Degrees of freedom       :	330594
                        Number of mesh cells     :	51602

                        Stimulation port         :	Zmin
                        Mode number              :	1
                        Accuracy                 :	4.0329e-14
                        Iterations               :	1
                        Solver time              :	0 s


                      ------------------------------------------------------------------------------
2025-04-05 20:24:13     Total time               :	16 s

                      ------------------------------------------------------------------------------
2025-04-05 20:24:13   

                      ------------------------------------------------------------------------------
2025-04-05 20:24:13     Calculation 10 (Frequency: 28.172 GHz, Theta: 0, Phi: 0)


                      ------------------------------------------------------------------------------
2025-04-05 20:24:29     Matrix setup time        :	0 s
                        Solver setup             :	15 s
                        Degrees of freedom       :	330594
                        Number of mesh cells     :	51602

                        Stimulation port         :	Zmin
                        Mode number              :	1
                        Accuracy                 :	3.11031e-14
                        Iterations               :	1
                        Solver time              :	0 s


                      ------------------------------------------------------------------------------
2025-04-05 20:24:29     Total time               :	16 s

                      ------------------------------------------------------------------------------
2025-04-05 20:24:29   

                      ------------------------------------------------------------------------------
2025-04-05 20:24:29     Calculation 11 (Frequency: 21.092 GHz, Theta: 0, Phi: 0)


                      ------------------------------------------------------------------------------
2025-04-05 20:24:45     Matrix setup time        :	0 s
                        Solver setup             :	15 s
                        Degrees of freedom       :	330594
                        Number of mesh cells     :	51602

                        Stimulation port         :	Zmin
                        Mode number              :	1
                        Accuracy                 :	3.28235e-14
                        Iterations               :	1
                        Solver time              :	0 s


                      ------------------------------------------------------------------------------
2025-04-05 20:24:46     Total time               :	16 s

                      ------------------------------------------------------------------------------
2025-04-05 20:24:46   

                      ------------------------------------------------------------------------------
2025-04-05 20:24:46     Calculation 12 (Frequency: 28.388 GHz, Theta: 0, Phi: 0)


                      ------------------------------------------------------------------------------
2025-04-05 20:25:02     Matrix setup time        :	0 s
                        Solver setup             :	15 s
                        Degrees of freedom       :	330594
                        Number of mesh cells     :	51602

                        Stimulation port         :	Zmin
                        Mode number              :	1
                        Accuracy                 :	3.48161e-14
                        Iterations               :	1
                        Solver time              :	0 s


                      ------------------------------------------------------------------------------
2025-04-05 20:25:02     Total time               :	16 s

                      ------------------------------------------------------------------------------
2025-04-05 20:25:02   

                      ------------------------------------------------------------------------------
2025-04-05 20:25:02     Calculation 13 (Frequency: 29.612 GHz, Theta: 0, Phi: 0)


                      ------------------------------------------------------------------------------
2025-04-05 20:25:19     Matrix setup time        :	0 s
                        Solver setup             :	15 s
                        Degrees of freedom       :	330594
                        Number of mesh cells     :	51602

                        Stimulation port         :	Zmin
                        Mode number              :	1
                        Accuracy                 :	3.61627e-14
                        Iterations               :	1
                        Solver time              :	0 s


                      ------------------------------------------------------------------------------
2025-04-05 20:25:19     Total time               :	16 s

                      ------------------------------------------------------------------------------
2025-04-05 20:25:19   

                      ------------------------------------------------------------------------------
2025-04-05 20:25:19     Calculation 14 (Frequency: 28.664 GHz, Theta: 0, Phi: 0)


                      ------------------------------------------------------------------------------
2025-04-05 20:25:36     Matrix setup time        :	0 s
                        Solver setup             :	15 s
                        Degrees of freedom       :	330594
                        Number of mesh cells     :	51602

                        Stimulation port         :	Zmin
                        Mode number              :	1
                        Accuracy                 :	2.68687e-14
                        Iterations               :	1
                        Solver time              :	0 s


                      ------------------------------------------------------------------------------
2025-04-05 20:25:36     Total time               :	16 s

                      ------------------------------------------------------------------------------
2025-04-05 20:25:36   

                      ------------------------------------------------------------------------------
2025-04-05 20:25:36     Calculation 15 (Frequency: 29.888 GHz, Theta: 0, Phi: 0)


                      ------------------------------------------------------------------------------
2025-04-05 20:25:53     Matrix setup time        :	0 s
                        Solver setup             :	15 s
                        Degrees of freedom       :	330594
                        Number of mesh cells     :	51602

                        Stimulation port         :	Zmin
                        Mode number              :	1
                        Accuracy                 :	2.79491e-14
                        Iterations               :	1
                        Solver time              :	0 s


                      ------------------------------------------------------------------------------
2025-04-05 20:25:53     Total time               :	16 s

                      ------------------------------------------------------------------------------
2025-04-05 20:25:53   

                      ------------------------------------------------------------------------------
2025-04-05 20:25:53     Calculation 16 (Frequency: 29.408 GHz, Theta: 0, Phi: 0)


                      ------------------------------------------------------------------------------
2025-04-05 20:26:09     Matrix setup time        :	0 s
                        Solver setup             :	15 s
                        Degrees of freedom       :	330594
                        Number of mesh cells     :	51602

                        Stimulation port         :	Zmin
                        Mode number              :	1
                        Accuracy                 :	2.71251e-14
                        Iterations               :	1
                        Solver time              :	0 s


                      ------------------------------------------------------------------------------
2025-04-05 20:26:10     Total time               :	16 s

                      ------------------------------------------------------------------------------
2025-04-05 20:26:10   

                      ------------------------------------------------------------------------------
2025-04-05 20:26:10     Calculation 17 (Frequency: 30.656 GHz, Theta: 0, Phi: 0)


                      ------------------------------------------------------------------------------
2025-04-05 20:26:26     Matrix setup time        :	0 s
                        Solver setup             :	15 s
                        Degrees of freedom       :	330594
                        Number of mesh cells     :	51602

                        Stimulation port         :	Zmin
                        Mode number              :	1
                        Accuracy                 :	2.48397e-14
                        Iterations               :	1
                        Solver time              :	0 s


                      ------------------------------------------------------------------------------
2025-04-05 20:26:26     Total time               :	16 s

                      ------------------------------------------------------------------------------
2025-04-05 20:26:26   

                      ------------------------------------------------------------------------------
2025-04-05 20:26:26     Calculation 18 (Frequency: 25.016 GHz, Theta: 0, Phi: 0)


                      ------------------------------------------------------------------------------
2025-04-05 20:26:43     Matrix setup time        :	0 s
                        Solver setup             :	15 s
                        Degrees of freedom       :	330594
                        Number of mesh cells     :	51602

                        Stimulation port         :	Zmin
                        Mode number              :	1
                        Accuracy                 :	3.48176e-14
                        Iterations               :	1
                        Solver time              :	0 s


                      ------------------------------------------------------------------------------
2025-04-05 20:26:43     Total time               :	16 s

                      ------------------------------------------------------------------------------
2025-04-05 20:26:43   

                      ------------------------------------------------------------------------------
2025-04-05 20:26:43     Calculation 19 (Frequency: 31.4 GHz, Theta: 0, Phi: 0)


                      ------------------------------------------------------------------------------
2025-04-05 20:27:00     Matrix setup time        :	0 s
                        Solver setup             :	15 s
                        Degrees of freedom       :	330594
                        Number of mesh cells     :	51602

                        Stimulation port         :	Zmin
                        Mode number              :	1
                        Accuracy                 :	2.93132e-14
                        Iterations               :	1
                        Solver time              :	0 s


                      ------------------------------------------------------------------------------
2025-04-05 20:27:00     Total time               :	16 s

                      ------------------------------------------------------------------------------
2025-04-05 20:27:00   

                      ------------------------------------------------------------------------------
2025-04-05 20:27:00     Calculation 20 (Frequency: 27.284 GHz, Theta: 0, Phi: 0)


                      ------------------------------------------------------------------------------
2025-04-05 20:27:16     Matrix setup time        :	0 s
                        Solver setup             :	15 s
                        Degrees of freedom       :	330594
                        Number of mesh cells     :	51602

                        Stimulation port         :	Zmin
                        Mode number              :	1
                        Accuracy                 :	2.14466e-14
                        Iterations               :	1
                        Solver time              :	0 s


                      ------------------------------------------------------------------------------
2025-04-05 20:27:17     Total time               :	16 s

                      ------------------------------------------------------------------------------
2025-04-05 20:27:17   

                      ------------------------------------------------------------------------------
2025-04-05 20:27:17     Calculation 21 (Frequency: 31.208 GHz, Theta: 0, Phi: 0)


                      ------------------------------------------------------------------------------
2025-04-05 20:27:33     Matrix setup time        :	0 s
                        Solver setup             :	15 s
                        Degrees of freedom       :	330594
                        Number of mesh cells     :	51602

                        Stimulation port         :	Zmin
                        Mode number              :	1
                        Accuracy                 :	2.3148e-14
                        Iterations               :	1
                        Solver time              :	0 s


                      ------------------------------------------------------------------------------
2025-04-05 20:27:34     Total time               :	16 s

                      ------------------------------------------------------------------------------
2025-04-05 20:27:34   

                      ------------------------------------------------------------------------------
2025-04-05 20:27:34     Calculation 22 (Frequency: 24.404 GHz, Theta: 0, Phi: 0)


                      ------------------------------------------------------------------------------
2025-04-05 20:27:50     Matrix setup time        :	0 s
                        Solver setup             :	15 s
                        Degrees of freedom       :	330594
                        Number of mesh cells     :	51602

                        Stimulation port         :	Zmin
                        Mode number              :	1
                        Accuracy                 :	5.94753e-14
                        Iterations               :	1
                        Solver time              :	0 s


                      ------------------------------------------------------------------------------
2025-04-05 20:27:51     Total time               :	16 s

                      ------------------------------------------------------------------------------
2025-04-05 20:27:51   

                      ------------------------------------------------------------------------------
2025-04-05 20:27:51     Calculation 23 (Frequency: 26.3 GHz, Theta: 0, Phi: 0)


                      ------------------------------------------------------------------------------
2025-04-05 20:28:07     Matrix setup time        :	0 s
                        Solver setup             :	15 s
                        Degrees of freedom       :	330594
                        Number of mesh cells     :	51602

                        Stimulation port         :	Zmin
                        Mode number              :	1
                        Accuracy                 :	2.85001e-14
                        Iterations               :	1
                        Solver time              :	0 s


                      ------------------------------------------------------------------------------
2025-04-05 20:28:07     Total time               :	16 s

                      ------------------------------------------------------------------------------
2025-04-05 20:28:07   

                      ------------------------------------------------------------------------------
2025-04-05 20:28:07     Calculation 24 (Frequency: 23.72 GHz, Theta: 0, Phi: 0)


                      ------------------------------------------------------------------------------
2025-04-05 20:28:24     Matrix setup time        :	0 s
                        Solver setup             :	15 s
                        Degrees of freedom       :	330594
                        Number of mesh cells     :	51602

                        Stimulation port         :	Zmin
                        Mode number              :	1
                        Accuracy                 :	2.54073e-14
                        Iterations               :	1
                        Solver time              :	0 s


                      ------------------------------------------------------------------------------
2025-04-05 20:28:24     Total time               :	16 s

                      ------------------------------------------------------------------------------
2025-04-05 20:28:24   

                      ------------------------------------------------------------------------------
2025-04-05 20:28:24     Calculation 25 (Frequency: 26.588 GHz, Theta: 0, Phi: 0)


                      ------------------------------------------------------------------------------
2025-04-05 20:28:41     Matrix setup time        :	0 s
                        Solver setup             :	15 s
                        Degrees of freedom       :	330594
                        Number of mesh cells     :	51602

                        Stimulation port         :	Zmin
                        Mode number              :	1
                        Accuracy                 :	2.89317e-14
                        Iterations               :	1
                        Solver time              :	0 s


                      ------------------------------------------------------------------------------
2025-04-05 20:28:41     Total time               :	16 s

                      ------------------------------------------------------------------------------
2025-04-05 20:28:41   

                      ------------------------------------------------------------------------------
2025-04-05 20:28:41     Calculation 26 (Frequency: 20.588 GHz, Theta: 0, Phi: 0)


                      ------------------------------------------------------------------------------
2025-04-05 20:28:58     Matrix setup time        :	0 s
                        Solver setup             :	15 s
                        Degrees of freedom       :	330594
                        Number of mesh cells     :	51602

                        Stimulation port         :	Zmin
                        Mode number              :	1
                        Accuracy                 :	4.11818e-14
                        Iterations               :	1
                        Solver time              :	0 s


                      ------------------------------------------------------------------------------
2025-04-05 20:28:58     Total time               :	16 s

                      ------------------------------------------------------------------------------
2025-04-05 20:28:58   

                      ------------------------------------------------------------------------------
2025-04-05 20:28:58     Calculation 27 (Frequency: 21.716 GHz, Theta: 0, Phi: 0)


                      ------------------------------------------------------------------------------
2025-04-05 20:29:16     Matrix setup time        :	0 s
                        Solver setup             :	16 s
                        Degrees of freedom       :	330594
                        Number of mesh cells     :	51602

                        Stimulation port         :	Zmin
                        Mode number              :	1
                        Accuracy                 :	4.08205e-14
                        Iterations               :	1
                        Solver time              :	0 s


                      ------------------------------------------------------------------------------
2025-04-05 20:29:16     Total time               :	17 s

                      ------------------------------------------------------------------------------
2025-04-05 20:29:16   

                      ------------------------------------------------------------------------------
2025-04-05 20:29:16     Calculation 28 (Frequency: 20.876 GHz, Theta: 0, Phi: 0)


                      ------------------------------------------------------------------------------
2025-04-05 20:29:33     Matrix setup time        :	0 s
                        Solver setup             :	16 s
                        Degrees of freedom       :	330594
                        Number of mesh cells     :	51602

                        Stimulation port         :	Zmin
                        Mode number              :	1
                        Accuracy                 :	4.34046e-14
                        Iterations               :	1
                        Solver time              :	0 s


                      ------------------------------------------------------------------------------
2025-04-05 20:29:33     Total time               :	17 s

                      ------------------------------------------------------------------------------
2025-04-05 20:29:33   

                      ------------------------------------------------------------------------------
2025-04-05 20:29:33     Calculation 29 (Frequency: 21.932 GHz, Theta: 0, Phi: 0)


                      ------------------------------------------------------------------------------
2025-04-05 20:29:50     Matrix setup time        :	0 s
                        Solver setup             :	15 s
                        Degrees of freedom       :	330594
                        Number of mesh cells     :	51602

                        Stimulation port         :	Zmin
                        Mode number              :	1
                        Accuracy                 :	3.09598e-14
                        Iterations               :	1
                        Solver time              :	0 s


                      ------------------------------------------------------------------------------
2025-04-05 20:29:50     Total time               :	16 s

                      ------------------------------------------------------------------------------
2025-04-05 20:29:50   

                      ------------------------------------------------------------------------------
2025-04-05 20:29:50   Finished the general purpose interpolative broadband frequency sweep:
                      All broadband sweep convergence criteria have been satisfied after
                      calculating 29 frequency samples:

                        Broadband sweep error threshold value :  0.01 (All S-Parameters) 
                        Number of error criterion checks      :  2 (All S-Parameters) 
                        Minimum number of samples             :  3
                        Number of data samples, linear        :  1001

                      ------------------------------------------------------------------------------
2025-04-05 20:29:50     Number of mesh cells     :	51602
                        Degrees of freedom       :	328988
                        Total Solver Time        :	529 s	 (= 0 h, 08 m, 49 s)
                      ================================================================================



                      ------------------------------------------------------------------------------
2025-04-05 20:29:50     ----------------------------------------------------------------------------
                                            Peak memory used (kB)         Free physical memory (kB) 
                                                                          At begin     Minimum      
                        ----------------------------------------------------------------------------
                        Solver start        21596                         8836996      8836756      
                        Eq. system setup    5898460                       8822464      7387736      
                        Eq. system solve    5898460                       8776916      2801348      
                        Mesh refinement     3768984                       8629496      7918396      
                        Solver run total    5898460                       8837000      2801348      

                        Computer name       Tahsin
                        ----------------------------------------------------------------------------


                      ------------------------------------------------------------------------------
2025-04-05 20:29:50   Running postprocessing.

                      ------------------------------------------------------------------------------
2025-04-05 20:29:51   Postprocessing finished.

                      ------------------------------------------------------------------------------
