2025-06-13 22:27:33   *** Warning ***

                      Electric isotropic material [Copper (pure)] has a very high conductivity for
                      the given mesh. Depending on your configuration it may be better to use a lossy
                      metal type for this material. More...

                      ------------------------------------------------------------------------------
2025-06-13 22:27:33   In order to get an optimal performance, hyperthreading is ignored for parallel
                      computations.

                      ------------------------------------------------------------------------------
2025-06-13 22:27:35   Units settings: 

                        Dimensions: mm
                        Frequency:  GHz
                        Time:       s

                      ------------------------------------------------------------------------------
2025-06-13 22:27:35   Boundary conditions: 

                        YZsymmetry: none
                        XZsymmetry: none
                        XYsymmetry: none

                        Xmin: unit cell
                        Xmax: unit cell

                        Ymin: unit cell
                        Ymax: unit cell

                        Zmin: expanded open
                        Zmax: expanded open

                      ------------------------------------------------------------------------------
2025-06-13 22:27:35   Order settings: 

                        Solver order   : 2nd (constant)
                        Curved elements: up to order 3 (automatic)

                      ------------------------------------------------------------------------------
2025-06-13 22:27:35   An iterative solver will be used first.

                      ------------------------------------------------------------------------------
2025-06-13 22:27:35     Mesh time                :	1 s


                      ------------------------------------------------------------------------------
2025-06-13 22:27:35   
                      ================================================================================
                      Frequency Domain Solver calculation cycle started

                      ------------------------------------------------------------------------------
2025-06-13 22:27:35   Solver started at: 2025-06-13 22:27:35 +0800

                        Module:  Frequency Domain: S-Parameter (Win 64)
                        Version: 2024.1 Release from 2023-10-16 (change 1181985)

                      ------------------------------------------------------------------------------
2025-06-13 22:27:35   The low frequency stabilization is not applied to periodic problems.

                      ------------------------------------------------------------------------------
2025-06-13 22:27:35     Calculation 1 of 1 (Frequency: 32 GHz, Theta: 0, Phi: 0)


                      ------------------------------------------------------------------------------
2025-06-13 22:27:35   The wavelength based mesh refinement has been applied to 5.1% of all mesh edges.

                      ------------------------------------------------------------------------------
2025-06-13 22:27:36   Adaptive mesh refinement pass 1

                      ------------------------------------------------------------------------------
2025-06-13 22:27:42   *** Warning ***

2025-06-13 22:27:42   Detected possible stagnation of the iterative solver (4.661386e-02 after 250 iterations.)
                      Please consider aborting the solver run, and check your simulation setup.  More...

                      ------------------------------------------------------------------------------
2025-06-13 22:27:49   *** Warning ***

2025-06-13 22:27:49   The solver stopped because the maximum number of iterations (500, used for automatic solver choice) has been reached.

                      ------------------------------------------------------------------------------
2025-06-13 22:27:49   Solving again, but with the direct solver. Please consider forcing the direct solver in the solver special settings, and
                      check your simulation setup (for instance source and material definitions.)

                      ------------------------------------------------------------------------------
2025-06-13 22:27:50     Matrix setup time        :	0 s
                        Degrees of freedom       :	36772
                        Number of mesh cells     :	5607

                        Stimulation port         :	Zmin
                        Mode number              :	1
                        Accuracy                 :	7.60892e-14
                        Iterations               :	1
                        Solver time              :	0 s


                      ------------------------------------------------------------------------------
2025-06-13 22:27:50   26% of all mesh edges seem to be longer than expected. The adaptive mesh refinement's growth limitation will therefore 
                      use 14536 instead of 3735 mesh cells as a reference.

                      ------------------------------------------------------------------------------
2025-06-13 22:27:50   The wavelength based mesh refinement has been applied to 0.2% of all mesh edges.

                      ------------------------------------------------------------------------------
2025-06-13 22:27:51   For some elements the curvature had to be reduced to maintain the quality of the mesh. More...

                      ------------------------------------------------------------------------------
2025-06-13 22:27:51   Adaptive mesh refinement pass 2

                      ------------------------------------------------------------------------------
2025-06-13 22:27:53     Matrix setup time        :	0 s
                        Solver setup             :	1 s
                        Degrees of freedom       :	74162
                        Number of mesh cells     :	11482

                        Stimulation port         :	Zmin
                        Mode number              :	1
                        Accuracy                 :	4.01547e-14
                        Iterations               :	1
                        Solver time              :	0 s


                      ------------------------------------------------------------------------------
2025-06-13 22:27:54     Delta calculation        
2025-06-13 22:27:54     All S-Parameters         :	0.023205
2025-06-13 22:27:54   

                      ------------------------------------------------------------------------------
2025-06-13 22:27:55   Adaptive mesh refinement pass 3

                      ------------------------------------------------------------------------------
2025-06-13 22:28:00     Matrix setup time        :	0 s
                        Solver setup             :	4 s
                        Degrees of freedom       :	126156
                        Number of mesh cells     :	19616

                        Stimulation port         :	Zmin
                        Mode number              :	1
                        Accuracy                 :	2.6717e-14
                        Iterations               :	1
                        Solver time              :	0 s


                      ------------------------------------------------------------------------------
2025-06-13 22:28:01     Delta calculation        
2025-06-13 22:28:01     All S-Parameters         :	0.0130982
2025-06-13 22:28:01   

                      ------------------------------------------------------------------------------
2025-06-13 22:28:01   Mesh adaptation terminated because the desired accuracy limit is reached.

                      ------------------------------------------------------------------------------
2025-06-13 22:28:01   *** Warning ***

2025-06-13 22:28:01   At least one propagating Floquet mode is not considered at port Zmin. Please increase the number of modes at this port. 
                      More...

                      ------------------------------------------------------------------------------
2025-06-13 22:28:01   *** Warning ***

2025-06-13 22:28:01   At least one propagating Floquet mode is not considered at port Zmax. Please increase the number of modes at this port. 
                      More...

                      ------------------------------------------------------------------------------
2025-06-13 22:28:01     Total time               :	25 s

                      ------------------------------------------------------------------------------
2025-06-13 22:28:01   

                      ------------------------------------------------------------------------------
2025-06-13 22:28:01     Calculation 2 (Frequency: 20 GHz, Theta: 0, Phi: 0)


                      ------------------------------------------------------------------------------
2025-06-13 22:28:05     Matrix setup time        :	0 s
                        Solver setup             :	3 s
                        Degrees of freedom       :	126156
                        Number of mesh cells     :	19616

                        Stimulation port         :	Zmin
                        Mode number              :	1
                        Accuracy                 :	5.08761e-14
                        Iterations               :	1
                        Solver time              :	0 s


                      ------------------------------------------------------------------------------
2025-06-13 22:28:05     Total time               :	4 s

                      ------------------------------------------------------------------------------
2025-06-13 22:28:05   

                      ------------------------------------------------------------------------------
2025-06-13 22:28:05     Calculation 3 (Frequency: 26 GHz, Theta: 0, Phi: 0)


                      ------------------------------------------------------------------------------
2025-06-13 22:28:09     Matrix setup time        :	0 s
                        Solver setup             :	3 s
                        Degrees of freedom       :	126156
                        Number of mesh cells     :	19616

                        Stimulation port         :	Zmin
                        Mode number              :	1
                        Accuracy                 :	3.13913e-14
                        Iterations               :	1
                        Solver time              :	0 s


                      ------------------------------------------------------------------------------
2025-06-13 22:28:09     Total time               :	4 s

                      ------------------------------------------------------------------------------
2025-06-13 22:28:09   

                      ------------------------------------------------------------------------------
2025-06-13 22:28:09     Calculation 4 (Frequency: 29 GHz, Theta: 0, Phi: 0)


                      ------------------------------------------------------------------------------
2025-06-13 22:28:14     Matrix setup time        :	0 s
                        Solver setup             :	3 s
                        Degrees of freedom       :	126156
                        Number of mesh cells     :	19616

                        Stimulation port         :	Zmin
                        Mode number              :	1
                        Accuracy                 :	4.53511e-14
                        Iterations               :	1
                        Solver time              :	0 s


                      ------------------------------------------------------------------------------
2025-06-13 22:28:14     Total time               :	4 s

                      ------------------------------------------------------------------------------
2025-06-13 22:28:14   

                      ------------------------------------------------------------------------------
2025-06-13 22:28:14     Calculation 5 (Frequency: 23.756 GHz, Theta: 0, Phi: 0)


                      ------------------------------------------------------------------------------
2025-06-13 22:28:18     Matrix setup time        :	0 s
                        Solver setup             :	3 s
                        Degrees of freedom       :	126156
                        Number of mesh cells     :	19616

                        Stimulation port         :	Zmin
                        Mode number              :	1
                        Accuracy                 :	7.34453e-14
                        Iterations               :	1
                        Solver time              :	0 s


                      ------------------------------------------------------------------------------
2025-06-13 22:28:18     Total time               :	4 s

                      ------------------------------------------------------------------------------
2025-06-13 22:28:18   

                      ------------------------------------------------------------------------------
2025-06-13 22:28:18     Calculation 6 (Frequency: 27.368 GHz, Theta: 0, Phi: 0)


                      ------------------------------------------------------------------------------
2025-06-13 22:28:22     Matrix setup time        :	0 s
                        Solver setup             :	3 s
                        Degrees of freedom       :	126156
                        Number of mesh cells     :	19616

                        Stimulation port         :	Zmin
                        Mode number              :	1
                        Accuracy                 :	3.21984e-14
                        Iterations               :	1
                        Solver time              :	0 s


                      ------------------------------------------------------------------------------
2025-06-13 22:28:23     Total time               :	4 s

                      ------------------------------------------------------------------------------
2025-06-13 22:28:23   

                      ------------------------------------------------------------------------------
2025-06-13 22:28:23     Calculation 7 (Frequency: 22.532 GHz, Theta: 0, Phi: 0)


                      ------------------------------------------------------------------------------
2025-06-13 22:28:27     Matrix setup time        :	0 s
                        Solver setup             :	3 s
                        Degrees of freedom       :	126156
                        Number of mesh cells     :	19616

                        Stimulation port         :	Zmin
                        Mode number              :	1
                        Accuracy                 :	5.32761e-14
                        Iterations               :	1
                        Solver time              :	0 s


                      ------------------------------------------------------------------------------
2025-06-13 22:28:27     Total time               :	4 s

                      ------------------------------------------------------------------------------
2025-06-13 22:28:27   

                      ------------------------------------------------------------------------------
2025-06-13 22:28:27     Calculation 8 (Frequency: 27.944 GHz, Theta: 0, Phi: 0)


                      ------------------------------------------------------------------------------
2025-06-13 22:28:31     Matrix setup time        :	0 s
                        Solver setup             :	3 s
                        Degrees of freedom       :	126156
                        Number of mesh cells     :	19616

                        Stimulation port         :	Zmin
                        Mode number              :	1
                        Accuracy                 :	3.95912e-14
                        Iterations               :	1
                        Solver time              :	0 s


                      ------------------------------------------------------------------------------
2025-06-13 22:28:31     Total time               :	4 s

                      ------------------------------------------------------------------------------
2025-06-13 22:28:31   

                      ------------------------------------------------------------------------------
2025-06-13 22:28:31     Calculation 9 (Frequency: 21.764 GHz, Theta: 0, Phi: 0)


                      ------------------------------------------------------------------------------
2025-06-13 22:28:35     Matrix setup time        :	0 s
                        Solver setup             :	3 s
                        Degrees of freedom       :	126156
                        Number of mesh cells     :	19616

                        Stimulation port         :	Zmin
                        Mode number              :	1
                        Accuracy                 :	5.64448e-14
                        Iterations               :	1
                        Solver time              :	0 s


                      ------------------------------------------------------------------------------
2025-06-13 22:28:35     Total time               :	4 s

                      ------------------------------------------------------------------------------
2025-06-13 22:28:35   

                      ------------------------------------------------------------------------------
2025-06-13 22:28:35     Calculation 10 (Frequency: 28.184 GHz, Theta: 0, Phi: 0)


                      ------------------------------------------------------------------------------
2025-06-13 22:28:39     Matrix setup time        :	0 s
                        Solver setup             :	3 s
                        Degrees of freedom       :	126156
                        Number of mesh cells     :	19616

                        Stimulation port         :	Zmin
                        Mode number              :	1
                        Accuracy                 :	3.54968e-14
                        Iterations               :	1
                        Solver time              :	0 s


                      ------------------------------------------------------------------------------
2025-06-13 22:28:40     Total time               :	4 s

                      ------------------------------------------------------------------------------
2025-06-13 22:28:40   

                      ------------------------------------------------------------------------------
2025-06-13 22:28:40     Calculation 11 (Frequency: 29.708 GHz, Theta: 0, Phi: 0)


                      ------------------------------------------------------------------------------
2025-06-13 22:28:44     Matrix setup time        :	0 s
                        Solver setup             :	3 s
                        Degrees of freedom       :	126156
                        Number of mesh cells     :	19616

                        Stimulation port         :	Zmin
                        Mode number              :	1
                        Accuracy                 :	4.03224e-14
                        Iterations               :	1
                        Solver time              :	0 s


                      ------------------------------------------------------------------------------
2025-06-13 22:28:44     Total time               :	4 s

                      ------------------------------------------------------------------------------
2025-06-13 22:28:44   

                      ------------------------------------------------------------------------------
2025-06-13 22:28:44     Calculation 12 (Frequency: 28.832 GHz, Theta: 0, Phi: 0)


                      ------------------------------------------------------------------------------
2025-06-13 22:28:48     Matrix setup time        :	0 s
                        Solver setup             :	3 s
                        Degrees of freedom       :	126156
                        Number of mesh cells     :	19616

                        Stimulation port         :	Zmin
                        Mode number              :	1
                        Accuracy                 :	4.17756e-14
                        Iterations               :	1
                        Solver time              :	0 s


                      ------------------------------------------------------------------------------
2025-06-13 22:28:48     Total time               :	4 s

                      ------------------------------------------------------------------------------
2025-06-13 22:28:48   

                      ------------------------------------------------------------------------------
2025-06-13 22:28:48     Calculation 13 (Frequency: 29.264 GHz, Theta: 0, Phi: 0)


                      ------------------------------------------------------------------------------
2025-06-13 22:28:52     Matrix setup time        :	0 s
                        Solver setup             :	3 s
                        Degrees of freedom       :	126156
                        Number of mesh cells     :	19616

                        Stimulation port         :	Zmin
                        Mode number              :	1
                        Accuracy                 :	4.53384e-14
                        Iterations               :	1
                        Solver time              :	0 s


                      ------------------------------------------------------------------------------
2025-06-13 22:28:52     Total time               :	4 s

                      ------------------------------------------------------------------------------
2025-06-13 22:28:52   

                      ------------------------------------------------------------------------------
2025-06-13 22:28:52     Calculation 14 (Frequency: 30.236 GHz, Theta: 0, Phi: 0)


                      ------------------------------------------------------------------------------
2025-06-13 22:28:57     Matrix setup time        :	0 s
                        Solver setup             :	4 s
                        Degrees of freedom       :	126156
                        Number of mesh cells     :	19616

                        Stimulation port         :	Zmin
                        Mode number              :	1
                        Accuracy                 :	4.55994e-14
                        Iterations               :	1
                        Solver time              :	0 s


                      ------------------------------------------------------------------------------
2025-06-13 22:28:57     Total time               :	4 s

                      ------------------------------------------------------------------------------
2025-06-13 22:28:57   

                      ------------------------------------------------------------------------------
2025-06-13 22:28:57     Calculation 15 (Frequency: 24.908 GHz, Theta: 0, Phi: 0)


                      ------------------------------------------------------------------------------
2025-06-13 22:29:01     Matrix setup time        :	0 s
                        Solver setup             :	3 s
                        Degrees of freedom       :	126156
                        Number of mesh cells     :	19616

                        Stimulation port         :	Zmin
                        Mode number              :	1
                        Accuracy                 :	3.25155e-14
                        Iterations               :	1
                        Solver time              :	0 s


                      ------------------------------------------------------------------------------
2025-06-13 22:29:01     Total time               :	4 s

                      ------------------------------------------------------------------------------
2025-06-13 22:29:01   

                      ------------------------------------------------------------------------------
2025-06-13 22:29:01     Calculation 16 (Frequency: 22.916 GHz, Theta: 0, Phi: 0)


                      ------------------------------------------------------------------------------
2025-06-13 22:29:06     Matrix setup time        :	0 s
                        Solver setup             :	3 s
                        Degrees of freedom       :	126156
                        Number of mesh cells     :	19616

                        Stimulation port         :	Zmin
                        Mode number              :	1
                        Accuracy                 :	4.05373e-14
                        Iterations               :	1
                        Solver time              :	0 s


                      ------------------------------------------------------------------------------
2025-06-13 22:29:06     Total time               :	4 s

                      ------------------------------------------------------------------------------
2025-06-13 22:29:06   

                      ------------------------------------------------------------------------------
2025-06-13 22:29:06     Calculation 17 (Frequency: 25.604 GHz, Theta: 0, Phi: 0)


                      ------------------------------------------------------------------------------
2025-06-13 22:29:10     Matrix setup time        :	0 s
                        Solver setup             :	3 s
                        Degrees of freedom       :	126156
                        Number of mesh cells     :	19616

                        Stimulation port         :	Zmin
                        Mode number              :	1
                        Accuracy                 :	2.99852e-14
                        Iterations               :	1
                        Solver time              :	0 s


                      ------------------------------------------------------------------------------
2025-06-13 22:29:10     Total time               :	4 s

                      ------------------------------------------------------------------------------
2025-06-13 22:29:10   

                      ------------------------------------------------------------------------------
2025-06-13 22:29:10     Calculation 18 (Frequency: 26.456 GHz, Theta: 0, Phi: 0)


                      ------------------------------------------------------------------------------
2025-06-13 22:29:14     Matrix setup time        :	0 s
                        Solver setup             :	3 s
                        Degrees of freedom       :	126156
                        Number of mesh cells     :	19616

                        Stimulation port         :	Zmin
                        Mode number              :	1
                        Accuracy                 :	3.69919e-14
                        Iterations               :	1
                        Solver time              :	0 s


                      ------------------------------------------------------------------------------
2025-06-13 22:29:14     Total time               :	4 s

                      ------------------------------------------------------------------------------
2025-06-13 22:29:14   

                      ------------------------------------------------------------------------------
2025-06-13 22:29:14     Calculation 19 (Frequency: 31.184 GHz, Theta: 0, Phi: 0)


                      ------------------------------------------------------------------------------
2025-06-13 22:29:19     Matrix setup time        :	0 s
                        Solver setup             :	3 s
                        Degrees of freedom       :	126156
                        Number of mesh cells     :	19616

                        Stimulation port         :	Zmin
                        Mode number              :	1
                        Accuracy                 :	2.92206e-14
                        Iterations               :	1
                        Solver time              :	0 s


                      ------------------------------------------------------------------------------
2025-06-13 22:29:19     Total time               :	4 s

                      ------------------------------------------------------------------------------
2025-06-13 22:29:19   

                      ------------------------------------------------------------------------------
2025-06-13 22:29:19     Calculation 20 (Frequency: 23.36 GHz, Theta: 0, Phi: 0)


                      ------------------------------------------------------------------------------
2025-06-13 22:29:23     Matrix setup time        :	0 s
                        Solver setup             :	3 s
                        Degrees of freedom       :	126156
                        Number of mesh cells     :	19616

                        Stimulation port         :	Zmin
                        Mode number              :	1
                        Accuracy                 :	4.04169e-14
                        Iterations               :	1
                        Solver time              :	0 s


                      ------------------------------------------------------------------------------
2025-06-13 22:29:23     Total time               :	4 s

                      ------------------------------------------------------------------------------
2025-06-13 22:29:23   

                      ------------------------------------------------------------------------------
2025-06-13 22:29:23     Calculation 21 (Frequency: 30.836 GHz, Theta: 0, Phi: 0)


                      ------------------------------------------------------------------------------
2025-06-13 22:29:28     Matrix setup time        :	0 s
                        Solver setup             :	3 s
                        Degrees of freedom       :	126156
                        Number of mesh cells     :	19616

                        Stimulation port         :	Zmin
                        Mode number              :	1
                        Accuracy                 :	3.20034e-14
                        Iterations               :	1
                        Solver time              :	0 s


                      ------------------------------------------------------------------------------
2025-06-13 22:29:28     Total time               :	4 s

                      ------------------------------------------------------------------------------
2025-06-13 22:29:28   

                      ------------------------------------------------------------------------------
2025-06-13 22:29:28     Calculation 22 (Frequency: 31.496 GHz, Theta: 0, Phi: 0)


                      ------------------------------------------------------------------------------
2025-06-13 22:29:33     Matrix setup time        :	0 s
                        Solver setup             :	4 s
                        Degrees of freedom       :	126156
                        Number of mesh cells     :	19616

                        Stimulation port         :	Zmin
                        Mode number              :	1
                        Accuracy                 :	3.30626e-14
                        Iterations               :	1
                        Solver time              :	0 s


                      ------------------------------------------------------------------------------
2025-06-13 22:29:33     Total time               :	4 s

                      ------------------------------------------------------------------------------
2025-06-13 22:29:33   

                      ------------------------------------------------------------------------------
2025-06-13 22:29:33     Calculation 23 (Frequency: 30.452 GHz, Theta: 0, Phi: 0)


                      ------------------------------------------------------------------------------
2025-06-13 22:29:37     Matrix setup time        :	0 s
                        Solver setup             :	3 s
                        Degrees of freedom       :	126156
                        Number of mesh cells     :	19616

                        Stimulation port         :	Zmin
                        Mode number              :	1
                        Accuracy                 :	4.00941e-14
                        Iterations               :	1
                        Solver time              :	0 s


                      ------------------------------------------------------------------------------
2025-06-13 22:29:37     Total time               :	4 s

                      ------------------------------------------------------------------------------
2025-06-13 22:29:37   

                      ------------------------------------------------------------------------------
2025-06-13 22:29:37     Calculation 24 (Frequency: 26.684 GHz, Theta: 0, Phi: 0)


                      ------------------------------------------------------------------------------
2025-06-13 22:29:42     Matrix setup time        :	0 s
                        Solver setup             :	3 s
                        Degrees of freedom       :	126156
                        Number of mesh cells     :	19616

                        Stimulation port         :	Zmin
                        Mode number              :	1
                        Accuracy                 :	3.42392e-14
                        Iterations               :	1
                        Solver time              :	0 s


                      ------------------------------------------------------------------------------
2025-06-13 22:29:42     Total time               :	4 s

                      ------------------------------------------------------------------------------
2025-06-13 22:29:42   

                      ------------------------------------------------------------------------------
2025-06-13 22:29:42     Calculation 25 (Frequency: 20.72 GHz, Theta: 0, Phi: 0)


                      ------------------------------------------------------------------------------
2025-06-13 22:29:46     Matrix setup time        :	0 s
                        Solver setup             :	3 s
                        Degrees of freedom       :	126156
                        Number of mesh cells     :	19616

                        Stimulation port         :	Zmin
                        Mode number              :	1
                        Accuracy                 :	4.03684e-14
                        Iterations               :	1
                        Solver time              :	0 s


                      ------------------------------------------------------------------------------
2025-06-13 22:29:46     Total time               :	4 s

                      ------------------------------------------------------------------------------
2025-06-13 22:29:46   

                      ------------------------------------------------------------------------------
2025-06-13 22:29:46     Calculation 26 (Frequency: 22.34 GHz, Theta: 0, Phi: 0)


                      ------------------------------------------------------------------------------
2025-06-13 22:29:51     Matrix setup time        :	0 s
                        Solver setup             :	3 s
                        Degrees of freedom       :	126156
                        Number of mesh cells     :	19616

                        Stimulation port         :	Zmin
                        Mode number              :	1
                        Accuracy                 :	5.9192e-14
                        Iterations               :	1
                        Solver time              :	0 s


                      ------------------------------------------------------------------------------
2025-06-13 22:29:51     Total time               :	4 s

                      ------------------------------------------------------------------------------
2025-06-13 22:29:51   

                      ------------------------------------------------------------------------------
2025-06-13 22:29:51     Calculation 27 (Frequency: 21.164 GHz, Theta: 0, Phi: 0)


                      ------------------------------------------------------------------------------
2025-06-13 22:29:56     Matrix setup time        :	0 s
                        Solver setup             :	4 s
                        Degrees of freedom       :	126156
                        Number of mesh cells     :	19616

                        Stimulation port         :	Zmin
                        Mode number              :	1
                        Accuracy                 :	6.31216e-14
                        Iterations               :	1
                        Solver time              :	0 s


                      ------------------------------------------------------------------------------
2025-06-13 22:29:56     Total time               :	4 s

                      ------------------------------------------------------------------------------
2025-06-13 22:29:56   

                      ------------------------------------------------------------------------------
2025-06-13 22:29:56     Calculation 28 (Frequency: 24.02 GHz, Theta: 0, Phi: 0)


                      ------------------------------------------------------------------------------
2025-06-13 22:30:00     Matrix setup time        :	0 s
                        Solver setup             :	4 s
                        Degrees of freedom       :	126156
                        Number of mesh cells     :	19616

                        Stimulation port         :	Zmin
                        Mode number              :	1
                        Accuracy                 :	3.93224e-14
                        Iterations               :	1
                        Solver time              :	0 s


                      ------------------------------------------------------------------------------
2025-06-13 22:30:00     Total time               :	4 s

                      ------------------------------------------------------------------------------
2025-06-13 22:30:00   

                      ------------------------------------------------------------------------------
2025-06-13 22:30:00     Calculation 29 (Frequency: 20.276 GHz, Theta: 0, Phi: 0)


                      ------------------------------------------------------------------------------
2025-06-13 22:30:05     Matrix setup time        :	0 s
                        Solver setup             :	4 s
                        Degrees of freedom       :	126156
                        Number of mesh cells     :	19616

                        Stimulation port         :	Zmin
                        Mode number              :	1
                        Accuracy                 :	4.65633e-14
                        Iterations               :	1
                        Solver time              :	0 s


                      ------------------------------------------------------------------------------
2025-06-13 22:30:05     Total time               :	4 s

                      ------------------------------------------------------------------------------
2025-06-13 22:30:05   

                      ------------------------------------------------------------------------------
2025-06-13 22:30:05   Finished the general purpose interpolative broadband frequency sweep:
                      All broadband sweep convergence criteria have been satisfied after
                      calculating 29 frequency samples:

                        Broadband sweep error threshold value :  0.01 (All S-Parameters) 
                        Number of error criterion checks      :  2 (All S-Parameters) 
                        Minimum number of samples             :  3
                        Number of data samples, linear        :  1001

                      ------------------------------------------------------------------------------
2025-06-13 22:30:06     Number of mesh cells     :	19616
                        Degrees of freedom       :	125136
                        Total Solver Time        :	150 s	 (= 0 h, 02 m, 30 s)
                      ================================================================================



                      ------------------------------------------------------------------------------
2025-06-13 22:30:06     ----------------------------------------------------------------------------
                                            Peak memory used (kB)         Free physical memory (kB) 
                                                                          At begin     Minimum      
                        ----------------------------------------------------------------------------
                        Solver start        22288                         8425908      8425160      
                        Eq. system setup    2285048                       8407576      7478604      
                        Eq. system solve    2285048                       8366448      5968132      
                        Mesh refinement     1402520                       8039192      7761544      
                        Solver run total    2285048                       8425912      5968132      

                        Computer name       Tahsin
                        ----------------------------------------------------------------------------


                      ------------------------------------------------------------------------------
2025-06-13 22:30:06   Running postprocessing.

                      ------------------------------------------------------------------------------
2025-06-13 22:30:06   Postprocessing finished.

                      ------------------------------------------------------------------------------
