2025-04-05 13:12:30   *** Warning ***

                      Electric isotropic material [Copper (pure)] has a very high conductivity for
                      the given mesh. Depending on your configuration it may be better to use a lossy
                      metal type for this material. More...

                      ------------------------------------------------------------------------------
2025-04-05 13:12:30   In order to get an optimal performance, hyperthreading is ignored for parallel
                      computations.

                      ------------------------------------------------------------------------------
2025-04-05 13:12:32   Units settings: 

                        Dimensions: mm
                        Frequency:  GHz
                        Time:       s

                      ------------------------------------------------------------------------------
2025-04-05 13:12:32   Boundary conditions: 

                        YZsymmetry: none
                        XZsymmetry: none
                        XYsymmetry: none

                        Xmin: unit cell
                        Xmax: unit cell

                        Ymin: unit cell
                        Ymax: unit cell

                        Zmin: expanded open
                        Zmax: expanded open

                      ------------------------------------------------------------------------------
2025-04-05 13:12:32   Order settings: 

                        Solver order   : 2nd (constant)
                        Curved elements: up to order 3 (automatic)

                      ------------------------------------------------------------------------------
2025-04-05 13:12:32   An iterative solver will be used first.

                      ------------------------------------------------------------------------------
2025-04-05 13:12:32     Mesh time                :	2 s


                      ------------------------------------------------------------------------------
2025-04-05 13:12:32   
                      ================================================================================
                      Frequency Domain Solver calculation cycle started

                      ------------------------------------------------------------------------------
2025-04-05 13:12:32   Solver started at: 2025-04-05 13:12:32 +0600

                        Module:  Frequency Domain: S-Parameter (Win 64)
                        Version: 2024.1 Release from 2023-10-16 (change 1181985)

                      ------------------------------------------------------------------------------
2025-04-05 13:12:32   The low frequency stabilization is not applied to periodic problems.

                      ------------------------------------------------------------------------------
2025-04-05 13:12:32     Calculation 1 of 1 (Frequency: 32 GHz, Theta: 0, Phi: 0)


                      ------------------------------------------------------------------------------
2025-04-05 13:12:32   The wavelength based mesh refinement has been applied to 5.9% of all mesh edges.

                      ------------------------------------------------------------------------------
2025-04-05 13:12:33   For some elements the curvature had to be reduced to maintain the quality of the mesh. More...

                      ------------------------------------------------------------------------------
2025-04-05 13:12:33   Adaptive mesh refinement pass 1

                      ------------------------------------------------------------------------------
2025-04-05 13:12:42   *** Warning ***

2025-04-05 13:12:42   Detected possible stagnation of the iterative solver (5.029706e-02 after 250 iterations.)
                      Please consider aborting the solver run, and check your simulation setup.  More...

                      ------------------------------------------------------------------------------
2025-04-05 13:12:49   *** Warning ***

2025-04-05 13:12:49   The solver stopped because the maximum number of iterations (500, used for automatic solver choice) has been reached.

                      ------------------------------------------------------------------------------
2025-04-05 13:12:49   Solving again, but with the direct solver. Please consider forcing the direct solver in the solver special settings, and
                      check your simulation setup (for instance source and material definitions.)

                      ------------------------------------------------------------------------------
2025-04-05 13:12:50     Matrix setup time        :	0 s
                        Degrees of freedom       :	42234
                        Number of mesh cells     :	6466

                        Stimulation port         :	Zmin
                        Mode number              :	1
                        Accuracy                 :	7.36472e-14
                        Iterations               :	1
                        Solver time              :	0 s


                      ------------------------------------------------------------------------------
2025-04-05 13:12:51   19% of all mesh edges seem to be longer than expected. The adaptive mesh refinement's growth limitation will therefore 
                      use 14141 instead of 4137 mesh cells as a reference.

                      ------------------------------------------------------------------------------
2025-04-05 13:12:51   The wavelength based mesh refinement has been applied to 0.1% of all mesh edges.

                      ------------------------------------------------------------------------------
2025-04-05 13:12:51   For some elements the curvature had to be reduced to maintain the quality of the mesh. More...

                      ------------------------------------------------------------------------------
2025-04-05 13:12:52   Adaptive mesh refinement pass 2

                      ------------------------------------------------------------------------------
2025-04-05 13:12:55     Matrix setup time        :	0 s
                        Solver setup             :	2 s
                        Degrees of freedom       :	83914
                        Number of mesh cells     :	12990

                        Stimulation port         :	Zmin
                        Mode number              :	1
                        Accuracy                 :	4.0736e-14
                        Iterations               :	1
                        Solver time              :	0 s


                      ------------------------------------------------------------------------------
2025-04-05 13:12:55     Delta calculation        
2025-04-05 13:12:55     All S-Parameters         :	0.0293506
2025-04-05 13:12:55   

                      ------------------------------------------------------------------------------
2025-04-05 13:12:56   For some elements the curvature had to be reduced to maintain the quality of the mesh. More...

                      ------------------------------------------------------------------------------
2025-04-05 13:12:56   Adaptive mesh refinement pass 3

                      ------------------------------------------------------------------------------
2025-04-05 13:13:01     Matrix setup time        :	0 s
                        Solver setup             :	4 s
                        Degrees of freedom       :	138014
                        Number of mesh cells     :	21451

                        Stimulation port         :	Zmin
                        Mode number              :	1
                        Accuracy                 :	3.80048e-14
                        Iterations               :	1
                        Solver time              :	0 s


                      ------------------------------------------------------------------------------
2025-04-05 13:13:02     Delta calculation        
2025-04-05 13:13:02     All S-Parameters         :	0.0190927
2025-04-05 13:13:02   

                      ------------------------------------------------------------------------------
2025-04-05 13:13:02   Mesh adaptation terminated because the desired accuracy limit is reached.

                      ------------------------------------------------------------------------------
2025-04-05 13:13:02   *** Warning ***

2025-04-05 13:13:02   At least one propagating Floquet mode is not considered at port Zmin. Please increase the number of modes at this port. 
                      More...

                      ------------------------------------------------------------------------------
2025-04-05 13:13:02   *** Warning ***

2025-04-05 13:13:02   At least one propagating Floquet mode is not considered at port Zmax. Please increase the number of modes at this port. 
                      More...

                      ------------------------------------------------------------------------------
2025-04-05 13:13:02     Total time               :	29 s

                      ------------------------------------------------------------------------------
2025-04-05 13:13:02   

                      ------------------------------------------------------------------------------
2025-04-05 13:13:02     Calculation 2 (Frequency: 20 GHz, Theta: 0, Phi: 0)


                      ------------------------------------------------------------------------------
2025-04-05 13:13:06     Matrix setup time        :	0 s
                        Solver setup             :	3 s
                        Degrees of freedom       :	138014
                        Number of mesh cells     :	21451

                        Stimulation port         :	Zmin
                        Mode number              :	1
                        Accuracy                 :	3.94769e-14
                        Iterations               :	1
                        Solver time              :	0 s


                      ------------------------------------------------------------------------------
2025-04-05 13:13:06     Total time               :	3 s

                      ------------------------------------------------------------------------------
2025-04-05 13:13:06   

                      ------------------------------------------------------------------------------
2025-04-05 13:13:06     Calculation 3 (Frequency: 26 GHz, Theta: 0, Phi: 0)


                      ------------------------------------------------------------------------------
2025-04-05 13:13:10     Matrix setup time        :	0 s
                        Solver setup             :	3 s
                        Degrees of freedom       :	138014
                        Number of mesh cells     :	21451

                        Stimulation port         :	Zmin
                        Mode number              :	1
                        Accuracy                 :	4.73022e-14
                        Iterations               :	1
                        Solver time              :	0 s


                      ------------------------------------------------------------------------------
2025-04-05 13:13:10     Total time               :	3 s

                      ------------------------------------------------------------------------------
2025-04-05 13:13:10   

                      ------------------------------------------------------------------------------
2025-04-05 13:13:10     Calculation 4 (Frequency: 29 GHz, Theta: 0, Phi: 0)


                      ------------------------------------------------------------------------------
2025-04-05 13:13:14     Matrix setup time        :	0 s
                        Solver setup             :	3 s
                        Degrees of freedom       :	138014
                        Number of mesh cells     :	21451

                        Stimulation port         :	Zmin
                        Mode number              :	1
                        Accuracy                 :	4.93814e-14
                        Iterations               :	1
                        Solver time              :	0 s


                      ------------------------------------------------------------------------------
2025-04-05 13:13:14     Total time               :	3 s

                      ------------------------------------------------------------------------------
2025-04-05 13:13:14   

                      ------------------------------------------------------------------------------
2025-04-05 13:13:14     Calculation 5 (Frequency: 23.336 GHz, Theta: 0, Phi: 0)


                      ------------------------------------------------------------------------------
2025-04-05 13:13:18     Matrix setup time        :	0 s
                        Solver setup             :	3 s
                        Degrees of freedom       :	138014
                        Number of mesh cells     :	21451

                        Stimulation port         :	Zmin
                        Mode number              :	1
                        Accuracy                 :	3.8995e-14
                        Iterations               :	1
                        Solver time              :	0 s


                      ------------------------------------------------------------------------------
2025-04-05 13:13:18     Total time               :	3 s

                      ------------------------------------------------------------------------------
2025-04-05 13:13:18   

                      ------------------------------------------------------------------------------
2025-04-05 13:13:18     Calculation 6 (Frequency: 26.348 GHz, Theta: 0, Phi: 0)


                      ------------------------------------------------------------------------------
2025-04-05 13:13:22     Matrix setup time        :	0 s
                        Solver setup             :	3 s
                        Degrees of freedom       :	138014
                        Number of mesh cells     :	21451

                        Stimulation port         :	Zmin
                        Mode number              :	1
                        Accuracy                 :	3.67185e-14
                        Iterations               :	1
                        Solver time              :	0 s


                      ------------------------------------------------------------------------------
2025-04-05 13:13:22     Total time               :	3 s

                      ------------------------------------------------------------------------------
2025-04-05 13:13:22   

                      ------------------------------------------------------------------------------
2025-04-05 13:13:22     Calculation 7 (Frequency: 31.436 GHz, Theta: 0, Phi: 0)


                      ------------------------------------------------------------------------------
2025-04-05 13:13:26     Matrix setup time        :	0 s
                        Solver setup             :	3 s
                        Degrees of freedom       :	138014
                        Number of mesh cells     :	21451

                        Stimulation port         :	Zmin
                        Mode number              :	1
                        Accuracy                 :	2.58702e-14
                        Iterations               :	1
                        Solver time              :	0 s


                      ------------------------------------------------------------------------------
2025-04-05 13:13:26     Total time               :	3 s

                      ------------------------------------------------------------------------------
2025-04-05 13:13:26   

                      ------------------------------------------------------------------------------
2025-04-05 13:13:26     Calculation 8 (Frequency: 27.284 GHz, Theta: 0, Phi: 0)


                      ------------------------------------------------------------------------------
2025-04-05 13:13:30     Matrix setup time        :	0 s
                        Solver setup             :	3 s
                        Degrees of freedom       :	138014
                        Number of mesh cells     :	21451

                        Stimulation port         :	Zmin
                        Mode number              :	1
                        Accuracy                 :	3.51846e-14
                        Iterations               :	1
                        Solver time              :	0 s


                      ------------------------------------------------------------------------------
2025-04-05 13:13:30     Total time               :	4 s

                      ------------------------------------------------------------------------------
2025-04-05 13:13:30   

                      ------------------------------------------------------------------------------
2025-04-05 13:13:30     Calculation 9 (Frequency: 30.944 GHz, Theta: 0, Phi: 0)


                      ------------------------------------------------------------------------------
2025-04-05 13:13:34     Matrix setup time        :	0 s
                        Solver setup             :	3 s
                        Degrees of freedom       :	138014
                        Number of mesh cells     :	21451

                        Stimulation port         :	Zmin
                        Mode number              :	1
                        Accuracy                 :	3.51319e-14
                        Iterations               :	1
                        Solver time              :	0 s


                      ------------------------------------------------------------------------------
2025-04-05 13:13:34     Total time               :	3 s

                      ------------------------------------------------------------------------------
2025-04-05 13:13:34   

                      ------------------------------------------------------------------------------
2025-04-05 13:13:34     Calculation 10 (Frequency: 25.748 GHz, Theta: 0, Phi: 0)


                      ------------------------------------------------------------------------------
2025-04-05 13:13:38     Matrix setup time        :	0 s
                        Solver setup             :	3 s
                        Degrees of freedom       :	138014
                        Number of mesh cells     :	21451

                        Stimulation port         :	Zmin
                        Mode number              :	1
                        Accuracy                 :	3.99943e-14
                        Iterations               :	1
                        Solver time              :	0 s


                      ------------------------------------------------------------------------------
2025-04-05 13:13:38     Total time               :	3 s

                      ------------------------------------------------------------------------------
2025-04-05 13:13:38   

                      ------------------------------------------------------------------------------
2025-04-05 13:13:38     Calculation 11 (Frequency: 27.884 GHz, Theta: 0, Phi: 0)


                      ------------------------------------------------------------------------------
2025-04-05 13:13:42     Matrix setup time        :	0 s
                        Solver setup             :	3 s
                        Degrees of freedom       :	138014
                        Number of mesh cells     :	21451

                        Stimulation port         :	Zmin
                        Mode number              :	1
                        Accuracy                 :	4.38365e-14
                        Iterations               :	1
                        Solver time              :	0 s


                      ------------------------------------------------------------------------------
2025-04-05 13:13:42     Total time               :	4 s

                      ------------------------------------------------------------------------------
2025-04-05 13:13:42   

                      ------------------------------------------------------------------------------
2025-04-05 13:13:42     Calculation 12 (Frequency: 29.3 GHz, Theta: 0, Phi: 0)


                      ------------------------------------------------------------------------------
2025-04-05 13:13:46     Matrix setup time        :	0 s
                        Solver setup             :	3 s
                        Degrees of freedom       :	138014
                        Number of mesh cells     :	21451

                        Stimulation port         :	Zmin
                        Mode number              :	1
                        Accuracy                 :	4.77107e-14
                        Iterations               :	1
                        Solver time              :	0 s


                      ------------------------------------------------------------------------------
2025-04-05 13:13:47     Total time               :	4 s

                      ------------------------------------------------------------------------------
2025-04-05 13:13:47   

                      ------------------------------------------------------------------------------
2025-04-05 13:13:47     Calculation 13 (Frequency: 25.064 GHz, Theta: 0, Phi: 0)


                      ------------------------------------------------------------------------------
2025-04-05 13:13:51     Matrix setup time        :	0 s
                        Solver setup             :	3 s
                        Degrees of freedom       :	138014
                        Number of mesh cells     :	21451

                        Stimulation port         :	Zmin
                        Mode number              :	1
                        Accuracy                 :	4.14668e-14
                        Iterations               :	1
                        Solver time              :	0 s


                      ------------------------------------------------------------------------------
2025-04-05 13:13:51     Total time               :	4 s

                      ------------------------------------------------------------------------------
2025-04-05 13:13:51   

                      ------------------------------------------------------------------------------
2025-04-05 13:13:51     Calculation 14 (Frequency: 21.98 GHz, Theta: 0, Phi: 0)


                      ------------------------------------------------------------------------------
2025-04-05 13:13:55     Matrix setup time        :	0 s
                        Solver setup             :	3 s
                        Degrees of freedom       :	138014
                        Number of mesh cells     :	21451

                        Stimulation port         :	Zmin
                        Mode number              :	1
                        Accuracy                 :	5.30721e-14
                        Iterations               :	1
                        Solver time              :	0 s


                      ------------------------------------------------------------------------------
2025-04-05 13:13:55     Total time               :	4 s

                      ------------------------------------------------------------------------------
2025-04-05 13:13:55   

                      ------------------------------------------------------------------------------
2025-04-05 13:13:55     Calculation 15 (Frequency: 28.028 GHz, Theta: 0, Phi: 0)


                      ------------------------------------------------------------------------------
2025-04-05 13:13:59     Matrix setup time        :	0 s
                        Solver setup             :	3 s
                        Degrees of freedom       :	138014
                        Number of mesh cells     :	21451

                        Stimulation port         :	Zmin
                        Mode number              :	1
                        Accuracy                 :	4.26512e-14
                        Iterations               :	1
                        Solver time              :	0 s


                      ------------------------------------------------------------------------------
2025-04-05 13:13:59     Total time               :	4 s

                      ------------------------------------------------------------------------------
2025-04-05 13:13:59   

                      ------------------------------------------------------------------------------
2025-04-05 13:14:00     Calculation 16 (Frequency: 21.62 GHz, Theta: 0, Phi: 0)


                      ------------------------------------------------------------------------------
2025-04-05 13:14:04     Matrix setup time        :	0 s
                        Solver setup             :	3 s
                        Degrees of freedom       :	138014
                        Number of mesh cells     :	21451

                        Stimulation port         :	Zmin
                        Mode number              :	1
                        Accuracy                 :	7.52215e-14
                        Iterations               :	1
                        Solver time              :	0 s


                      ------------------------------------------------------------------------------
2025-04-05 13:14:04     Total time               :	4 s

                      ------------------------------------------------------------------------------
2025-04-05 13:14:04   

                      ------------------------------------------------------------------------------
2025-04-05 13:14:04     Calculation 17 (Frequency: 22.232 GHz, Theta: 0, Phi: 0)


                      ------------------------------------------------------------------------------
2025-04-05 13:14:08     Matrix setup time        :	0 s
                        Solver setup             :	3 s
                        Degrees of freedom       :	138014
                        Number of mesh cells     :	21451

                        Stimulation port         :	Zmin
                        Mode number              :	1
                        Accuracy                 :	4.07262e-14
                        Iterations               :	1
                        Solver time              :	0 s


                      ------------------------------------------------------------------------------
2025-04-05 13:14:08     Total time               :	4 s

                      ------------------------------------------------------------------------------
2025-04-05 13:14:08   

                      ------------------------------------------------------------------------------
2025-04-05 13:14:08     Calculation 18 (Frequency: 20.744 GHz, Theta: 0, Phi: 0)


                      ------------------------------------------------------------------------------
2025-04-05 13:14:12     Matrix setup time        :	0 s
                        Solver setup             :	3 s
                        Degrees of freedom       :	138014
                        Number of mesh cells     :	21451

                        Stimulation port         :	Zmin
                        Mode number              :	1
                        Accuracy                 :	4.40809e-14
                        Iterations               :	1
                        Solver time              :	0 s


                      ------------------------------------------------------------------------------
2025-04-05 13:14:13     Total time               :	4 s

                      ------------------------------------------------------------------------------
2025-04-05 13:14:13   

                      ------------------------------------------------------------------------------
2025-04-05 13:14:13     Calculation 19 (Frequency: 21.74 GHz, Theta: 0, Phi: 0)


                      ------------------------------------------------------------------------------
2025-04-05 13:14:17     Matrix setup time        :	0 s
                        Solver setup             :	3 s
                        Degrees of freedom       :	138014
                        Number of mesh cells     :	21451

                        Stimulation port         :	Zmin
                        Mode number              :	1
                        Accuracy                 :	6.80344e-14
                        Iterations               :	1
                        Solver time              :	0 s


                      ------------------------------------------------------------------------------
2025-04-05 13:14:17     Total time               :	4 s

                      ------------------------------------------------------------------------------
2025-04-05 13:14:17   

                      ------------------------------------------------------------------------------
2025-04-05 13:14:17     Calculation 20 (Frequency: 21.344 GHz, Theta: 0, Phi: 0)


                      ------------------------------------------------------------------------------
2025-04-05 13:14:21     Matrix setup time        :	0 s
                        Solver setup             :	3 s
                        Degrees of freedom       :	138014
                        Number of mesh cells     :	21451

                        Stimulation port         :	Zmin
                        Mode number              :	1
                        Accuracy                 :	6.52702e-14
                        Iterations               :	1
                        Solver time              :	0 s


                      ------------------------------------------------------------------------------
2025-04-05 13:14:21     Total time               :	4 s

                      ------------------------------------------------------------------------------
2025-04-05 13:14:21   

                      ------------------------------------------------------------------------------
2025-04-05 13:14:21     Calculation 21 (Frequency: 23.072 GHz, Theta: 0, Phi: 0)


                      ------------------------------------------------------------------------------
2025-04-05 13:14:26     Matrix setup time        :	0 s
                        Solver setup             :	3 s
                        Degrees of freedom       :	138014
                        Number of mesh cells     :	21451

                        Stimulation port         :	Zmin
                        Mode number              :	1
                        Accuracy                 :	3.36553e-14
                        Iterations               :	1
                        Solver time              :	0 s


                      ------------------------------------------------------------------------------
2025-04-05 13:14:26     Total time               :	4 s

                      ------------------------------------------------------------------------------
2025-04-05 13:14:26   

                      ------------------------------------------------------------------------------
2025-04-05 13:14:26     Calculation 22 (Frequency: 23.612 GHz, Theta: 0, Phi: 0)


                      ------------------------------------------------------------------------------
2025-04-05 13:14:30     Matrix setup time        :	0 s
                        Solver setup             :	3 s
                        Degrees of freedom       :	138014
                        Number of mesh cells     :	21451

                        Stimulation port         :	Zmin
                        Mode number              :	1
                        Accuracy                 :	3.73549e-14
                        Iterations               :	1
                        Solver time              :	0 s


                      ------------------------------------------------------------------------------
2025-04-05 13:14:30     Total time               :	4 s

                      ------------------------------------------------------------------------------
2025-04-05 13:14:30   

                      ------------------------------------------------------------------------------
2025-04-05 13:14:30     Calculation 23 (Frequency: 26.708 GHz, Theta: 0, Phi: 0)


                      ------------------------------------------------------------------------------
2025-04-05 13:14:35     Matrix setup time        :	0 s
                        Solver setup             :	3 s
                        Degrees of freedom       :	138014
                        Number of mesh cells     :	21451

                        Stimulation port         :	Zmin
                        Mode number              :	1
                        Accuracy                 :	3.43405e-14
                        Iterations               :	1
                        Solver time              :	0 s


                      ------------------------------------------------------------------------------
2025-04-05 13:14:35     Total time               :	4 s

                      ------------------------------------------------------------------------------
2025-04-05 13:14:35   

                      ------------------------------------------------------------------------------
2025-04-05 13:14:35     Calculation 24 (Frequency: 27.548 GHz, Theta: 0, Phi: 0)


                      ------------------------------------------------------------------------------
2025-04-05 13:14:39     Matrix setup time        :	0 s
                        Solver setup             :	4 s
                        Degrees of freedom       :	138014
                        Number of mesh cells     :	21451

                        Stimulation port         :	Zmin
                        Mode number              :	1
                        Accuracy                 :	4.14616e-14
                        Iterations               :	1
                        Solver time              :	0 s


                      ------------------------------------------------------------------------------
2025-04-05 13:14:39     Total time               :	4 s

                      ------------------------------------------------------------------------------
2025-04-05 13:14:39   

                      ------------------------------------------------------------------------------
2025-04-05 13:14:39     Calculation 25 (Frequency: 28.448 GHz, Theta: 0, Phi: 0)


                      ------------------------------------------------------------------------------
2025-04-05 13:14:44     Matrix setup time        :	0 s
                        Solver setup             :	3 s
                        Degrees of freedom       :	138014
                        Number of mesh cells     :	21451

                        Stimulation port         :	Zmin
                        Mode number              :	1
                        Accuracy                 :	4.3586e-14
                        Iterations               :	1
                        Solver time              :	0 s


                      ------------------------------------------------------------------------------
2025-04-05 13:14:44     Total time               :	4 s

                      ------------------------------------------------------------------------------
2025-04-05 13:14:44   

                      ------------------------------------------------------------------------------
2025-04-05 13:14:44     Calculation 26 (Frequency: 29.804 GHz, Theta: 0, Phi: 0)


                      ------------------------------------------------------------------------------
2025-04-05 13:14:48     Matrix setup time        :	0 s
                        Solver setup             :	3 s
                        Degrees of freedom       :	138014
                        Number of mesh cells     :	21451

                        Stimulation port         :	Zmin
                        Mode number              :	1
                        Accuracy                 :	4.64663e-14
                        Iterations               :	1
                        Solver time              :	0 s


                      ------------------------------------------------------------------------------
2025-04-05 13:14:49     Total time               :	4 s

                      ------------------------------------------------------------------------------
2025-04-05 13:14:49   

                      ------------------------------------------------------------------------------
2025-04-05 13:14:49     Calculation 27 (Frequency: 28.724 GHz, Theta: 0, Phi: 0)


                      ------------------------------------------------------------------------------
2025-04-05 13:14:53     Matrix setup time        :	0 s
                        Solver setup             :	3 s
                        Degrees of freedom       :	138014
                        Number of mesh cells     :	21451

                        Stimulation port         :	Zmin
                        Mode number              :	1
                        Accuracy                 :	4.38887e-14
                        Iterations               :	1
                        Solver time              :	0 s


                      ------------------------------------------------------------------------------
2025-04-05 13:14:53     Total time               :	4 s

                      ------------------------------------------------------------------------------
2025-04-05 13:14:53   

                      ------------------------------------------------------------------------------
2025-04-05 13:14:53     Calculation 28 (Frequency: 24.308 GHz, Theta: 0, Phi: 0)


                      ------------------------------------------------------------------------------
2025-04-05 13:14:57     Matrix setup time        :	0 s
                        Solver setup             :	3 s
                        Degrees of freedom       :	138014
                        Number of mesh cells     :	21451

                        Stimulation port         :	Zmin
                        Mode number              :	1
                        Accuracy                 :	3.32775e-14
                        Iterations               :	1
                        Solver time              :	0 s


                      ------------------------------------------------------------------------------
2025-04-05 13:14:57     Total time               :	4 s

                      ------------------------------------------------------------------------------
2025-04-05 13:14:57   

                      ------------------------------------------------------------------------------
2025-04-05 13:14:57     Calculation 29 (Frequency: 30.344 GHz, Theta: 0, Phi: 0)


                      ------------------------------------------------------------------------------
2025-04-05 13:15:02     Matrix setup time        :	0 s
                        Solver setup             :	3 s
                        Degrees of freedom       :	138014
                        Number of mesh cells     :	21451

                        Stimulation port         :	Zmin
                        Mode number              :	1
                        Accuracy                 :	4.35518e-14
                        Iterations               :	1
                        Solver time              :	0 s


                      ------------------------------------------------------------------------------
2025-04-05 13:15:02     Total time               :	4 s

                      ------------------------------------------------------------------------------
2025-04-05 13:15:02   

                      ------------------------------------------------------------------------------
2025-04-05 13:15:02   Finished the general purpose interpolative broadband frequency sweep:
                      All broadband sweep convergence criteria have been satisfied after
                      calculating 29 frequency samples:

                        Broadband sweep error threshold value :  0.01 (All S-Parameters) 
                        Number of error criterion checks      :  2 (All S-Parameters) 
                        Minimum number of samples             :  3
                        Number of data samples, linear        :  1001

                      ------------------------------------------------------------------------------
2025-04-05 13:15:02     Number of mesh cells     :	21451
                        Degrees of freedom       :	136832
                        Total Solver Time        :	151 s	 (= 0 h, 02 m, 31 s)
                      ================================================================================



                      ------------------------------------------------------------------------------
2025-04-05 13:15:02     ----------------------------------------------------------------------------
                                            Peak memory used (kB)         Free physical memory (kB) 
                                                                          At begin     Minimum      
                        ----------------------------------------------------------------------------
                        Solver start        22048                         7150580      7149708      
                        Eq. system setup    2350116                       7111624      6331020      
                        Eq. system solve    2350116                       7063884      4795124      
                        Mesh refinement     1543664                       6967484      6634284      
                        Solver run total    2350116                       7150584      4795124      

                        Computer name       Tahsin
                        ----------------------------------------------------------------------------


                      ------------------------------------------------------------------------------
2025-04-05 13:15:02   Running postprocessing.

                      ------------------------------------------------------------------------------
2025-04-05 13:15:03   Postprocessing finished.

                      ------------------------------------------------------------------------------
