2025-03-26 01:16:12   *** Warning ***

                      Electric isotropic material [Copper (pure)] has a very high conductivity for
                      the given mesh. Depending on your configuration it may be better to use a lossy
                      metal type for this material. More...

                      ------------------------------------------------------------------------------
2025-03-26 01:16:15   *** Warning ***

2025-03-26 01:16:15   `tbbmalloc_proxy` cannot replace memory allocation routines (status:-1):
                      Success: free (ucrtbase.dll), byte pattern: <C7442410000000008B4424>
                      Fail: _msize (ucrtbase.dll), byte pattern: <E9ABFFFFFFCCCCCCCCCCCC>
                      The solver will continue with a reduced performance.

                      ------------------------------------------------------------------------------
2025-03-26 01:16:15   Units settings: 

                        Dimensions: mm
                        Frequency:  GHz
                        Time:       s

                      ------------------------------------------------------------------------------
2025-03-26 01:16:15   Boundary conditions: 

                        YZsymmetry: none
                        XZsymmetry: none
                        XYsymmetry: none

                        Xmin: unit cell
                        Xmax: unit cell

                        Ymin: unit cell
                        Ymax: unit cell

                        Zmin: expanded open
                        Zmax: expanded open

                      ------------------------------------------------------------------------------
2025-03-26 01:16:15   Order settings: 

                        Solver order   : 2nd (constant)
                        Curved elements: up to order 3 (automatic)

                      ------------------------------------------------------------------------------
2025-03-26 01:16:15   An iterative solver will be used first.

                      ------------------------------------------------------------------------------
2025-03-26 01:16:15     Mesh time                :	3 s


                      ------------------------------------------------------------------------------
2025-03-26 01:16:15   
                      ================================================================================
                      Frequency Domain Solver calculation cycle started

                      ------------------------------------------------------------------------------
2025-03-26 01:16:15   Solver started at: 2025-03-26 01:16:15 +0600

                        Module:  Frequency Domain: S-Parameter (Win 64)
                        Version: 2024.1 Release from 2023-10-16 (change 1181985)

                      ------------------------------------------------------------------------------
2025-03-26 01:16:15   The low frequency stabilization is not applied to periodic problems.

                      ------------------------------------------------------------------------------
2025-03-26 01:16:16     Calculation 1 of 1 (Frequency: 22 GHz, Theta: 0, Phi: 0)


                      ------------------------------------------------------------------------------
2025-03-26 01:16:16   Adaptive mesh refinement pass 1

                      ------------------------------------------------------------------------------
2025-03-26 01:16:37   *** Warning ***

2025-03-26 01:16:37   The solver stopped because the maximum number of iterations (500, used for automatic solver choice) has been reached.

                      ------------------------------------------------------------------------------
2025-03-26 01:16:37   Solving again, but with the direct solver. Please consider forcing the direct solver in the solver special settings, and
                      check your simulation setup (for instance source and material definitions.)

                      ------------------------------------------------------------------------------
2025-03-26 01:16:37   Low memory detected! The solver uses hard disk space to store data. This might reduce solver performance.

                      ------------------------------------------------------------------------------
2025-03-26 01:16:40     Matrix setup time        :	0 s
                        Solver setup             :	2 s
                        Degrees of freedom       :	28762
                        Number of mesh cells     :	4366

                        Stimulation port         :	Zmin
                        Mode number              :	1
                        Accuracy                 :	3.24931e-13
                        Iterations               :	1
                        Solver time              :	0 s


                      ------------------------------------------------------------------------------
2025-03-26 01:16:40   27% of all mesh edges seem to be longer than expected. The adaptive mesh refinement's growth limitation will therefore 
                      use 11679 instead of 4366 mesh cells as a reference.

                      ------------------------------------------------------------------------------
2025-03-26 01:16:41   For some elements the curvature had to be reduced to maintain the quality of the mesh. More...

                      ------------------------------------------------------------------------------
2025-03-26 01:16:41   Adaptive mesh refinement pass 2

                      ------------------------------------------------------------------------------
2025-03-26 01:16:42   *** Warning ***

2025-03-26 01:16:42   Low memory: Only 755.53 MB of 7.40 GB available.


                      ------------------------------------------------------------------------------
2025-03-26 01:16:42   *** Error ***

2025-03-26 01:16:42   Error during construction of pre-conditioner. Not enough memory.

                      ------------------------------------------------------------------------------
2025-03-26 01:16:42   *** Error ***

2025-03-26 01:16:42   Could not compute matrix factorization.

                      ------------------------------------------------------------------------------
2025-03-26 01:16:42   Recovering the last successful solution and mesh.

                      ------------------------------------------------------------------------------
2025-03-26 01:16:42   *** Warning ***

2025-03-26 01:16:42   At least one propagating Floquet mode is not considered at port Zmin. Please increase the number of modes at this port. 
                      More...

                      ------------------------------------------------------------------------------
2025-03-26 01:16:42   *** Warning ***

2025-03-26 01:16:42   At least one propagating Floquet mode is not considered at port Zmax. Please increase the number of modes at this port. 
                      More...

                      ------------------------------------------------------------------------------
2025-03-26 01:16:42     Total time               :	26 s

                      ------------------------------------------------------------------------------
2025-03-26 01:16:42   

                      ------------------------------------------------------------------------------
2025-03-26 01:16:42     Calculation 2 (Frequency: 20 GHz, Theta: 0, Phi: 0)


                      ------------------------------------------------------------------------------
2025-03-26 01:16:43   *** Error ***

2025-03-26 01:16:43   Could not compute matrix factorization.

                      ------------------------------------------------------------------------------
2025-03-26 01:16:43     Total time               :	0 s

                      ------------------------------------------------------------------------------
2025-03-26 01:16:43   

                      ------------------------------------------------------------------------------
2025-03-26 01:16:43     Number of mesh cells     :	4366
                        Degrees of freedom       :	27872
                        Total Solver Time        :	3 s
                      ================================================================================



                      ------------------------------------------------------------------------------
2025-03-26 01:16:43     ----------------------------------------------------------------------------
                                            Peak memory used (kB)         Free physical memory (kB) 
                                                                          At begin     Minimum      
                        ----------------------------------------------------------------------------
                        Solver start        23040                         1065356      1064924      
                        Eq. system setup    451052                        1048116      722328       
                        Eq. system solve    512236                        1016196      722328       
                        Mesh refinement     450780                        1057228      1041096      
                        Solver run total    512236                        1065360      842316       

                        Computer name       MSI
                        ----------------------------------------------------------------------------


                      ------------------------------------------------------------------------------
2025-03-26 01:16:43   Running postprocessing.

                      ------------------------------------------------------------------------------
2025-03-26 01:16:44   *** Error ***

                      Error: Unable to initialize PP structure from S-Matrix information.

                      ------------------------------------------------------------------------------
2025-03-26 01:16:44   *** Error ***

                      Error while running S-parameter post processing.

                      ------------------------------------------------------------------------------
2025-03-26 01:16:44   Postprocessing finished.

                      ------------------------------------------------------------------------------
