2025-06-14 00:45:24   *** Warning ***

                      Electric isotropic material [Copper (pure)] has a very high conductivity for
                      the given mesh. Depending on your configuration it may be better to use a lossy
                      metal type for this material. More...

                      ------------------------------------------------------------------------------
2025-06-14 00:45:24   In order to get an optimal performance, hyperthreading is ignored for parallel
                      computations.

                      ------------------------------------------------------------------------------
2025-06-14 00:45:26   Units settings: 

                        Dimensions: mm
                        Frequency:  GHz
                        Time:       s

                      ------------------------------------------------------------------------------
2025-06-14 00:45:26   Boundary conditions: 

                        YZsymmetry: none
                        XZsymmetry: none
                        XYsymmetry: none

                        Xmin: unit cell
                        Xmax: unit cell

                        Ymin: unit cell
                        Ymax: unit cell

                        Zmin: expanded open
                        Zmax: expanded open

                      ------------------------------------------------------------------------------
2025-06-14 00:45:26   Order settings: 

                        Solver order   : 2nd (constant)
                        Curved elements: up to order 3 (automatic)

                      ------------------------------------------------------------------------------
2025-06-14 00:45:26   An iterative solver will be used first.

                      ------------------------------------------------------------------------------
2025-06-14 00:45:26     Mesh time                :	2 s


                      ------------------------------------------------------------------------------
2025-06-14 00:45:26   
                      ================================================================================
                      Frequency Domain Solver calculation cycle started

                      ------------------------------------------------------------------------------
2025-06-14 00:45:26   Solver started at: 2025-06-14 00:45:26 +0800

                        Module:  Frequency Domain: S-Parameter (Win 64)
                        Version: 2024.1 Release from 2023-10-16 (change 1181985)

                      ------------------------------------------------------------------------------
2025-06-14 00:45:26   The low frequency stabilization is not applied to periodic problems.

                      ------------------------------------------------------------------------------
2025-06-14 00:45:26     Calculation 1 of 1 (Frequency: 32 GHz, Theta: 0, Phi: 0)


                      ------------------------------------------------------------------------------
2025-06-14 00:45:26   The wavelength based mesh refinement has been applied to 4.8% of all mesh edges.

                      ------------------------------------------------------------------------------
2025-06-14 00:45:27   For some elements the curvature had to be reduced to maintain the quality of the mesh. More...

                      ------------------------------------------------------------------------------
2025-06-14 00:45:27   Adaptive mesh refinement pass 1

                      ------------------------------------------------------------------------------
2025-06-14 00:45:34   *** Warning ***

2025-06-14 00:45:34   Detected possible stagnation of the iterative solver (4.760054e-02 after 250 iterations.)
                      Please consider aborting the solver run, and check your simulation setup.  More...

                      ------------------------------------------------------------------------------
2025-06-14 00:45:40   *** Warning ***

2025-06-14 00:45:40   The solver stopped because the maximum number of iterations (500, used for automatic solver choice) has been reached.

                      ------------------------------------------------------------------------------
2025-06-14 00:45:40   Solving again, but with the direct solver. Please consider forcing the direct solver in the solver special settings, and
                      check your simulation setup (for instance source and material definitions.)

                      ------------------------------------------------------------------------------
2025-06-14 00:45:41     Matrix setup time        :	0 s
                        Degrees of freedom       :	36390
                        Number of mesh cells     :	5547

                        Stimulation port         :	Zmin
                        Mode number              :	1
                        Accuracy                 :	8.20945e-14
                        Iterations               :	1
                        Solver time              :	0 s


                      ------------------------------------------------------------------------------
2025-06-14 00:45:41   26% of all mesh edges seem to be longer than expected. The adaptive mesh refinement's growth limitation will therefore 
                      use 14317 instead of 3688 mesh cells as a reference.

                      ------------------------------------------------------------------------------
2025-06-14 00:45:42   The wavelength based mesh refinement has been applied to 0.2% of all mesh edges.

                      ------------------------------------------------------------------------------
2025-06-14 00:45:42   Adaptive mesh refinement pass 2

                      ------------------------------------------------------------------------------
2025-06-14 00:45:45     Matrix setup time        :	0 s
                        Solver setup             :	2 s
                        Degrees of freedom       :	79818
                        Number of mesh cells     :	12369

                        Stimulation port         :	Zmin
                        Mode number              :	1
                        Accuracy                 :	3.92502e-14
                        Iterations               :	1
                        Solver time              :	0 s


                      ------------------------------------------------------------------------------
2025-06-14 00:45:45     Delta calculation        
2025-06-14 00:45:45     All S-Parameters         :	0.0382723
2025-06-14 00:45:45   

                      ------------------------------------------------------------------------------
2025-06-14 00:45:45   The input reflection seems to be large at 32 GHz, Theta: 0, Phi: 0. The adaptive mesh refinement at this sample will be 
                      stopped. A new mesh adaptation frequency has been added at 26 GHz.  More...

                      ------------------------------------------------------------------------------
2025-06-14 00:45:45   *** Warning ***

2025-06-14 00:45:45   At least one propagating Floquet mode is not considered at port Zmin. Please increase the number of modes at this port. 
                      More...

                      ------------------------------------------------------------------------------
2025-06-14 00:45:45   *** Warning ***

2025-06-14 00:45:45   At least one propagating Floquet mode is not considered at port Zmax. Please increase the number of modes at this port. 
                      More...

                      ------------------------------------------------------------------------------
2025-06-14 00:45:45     Total time               :	19 s

                      ------------------------------------------------------------------------------
2025-06-14 00:45:45   

                      ------------------------------------------------------------------------------
2025-06-14 00:45:45     Calculation 2 of 2 (Frequency: 26 GHz, Theta: 0, Phi: 0)


                      ------------------------------------------------------------------------------
2025-06-14 00:45:45   Adaptive mesh refinement pass 1

                      ------------------------------------------------------------------------------
2025-06-14 00:45:47     Matrix setup time        :	0 s
                        Solver setup             :	1 s
                        Degrees of freedom       :	79818
                        Number of mesh cells     :	12369

                        Stimulation port         :	Zmin
                        Mode number              :	1
                        Accuracy                 :	5.22724e-14
                        Iterations               :	1
                        Solver time              :	0 s


                      ------------------------------------------------------------------------------
2025-06-14 00:45:49   Adaptive mesh refinement pass 2

                      ------------------------------------------------------------------------------
2025-06-14 00:45:53     Matrix setup time        :	0 s
                        Solver setup             :	3 s
                        Degrees of freedom       :	118334
                        Number of mesh cells     :	18398

                        Stimulation port         :	Zmin
                        Mode number              :	1
                        Accuracy                 :	2.46917e-14
                        Iterations               :	1
                        Solver time              :	0 s


                      ------------------------------------------------------------------------------
2025-06-14 00:45:53     Delta calculation        
2025-06-14 00:45:53     All S-Parameters         :	0.0535315
2025-06-14 00:45:53   

                      ------------------------------------------------------------------------------
2025-06-14 00:45:55   Adaptive mesh refinement pass 3

                      ------------------------------------------------------------------------------
2025-06-14 00:46:02     Matrix setup time        :	0 s
                        Solver setup             :	6 s
                        Degrees of freedom       :	189614
                        Number of mesh cells     :	29521

                        Stimulation port         :	Zmin
                        Mode number              :	1
                        Accuracy                 :	4.35196e-14
                        Iterations               :	1
                        Solver time              :	0 s


                      ------------------------------------------------------------------------------
2025-06-14 00:46:03     Delta calculation        
2025-06-14 00:46:03     All S-Parameters         :	0.0329744
2025-06-14 00:46:03   

                      ------------------------------------------------------------------------------
2025-06-14 00:46:06   Adaptive mesh refinement pass 4

                      ------------------------------------------------------------------------------
2025-06-14 00:46:22     Matrix setup time        :	1 s
                        Solver setup             :	15 s
                        Degrees of freedom       :	289176
                        Number of mesh cells     :	45017

                        Stimulation port         :	Zmin
                        Mode number              :	1
                        Accuracy                 :	2.9612e-14
                        Iterations               :	1
                        Solver time              :	0 s


                      ------------------------------------------------------------------------------
2025-06-14 00:46:23     Delta calculation        
2025-06-14 00:46:23     All S-Parameters         :	0.0316674
2025-06-14 00:46:23   

                      ------------------------------------------------------------------------------
2025-06-14 00:46:27   Adaptive mesh refinement pass 5

                      ------------------------------------------------------------------------------
2025-06-14 00:46:55     Matrix setup time        :	1 s
                        Solver setup             :	26 s
                        Degrees of freedom       :	416606
                        Number of mesh cells     :	64862

                        Stimulation port         :	Zmin
                        Mode number              :	1
                        Accuracy                 :	3.68986e-14
                        Iterations               :	1
                        Solver time              :	0 s


                      ------------------------------------------------------------------------------
2025-06-14 00:46:56     Delta calculation        
2025-06-14 00:46:56     All S-Parameters         :	0.012893
2025-06-14 00:46:56   

                      ------------------------------------------------------------------------------
2025-06-14 00:46:56   Mesh adaptation terminated because the desired accuracy limit is reached.

                      ------------------------------------------------------------------------------
2025-06-14 00:46:56     Total time               :	70 s	 (= 0 h, 01 m, 10 s)

                      ------------------------------------------------------------------------------
2025-06-14 00:46:56   

                      ------------------------------------------------------------------------------
2025-06-14 00:46:56     Calculation 1 (Frequency: 32 GHz, Theta: 0, Phi: 0)


                      ------------------------------------------------------------------------------
2025-06-14 00:47:19     Matrix setup time        :	0 s
                        Solver setup             :	21 s
                        Degrees of freedom       :	416606
                        Number of mesh cells     :	64862

                        Stimulation port         :	Zmin
                        Mode number              :	1
                        Accuracy                 :	2.0808e-13
                        Iterations               :	1
                        Solver time              :	0 s


                      ------------------------------------------------------------------------------
2025-06-14 00:47:20     Total time               :	23 s

                      ------------------------------------------------------------------------------
2025-06-14 00:47:20   

                      ------------------------------------------------------------------------------
2025-06-14 00:47:20     Calculation 3 (Frequency: 20 GHz, Theta: 0, Phi: 0)


                      ------------------------------------------------------------------------------
2025-06-14 00:47:43     Matrix setup time        :	0 s
                        Solver setup             :	21 s
                        Degrees of freedom       :	416606
                        Number of mesh cells     :	64862

                        Stimulation port         :	Zmin
                        Mode number              :	1
                        Accuracy                 :	2.39843e-14
                        Iterations               :	1
                        Solver time              :	0 s


                      ------------------------------------------------------------------------------
2025-06-14 00:47:44     Total time               :	23 s

                      ------------------------------------------------------------------------------
2025-06-14 00:47:44   

                      ------------------------------------------------------------------------------
2025-06-14 00:47:44     Calculation 4 (Frequency: 29 GHz, Theta: 0, Phi: 0)


                      ------------------------------------------------------------------------------
2025-06-14 00:48:07     Matrix setup time        :	0 s
                        Solver setup             :	21 s
                        Degrees of freedom       :	416606
                        Number of mesh cells     :	64862

                        Stimulation port         :	Zmin
                        Mode number              :	1
                        Accuracy                 :	2.72083e-14
                        Iterations               :	1
                        Solver time              :	0 s


                      ------------------------------------------------------------------------------
2025-06-14 00:48:07     Total time               :	23 s

                      ------------------------------------------------------------------------------
2025-06-14 00:48:07   

                      ------------------------------------------------------------------------------
2025-06-14 00:48:07     Calculation 5 (Frequency: 23.864 GHz, Theta: 0, Phi: 0)


                      ------------------------------------------------------------------------------
2025-06-14 00:48:30     Matrix setup time        :	0 s
                        Solver setup             :	21 s
                        Degrees of freedom       :	416606
                        Number of mesh cells     :	64862

                        Stimulation port         :	Zmin
                        Mode number              :	1
                        Accuracy                 :	7.08445e-14
                        Iterations               :	1
                        Solver time              :	0 s


                      ------------------------------------------------------------------------------
2025-06-14 00:48:31     Total time               :	23 s

                      ------------------------------------------------------------------------------
2025-06-14 00:48:31   

                      ------------------------------------------------------------------------------
2025-06-14 00:48:31     Calculation 6 (Frequency: 27.2 GHz, Theta: 0, Phi: 0)


                      ------------------------------------------------------------------------------
2025-06-14 00:48:54     Matrix setup time        :	0 s
                        Solver setup             :	21 s
                        Degrees of freedom       :	416606
                        Number of mesh cells     :	64862

                        Stimulation port         :	Zmin
                        Mode number              :	1
                        Accuracy                 :	2.38813e-14
                        Iterations               :	1
                        Solver time              :	0 s


                      ------------------------------------------------------------------------------
2025-06-14 00:48:54     Total time               :	23 s

                      ------------------------------------------------------------------------------
2025-06-14 00:48:54   

                      ------------------------------------------------------------------------------
2025-06-14 00:48:54     Calculation 7 (Frequency: 22.808 GHz, Theta: 0, Phi: 0)


                      ------------------------------------------------------------------------------
2025-06-14 00:49:17     Matrix setup time        :	0 s
                        Solver setup             :	21 s
                        Degrees of freedom       :	416606
                        Number of mesh cells     :	64862

                        Stimulation port         :	Zmin
                        Mode number              :	1
                        Accuracy                 :	3.96399e-14
                        Iterations               :	1
                        Solver time              :	0 s


                      ------------------------------------------------------------------------------
2025-06-14 00:49:18     Total time               :	23 s

                      ------------------------------------------------------------------------------
2025-06-14 00:49:18   

                      ------------------------------------------------------------------------------
2025-06-14 00:49:18     Calculation 8 (Frequency: 28.292 GHz, Theta: 0, Phi: 0)


                      ------------------------------------------------------------------------------
2025-06-14 00:49:41     Matrix setup time        :	0 s
                        Solver setup             :	21 s
                        Degrees of freedom       :	416606
                        Number of mesh cells     :	64862

                        Stimulation port         :	Zmin
                        Mode number              :	1
                        Accuracy                 :	8.56788e-14
                        Iterations               :	1
                        Solver time              :	0 s


                      ------------------------------------------------------------------------------
2025-06-14 00:49:42     Total time               :	23 s

                      ------------------------------------------------------------------------------
2025-06-14 00:49:42   

                      ------------------------------------------------------------------------------
2025-06-14 00:49:42     Calculation 9 (Frequency: 21.908 GHz, Theta: 0, Phi: 0)


                      ------------------------------------------------------------------------------
2025-06-14 00:50:05     Matrix setup time        :	0 s
                        Solver setup             :	21 s
                        Degrees of freedom       :	416606
                        Number of mesh cells     :	64862

                        Stimulation port         :	Zmin
                        Mode number              :	1
                        Accuracy                 :	3.56028e-14
                        Iterations               :	1
                        Solver time              :	0 s


                      ------------------------------------------------------------------------------
2025-06-14 00:50:05     Total time               :	23 s

                      ------------------------------------------------------------------------------
2025-06-14 00:50:05   

                      ------------------------------------------------------------------------------
2025-06-14 00:50:05     Calculation 10 (Frequency: 30.188 GHz, Theta: 0, Phi: 0)


                      ------------------------------------------------------------------------------
2025-06-14 00:50:28     Matrix setup time        :	0 s
                        Solver setup             :	21 s
                        Degrees of freedom       :	416606
                        Number of mesh cells     :	64862

                        Stimulation port         :	Zmin
                        Mode number              :	1
                        Accuracy                 :	3.43045e-14
                        Iterations               :	1
                        Solver time              :	0 s


                      ------------------------------------------------------------------------------
2025-06-14 00:50:29     Total time               :	23 s

                      ------------------------------------------------------------------------------
2025-06-14 00:50:29   

                      ------------------------------------------------------------------------------
2025-06-14 00:50:29     Calculation 11 (Frequency: 22.52 GHz, Theta: 0, Phi: 0)


                      ------------------------------------------------------------------------------
2025-06-14 00:50:50     Matrix setup time        :	0 s
                        Solver setup             :	20 s
                        Degrees of freedom       :	416606
                        Number of mesh cells     :	64862

                        Stimulation port         :	Zmin
                        Mode number              :	1
                        Accuracy                 :	4.26819e-14
                        Iterations               :	1
                        Solver time              :	0 s


                      ------------------------------------------------------------------------------
2025-06-14 00:50:51     Total time               :	21 s

                      ------------------------------------------------------------------------------
2025-06-14 00:50:51   

                      ------------------------------------------------------------------------------
2025-06-14 00:50:51     Calculation 12 (Frequency: 30.668 GHz, Theta: 0, Phi: 0)


                      ------------------------------------------------------------------------------
2025-06-14 00:51:15     Matrix setup time        :	0 s
                        Solver setup             :	22 s
                        Degrees of freedom       :	416606
                        Number of mesh cells     :	64862

                        Stimulation port         :	Zmin
                        Mode number              :	1
                        Accuracy                 :	7.19762e-14
                        Iterations               :	1
                        Solver time              :	0 s


                      ------------------------------------------------------------------------------
2025-06-14 00:51:15     Total time               :	24 s

                      ------------------------------------------------------------------------------
2025-06-14 00:51:15   

                      ------------------------------------------------------------------------------
2025-06-14 00:51:15     Calculation 13 (Frequency: 29.684 GHz, Theta: 0, Phi: 0)


                      ------------------------------------------------------------------------------
2025-06-14 00:51:40     Matrix setup time        :	0 s
                        Solver setup             :	23 s
                        Degrees of freedom       :	416606
                        Number of mesh cells     :	64862

                        Stimulation port         :	Zmin
                        Mode number              :	1
                        Accuracy                 :	3.01597e-14
                        Iterations               :	1
                        Solver time              :	0 s


                      ------------------------------------------------------------------------------
2025-06-14 00:51:40     Total time               :	25 s

                      ------------------------------------------------------------------------------
2025-06-14 00:51:40   

                      ------------------------------------------------------------------------------
2025-06-14 00:51:40     Calculation 14 (Frequency: 31.112 GHz, Theta: 0, Phi: 0)


                      ------------------------------------------------------------------------------
2025-06-14 00:52:04     Matrix setup time        :	0 s
                        Solver setup             :	22 s
                        Degrees of freedom       :	416606
                        Number of mesh cells     :	64862

                        Stimulation port         :	Zmin
                        Mode number              :	1
                        Accuracy                 :	5.25746e-14
                        Iterations               :	1
                        Solver time              :	0 s


                      ------------------------------------------------------------------------------
2025-06-14 00:52:04     Total time               :	23 s

                      ------------------------------------------------------------------------------
2025-06-14 00:52:04   

                      ------------------------------------------------------------------------------
2025-06-14 00:52:04     Calculation 15 (Frequency: 20.624 GHz, Theta: 0, Phi: 0)


                      ------------------------------------------------------------------------------
2025-06-14 00:52:31     Matrix setup time        :	0 s
                        Solver setup             :	25 s
                        Degrees of freedom       :	416606
                        Number of mesh cells     :	64862

                        Stimulation port         :	Zmin
                        Mode number              :	1
                        Accuracy                 :	3.27695e-14
                        Iterations               :	1
                        Solver time              :	0 s


                      ------------------------------------------------------------------------------
2025-06-14 00:52:31     Total time               :	26 s

                      ------------------------------------------------------------------------------
2025-06-14 00:52:31   

                      ------------------------------------------------------------------------------
2025-06-14 00:52:31     Calculation 16 (Frequency: 22.64 GHz, Theta: 0, Phi: 0)


                      ------------------------------------------------------------------------------
2025-06-14 00:52:58     Matrix setup time        :	0 s
                        Solver setup             :	25 s
                        Degrees of freedom       :	416606
                        Number of mesh cells     :	64862

                        Stimulation port         :	Zmin
                        Mode number              :	1
                        Accuracy                 :	4.22649e-14
                        Iterations               :	1
                        Solver time              :	0 s


                      ------------------------------------------------------------------------------
2025-06-14 00:52:58     Total time               :	26 s

                      ------------------------------------------------------------------------------
2025-06-14 00:52:58   

                      ------------------------------------------------------------------------------
2025-06-14 00:52:58     Calculation 17 (Frequency: 21.14 GHz, Theta: 0, Phi: 0)


                      ------------------------------------------------------------------------------
2025-06-14 00:53:25     Matrix setup time        :	0 s
                        Solver setup             :	24 s
                        Degrees of freedom       :	416606
                        Number of mesh cells     :	64862

                        Stimulation port         :	Zmin
                        Mode number              :	1
                        Accuracy                 :	4.11678e-14
                        Iterations               :	1
                        Solver time              :	0 s


                      ------------------------------------------------------------------------------
2025-06-14 00:53:25     Total time               :	26 s

                      ------------------------------------------------------------------------------
2025-06-14 00:53:25   

                      ------------------------------------------------------------------------------
2025-06-14 00:53:25     Calculation 18 (Frequency: 25.124 GHz, Theta: 0, Phi: 0)


                      ------------------------------------------------------------------------------
2025-06-14 00:53:52     Matrix setup time        :	0 s
                        Solver setup             :	25 s
                        Degrees of freedom       :	416606
                        Number of mesh cells     :	64862

                        Stimulation port         :	Zmin
                        Mode number              :	1
                        Accuracy                 :	3.62136e-14
                        Iterations               :	1
                        Solver time              :	0 s


                      ------------------------------------------------------------------------------
2025-06-14 00:53:53     Total time               :	27 s

                      ------------------------------------------------------------------------------
2025-06-14 00:53:53   

                      ------------------------------------------------------------------------------
2025-06-14 00:53:53     Calculation 19 (Frequency: 21.632 GHz, Theta: 0, Phi: 0)


                      ------------------------------------------------------------------------------
2025-06-14 00:54:20     Matrix setup time        :	0 s
                        Solver setup             :	25 s
                        Degrees of freedom       :	416606
                        Number of mesh cells     :	64862

                        Stimulation port         :	Zmin
                        Mode number              :	1
                        Accuracy                 :	4.27759e-14
                        Iterations               :	1
                        Solver time              :	0 s


                      ------------------------------------------------------------------------------
2025-06-14 00:54:20     Total time               :	27 s

                      ------------------------------------------------------------------------------
2025-06-14 00:54:20   

                      ------------------------------------------------------------------------------
2025-06-14 00:54:20     Calculation 20 (Frequency: 23.54 GHz, Theta: 0, Phi: 0)


                      ------------------------------------------------------------------------------
2025-06-14 00:54:45     Matrix setup time        :	0 s
                        Solver setup             :	23 s
                        Degrees of freedom       :	416606
                        Number of mesh cells     :	64862

                        Stimulation port         :	Zmin
                        Mode number              :	1
                        Accuracy                 :	3.03051e-14
                        Iterations               :	1
                        Solver time              :	0 s


                      ------------------------------------------------------------------------------
2025-06-14 00:54:45     Total time               :	24 s

                      ------------------------------------------------------------------------------
2025-06-14 00:54:45   

                      ------------------------------------------------------------------------------
2025-06-14 00:54:45     Calculation 21 (Frequency: 25.892 GHz, Theta: 0, Phi: 0)


                      ------------------------------------------------------------------------------
2025-06-14 00:55:10     Matrix setup time        :	0 s
                        Solver setup             :	23 s
                        Degrees of freedom       :	416606
                        Number of mesh cells     :	64862

                        Stimulation port         :	Zmin
                        Mode number              :	1
                        Accuracy                 :	3.48086e-14
                        Iterations               :	1
                        Solver time              :	0 s


                      ------------------------------------------------------------------------------
2025-06-14 00:55:10     Total time               :	24 s

                      ------------------------------------------------------------------------------
2025-06-14 00:55:10   

                      ------------------------------------------------------------------------------
2025-06-14 00:55:10     Calculation 22 (Frequency: 26.432 GHz, Theta: 0, Phi: 0)


                      ------------------------------------------------------------------------------
2025-06-14 00:55:35     Matrix setup time        :	0 s
                        Solver setup             :	22 s
                        Degrees of freedom       :	416606
                        Number of mesh cells     :	64862

                        Stimulation port         :	Zmin
                        Mode number              :	1
                        Accuracy                 :	2.96269e-14
                        Iterations               :	1
                        Solver time              :	0 s


                      ------------------------------------------------------------------------------
2025-06-14 00:55:35     Total time               :	24 s

                      ------------------------------------------------------------------------------
2025-06-14 00:55:35   

                      ------------------------------------------------------------------------------
2025-06-14 00:55:35     Calculation 23 (Frequency: 27.74 GHz, Theta: 0, Phi: 0)


                      ------------------------------------------------------------------------------
2025-06-14 00:56:00     Matrix setup time        :	0 s
                        Solver setup             :	23 s
                        Degrees of freedom       :	416606
                        Number of mesh cells     :	64862

                        Stimulation port         :	Zmin
                        Mode number              :	1
                        Accuracy                 :	2.33486e-14
                        Iterations               :	1
                        Solver time              :	0 s


                      ------------------------------------------------------------------------------
2025-06-14 00:56:01     Total time               :	25 s

                      ------------------------------------------------------------------------------
2025-06-14 00:56:01   

                      ------------------------------------------------------------------------------
2025-06-14 00:56:01     Calculation 24 (Frequency: 28.964 GHz, Theta: 0, Phi: 0)


                      ------------------------------------------------------------------------------
2025-06-14 00:56:25     Matrix setup time        :	0 s
                        Solver setup             :	22 s
                        Degrees of freedom       :	416606
                        Number of mesh cells     :	64862

                        Stimulation port         :	Zmin
                        Mode number              :	1
                        Accuracy                 :	4.26812e-14
                        Iterations               :	1
                        Solver time              :	0 s


                      ------------------------------------------------------------------------------
2025-06-14 00:56:25     Total time               :	24 s

                      ------------------------------------------------------------------------------
2025-06-14 00:56:25   

                      ------------------------------------------------------------------------------
2025-06-14 00:56:25     Calculation 25 (Frequency: 29.252 GHz, Theta: 0, Phi: 0)


                      ------------------------------------------------------------------------------
2025-06-14 00:56:48     Matrix setup time        :	0 s
                        Solver setup             :	21 s
                        Degrees of freedom       :	416606
                        Number of mesh cells     :	64862

                        Stimulation port         :	Zmin
                        Mode number              :	1
                        Accuracy                 :	4.30447e-14
                        Iterations               :	1
                        Solver time              :	0 s


                      ------------------------------------------------------------------------------
2025-06-14 00:56:49     Total time               :	23 s

                      ------------------------------------------------------------------------------
2025-06-14 00:56:49   

                      ------------------------------------------------------------------------------
2025-06-14 00:56:49     Calculation 26 (Frequency: 31.544 GHz, Theta: 0, Phi: 0)


                      ------------------------------------------------------------------------------
2025-06-14 00:57:11     Matrix setup time        :	0 s
                        Solver setup             :	21 s
                        Degrees of freedom       :	416606
                        Number of mesh cells     :	64862

                        Stimulation port         :	Zmin
                        Mode number              :	1
                        Accuracy                 :	8.58172e-14
                        Iterations               :	1
                        Solver time              :	0 s


                      ------------------------------------------------------------------------------
2025-06-14 00:57:12     Total time               :	23 s

                      ------------------------------------------------------------------------------
2025-06-14 00:57:12   

                      ------------------------------------------------------------------------------
2025-06-14 00:57:12     Calculation 27 (Frequency: 30.488 GHz, Theta: 0, Phi: 0)


                      ------------------------------------------------------------------------------
2025-06-14 00:57:36     Matrix setup time        :	0 s
                        Solver setup             :	22 s
                        Degrees of freedom       :	416606
                        Number of mesh cells     :	64862

                        Stimulation port         :	Zmin
                        Mode number              :	1
                        Accuracy                 :	3.3552e-14
                        Iterations               :	1
                        Solver time              :	0 s


                      ------------------------------------------------------------------------------
2025-06-14 00:57:37     Total time               :	24 s

                      ------------------------------------------------------------------------------
2025-06-14 00:57:37   

                      ------------------------------------------------------------------------------
2025-06-14 00:57:37     Calculation 28 (Frequency: 24.524 GHz, Theta: 0, Phi: 0)


                      ------------------------------------------------------------------------------
2025-06-14 00:57:59     Matrix setup time        :	0 s
                        Solver setup             :	21 s
                        Degrees of freedom       :	416606
                        Number of mesh cells     :	64862

                        Stimulation port         :	Zmin
                        Mode number              :	1
                        Accuracy                 :	4.24029e-14
                        Iterations               :	1
                        Solver time              :	0 s


                      ------------------------------------------------------------------------------
2025-06-14 00:58:00     Total time               :	22 s

                      ------------------------------------------------------------------------------
2025-06-14 00:58:00   

                      ------------------------------------------------------------------------------
2025-06-14 00:58:00     Calculation 29 (Frequency: 28.016 GHz, Theta: 0, Phi: 0)


                      ------------------------------------------------------------------------------
2025-06-14 00:58:22     Matrix setup time        :	0 s
                        Solver setup             :	21 s
                        Degrees of freedom       :	416606
                        Number of mesh cells     :	64862

                        Stimulation port         :	Zmin
                        Mode number              :	1
                        Accuracy                 :	3.62674e-14
                        Iterations               :	1
                        Solver time              :	0 s


                      ------------------------------------------------------------------------------
2025-06-14 00:58:23     Total time               :	22 s

                      ------------------------------------------------------------------------------
2025-06-14 00:58:23   

                      ------------------------------------------------------------------------------
2025-06-14 00:58:23   Finished the general purpose interpolative broadband frequency sweep:
                      All broadband sweep convergence criteria have been satisfied after
                      calculating 29 frequency samples:

                        Broadband sweep error threshold value :  0.01 (All S-Parameters) 
                        Number of error criterion checks      :  2 (All S-Parameters) 
                        Minimum number of samples             :  3
                        Number of data samples, linear        :  1001

                      ------------------------------------------------------------------------------
2025-06-14 00:58:23     Number of mesh cells     :	64862
                        Degrees of freedom       :	413714
                        Total Solver Time        :	778 s	 (= 0 h, 12 m, 58 s)
                      ================================================================================



                      ------------------------------------------------------------------------------
2025-06-14 00:58:23     ----------------------------------------------------------------------------
                                            Peak memory used (kB)         Free physical memory (kB) 
                                                                          At begin     Minimum      
                        ----------------------------------------------------------------------------
                        Solver start        22296                         9414720      9412736      
                        Eq. system setup    6967644                       9404124      8206944      
                        Eq. system solve    6967644                       9357648      2409324      
                        Mesh refinement     4709816                       9110304      8557144      
                        Solver run total    6967644                       9414720      2409324      

                        Computer name       Tahsin
                        ----------------------------------------------------------------------------


                      ------------------------------------------------------------------------------
2025-06-14 00:58:23   Running postprocessing.

                      ------------------------------------------------------------------------------
2025-06-14 00:58:24   Postprocessing finished.

                      ------------------------------------------------------------------------------
