2025-06-13 22:20:44   *** Warning ***

                      Electric isotropic material [Copper (pure)] has a very high conductivity for
                      the given mesh. Depending on your configuration it may be better to use a lossy
                      metal type for this material. More...

                      ------------------------------------------------------------------------------
2025-06-13 22:20:44   In order to get an optimal performance, hyperthreading is ignored for parallel
                      computations.

                      ------------------------------------------------------------------------------
2025-06-13 22:20:46   Units settings: 

                        Dimensions: mm
                        Frequency:  GHz
                        Time:       s

                      ------------------------------------------------------------------------------
2025-06-13 22:20:46   Boundary conditions: 

                        YZsymmetry: none
                        XZsymmetry: none
                        XYsymmetry: none

                        Xmin: unit cell
                        Xmax: unit cell

                        Ymin: unit cell
                        Ymax: unit cell

                        Zmin: expanded open
                        Zmax: expanded open

                      ------------------------------------------------------------------------------
2025-06-13 22:20:46   Order settings: 

                        Solver order   : 2nd (constant)
                        Curved elements: up to order 3 (automatic)

                      ------------------------------------------------------------------------------
2025-06-13 22:20:46   An iterative solver will be used first.

                      ------------------------------------------------------------------------------
2025-06-13 22:20:46     Mesh time                :	2 s


                      ------------------------------------------------------------------------------
2025-06-13 22:20:46   
                      ================================================================================
                      Frequency Domain Solver calculation cycle started

                      ------------------------------------------------------------------------------
2025-06-13 22:20:46   Solver started at: 2025-06-13 22:20:46 +0800

                        Module:  Frequency Domain: S-Parameter (Win 64)
                        Version: 2024.1 Release from 2023-10-16 (change 1181985)

                      ------------------------------------------------------------------------------
2025-06-13 22:20:46   The low frequency stabilization is not applied to periodic problems.

                      ------------------------------------------------------------------------------
2025-06-13 22:20:46     Calculation 1 of 1 (Frequency: 32 GHz, Theta: 0, Phi: 0)


                      ------------------------------------------------------------------------------
2025-06-13 22:20:46   The wavelength based mesh refinement has been applied to 5.2% of all mesh edges.

                      ------------------------------------------------------------------------------
2025-06-13 22:20:47   For some elements the curvature had to be reduced to maintain the quality of the mesh. More...

                      ------------------------------------------------------------------------------
2025-06-13 22:20:47   Adaptive mesh refinement pass 1

                      ------------------------------------------------------------------------------
2025-06-13 22:20:54   *** Warning ***

2025-06-13 22:20:54   Detected possible stagnation of the iterative solver (4.221762e-02 after 250 iterations.)
                      Please consider aborting the solver run, and check your simulation setup.  More...

                      ------------------------------------------------------------------------------
2025-06-13 22:21:00   *** Warning ***

2025-06-13 22:21:00   The solver stopped because the maximum number of iterations (500, used for automatic solver choice) has been reached.

                      ------------------------------------------------------------------------------
2025-06-13 22:21:00   Solving again, but with the direct solver. Please consider forcing the direct solver in the solver special settings, and
                      check your simulation setup (for instance source and material definitions.)

                      ------------------------------------------------------------------------------
2025-06-13 22:21:01     Matrix setup time        :	0 s
                        Degrees of freedom       :	37104
                        Number of mesh cells     :	5661

                        Stimulation port         :	Zmin
                        Mode number              :	1
                        Accuracy                 :	8.51414e-14
                        Iterations               :	1
                        Solver time              :	0 s


                      ------------------------------------------------------------------------------
2025-06-13 22:21:01   26% of all mesh edges seem to be longer than expected. The adaptive mesh refinement's growth limitation will therefore 
                      use 14586 instead of 3722 mesh cells as a reference.

                      ------------------------------------------------------------------------------
2025-06-13 22:21:01   The wavelength based mesh refinement has been applied to 0.3% of all mesh edges.

                      ------------------------------------------------------------------------------
2025-06-13 22:21:02   Adaptive mesh refinement pass 2

                      ------------------------------------------------------------------------------
2025-06-13 22:21:05     Matrix setup time        :	0 s
                        Solver setup             :	2 s
                        Degrees of freedom       :	75918
                        Number of mesh cells     :	11755

                        Stimulation port         :	Zmin
                        Mode number              :	1
                        Accuracy                 :	4.02049e-14
                        Iterations               :	1
                        Solver time              :	0 s


                      ------------------------------------------------------------------------------
2025-06-13 22:21:05     Delta calculation        
2025-06-13 22:21:05     All S-Parameters         :	0.0253928
2025-06-13 22:21:05   

                      ------------------------------------------------------------------------------
2025-06-13 22:21:06   Adaptive mesh refinement pass 3

                      ------------------------------------------------------------------------------
2025-06-13 22:21:11     Matrix setup time        :	0 s
                        Solver setup             :	4 s
                        Degrees of freedom       :	122048
                        Number of mesh cells     :	18990

                        Stimulation port         :	Zmin
                        Mode number              :	1
                        Accuracy                 :	2.66628e-14
                        Iterations               :	1
                        Solver time              :	0 s


                      ------------------------------------------------------------------------------
2025-06-13 22:21:11     Delta calculation        
2025-06-13 22:21:11     All S-Parameters         :	0.0107565
2025-06-13 22:21:11   

                      ------------------------------------------------------------------------------
2025-06-13 22:21:11   Mesh adaptation terminated because the desired accuracy limit is reached.

                      ------------------------------------------------------------------------------
2025-06-13 22:21:11   *** Warning ***

2025-06-13 22:21:11   At least one propagating Floquet mode is not considered at port Zmin. Please increase the number of modes at this port. 
                      More...

                      ------------------------------------------------------------------------------
2025-06-13 22:21:11   *** Warning ***

2025-06-13 22:21:11   At least one propagating Floquet mode is not considered at port Zmax. Please increase the number of modes at this port. 
                      More...

                      ------------------------------------------------------------------------------
2025-06-13 22:21:11     Total time               :	24 s

                      ------------------------------------------------------------------------------
2025-06-13 22:21:11   

                      ------------------------------------------------------------------------------
2025-06-13 22:21:11     Calculation 2 (Frequency: 20 GHz, Theta: 0, Phi: 0)


                      ------------------------------------------------------------------------------
2025-06-13 22:21:15     Matrix setup time        :	0 s
                        Solver setup             :	3 s
                        Degrees of freedom       :	122048
                        Number of mesh cells     :	18990

                        Stimulation port         :	Zmin
                        Mode number              :	1
                        Accuracy                 :	4.92437e-14
                        Iterations               :	1
                        Solver time              :	0 s


                      ------------------------------------------------------------------------------
2025-06-13 22:21:15     Total time               :	3 s

                      ------------------------------------------------------------------------------
2025-06-13 22:21:15   

                      ------------------------------------------------------------------------------
2025-06-13 22:21:15     Calculation 3 (Frequency: 26 GHz, Theta: 0, Phi: 0)


                      ------------------------------------------------------------------------------
2025-06-13 22:21:20     Matrix setup time        :	0 s
                        Solver setup             :	3 s
                        Degrees of freedom       :	122048
                        Number of mesh cells     :	18990

                        Stimulation port         :	Zmin
                        Mode number              :	1
                        Accuracy                 :	3.33414e-14
                        Iterations               :	1
                        Solver time              :	0 s


                      ------------------------------------------------------------------------------
2025-06-13 22:21:20     Total time               :	4 s

                      ------------------------------------------------------------------------------
2025-06-13 22:21:20   

                      ------------------------------------------------------------------------------
2025-06-13 22:21:20     Calculation 4 (Frequency: 29 GHz, Theta: 0, Phi: 0)


                      ------------------------------------------------------------------------------
2025-06-13 22:21:23     Matrix setup time        :	0 s
                        Solver setup             :	3 s
                        Degrees of freedom       :	122048
                        Number of mesh cells     :	18990

                        Stimulation port         :	Zmin
                        Mode number              :	1
                        Accuracy                 :	4.97835e-14
                        Iterations               :	1
                        Solver time              :	0 s


                      ------------------------------------------------------------------------------
2025-06-13 22:21:24     Total time               :	3 s

                      ------------------------------------------------------------------------------
2025-06-13 22:21:24   

                      ------------------------------------------------------------------------------
2025-06-13 22:21:24     Calculation 5 (Frequency: 23.588 GHz, Theta: 0, Phi: 0)


                      ------------------------------------------------------------------------------
2025-06-13 22:21:28     Matrix setup time        :	0 s
                        Solver setup             :	3 s
                        Degrees of freedom       :	122048
                        Number of mesh cells     :	18990

                        Stimulation port         :	Zmin
                        Mode number              :	1
                        Accuracy                 :	6.62818e-14
                        Iterations               :	1
                        Solver time              :	0 s


                      ------------------------------------------------------------------------------
2025-06-13 22:21:28     Total time               :	4 s

                      ------------------------------------------------------------------------------
2025-06-13 22:21:28   

                      ------------------------------------------------------------------------------
2025-06-13 22:21:28     Calculation 6 (Frequency: 27.38 GHz, Theta: 0, Phi: 0)


                      ------------------------------------------------------------------------------
2025-06-13 22:21:32     Matrix setup time        :	0 s
                        Solver setup             :	3 s
                        Degrees of freedom       :	122048
                        Number of mesh cells     :	18990

                        Stimulation port         :	Zmin
                        Mode number              :	1
                        Accuracy                 :	3.44834e-14
                        Iterations               :	1
                        Solver time              :	0 s


                      ------------------------------------------------------------------------------
2025-06-13 22:21:32     Total time               :	4 s

                      ------------------------------------------------------------------------------
2025-06-13 22:21:32   

                      ------------------------------------------------------------------------------
2025-06-13 22:21:32     Calculation 7 (Frequency: 22.436 GHz, Theta: 0, Phi: 0)


                      ------------------------------------------------------------------------------
2025-06-13 22:21:36     Matrix setup time        :	0 s
                        Solver setup             :	3 s
                        Degrees of freedom       :	122048
                        Number of mesh cells     :	18990

                        Stimulation port         :	Zmin
                        Mode number              :	1
                        Accuracy                 :	6.92478e-14
                        Iterations               :	1
                        Solver time              :	0 s


                      ------------------------------------------------------------------------------
2025-06-13 22:21:36     Total time               :	3 s

                      ------------------------------------------------------------------------------
2025-06-13 22:21:36   

                      ------------------------------------------------------------------------------
2025-06-13 22:21:36     Calculation 8 (Frequency: 27.932 GHz, Theta: 0, Phi: 0)


                      ------------------------------------------------------------------------------
2025-06-13 22:21:40     Matrix setup time        :	0 s
                        Solver setup             :	3 s
                        Degrees of freedom       :	122048
                        Number of mesh cells     :	18990

                        Stimulation port         :	Zmin
                        Mode number              :	1
                        Accuracy                 :	3.98089e-14
                        Iterations               :	1
                        Solver time              :	0 s


                      ------------------------------------------------------------------------------
2025-06-13 22:21:40     Total time               :	3 s

                      ------------------------------------------------------------------------------
2025-06-13 22:21:40   

                      ------------------------------------------------------------------------------
2025-06-13 22:21:40     Calculation 9 (Frequency: 22.352 GHz, Theta: 0, Phi: 0)


                      ------------------------------------------------------------------------------
2025-06-13 22:21:44     Matrix setup time        :	0 s
                        Solver setup             :	3 s
                        Degrees of freedom       :	122048
                        Number of mesh cells     :	18990

                        Stimulation port         :	Zmin
                        Mode number              :	1
                        Accuracy                 :	6.60939e-14
                        Iterations               :	1
                        Solver time              :	0 s


                      ------------------------------------------------------------------------------
2025-06-13 22:21:44     Total time               :	4 s

                      ------------------------------------------------------------------------------
2025-06-13 22:21:44   

                      ------------------------------------------------------------------------------
2025-06-13 22:21:44     Calculation 10 (Frequency: 23.024 GHz, Theta: 0, Phi: 0)


                      ------------------------------------------------------------------------------
2025-06-13 22:21:49     Matrix setup time        :	0 s
                        Solver setup             :	3 s
                        Degrees of freedom       :	122048
                        Number of mesh cells     :	18990

                        Stimulation port         :	Zmin
                        Mode number              :	1
                        Accuracy                 :	4.18818e-14
                        Iterations               :	1
                        Solver time              :	0 s


                      ------------------------------------------------------------------------------
2025-06-13 22:21:49     Total time               :	4 s

                      ------------------------------------------------------------------------------
2025-06-13 22:21:49   

                      ------------------------------------------------------------------------------
2025-06-13 22:21:49     Calculation 11 (Frequency: 21.488 GHz, Theta: 0, Phi: 0)


                      ------------------------------------------------------------------------------
2025-06-13 22:21:53     Matrix setup time        :	0 s
                        Solver setup             :	3 s
                        Degrees of freedom       :	122048
                        Number of mesh cells     :	18990

                        Stimulation port         :	Zmin
                        Mode number              :	1
                        Accuracy                 :	6.71655e-14
                        Iterations               :	1
                        Solver time              :	0 s


                      ------------------------------------------------------------------------------
2025-06-13 22:21:53     Total time               :	4 s

                      ------------------------------------------------------------------------------
2025-06-13 22:21:53   

                      ------------------------------------------------------------------------------
2025-06-13 22:21:53     Calculation 12 (Frequency: 30.332 GHz, Theta: 0, Phi: 0)


                      ------------------------------------------------------------------------------
2025-06-13 22:21:57     Matrix setup time        :	0 s
                        Solver setup             :	3 s
                        Degrees of freedom       :	122048
                        Number of mesh cells     :	18990

                        Stimulation port         :	Zmin
                        Mode number              :	1
                        Accuracy                 :	4.08876e-14
                        Iterations               :	1
                        Solver time              :	0 s


                      ------------------------------------------------------------------------------
2025-06-13 22:21:57     Total time               :	3 s

                      ------------------------------------------------------------------------------
2025-06-13 22:21:57   

                      ------------------------------------------------------------------------------
2025-06-13 22:21:57     Calculation 13 (Frequency: 21.788 GHz, Theta: 0, Phi: 0)


                      ------------------------------------------------------------------------------
2025-06-13 22:22:01     Matrix setup time        :	0 s
                        Solver setup             :	3 s
                        Degrees of freedom       :	122048
                        Number of mesh cells     :	18990

                        Stimulation port         :	Zmin
                        Mode number              :	1
                        Accuracy                 :	6.1933e-14
                        Iterations               :	1
                        Solver time              :	0 s


                      ------------------------------------------------------------------------------
2025-06-13 22:22:01     Total time               :	3 s

                      ------------------------------------------------------------------------------
2025-06-13 22:22:01   

                      ------------------------------------------------------------------------------
2025-06-13 22:22:01     Calculation 14 (Frequency: 21.044 GHz, Theta: 0, Phi: 0)


                      ------------------------------------------------------------------------------
2025-06-13 22:22:05     Matrix setup time        :	0 s
                        Solver setup             :	3 s
                        Degrees of freedom       :	122048
                        Number of mesh cells     :	18990

                        Stimulation port         :	Zmin
                        Mode number              :	1
                        Accuracy                 :	6.49229e-14
                        Iterations               :	1
                        Solver time              :	0 s


                      ------------------------------------------------------------------------------
2025-06-13 22:22:05     Total time               :	4 s

                      ------------------------------------------------------------------------------
2025-06-13 22:22:05   

                      ------------------------------------------------------------------------------
2025-06-13 22:22:05     Calculation 15 (Frequency: 26.996 GHz, Theta: 0, Phi: 0)


                      ------------------------------------------------------------------------------
2025-06-13 22:22:09     Matrix setup time        :	0 s
                        Solver setup             :	3 s
                        Degrees of freedom       :	122048
                        Number of mesh cells     :	18990

                        Stimulation port         :	Zmin
                        Mode number              :	1
                        Accuracy                 :	3.56006e-14
                        Iterations               :	1
                        Solver time              :	0 s


                      ------------------------------------------------------------------------------
2025-06-13 22:22:09     Total time               :	4 s

                      ------------------------------------------------------------------------------
2025-06-13 22:22:09   

                      ------------------------------------------------------------------------------
2025-06-13 22:22:09     Calculation 16 (Frequency: 31.136 GHz, Theta: 0, Phi: 0)


                      ------------------------------------------------------------------------------
2025-06-13 22:22:13     Matrix setup time        :	0 s
                        Solver setup             :	3 s
                        Degrees of freedom       :	122048
                        Number of mesh cells     :	18990

                        Stimulation port         :	Zmin
                        Mode number              :	1
                        Accuracy                 :	5.27212e-14
                        Iterations               :	1
                        Solver time              :	0 s


                      ------------------------------------------------------------------------------
2025-06-13 22:22:13     Total time               :	4 s

                      ------------------------------------------------------------------------------
2025-06-13 22:22:13   

                      ------------------------------------------------------------------------------
2025-06-13 22:22:13     Calculation 17 (Frequency: 29.936 GHz, Theta: 0, Phi: 0)


                      ------------------------------------------------------------------------------
2025-06-13 22:22:17     Matrix setup time        :	0 s
                        Solver setup             :	3 s
                        Degrees of freedom       :	122048
                        Number of mesh cells     :	18990

                        Stimulation port         :	Zmin
                        Mode number              :	1
                        Accuracy                 :	4.83813e-14
                        Iterations               :	1
                        Solver time              :	0 s


                      ------------------------------------------------------------------------------
2025-06-13 22:22:18     Total time               :	4 s

                      ------------------------------------------------------------------------------
2025-06-13 22:22:18   

                      ------------------------------------------------------------------------------
2025-06-13 22:22:18     Calculation 18 (Frequency: 30.752 GHz, Theta: 0, Phi: 0)


                      ------------------------------------------------------------------------------
2025-06-13 22:22:22     Matrix setup time        :	0 s
                        Solver setup             :	3 s
                        Degrees of freedom       :	122048
                        Number of mesh cells     :	18990

                        Stimulation port         :	Zmin
                        Mode number              :	1
                        Accuracy                 :	5.51834e-14
                        Iterations               :	1
                        Solver time              :	0 s


                      ------------------------------------------------------------------------------
2025-06-13 22:22:22     Total time               :	4 s

                      ------------------------------------------------------------------------------
2025-06-13 22:22:22   

                      ------------------------------------------------------------------------------
2025-06-13 22:22:22     Calculation 19 (Frequency: 29.42 GHz, Theta: 0, Phi: 0)


                      ------------------------------------------------------------------------------
2025-06-13 22:22:27     Matrix setup time        :	0 s
                        Solver setup             :	3 s
                        Degrees of freedom       :	122048
                        Number of mesh cells     :	18990

                        Stimulation port         :	Zmin
                        Mode number              :	1
                        Accuracy                 :	5.38715e-14
                        Iterations               :	1
                        Solver time              :	0 s


                      ------------------------------------------------------------------------------
2025-06-13 22:22:27     Total time               :	4 s

                      ------------------------------------------------------------------------------
2025-06-13 22:22:27   

                      ------------------------------------------------------------------------------
2025-06-13 22:22:27     Calculation 20 (Frequency: 30.128 GHz, Theta: 0, Phi: 0)


                      ------------------------------------------------------------------------------
2025-06-13 22:22:31     Matrix setup time        :	0 s
                        Solver setup             :	3 s
                        Degrees of freedom       :	122048
                        Number of mesh cells     :	18990

                        Stimulation port         :	Zmin
                        Mode number              :	1
                        Accuracy                 :	5.1307e-14
                        Iterations               :	1
                        Solver time              :	0 s


                      ------------------------------------------------------------------------------
2025-06-13 22:22:31     Total time               :	4 s

                      ------------------------------------------------------------------------------
2025-06-13 22:22:31   

                      ------------------------------------------------------------------------------
2025-06-13 22:22:31     Calculation 21 (Frequency: 28.376 GHz, Theta: 0, Phi: 0)


                      ------------------------------------------------------------------------------
2025-06-13 22:22:35     Matrix setup time        :	0 s
                        Solver setup             :	3 s
                        Degrees of freedom       :	122048
                        Number of mesh cells     :	18990

                        Stimulation port         :	Zmin
                        Mode number              :	1
                        Accuracy                 :	4.34853e-14
                        Iterations               :	1
                        Solver time              :	0 s


                      ------------------------------------------------------------------------------
2025-06-13 22:22:36     Total time               :	4 s

                      ------------------------------------------------------------------------------
2025-06-13 22:22:36   

                      ------------------------------------------------------------------------------
2025-06-13 22:22:36     Calculation 22 (Frequency: 26.564 GHz, Theta: 0, Phi: 0)


                      ------------------------------------------------------------------------------
2025-06-13 22:22:40     Matrix setup time        :	0 s
                        Solver setup             :	3 s
                        Degrees of freedom       :	122048
                        Number of mesh cells     :	18990

                        Stimulation port         :	Zmin
                        Mode number              :	1
                        Accuracy                 :	4.32722e-14
                        Iterations               :	1
                        Solver time              :	0 s


                      ------------------------------------------------------------------------------
2025-06-13 22:22:40     Total time               :	4 s

                      ------------------------------------------------------------------------------
2025-06-13 22:22:40   

                      ------------------------------------------------------------------------------
2025-06-13 22:22:40     Calculation 23 (Frequency: 24.692 GHz, Theta: 0, Phi: 0)


                      ------------------------------------------------------------------------------
2025-06-13 22:22:44     Matrix setup time        :	0 s
                        Solver setup             :	3 s
                        Degrees of freedom       :	122048
                        Number of mesh cells     :	18990

                        Stimulation port         :	Zmin
                        Mode number              :	1
                        Accuracy                 :	3.09331e-14
                        Iterations               :	1
                        Solver time              :	0 s


                      ------------------------------------------------------------------------------
2025-06-13 22:22:44     Total time               :	4 s

                      ------------------------------------------------------------------------------
2025-06-13 22:22:44   

                      ------------------------------------------------------------------------------
2025-06-13 22:22:44     Calculation 24 (Frequency: 20.444 GHz, Theta: 0, Phi: 0)


                      ------------------------------------------------------------------------------
2025-06-13 22:22:49     Matrix setup time        :	0 s
                        Solver setup             :	3 s
                        Degrees of freedom       :	122048
                        Number of mesh cells     :	18990

                        Stimulation port         :	Zmin
                        Mode number              :	1
                        Accuracy                 :	4.61425e-14
                        Iterations               :	1
                        Solver time              :	0 s


                      ------------------------------------------------------------------------------
2025-06-13 22:22:49     Total time               :	4 s

                      ------------------------------------------------------------------------------
2025-06-13 22:22:49   

                      ------------------------------------------------------------------------------
2025-06-13 22:22:49     Calculation 25 (Frequency: 23.384 GHz, Theta: 0, Phi: 0)


                      ------------------------------------------------------------------------------
2025-06-13 22:22:53     Matrix setup time        :	0 s
                        Solver setup             :	3 s
                        Degrees of freedom       :	122048
                        Number of mesh cells     :	18990

                        Stimulation port         :	Zmin
                        Mode number              :	1
                        Accuracy                 :	5.47966e-14
                        Iterations               :	1
                        Solver time              :	0 s


                      ------------------------------------------------------------------------------
2025-06-13 22:22:53     Total time               :	4 s

                      ------------------------------------------------------------------------------
2025-06-13 22:22:53   

                      ------------------------------------------------------------------------------
2025-06-13 22:22:53     Calculation 26 (Frequency: 26.3 GHz, Theta: 0, Phi: 0)


                      ------------------------------------------------------------------------------
2025-06-13 22:22:57     Matrix setup time        :	0 s
                        Solver setup             :	3 s
                        Degrees of freedom       :	122048
                        Number of mesh cells     :	18990

                        Stimulation port         :	Zmin
                        Mode number              :	1
                        Accuracy                 :	4.23922e-14
                        Iterations               :	1
                        Solver time              :	0 s


                      ------------------------------------------------------------------------------
2025-06-13 22:22:57     Total time               :	4 s

                      ------------------------------------------------------------------------------
2025-06-13 22:22:57   

                      ------------------------------------------------------------------------------
2025-06-13 22:22:57     Calculation 27 (Frequency: 23.912 GHz, Theta: 0, Phi: 0)


                      ------------------------------------------------------------------------------
2025-06-13 22:23:01     Matrix setup time        :	0 s
                        Solver setup             :	3 s
                        Degrees of freedom       :	122048
                        Number of mesh cells     :	18990

                        Stimulation port         :	Zmin
                        Mode number              :	1
                        Accuracy                 :	6.1638e-14
                        Iterations               :	1
                        Solver time              :	0 s


                      ------------------------------------------------------------------------------
2025-06-13 22:23:01     Total time               :	4 s

                      ------------------------------------------------------------------------------
2025-06-13 22:23:01   

                      ------------------------------------------------------------------------------
2025-06-13 22:23:01     Calculation 28 (Frequency: 24.8 GHz, Theta: 0, Phi: 0)


                      ------------------------------------------------------------------------------
2025-06-13 22:23:06     Matrix setup time        :	0 s
                        Solver setup             :	3 s
                        Degrees of freedom       :	122048
                        Number of mesh cells     :	18990

                        Stimulation port         :	Zmin
                        Mode number              :	1
                        Accuracy                 :	2.86114e-14
                        Iterations               :	1
                        Solver time              :	0 s


                      ------------------------------------------------------------------------------
2025-06-13 22:23:06     Total time               :	4 s

                      ------------------------------------------------------------------------------
2025-06-13 22:23:06   

                      ------------------------------------------------------------------------------
2025-06-13 22:23:06     Calculation 29 (Frequency: 24.56 GHz, Theta: 0, Phi: 0)


                      ------------------------------------------------------------------------------
2025-06-13 22:23:10     Matrix setup time        :	0 s
                        Solver setup             :	4 s
                        Degrees of freedom       :	122048
                        Number of mesh cells     :	18990

                        Stimulation port         :	Zmin
                        Mode number              :	1
                        Accuracy                 :	2.50908e-14
                        Iterations               :	1
                        Solver time              :	0 s


                      ------------------------------------------------------------------------------
2025-06-13 22:23:11     Total time               :	4 s

                      ------------------------------------------------------------------------------
2025-06-13 22:23:11   

                      ------------------------------------------------------------------------------
2025-06-13 22:23:11   Finished the general purpose interpolative broadband frequency sweep:
                      All broadband sweep convergence criteria have been satisfied after
                      calculating 29 frequency samples:

                        Broadband sweep error threshold value :  0.01 (All S-Parameters) 
                        Number of error criterion checks      :  2 (All S-Parameters) 
                        Minimum number of samples             :  3
                        Number of data samples, linear        :  1001

                      ------------------------------------------------------------------------------
2025-06-13 22:23:11     Number of mesh cells     :	18990
                        Degrees of freedom       :	121108
                        Total Solver Time        :	145 s	 (= 0 h, 02 m, 25 s)
                      ================================================================================



                      ------------------------------------------------------------------------------
2025-06-13 22:23:11     ----------------------------------------------------------------------------
                                            Peak memory used (kB)         Free physical memory (kB) 
                                                                          At begin     Minimum      
                        ----------------------------------------------------------------------------
                        Solver start        22236                         9208632      9207876      
                        Eq. system setup    1954640                       9178200      8191292      
                        Eq. system solve    1954780                       9133472      6761624      
                        Mesh refinement     1205164                       8972676      8926960      
                        Solver run total    1954780                       9208636      6761624      

                        Computer name       Tahsin
                        ----------------------------------------------------------------------------


                      ------------------------------------------------------------------------------
2025-06-13 22:23:11   Running postprocessing.

                      ------------------------------------------------------------------------------
2025-06-13 22:23:11   Postprocessing finished.

                      ------------------------------------------------------------------------------
