2025-05-28 01:04:02   *** Warning ***

                      Electric isotropic material [Copper (pure)] has a very high conductivity for
                      the given mesh. Depending on your configuration it may be better to use a lossy
                      metal type for this material. More...

                      ------------------------------------------------------------------------------
2025-05-28 01:04:02   In order to get an optimal performance, hyperthreading is ignored for parallel
                      computations.

                      ------------------------------------------------------------------------------
2025-05-28 01:04:05   Units settings: 

                        Dimensions: mm
                        Frequency:  GHz
                        Time:       s

                      ------------------------------------------------------------------------------
2025-05-28 01:04:05   Boundary conditions: 

                        YZsymmetry: none
                        XZsymmetry: none
                        XYsymmetry: none

                        Xmin: unit cell
                        Xmax: unit cell

                        Ymin: unit cell
                        Ymax: unit cell

                        Zmin: expanded open
                        Zmax: expanded open

                      ------------------------------------------------------------------------------
2025-05-28 01:04:05   Order settings: 

                        Solver order   : 2nd (constant)
                        Curved elements: up to order 3 (automatic)

                      ------------------------------------------------------------------------------
2025-05-28 01:04:05   An iterative solver will be used first.

                      ------------------------------------------------------------------------------
2025-05-28 01:04:05     Mesh time                :	2 s


                      ------------------------------------------------------------------------------
2025-05-28 01:04:05   
                      ================================================================================
                      Frequency Domain Solver calculation cycle started

                      ------------------------------------------------------------------------------
2025-05-28 01:04:05   Solver started at: 2025-05-28 01:04:05 +0600

                        Module:  Frequency Domain: S-Parameter (Win 64)
                        Version: 2024.1 Release from 2023-10-16 (change 1181985)

                      ------------------------------------------------------------------------------
2025-05-28 01:04:05   The low frequency stabilization is not applied to periodic problems.

                      ------------------------------------------------------------------------------
2025-05-28 01:04:05     Calculation 1 of 1 (Frequency: 32 GHz, Theta: 0, Phi: 0)


                      ------------------------------------------------------------------------------
2025-05-28 01:04:05   The wavelength based mesh refinement has been applied to 5.0% of all mesh edges.

                      ------------------------------------------------------------------------------
2025-05-28 01:04:05   For some elements the curvature had to be reduced to maintain the quality of the mesh. More...

                      ------------------------------------------------------------------------------
2025-05-28 01:04:05   Adaptive mesh refinement pass 1

                      ------------------------------------------------------------------------------
2025-05-28 01:04:11   *** Warning ***

2025-05-28 01:04:11   Detected possible stagnation of the iterative solver (3.973258e-02 after 250 iterations.)
                      Please consider aborting the solver run, and check your simulation setup.  More...

                      ------------------------------------------------------------------------------
2025-05-28 01:04:17   *** Warning ***

2025-05-28 01:04:17   The solver stopped because the maximum number of iterations (500, used for automatic solver choice) has been reached.

                      ------------------------------------------------------------------------------
2025-05-28 01:04:17   Solving again, but with the direct solver. Please consider forcing the direct solver in the solver special settings, and
                      check your simulation setup (for instance source and material definitions.)

                      ------------------------------------------------------------------------------
2025-05-28 01:04:18     Matrix setup time        :	0 s
                        Degrees of freedom       :	35160
                        Number of mesh cells     :	5353

                        Stimulation port         :	Zmin
                        Mode number              :	1
                        Accuracy                 :	9.12168e-14
                        Iterations               :	1
                        Solver time              :	0 s


                      ------------------------------------------------------------------------------
2025-05-28 01:04:18   27% of all mesh edges seem to be longer than expected. The adaptive mesh refinement's growth limitation will therefore 
                      use 14046 instead of 3583 mesh cells as a reference.

                      ------------------------------------------------------------------------------
2025-05-28 01:04:18   The wavelength based mesh refinement has been applied to 0.2% of all mesh edges.

                      ------------------------------------------------------------------------------
2025-05-28 01:04:19   Adaptive mesh refinement pass 2

                      ------------------------------------------------------------------------------
2025-05-28 01:04:22     Matrix setup time        :	0 s
                        Solver setup             :	2 s
                        Degrees of freedom       :	73788
                        Number of mesh cells     :	11420

                        Stimulation port         :	Zmin
                        Mode number              :	1
                        Accuracy                 :	4.56601e-14
                        Iterations               :	1
                        Solver time              :	0 s


                      ------------------------------------------------------------------------------
2025-05-28 01:04:22     Delta calculation        
2025-05-28 01:04:22     All S-Parameters         :	0.0467125
2025-05-28 01:04:22   

                      ------------------------------------------------------------------------------
2025-05-28 01:04:22   The wavelength based mesh refinement has been applied to 0.1% of all mesh edges.

                      ------------------------------------------------------------------------------
2025-05-28 01:04:23   Adaptive mesh refinement pass 3

                      ------------------------------------------------------------------------------
2025-05-28 01:04:28     Matrix setup time        :	0 s
                        Solver setup             :	3 s
                        Degrees of freedom       :	118082
                        Number of mesh cells     :	18362

                        Stimulation port         :	Zmin
                        Mode number              :	1
                        Accuracy                 :	2.49878e-14
                        Iterations               :	1
                        Solver time              :	0 s


                      ------------------------------------------------------------------------------
2025-05-28 01:04:28     Delta calculation        
2025-05-28 01:04:28     All S-Parameters         :	0.0129861
2025-05-28 01:04:28   

                      ------------------------------------------------------------------------------
2025-05-28 01:04:28   Mesh adaptation terminated because the desired accuracy limit is reached.

                      ------------------------------------------------------------------------------
2025-05-28 01:04:28   *** Warning ***

2025-05-28 01:04:28   At least one propagating Floquet mode is not considered at port Zmin. Please increase the number of modes at this port. 
                      More...

                      ------------------------------------------------------------------------------
2025-05-28 01:04:28   *** Warning ***

2025-05-28 01:04:28   At least one propagating Floquet mode is not considered at port Zmax. Please increase the number of modes at this port. 
                      More...

                      ------------------------------------------------------------------------------
2025-05-28 01:04:28     Total time               :	23 s

                      ------------------------------------------------------------------------------
2025-05-28 01:04:28   

                      ------------------------------------------------------------------------------
2025-05-28 01:04:28     Calculation 2 (Frequency: 20 GHz, Theta: 0, Phi: 0)


                      ------------------------------------------------------------------------------
2025-05-28 01:04:31     Matrix setup time        :	0 s
                        Solver setup             :	2 s
                        Degrees of freedom       :	118082
                        Number of mesh cells     :	18362

                        Stimulation port         :	Zmin
                        Mode number              :	1
                        Accuracy                 :	6.45233e-14
                        Iterations               :	1
                        Solver time              :	0 s


                      ------------------------------------------------------------------------------
2025-05-28 01:04:32     Total time               :	3 s

                      ------------------------------------------------------------------------------
2025-05-28 01:04:32   

                      ------------------------------------------------------------------------------
2025-05-28 01:04:32     Calculation 3 (Frequency: 26 GHz, Theta: 0, Phi: 0)


                      ------------------------------------------------------------------------------
2025-05-28 01:04:35     Matrix setup time        :	0 s
                        Solver setup             :	2 s
                        Degrees of freedom       :	118082
                        Number of mesh cells     :	18362

                        Stimulation port         :	Zmin
                        Mode number              :	1
                        Accuracy                 :	2.83537e-14
                        Iterations               :	1
                        Solver time              :	0 s


                      ------------------------------------------------------------------------------
2025-05-28 01:04:35     Total time               :	3 s

                      ------------------------------------------------------------------------------
2025-05-28 01:04:35   

                      ------------------------------------------------------------------------------
2025-05-28 01:04:35     Calculation 4 (Frequency: 29 GHz, Theta: 0, Phi: 0)


                      ------------------------------------------------------------------------------
2025-05-28 01:04:39     Matrix setup time        :	0 s
                        Solver setup             :	3 s
                        Degrees of freedom       :	118082
                        Number of mesh cells     :	18362

                        Stimulation port         :	Zmin
                        Mode number              :	1
                        Accuracy                 :	3.75629e-14
                        Iterations               :	1
                        Solver time              :	0 s


                      ------------------------------------------------------------------------------
2025-05-28 01:04:39     Total time               :	3 s

                      ------------------------------------------------------------------------------
2025-05-28 01:04:39   

                      ------------------------------------------------------------------------------
2025-05-28 01:04:39     Calculation 5 (Frequency: 23.108 GHz, Theta: 0, Phi: 0)


                      ------------------------------------------------------------------------------
2025-05-28 01:04:43     Matrix setup time        :	0 s
                        Solver setup             :	3 s
                        Degrees of freedom       :	118082
                        Number of mesh cells     :	18362

                        Stimulation port         :	Zmin
                        Mode number              :	1
                        Accuracy                 :	3.19444e-14
                        Iterations               :	1
                        Solver time              :	0 s


                      ------------------------------------------------------------------------------
2025-05-28 01:04:43     Total time               :	3 s

                      ------------------------------------------------------------------------------
2025-05-28 01:04:43   

                      ------------------------------------------------------------------------------
2025-05-28 01:04:43     Calculation 6 (Frequency: 27.488 GHz, Theta: 0, Phi: 0)


                      ------------------------------------------------------------------------------
2025-05-28 01:04:47     Matrix setup time        :	0 s
                        Solver setup             :	3 s
                        Degrees of freedom       :	118082
                        Number of mesh cells     :	18362

                        Stimulation port         :	Zmin
                        Mode number              :	1
                        Accuracy                 :	3.71892e-14
                        Iterations               :	1
                        Solver time              :	0 s


                      ------------------------------------------------------------------------------
2025-05-28 01:04:47     Total time               :	4 s

                      ------------------------------------------------------------------------------
2025-05-28 01:04:47   

                      ------------------------------------------------------------------------------
2025-05-28 01:04:47     Calculation 7 (Frequency: 24.38 GHz, Theta: 0, Phi: 0)


                      ------------------------------------------------------------------------------
2025-05-28 01:04:51     Matrix setup time        :	0 s
                        Solver setup             :	3 s
                        Degrees of freedom       :	118082
                        Number of mesh cells     :	18362

                        Stimulation port         :	Zmin
                        Mode number              :	1
                        Accuracy                 :	2.64114e-14
                        Iterations               :	1
                        Solver time              :	0 s


                      ------------------------------------------------------------------------------
2025-05-28 01:04:51     Total time               :	3 s

                      ------------------------------------------------------------------------------
2025-05-28 01:04:51   

                      ------------------------------------------------------------------------------
2025-05-28 01:04:51     Calculation 8 (Frequency: 28.076 GHz, Theta: 0, Phi: 0)


                      ------------------------------------------------------------------------------
2025-05-28 01:04:55     Matrix setup time        :	0 s
                        Solver setup             :	3 s
                        Degrees of freedom       :	118082
                        Number of mesh cells     :	18362

                        Stimulation port         :	Zmin
                        Mode number              :	1
                        Accuracy                 :	3.82835e-14
                        Iterations               :	1
                        Solver time              :	0 s


                      ------------------------------------------------------------------------------
2025-05-28 01:04:55     Total time               :	3 s

                      ------------------------------------------------------------------------------
2025-05-28 01:04:55   

                      ------------------------------------------------------------------------------
2025-05-28 01:04:55     Calculation 9 (Frequency: 29.672 GHz, Theta: 0, Phi: 0)


                      ------------------------------------------------------------------------------
2025-05-28 01:04:59     Matrix setup time        :	0 s
                        Solver setup             :	3 s
                        Degrees of freedom       :	118082
                        Number of mesh cells     :	18362

                        Stimulation port         :	Zmin
                        Mode number              :	1
                        Accuracy                 :	3.97114e-14
                        Iterations               :	1
                        Solver time              :	0 s


                      ------------------------------------------------------------------------------
2025-05-28 01:04:59     Total time               :	3 s

                      ------------------------------------------------------------------------------
2025-05-28 01:04:59   

                      ------------------------------------------------------------------------------
2025-05-28 01:04:59     Calculation 10 (Frequency: 28.508 GHz, Theta: 0, Phi: 0)


                      ------------------------------------------------------------------------------
2025-05-28 01:05:03     Matrix setup time        :	0 s
                        Solver setup             :	3 s
                        Degrees of freedom       :	118082
                        Number of mesh cells     :	18362

                        Stimulation port         :	Zmin
                        Mode number              :	1
                        Accuracy                 :	3.78829e-14
                        Iterations               :	1
                        Solver time              :	0 s


                      ------------------------------------------------------------------------------
2025-05-28 01:05:03     Total time               :	3 s

                      ------------------------------------------------------------------------------
2025-05-28 01:05:03   

                      ------------------------------------------------------------------------------
2025-05-28 01:05:03     Calculation 11 (Frequency: 29.204 GHz, Theta: 0, Phi: 0)


                      ------------------------------------------------------------------------------
2025-05-28 01:05:07     Matrix setup time        :	0 s
                        Solver setup             :	3 s
                        Degrees of freedom       :	118082
                        Number of mesh cells     :	18362

                        Stimulation port         :	Zmin
                        Mode number              :	1
                        Accuracy                 :	3.65726e-14
                        Iterations               :	1
                        Solver time              :	0 s


                      ------------------------------------------------------------------------------
2025-05-28 01:05:07     Total time               :	3 s

                      ------------------------------------------------------------------------------
2025-05-28 01:05:07   

                      ------------------------------------------------------------------------------
2025-05-28 01:05:07     Calculation 12 (Frequency: 30.368 GHz, Theta: 0, Phi: 0)


                      ------------------------------------------------------------------------------
2025-05-28 01:05:10     Matrix setup time        :	0 s
                        Solver setup             :	3 s
                        Degrees of freedom       :	118082
                        Number of mesh cells     :	18362

                        Stimulation port         :	Zmin
                        Mode number              :	1
                        Accuracy                 :	4.13863e-14
                        Iterations               :	1
                        Solver time              :	0 s


                      ------------------------------------------------------------------------------
2025-05-28 01:05:11     Total time               :	3 s

                      ------------------------------------------------------------------------------
2025-05-28 01:05:11   

                      ------------------------------------------------------------------------------
2025-05-28 01:05:11     Calculation 13 (Frequency: 21.344 GHz, Theta: 0, Phi: 0)


                      ------------------------------------------------------------------------------
2025-05-28 01:05:15     Matrix setup time        :	0 s
                        Solver setup             :	3 s
                        Degrees of freedom       :	118082
                        Number of mesh cells     :	18362

                        Stimulation port         :	Zmin
                        Mode number              :	1
                        Accuracy                 :	4.85364e-14
                        Iterations               :	1
                        Solver time              :	0 s


                      ------------------------------------------------------------------------------
2025-05-28 01:05:15     Total time               :	4 s

                      ------------------------------------------------------------------------------
2025-05-28 01:05:15   

                      ------------------------------------------------------------------------------
2025-05-28 01:05:15     Calculation 14 (Frequency: 30.968 GHz, Theta: 0, Phi: 0)


                      ------------------------------------------------------------------------------
2025-05-28 01:05:19     Matrix setup time        :	0 s
                        Solver setup             :	3 s
                        Degrees of freedom       :	118082
                        Number of mesh cells     :	18362

                        Stimulation port         :	Zmin
                        Mode number              :	1
                        Accuracy                 :	3.08548e-14
                        Iterations               :	1
                        Solver time              :	0 s


                      ------------------------------------------------------------------------------
2025-05-28 01:05:19     Total time               :	4 s

                      ------------------------------------------------------------------------------
2025-05-28 01:05:19   

                      ------------------------------------------------------------------------------
2025-05-28 01:05:19     Calculation 15 (Frequency: 21.524 GHz, Theta: 0, Phi: 0)


                      ------------------------------------------------------------------------------
2025-05-28 01:05:23     Matrix setup time        :	0 s
                        Solver setup             :	3 s
                        Degrees of freedom       :	118082
                        Number of mesh cells     :	18362

                        Stimulation port         :	Zmin
                        Mode number              :	1
                        Accuracy                 :	5.14581e-14
                        Iterations               :	1
                        Solver time              :	0 s


                      ------------------------------------------------------------------------------
2025-05-28 01:05:23     Total time               :	4 s

                      ------------------------------------------------------------------------------
2025-05-28 01:05:23   

                      ------------------------------------------------------------------------------
2025-05-28 01:05:23     Calculation 16 (Frequency: 21.032 GHz, Theta: 0, Phi: 0)


                      ------------------------------------------------------------------------------
2025-05-28 01:05:28     Matrix setup time        :	0 s
                        Solver setup             :	3 s
                        Degrees of freedom       :	118082
                        Number of mesh cells     :	18362

                        Stimulation port         :	Zmin
                        Mode number              :	1
                        Accuracy                 :	5.50903e-14
                        Iterations               :	1
                        Solver time              :	0 s


                      ------------------------------------------------------------------------------
2025-05-28 01:05:28     Total time               :	4 s

                      ------------------------------------------------------------------------------
2025-05-28 01:05:28   

                      ------------------------------------------------------------------------------
2025-05-28 01:05:28     Calculation 17 (Frequency: 31.46 GHz, Theta: 0, Phi: 0)


                      ------------------------------------------------------------------------------
2025-05-28 01:05:32     Matrix setup time        :	0 s
                        Solver setup             :	3 s
                        Degrees of freedom       :	118082
                        Number of mesh cells     :	18362

                        Stimulation port         :	Zmin
                        Mode number              :	1
                        Accuracy                 :	3.53986e-14
                        Iterations               :	1
                        Solver time              :	0 s


                      ------------------------------------------------------------------------------
2025-05-28 01:05:32     Total time               :	3 s

                      ------------------------------------------------------------------------------
2025-05-28 01:05:32   

                      ------------------------------------------------------------------------------
2025-05-28 01:05:32     Calculation 18 (Frequency: 29.972 GHz, Theta: 0, Phi: 0)


                      ------------------------------------------------------------------------------
2025-05-28 01:05:35     Matrix setup time        :	0 s
                        Solver setup             :	3 s
                        Degrees of freedom       :	118082
                        Number of mesh cells     :	18362

                        Stimulation port         :	Zmin
                        Mode number              :	1
                        Accuracy                 :	4.23783e-14
                        Iterations               :	1
                        Solver time              :	0 s


                      ------------------------------------------------------------------------------
2025-05-28 01:05:36     Total time               :	3 s

                      ------------------------------------------------------------------------------
2025-05-28 01:05:36   

                      ------------------------------------------------------------------------------
2025-05-28 01:05:36     Calculation 19 (Frequency: 30.584 GHz, Theta: 0, Phi: 0)


                      ------------------------------------------------------------------------------
2025-05-28 01:05:39     Matrix setup time        :	0 s
                        Solver setup             :	3 s
                        Degrees of freedom       :	118082
                        Number of mesh cells     :	18362

                        Stimulation port         :	Zmin
                        Mode number              :	1
                        Accuracy                 :	3.85184e-14
                        Iterations               :	1
                        Solver time              :	0 s


                      ------------------------------------------------------------------------------
2025-05-28 01:05:39     Total time               :	3 s

                      ------------------------------------------------------------------------------
2025-05-28 01:05:39   

                      ------------------------------------------------------------------------------
2025-05-28 01:05:39     Calculation 20 (Frequency: 20.312 GHz, Theta: 0, Phi: 0)


                      ------------------------------------------------------------------------------
2025-05-28 01:05:43     Matrix setup time        :	0 s
                        Solver setup             :	3 s
                        Degrees of freedom       :	118082
                        Number of mesh cells     :	18362

                        Stimulation port         :	Zmin
                        Mode number              :	1
                        Accuracy                 :	4.719e-14
                        Iterations               :	1
                        Solver time              :	0 s


                      ------------------------------------------------------------------------------
2025-05-28 01:05:43     Total time               :	3 s

                      ------------------------------------------------------------------------------
2025-05-28 01:05:43   

                      ------------------------------------------------------------------------------
2025-05-28 01:05:43     Calculation 21 (Frequency: 22.112 GHz, Theta: 0, Phi: 0)


                      ------------------------------------------------------------------------------
2025-05-28 01:05:47     Matrix setup time        :	0 s
                        Solver setup             :	3 s
                        Degrees of freedom       :	118082
                        Number of mesh cells     :	18362

                        Stimulation port         :	Zmin
                        Mode number              :	1
                        Accuracy                 :	5.84292e-14
                        Iterations               :	1
                        Solver time              :	0 s


                      ------------------------------------------------------------------------------
2025-05-28 01:05:47     Total time               :	3 s

                      ------------------------------------------------------------------------------
2025-05-28 01:05:47   

                      ------------------------------------------------------------------------------
2025-05-28 01:05:47     Calculation 22 (Frequency: 23.588 GHz, Theta: 0, Phi: 0)


                      ------------------------------------------------------------------------------
2025-05-28 01:05:51     Matrix setup time        :	0 s
                        Solver setup             :	3 s
                        Degrees of freedom       :	118082
                        Number of mesh cells     :	18362

                        Stimulation port         :	Zmin
                        Mode number              :	1
                        Accuracy                 :	3.49396e-14
                        Iterations               :	1
                        Solver time              :	0 s


                      ------------------------------------------------------------------------------
2025-05-28 01:05:51     Total time               :	3 s

                      ------------------------------------------------------------------------------
2025-05-28 01:05:51   

                      ------------------------------------------------------------------------------
2025-05-28 01:05:51     Calculation 23 (Frequency: 22.388 GHz, Theta: 0, Phi: 0)


                      ------------------------------------------------------------------------------
2025-05-28 01:05:55     Matrix setup time        :	0 s
                        Solver setup             :	3 s
                        Degrees of freedom       :	118082
                        Number of mesh cells     :	18362

                        Stimulation port         :	Zmin
                        Mode number              :	1
                        Accuracy                 :	4.87432e-14
                        Iterations               :	1
                        Solver time              :	0 s


                      ------------------------------------------------------------------------------
2025-05-28 01:05:55     Total time               :	3 s

                      ------------------------------------------------------------------------------
2025-05-28 01:05:55   

                      ------------------------------------------------------------------------------
2025-05-28 01:05:55     Calculation 24 (Frequency: 24.752 GHz, Theta: 0, Phi: 0)


                      ------------------------------------------------------------------------------
2025-05-28 01:05:59     Matrix setup time        :	0 s
                        Solver setup             :	3 s
                        Degrees of freedom       :	118082
                        Number of mesh cells     :	18362

                        Stimulation port         :	Zmin
                        Mode number              :	1
                        Accuracy                 :	3.98896e-14
                        Iterations               :	1
                        Solver time              :	0 s


                      ------------------------------------------------------------------------------
2025-05-28 01:05:59     Total time               :	3 s

                      ------------------------------------------------------------------------------
2025-05-28 01:05:59   

                      ------------------------------------------------------------------------------
2025-05-28 01:05:59     Calculation 25 (Frequency: 24.152 GHz, Theta: 0, Phi: 0)


                      ------------------------------------------------------------------------------
2025-05-28 01:06:03     Matrix setup time        :	0 s
                        Solver setup             :	3 s
                        Degrees of freedom       :	118082
                        Number of mesh cells     :	18362

                        Stimulation port         :	Zmin
                        Mode number              :	1
                        Accuracy                 :	2.68355e-14
                        Iterations               :	1
                        Solver time              :	0 s


                      ------------------------------------------------------------------------------
2025-05-28 01:06:03     Total time               :	4 s

                      ------------------------------------------------------------------------------
2025-05-28 01:06:03   

                      ------------------------------------------------------------------------------
2025-05-28 01:06:03     Calculation 26 (Frequency: 24.62 GHz, Theta: 0, Phi: 0)


                      ------------------------------------------------------------------------------
2025-05-28 01:06:07     Matrix setup time        :	0 s
                        Solver setup             :	3 s
                        Degrees of freedom       :	118082
                        Number of mesh cells     :	18362

                        Stimulation port         :	Zmin
                        Mode number              :	1
                        Accuracy                 :	3.32973e-14
                        Iterations               :	1
                        Solver time              :	0 s


                      ------------------------------------------------------------------------------
2025-05-28 01:06:07     Total time               :	3 s

                      ------------------------------------------------------------------------------
2025-05-28 01:06:07   

                      ------------------------------------------------------------------------------
2025-05-28 01:06:07     Calculation 27 (Frequency: 25.124 GHz, Theta: 0, Phi: 0)


                      ------------------------------------------------------------------------------
2025-05-28 01:06:11     Matrix setup time        :	0 s
                        Solver setup             :	3 s
                        Degrees of freedom       :	118082
                        Number of mesh cells     :	18362

                        Stimulation port         :	Zmin
                        Mode number              :	1
                        Accuracy                 :	3.96816e-14
                        Iterations               :	1
                        Solver time              :	0 s


                      ------------------------------------------------------------------------------
2025-05-28 01:06:11     Total time               :	3 s

                      ------------------------------------------------------------------------------
2025-05-28 01:06:11   

                      ------------------------------------------------------------------------------
2025-05-28 01:06:11     Calculation 28 (Frequency: 26.672 GHz, Theta: 0, Phi: 0)


                      ------------------------------------------------------------------------------
2025-05-28 01:06:15     Matrix setup time        :	0 s
                        Solver setup             :	3 s
                        Degrees of freedom       :	118082
                        Number of mesh cells     :	18362

                        Stimulation port         :	Zmin
                        Mode number              :	1
                        Accuracy                 :	4.23182e-14
                        Iterations               :	1
                        Solver time              :	0 s


                      ------------------------------------------------------------------------------
2025-05-28 01:06:15     Total time               :	3 s

                      ------------------------------------------------------------------------------
2025-05-28 01:06:15   

                      ------------------------------------------------------------------------------
2025-05-28 01:06:15     Calculation 29 (Frequency: 27.752 GHz, Theta: 0, Phi: 0)


                      ------------------------------------------------------------------------------
2025-05-28 01:06:19     Matrix setup time        :	0 s
                        Solver setup             :	3 s
                        Degrees of freedom       :	118082
                        Number of mesh cells     :	18362

                        Stimulation port         :	Zmin
                        Mode number              :	1
                        Accuracy                 :	4.83658e-14
                        Iterations               :	1
                        Solver time              :	0 s


                      ------------------------------------------------------------------------------
2025-05-28 01:06:20     Total time               :	3 s

                      ------------------------------------------------------------------------------
2025-05-28 01:06:20   

                      ------------------------------------------------------------------------------
2025-05-28 01:06:20     Calculation 30 (Frequency: 26.936 GHz, Theta: 0, Phi: 0)


                      ------------------------------------------------------------------------------
2025-05-28 01:06:23     Matrix setup time        :	0 s
                        Solver setup             :	3 s
                        Degrees of freedom       :	118082
                        Number of mesh cells     :	18362

                        Stimulation port         :	Zmin
                        Mode number              :	1
                        Accuracy                 :	3.23888e-14
                        Iterations               :	1
                        Solver time              :	0 s


                      ------------------------------------------------------------------------------
2025-05-28 01:06:23     Total time               :	3 s

                      ------------------------------------------------------------------------------
2025-05-28 01:06:23   

                      ------------------------------------------------------------------------------
2025-05-28 01:06:23     Calculation 31 (Frequency: 20.612 GHz, Theta: 0, Phi: 0)


                      ------------------------------------------------------------------------------
2025-05-28 01:06:27     Matrix setup time        :	0 s
                        Solver setup             :	3 s
                        Degrees of freedom       :	118082
                        Number of mesh cells     :	18362

                        Stimulation port         :	Zmin
                        Mode number              :	1
                        Accuracy                 :	4.84418e-14
                        Iterations               :	1
                        Solver time              :	0 s


                      ------------------------------------------------------------------------------
2025-05-28 01:06:27     Total time               :	3 s

                      ------------------------------------------------------------------------------
2025-05-28 01:06:27   

                      ------------------------------------------------------------------------------
2025-05-28 01:06:27   Finished the general purpose interpolative broadband frequency sweep:
                      All broadband sweep convergence criteria have been satisfied after
                      calculating 31 frequency samples:

                        Broadband sweep error threshold value :  0.01 (All S-Parameters) 
                        Number of error criterion checks      :  2 (All S-Parameters) 
                        Minimum number of samples             :  3
                        Number of data samples, linear        :  1001

                      ------------------------------------------------------------------------------
2025-05-28 01:06:27     Number of mesh cells     :	18362
                        Degrees of freedom       :	117142
                        Total Solver Time        :	144 s	 (= 0 h, 02 m, 24 s)
                      ================================================================================



                      ------------------------------------------------------------------------------
2025-05-28 01:06:28     ----------------------------------------------------------------------------
                                            Peak memory used (kB)         Free physical memory (kB) 
                                                                          At begin     Minimum      
                        ----------------------------------------------------------------------------
                        Solver start        22324                         8108728      8107976      
                        Eq. system setup    2185100                       8100116      7235036      
                        Eq. system solve    2185100                       8064504      5935648      
                        Mesh refinement     1217268                       7860640      7746312      
                        Solver run total    2185100                       8108732      5935648      

                        Computer name       Tahsin
                        ----------------------------------------------------------------------------


                      ------------------------------------------------------------------------------
2025-05-28 01:06:28   Running postprocessing.

                      ------------------------------------------------------------------------------
2025-05-28 01:06:28   Postprocessing finished.

                      ------------------------------------------------------------------------------
