2025-06-16 21:14:45   *** Warning ***

                      Electric isotropic material [Copper (pure)] has a very high conductivity for
                      the given mesh. Depending on your configuration it may be better to use a lossy
                      metal type for this material. More...

                      ------------------------------------------------------------------------------
2025-06-16 21:14:45   In order to get an optimal performance, hyperthreading is ignored for parallel
                      computations.

                      ------------------------------------------------------------------------------
2025-06-16 21:14:48   Units settings: 

                        Dimensions: mm
                        Frequency:  GHz
                        Time:       s

                      ------------------------------------------------------------------------------
2025-06-16 21:14:48   Boundary conditions: 

                        YZsymmetry: none
                        XZsymmetry: none
                        XYsymmetry: none

                        Xmin: unit cell
                        Xmax: unit cell

                        Ymin: unit cell
                        Ymax: unit cell

                        Zmin: expanded open
                        Zmax: expanded open

                      ------------------------------------------------------------------------------
2025-06-16 21:14:48   Order settings: 

                        Solver order   : 2nd (constant)
                        Curved elements: up to order 3 (automatic)

                      ------------------------------------------------------------------------------
2025-06-16 21:14:48   An iterative solver will be used first.

                      ------------------------------------------------------------------------------
2025-06-16 21:14:48     Mesh time                :	2 s


                      ------------------------------------------------------------------------------
2025-06-16 21:14:48   
                      ================================================================================
                      Frequency Domain Solver calculation cycle started

                      ------------------------------------------------------------------------------
2025-06-16 21:14:48   Solver started at: 2025-06-16 21:14:48 +0600

                        Module:  Frequency Domain: S-Parameter (Win 64)
                        Version: 2024.1 Release from 2023-10-16 (change 1181985)

                      ------------------------------------------------------------------------------
2025-06-16 21:14:48   The low frequency stabilization is not applied to periodic problems.

                      ------------------------------------------------------------------------------
2025-06-16 21:14:48     Calculation 1 of 1 (Frequency: 32 GHz, Theta: 0, Phi: 0)


                      ------------------------------------------------------------------------------
2025-06-16 21:14:48   The wavelength based mesh refinement has been applied to 6.3% of all mesh edges.

                      ------------------------------------------------------------------------------
2025-06-16 21:14:48   For some elements the curvature had to be reduced to maintain the quality of the mesh. More...

                      ------------------------------------------------------------------------------
2025-06-16 21:14:49   Adaptive mesh refinement pass 1

                      ------------------------------------------------------------------------------
2025-06-16 21:14:57   *** Warning ***

2025-06-16 21:14:57   Detected possible stagnation of the iterative solver (4.228277e-02 after 250 iterations.)
                      Please consider aborting the solver run, and check your simulation setup.  More...

                      ------------------------------------------------------------------------------
2025-06-16 21:15:05   *** Warning ***

2025-06-16 21:15:05   The solver stopped because the maximum number of iterations (500, used for automatic solver choice) has been reached.

                      ------------------------------------------------------------------------------
2025-06-16 21:15:06   Solving again, but with the direct solver. Please consider forcing the direct solver in the solver special settings, and
                      check your simulation setup (for instance source and material definitions.)

                      ------------------------------------------------------------------------------
2025-06-16 21:15:07     Matrix setup time        :	0 s
                        Degrees of freedom       :	44552
                        Number of mesh cells     :	6773

                        Stimulation port         :	Zmin
                        Mode number              :	1
                        Accuracy                 :	6.00141e-14
                        Iterations               :	1
                        Solver time              :	0 s


                      ------------------------------------------------------------------------------
2025-06-16 21:15:07   21% of all mesh edges seem to be longer than expected. The adaptive mesh refinement's growth limitation will therefore 
                      use 15447 instead of 4436 mesh cells as a reference.

                      ------------------------------------------------------------------------------
2025-06-16 21:15:07   The wavelength based mesh refinement has been applied to 0.6% of all mesh edges.

                      ------------------------------------------------------------------------------
2025-06-16 21:15:08   Adaptive mesh refinement pass 2

                      ------------------------------------------------------------------------------
2025-06-16 21:15:10     Matrix setup time        :	0 s
                        Solver setup             :	2 s
                        Degrees of freedom       :	79924
                        Number of mesh cells     :	12329

                        Stimulation port         :	Zmin
                        Mode number              :	1
                        Accuracy                 :	4.11365e-14
                        Iterations               :	1
                        Solver time              :	0 s


                      ------------------------------------------------------------------------------
2025-06-16 21:15:10     Delta calculation        
2025-06-16 21:15:10     All S-Parameters         :	0.105496
2025-06-16 21:15:10   

                      ------------------------------------------------------------------------------
2025-06-16 21:15:12   Adaptive mesh refinement pass 3

                      ------------------------------------------------------------------------------
2025-06-16 21:15:18     Matrix setup time        :	0 s
                        Solver setup             :	5 s
                        Degrees of freedom       :	136554
                        Number of mesh cells     :	21177

                        Stimulation port         :	Zmin
                        Mode number              :	1
                        Accuracy                 :	2.51033e-14
                        Iterations               :	1
                        Solver time              :	0 s


                      ------------------------------------------------------------------------------
2025-06-16 21:15:18     Delta calculation        
2025-06-16 21:15:18     All S-Parameters         :	0.0320485
2025-06-16 21:15:18   

                      ------------------------------------------------------------------------------
2025-06-16 21:15:20   Adaptive mesh refinement pass 4

                      ------------------------------------------------------------------------------
2025-06-16 21:15:35     Matrix setup time        :	0 s
                        Solver setup             :	13 s
                        Degrees of freedom       :	226752
                        Number of mesh cells     :	35162

                        Stimulation port         :	Zmin
                        Mode number              :	1
                        Accuracy                 :	4.65404e-14
                        Iterations               :	1
                        Solver time              :	0 s


                      ------------------------------------------------------------------------------
2025-06-16 21:15:35     Delta calculation        
2025-06-16 21:15:35     All S-Parameters         :	0.0118722
2025-06-16 21:15:35   

                      ------------------------------------------------------------------------------
2025-06-16 21:15:35   Mesh adaptation terminated because the desired accuracy limit is reached.

                      ------------------------------------------------------------------------------
2025-06-16 21:15:36   *** Warning ***

2025-06-16 21:15:36   At least one propagating Floquet mode is not considered at port Zmin. Please increase the number of modes at this port. 
                      More...

                      ------------------------------------------------------------------------------
2025-06-16 21:15:36   *** Warning ***

2025-06-16 21:15:36   At least one propagating Floquet mode is not considered at port Zmax. Please increase the number of modes at this port. 
                      More...

                      ------------------------------------------------------------------------------
2025-06-16 21:15:36     Total time               :	47 s

                      ------------------------------------------------------------------------------
2025-06-16 21:15:36   

                      ------------------------------------------------------------------------------
2025-06-16 21:15:36     Calculation 2 (Frequency: 20 GHz, Theta: 0, Phi: 0)


                      ------------------------------------------------------------------------------
2025-06-16 21:15:48     Matrix setup time        :	0 s
                        Solver setup             :	11 s
                        Degrees of freedom       :	226752
                        Number of mesh cells     :	35162

                        Stimulation port         :	Zmin
                        Mode number              :	1
                        Accuracy                 :	3.06895e-14
                        Iterations               :	1
                        Solver time              :	0 s


                      ------------------------------------------------------------------------------
2025-06-16 21:15:49     Total time               :	12 s

                      ------------------------------------------------------------------------------
2025-06-16 21:15:49   

                      ------------------------------------------------------------------------------
2025-06-16 21:15:49     Calculation 3 (Frequency: 26 GHz, Theta: 0, Phi: 0)


                      ------------------------------------------------------------------------------
2025-06-16 21:16:01     Matrix setup time        :	0 s
                        Solver setup             :	11 s
                        Degrees of freedom       :	226752
                        Number of mesh cells     :	35162

                        Stimulation port         :	Zmin
                        Mode number              :	1
                        Accuracy                 :	4.41249e-14
                        Iterations               :	1
                        Solver time              :	0 s


                      ------------------------------------------------------------------------------
2025-06-16 21:16:01     Total time               :	12 s

                      ------------------------------------------------------------------------------
2025-06-16 21:16:01   

                      ------------------------------------------------------------------------------
2025-06-16 21:16:01     Calculation 4 (Frequency: 29 GHz, Theta: 0, Phi: 0)


                      ------------------------------------------------------------------------------
2025-06-16 21:16:14     Matrix setup time        :	0 s
                        Solver setup             :	12 s
                        Degrees of freedom       :	226752
                        Number of mesh cells     :	35162

                        Stimulation port         :	Zmin
                        Mode number              :	1
                        Accuracy                 :	2.71086e-14
                        Iterations               :	1
                        Solver time              :	0 s


                      ------------------------------------------------------------------------------
2025-06-16 21:16:14     Total time               :	12 s

                      ------------------------------------------------------------------------------
2025-06-16 21:16:14   

                      ------------------------------------------------------------------------------
2025-06-16 21:16:14     Calculation 5 (Frequency: 23.876 GHz, Theta: 0, Phi: 0)


                      ------------------------------------------------------------------------------
2025-06-16 21:16:26     Matrix setup time        :	0 s
                        Solver setup             :	11 s
                        Degrees of freedom       :	226752
                        Number of mesh cells     :	35162

                        Stimulation port         :	Zmin
                        Mode number              :	1
                        Accuracy                 :	2.26545e-14
                        Iterations               :	1
                        Solver time              :	0 s


                      ------------------------------------------------------------------------------
2025-06-16 21:16:26     Total time               :	12 s

                      ------------------------------------------------------------------------------
2025-06-16 21:16:26   

                      ------------------------------------------------------------------------------
2025-06-16 21:16:26     Calculation 6 (Frequency: 31.112 GHz, Theta: 0, Phi: 0)


                      ------------------------------------------------------------------------------
2025-06-16 21:16:38     Matrix setup time        :	0 s
                        Solver setup             :	11 s
                        Degrees of freedom       :	226752
                        Number of mesh cells     :	35162

                        Stimulation port         :	Zmin
                        Mode number              :	1
                        Accuracy                 :	2.83928e-14
                        Iterations               :	1
                        Solver time              :	0 s


                      ------------------------------------------------------------------------------
2025-06-16 21:16:39     Total time               :	12 s

                      ------------------------------------------------------------------------------
2025-06-16 21:16:39   

                      ------------------------------------------------------------------------------
2025-06-16 21:16:39     Calculation 7 (Frequency: 25.304 GHz, Theta: 0, Phi: 0)


                      ------------------------------------------------------------------------------
2025-06-16 21:16:50     Matrix setup time        :	0 s
                        Solver setup             :	10 s
                        Degrees of freedom       :	226752
                        Number of mesh cells     :	35162

                        Stimulation port         :	Zmin
                        Mode number              :	1
                        Accuracy                 :	2.99824e-14
                        Iterations               :	1
                        Solver time              :	0 s


                      ------------------------------------------------------------------------------
2025-06-16 21:16:51     Total time               :	11 s

                      ------------------------------------------------------------------------------
2025-06-16 21:16:51   

                      ------------------------------------------------------------------------------
2025-06-16 21:16:51     Calculation 8 (Frequency: 22.556 GHz, Theta: 0, Phi: 0)


                      ------------------------------------------------------------------------------
2025-06-16 21:17:03     Matrix setup time        :	0 s
                        Solver setup             :	11 s
                        Degrees of freedom       :	226752
                        Number of mesh cells     :	35162

                        Stimulation port         :	Zmin
                        Mode number              :	1
                        Accuracy                 :	1.75094e-14
                        Iterations               :	1
                        Solver time              :	0 s


                      ------------------------------------------------------------------------------
2025-06-16 21:17:03     Total time               :	12 s

                      ------------------------------------------------------------------------------
2025-06-16 21:17:03   

                      ------------------------------------------------------------------------------
2025-06-16 21:17:03     Calculation 9 (Frequency: 24.848 GHz, Theta: 0, Phi: 0)


                      ------------------------------------------------------------------------------
2025-06-16 21:17:15     Matrix setup time        :	0 s
                        Solver setup             :	11 s
                        Degrees of freedom       :	226752
                        Number of mesh cells     :	35162

                        Stimulation port         :	Zmin
                        Mode number              :	1
                        Accuracy                 :	2.70945e-14
                        Iterations               :	1
                        Solver time              :	0 s


                      ------------------------------------------------------------------------------
2025-06-16 21:17:16     Total time               :	12 s

                      ------------------------------------------------------------------------------
2025-06-16 21:17:16   

                      ------------------------------------------------------------------------------
2025-06-16 21:17:16     Calculation 10 (Frequency: 20.732 GHz, Theta: 0, Phi: 0)


                      ------------------------------------------------------------------------------
2025-06-16 21:17:28     Matrix setup time        :	0 s
                        Solver setup             :	11 s
                        Degrees of freedom       :	226752
                        Number of mesh cells     :	35162

                        Stimulation port         :	Zmin
                        Mode number              :	1
                        Accuracy                 :	2.86801e-14
                        Iterations               :	1
                        Solver time              :	0 s


                      ------------------------------------------------------------------------------
2025-06-16 21:17:28     Total time               :	12 s

                      ------------------------------------------------------------------------------
2025-06-16 21:17:28   

                      ------------------------------------------------------------------------------
2025-06-16 21:17:28     Calculation 11 (Frequency: 24.08 GHz, Theta: 0, Phi: 0)


                      ------------------------------------------------------------------------------
2025-06-16 21:17:40     Matrix setup time        :	0 s
                        Solver setup             :	11 s
                        Degrees of freedom       :	226752
                        Number of mesh cells     :	35162

                        Stimulation port         :	Zmin
                        Mode number              :	1
                        Accuracy                 :	2.10868e-14
                        Iterations               :	1
                        Solver time              :	0 s


                      ------------------------------------------------------------------------------
2025-06-16 21:17:40     Total time               :	12 s

                      ------------------------------------------------------------------------------
2025-06-16 21:17:40   

                      ------------------------------------------------------------------------------
2025-06-16 21:17:40     Calculation 12 (Frequency: 23.624 GHz, Theta: 0, Phi: 0)


                      ------------------------------------------------------------------------------
2025-06-16 21:17:52     Matrix setup time        :	0 s
                        Solver setup             :	11 s
                        Degrees of freedom       :	226752
                        Number of mesh cells     :	35162

                        Stimulation port         :	Zmin
                        Mode number              :	1
                        Accuracy                 :	2.18383e-14
                        Iterations               :	1
                        Solver time              :	0 s


                      ------------------------------------------------------------------------------
2025-06-16 21:17:53     Total time               :	12 s

                      ------------------------------------------------------------------------------
2025-06-16 21:17:53   

                      ------------------------------------------------------------------------------
2025-06-16 21:17:53     Calculation 13 (Frequency: 21.656 GHz, Theta: 0, Phi: 0)


                      ------------------------------------------------------------------------------
2025-06-16 21:18:05     Matrix setup time        :	0 s
                        Solver setup             :	11 s
                        Degrees of freedom       :	226752
                        Number of mesh cells     :	35162

                        Stimulation port         :	Zmin
                        Mode number              :	1
                        Accuracy                 :	1.79697e-14
                        Iterations               :	1
                        Solver time              :	0 s


                      ------------------------------------------------------------------------------
2025-06-16 21:18:05     Total time               :	12 s

                      ------------------------------------------------------------------------------
2025-06-16 21:18:05   

                      ------------------------------------------------------------------------------
2025-06-16 21:18:05     Calculation 14 (Frequency: 23.204 GHz, Theta: 0, Phi: 0)


                      ------------------------------------------------------------------------------
2025-06-16 21:18:17     Matrix setup time        :	0 s
                        Solver setup             :	11 s
                        Degrees of freedom       :	226752
                        Number of mesh cells     :	35162

                        Stimulation port         :	Zmin
                        Mode number              :	1
                        Accuracy                 :	2.13401e-14
                        Iterations               :	1
                        Solver time              :	0 s


                      ------------------------------------------------------------------------------
2025-06-16 21:18:17     Total time               :	12 s

                      ------------------------------------------------------------------------------
2025-06-16 21:18:17   

                      ------------------------------------------------------------------------------
2025-06-16 21:18:17     Calculation 15 (Frequency: 22.016 GHz, Theta: 0, Phi: 0)


                      ------------------------------------------------------------------------------
2025-06-16 21:18:29     Matrix setup time        :	0 s
                        Solver setup             :	11 s
                        Degrees of freedom       :	226752
                        Number of mesh cells     :	35162

                        Stimulation port         :	Zmin
                        Mode number              :	1
                        Accuracy                 :	2.41535e-14
                        Iterations               :	1
                        Solver time              :	0 s


                      ------------------------------------------------------------------------------
2025-06-16 21:18:30     Total time               :	12 s

                      ------------------------------------------------------------------------------
2025-06-16 21:18:30   

                      ------------------------------------------------------------------------------
2025-06-16 21:18:30     Calculation 16 (Frequency: 21.356 GHz, Theta: 0, Phi: 0)


                      ------------------------------------------------------------------------------
2025-06-16 21:18:42     Matrix setup time        :	0 s
                        Solver setup             :	11 s
                        Degrees of freedom       :	226752
                        Number of mesh cells     :	35162

                        Stimulation port         :	Zmin
                        Mode number              :	1
                        Accuracy                 :	2.16364e-14
                        Iterations               :	1
                        Solver time              :	0 s


                      ------------------------------------------------------------------------------
2025-06-16 21:18:43     Total time               :	12 s

                      ------------------------------------------------------------------------------
2025-06-16 21:18:43   

                      ------------------------------------------------------------------------------
2025-06-16 21:18:43     Calculation 17 (Frequency: 20.252 GHz, Theta: 0, Phi: 0)


                      ------------------------------------------------------------------------------
2025-06-16 21:18:55     Matrix setup time        :	0 s
                        Solver setup             :	11 s
                        Degrees of freedom       :	226752
                        Number of mesh cells     :	35162

                        Stimulation port         :	Zmin
                        Mode number              :	1
                        Accuracy                 :	1.99683e-14
                        Iterations               :	1
                        Solver time              :	0 s


                      ------------------------------------------------------------------------------
2025-06-16 21:18:55     Total time               :	12 s

                      ------------------------------------------------------------------------------
2025-06-16 21:18:55   

                      ------------------------------------------------------------------------------
2025-06-16 21:18:55     Calculation 18 (Frequency: 27.104 GHz, Theta: 0, Phi: 0)


                      ------------------------------------------------------------------------------
2025-06-16 21:19:07     Matrix setup time        :	0 s
                        Solver setup             :	10 s
                        Degrees of freedom       :	226752
                        Number of mesh cells     :	35162

                        Stimulation port         :	Zmin
                        Mode number              :	1
                        Accuracy                 :	3.00423e-14
                        Iterations               :	1
                        Solver time              :	0 s


                      ------------------------------------------------------------------------------
2025-06-16 21:19:07     Total time               :	11 s

                      ------------------------------------------------------------------------------
2025-06-16 21:19:07   

                      ------------------------------------------------------------------------------
2025-06-16 21:19:07     Calculation 19 (Frequency: 25.688 GHz, Theta: 0, Phi: 0)


                      ------------------------------------------------------------------------------
2025-06-16 21:19:19     Matrix setup time        :	0 s
                        Solver setup             :	11 s
                        Degrees of freedom       :	226752
                        Number of mesh cells     :	35162

                        Stimulation port         :	Zmin
                        Mode number              :	1
                        Accuracy                 :	3.21921e-14
                        Iterations               :	1
                        Solver time              :	0 s


                      ------------------------------------------------------------------------------
2025-06-16 21:19:19     Total time               :	12 s

                      ------------------------------------------------------------------------------
2025-06-16 21:19:19   

                      ------------------------------------------------------------------------------
2025-06-16 21:19:19     Calculation 20 (Frequency: 26.384 GHz, Theta: 0, Phi: 0)


                      ------------------------------------------------------------------------------
2025-06-16 21:19:32     Matrix setup time        :	0 s
                        Solver setup             :	11 s
                        Degrees of freedom       :	226752
                        Number of mesh cells     :	35162

                        Stimulation port         :	Zmin
                        Mode number              :	1
                        Accuracy                 :	3.58462e-14
                        Iterations               :	1
                        Solver time              :	0 s


                      ------------------------------------------------------------------------------
2025-06-16 21:19:32     Total time               :	12 s

                      ------------------------------------------------------------------------------
2025-06-16 21:19:32   

                      ------------------------------------------------------------------------------
2025-06-16 21:19:32     Calculation 21 (Frequency: 31.676 GHz, Theta: 0, Phi: 0)


                      ------------------------------------------------------------------------------
2025-06-16 21:19:45     Matrix setup time        :	0 s
                        Solver setup             :	12 s
                        Degrees of freedom       :	226752
                        Number of mesh cells     :	35162

                        Stimulation port         :	Zmin
                        Mode number              :	1
                        Accuracy                 :	3.19944e-14
                        Iterations               :	1
                        Solver time              :	0 s


                      ------------------------------------------------------------------------------
2025-06-16 21:19:45     Total time               :	13 s

                      ------------------------------------------------------------------------------
2025-06-16 21:19:45   

                      ------------------------------------------------------------------------------
2025-06-16 21:19:45     Calculation 22 (Frequency: 28.184 GHz, Theta: 0, Phi: 0)


                      ------------------------------------------------------------------------------
2025-06-16 21:19:57     Matrix setup time        :	0 s
                        Solver setup             :	11 s
                        Degrees of freedom       :	226752
                        Number of mesh cells     :	35162

                        Stimulation port         :	Zmin
                        Mode number              :	1
                        Accuracy                 :	2.36581e-14
                        Iterations               :	1
                        Solver time              :	0 s


                      ------------------------------------------------------------------------------
2025-06-16 21:19:58     Total time               :	12 s

                      ------------------------------------------------------------------------------
2025-06-16 21:19:58   

                      ------------------------------------------------------------------------------
2025-06-16 21:19:58     Calculation 23 (Frequency: 26.804 GHz, Theta: 0, Phi: 0)


                      ------------------------------------------------------------------------------
2025-06-16 21:20:10     Matrix setup time        :	0 s
                        Solver setup             :	11 s
                        Degrees of freedom       :	226752
                        Number of mesh cells     :	35162

                        Stimulation port         :	Zmin
                        Mode number              :	1
                        Accuracy                 :	3.23396e-14
                        Iterations               :	1
                        Solver time              :	0 s


                      ------------------------------------------------------------------------------
2025-06-16 21:20:11     Total time               :	12 s

                      ------------------------------------------------------------------------------
2025-06-16 21:20:11   

                      ------------------------------------------------------------------------------
2025-06-16 21:20:11     Calculation 24 (Frequency: 24.308 GHz, Theta: 0, Phi: 0)


                      ------------------------------------------------------------------------------
2025-06-16 21:20:24     Matrix setup time        :	0 s
                        Solver setup             :	12 s
                        Degrees of freedom       :	226752
                        Number of mesh cells     :	35162

                        Stimulation port         :	Zmin
                        Mode number              :	1
                        Accuracy                 :	2.12138e-14
                        Iterations               :	1
                        Solver time              :	0 s


                      ------------------------------------------------------------------------------
2025-06-16 21:20:24     Total time               :	13 s

                      ------------------------------------------------------------------------------
2025-06-16 21:20:24   

                      ------------------------------------------------------------------------------
2025-06-16 21:20:24     Calculation 25 (Frequency: 28.46 GHz, Theta: 0, Phi: 0)


                      ------------------------------------------------------------------------------
2025-06-16 21:20:37     Matrix setup time        :	0 s
                        Solver setup             :	11 s
                        Degrees of freedom       :	226752
                        Number of mesh cells     :	35162

                        Stimulation port         :	Zmin
                        Mode number              :	1
                        Accuracy                 :	5.3923e-14
                        Iterations               :	1
                        Solver time              :	0 s


                      ------------------------------------------------------------------------------
2025-06-16 21:20:37     Total time               :	12 s

                      ------------------------------------------------------------------------------
2025-06-16 21:20:37   

                      ------------------------------------------------------------------------------
2025-06-16 21:20:37     Calculation 26 (Frequency: 22.916 GHz, Theta: 0, Phi: 0)


                      ------------------------------------------------------------------------------
2025-06-16 21:20:50     Matrix setup time        :	0 s
                        Solver setup             :	11 s
                        Degrees of freedom       :	226752
                        Number of mesh cells     :	35162

                        Stimulation port         :	Zmin
                        Mode number              :	1
                        Accuracy                 :	2.42288e-14
                        Iterations               :	1
                        Solver time              :	0 s


                      ------------------------------------------------------------------------------
2025-06-16 21:20:50     Total time               :	12 s

                      ------------------------------------------------------------------------------
2025-06-16 21:20:50   

                      ------------------------------------------------------------------------------
2025-06-16 21:20:50     Calculation 27 (Frequency: 29.876 GHz, Theta: 0, Phi: 0)


                      ------------------------------------------------------------------------------
2025-06-16 21:21:02     Matrix setup time        :	0 s
                        Solver setup             :	11 s
                        Degrees of freedom       :	226752
                        Number of mesh cells     :	35162

                        Stimulation port         :	Zmin
                        Mode number              :	1
                        Accuracy                 :	3.27838e-14
                        Iterations               :	1
                        Solver time              :	0 s


                      ------------------------------------------------------------------------------
2025-06-16 21:21:03     Total time               :	12 s

                      ------------------------------------------------------------------------------
2025-06-16 21:21:03   

                      ------------------------------------------------------------------------------
2025-06-16 21:21:03     Calculation 28 (Frequency: 28.916 GHz, Theta: 0, Phi: 0)


                      ------------------------------------------------------------------------------
2025-06-16 21:21:15     Matrix setup time        :	0 s
                        Solver setup             :	11 s
                        Degrees of freedom       :	226752
                        Number of mesh cells     :	35162

                        Stimulation port         :	Zmin
                        Mode number              :	1
                        Accuracy                 :	2.57697e-14
                        Iterations               :	1
                        Solver time              :	0 s


                      ------------------------------------------------------------------------------
2025-06-16 21:21:15     Total time               :	12 s

                      ------------------------------------------------------------------------------
2025-06-16 21:21:15   

                      ------------------------------------------------------------------------------
2025-06-16 21:21:15     Calculation 29 (Frequency: 27.824 GHz, Theta: 0, Phi: 0)


                      ------------------------------------------------------------------------------
2025-06-16 21:21:27     Matrix setup time        :	0 s
                        Solver setup             :	10 s
                        Degrees of freedom       :	226752
                        Number of mesh cells     :	35162

                        Stimulation port         :	Zmin
                        Mode number              :	1
                        Accuracy                 :	3.1883e-14
                        Iterations               :	1
                        Solver time              :	0 s


                      ------------------------------------------------------------------------------
2025-06-16 21:21:27     Total time               :	11 s

                      ------------------------------------------------------------------------------
2025-06-16 21:21:27   

                      ------------------------------------------------------------------------------
2025-06-16 21:21:27     Calculation 30 (Frequency: 21.284 GHz, Theta: 0, Phi: 0)


                      ------------------------------------------------------------------------------
2025-06-16 21:21:39     Matrix setup time        :	0 s
                        Solver setup             :	10 s
                        Degrees of freedom       :	226752
                        Number of mesh cells     :	35162

                        Stimulation port         :	Zmin
                        Mode number              :	1
                        Accuracy                 :	3.60313e-14
                        Iterations               :	1
                        Solver time              :	0 s


                      ------------------------------------------------------------------------------
2025-06-16 21:21:39     Total time               :	11 s

                      ------------------------------------------------------------------------------
2025-06-16 21:21:39   

                      ------------------------------------------------------------------------------
2025-06-16 21:21:39     Calculation 31 (Frequency: 30.104 GHz, Theta: 0, Phi: 0)


                      ------------------------------------------------------------------------------
2025-06-16 21:21:52     Matrix setup time        :	0 s
                        Solver setup             :	11 s
                        Degrees of freedom       :	226752
                        Number of mesh cells     :	35162

                        Stimulation port         :	Zmin
                        Mode number              :	1
                        Accuracy                 :	2.71782e-14
                        Iterations               :	1
                        Solver time              :	0 s


                      ------------------------------------------------------------------------------
2025-06-16 21:21:52     Total time               :	12 s

                      ------------------------------------------------------------------------------
2025-06-16 21:21:52   

                      ------------------------------------------------------------------------------
2025-06-16 21:21:52     Calculation 32 (Frequency: 29.732 GHz, Theta: 0, Phi: 0)


                      ------------------------------------------------------------------------------
2025-06-16 21:22:04     Matrix setup time        :	0 s
                        Solver setup             :	11 s
                        Degrees of freedom       :	226752
                        Number of mesh cells     :	35162

                        Stimulation port         :	Zmin
                        Mode number              :	1
                        Accuracy                 :	2.57269e-14
                        Iterations               :	1
                        Solver time              :	0 s


                      ------------------------------------------------------------------------------
2025-06-16 21:22:04     Total time               :	12 s

                      ------------------------------------------------------------------------------
2025-06-16 21:22:04   

                      ------------------------------------------------------------------------------
2025-06-16 21:22:04     Calculation 33 (Frequency: 27.524 GHz, Theta: 0, Phi: 0)


                      ------------------------------------------------------------------------------
2025-06-16 21:22:17     Matrix setup time        :	0 s
                        Solver setup             :	11 s
                        Degrees of freedom       :	226752
                        Number of mesh cells     :	35162

                        Stimulation port         :	Zmin
                        Mode number              :	1
                        Accuracy                 :	4.15735e-14
                        Iterations               :	1
                        Solver time              :	0 s


                      ------------------------------------------------------------------------------
2025-06-16 21:22:17     Total time               :	12 s

                      ------------------------------------------------------------------------------
2025-06-16 21:22:17   

                      ------------------------------------------------------------------------------
2025-06-16 21:22:17     Calculation 34 (Frequency: 27.956 GHz, Theta: 0, Phi: 0)


                      ------------------------------------------------------------------------------
2025-06-16 21:22:29     Matrix setup time        :	0 s
                        Solver setup             :	11 s
                        Degrees of freedom       :	226752
                        Number of mesh cells     :	35162

                        Stimulation port         :	Zmin
                        Mode number              :	1
                        Accuracy                 :	3.1563e-14
                        Iterations               :	1
                        Solver time              :	0 s


                      ------------------------------------------------------------------------------
2025-06-16 21:22:30     Total time               :	12 s

                      ------------------------------------------------------------------------------
2025-06-16 21:22:30   

                      ------------------------------------------------------------------------------
2025-06-16 21:22:30     Calculation 35 (Frequency: 28.28 GHz, Theta: 0, Phi: 0)


                      ------------------------------------------------------------------------------
2025-06-16 21:22:42     Matrix setup time        :	0 s
                        Solver setup             :	11 s
                        Degrees of freedom       :	226752
                        Number of mesh cells     :	35162

                        Stimulation port         :	Zmin
                        Mode number              :	1
                        Accuracy                 :	2.75885e-14
                        Iterations               :	1
                        Solver time              :	0 s


                      ------------------------------------------------------------------------------
2025-06-16 21:22:42     Total time               :	12 s

                      ------------------------------------------------------------------------------
2025-06-16 21:22:42   

                      ------------------------------------------------------------------------------
2025-06-16 21:22:42     Calculation 36 (Frequency: 29.588 GHz, Theta: 0, Phi: 0)


                      ------------------------------------------------------------------------------
2025-06-16 21:22:54     Matrix setup time        :	0 s
                        Solver setup             :	11 s
                        Degrees of freedom       :	226752
                        Number of mesh cells     :	35162

                        Stimulation port         :	Zmin
                        Mode number              :	1
                        Accuracy                 :	3.14521e-14
                        Iterations               :	1
                        Solver time              :	0 s


                      ------------------------------------------------------------------------------
2025-06-16 21:22:55     Total time               :	12 s

                      ------------------------------------------------------------------------------
2025-06-16 21:22:55   

                      ------------------------------------------------------------------------------
2025-06-16 21:22:55     Calculation 37 (Frequency: 30.476 GHz, Theta: 0, Phi: 0)


                      ------------------------------------------------------------------------------
2025-06-16 21:23:07     Matrix setup time        :	0 s
                        Solver setup             :	11 s
                        Degrees of freedom       :	226752
                        Number of mesh cells     :	35162

                        Stimulation port         :	Zmin
                        Mode number              :	1
                        Accuracy                 :	2.14938e-14
                        Iterations               :	1
                        Solver time              :	0 s


                      ------------------------------------------------------------------------------
2025-06-16 21:23:07     Total time               :	11 s

                      ------------------------------------------------------------------------------
2025-06-16 21:23:07   

                      ------------------------------------------------------------------------------
2025-06-16 21:23:07     Calculation 38 (Frequency: 20.876 GHz, Theta: 0, Phi: 0)


                      ------------------------------------------------------------------------------
2025-06-16 21:23:19     Matrix setup time        :	0 s
                        Solver setup             :	11 s
                        Degrees of freedom       :	226752
                        Number of mesh cells     :	35162

                        Stimulation port         :	Zmin
                        Mode number              :	1
                        Accuracy                 :	2.78934e-14
                        Iterations               :	1
                        Solver time              :	0 s


                      ------------------------------------------------------------------------------
2025-06-16 21:23:19     Total time               :	11 s

                      ------------------------------------------------------------------------------
2025-06-16 21:23:19   

                      ------------------------------------------------------------------------------
2025-06-16 21:23:19     Calculation 39 (Frequency: 20.516 GHz, Theta: 0, Phi: 0)


                      ------------------------------------------------------------------------------
2025-06-16 21:23:31     Matrix setup time        :	0 s
                        Solver setup             :	10 s
                        Degrees of freedom       :	226752
                        Number of mesh cells     :	35162

                        Stimulation port         :	Zmin
                        Mode number              :	1
                        Accuracy                 :	2.33272e-14
                        Iterations               :	1
                        Solver time              :	0 s


                      ------------------------------------------------------------------------------
2025-06-16 21:23:31     Total time               :	11 s

                      ------------------------------------------------------------------------------
2025-06-16 21:23:31   

                      ------------------------------------------------------------------------------
2025-06-16 21:23:31     Calculation 40 (Frequency: 30.788 GHz, Theta: 0, Phi: 0)


                      ------------------------------------------------------------------------------
2025-06-16 21:23:43     Matrix setup time        :	0 s
                        Solver setup             :	10 s
                        Degrees of freedom       :	226752
                        Number of mesh cells     :	35162

                        Stimulation port         :	Zmin
                        Mode number              :	1
                        Accuracy                 :	2.3102e-14
                        Iterations               :	1
                        Solver time              :	0 s


                      ------------------------------------------------------------------------------
2025-06-16 21:23:43     Total time               :	11 s

                      ------------------------------------------------------------------------------
2025-06-16 21:23:43   

                      ------------------------------------------------------------------------------
2025-06-16 21:23:43     Calculation 41 (Frequency: 31.94 GHz, Theta: 0, Phi: 0)


                      ------------------------------------------------------------------------------
2025-06-16 21:23:55     Matrix setup time        :	0 s
                        Solver setup             :	10 s
                        Degrees of freedom       :	226752
                        Number of mesh cells     :	35162

                        Stimulation port         :	Zmin
                        Mode number              :	1
                        Accuracy                 :	3.27457e-14
                        Iterations               :	1
                        Solver time              :	0 s


                      ------------------------------------------------------------------------------
2025-06-16 21:23:55     Total time               :	11 s

                      ------------------------------------------------------------------------------
2025-06-16 21:23:55   

                      ------------------------------------------------------------------------------
2025-06-16 21:23:55     Calculation 42 (Frequency: 31.508 GHz, Theta: 0, Phi: 0)


                      ------------------------------------------------------------------------------
2025-06-16 21:24:07     Matrix setup time        :	0 s
                        Solver setup             :	10 s
                        Degrees of freedom       :	226752
                        Number of mesh cells     :	35162

                        Stimulation port         :	Zmin
                        Mode number              :	1
                        Accuracy                 :	3.10565e-14
                        Iterations               :	1
                        Solver time              :	0 s


                      ------------------------------------------------------------------------------
2025-06-16 21:24:07     Total time               :	11 s

                      ------------------------------------------------------------------------------
2025-06-16 21:24:07   

                      ------------------------------------------------------------------------------
2025-06-16 21:24:07   Finished the general purpose interpolative broadband frequency sweep:
                      All broadband sweep convergence criteria have been satisfied after
                      calculating 42 frequency samples:

                        Broadband sweep error threshold value :  0.01 (All S-Parameters) 
                        Number of error criterion checks      :  2 (All S-Parameters) 
                        Minimum number of samples             :  3
                        Number of data samples, linear        :  1001

                      ------------------------------------------------------------------------------
2025-06-16 21:24:07     Number of mesh cells     :	35162
                        Degrees of freedom       :	224822
                        Total Solver Time        :	560 s	 (= 0 h, 09 m, 20 s)
                      ================================================================================



                      ------------------------------------------------------------------------------
2025-06-16 21:24:07     ----------------------------------------------------------------------------
                                            Peak memory used (kB)         Free physical memory (kB) 
                                                                          At begin     Minimum      
                        ----------------------------------------------------------------------------
                        Solver start        22316                         7337256      7336444      
                        Eq. system setup    4162504                       7318852      6344336      
                        Eq. system solve    4162504                       7261220      3202676      
                        Mesh refinement     2353932                       7073456      6798548      
                        Solver run total    4162504                       7337260      3202676      

                        Computer name       Tahsin
                        ----------------------------------------------------------------------------


                      ------------------------------------------------------------------------------
2025-06-16 21:24:07   Running postprocessing.

                      ------------------------------------------------------------------------------
2025-06-16 21:24:08   Postprocessing finished.

                      ------------------------------------------------------------------------------
