2025-04-05 20:30:30   *** Warning ***

                      Electric isotropic material [Copper (pure)] has a very high conductivity for
                      the given mesh. Depending on your configuration it may be better to use a lossy
                      metal type for this material. More...

                      ------------------------------------------------------------------------------
2025-04-05 20:30:30   In order to get an optimal performance, hyperthreading is ignored for parallel
                      computations.

                      ------------------------------------------------------------------------------
2025-04-05 20:30:32   Units settings: 

                        Dimensions: mm
                        Frequency:  GHz
                        Time:       s

                      ------------------------------------------------------------------------------
2025-04-05 20:30:32   Boundary conditions: 

                        YZsymmetry: none
                        XZsymmetry: none
                        XYsymmetry: none

                        Xmin: unit cell
                        Xmax: unit cell

                        Ymin: unit cell
                        Ymax: unit cell

                        Zmin: expanded open
                        Zmax: expanded open

                      ------------------------------------------------------------------------------
2025-04-05 20:30:32   Order settings: 

                        Solver order   : 2nd (constant)
                        Curved elements: up to order 3 (automatic)

                      ------------------------------------------------------------------------------
2025-04-05 20:30:33   An iterative solver will be used first.

                      ------------------------------------------------------------------------------
2025-04-05 20:30:33     Mesh time                :	1 s


                      ------------------------------------------------------------------------------
2025-04-05 20:30:33   
                      ================================================================================
                      Frequency Domain Solver calculation cycle started

                      ------------------------------------------------------------------------------
2025-04-05 20:30:33   Solver started at: 2025-04-05 20:30:33 +0600

                        Module:  Frequency Domain: S-Parameter (Win 64)
                        Version: 2024.1 Release from 2023-10-16 (change 1181985)

                      ------------------------------------------------------------------------------
2025-04-05 20:30:33   The low frequency stabilization is not applied to periodic problems.

                      ------------------------------------------------------------------------------
2025-04-05 20:30:33     Calculation 1 of 1 (Frequency: 32 GHz, Theta: 0, Phi: 0)


                      ------------------------------------------------------------------------------
2025-04-05 20:30:33   The wavelength based mesh refinement has been applied to 5.0% of all mesh edges.

                      ------------------------------------------------------------------------------
2025-04-05 20:30:33   For some elements the curvature had to be reduced to maintain the quality of the mesh. More...

                      ------------------------------------------------------------------------------
2025-04-05 20:30:33   Adaptive mesh refinement pass 1

                      ------------------------------------------------------------------------------
2025-04-05 20:30:39   *** Warning ***

2025-04-05 20:30:39   Detected possible stagnation of the iterative solver (5.208348e-02 after 250 iterations.)
                      Please consider aborting the solver run, and check your simulation setup.  More...

                      ------------------------------------------------------------------------------
2025-04-05 20:30:45   *** Warning ***

2025-04-05 20:30:45   The solver stopped because the maximum number of iterations (500, used for automatic solver choice) has been reached.

                      ------------------------------------------------------------------------------
2025-04-05 20:30:45   Solving again, but with the direct solver. Please consider forcing the direct solver in the solver special settings, and
                      check your simulation setup (for instance source and material definitions.)

                      ------------------------------------------------------------------------------
2025-04-05 20:30:46     Matrix setup time        :	0 s
                        Degrees of freedom       :	37266
                        Number of mesh cells     :	5685

                        Stimulation port         :	Zmin
                        Mode number              :	1
                        Accuracy                 :	9.34593e-14
                        Iterations               :	1
                        Solver time              :	0 s


                      ------------------------------------------------------------------------------
2025-04-05 20:30:46   24% of all mesh edges seem to be longer than expected. The adaptive mesh refinement's growth limitation will therefore 
                      use 13985 instead of 3830 mesh cells as a reference.

                      ------------------------------------------------------------------------------
2025-04-05 20:30:46   The wavelength based mesh refinement has been applied to 0.2% of all mesh edges.

                      ------------------------------------------------------------------------------
2025-04-05 20:30:47   For some elements the curvature had to be reduced to maintain the quality of the mesh. More...

                      ------------------------------------------------------------------------------
2025-04-05 20:30:47   Adaptive mesh refinement pass 2

                      ------------------------------------------------------------------------------
2025-04-05 20:30:49     Matrix setup time        :	0 s
                        Solver setup             :	1 s
                        Degrees of freedom       :	73644
                        Number of mesh cells     :	11396

                        Stimulation port         :	Zmin
                        Mode number              :	1
                        Accuracy                 :	5.06924e-14
                        Iterations               :	1
                        Solver time              :	0 s


                      ------------------------------------------------------------------------------
2025-04-05 20:30:50     Delta calculation        
2025-04-05 20:30:50     All S-Parameters         :	0.0667849
2025-04-05 20:30:50   

                      ------------------------------------------------------------------------------
2025-04-05 20:30:51   For some elements the curvature had to be slightly reduced to maintain the quality of the mesh. More...

                      ------------------------------------------------------------------------------
2025-04-05 20:30:51   Adaptive mesh refinement pass 3

                      ------------------------------------------------------------------------------
2025-04-05 20:30:56     Matrix setup time        :	0 s
                        Solver setup             :	4 s
                        Degrees of freedom       :	131444
                        Number of mesh cells     :	20474

                        Stimulation port         :	Zmin
                        Mode number              :	1
                        Accuracy                 :	2.48971e-14
                        Iterations               :	1
                        Solver time              :	0 s


                      ------------------------------------------------------------------------------
2025-04-05 20:30:56     Delta calculation        
2025-04-05 20:30:56     All S-Parameters         :	0.03554
2025-04-05 20:30:56   

                      ------------------------------------------------------------------------------
2025-04-05 20:30:58   Adaptive mesh refinement pass 4

                      ------------------------------------------------------------------------------
2025-04-05 20:31:07     Matrix setup time        :	0 s
                        Solver setup             :	8 s
                        Degrees of freedom       :	209402
                        Number of mesh cells     :	32671

                        Stimulation port         :	Zmin
                        Mode number              :	1
                        Accuracy                 :	2.99695e-14
                        Iterations               :	1
                        Solver time              :	0 s


                      ------------------------------------------------------------------------------
2025-04-05 20:31:07     Delta calculation        
2025-04-05 20:31:07     All S-Parameters         :	0.0230999
2025-04-05 20:31:07   

                      ------------------------------------------------------------------------------
2025-04-05 20:31:11   Adaptive mesh refinement pass 5

                      ------------------------------------------------------------------------------
2025-04-05 20:31:29     Matrix setup time        :	1 s
                        Solver setup             :	16 s
                        Degrees of freedom       :	320262
                        Number of mesh cells     :	49995

                        Stimulation port         :	Zmin
                        Mode number              :	1
                        Accuracy                 :	4.22071e-14
                        Iterations               :	1
                        Solver time              :	0 s


                      ------------------------------------------------------------------------------
2025-04-05 20:31:30     Delta calculation        
2025-04-05 20:31:30     All S-Parameters         :	0.00735469
2025-04-05 20:31:30   

                      ------------------------------------------------------------------------------
2025-04-05 20:31:30   Mesh adaptation terminated because the desired accuracy limit is reached.

                      ------------------------------------------------------------------------------
2025-04-05 20:31:30   *** Warning ***

2025-04-05 20:31:30   At least one propagating Floquet mode is not considered at port Zmin. Please increase the number of modes at this port. 
                      More...

                      ------------------------------------------------------------------------------
2025-04-05 20:31:30   *** Warning ***

2025-04-05 20:31:30   At least one propagating Floquet mode is not considered at port Zmax. Please increase the number of modes at this port. 
                      More...

                      ------------------------------------------------------------------------------
2025-04-05 20:31:30     Total time               :	57 s

                      ------------------------------------------------------------------------------
2025-04-05 20:31:30   

                      ------------------------------------------------------------------------------
2025-04-05 20:31:30     Calculation 2 (Frequency: 20 GHz, Theta: 0, Phi: 0)


                      ------------------------------------------------------------------------------
2025-04-05 20:31:45     Matrix setup time        :	0 s
                        Solver setup             :	13 s
                        Degrees of freedom       :	320262
                        Number of mesh cells     :	49995

                        Stimulation port         :	Zmin
                        Mode number              :	1
                        Accuracy                 :	4.19909e-14
                        Iterations               :	1
                        Solver time              :	0 s


                      ------------------------------------------------------------------------------
2025-04-05 20:31:45     Total time               :	14 s

                      ------------------------------------------------------------------------------
2025-04-05 20:31:45   

                      ------------------------------------------------------------------------------
2025-04-05 20:31:45     Calculation 3 (Frequency: 26 GHz, Theta: 0, Phi: 0)


                      ------------------------------------------------------------------------------
2025-04-05 20:32:00     Matrix setup time        :	0 s
                        Solver setup             :	13 s
                        Degrees of freedom       :	320262
                        Number of mesh cells     :	49995

                        Stimulation port         :	Zmin
                        Mode number              :	1
                        Accuracy                 :	2.01217e-14
                        Iterations               :	1
                        Solver time              :	0 s


                      ------------------------------------------------------------------------------
2025-04-05 20:32:00     Total time               :	14 s

                      ------------------------------------------------------------------------------
2025-04-05 20:32:00   

                      ------------------------------------------------------------------------------
2025-04-05 20:32:00     Calculation 4 (Frequency: 29 GHz, Theta: 0, Phi: 0)


                      ------------------------------------------------------------------------------
2025-04-05 20:32:14     Matrix setup time        :	0 s
                        Solver setup             :	13 s
                        Degrees of freedom       :	320262
                        Number of mesh cells     :	49995

                        Stimulation port         :	Zmin
                        Mode number              :	1
                        Accuracy                 :	3.32117e-14
                        Iterations               :	1
                        Solver time              :	0 s


                      ------------------------------------------------------------------------------
2025-04-05 20:32:14     Total time               :	14 s

                      ------------------------------------------------------------------------------
2025-04-05 20:32:14   

                      ------------------------------------------------------------------------------
2025-04-05 20:32:14     Calculation 5 (Frequency: 23.492 GHz, Theta: 0, Phi: 0)


                      ------------------------------------------------------------------------------
2025-04-05 20:32:29     Matrix setup time        :	0 s
                        Solver setup             :	13 s
                        Degrees of freedom       :	320262
                        Number of mesh cells     :	49995

                        Stimulation port         :	Zmin
                        Mode number              :	1
                        Accuracy                 :	1.73976e-14
                        Iterations               :	1
                        Solver time              :	0 s


                      ------------------------------------------------------------------------------
2025-04-05 20:32:29     Total time               :	15 s

                      ------------------------------------------------------------------------------
2025-04-05 20:32:29   

                      ------------------------------------------------------------------------------
2025-04-05 20:32:30     Calculation 6 (Frequency: 27.644 GHz, Theta: 0, Phi: 0)


                      ------------------------------------------------------------------------------
2025-04-05 20:32:45     Matrix setup time        :	0 s
                        Solver setup             :	14 s
                        Degrees of freedom       :	320262
                        Number of mesh cells     :	49995

                        Stimulation port         :	Zmin
                        Mode number              :	1
                        Accuracy                 :	3.18617e-14
                        Iterations               :	1
                        Solver time              :	0 s


                      ------------------------------------------------------------------------------
2025-04-05 20:32:45     Total time               :	15 s

                      ------------------------------------------------------------------------------
2025-04-05 20:32:45   

                      ------------------------------------------------------------------------------
2025-04-05 20:32:45     Calculation 7 (Frequency: 22.28 GHz, Theta: 0, Phi: 0)


                      ------------------------------------------------------------------------------
2025-04-05 20:32:59     Matrix setup time        :	0 s
                        Solver setup             :	13 s
                        Degrees of freedom       :	320262
                        Number of mesh cells     :	49995

                        Stimulation port         :	Zmin
                        Mode number              :	1
                        Accuracy                 :	4.23167e-14
                        Iterations               :	1
                        Solver time              :	0 s


                      ------------------------------------------------------------------------------
2025-04-05 20:33:00     Total time               :	14 s

                      ------------------------------------------------------------------------------
2025-04-05 20:33:00   

                      ------------------------------------------------------------------------------
2025-04-05 20:33:00     Calculation 8 (Frequency: 27.224 GHz, Theta: 0, Phi: 0)


                      ------------------------------------------------------------------------------
2025-04-05 20:33:14     Matrix setup time        :	0 s
                        Solver setup             :	13 s
                        Degrees of freedom       :	320262
                        Number of mesh cells     :	49995

                        Stimulation port         :	Zmin
                        Mode number              :	1
                        Accuracy                 :	3.26978e-14
                        Iterations               :	1
                        Solver time              :	0 s


                      ------------------------------------------------------------------------------
2025-04-05 20:33:14     Total time               :	14 s

                      ------------------------------------------------------------------------------
2025-04-05 20:33:14   

                      ------------------------------------------------------------------------------
2025-04-05 20:33:14     Calculation 9 (Frequency: 21.368 GHz, Theta: 0, Phi: 0)


                      ------------------------------------------------------------------------------
2025-04-05 20:33:29     Matrix setup time        :	0 s
                        Solver setup             :	13 s
                        Degrees of freedom       :	320262
                        Number of mesh cells     :	49995

                        Stimulation port         :	Zmin
                        Mode number              :	1
                        Accuracy                 :	4.93172e-14
                        Iterations               :	1
                        Solver time              :	0 s


                      ------------------------------------------------------------------------------
2025-04-05 20:33:29     Total time               :	14 s

                      ------------------------------------------------------------------------------
2025-04-05 20:33:29   

                      ------------------------------------------------------------------------------
2025-04-05 20:33:29     Calculation 10 (Frequency: 30.224 GHz, Theta: 0, Phi: 0)


                      ------------------------------------------------------------------------------
2025-04-05 20:33:43     Matrix setup time        :	0 s
                        Solver setup             :	13 s
                        Degrees of freedom       :	320262
                        Number of mesh cells     :	49995

                        Stimulation port         :	Zmin
                        Mode number              :	1
                        Accuracy                 :	5.51285e-14
                        Iterations               :	1
                        Solver time              :	0 s


                      ------------------------------------------------------------------------------
2025-04-05 20:33:44     Total time               :	14 s

                      ------------------------------------------------------------------------------
2025-04-05 20:33:44   

                      ------------------------------------------------------------------------------
2025-04-05 20:33:44     Calculation 11 (Frequency: 20.888 GHz, Theta: 0, Phi: 0)


                      ------------------------------------------------------------------------------
2025-04-05 20:33:58     Matrix setup time        :	0 s
                        Solver setup             :	13 s
                        Degrees of freedom       :	320262
                        Number of mesh cells     :	49995

                        Stimulation port         :	Zmin
                        Mode number              :	1
                        Accuracy                 :	3.96932e-14
                        Iterations               :	1
                        Solver time              :	0 s


                      ------------------------------------------------------------------------------
2025-04-05 20:33:58     Total time               :	14 s

                      ------------------------------------------------------------------------------
2025-04-05 20:33:58   

                      ------------------------------------------------------------------------------
2025-04-05 20:33:58     Calculation 12 (Frequency: 31.136 GHz, Theta: 0, Phi: 0)


                      ------------------------------------------------------------------------------
2025-04-05 20:34:13     Matrix setup time        :	0 s
                        Solver setup             :	13 s
                        Degrees of freedom       :	320262
                        Number of mesh cells     :	49995

                        Stimulation port         :	Zmin
                        Mode number              :	1
                        Accuracy                 :	9.29724e-14
                        Iterations               :	1
                        Solver time              :	0 s


                      ------------------------------------------------------------------------------
2025-04-05 20:34:13     Total time               :	14 s

                      ------------------------------------------------------------------------------
2025-04-05 20:34:13   

                      ------------------------------------------------------------------------------
2025-04-05 20:34:13     Calculation 13 (Frequency: 20.468 GHz, Theta: 0, Phi: 0)


                      ------------------------------------------------------------------------------
2025-04-05 20:34:28     Matrix setup time        :	0 s
                        Solver setup             :	13 s
                        Degrees of freedom       :	320262
                        Number of mesh cells     :	49995

                        Stimulation port         :	Zmin
                        Mode number              :	1
                        Accuracy                 :	4.02955e-14
                        Iterations               :	1
                        Solver time              :	0 s


                      ------------------------------------------------------------------------------
2025-04-05 20:34:28     Total time               :	14 s

                      ------------------------------------------------------------------------------
2025-04-05 20:34:28   

                      ------------------------------------------------------------------------------
2025-04-05 20:34:28     Calculation 14 (Frequency: 21.08 GHz, Theta: 0, Phi: 0)


                      ------------------------------------------------------------------------------
2025-04-05 20:34:43     Matrix setup time        :	0 s
                        Solver setup             :	13 s
                        Degrees of freedom       :	320262
                        Number of mesh cells     :	49995

                        Stimulation port         :	Zmin
                        Mode number              :	1
                        Accuracy                 :	3.68052e-14
                        Iterations               :	1
                        Solver time              :	0 s


                      ------------------------------------------------------------------------------
2025-04-05 20:34:43     Total time               :	14 s

                      ------------------------------------------------------------------------------
2025-04-05 20:34:43   

                      ------------------------------------------------------------------------------
2025-04-05 20:34:43     Calculation 15 (Frequency: 21.812 GHz, Theta: 0, Phi: 0)


                      ------------------------------------------------------------------------------
2025-04-05 20:34:58     Matrix setup time        :	0 s
                        Solver setup             :	14 s
                        Degrees of freedom       :	320262
                        Number of mesh cells     :	49995

                        Stimulation port         :	Zmin
                        Mode number              :	1
                        Accuracy                 :	3.55552e-14
                        Iterations               :	1
                        Solver time              :	0 s


                      ------------------------------------------------------------------------------
2025-04-05 20:34:59     Total time               :	15 s

                      ------------------------------------------------------------------------------
2025-04-05 20:34:59   

                      ------------------------------------------------------------------------------
2025-04-05 20:34:59     Calculation 16 (Frequency: 22.712 GHz, Theta: 0, Phi: 0)


                      ------------------------------------------------------------------------------
2025-04-05 20:35:14     Matrix setup time        :	0 s
                        Solver setup             :	14 s
                        Degrees of freedom       :	320262
                        Number of mesh cells     :	49995

                        Stimulation port         :	Zmin
                        Mode number              :	1
                        Accuracy                 :	3.52014e-14
                        Iterations               :	1
                        Solver time              :	0 s


                      ------------------------------------------------------------------------------
2025-04-05 20:35:14     Total time               :	15 s

                      ------------------------------------------------------------------------------
2025-04-05 20:35:14   

                      ------------------------------------------------------------------------------
2025-04-05 20:35:14     Calculation 17 (Frequency: 24.704 GHz, Theta: 0, Phi: 0)


                      ------------------------------------------------------------------------------
2025-04-05 20:35:30     Matrix setup time        :	0 s
                        Solver setup             :	14 s
                        Degrees of freedom       :	320262
                        Number of mesh cells     :	49995

                        Stimulation port         :	Zmin
                        Mode number              :	1
                        Accuracy                 :	2.73958e-14
                        Iterations               :	1
                        Solver time              :	0 s


                      ------------------------------------------------------------------------------
2025-04-05 20:35:30     Total time               :	15 s

                      ------------------------------------------------------------------------------
2025-04-05 20:35:30   

                      ------------------------------------------------------------------------------
2025-04-05 20:35:30     Calculation 18 (Frequency: 26.612 GHz, Theta: 0, Phi: 0)


                      ------------------------------------------------------------------------------
2025-04-05 20:35:46     Matrix setup time        :	0 s
                        Solver setup             :	14 s
                        Degrees of freedom       :	320262
                        Number of mesh cells     :	49995

                        Stimulation port         :	Zmin
                        Mode number              :	1
                        Accuracy                 :	2.4332e-14
                        Iterations               :	1
                        Solver time              :	0 s


                      ------------------------------------------------------------------------------
2025-04-05 20:35:46     Total time               :	15 s

                      ------------------------------------------------------------------------------
2025-04-05 20:35:46   

                      ------------------------------------------------------------------------------
2025-04-05 20:35:46     Calculation 19 (Frequency: 23.204 GHz, Theta: 0, Phi: 0)


                      ------------------------------------------------------------------------------
2025-04-05 20:36:02     Matrix setup time        :	0 s
                        Solver setup             :	14 s
                        Degrees of freedom       :	320262
                        Number of mesh cells     :	49995

                        Stimulation port         :	Zmin
                        Mode number              :	1
                        Accuracy                 :	5.12244e-14
                        Iterations               :	1
                        Solver time              :	0 s


                      ------------------------------------------------------------------------------
2025-04-05 20:36:03     Total time               :	15 s

                      ------------------------------------------------------------------------------
2025-04-05 20:36:03   

                      ------------------------------------------------------------------------------
2025-04-05 20:36:03     Calculation 20 (Frequency: 26.516 GHz, Theta: 0, Phi: 0)


                      ------------------------------------------------------------------------------
2025-04-05 20:36:18     Matrix setup time        :	0 s
                        Solver setup             :	14 s
                        Degrees of freedom       :	320262
                        Number of mesh cells     :	49995

                        Stimulation port         :	Zmin
                        Mode number              :	1
                        Accuracy                 :	2.99929e-14
                        Iterations               :	1
                        Solver time              :	0 s


                      ------------------------------------------------------------------------------
2025-04-05 20:36:18     Total time               :	15 s

                      ------------------------------------------------------------------------------
2025-04-05 20:36:18   

                      ------------------------------------------------------------------------------
2025-04-05 20:36:18     Calculation 21 (Frequency: 25.676 GHz, Theta: 0, Phi: 0)


                      ------------------------------------------------------------------------------
2025-04-05 20:36:34     Matrix setup time        :	0 s
                        Solver setup             :	14 s
                        Degrees of freedom       :	320262
                        Number of mesh cells     :	49995

                        Stimulation port         :	Zmin
                        Mode number              :	1
                        Accuracy                 :	3.12113e-14
                        Iterations               :	1
                        Solver time              :	0 s


                      ------------------------------------------------------------------------------
2025-04-05 20:36:34     Total time               :	15 s

                      ------------------------------------------------------------------------------
2025-04-05 20:36:34   

                      ------------------------------------------------------------------------------
2025-04-05 20:36:34     Calculation 22 (Frequency: 27.044 GHz, Theta: 0, Phi: 0)


                      ------------------------------------------------------------------------------
2025-04-05 20:36:51     Matrix setup time        :	0 s
                        Solver setup             :	15 s
                        Degrees of freedom       :	320262
                        Number of mesh cells     :	49995

                        Stimulation port         :	Zmin
                        Mode number              :	1
                        Accuracy                 :	3.48461e-14
                        Iterations               :	1
                        Solver time              :	0 s


                      ------------------------------------------------------------------------------
2025-04-05 20:36:51     Total time               :	16 s

                      ------------------------------------------------------------------------------
2025-04-05 20:36:51   

                      ------------------------------------------------------------------------------
2025-04-05 20:36:51     Calculation 23 (Frequency: 25.1 GHz, Theta: 0, Phi: 0)


                      ------------------------------------------------------------------------------
2025-04-05 20:37:07     Matrix setup time        :	0 s
                        Solver setup             :	15 s
                        Degrees of freedom       :	320262
                        Number of mesh cells     :	49995

                        Stimulation port         :	Zmin
                        Mode number              :	1
                        Accuracy                 :	2.82968e-14
                        Iterations               :	1
                        Solver time              :	0 s


                      ------------------------------------------------------------------------------
2025-04-05 20:37:08     Total time               :	16 s

                      ------------------------------------------------------------------------------
2025-04-05 20:37:08   

                      ------------------------------------------------------------------------------
2025-04-05 20:37:08     Calculation 24 (Frequency: 23.864 GHz, Theta: 0, Phi: 0)


                      ------------------------------------------------------------------------------
2025-04-05 20:37:24     Matrix setup time        :	0 s
                        Solver setup             :	15 s
                        Degrees of freedom       :	320262
                        Number of mesh cells     :	49995

                        Stimulation port         :	Zmin
                        Mode number              :	1
                        Accuracy                 :	2.08829e-14
                        Iterations               :	1
                        Solver time              :	0 s


                      ------------------------------------------------------------------------------
2025-04-05 20:37:24     Total time               :	16 s

                      ------------------------------------------------------------------------------
2025-04-05 20:37:24   

                      ------------------------------------------------------------------------------
2025-04-05 20:37:24     Calculation 25 (Frequency: 27.848 GHz, Theta: 0, Phi: 0)


                      ------------------------------------------------------------------------------
2025-04-05 20:37:40     Matrix setup time        :	0 s
                        Solver setup             :	14 s
                        Degrees of freedom       :	320262
                        Number of mesh cells     :	49995

                        Stimulation port         :	Zmin
                        Mode number              :	1
                        Accuracy                 :	5.92781e-14
                        Iterations               :	1
                        Solver time              :	0 s


                      ------------------------------------------------------------------------------
2025-04-05 20:37:41     Total time               :	16 s

                      ------------------------------------------------------------------------------
2025-04-05 20:37:41   

                      ------------------------------------------------------------------------------
2025-04-05 20:37:41     Calculation 26 (Frequency: 29.504 GHz, Theta: 0, Phi: 0)


                      ------------------------------------------------------------------------------
2025-04-05 20:37:57     Matrix setup time        :	0 s
                        Solver setup             :	15 s
                        Degrees of freedom       :	320262
                        Number of mesh cells     :	49995

                        Stimulation port         :	Zmin
                        Mode number              :	1
                        Accuracy                 :	3.82006e-14
                        Iterations               :	1
                        Solver time              :	0 s


                      ------------------------------------------------------------------------------
2025-04-05 20:37:57     Total time               :	16 s

                      ------------------------------------------------------------------------------
2025-04-05 20:37:57   

                      ------------------------------------------------------------------------------
2025-04-05 20:37:57     Calculation 27 (Frequency: 28.412 GHz, Theta: 0, Phi: 0)


                      ------------------------------------------------------------------------------
2025-04-05 20:38:13     Matrix setup time        :	0 s
                        Solver setup             :	15 s
                        Degrees of freedom       :	320262
                        Number of mesh cells     :	49995

                        Stimulation port         :	Zmin
                        Mode number              :	1
                        Accuracy                 :	2.27913e-14
                        Iterations               :	1
                        Solver time              :	0 s


                      ------------------------------------------------------------------------------
2025-04-05 20:38:13     Total time               :	16 s

                      ------------------------------------------------------------------------------
2025-04-05 20:38:13   

                      ------------------------------------------------------------------------------
2025-04-05 20:38:13     Calculation 28 (Frequency: 31.556 GHz, Theta: 0, Phi: 0)


                      ------------------------------------------------------------------------------
2025-04-05 20:38:29     Matrix setup time        :	0 s
                        Solver setup             :	14 s
                        Degrees of freedom       :	320262
                        Number of mesh cells     :	49995

                        Stimulation port         :	Zmin
                        Mode number              :	1
                        Accuracy                 :	4.46057e-14
                        Iterations               :	1
                        Solver time              :	0 s


                      ------------------------------------------------------------------------------
2025-04-05 20:38:30     Total time               :	16 s

                      ------------------------------------------------------------------------------
2025-04-05 20:38:30   

                      ------------------------------------------------------------------------------
2025-04-05 20:38:30     Calculation 29 (Frequency: 29.828 GHz, Theta: 0, Phi: 0)


                      ------------------------------------------------------------------------------
2025-04-05 20:38:46     Matrix setup time        :	0 s
                        Solver setup             :	15 s
                        Degrees of freedom       :	320262
                        Number of mesh cells     :	49995

                        Stimulation port         :	Zmin
                        Mode number              :	1
                        Accuracy                 :	2.54166e-14
                        Iterations               :	1
                        Solver time              :	0 s


                      ------------------------------------------------------------------------------
2025-04-05 20:38:46     Total time               :	16 s

                      ------------------------------------------------------------------------------
2025-04-05 20:38:46   

                      ------------------------------------------------------------------------------
2025-04-05 20:38:46     Calculation 30 (Frequency: 30.5 GHz, Theta: 0, Phi: 0)


                      ------------------------------------------------------------------------------
2025-04-05 20:39:02     Matrix setup time        :	0 s
                        Solver setup             :	14 s
                        Degrees of freedom       :	320262
                        Number of mesh cells     :	49995

                        Stimulation port         :	Zmin
                        Mode number              :	1
                        Accuracy                 :	4.00414e-14
                        Iterations               :	1
                        Solver time              :	0 s


                      ------------------------------------------------------------------------------
2025-04-05 20:39:02     Total time               :	15 s

                      ------------------------------------------------------------------------------
2025-04-05 20:39:02   

                      ------------------------------------------------------------------------------
2025-04-05 20:39:02     Calculation 31 (Frequency: 30.104 GHz, Theta: 0, Phi: 0)


                      ------------------------------------------------------------------------------
2025-04-05 20:39:18     Matrix setup time        :	0 s
                        Solver setup             :	14 s
                        Degrees of freedom       :	320262
                        Number of mesh cells     :	49995

                        Stimulation port         :	Zmin
                        Mode number              :	1
                        Accuracy                 :	4.55218e-14
                        Iterations               :	1
                        Solver time              :	0 s


                      ------------------------------------------------------------------------------
2025-04-05 20:39:18     Total time               :	15 s

                      ------------------------------------------------------------------------------
2025-04-05 20:39:18   

                      ------------------------------------------------------------------------------
2025-04-05 20:39:18   Finished the general purpose interpolative broadband frequency sweep:
                      All broadband sweep convergence criteria have been satisfied after
                      calculating 31 frequency samples:

                        Broadband sweep error threshold value :  0.01 (All S-Parameters) 
                        Number of error criterion checks      :  2 (All S-Parameters) 
                        Minimum number of samples             :  3
                        Number of data samples, linear        :  1001

                      ------------------------------------------------------------------------------
2025-04-05 20:39:18     Number of mesh cells     :	49995
                        Degrees of freedom       :	318764
                        Total Solver Time        :	526 s	 (= 0 h, 08 m, 46 s)
                      ================================================================================



                      ------------------------------------------------------------------------------
2025-04-05 20:39:18     ----------------------------------------------------------------------------
                                            Peak memory used (kB)         Free physical memory (kB) 
                                                                          At begin     Minimum      
                        ----------------------------------------------------------------------------
                        Solver start        21992                         8398728      8397924      
                        Eq. system setup    5616248                       8352240      6837152      
                        Eq. system solve    5616248                       8313668      2477416      
                        Mesh refinement     3480068                       8134788      7226320      
                        Solver run total    5616248                       8398732      2477416      

                        Computer name       Tahsin
                        ----------------------------------------------------------------------------


                      ------------------------------------------------------------------------------
2025-04-05 20:39:18   Running postprocessing.

                      ------------------------------------------------------------------------------
2025-04-05 20:39:19   Postprocessing finished.

                      ------------------------------------------------------------------------------
