2025-04-06 13:20:35   *** Warning ***

                      Electric isotropic material [Copper (pure)] has a very high conductivity for
                      the given mesh. Depending on your configuration it may be better to use a lossy
                      metal type for this material. More...

                      ------------------------------------------------------------------------------
2025-04-06 13:20:35   In order to get an optimal performance, hyperthreading is ignored for parallel
                      computations.

                      ------------------------------------------------------------------------------
2025-04-06 13:20:37   Units settings: 

                        Dimensions: mm
                        Frequency:  GHz
                        Time:       s

                      ------------------------------------------------------------------------------
2025-04-06 13:20:37   Boundary conditions: 

                        YZsymmetry: none
                        XZsymmetry: none
                        XYsymmetry: none

                        Xmin: unit cell
                        Xmax: unit cell

                        Ymin: unit cell
                        Ymax: unit cell

                        Zmin: expanded open
                        Zmax: expanded open

                      ------------------------------------------------------------------------------
2025-04-06 13:20:37   Order settings: 

                        Solver order   : 2nd (constant)
                        Curved elements: up to order 3 (automatic)

                      ------------------------------------------------------------------------------
2025-04-06 13:20:37   An iterative solver will be used first.

                      ------------------------------------------------------------------------------
2025-04-06 13:20:37     Mesh time                :	1 s


                      ------------------------------------------------------------------------------
2025-04-06 13:20:37   
                      ================================================================================
                      Frequency Domain Solver calculation cycle started

                      ------------------------------------------------------------------------------
2025-04-06 13:20:37   Solver started at: 2025-04-06 13:20:37 +0600

                        Module:  Frequency Domain: S-Parameter (Win 64)
                        Version: 2024.1 Release from 2023-10-16 (change 1181985)

                      ------------------------------------------------------------------------------
2025-04-06 13:20:37   The low frequency stabilization is not applied to periodic problems.

                      ------------------------------------------------------------------------------
2025-04-06 13:20:37     Calculation 1 of 1 (Frequency: 32 GHz, Theta: 0, Phi: 0)


                      ------------------------------------------------------------------------------
2025-04-06 13:20:37   The wavelength based mesh refinement has been applied to 5.0% of all mesh edges.

                      ------------------------------------------------------------------------------
2025-04-06 13:20:38   For some elements the curvature had to be reduced to maintain the quality of the mesh. More...

                      ------------------------------------------------------------------------------
2025-04-06 13:20:38   Adaptive mesh refinement pass 1

                      ------------------------------------------------------------------------------
2025-04-06 13:20:44   *** Warning ***

2025-04-06 13:20:44   Detected possible stagnation of the iterative solver (5.014074e-02 after 250 iterations.)
                      Please consider aborting the solver run, and check your simulation setup.  More...

                      ------------------------------------------------------------------------------
2025-04-06 13:20:49   *** Warning ***

2025-04-06 13:20:49   The solver stopped because the maximum number of iterations (500, used for automatic solver choice) has been reached.

                      ------------------------------------------------------------------------------
2025-04-06 13:20:49   Solving again, but with the direct solver. Please consider forcing the direct solver in the solver special settings, and
                      check your simulation setup (for instance source and material definitions.)

                      ------------------------------------------------------------------------------
2025-04-06 13:20:50     Matrix setup time        :	0 s
                        Degrees of freedom       :	37548
                        Number of mesh cells     :	5728

                        Stimulation port         :	Zmin
                        Mode number              :	1
                        Accuracy                 :	9.54233e-14
                        Iterations               :	1
                        Solver time              :	0 s


                      ------------------------------------------------------------------------------
2025-04-06 13:20:50   23% of all mesh edges seem to be longer than expected. The adaptive mesh refinement's growth limitation will therefore 
                      use 13874 instead of 3873 mesh cells as a reference.

                      ------------------------------------------------------------------------------
2025-04-06 13:20:50   The wavelength based mesh refinement has been applied to 0.1% of all mesh edges.

                      ------------------------------------------------------------------------------
2025-04-06 13:20:51   For some elements the curvature had to be reduced to maintain the quality of the mesh. More...

                      ------------------------------------------------------------------------------
2025-04-06 13:20:51   Adaptive mesh refinement pass 2

                      ------------------------------------------------------------------------------
2025-04-06 13:20:54     Matrix setup time        :	0 s
                        Solver setup             :	2 s
                        Degrees of freedom       :	71866
                        Number of mesh cells     :	11121

                        Stimulation port         :	Zmin
                        Mode number              :	1
                        Accuracy                 :	6.30096e-14
                        Iterations               :	1
                        Solver time              :	0 s


                      ------------------------------------------------------------------------------
2025-04-06 13:20:54     Delta calculation        
2025-04-06 13:20:54     All S-Parameters         :	0.103335
2025-04-06 13:20:54   

                      ------------------------------------------------------------------------------
2025-04-06 13:20:55   For some elements the curvature had to be reduced to maintain the quality of the mesh. More...

                      ------------------------------------------------------------------------------
2025-04-06 13:20:55   Adaptive mesh refinement pass 3

                      ------------------------------------------------------------------------------
2025-04-06 13:20:59     Matrix setup time        :	0 s
                        Solver setup             :	3 s
                        Degrees of freedom       :	124908
                        Number of mesh cells     :	19444

                        Stimulation port         :	Zmin
                        Mode number              :	1
                        Accuracy                 :	5.03599e-14
                        Iterations               :	1
                        Solver time              :	0 s


                      ------------------------------------------------------------------------------
2025-04-06 13:21:00     Delta calculation        
2025-04-06 13:21:00     All S-Parameters         :	0.0440959
2025-04-06 13:21:00   

                      ------------------------------------------------------------------------------
2025-04-06 13:21:01   For some elements the curvature had to be slightly reduced to maintain the quality of the mesh. More...

                      ------------------------------------------------------------------------------
2025-04-06 13:21:02   Adaptive mesh refinement pass 4

                      ------------------------------------------------------------------------------
2025-04-06 13:21:11     Matrix setup time        :	0 s
                        Solver setup             :	8 s
                        Degrees of freedom       :	217028
                        Number of mesh cells     :	33845

                        Stimulation port         :	Zmin
                        Mode number              :	1
                        Accuracy                 :	2.65532e-14
                        Iterations               :	1
                        Solver time              :	0 s


                      ------------------------------------------------------------------------------
2025-04-06 13:21:11     Delta calculation        
2025-04-06 13:21:11     All S-Parameters         :	0.0345154
2025-04-06 13:21:11   

                      ------------------------------------------------------------------------------
2025-04-06 13:21:14   Adaptive mesh refinement pass 5

                      ------------------------------------------------------------------------------
2025-04-06 13:21:31     Matrix setup time        :	1 s
                        Solver setup             :	15 s
                        Degrees of freedom       :	335760
                        Number of mesh cells     :	52427

                        Stimulation port         :	Zmin
                        Mode number              :	1
                        Accuracy                 :	4.97351e-14
                        Iterations               :	1
                        Solver time              :	0 s


                      ------------------------------------------------------------------------------
2025-04-06 13:21:32     Delta calculation        
2025-04-06 13:21:32     All S-Parameters         :	0.0157975
2025-04-06 13:21:32   

                      ------------------------------------------------------------------------------
2025-04-06 13:21:32   Mesh adaptation terminated because the desired accuracy limit is reached.

                      ------------------------------------------------------------------------------
2025-04-06 13:21:32   *** Warning ***

2025-04-06 13:21:32   At least one propagating Floquet mode is not considered at port Zmin. Please increase the number of modes at this port. 
                      More...

                      ------------------------------------------------------------------------------
2025-04-06 13:21:32   *** Warning ***

2025-04-06 13:21:32   At least one propagating Floquet mode is not considered at port Zmax. Please increase the number of modes at this port. 
                      More...

                      ------------------------------------------------------------------------------
2025-04-06 13:21:32     Total time               :	54 s

                      ------------------------------------------------------------------------------
2025-04-06 13:21:32   

                      ------------------------------------------------------------------------------
2025-04-06 13:21:32     Calculation 2 (Frequency: 20 GHz, Theta: 0, Phi: 0)


                      ------------------------------------------------------------------------------
2025-04-06 13:21:46     Matrix setup time        :	0 s
                        Solver setup             :	12 s
                        Degrees of freedom       :	335760
                        Number of mesh cells     :	52427

                        Stimulation port         :	Zmin
                        Mode number              :	1
                        Accuracy                 :	2.60059e-14
                        Iterations               :	1
                        Solver time              :	0 s


                      ------------------------------------------------------------------------------
2025-04-06 13:21:46     Total time               :	14 s

                      ------------------------------------------------------------------------------
2025-04-06 13:21:46   

                      ------------------------------------------------------------------------------
2025-04-06 13:21:46     Calculation 3 (Frequency: 26 GHz, Theta: 0, Phi: 0)


                      ------------------------------------------------------------------------------
2025-04-06 13:22:01     Matrix setup time        :	0 s
                        Solver setup             :	13 s
                        Degrees of freedom       :	335760
                        Number of mesh cells     :	52427

                        Stimulation port         :	Zmin
                        Mode number              :	1
                        Accuracy                 :	2.4597e-14
                        Iterations               :	1
                        Solver time              :	0 s


                      ------------------------------------------------------------------------------
2025-04-06 13:22:01     Total time               :	14 s

                      ------------------------------------------------------------------------------
2025-04-06 13:22:01   

                      ------------------------------------------------------------------------------
2025-04-06 13:22:01     Calculation 4 (Frequency: 29 GHz, Theta: 0, Phi: 0)


                      ------------------------------------------------------------------------------
2025-04-06 13:22:15     Matrix setup time        :	0 s
                        Solver setup             :	13 s
                        Degrees of freedom       :	335760
                        Number of mesh cells     :	52427

                        Stimulation port         :	Zmin
                        Mode number              :	1
                        Accuracy                 :	2.40205e-14
                        Iterations               :	1
                        Solver time              :	0 s


                      ------------------------------------------------------------------------------
2025-04-06 13:22:15     Total time               :	14 s

                      ------------------------------------------------------------------------------
2025-04-06 13:22:15   

                      ------------------------------------------------------------------------------
2025-04-06 13:22:15     Calculation 5 (Frequency: 23.828 GHz, Theta: 0, Phi: 0)


                      ------------------------------------------------------------------------------
2025-04-06 13:22:29     Matrix setup time        :	0 s
                        Solver setup             :	13 s
                        Degrees of freedom       :	335760
                        Number of mesh cells     :	52427

                        Stimulation port         :	Zmin
                        Mode number              :	1
                        Accuracy                 :	3.2129e-14
                        Iterations               :	1
                        Solver time              :	0 s


                      ------------------------------------------------------------------------------
2025-04-06 13:22:30     Total time               :	14 s

                      ------------------------------------------------------------------------------
2025-04-06 13:22:30   

                      ------------------------------------------------------------------------------
2025-04-06 13:22:30     Calculation 6 (Frequency: 27.848 GHz, Theta: 0, Phi: 0)


                      ------------------------------------------------------------------------------
2025-04-06 13:22:44     Matrix setup time        :	0 s
                        Solver setup             :	13 s
                        Degrees of freedom       :	335760
                        Number of mesh cells     :	52427

                        Stimulation port         :	Zmin
                        Mode number              :	1
                        Accuracy                 :	5.44872e-14
                        Iterations               :	1
                        Solver time              :	0 s


                      ------------------------------------------------------------------------------
2025-04-06 13:22:44     Total time               :	14 s

                      ------------------------------------------------------------------------------
2025-04-06 13:22:44   

                      ------------------------------------------------------------------------------
2025-04-06 13:22:44     Calculation 7 (Frequency: 22.352 GHz, Theta: 0, Phi: 0)


                      ------------------------------------------------------------------------------
2025-04-06 13:22:58     Matrix setup time        :	0 s
                        Solver setup             :	13 s
                        Degrees of freedom       :	335760
                        Number of mesh cells     :	52427

                        Stimulation port         :	Zmin
                        Mode number              :	1
                        Accuracy                 :	3.0998e-14
                        Iterations               :	1
                        Solver time              :	0 s


                      ------------------------------------------------------------------------------
2025-04-06 13:22:59     Total time               :	14 s

                      ------------------------------------------------------------------------------
2025-04-06 13:22:59   

                      ------------------------------------------------------------------------------
2025-04-06 13:22:59     Calculation 8 (Frequency: 27.2 GHz, Theta: 0, Phi: 0)


                      ------------------------------------------------------------------------------
2025-04-06 13:23:13     Matrix setup time        :	0 s
                        Solver setup             :	13 s
                        Degrees of freedom       :	335760
                        Number of mesh cells     :	52427

                        Stimulation port         :	Zmin
                        Mode number              :	1
                        Accuracy                 :	3.72688e-14
                        Iterations               :	1
                        Solver time              :	0 s


                      ------------------------------------------------------------------------------
2025-04-06 13:23:13     Total time               :	14 s

                      ------------------------------------------------------------------------------
2025-04-06 13:23:13   

                      ------------------------------------------------------------------------------
2025-04-06 13:23:13     Calculation 9 (Frequency: 28.328 GHz, Theta: 0, Phi: 0)


                      ------------------------------------------------------------------------------
2025-04-06 13:23:27     Matrix setup time        :	0 s
                        Solver setup             :	12 s
                        Degrees of freedom       :	335760
                        Number of mesh cells     :	52427

                        Stimulation port         :	Zmin
                        Mode number              :	1
                        Accuracy                 :	2.74823e-14
                        Iterations               :	1
                        Solver time              :	0 s


                      ------------------------------------------------------------------------------
2025-04-06 13:23:27     Total time               :	14 s

                      ------------------------------------------------------------------------------
2025-04-06 13:23:27   

                      ------------------------------------------------------------------------------
2025-04-06 13:23:27     Calculation 10 (Frequency: 21.896 GHz, Theta: 0, Phi: 0)


                      ------------------------------------------------------------------------------
2025-04-06 13:23:42     Matrix setup time        :	0 s
                        Solver setup             :	13 s
                        Degrees of freedom       :	335760
                        Number of mesh cells     :	52427

                        Stimulation port         :	Zmin
                        Mode number              :	1
                        Accuracy                 :	4.58079e-14
                        Iterations               :	1
                        Solver time              :	0 s


                      ------------------------------------------------------------------------------
2025-04-06 13:23:42     Total time               :	14 s

                      ------------------------------------------------------------------------------
2025-04-06 13:23:42   

                      ------------------------------------------------------------------------------
2025-04-06 13:23:42     Calculation 11 (Frequency: 22.892 GHz, Theta: 0, Phi: 0)


                      ------------------------------------------------------------------------------
2025-04-06 13:23:56     Matrix setup time        :	0 s
                        Solver setup             :	13 s
                        Degrees of freedom       :	335760
                        Number of mesh cells     :	52427

                        Stimulation port         :	Zmin
                        Mode number              :	1
                        Accuracy                 :	2.00042e-14
                        Iterations               :	1
                        Solver time              :	0 s


                      ------------------------------------------------------------------------------
2025-04-06 13:23:56     Total time               :	14 s

                      ------------------------------------------------------------------------------
2025-04-06 13:23:56   

                      ------------------------------------------------------------------------------
2025-04-06 13:23:56     Calculation 12 (Frequency: 20.9 GHz, Theta: 0, Phi: 0)


                      ------------------------------------------------------------------------------
2025-04-06 13:24:11     Matrix setup time        :	0 s
                        Solver setup             :	13 s
                        Degrees of freedom       :	335760
                        Number of mesh cells     :	52427

                        Stimulation port         :	Zmin
                        Mode number              :	1
                        Accuracy                 :	3.36181e-14
                        Iterations               :	1
                        Solver time              :	0 s


                      ------------------------------------------------------------------------------
2025-04-06 13:24:11     Total time               :	14 s

                      ------------------------------------------------------------------------------
2025-04-06 13:24:11   

                      ------------------------------------------------------------------------------
2025-04-06 13:24:11     Calculation 13 (Frequency: 28.58 GHz, Theta: 0, Phi: 0)


                      ------------------------------------------------------------------------------
2025-04-06 13:24:25     Matrix setup time        :	0 s
                        Solver setup             :	13 s
                        Degrees of freedom       :	335760
                        Number of mesh cells     :	52427

                        Stimulation port         :	Zmin
                        Mode number              :	1
                        Accuracy                 :	2.60026e-14
                        Iterations               :	1
                        Solver time              :	0 s


                      ------------------------------------------------------------------------------
2025-04-06 13:24:26     Total time               :	14 s

                      ------------------------------------------------------------------------------
2025-04-06 13:24:26   

                      ------------------------------------------------------------------------------
2025-04-06 13:24:26     Calculation 14 (Frequency: 29.804 GHz, Theta: 0, Phi: 0)


                      ------------------------------------------------------------------------------
2025-04-06 13:24:40     Matrix setup time        :	0 s
                        Solver setup             :	13 s
                        Degrees of freedom       :	335760
                        Number of mesh cells     :	52427

                        Stimulation port         :	Zmin
                        Mode number              :	1
                        Accuracy                 :	2.96418e-14
                        Iterations               :	1
                        Solver time              :	0 s


                      ------------------------------------------------------------------------------
2025-04-06 13:24:40     Total time               :	14 s

                      ------------------------------------------------------------------------------
2025-04-06 13:24:40   

                      ------------------------------------------------------------------------------
2025-04-06 13:24:40     Calculation 15 (Frequency: 20.444 GHz, Theta: 0, Phi: 0)


                      ------------------------------------------------------------------------------
2025-04-06 13:24:55     Matrix setup time        :	0 s
                        Solver setup             :	13 s
                        Degrees of freedom       :	335760
                        Number of mesh cells     :	52427

                        Stimulation port         :	Zmin
                        Mode number              :	1
                        Accuracy                 :	3.73651e-14
                        Iterations               :	1
                        Solver time              :	0 s


                      ------------------------------------------------------------------------------
2025-04-06 13:24:55     Total time               :	14 s

                      ------------------------------------------------------------------------------
2025-04-06 13:24:55   

                      ------------------------------------------------------------------------------
2025-04-06 13:24:55     Calculation 16 (Frequency: 21.452 GHz, Theta: 0, Phi: 0)


                      ------------------------------------------------------------------------------
2025-04-06 13:25:09     Matrix setup time        :	0 s
                        Solver setup             :	13 s
                        Degrees of freedom       :	335760
                        Number of mesh cells     :	52427

                        Stimulation port         :	Zmin
                        Mode number              :	1
                        Accuracy                 :	3.40764e-14
                        Iterations               :	1
                        Solver time              :	0 s


                      ------------------------------------------------------------------------------
2025-04-06 13:25:10     Total time               :	14 s

                      ------------------------------------------------------------------------------
2025-04-06 13:25:10   

                      ------------------------------------------------------------------------------
2025-04-06 13:25:10     Calculation 17 (Frequency: 25.232 GHz, Theta: 0, Phi: 0)


                      ------------------------------------------------------------------------------
2025-04-06 13:25:24     Matrix setup time        :	0 s
                        Solver setup             :	13 s
                        Degrees of freedom       :	335760
                        Number of mesh cells     :	52427

                        Stimulation port         :	Zmin
                        Mode number              :	1
                        Accuracy                 :	1.85749e-14
                        Iterations               :	1
                        Solver time              :	0 s


                      ------------------------------------------------------------------------------
2025-04-06 13:25:25     Total time               :	14 s

                      ------------------------------------------------------------------------------
2025-04-06 13:25:25   

                      ------------------------------------------------------------------------------
2025-04-06 13:25:25     Calculation 18 (Frequency: 21.716 GHz, Theta: 0, Phi: 0)


                      ------------------------------------------------------------------------------
2025-04-06 13:25:39     Matrix setup time        :	0 s
                        Solver setup             :	13 s
                        Degrees of freedom       :	335760
                        Number of mesh cells     :	52427

                        Stimulation port         :	Zmin
                        Mode number              :	1
                        Accuracy                 :	5.71768e-14
                        Iterations               :	1
                        Solver time              :	0 s


                      ------------------------------------------------------------------------------
2025-04-06 13:25:40     Total time               :	14 s

                      ------------------------------------------------------------------------------
2025-04-06 13:25:40   

                      ------------------------------------------------------------------------------
2025-04-06 13:25:40     Calculation 19 (Frequency: 25.16 GHz, Theta: 0, Phi: 0)


                      ------------------------------------------------------------------------------
2025-04-06 13:25:55     Matrix setup time        :	0 s
                        Solver setup             :	13 s
                        Degrees of freedom       :	335760
                        Number of mesh cells     :	52427

                        Stimulation port         :	Zmin
                        Mode number              :	1
                        Accuracy                 :	4.4302e-14
                        Iterations               :	1
                        Solver time              :	0 s


                      ------------------------------------------------------------------------------
2025-04-06 13:25:55     Total time               :	15 s

                      ------------------------------------------------------------------------------
2025-04-06 13:25:55   

                      ------------------------------------------------------------------------------
2025-04-06 13:25:55     Calculation 20 (Frequency: 25.496 GHz, Theta: 0, Phi: 0)


                      ------------------------------------------------------------------------------
2025-04-06 13:26:10     Matrix setup time        :	0 s
                        Solver setup             :	13 s
                        Degrees of freedom       :	335760
                        Number of mesh cells     :	52427

                        Stimulation port         :	Zmin
                        Mode number              :	1
                        Accuracy                 :	1.42095e-14
                        Iterations               :	1
                        Solver time              :	0 s


                      ------------------------------------------------------------------------------
2025-04-06 13:26:10     Total time               :	14 s

                      ------------------------------------------------------------------------------
2025-04-06 13:26:10   

                      ------------------------------------------------------------------------------
2025-04-06 13:26:10     Calculation 21 (Frequency: 26.432 GHz, Theta: 0, Phi: 0)


                      ------------------------------------------------------------------------------
2025-04-06 13:26:25     Matrix setup time        :	0 s
                        Solver setup             :	13 s
                        Degrees of freedom       :	335760
                        Number of mesh cells     :	52427

                        Stimulation port         :	Zmin
                        Mode number              :	1
                        Accuracy                 :	3.61457e-14
                        Iterations               :	1
                        Solver time              :	0 s


                      ------------------------------------------------------------------------------
2025-04-06 13:26:25     Total time               :	15 s

                      ------------------------------------------------------------------------------
2025-04-06 13:26:25   

                      ------------------------------------------------------------------------------
2025-04-06 13:26:25     Calculation 22 (Frequency: 23.18 GHz, Theta: 0, Phi: 0)


                      ------------------------------------------------------------------------------
2025-04-06 13:26:40     Matrix setup time        :	0 s
                        Solver setup             :	13 s
                        Degrees of freedom       :	335760
                        Number of mesh cells     :	52427

                        Stimulation port         :	Zmin
                        Mode number              :	1
                        Accuracy                 :	2.07251e-14
                        Iterations               :	1
                        Solver time              :	0 s


                      ------------------------------------------------------------------------------
2025-04-06 13:26:40     Total time               :	14 s

                      ------------------------------------------------------------------------------
2025-04-06 13:26:40   

                      ------------------------------------------------------------------------------
2025-04-06 13:26:40     Calculation 23 (Frequency: 26.768 GHz, Theta: 0, Phi: 0)


                      ------------------------------------------------------------------------------
2025-04-06 13:26:55     Matrix setup time        :	0 s
                        Solver setup             :	13 s
                        Degrees of freedom       :	335760
                        Number of mesh cells     :	52427

                        Stimulation port         :	Zmin
                        Mode number              :	1
                        Accuracy                 :	3.42471e-14
                        Iterations               :	1
                        Solver time              :	0 s


                      ------------------------------------------------------------------------------
2025-04-06 13:26:55     Total time               :	14 s

                      ------------------------------------------------------------------------------
2025-04-06 13:26:55   

                      ------------------------------------------------------------------------------
2025-04-06 13:26:55     Calculation 24 (Frequency: 30.452 GHz, Theta: 0, Phi: 0)


                      ------------------------------------------------------------------------------
2025-04-06 13:27:10     Matrix setup time        :	0 s
                        Solver setup             :	13 s
                        Degrees of freedom       :	335760
                        Number of mesh cells     :	52427

                        Stimulation port         :	Zmin
                        Mode number              :	1
                        Accuracy                 :	2.91776e-14
                        Iterations               :	1
                        Solver time              :	0 s


                      ------------------------------------------------------------------------------
2025-04-06 13:27:10     Total time               :	14 s

                      ------------------------------------------------------------------------------
2025-04-06 13:27:10   

                      ------------------------------------------------------------------------------
2025-04-06 13:27:10     Calculation 25 (Frequency: 29.432 GHz, Theta: 0, Phi: 0)


                      ------------------------------------------------------------------------------
2025-04-06 13:27:25     Matrix setup time        :	0 s
                        Solver setup             :	13 s
                        Degrees of freedom       :	335760
                        Number of mesh cells     :	52427

                        Stimulation port         :	Zmin
                        Mode number              :	1
                        Accuracy                 :	4.30003e-14
                        Iterations               :	1
                        Solver time              :	0 s


                      ------------------------------------------------------------------------------
2025-04-06 13:27:25     Total time               :	14 s

                      ------------------------------------------------------------------------------
2025-04-06 13:27:25   

                      ------------------------------------------------------------------------------
2025-04-06 13:27:25     Calculation 26 (Frequency: 31.148 GHz, Theta: 0, Phi: 0)


                      ------------------------------------------------------------------------------
2025-04-06 13:27:40     Matrix setup time        :	0 s
                        Solver setup             :	13 s
                        Degrees of freedom       :	335760
                        Number of mesh cells     :	52427

                        Stimulation port         :	Zmin
                        Mode number              :	1
                        Accuracy                 :	2.04491e-14
                        Iterations               :	1
                        Solver time              :	0 s


                      ------------------------------------------------------------------------------
2025-04-06 13:27:40     Total time               :	14 s

                      ------------------------------------------------------------------------------
2025-04-06 13:27:40   

                      ------------------------------------------------------------------------------
2025-04-06 13:27:40     Calculation 27 (Frequency: 30.164 GHz, Theta: 0, Phi: 0)


                      ------------------------------------------------------------------------------
2025-04-06 13:27:55     Matrix setup time        :	0 s
                        Solver setup             :	13 s
                        Degrees of freedom       :	335760
                        Number of mesh cells     :	52427

                        Stimulation port         :	Zmin
                        Mode number              :	1
                        Accuracy                 :	2.47209e-14
                        Iterations               :	1
                        Solver time              :	0 s


                      ------------------------------------------------------------------------------
2025-04-06 13:27:55     Total time               :	14 s

                      ------------------------------------------------------------------------------
2025-04-06 13:27:55   

                      ------------------------------------------------------------------------------
2025-04-06 13:27:55     Calculation 28 (Frequency: 30.908 GHz, Theta: 0, Phi: 0)


                      ------------------------------------------------------------------------------
2025-04-06 13:28:10     Matrix setup time        :	0 s
                        Solver setup             :	13 s
                        Degrees of freedom       :	335760
                        Number of mesh cells     :	52427

                        Stimulation port         :	Zmin
                        Mode number              :	1
                        Accuracy                 :	3.4345e-14
                        Iterations               :	1
                        Solver time              :	0 s


                      ------------------------------------------------------------------------------
2025-04-06 13:28:10     Total time               :	14 s

                      ------------------------------------------------------------------------------
2025-04-06 13:28:10   

                      ------------------------------------------------------------------------------
2025-04-06 13:28:10     Calculation 29 (Frequency: 31.556 GHz, Theta: 0, Phi: 0)


                      ------------------------------------------------------------------------------
2025-04-06 13:28:25     Matrix setup time        :	0 s
                        Solver setup             :	13 s
                        Degrees of freedom       :	335760
                        Number of mesh cells     :	52427

                        Stimulation port         :	Zmin
                        Mode number              :	1
                        Accuracy                 :	4.99025e-14
                        Iterations               :	1
                        Solver time              :	0 s


                      ------------------------------------------------------------------------------
2025-04-06 13:28:25     Total time               :	14 s

                      ------------------------------------------------------------------------------
2025-04-06 13:28:25   

                      ------------------------------------------------------------------------------
2025-04-06 13:28:25     Calculation 30 (Frequency: 30.692 GHz, Theta: 0, Phi: 0)


                      ------------------------------------------------------------------------------
2025-04-06 13:28:40     Matrix setup time        :	0 s
                        Solver setup             :	13 s
                        Degrees of freedom       :	335760
                        Number of mesh cells     :	52427

                        Stimulation port         :	Zmin
                        Mode number              :	1
                        Accuracy                 :	2.85586e-14
                        Iterations               :	1
                        Solver time              :	0 s


                      ------------------------------------------------------------------------------
2025-04-06 13:28:40     Total time               :	14 s

                      ------------------------------------------------------------------------------
2025-04-06 13:28:40   

                      ------------------------------------------------------------------------------
2025-04-06 13:28:40   Finished the general purpose interpolative broadband frequency sweep:
                      All broadband sweep convergence criteria have been satisfied after
                      calculating 30 frequency samples:

                        Broadband sweep error threshold value :  0.01 (All S-Parameters) 
                        Number of error criterion checks      :  2 (All S-Parameters) 
                        Minimum number of samples             :  3
                        Number of data samples, linear        :  1001

                      ------------------------------------------------------------------------------
2025-04-06 13:28:40     Number of mesh cells     :	52427
                        Degrees of freedom       :	334244
                        Total Solver Time        :	483 s	 (= 0 h, 08 m, 03 s)
                      ================================================================================



                      ------------------------------------------------------------------------------
2025-04-06 13:28:40     ----------------------------------------------------------------------------
                                            Peak memory used (kB)         Free physical memory (kB) 
                                                                          At begin     Minimum      
                        ----------------------------------------------------------------------------
                        Solver start        21840                         9971192      9970788      
                        Eq. system setup    5826232                       9969616      8669672      
                        Eq. system solve    5826232                       9924672      4165196      
                        Mesh refinement     3729224                       9741784      9047556      
                        Solver run total    5826232                       9971196      4165196      

                        Computer name       Tahsin
                        ----------------------------------------------------------------------------


                      ------------------------------------------------------------------------------
2025-04-06 13:28:40   Running postprocessing.

                      ------------------------------------------------------------------------------
2025-04-06 13:28:41   Postprocessing finished.

                      ------------------------------------------------------------------------------
