2025-06-14 22:52:00   *** Warning ***

                      Electric isotropic material [Copper (pure)] has a very high conductivity for
                      the given mesh. Depending on your configuration it may be better to use a lossy
                      metal type for this material. More...

                      ------------------------------------------------------------------------------
2025-06-14 22:52:00   In order to get an optimal performance, hyperthreading is ignored for parallel
                      computations.

                      ------------------------------------------------------------------------------
2025-06-14 22:52:03   Units settings: 

                        Dimensions: mm
                        Frequency:  GHz
                        Time:       s

                      ------------------------------------------------------------------------------
2025-06-14 22:52:03   Boundary conditions: 

                        YZsymmetry: none
                        XZsymmetry: none
                        XYsymmetry: none

                        Xmin: unit cell
                        Xmax: unit cell

                        Ymin: unit cell
                        Ymax: unit cell

                        Zmin: expanded open
                        Zmax: expanded open

                      ------------------------------------------------------------------------------
2025-06-14 22:52:03   Order settings: 

                        Solver order   : 2nd (constant)
                        Curved elements: up to order 3 (automatic)

                      ------------------------------------------------------------------------------
2025-06-14 22:52:03   An iterative solver will be used first.

                      ------------------------------------------------------------------------------
2025-06-14 22:52:03     Mesh time                :	2 s


                      ------------------------------------------------------------------------------
2025-06-14 22:52:03   
                      ================================================================================
                      Frequency Domain Solver calculation cycle started

                      ------------------------------------------------------------------------------
2025-06-14 22:52:03   Solver started at: 2025-06-14 22:52:03 +0800

                        Module:  Frequency Domain: S-Parameter (Win 64)
                        Version: 2024.1 Release from 2023-10-16 (change 1181985)

                      ------------------------------------------------------------------------------
2025-06-14 22:52:03   The low frequency stabilization is not applied to periodic problems.

                      ------------------------------------------------------------------------------
2025-06-14 22:52:03     Calculation 1 of 1 (Frequency: 32 GHz, Theta: 0, Phi: 0)


                      ------------------------------------------------------------------------------
2025-06-14 22:52:03   The wavelength based mesh refinement has been applied to 5.0% of all mesh edges.

                      ------------------------------------------------------------------------------
2025-06-14 22:52:04   For some elements the curvature had to be reduced to maintain the quality of the mesh. More...

                      ------------------------------------------------------------------------------
2025-06-14 22:52:04   Adaptive mesh refinement pass 1

                      ------------------------------------------------------------------------------
2025-06-14 22:52:10   *** Warning ***

2025-06-14 22:52:10   Detected possible stagnation of the iterative solver (3.713671e-02 after 250 iterations.)
                      Please consider aborting the solver run, and check your simulation setup.  More...

                      ------------------------------------------------------------------------------
2025-06-14 22:52:17   *** Warning ***

2025-06-14 22:52:17   The solver stopped because the maximum number of iterations (500, used for automatic solver choice) has been reached.

                      ------------------------------------------------------------------------------
2025-06-14 22:52:17   Solving again, but with the direct solver. Please consider forcing the direct solver in the solver special settings, and
                      check your simulation setup (for instance source and material definitions.)

                      ------------------------------------------------------------------------------
2025-06-14 22:52:18     Matrix setup time        :	0 s
                        Degrees of freedom       :	36578
                        Number of mesh cells     :	5574

                        Stimulation port         :	Zmin
                        Mode number              :	1
                        Accuracy                 :	1.11859e-13
                        Iterations               :	1
                        Solver time              :	0 s


                      ------------------------------------------------------------------------------
2025-06-14 22:52:18   25% of all mesh edges seem to be longer than expected. The adaptive mesh refinement's growth limitation will therefore 
                      use 14064 instead of 3744 mesh cells as a reference.

                      ------------------------------------------------------------------------------
2025-06-14 22:52:18   The wavelength based mesh refinement has been applied to 0.2% of all mesh edges.

                      ------------------------------------------------------------------------------
2025-06-14 22:52:19   For some elements the curvature had to be reduced to maintain the quality of the mesh. More...

                      ------------------------------------------------------------------------------
2025-06-14 22:52:19   Adaptive mesh refinement pass 2

                      ------------------------------------------------------------------------------
2025-06-14 22:52:21     Matrix setup time        :	0 s
                        Solver setup             :	1 s
                        Degrees of freedom       :	60174
                        Number of mesh cells     :	9280

                        Stimulation port         :	Zmin
                        Mode number              :	1
                        Accuracy                 :	7.04586e-14
                        Iterations               :	1
                        Solver time              :	0 s


                      ------------------------------------------------------------------------------
2025-06-14 22:52:21     Delta calculation        
2025-06-14 22:52:21     All S-Parameters         :	0.333421
2025-06-14 22:52:21   

                      ------------------------------------------------------------------------------
2025-06-14 22:52:21   The wavelength based mesh refinement has been applied to 0.1% of all mesh edges.

                      ------------------------------------------------------------------------------
2025-06-14 22:52:22   Adaptive mesh refinement pass 3

                      ------------------------------------------------------------------------------
2025-06-14 22:52:24     Matrix setup time        :	0 s
                        Solver setup             :	2 s
                        Degrees of freedom       :	96866
                        Number of mesh cells     :	15041

                        Stimulation port         :	Zmin
                        Mode number              :	1
                        Accuracy                 :	5.3282e-14
                        Iterations               :	1
                        Solver time              :	0 s


                      ------------------------------------------------------------------------------
2025-06-14 22:52:25     Delta calculation        
2025-06-14 22:52:25     All S-Parameters         :	0.269482
2025-06-14 22:52:25   

                      ------------------------------------------------------------------------------
2025-06-14 22:52:26   Adaptive mesh refinement pass 4

                      ------------------------------------------------------------------------------
2025-06-14 22:52:31     Matrix setup time        :	0 s
                        Solver setup             :	4 s
                        Degrees of freedom       :	152984
                        Number of mesh cells     :	23859

                        Stimulation port         :	Zmin
                        Mode number              :	1
                        Accuracy                 :	3.37478e-14
                        Iterations               :	1
                        Solver time              :	0 s


                      ------------------------------------------------------------------------------
2025-06-14 22:52:31     Delta calculation        
2025-06-14 22:52:31     All S-Parameters         :	0.0729781
2025-06-14 22:52:31   

                      ------------------------------------------------------------------------------
2025-06-14 22:52:34   Adaptive mesh refinement pass 5

                      ------------------------------------------------------------------------------
2025-06-14 22:52:42     Matrix setup time        :	0 s
                        Solver setup             :	7 s
                        Degrees of freedom       :	233136
                        Number of mesh cells     :	36430

                        Stimulation port         :	Zmin
                        Mode number              :	1
                        Accuracy                 :	2.40382e-14
                        Iterations               :	1
                        Solver time              :	0 s


                      ------------------------------------------------------------------------------
2025-06-14 22:52:42     Delta calculation        
2025-06-14 22:52:42     All S-Parameters         :	0.0463864
2025-06-14 22:52:42   

                      ------------------------------------------------------------------------------
2025-06-14 22:52:46   Adaptive mesh refinement pass 6

                      ------------------------------------------------------------------------------
2025-06-14 22:53:03     Matrix setup time        :	1 s
                        Solver setup             :	15 s
                        Degrees of freedom       :	342282
                        Number of mesh cells     :	53485

                        Stimulation port         :	Zmin
                        Mode number              :	1
                        Accuracy                 :	3.72063e-14
                        Iterations               :	1
                        Solver time              :	0 s


                      ------------------------------------------------------------------------------
2025-06-14 22:53:04     Delta calculation        
2025-06-14 22:53:04     All S-Parameters         :	0.0259117
2025-06-14 22:53:04   

                      ------------------------------------------------------------------------------
2025-06-14 22:53:08   Adaptive mesh refinement pass 7

                      ------------------------------------------------------------------------------
2025-06-14 22:53:22   *** Warning ***

2025-06-14 22:53:22   Low memory: Only 1.46 GB of 15.91 GB available.


                      ------------------------------------------------------------------------------
2025-06-14 22:53:32     Matrix setup time        :	1 s
                        Solver setup             :	21 s
                        Degrees of freedom       :	463870
                        Number of mesh cells     :	72519

                        Stimulation port         :	Zmin
                        Mode number              :	1
                        Accuracy                 :	3.27738e-14
                        Iterations               :	1
                        Solver time              :	0 s


                      ------------------------------------------------------------------------------
2025-06-14 22:53:32     Delta calculation        
2025-06-14 22:53:32     All S-Parameters         :	0.0158354
2025-06-14 22:53:32   

                      ------------------------------------------------------------------------------
2025-06-14 22:53:32   Mesh adaptation terminated because the desired accuracy limit is reached.

                      ------------------------------------------------------------------------------
2025-06-14 22:53:32   *** Warning ***

2025-06-14 22:53:32   At least one propagating Floquet mode is not considered at port Zmin. Please increase the number of modes at this port. 
                      More...

                      ------------------------------------------------------------------------------
2025-06-14 22:53:32   *** Warning ***

2025-06-14 22:53:32   At least one propagating Floquet mode is not considered at port Zmax. Please increase the number of modes at this port. 
                      More...

                      ------------------------------------------------------------------------------
2025-06-14 22:53:33     Total time               :	88 s	 (= 0 h, 01 m, 28 s)

                      ------------------------------------------------------------------------------
2025-06-14 22:53:33   

                      ------------------------------------------------------------------------------
2025-06-14 22:53:33     Calculation 2 (Frequency: 20 GHz, Theta: 0, Phi: 0)


                      ------------------------------------------------------------------------------
2025-06-14 22:53:53     Matrix setup time        :	0 s
                        Solver setup             :	18 s
                        Degrees of freedom       :	463870
                        Number of mesh cells     :	72519

                        Stimulation port         :	Zmin
                        Mode number              :	1
                        Accuracy                 :	3.10457e-14
                        Iterations               :	1
                        Solver time              :	0 s


                      ------------------------------------------------------------------------------
2025-06-14 22:53:53     Total time               :	20 s

                      ------------------------------------------------------------------------------
2025-06-14 22:53:53   

                      ------------------------------------------------------------------------------
2025-06-14 22:53:53     Calculation 3 (Frequency: 26 GHz, Theta: 0, Phi: 0)


                      ------------------------------------------------------------------------------
2025-06-14 22:54:11     Matrix setup time        :	0 s
                        Solver setup             :	17 s
                        Degrees of freedom       :	463870
                        Number of mesh cells     :	72519

                        Stimulation port         :	Zmin
                        Mode number              :	1
                        Accuracy                 :	3.23742e-14
                        Iterations               :	1
                        Solver time              :	0 s


                      ------------------------------------------------------------------------------
2025-06-14 22:54:12     Total time               :	18 s

                      ------------------------------------------------------------------------------
2025-06-14 22:54:12   

                      ------------------------------------------------------------------------------
2025-06-14 22:54:12     Calculation 4 (Frequency: 29 GHz, Theta: 0, Phi: 0)


                      ------------------------------------------------------------------------------
2025-06-14 22:54:30     Matrix setup time        :	0 s
                        Solver setup             :	17 s
                        Degrees of freedom       :	463870
                        Number of mesh cells     :	72519

                        Stimulation port         :	Zmin
                        Mode number              :	1
                        Accuracy                 :	2.8363e-14
                        Iterations               :	1
                        Solver time              :	0 s


                      ------------------------------------------------------------------------------
2025-06-14 22:54:31     Total time               :	18 s

                      ------------------------------------------------------------------------------
2025-06-14 22:54:31   

                      ------------------------------------------------------------------------------
2025-06-14 22:54:31     Calculation 5 (Frequency: 24.632 GHz, Theta: 0, Phi: 0)


                      ------------------------------------------------------------------------------
2025-06-14 22:54:49     Matrix setup time        :	0 s
                        Solver setup             :	16 s
                        Degrees of freedom       :	463870
                        Number of mesh cells     :	72519

                        Stimulation port         :	Zmin
                        Mode number              :	1
                        Accuracy                 :	2.12805e-14
                        Iterations               :	1
                        Solver time              :	0 s


                      ------------------------------------------------------------------------------
2025-06-14 22:54:49     Total time               :	18 s

                      ------------------------------------------------------------------------------
2025-06-14 22:54:49   

                      ------------------------------------------------------------------------------
2025-06-14 22:54:49     Calculation 6 (Frequency: 27.74 GHz, Theta: 0, Phi: 0)


                      ------------------------------------------------------------------------------
2025-06-14 22:55:08     Matrix setup time        :	0 s
                        Solver setup             :	16 s
                        Degrees of freedom       :	463870
                        Number of mesh cells     :	72519

                        Stimulation port         :	Zmin
                        Mode number              :	1
                        Accuracy                 :	3.41566e-14
                        Iterations               :	1
                        Solver time              :	0 s


                      ------------------------------------------------------------------------------
2025-06-14 22:55:08     Total time               :	18 s

                      ------------------------------------------------------------------------------
2025-06-14 22:55:08   

                      ------------------------------------------------------------------------------
2025-06-14 22:55:08     Calculation 7 (Frequency: 22.472 GHz, Theta: 0, Phi: 0)


                      ------------------------------------------------------------------------------
2025-06-14 22:55:26     Matrix setup time        :	0 s
                        Solver setup             :	16 s
                        Degrees of freedom       :	463870
                        Number of mesh cells     :	72519

                        Stimulation port         :	Zmin
                        Mode number              :	1
                        Accuracy                 :	3.99409e-14
                        Iterations               :	1
                        Solver time              :	0 s


                      ------------------------------------------------------------------------------
2025-06-14 22:55:27     Total time               :	18 s

                      ------------------------------------------------------------------------------
2025-06-14 22:55:27   

                      ------------------------------------------------------------------------------
2025-06-14 22:55:27     Calculation 8 (Frequency: 28.088 GHz, Theta: 0, Phi: 0)


                      ------------------------------------------------------------------------------
2025-06-14 22:55:46     Matrix setup time        :	0 s
                        Solver setup             :	17 s
                        Degrees of freedom       :	463870
                        Number of mesh cells     :	72519

                        Stimulation port         :	Zmin
                        Mode number              :	1
                        Accuracy                 :	4.76562e-14
                        Iterations               :	1
                        Solver time              :	0 s


                      ------------------------------------------------------------------------------
2025-06-14 22:55:46     Total time               :	19 s

                      ------------------------------------------------------------------------------
2025-06-14 22:55:46   

                      ------------------------------------------------------------------------------
2025-06-14 22:55:46     Calculation 9 (Frequency: 27.272 GHz, Theta: 0, Phi: 0)


                      ------------------------------------------------------------------------------
2025-06-14 22:56:04     Matrix setup time        :	0 s
                        Solver setup             :	17 s
                        Degrees of freedom       :	463870
                        Number of mesh cells     :	72519

                        Stimulation port         :	Zmin
                        Mode number              :	1
                        Accuracy                 :	2.54718e-14
                        Iterations               :	1
                        Solver time              :	0 s


                      ------------------------------------------------------------------------------
2025-06-14 22:56:05     Total time               :	18 s

                      ------------------------------------------------------------------------------
2025-06-14 22:56:05   

                      ------------------------------------------------------------------------------
2025-06-14 22:56:05     Calculation 10 (Frequency: 29.168 GHz, Theta: 0, Phi: 0)


                      ------------------------------------------------------------------------------
2025-06-14 22:56:23     Matrix setup time        :	0 s
                        Solver setup             :	17 s
                        Degrees of freedom       :	463870
                        Number of mesh cells     :	72519

                        Stimulation port         :	Zmin
                        Mode number              :	1
                        Accuracy                 :	3.79432e-14
                        Iterations               :	1
                        Solver time              :	0 s


                      ------------------------------------------------------------------------------
2025-06-14 22:56:24     Total time               :	18 s

                      ------------------------------------------------------------------------------
2025-06-14 22:56:24   

                      ------------------------------------------------------------------------------
2025-06-14 22:56:24     Calculation 11 (Frequency: 28.844 GHz, Theta: 0, Phi: 0)


                      ------------------------------------------------------------------------------
2025-06-14 22:56:43     Matrix setup time        :	0 s
                        Solver setup             :	17 s
                        Degrees of freedom       :	463870
                        Number of mesh cells     :	72519

                        Stimulation port         :	Zmin
                        Mode number              :	1
                        Accuracy                 :	2.24866e-14
                        Iterations               :	1
                        Solver time              :	0 s


                      ------------------------------------------------------------------------------
2025-06-14 22:56:43     Total time               :	19 s

                      ------------------------------------------------------------------------------
2025-06-14 22:56:43   

                      ------------------------------------------------------------------------------
2025-06-14 22:56:43     Calculation 12 (Frequency: 29.888 GHz, Theta: 0, Phi: 0)


                      ------------------------------------------------------------------------------
2025-06-14 22:57:04     Matrix setup time        :	0 s
                        Solver setup             :	19 s
                        Degrees of freedom       :	463870
                        Number of mesh cells     :	72519

                        Stimulation port         :	Zmin
                        Mode number              :	1
                        Accuracy                 :	2.76773e-14
                        Iterations               :	1
                        Solver time              :	0 s


                      ------------------------------------------------------------------------------
2025-06-14 22:57:05     Total time               :	21 s

                      ------------------------------------------------------------------------------
2025-06-14 22:57:05   

                      ------------------------------------------------------------------------------
2025-06-14 22:57:05     Calculation 13 (Frequency: 26.42 GHz, Theta: 0, Phi: 0)


                      ------------------------------------------------------------------------------
2025-06-14 22:57:25     Matrix setup time        :	0 s
                        Solver setup             :	18 s
                        Degrees of freedom       :	463870
                        Number of mesh cells     :	72519

                        Stimulation port         :	Zmin
                        Mode number              :	1
                        Accuracy                 :	2.241e-14
                        Iterations               :	1
                        Solver time              :	0 s


                      ------------------------------------------------------------------------------
2025-06-14 22:57:25     Total time               :	20 s

                      ------------------------------------------------------------------------------
2025-06-14 22:57:25   

                      ------------------------------------------------------------------------------
2025-06-14 22:57:25     Calculation 14 (Frequency: 29.768 GHz, Theta: 0, Phi: 0)


                      ------------------------------------------------------------------------------
2025-06-14 22:57:45     Matrix setup time        :	0 s
                        Solver setup             :	17 s
                        Degrees of freedom       :	463870
                        Number of mesh cells     :	72519

                        Stimulation port         :	Zmin
                        Mode number              :	1
                        Accuracy                 :	2.68046e-14
                        Iterations               :	1
                        Solver time              :	0 s


                      ------------------------------------------------------------------------------
2025-06-14 22:57:45     Total time               :	19 s

                      ------------------------------------------------------------------------------
2025-06-14 22:57:45   

                      ------------------------------------------------------------------------------
2025-06-14 22:57:45     Calculation 15 (Frequency: 30.572 GHz, Theta: 0, Phi: 0)


                      ------------------------------------------------------------------------------
2025-06-14 22:58:04     Matrix setup time        :	0 s
                        Solver setup             :	17 s
                        Degrees of freedom       :	463870
                        Number of mesh cells     :	72519

                        Stimulation port         :	Zmin
                        Mode number              :	1
                        Accuracy                 :	4.37558e-14
                        Iterations               :	1
                        Solver time              :	0 s


                      ------------------------------------------------------------------------------
2025-06-14 22:58:04     Total time               :	19 s

                      ------------------------------------------------------------------------------
2025-06-14 22:58:04   

                      ------------------------------------------------------------------------------
2025-06-14 22:58:04     Calculation 16 (Frequency: 25.616 GHz, Theta: 0, Phi: 0)


                      ------------------------------------------------------------------------------
2025-06-14 22:58:23     Matrix setup time        :	0 s
                        Solver setup             :	17 s
                        Degrees of freedom       :	463870
                        Number of mesh cells     :	72519

                        Stimulation port         :	Zmin
                        Mode number              :	1
                        Accuracy                 :	2.04448e-14
                        Iterations               :	1
                        Solver time              :	0 s


                      ------------------------------------------------------------------------------
2025-06-14 22:58:24     Total time               :	19 s

                      ------------------------------------------------------------------------------
2025-06-14 22:58:24   

                      ------------------------------------------------------------------------------
2025-06-14 22:58:24     Calculation 17 (Frequency: 23.792 GHz, Theta: 0, Phi: 0)


                      ------------------------------------------------------------------------------
2025-06-14 22:58:43     Matrix setup time        :	0 s
                        Solver setup             :	18 s
                        Degrees of freedom       :	463870
                        Number of mesh cells     :	72519

                        Stimulation port         :	Zmin
                        Mode number              :	1
                        Accuracy                 :	2.7778e-14
                        Iterations               :	1
                        Solver time              :	0 s


                      ------------------------------------------------------------------------------
2025-06-14 22:58:44     Total time               :	19 s

                      ------------------------------------------------------------------------------
2025-06-14 22:58:44   

                      ------------------------------------------------------------------------------
2025-06-14 22:58:44     Calculation 18 (Frequency: 24.956 GHz, Theta: 0, Phi: 0)


                      ------------------------------------------------------------------------------
2025-06-14 22:59:03     Matrix setup time        :	0 s
                        Solver setup             :	18 s
                        Degrees of freedom       :	463870
                        Number of mesh cells     :	72519

                        Stimulation port         :	Zmin
                        Mode number              :	1
                        Accuracy                 :	2.50522e-14
                        Iterations               :	1
                        Solver time              :	0 s


                      ------------------------------------------------------------------------------
2025-06-14 22:59:04     Total time               :	19 s

                      ------------------------------------------------------------------------------
2025-06-14 22:59:04   

                      ------------------------------------------------------------------------------
2025-06-14 22:59:04     Calculation 19 (Frequency: 21.596 GHz, Theta: 0, Phi: 0)


                      ------------------------------------------------------------------------------
2025-06-14 22:59:23     Matrix setup time        :	0 s
                        Solver setup             :	18 s
                        Degrees of freedom       :	463870
                        Number of mesh cells     :	72519

                        Stimulation port         :	Zmin
                        Mode number              :	1
                        Accuracy                 :	4.5613e-14
                        Iterations               :	1
                        Solver time              :	0 s


                      ------------------------------------------------------------------------------
2025-06-14 22:59:24     Total time               :	19 s

                      ------------------------------------------------------------------------------
2025-06-14 22:59:24   

                      ------------------------------------------------------------------------------
2025-06-14 22:59:24     Calculation 20 (Frequency: 22.796 GHz, Theta: 0, Phi: 0)


                      ------------------------------------------------------------------------------
2025-06-14 22:59:44     Matrix setup time        :	0 s
                        Solver setup             :	18 s
                        Degrees of freedom       :	463870
                        Number of mesh cells     :	72519

                        Stimulation port         :	Zmin
                        Mode number              :	1
                        Accuracy                 :	3.71435e-14
                        Iterations               :	1
                        Solver time              :	0 s


                      ------------------------------------------------------------------------------
2025-06-14 22:59:44     Total time               :	20 s

                      ------------------------------------------------------------------------------
2025-06-14 22:59:44   

                      ------------------------------------------------------------------------------
2025-06-14 22:59:44     Calculation 21 (Frequency: 20.42 GHz, Theta: 0, Phi: 0)


                      ------------------------------------------------------------------------------
2025-06-14 23:00:04     Matrix setup time        :	0 s
                        Solver setup             :	18 s
                        Degrees of freedom       :	463870
                        Number of mesh cells     :	72519

                        Stimulation port         :	Zmin
                        Mode number              :	1
                        Accuracy                 :	3.26516e-14
                        Iterations               :	1
                        Solver time              :	0 s


                      ------------------------------------------------------------------------------
2025-06-14 23:00:05     Total time               :	20 s

                      ------------------------------------------------------------------------------
2025-06-14 23:00:05   

                      ------------------------------------------------------------------------------
2025-06-14 23:00:05     Calculation 22 (Frequency: 21.956 GHz, Theta: 0, Phi: 0)


                      ------------------------------------------------------------------------------
2025-06-14 23:00:25     Matrix setup time        :	0 s
                        Solver setup             :	18 s
                        Degrees of freedom       :	463870
                        Number of mesh cells     :	72519

                        Stimulation port         :	Zmin
                        Mode number              :	1
                        Accuracy                 :	3.85589e-14
                        Iterations               :	1
                        Solver time              :	0 s


                      ------------------------------------------------------------------------------
2025-06-14 23:00:26     Total time               :	20 s

                      ------------------------------------------------------------------------------
2025-06-14 23:00:26   

                      ------------------------------------------------------------------------------
2025-06-14 23:00:26     Calculation 23 (Frequency: 22.508 GHz, Theta: 0, Phi: 0)


                      ------------------------------------------------------------------------------
2025-06-14 23:00:45     Matrix setup time        :	0 s
                        Solver setup             :	18 s
                        Degrees of freedom       :	463870
                        Number of mesh cells     :	72519

                        Stimulation port         :	Zmin
                        Mode number              :	1
                        Accuracy                 :	4.07512e-14
                        Iterations               :	1
                        Solver time              :	0 s


                      ------------------------------------------------------------------------------
2025-06-14 23:00:46     Total time               :	20 s

                      ------------------------------------------------------------------------------
2025-06-14 23:00:46   

                      ------------------------------------------------------------------------------
2025-06-14 23:00:46     Calculation 24 (Frequency: 20.96 GHz, Theta: 0, Phi: 0)


                      ------------------------------------------------------------------------------
2025-06-14 23:01:05     Matrix setup time        :	0 s
                        Solver setup             :	18 s
                        Degrees of freedom       :	463870
                        Number of mesh cells     :	72519

                        Stimulation port         :	Zmin
                        Mode number              :	1
                        Accuracy                 :	3.8508e-14
                        Iterations               :	1
                        Solver time              :	0 s


                      ------------------------------------------------------------------------------
2025-06-14 23:01:06     Total time               :	19 s

                      ------------------------------------------------------------------------------
2025-06-14 23:01:06   

                      ------------------------------------------------------------------------------
2025-06-14 23:01:06     Calculation 25 (Frequency: 28.532 GHz, Theta: 0, Phi: 0)


                      ------------------------------------------------------------------------------
2025-06-14 23:01:26     Matrix setup time        :	0 s
                        Solver setup             :	18 s
                        Degrees of freedom       :	463870
                        Number of mesh cells     :	72519

                        Stimulation port         :	Zmin
                        Mode number              :	1
                        Accuracy                 :	2.6485e-14
                        Iterations               :	1
                        Solver time              :	0 s


                      ------------------------------------------------------------------------------
2025-06-14 23:01:26     Total time               :	19 s

                      ------------------------------------------------------------------------------
2025-06-14 23:01:26   

                      ------------------------------------------------------------------------------
2025-06-14 23:01:26     Calculation 26 (Frequency: 31.16 GHz, Theta: 0, Phi: 0)


                      ------------------------------------------------------------------------------
2025-06-14 23:01:46     Matrix setup time        :	0 s
                        Solver setup             :	18 s
                        Degrees of freedom       :	463870
                        Number of mesh cells     :	72519

                        Stimulation port         :	Zmin
                        Mode number              :	1
                        Accuracy                 :	2.29974e-14
                        Iterations               :	1
                        Solver time              :	0 s


                      ------------------------------------------------------------------------------
2025-06-14 23:01:46     Total time               :	19 s

                      ------------------------------------------------------------------------------
2025-06-14 23:01:46   

                      ------------------------------------------------------------------------------
2025-06-14 23:01:46     Calculation 27 (Frequency: 30.392 GHz, Theta: 0, Phi: 0)


                      ------------------------------------------------------------------------------
2025-06-14 23:02:06     Matrix setup time        :	0 s
                        Solver setup             :	18 s
                        Degrees of freedom       :	463870
                        Number of mesh cells     :	72519

                        Stimulation port         :	Zmin
                        Mode number              :	1
                        Accuracy                 :	2.76622e-14
                        Iterations               :	1
                        Solver time              :	0 s


                      ------------------------------------------------------------------------------
2025-06-14 23:02:06     Total time               :	19 s

                      ------------------------------------------------------------------------------
2025-06-14 23:02:06   

                      ------------------------------------------------------------------------------
2025-06-14 23:02:06     Calculation 28 (Frequency: 30.932 GHz, Theta: 0, Phi: 0)


                      ------------------------------------------------------------------------------
2025-06-14 23:02:26     Matrix setup time        :	0 s
                        Solver setup             :	18 s
                        Degrees of freedom       :	463870
                        Number of mesh cells     :	72519

                        Stimulation port         :	Zmin
                        Mode number              :	1
                        Accuracy                 :	2.54277e-14
                        Iterations               :	1
                        Solver time              :	0 s


                      ------------------------------------------------------------------------------
2025-06-14 23:02:27     Total time               :	20 s

                      ------------------------------------------------------------------------------
2025-06-14 23:02:27   

                      ------------------------------------------------------------------------------
2025-06-14 23:02:27     Calculation 29 (Frequency: 31.592 GHz, Theta: 0, Phi: 0)


                      ------------------------------------------------------------------------------
2025-06-14 23:02:47     Matrix setup time        :	0 s
                        Solver setup             :	18 s
                        Degrees of freedom       :	463870
                        Number of mesh cells     :	72519

                        Stimulation port         :	Zmin
                        Mode number              :	1
                        Accuracy                 :	2.22929e-14
                        Iterations               :	1
                        Solver time              :	0 s


                      ------------------------------------------------------------------------------
2025-06-14 23:02:47     Total time               :	20 s

                      ------------------------------------------------------------------------------
2025-06-14 23:02:47   

                      ------------------------------------------------------------------------------
2025-06-14 23:02:47     Calculation 30 (Frequency: 22.196 GHz, Theta: 0, Phi: 0)


                      ------------------------------------------------------------------------------
2025-06-14 23:03:07     Matrix setup time        :	0 s
                        Solver setup             :	17 s
                        Degrees of freedom       :	463870
                        Number of mesh cells     :	72519

                        Stimulation port         :	Zmin
                        Mode number              :	1
                        Accuracy                 :	3.65487e-14
                        Iterations               :	1
                        Solver time              :	0 s


                      ------------------------------------------------------------------------------
2025-06-14 23:03:07     Total time               :	19 s

                      ------------------------------------------------------------------------------
2025-06-14 23:03:07   

                      ------------------------------------------------------------------------------
2025-06-14 23:03:07   Finished the general purpose interpolative broadband frequency sweep:
                      All broadband sweep convergence criteria have been satisfied after
                      calculating 30 frequency samples:

                        Broadband sweep error threshold value :  0.01 (All S-Parameters) 
                        Number of error criterion checks      :  2 (All S-Parameters) 
                        Minimum number of samples             :  3
                        Number of data samples, linear        :  1001

                      ------------------------------------------------------------------------------
2025-06-14 23:03:07     Number of mesh cells     :	72519
                        Degrees of freedom       :	462092
                        Total Solver Time        :	665 s	 (= 0 h, 11 m, 05 s)
                      ================================================================================



                      ------------------------------------------------------------------------------
2025-06-14 23:03:07     ----------------------------------------------------------------------------
                                            Peak memory used (kB)         Free physical memory (kB) 
                                                                          At begin     Minimum      
                        ----------------------------------------------------------------------------
                        Solver start        22268                         8575096      8574412      
                        Eq. system setup    7170184                       8555500      6797500      
                        Eq. system solve    7170184                       8511424      1003084      
                        Mesh refinement     5288624                       8314324      7590872      
                        Solver run total    7170184                       8575100      1003084      

                        Computer name       Tahsin
                        ----------------------------------------------------------------------------


                      ------------------------------------------------------------------------------
2025-06-14 23:03:07   Running postprocessing.

                      ------------------------------------------------------------------------------
2025-06-14 23:03:08   Postprocessing finished.

                      ------------------------------------------------------------------------------
