2025-04-05 14:06:56   *** Warning ***

                      Electric isotropic material [Copper (pure)] has a very high conductivity for
                      the given mesh. Depending on your configuration it may be better to use a lossy
                      metal type for this material. More...

                      ------------------------------------------------------------------------------
2025-04-05 14:06:56   In order to get an optimal performance, hyperthreading is ignored for parallel
                      computations.

                      ------------------------------------------------------------------------------
2025-04-05 14:06:58   Units settings: 

                        Dimensions: mm
                        Frequency:  GHz
                        Time:       s

                      ------------------------------------------------------------------------------
2025-04-05 14:06:58   Boundary conditions: 

                        YZsymmetry: none
                        XZsymmetry: none
                        XYsymmetry: none

                        Xmin: unit cell
                        Xmax: unit cell

                        Ymin: unit cell
                        Ymax: unit cell

                        Zmin: expanded open
                        Zmax: expanded open

                      ------------------------------------------------------------------------------
2025-04-05 14:06:58   Order settings: 

                        Solver order   : 2nd (constant)
                        Curved elements: up to order 3 (automatic)

                      ------------------------------------------------------------------------------
2025-04-05 14:06:58   An iterative solver will be used first.

                      ------------------------------------------------------------------------------
2025-04-05 14:06:58     Mesh time                :	2 s


                      ------------------------------------------------------------------------------
2025-04-05 14:06:58   
                      ================================================================================
                      Frequency Domain Solver calculation cycle started

                      ------------------------------------------------------------------------------
2025-04-05 14:06:58   Solver started at: 2025-04-05 14:06:58 +0600

                        Module:  Frequency Domain: S-Parameter (Win 64)
                        Version: 2024.1 Release from 2023-10-16 (change 1181985)

                      ------------------------------------------------------------------------------
2025-04-05 14:06:58   The low frequency stabilization is not applied to periodic problems.

                      ------------------------------------------------------------------------------
2025-04-05 14:06:58     Calculation 1 of 1 (Frequency: 32 GHz, Theta: 0, Phi: 0)


                      ------------------------------------------------------------------------------
2025-04-05 14:06:59   The wavelength based mesh refinement has been applied to 5.9% of all mesh edges.

                      ------------------------------------------------------------------------------
2025-04-05 14:06:59   For some elements the curvature had to be slightly reduced to maintain the quality of the mesh. More...

                      ------------------------------------------------------------------------------
2025-04-05 14:06:59   Adaptive mesh refinement pass 1

                      ------------------------------------------------------------------------------
2025-04-05 14:07:07   *** Warning ***

2025-04-05 14:07:07   Detected possible stagnation of the iterative solver (4.575808e-02 after 250 iterations.)
                      Please consider aborting the solver run, and check your simulation setup.  More...

                      ------------------------------------------------------------------------------
2025-04-05 14:07:14   *** Warning ***

2025-04-05 14:07:14   The solver stopped because the maximum number of iterations (500, used for automatic solver choice) has been reached.

                      ------------------------------------------------------------------------------
2025-04-05 14:07:14   Solving again, but with the direct solver. Please consider forcing the direct solver in the solver special settings, and
                      check your simulation setup (for instance source and material definitions.)

                      ------------------------------------------------------------------------------
2025-04-05 14:07:15     Matrix setup time        :	0 s
                        Degrees of freedom       :	40776
                        Number of mesh cells     :	6232

                        Stimulation port         :	Zmin
                        Mode number              :	1
                        Accuracy                 :	7.7059e-14
                        Iterations               :	1
                        Solver time              :	0 s


                      ------------------------------------------------------------------------------
2025-04-05 14:07:15   20% of all mesh edges seem to be longer than expected. The adaptive mesh refinement's growth limitation will therefore 
                      use 13976 instead of 4052 mesh cells as a reference.

                      ------------------------------------------------------------------------------
2025-04-05 14:07:15   The wavelength based mesh refinement has been applied to 0.1% of all mesh edges.

                      ------------------------------------------------------------------------------
2025-04-05 14:07:16   For some elements the curvature had to be reduced to maintain the quality of the mesh. More...

                      ------------------------------------------------------------------------------
2025-04-05 14:07:16   Adaptive mesh refinement pass 2

                      ------------------------------------------------------------------------------
2025-04-05 14:07:18     Matrix setup time        :	0 s
                        Solver setup             :	2 s
                        Degrees of freedom       :	79418
                        Number of mesh cells     :	12298

                        Stimulation port         :	Zmin
                        Mode number              :	1
                        Accuracy                 :	3.89706e-14
                        Iterations               :	1
                        Solver time              :	0 s


                      ------------------------------------------------------------------------------
2025-04-05 14:07:18     Delta calculation        
2025-04-05 14:07:18     All S-Parameters         :	0.0341354
2025-04-05 14:07:18   

                      ------------------------------------------------------------------------------
2025-04-05 14:07:20   For some elements the curvature had to be slightly reduced to maintain the quality of the mesh. More...

                      ------------------------------------------------------------------------------
2025-04-05 14:07:20   Adaptive mesh refinement pass 3

                      ------------------------------------------------------------------------------
2025-04-05 14:07:25     Matrix setup time        :	0 s
                        Solver setup             :	4 s
                        Degrees of freedom       :	129582
                        Number of mesh cells     :	20156

                        Stimulation port         :	Zmin
                        Mode number              :	1
                        Accuracy                 :	2.56252e-14
                        Iterations               :	1
                        Solver time              :	0 s


                      ------------------------------------------------------------------------------
2025-04-05 14:07:25     Delta calculation        
2025-04-05 14:07:25     All S-Parameters         :	0.0121765
2025-04-05 14:07:25   

                      ------------------------------------------------------------------------------
2025-04-05 14:07:25   Mesh adaptation terminated because the desired accuracy limit is reached.

                      ------------------------------------------------------------------------------
2025-04-05 14:07:25   *** Warning ***

2025-04-05 14:07:25   At least one propagating Floquet mode is not considered at port Zmin. Please increase the number of modes at this port. 
                      More...

                      ------------------------------------------------------------------------------
2025-04-05 14:07:25   *** Warning ***

2025-04-05 14:07:25   At least one propagating Floquet mode is not considered at port Zmax. Please increase the number of modes at this port. 
                      More...

                      ------------------------------------------------------------------------------
2025-04-05 14:07:25     Total time               :	26 s

                      ------------------------------------------------------------------------------
2025-04-05 14:07:25   

                      ------------------------------------------------------------------------------
2025-04-05 14:07:25     Calculation 2 (Frequency: 20 GHz, Theta: 0, Phi: 0)


                      ------------------------------------------------------------------------------
2025-04-05 14:07:29     Matrix setup time        :	0 s
                        Solver setup             :	3 s
                        Degrees of freedom       :	129582
                        Number of mesh cells     :	20156

                        Stimulation port         :	Zmin
                        Mode number              :	1
                        Accuracy                 :	5.00082e-14
                        Iterations               :	1
                        Solver time              :	0 s


                      ------------------------------------------------------------------------------
2025-04-05 14:07:29     Total time               :	3 s

                      ------------------------------------------------------------------------------
2025-04-05 14:07:29   

                      ------------------------------------------------------------------------------
2025-04-05 14:07:29     Calculation 3 (Frequency: 26 GHz, Theta: 0, Phi: 0)


                      ------------------------------------------------------------------------------
2025-04-05 14:07:32     Matrix setup time        :	0 s
                        Solver setup             :	3 s
                        Degrees of freedom       :	129582
                        Number of mesh cells     :	20156

                        Stimulation port         :	Zmin
                        Mode number              :	1
                        Accuracy                 :	4.61967e-14
                        Iterations               :	1
                        Solver time              :	0 s


                      ------------------------------------------------------------------------------
2025-04-05 14:07:33     Total time               :	3 s

                      ------------------------------------------------------------------------------
2025-04-05 14:07:33   

                      ------------------------------------------------------------------------------
2025-04-05 14:07:33     Calculation 4 (Frequency: 29 GHz, Theta: 0, Phi: 0)


                      ------------------------------------------------------------------------------
2025-04-05 14:07:36     Matrix setup time        :	0 s
                        Solver setup             :	3 s
                        Degrees of freedom       :	129582
                        Number of mesh cells     :	20156

                        Stimulation port         :	Zmin
                        Mode number              :	1
                        Accuracy                 :	5.1045e-14
                        Iterations               :	1
                        Solver time              :	0 s


                      ------------------------------------------------------------------------------
2025-04-05 14:07:37     Total time               :	3 s

                      ------------------------------------------------------------------------------
2025-04-05 14:07:37   

                      ------------------------------------------------------------------------------
2025-04-05 14:07:37     Calculation 5 (Frequency: 23.408 GHz, Theta: 0, Phi: 0)


                      ------------------------------------------------------------------------------
2025-04-05 14:07:40     Matrix setup time        :	0 s
                        Solver setup             :	3 s
                        Degrees of freedom       :	129582
                        Number of mesh cells     :	20156

                        Stimulation port         :	Zmin
                        Mode number              :	1
                        Accuracy                 :	3.89656e-14
                        Iterations               :	1
                        Solver time              :	0 s


                      ------------------------------------------------------------------------------
2025-04-05 14:07:40     Total time               :	3 s

                      ------------------------------------------------------------------------------
2025-04-05 14:07:40   

                      ------------------------------------------------------------------------------
2025-04-05 14:07:40     Calculation 6 (Frequency: 27.32 GHz, Theta: 0, Phi: 0)


                      ------------------------------------------------------------------------------
2025-04-05 14:07:45     Matrix setup time        :	0 s
                        Solver setup             :	3 s
                        Degrees of freedom       :	129582
                        Number of mesh cells     :	20156

                        Stimulation port         :	Zmin
                        Mode number              :	1
                        Accuracy                 :	3.60679e-14
                        Iterations               :	1
                        Solver time              :	0 s


                      ------------------------------------------------------------------------------
2025-04-05 14:07:45     Total time               :	4 s

                      ------------------------------------------------------------------------------
2025-04-05 14:07:45   

                      ------------------------------------------------------------------------------
2025-04-05 14:07:45     Calculation 7 (Frequency: 24.488 GHz, Theta: 0, Phi: 0)


                      ------------------------------------------------------------------------------
2025-04-05 14:07:49     Matrix setup time        :	0 s
                        Solver setup             :	3 s
                        Degrees of freedom       :	129582
                        Number of mesh cells     :	20156

                        Stimulation port         :	Zmin
                        Mode number              :	1
                        Accuracy                 :	2.48873e-14
                        Iterations               :	1
                        Solver time              :	0 s


                      ------------------------------------------------------------------------------
2025-04-05 14:07:49     Total time               :	4 s

                      ------------------------------------------------------------------------------
2025-04-05 14:07:49   

                      ------------------------------------------------------------------------------
2025-04-05 14:07:49     Calculation 8 (Frequency: 28.172 GHz, Theta: 0, Phi: 0)


                      ------------------------------------------------------------------------------
2025-04-05 14:07:54     Matrix setup time        :	0 s
                        Solver setup             :	3 s
                        Degrees of freedom       :	129582
                        Number of mesh cells     :	20156

                        Stimulation port         :	Zmin
                        Mode number              :	1
                        Accuracy                 :	4.41351e-14
                        Iterations               :	1
                        Solver time              :	0 s


                      ------------------------------------------------------------------------------
2025-04-05 14:07:54     Total time               :	4 s

                      ------------------------------------------------------------------------------
2025-04-05 14:07:54   

                      ------------------------------------------------------------------------------
2025-04-05 14:07:54     Calculation 9 (Frequency: 21.38 GHz, Theta: 0, Phi: 0)


                      ------------------------------------------------------------------------------
2025-04-05 14:07:58     Matrix setup time        :	0 s
                        Solver setup             :	3 s
                        Degrees of freedom       :	129582
                        Number of mesh cells     :	20156

                        Stimulation port         :	Zmin
                        Mode number              :	1
                        Accuracy                 :	5.99491e-14
                        Iterations               :	1
                        Solver time              :	0 s


                      ------------------------------------------------------------------------------
2025-04-05 14:07:58     Total time               :	4 s

                      ------------------------------------------------------------------------------
2025-04-05 14:07:58   

                      ------------------------------------------------------------------------------
2025-04-05 14:07:58     Calculation 10 (Frequency: 30.536 GHz, Theta: 0, Phi: 0)


                      ------------------------------------------------------------------------------
2025-04-05 14:08:02     Matrix setup time        :	0 s
                        Solver setup             :	3 s
                        Degrees of freedom       :	129582
                        Number of mesh cells     :	20156

                        Stimulation port         :	Zmin
                        Mode number              :	1
                        Accuracy                 :	4.25469e-14
                        Iterations               :	1
                        Solver time              :	0 s


                      ------------------------------------------------------------------------------
2025-04-05 14:08:02     Total time               :	4 s

                      ------------------------------------------------------------------------------
2025-04-05 14:08:02   

                      ------------------------------------------------------------------------------
2025-04-05 14:08:02     Calculation 11 (Frequency: 21.224 GHz, Theta: 0, Phi: 0)


                      ------------------------------------------------------------------------------
2025-04-05 14:08:07     Matrix setup time        :	0 s
                        Solver setup             :	3 s
                        Degrees of freedom       :	129582
                        Number of mesh cells     :	20156

                        Stimulation port         :	Zmin
                        Mode number              :	1
                        Accuracy                 :	5.04463e-14
                        Iterations               :	1
                        Solver time              :	0 s


                      ------------------------------------------------------------------------------
2025-04-05 14:08:07     Total time               :	4 s

                      ------------------------------------------------------------------------------
2025-04-05 14:08:07   

                      ------------------------------------------------------------------------------
2025-04-05 14:08:07     Calculation 12 (Frequency: 30.572 GHz, Theta: 0, Phi: 0)


                      ------------------------------------------------------------------------------
2025-04-05 14:08:11     Matrix setup time        :	0 s
                        Solver setup             :	3 s
                        Degrees of freedom       :	129582
                        Number of mesh cells     :	20156

                        Stimulation port         :	Zmin
                        Mode number              :	1
                        Accuracy                 :	4.34614e-14
                        Iterations               :	1
                        Solver time              :	0 s


                      ------------------------------------------------------------------------------
2025-04-05 14:08:11     Total time               :	4 s

                      ------------------------------------------------------------------------------
2025-04-05 14:08:11   

                      ------------------------------------------------------------------------------
2025-04-05 14:08:11     Calculation 13 (Frequency: 30.236 GHz, Theta: 0, Phi: 0)


                      ------------------------------------------------------------------------------
2025-04-05 14:08:15     Matrix setup time        :	0 s
                        Solver setup             :	3 s
                        Degrees of freedom       :	129582
                        Number of mesh cells     :	20156

                        Stimulation port         :	Zmin
                        Mode number              :	1
                        Accuracy                 :	4.68609e-14
                        Iterations               :	1
                        Solver time              :	0 s


                      ------------------------------------------------------------------------------
2025-04-05 14:08:16     Total time               :	4 s

                      ------------------------------------------------------------------------------
2025-04-05 14:08:16   

                      ------------------------------------------------------------------------------
2025-04-05 14:08:16     Calculation 14 (Frequency: 20.648 GHz, Theta: 0, Phi: 0)


                      ------------------------------------------------------------------------------
2025-04-05 14:08:20     Matrix setup time        :	0 s
                        Solver setup             :	3 s
                        Degrees of freedom       :	129582
                        Number of mesh cells     :	20156

                        Stimulation port         :	Zmin
                        Mode number              :	1
                        Accuracy                 :	4.67039e-14
                        Iterations               :	1
                        Solver time              :	0 s


                      ------------------------------------------------------------------------------
2025-04-05 14:08:20     Total time               :	4 s

                      ------------------------------------------------------------------------------
2025-04-05 14:08:20   

                      ------------------------------------------------------------------------------
2025-04-05 14:08:20     Calculation 15 (Frequency: 26.888 GHz, Theta: 0, Phi: 0)


                      ------------------------------------------------------------------------------
2025-04-05 14:08:24     Matrix setup time        :	0 s
                        Solver setup             :	3 s
                        Degrees of freedom       :	129582
                        Number of mesh cells     :	20156

                        Stimulation port         :	Zmin
                        Mode number              :	1
                        Accuracy                 :	3.19691e-14
                        Iterations               :	1
                        Solver time              :	0 s


                      ------------------------------------------------------------------------------
2025-04-05 14:08:24     Total time               :	4 s

                      ------------------------------------------------------------------------------
2025-04-05 14:08:24   

                      ------------------------------------------------------------------------------
2025-04-05 14:08:24     Calculation 16 (Frequency: 27.548 GHz, Theta: 0, Phi: 0)


                      ------------------------------------------------------------------------------
2025-04-05 14:08:28     Matrix setup time        :	0 s
                        Solver setup             :	3 s
                        Degrees of freedom       :	129582
                        Number of mesh cells     :	20156

                        Stimulation port         :	Zmin
                        Mode number              :	1
                        Accuracy                 :	3.71365e-14
                        Iterations               :	1
                        Solver time              :	0 s


                      ------------------------------------------------------------------------------
2025-04-05 14:08:28     Total time               :	4 s

                      ------------------------------------------------------------------------------
2025-04-05 14:08:28   

                      ------------------------------------------------------------------------------
2025-04-05 14:08:28     Calculation 17 (Frequency: 25.628 GHz, Theta: 0, Phi: 0)


                      ------------------------------------------------------------------------------
2025-04-05 14:08:32     Matrix setup time        :	0 s
                        Solver setup             :	3 s
                        Degrees of freedom       :	129582
                        Number of mesh cells     :	20156

                        Stimulation port         :	Zmin
                        Mode number              :	1
                        Accuracy                 :	3.13928e-14
                        Iterations               :	1
                        Solver time              :	0 s


                      ------------------------------------------------------------------------------
2025-04-05 14:08:32     Total time               :	4 s

                      ------------------------------------------------------------------------------
2025-04-05 14:08:32   

                      ------------------------------------------------------------------------------
2025-04-05 14:08:32     Calculation 18 (Frequency: 26.3 GHz, Theta: 0, Phi: 0)


                      ------------------------------------------------------------------------------
2025-04-05 14:08:36     Matrix setup time        :	0 s
                        Solver setup             :	3 s
                        Degrees of freedom       :	129582
                        Number of mesh cells     :	20156

                        Stimulation port         :	Zmin
                        Mode number              :	1
                        Accuracy                 :	4.03937e-14
                        Iterations               :	1
                        Solver time              :	0 s


                      ------------------------------------------------------------------------------
2025-04-05 14:08:37     Total time               :	4 s

                      ------------------------------------------------------------------------------
2025-04-05 14:08:37   

                      ------------------------------------------------------------------------------
2025-04-05 14:08:37     Calculation 19 (Frequency: 22.508 GHz, Theta: 0, Phi: 0)


                      ------------------------------------------------------------------------------
2025-04-05 14:08:41     Matrix setup time        :	0 s
                        Solver setup             :	3 s
                        Degrees of freedom       :	129582
                        Number of mesh cells     :	20156

                        Stimulation port         :	Zmin
                        Mode number              :	1
                        Accuracy                 :	3.29765e-14
                        Iterations               :	1
                        Solver time              :	0 s


                      ------------------------------------------------------------------------------
2025-04-05 14:08:41     Total time               :	4 s

                      ------------------------------------------------------------------------------
2025-04-05 14:08:41   

                      ------------------------------------------------------------------------------
2025-04-05 14:08:41     Calculation 20 (Frequency: 23.732 GHz, Theta: 0, Phi: 0)


                      ------------------------------------------------------------------------------
2025-04-05 14:08:45     Matrix setup time        :	0 s
                        Solver setup             :	3 s
                        Degrees of freedom       :	129582
                        Number of mesh cells     :	20156

                        Stimulation port         :	Zmin
                        Mode number              :	1
                        Accuracy                 :	4.02636e-14
                        Iterations               :	1
                        Solver time              :	0 s


                      ------------------------------------------------------------------------------
2025-04-05 14:08:45     Total time               :	4 s

                      ------------------------------------------------------------------------------
2025-04-05 14:08:45   

                      ------------------------------------------------------------------------------
2025-04-05 14:08:45     Calculation 21 (Frequency: 22.268 GHz, Theta: 0, Phi: 0)


                      ------------------------------------------------------------------------------
2025-04-05 14:08:50     Matrix setup time        :	0 s
                        Solver setup             :	4 s
                        Degrees of freedom       :	129582
                        Number of mesh cells     :	20156

                        Stimulation port         :	Zmin
                        Mode number              :	1
                        Accuracy                 :	4.18237e-14
                        Iterations               :	1
                        Solver time              :	0 s


                      ------------------------------------------------------------------------------
2025-04-05 14:08:50     Total time               :	5 s

                      ------------------------------------------------------------------------------
2025-04-05 14:08:50   

                      ------------------------------------------------------------------------------
2025-04-05 14:08:50     Calculation 22 (Frequency: 22.748 GHz, Theta: 0, Phi: 0)


                      ------------------------------------------------------------------------------
2025-04-05 14:08:55     Matrix setup time        :	0 s
                        Solver setup             :	3 s
                        Degrees of freedom       :	129582
                        Number of mesh cells     :	20156

                        Stimulation port         :	Zmin
                        Mode number              :	1
                        Accuracy                 :	3.03599e-14
                        Iterations               :	1
                        Solver time              :	0 s


                      ------------------------------------------------------------------------------
2025-04-05 14:08:55     Total time               :	4 s

                      ------------------------------------------------------------------------------
2025-04-05 14:08:55   

                      ------------------------------------------------------------------------------
2025-04-05 14:08:55     Calculation 23 (Frequency: 21.632 GHz, Theta: 0, Phi: 0)


                      ------------------------------------------------------------------------------
2025-04-05 14:08:59     Matrix setup time        :	0 s
                        Solver setup             :	3 s
                        Degrees of freedom       :	129582
                        Number of mesh cells     :	20156

                        Stimulation port         :	Zmin
                        Mode number              :	1
                        Accuracy                 :	7.00089e-14
                        Iterations               :	1
                        Solver time              :	0 s


                      ------------------------------------------------------------------------------
2025-04-05 14:08:59     Total time               :	4 s

                      ------------------------------------------------------------------------------
2025-04-05 14:08:59   

                      ------------------------------------------------------------------------------
2025-04-05 14:08:59     Calculation 24 (Frequency: 27.848 GHz, Theta: 0, Phi: 0)


                      ------------------------------------------------------------------------------
2025-04-05 14:09:03     Matrix setup time        :	0 s
                        Solver setup             :	3 s
                        Degrees of freedom       :	129582
                        Number of mesh cells     :	20156

                        Stimulation port         :	Zmin
                        Mode number              :	1
                        Accuracy                 :	4.39642e-14
                        Iterations               :	1
                        Solver time              :	0 s


                      ------------------------------------------------------------------------------
2025-04-05 14:09:04     Total time               :	4 s

                      ------------------------------------------------------------------------------
2025-04-05 14:09:04   

                      ------------------------------------------------------------------------------
2025-04-05 14:09:04     Calculation 25 (Frequency: 28.352 GHz, Theta: 0, Phi: 0)


                      ------------------------------------------------------------------------------
2025-04-05 14:09:08     Matrix setup time        :	0 s
                        Solver setup             :	3 s
                        Degrees of freedom       :	129582
                        Number of mesh cells     :	20156

                        Stimulation port         :	Zmin
                        Mode number              :	1
                        Accuracy                 :	4.99696e-14
                        Iterations               :	1
                        Solver time              :	0 s


                      ------------------------------------------------------------------------------
2025-04-05 14:09:08     Total time               :	4 s

                      ------------------------------------------------------------------------------
2025-04-05 14:09:08   

                      ------------------------------------------------------------------------------
2025-04-05 14:09:08     Calculation 26 (Frequency: 30.128 GHz, Theta: 0, Phi: 0)


                      ------------------------------------------------------------------------------
2025-04-05 14:09:12     Matrix setup time        :	0 s
                        Solver setup             :	3 s
                        Degrees of freedom       :	129582
                        Number of mesh cells     :	20156

                        Stimulation port         :	Zmin
                        Mode number              :	1
                        Accuracy                 :	4.74493e-14
                        Iterations               :	1
                        Solver time              :	0 s


                      ------------------------------------------------------------------------------
2025-04-05 14:09:13     Total time               :	4 s

                      ------------------------------------------------------------------------------
2025-04-05 14:09:13   

                      ------------------------------------------------------------------------------
2025-04-05 14:09:13     Calculation 27 (Frequency: 31.328 GHz, Theta: 0, Phi: 0)


                      ------------------------------------------------------------------------------
2025-04-05 14:09:17     Matrix setup time        :	0 s
                        Solver setup             :	3 s
                        Degrees of freedom       :	129582
                        Number of mesh cells     :	20156

                        Stimulation port         :	Zmin
                        Mode number              :	1
                        Accuracy                 :	2.92788e-14
                        Iterations               :	1
                        Solver time              :	0 s


                      ------------------------------------------------------------------------------
2025-04-05 14:09:17     Total time               :	4 s

                      ------------------------------------------------------------------------------
2025-04-05 14:09:17   

                      ------------------------------------------------------------------------------
2025-04-05 14:09:17     Calculation 28 (Frequency: 24.752 GHz, Theta: 0, Phi: 0)


                      ------------------------------------------------------------------------------
2025-04-05 14:09:21     Matrix setup time        :	0 s
                        Solver setup             :	3 s
                        Degrees of freedom       :	129582
                        Number of mesh cells     :	20156

                        Stimulation port         :	Zmin
                        Mode number              :	1
                        Accuracy                 :	3.08816e-14
                        Iterations               :	1
                        Solver time              :	0 s


                      ------------------------------------------------------------------------------
2025-04-05 14:09:21     Total time               :	4 s

                      ------------------------------------------------------------------------------
2025-04-05 14:09:21   

                      ------------------------------------------------------------------------------
2025-04-05 14:09:21     Calculation 29 (Frequency: 29.636 GHz, Theta: 0, Phi: 0)


                      ------------------------------------------------------------------------------
2025-04-05 14:09:25     Matrix setup time        :	0 s
                        Solver setup             :	3 s
                        Degrees of freedom       :	129582
                        Number of mesh cells     :	20156

                        Stimulation port         :	Zmin
                        Mode number              :	1
                        Accuracy                 :	4.71979e-14
                        Iterations               :	1
                        Solver time              :	0 s


                      ------------------------------------------------------------------------------
2025-04-05 14:09:25     Total time               :	4 s

                      ------------------------------------------------------------------------------
2025-04-05 14:09:25   

                      ------------------------------------------------------------------------------
2025-04-05 14:09:25   Finished the general purpose interpolative broadband frequency sweep:
                      All broadband sweep convergence criteria have been satisfied after
                      calculating 29 frequency samples:

                        Broadband sweep error threshold value :  0.01 (All S-Parameters) 
                        Number of error criterion checks      :  2 (All S-Parameters) 
                        Minimum number of samples             :  3
                        Number of data samples, linear        :  1001

                      ------------------------------------------------------------------------------
2025-04-05 14:09:25     Number of mesh cells     :	20156
                        Degrees of freedom       :	128582
                        Total Solver Time        :	148 s	 (= 0 h, 02 m, 28 s)
                      ================================================================================



                      ------------------------------------------------------------------------------
2025-04-05 14:09:25     ----------------------------------------------------------------------------
                                            Peak memory used (kB)         Free physical memory (kB) 
                                                                          At begin     Minimum      
                        ----------------------------------------------------------------------------
                        Solver start        22076                         6419440      6418560      
                        Eq. system setup    2266024                       6396688      5490848      
                        Eq. system solve    2266024                       6347272      4051628      
                        Mesh refinement     1442828                       6192208      5895888      
                        Solver run total    2266024                       6419444      4051628      

                        Computer name       Tahsin
                        ----------------------------------------------------------------------------


                      ------------------------------------------------------------------------------
2025-04-05 14:09:26   Running postprocessing.

                      ------------------------------------------------------------------------------
2025-04-05 14:09:26   Postprocessing finished.

                      ------------------------------------------------------------------------------
