2025-05-28 00:56:50   *** Warning ***

                      Electric isotropic material [Copper (pure)] has a very high conductivity for
                      the given mesh. Depending on your configuration it may be better to use a lossy
                      metal type for this material. More...

                      ------------------------------------------------------------------------------
2025-05-28 00:56:50   In order to get an optimal performance, hyperthreading is ignored for parallel
                      computations.

                      ------------------------------------------------------------------------------
2025-05-28 00:56:52   Units settings: 

                        Dimensions: mm
                        Frequency:  GHz
                        Time:       s

                      ------------------------------------------------------------------------------
2025-05-28 00:56:52   Boundary conditions: 

                        YZsymmetry: none
                        XZsymmetry: none
                        XYsymmetry: none

                        Xmin: unit cell
                        Xmax: unit cell

                        Ymin: unit cell
                        Ymax: unit cell

                        Zmin: expanded open
                        Zmax: expanded open

                      ------------------------------------------------------------------------------
2025-05-28 00:56:52   Order settings: 

                        Solver order   : 2nd (constant)
                        Curved elements: up to order 3 (automatic)

                      ------------------------------------------------------------------------------
2025-05-28 00:56:52   An iterative solver will be used first.

                      ------------------------------------------------------------------------------
2025-05-28 00:56:52     Mesh time                :	2 s


                      ------------------------------------------------------------------------------
2025-05-28 00:56:52   
                      ================================================================================
                      Frequency Domain Solver calculation cycle started

                      ------------------------------------------------------------------------------
2025-05-28 00:56:52   Solver started at: 2025-05-28 00:56:52 +0600

                        Module:  Frequency Domain: S-Parameter (Win 64)
                        Version: 2024.1 Release from 2023-10-16 (change 1181985)

                      ------------------------------------------------------------------------------
2025-05-28 00:56:52   The low frequency stabilization is not applied to periodic problems.

                      ------------------------------------------------------------------------------
2025-05-28 00:56:52     Calculation 1 of 1 (Frequency: 32 GHz, Theta: 0, Phi: 0)


                      ------------------------------------------------------------------------------
2025-05-28 00:56:52   The wavelength based mesh refinement has been applied to 5.0% of all mesh edges.

                      ------------------------------------------------------------------------------
2025-05-28 00:56:52   For some elements the curvature had to be reduced to maintain the quality of the mesh. More...

                      ------------------------------------------------------------------------------
2025-05-28 00:56:52   Adaptive mesh refinement pass 1

                      ------------------------------------------------------------------------------
2025-05-28 00:56:59   *** Warning ***

2025-05-28 00:56:59   Detected possible stagnation of the iterative solver (3.973082e-02 after 250 iterations.)
                      Please consider aborting the solver run, and check your simulation setup.  More...

                      ------------------------------------------------------------------------------
2025-05-28 00:57:06   *** Warning ***

2025-05-28 00:57:06   The solver stopped because the maximum number of iterations (500, used for automatic solver choice) has been reached.

                      ------------------------------------------------------------------------------
2025-05-28 00:57:06   Solving again, but with the direct solver. Please consider forcing the direct solver in the solver special settings, and
                      check your simulation setup (for instance source and material definitions.)

                      ------------------------------------------------------------------------------
2025-05-28 00:57:07     Matrix setup time        :	0 s
                        Degrees of freedom       :	35692
                        Number of mesh cells     :	5436

                        Stimulation port         :	Zmin
                        Mode number              :	1
                        Accuracy                 :	8.38826e-14
                        Iterations               :	1
                        Solver time              :	0 s


                      ------------------------------------------------------------------------------
2025-05-28 00:57:07   26% of all mesh edges seem to be longer than expected. The adaptive mesh refinement's growth limitation will therefore 
                      use 14059 instead of 3664 mesh cells as a reference.

                      ------------------------------------------------------------------------------
2025-05-28 00:57:07   The wavelength based mesh refinement has been applied to 0.2% of all mesh edges.

                      ------------------------------------------------------------------------------
2025-05-28 00:57:08   For some elements the curvature had to be reduced to maintain the quality of the mesh. More...

                      ------------------------------------------------------------------------------
2025-05-28 00:57:08   Adaptive mesh refinement pass 2

                      ------------------------------------------------------------------------------
2025-05-28 00:57:10     Matrix setup time        :	0 s
                        Solver setup             :	1 s
                        Degrees of freedom       :	72752
                        Number of mesh cells     :	11259

                        Stimulation port         :	Zmin
                        Mode number              :	1
                        Accuracy                 :	5.83675e-14
                        Iterations               :	1
                        Solver time              :	0 s


                      ------------------------------------------------------------------------------
2025-05-28 00:57:10     Delta calculation        
2025-05-28 00:57:10     All S-Parameters         :	0.0560522
2025-05-28 00:57:10   

                      ------------------------------------------------------------------------------
2025-05-28 00:57:11   For some elements the curvature had to be slightly reduced to maintain the quality of the mesh. More...

                      ------------------------------------------------------------------------------
2025-05-28 00:57:12   Adaptive mesh refinement pass 3

                      ------------------------------------------------------------------------------
2025-05-28 00:57:16     Matrix setup time        :	0 s
                        Solver setup             :	3 s
                        Degrees of freedom       :	122346
                        Number of mesh cells     :	19022

                        Stimulation port         :	Zmin
                        Mode number              :	1
                        Accuracy                 :	2.43057e-14
                        Iterations               :	1
                        Solver time              :	0 s


                      ------------------------------------------------------------------------------
2025-05-28 00:57:16     Delta calculation        
2025-05-28 00:57:16     All S-Parameters         :	0.012581
2025-05-28 00:57:16   

                      ------------------------------------------------------------------------------
2025-05-28 00:57:16   Mesh adaptation terminated because the desired accuracy limit is reached.

                      ------------------------------------------------------------------------------
2025-05-28 00:57:16   *** Warning ***

2025-05-28 00:57:16   At least one propagating Floquet mode is not considered at port Zmin. Please increase the number of modes at this port. 
                      More...

                      ------------------------------------------------------------------------------
2025-05-28 00:57:16   *** Warning ***

2025-05-28 00:57:16   At least one propagating Floquet mode is not considered at port Zmax. Please increase the number of modes at this port. 
                      More...

                      ------------------------------------------------------------------------------
2025-05-28 00:57:16     Total time               :	24 s

                      ------------------------------------------------------------------------------
2025-05-28 00:57:16   

                      ------------------------------------------------------------------------------
2025-05-28 00:57:16     Calculation 2 (Frequency: 20 GHz, Theta: 0, Phi: 0)


                      ------------------------------------------------------------------------------
2025-05-28 00:57:20     Matrix setup time        :	0 s
                        Solver setup             :	2 s
                        Degrees of freedom       :	122346
                        Number of mesh cells     :	19022

                        Stimulation port         :	Zmin
                        Mode number              :	1
                        Accuracy                 :	4.89726e-14
                        Iterations               :	1
                        Solver time              :	0 s


                      ------------------------------------------------------------------------------
2025-05-28 00:57:20     Total time               :	3 s

                      ------------------------------------------------------------------------------
2025-05-28 00:57:20   

                      ------------------------------------------------------------------------------
2025-05-28 00:57:20     Calculation 3 (Frequency: 26 GHz, Theta: 0, Phi: 0)


                      ------------------------------------------------------------------------------
2025-05-28 00:57:23     Matrix setup time        :	0 s
                        Solver setup             :	2 s
                        Degrees of freedom       :	122346
                        Number of mesh cells     :	19022

                        Stimulation port         :	Zmin
                        Mode number              :	1
                        Accuracy                 :	2.5674e-14
                        Iterations               :	1
                        Solver time              :	0 s


                      ------------------------------------------------------------------------------
2025-05-28 00:57:23     Total time               :	3 s

                      ------------------------------------------------------------------------------
2025-05-28 00:57:23   

                      ------------------------------------------------------------------------------
2025-05-28 00:57:23     Calculation 4 (Frequency: 29 GHz, Theta: 0, Phi: 0)


                      ------------------------------------------------------------------------------
2025-05-28 00:57:27     Matrix setup time        :	0 s
                        Solver setup             :	2 s
                        Degrees of freedom       :	122346
                        Number of mesh cells     :	19022

                        Stimulation port         :	Zmin
                        Mode number              :	1
                        Accuracy                 :	3.44119e-14
                        Iterations               :	1
                        Solver time              :	0 s


                      ------------------------------------------------------------------------------
2025-05-28 00:57:27     Total time               :	3 s

                      ------------------------------------------------------------------------------
2025-05-28 00:57:27   

                      ------------------------------------------------------------------------------
2025-05-28 00:57:27     Calculation 5 (Frequency: 23.144 GHz, Theta: 0, Phi: 0)


                      ------------------------------------------------------------------------------
2025-05-28 00:57:30     Matrix setup time        :	0 s
                        Solver setup             :	2 s
                        Degrees of freedom       :	122346
                        Number of mesh cells     :	19022

                        Stimulation port         :	Zmin
                        Mode number              :	1
                        Accuracy                 :	3.52208e-14
                        Iterations               :	1
                        Solver time              :	0 s


                      ------------------------------------------------------------------------------
2025-05-28 00:57:30     Total time               :	3 s

                      ------------------------------------------------------------------------------
2025-05-28 00:57:30   

                      ------------------------------------------------------------------------------
2025-05-28 00:57:30     Calculation 6 (Frequency: 27.416 GHz, Theta: 0, Phi: 0)


                      ------------------------------------------------------------------------------
2025-05-28 00:57:34     Matrix setup time        :	0 s
                        Solver setup             :	3 s
                        Degrees of freedom       :	122346
                        Number of mesh cells     :	19022

                        Stimulation port         :	Zmin
                        Mode number              :	1
                        Accuracy                 :	2.90164e-14
                        Iterations               :	1
                        Solver time              :	0 s


                      ------------------------------------------------------------------------------
2025-05-28 00:57:34     Total time               :	3 s

                      ------------------------------------------------------------------------------
2025-05-28 00:57:34   

                      ------------------------------------------------------------------------------
2025-05-28 00:57:34     Calculation 7 (Frequency: 24.392 GHz, Theta: 0, Phi: 0)


                      ------------------------------------------------------------------------------
2025-05-28 00:57:37     Matrix setup time        :	0 s
                        Solver setup             :	2 s
                        Degrees of freedom       :	122346
                        Number of mesh cells     :	19022

                        Stimulation port         :	Zmin
                        Mode number              :	1
                        Accuracy                 :	3.65528e-14
                        Iterations               :	1
                        Solver time              :	0 s


                      ------------------------------------------------------------------------------
2025-05-28 00:57:37     Total time               :	3 s

                      ------------------------------------------------------------------------------
2025-05-28 00:57:37   

                      ------------------------------------------------------------------------------
2025-05-28 00:57:37     Calculation 8 (Frequency: 28.064 GHz, Theta: 0, Phi: 0)


                      ------------------------------------------------------------------------------
2025-05-28 00:57:41     Matrix setup time        :	0 s
                        Solver setup             :	2 s
                        Degrees of freedom       :	122346
                        Number of mesh cells     :	19022

                        Stimulation port         :	Zmin
                        Mode number              :	1
                        Accuracy                 :	3.38048e-14
                        Iterations               :	1
                        Solver time              :	0 s


                      ------------------------------------------------------------------------------
2025-05-28 00:57:41     Total time               :	3 s

                      ------------------------------------------------------------------------------
2025-05-28 00:57:41   

                      ------------------------------------------------------------------------------
2025-05-28 00:57:41     Calculation 9 (Frequency: 29.888 GHz, Theta: 0, Phi: 0)


                      ------------------------------------------------------------------------------
2025-05-28 00:57:44     Matrix setup time        :	0 s
                        Solver setup             :	2 s
                        Degrees of freedom       :	122346
                        Number of mesh cells     :	19022

                        Stimulation port         :	Zmin
                        Mode number              :	1
                        Accuracy                 :	3.84468e-14
                        Iterations               :	1
                        Solver time              :	0 s


                      ------------------------------------------------------------------------------
2025-05-28 00:57:44     Total time               :	3 s

                      ------------------------------------------------------------------------------
2025-05-28 00:57:44   

                      ------------------------------------------------------------------------------
2025-05-28 00:57:44     Calculation 10 (Frequency: 28.544 GHz, Theta: 0, Phi: 0)


                      ------------------------------------------------------------------------------
2025-05-28 00:57:48     Matrix setup time        :	0 s
                        Solver setup             :	2 s
                        Degrees of freedom       :	122346
                        Number of mesh cells     :	19022

                        Stimulation port         :	Zmin
                        Mode number              :	1
                        Accuracy                 :	3.42504e-14
                        Iterations               :	1
                        Solver time              :	0 s


                      ------------------------------------------------------------------------------
2025-05-28 00:57:48     Total time               :	3 s

                      ------------------------------------------------------------------------------
2025-05-28 00:57:48   

                      ------------------------------------------------------------------------------
2025-05-28 00:57:48     Calculation 11 (Frequency: 31.244 GHz, Theta: 0, Phi: 0)


                      ------------------------------------------------------------------------------
2025-05-28 00:57:51     Matrix setup time        :	0 s
                        Solver setup             :	2 s
                        Degrees of freedom       :	122346
                        Number of mesh cells     :	19022

                        Stimulation port         :	Zmin
                        Mode number              :	1
                        Accuracy                 :	3.02464e-14
                        Iterations               :	1
                        Solver time              :	0 s


                      ------------------------------------------------------------------------------
2025-05-28 00:57:51     Total time               :	3 s

                      ------------------------------------------------------------------------------
2025-05-28 00:57:51   

                      ------------------------------------------------------------------------------
2025-05-28 00:57:51     Calculation 12 (Frequency: 29.084 GHz, Theta: 0, Phi: 0)


                      ------------------------------------------------------------------------------
2025-05-28 00:57:55     Matrix setup time        :	0 s
                        Solver setup             :	3 s
                        Degrees of freedom       :	122346
                        Number of mesh cells     :	19022

                        Stimulation port         :	Zmin
                        Mode number              :	1
                        Accuracy                 :	3.69449e-14
                        Iterations               :	1
                        Solver time              :	0 s


                      ------------------------------------------------------------------------------
2025-05-28 00:57:55     Total time               :	3 s

                      ------------------------------------------------------------------------------
2025-05-28 00:57:55   

                      ------------------------------------------------------------------------------
2025-05-28 00:57:55     Calculation 13 (Frequency: 30.632 GHz, Theta: 0, Phi: 0)


                      ------------------------------------------------------------------------------
2025-05-28 00:57:59     Matrix setup time        :	0 s
                        Solver setup             :	2 s
                        Degrees of freedom       :	122346
                        Number of mesh cells     :	19022

                        Stimulation port         :	Zmin
                        Mode number              :	1
                        Accuracy                 :	3.19837e-14
                        Iterations               :	1
                        Solver time              :	0 s


                      ------------------------------------------------------------------------------
2025-05-28 00:57:59     Total time               :	3 s

                      ------------------------------------------------------------------------------
2025-05-28 00:57:59   

                      ------------------------------------------------------------------------------
2025-05-28 00:57:59     Calculation 14 (Frequency: 29.468 GHz, Theta: 0, Phi: 0)


                      ------------------------------------------------------------------------------
2025-05-28 00:58:02     Matrix setup time        :	0 s
                        Solver setup             :	3 s
                        Degrees of freedom       :	122346
                        Number of mesh cells     :	19022

                        Stimulation port         :	Zmin
                        Mode number              :	1
                        Accuracy                 :	3.61583e-14
                        Iterations               :	1
                        Solver time              :	0 s


                      ------------------------------------------------------------------------------
2025-05-28 00:58:02     Total time               :	3 s

                      ------------------------------------------------------------------------------
2025-05-28 00:58:02   

                      ------------------------------------------------------------------------------
2025-05-28 00:58:02     Calculation 15 (Frequency: 30.152 GHz, Theta: 0, Phi: 0)


                      ------------------------------------------------------------------------------
2025-05-28 00:58:06     Matrix setup time        :	0 s
                        Solver setup             :	3 s
                        Degrees of freedom       :	122346
                        Number of mesh cells     :	19022

                        Stimulation port         :	Zmin
                        Mode number              :	1
                        Accuracy                 :	3.13739e-14
                        Iterations               :	1
                        Solver time              :	0 s


                      ------------------------------------------------------------------------------
2025-05-28 00:58:06     Total time               :	3 s

                      ------------------------------------------------------------------------------
2025-05-28 00:58:06   

                      ------------------------------------------------------------------------------
2025-05-28 00:58:06     Calculation 16 (Frequency: 30.896 GHz, Theta: 0, Phi: 0)


                      ------------------------------------------------------------------------------
2025-05-28 00:58:10     Matrix setup time        :	0 s
                        Solver setup             :	3 s
                        Degrees of freedom       :	122346
                        Number of mesh cells     :	19022

                        Stimulation port         :	Zmin
                        Mode number              :	1
                        Accuracy                 :	3.32307e-14
                        Iterations               :	1
                        Solver time              :	0 s


                      ------------------------------------------------------------------------------
2025-05-28 00:58:10     Total time               :	3 s

                      ------------------------------------------------------------------------------
2025-05-28 00:58:10   

                      ------------------------------------------------------------------------------
2025-05-28 00:58:10     Calculation 17 (Frequency: 26.276 GHz, Theta: 0, Phi: 0)


                      ------------------------------------------------------------------------------
2025-05-28 00:58:14     Matrix setup time        :	0 s
                        Solver setup             :	3 s
                        Degrees of freedom       :	122346
                        Number of mesh cells     :	19022

                        Stimulation port         :	Zmin
                        Mode number              :	1
                        Accuracy                 :	2.62662e-14
                        Iterations               :	1
                        Solver time              :	0 s


                      ------------------------------------------------------------------------------
2025-05-28 00:58:14     Total time               :	3 s

                      ------------------------------------------------------------------------------
2025-05-28 00:58:14   

                      ------------------------------------------------------------------------------
2025-05-28 00:58:14     Calculation 18 (Frequency: 21.548 GHz, Theta: 0, Phi: 0)


                      ------------------------------------------------------------------------------
2025-05-28 00:58:17     Matrix setup time        :	0 s
                        Solver setup             :	3 s
                        Degrees of freedom       :	122346
                        Number of mesh cells     :	19022

                        Stimulation port         :	Zmin
                        Mode number              :	1
                        Accuracy                 :	4.89046e-14
                        Iterations               :	1
                        Solver time              :	0 s


                      ------------------------------------------------------------------------------
2025-05-28 00:58:17     Total time               :	3 s

                      ------------------------------------------------------------------------------
2025-05-28 00:58:17   

                      ------------------------------------------------------------------------------
2025-05-28 00:58:17     Calculation 19 (Frequency: 26.456 GHz, Theta: 0, Phi: 0)


                      ------------------------------------------------------------------------------
2025-05-28 00:58:21     Matrix setup time        :	0 s
                        Solver setup             :	3 s
                        Degrees of freedom       :	122346
                        Number of mesh cells     :	19022

                        Stimulation port         :	Zmin
                        Mode number              :	1
                        Accuracy                 :	3.48346e-14
                        Iterations               :	1
                        Solver time              :	0 s


                      ------------------------------------------------------------------------------
2025-05-28 00:58:21     Total time               :	3 s

                      ------------------------------------------------------------------------------
2025-05-28 00:58:21   

                      ------------------------------------------------------------------------------
2025-05-28 00:58:21     Calculation 20 (Frequency: 21.824 GHz, Theta: 0, Phi: 0)


                      ------------------------------------------------------------------------------
2025-05-28 00:58:25     Matrix setup time        :	0 s
                        Solver setup             :	3 s
                        Degrees of freedom       :	122346
                        Number of mesh cells     :	19022

                        Stimulation port         :	Zmin
                        Mode number              :	1
                        Accuracy                 :	5.06606e-14
                        Iterations               :	1
                        Solver time              :	0 s


                      ------------------------------------------------------------------------------
2025-05-28 00:58:25     Total time               :	3 s

                      ------------------------------------------------------------------------------
2025-05-28 00:58:25   

                      ------------------------------------------------------------------------------
2025-05-28 00:58:25     Calculation 21 (Frequency: 20.888 GHz, Theta: 0, Phi: 0)


                      ------------------------------------------------------------------------------
2025-05-28 00:58:28     Matrix setup time        :	0 s
                        Solver setup             :	3 s
                        Degrees of freedom       :	122346
                        Number of mesh cells     :	19022

                        Stimulation port         :	Zmin
                        Mode number              :	1
                        Accuracy                 :	4.6996e-14
                        Iterations               :	1
                        Solver time              :	0 s


                      ------------------------------------------------------------------------------
2025-05-28 00:58:29     Total time               :	3 s

                      ------------------------------------------------------------------------------
2025-05-28 00:58:29   

                      ------------------------------------------------------------------------------
2025-05-28 00:58:29     Calculation 22 (Frequency: 26.948 GHz, Theta: 0, Phi: 0)


                      ------------------------------------------------------------------------------
2025-05-28 00:58:32     Matrix setup time        :	0 s
                        Solver setup             :	3 s
                        Degrees of freedom       :	122346
                        Number of mesh cells     :	19022

                        Stimulation port         :	Zmin
                        Mode number              :	1
                        Accuracy                 :	3.61626e-14
                        Iterations               :	1
                        Solver time              :	0 s


                      ------------------------------------------------------------------------------
2025-05-28 00:58:32     Total time               :	3 s

                      ------------------------------------------------------------------------------
2025-05-28 00:58:32   

                      ------------------------------------------------------------------------------
2025-05-28 00:58:32     Calculation 23 (Frequency: 20.396 GHz, Theta: 0, Phi: 0)


                      ------------------------------------------------------------------------------
2025-05-28 00:58:36     Matrix setup time        :	0 s
                        Solver setup             :	3 s
                        Degrees of freedom       :	122346
                        Number of mesh cells     :	19022

                        Stimulation port         :	Zmin
                        Mode number              :	1
                        Accuracy                 :	4.57913e-14
                        Iterations               :	1
                        Solver time              :	0 s


                      ------------------------------------------------------------------------------
2025-05-28 00:58:36     Total time               :	3 s

                      ------------------------------------------------------------------------------
2025-05-28 00:58:36   

                      ------------------------------------------------------------------------------
2025-05-28 00:58:36     Calculation 24 (Frequency: 22.52 GHz, Theta: 0, Phi: 0)


                      ------------------------------------------------------------------------------
2025-05-28 00:58:40     Matrix setup time        :	0 s
                        Solver setup             :	3 s
                        Degrees of freedom       :	122346
                        Number of mesh cells     :	19022

                        Stimulation port         :	Zmin
                        Mode number              :	1
                        Accuracy                 :	4.47718e-14
                        Iterations               :	1
                        Solver time              :	0 s


                      ------------------------------------------------------------------------------
2025-05-28 00:58:40     Total time               :	3 s

                      ------------------------------------------------------------------------------
2025-05-28 00:58:40   

                      ------------------------------------------------------------------------------
2025-05-28 00:58:40     Calculation 25 (Frequency: 23.552 GHz, Theta: 0, Phi: 0)


                      ------------------------------------------------------------------------------
2025-05-28 00:58:44     Matrix setup time        :	0 s
                        Solver setup             :	3 s
                        Degrees of freedom       :	122346
                        Number of mesh cells     :	19022

                        Stimulation port         :	Zmin
                        Mode number              :	1
                        Accuracy                 :	3.61555e-14
                        Iterations               :	1
                        Solver time              :	0 s


                      ------------------------------------------------------------------------------
2025-05-28 00:58:44     Total time               :	3 s

                      ------------------------------------------------------------------------------
2025-05-28 00:58:44   

                      ------------------------------------------------------------------------------
2025-05-28 00:58:44     Calculation 26 (Frequency: 22.22 GHz, Theta: 0, Phi: 0)


                      ------------------------------------------------------------------------------
2025-05-28 00:58:48     Matrix setup time        :	0 s
                        Solver setup             :	3 s
                        Degrees of freedom       :	122346
                        Number of mesh cells     :	19022

                        Stimulation port         :	Zmin
                        Mode number              :	1
                        Accuracy                 :	5.34221e-14
                        Iterations               :	1
                        Solver time              :	0 s


                      ------------------------------------------------------------------------------
2025-05-28 00:58:48     Total time               :	3 s

                      ------------------------------------------------------------------------------
2025-05-28 00:58:48   

                      ------------------------------------------------------------------------------
2025-05-28 00:58:48     Calculation 27 (Frequency: 22.748 GHz, Theta: 0, Phi: 0)


                      ------------------------------------------------------------------------------
2025-05-28 00:58:51     Matrix setup time        :	0 s
                        Solver setup             :	3 s
                        Degrees of freedom       :	122346
                        Number of mesh cells     :	19022

                        Stimulation port         :	Zmin
                        Mode number              :	1
                        Accuracy                 :	3.56128e-14
                        Iterations               :	1
                        Solver time              :	0 s


                      ------------------------------------------------------------------------------
2025-05-28 00:58:51     Total time               :	3 s

                      ------------------------------------------------------------------------------
2025-05-28 00:58:51   

                      ------------------------------------------------------------------------------
2025-05-28 00:58:51     Calculation 28 (Frequency: 25.22 GHz, Theta: 0, Phi: 0)


                      ------------------------------------------------------------------------------
2025-05-28 00:58:55     Matrix setup time        :	0 s
                        Solver setup             :	3 s
                        Degrees of freedom       :	122346
                        Number of mesh cells     :	19022

                        Stimulation port         :	Zmin
                        Mode number              :	1
                        Accuracy                 :	5.26991e-14
                        Iterations               :	1
                        Solver time              :	0 s


                      ------------------------------------------------------------------------------
2025-05-28 00:58:55     Total time               :	3 s

                      ------------------------------------------------------------------------------
2025-05-28 00:58:55   

                      ------------------------------------------------------------------------------
2025-05-28 00:58:55     Calculation 29 (Frequency: 23.996 GHz, Theta: 0, Phi: 0)


                      ------------------------------------------------------------------------------
2025-05-28 00:58:59     Matrix setup time        :	0 s
                        Solver setup             :	3 s
                        Degrees of freedom       :	122346
                        Number of mesh cells     :	19022

                        Stimulation port         :	Zmin
                        Mode number              :	1
                        Accuracy                 :	3.62537e-14
                        Iterations               :	1
                        Solver time              :	0 s


                      ------------------------------------------------------------------------------
2025-05-28 00:58:59     Total time               :	3 s

                      ------------------------------------------------------------------------------
2025-05-28 00:58:59   

                      ------------------------------------------------------------------------------
2025-05-28 00:58:59     Calculation 30 (Frequency: 24.908 GHz, Theta: 0, Phi: 0)


                      ------------------------------------------------------------------------------
2025-05-28 00:59:03     Matrix setup time        :	0 s
                        Solver setup             :	3 s
                        Degrees of freedom       :	122346
                        Number of mesh cells     :	19022

                        Stimulation port         :	Zmin
                        Mode number              :	1
                        Accuracy                 :	5.43274e-14
                        Iterations               :	1
                        Solver time              :	0 s


                      ------------------------------------------------------------------------------
2025-05-28 00:59:03     Total time               :	3 s

                      ------------------------------------------------------------------------------
2025-05-28 00:59:03   

                      ------------------------------------------------------------------------------
2025-05-28 00:59:03   Finished the general purpose interpolative broadband frequency sweep:
                      All broadband sweep convergence criteria have been satisfied after
                      calculating 30 frequency samples:

                        Broadband sweep error threshold value :  0.01 (All S-Parameters) 
                        Number of error criterion checks      :  2 (All S-Parameters) 
                        Minimum number of samples             :  3
                        Number of data samples, linear        :  1001

                      ------------------------------------------------------------------------------
2025-05-28 00:59:03     Number of mesh cells     :	19022
                        Degrees of freedom       :	121356
                        Total Solver Time        :	132 s	 (= 0 h, 02 m, 12 s)
                      ================================================================================



                      ------------------------------------------------------------------------------
2025-05-28 00:59:03     ----------------------------------------------------------------------------
                                            Peak memory used (kB)         Free physical memory (kB) 
                                                                          At begin     Minimum      
                        ----------------------------------------------------------------------------
                        Solver start        22272                         8556700      8555944      
                        Eq. system setup    1897320                       8534752      7993312      
                        Eq. system solve    1897320                       8491576      6656004      
                        Mesh refinement     1130816                       8271068      8159396      
                        Solver run total    1897320                       8556704      6656004      

                        Computer name       Tahsin
                        ----------------------------------------------------------------------------


                      ------------------------------------------------------------------------------
2025-05-28 00:59:03   Running postprocessing.

                      ------------------------------------------------------------------------------
2025-05-28 00:59:04   Postprocessing finished.

                      ------------------------------------------------------------------------------
