2025-06-14 20:16:03   *** Warning ***

                      Electric isotropic material [Copper (pure)] has a very high conductivity for
                      the given mesh. Depending on your configuration it may be better to use a lossy
                      metal type for this material. More...

                      ------------------------------------------------------------------------------
2025-06-14 20:16:03   In order to get an optimal performance, hyperthreading is ignored for parallel
                      computations.

                      ------------------------------------------------------------------------------
2025-06-14 20:16:05   Units settings: 

                        Dimensions: mm
                        Frequency:  GHz
                        Time:       s

                      ------------------------------------------------------------------------------
2025-06-14 20:16:05   Boundary conditions: 

                        YZsymmetry: none
                        XZsymmetry: none
                        XYsymmetry: none

                        Xmin: unit cell
                        Xmax: unit cell

                        Ymin: unit cell
                        Ymax: unit cell

                        Zmin: expanded open
                        Zmax: expanded open

                      ------------------------------------------------------------------------------
2025-06-14 20:16:05   Order settings: 

                        Solver order   : 2nd (constant)
                        Curved elements: up to order 3 (automatic)

                      ------------------------------------------------------------------------------
2025-06-14 20:16:05   An iterative solver will be used first.

                      ------------------------------------------------------------------------------
2025-06-14 20:16:05     Mesh time                :	2 s


                      ------------------------------------------------------------------------------
2025-06-14 20:16:05   
                      ================================================================================
                      Frequency Domain Solver calculation cycle started

                      ------------------------------------------------------------------------------
2025-06-14 20:16:05   Solver started at: 2025-06-14 20:16:05 +0800

                        Module:  Frequency Domain: S-Parameter (Win 64)
                        Version: 2024.1 Release from 2023-10-16 (change 1181985)

                      ------------------------------------------------------------------------------
2025-06-14 20:16:06   The low frequency stabilization is not applied to periodic problems.

                      ------------------------------------------------------------------------------
2025-06-14 20:16:06     Calculation 1 of 1 (Frequency: 32 GHz, Theta: 0, Phi: 0)


                      ------------------------------------------------------------------------------
2025-06-14 20:16:06   The wavelength based mesh refinement has been applied to 5.0% of all mesh edges.

                      ------------------------------------------------------------------------------
2025-06-14 20:16:06   For some elements the curvature had to be reduced to maintain the quality of the mesh. More...

                      ------------------------------------------------------------------------------
2025-06-14 20:16:06   Adaptive mesh refinement pass 1

                      ------------------------------------------------------------------------------
2025-06-14 20:16:13   *** Warning ***

2025-06-14 20:16:13   Detected possible stagnation of the iterative solver (5.083106e-02 after 250 iterations.)
                      Please consider aborting the solver run, and check your simulation setup.  More...

                      ------------------------------------------------------------------------------
2025-06-14 20:16:20   *** Warning ***

2025-06-14 20:16:20   The solver stopped because the maximum number of iterations (500, used for automatic solver choice) has been reached.

                      ------------------------------------------------------------------------------
2025-06-14 20:16:20   Solving again, but with the direct solver. Please consider forcing the direct solver in the solver special settings, and
                      check your simulation setup (for instance source and material definitions.)

                      ------------------------------------------------------------------------------
2025-06-14 20:16:21     Matrix setup time        :	0 s
                        Degrees of freedom       :	36138
                        Number of mesh cells     :	5505

                        Stimulation port         :	Zmin
                        Mode number              :	1
                        Accuracy                 :	1.22043e-13
                        Iterations               :	1
                        Solver time              :	0 s


                      ------------------------------------------------------------------------------
2025-06-14 20:16:21   27% of all mesh edges seem to be longer than expected. The adaptive mesh refinement's growth limitation will therefore 
                      use 14697 instead of 3698 mesh cells as a reference.

                      ------------------------------------------------------------------------------
2025-06-14 20:16:21   The wavelength based mesh refinement has been applied to 0.3% of all mesh edges.

                      ------------------------------------------------------------------------------
2025-06-14 20:16:21   For some elements the curvature had to be reduced to maintain the quality of the mesh. More...

                      ------------------------------------------------------------------------------
2025-06-14 20:16:21   Adaptive mesh refinement pass 2

                      ------------------------------------------------------------------------------
2025-06-14 20:16:23     Matrix setup time        :	0 s
                        Solver setup             :	1 s
                        Degrees of freedom       :	60060
                        Number of mesh cells     :	9259

                        Stimulation port         :	Zmin
                        Mode number              :	1
                        Accuracy                 :	6.91105e-14
                        Iterations               :	1
                        Solver time              :	0 s


                      ------------------------------------------------------------------------------
2025-06-14 20:16:23     Delta calculation        
2025-06-14 20:16:23     All S-Parameters         :	0.24845
2025-06-14 20:16:23   

                      ------------------------------------------------------------------------------
2025-06-14 20:16:25   Adaptive mesh refinement pass 3

                      ------------------------------------------------------------------------------
2025-06-14 20:16:28     Matrix setup time        :	0 s
                        Solver setup             :	2 s
                        Degrees of freedom       :	103690
                        Number of mesh cells     :	16113

                        Stimulation port         :	Zmin
                        Mode number              :	1
                        Accuracy                 :	4.20872e-14
                        Iterations               :	1
                        Solver time              :	0 s


                      ------------------------------------------------------------------------------
2025-06-14 20:16:28     Delta calculation        
2025-06-14 20:16:28     All S-Parameters         :	0.0801008
2025-06-14 20:16:28   

                      ------------------------------------------------------------------------------
2025-06-14 20:16:29   For some elements the curvature had to be reduced to maintain the quality of the mesh. More...

                      ------------------------------------------------------------------------------
2025-06-14 20:16:30   Adaptive mesh refinement pass 4

                      ------------------------------------------------------------------------------
2025-06-14 20:16:36     Matrix setup time        :	0 s
                        Solver setup             :	5 s
                        Degrees of freedom       :	167116
                        Number of mesh cells     :	26062

                        Stimulation port         :	Zmin
                        Mode number              :	1
                        Accuracy                 :	4.16646e-14
                        Iterations               :	1
                        Solver time              :	0 s


                      ------------------------------------------------------------------------------
2025-06-14 20:16:36     Delta calculation        
2025-06-14 20:16:36     All S-Parameters         :	0.0296727
2025-06-14 20:16:36   

                      ------------------------------------------------------------------------------
2025-06-14 20:16:39   Adaptive mesh refinement pass 5

                      ------------------------------------------------------------------------------
2025-06-14 20:16:52     Matrix setup time        :	1 s
                        Solver setup             :	12 s
                        Degrees of freedom       :	256274
                        Number of mesh cells     :	39971

                        Stimulation port         :	Zmin
                        Mode number              :	1
                        Accuracy                 :	1.82234e-14
                        Iterations               :	1
                        Solver time              :	0 s


                      ------------------------------------------------------------------------------
2025-06-14 20:16:53     Delta calculation        
2025-06-14 20:16:53     All S-Parameters         :	0.0130495
2025-06-14 20:16:53   

                      ------------------------------------------------------------------------------
2025-06-14 20:16:53   Mesh adaptation terminated because the desired accuracy limit is reached.

                      ------------------------------------------------------------------------------
2025-06-14 20:16:53   *** Warning ***

2025-06-14 20:16:53   At least one propagating Floquet mode is not considered at port Zmin. Please increase the number of modes at this port. 
                      More...

                      ------------------------------------------------------------------------------
2025-06-14 20:16:53   *** Warning ***

2025-06-14 20:16:53   At least one propagating Floquet mode is not considered at port Zmax. Please increase the number of modes at this port. 
                      More...

                      ------------------------------------------------------------------------------
2025-06-14 20:16:53     Total time               :	47 s

                      ------------------------------------------------------------------------------
2025-06-14 20:16:53   

                      ------------------------------------------------------------------------------
2025-06-14 20:16:53     Calculation 2 (Frequency: 20 GHz, Theta: 0, Phi: 0)


                      ------------------------------------------------------------------------------
2025-06-14 20:17:04     Matrix setup time        :	0 s
                        Solver setup             :	9 s
                        Degrees of freedom       :	256274
                        Number of mesh cells     :	39971

                        Stimulation port         :	Zmin
                        Mode number              :	1
                        Accuracy                 :	2.81057e-14
                        Iterations               :	1
                        Solver time              :	0 s


                      ------------------------------------------------------------------------------
2025-06-14 20:17:04     Total time               :	10 s

                      ------------------------------------------------------------------------------
2025-06-14 20:17:04   

                      ------------------------------------------------------------------------------
2025-06-14 20:17:04     Calculation 3 (Frequency: 26 GHz, Theta: 0, Phi: 0)


                      ------------------------------------------------------------------------------
2025-06-14 20:17:14     Matrix setup time        :	0 s
                        Solver setup             :	9 s
                        Degrees of freedom       :	256274
                        Number of mesh cells     :	39971

                        Stimulation port         :	Zmin
                        Mode number              :	1
                        Accuracy                 :	3.50273e-14
                        Iterations               :	1
                        Solver time              :	0 s


                      ------------------------------------------------------------------------------
2025-06-14 20:17:14     Total time               :	10 s

                      ------------------------------------------------------------------------------
2025-06-14 20:17:14   

                      ------------------------------------------------------------------------------
2025-06-14 20:17:14     Calculation 4 (Frequency: 29 GHz, Theta: 0, Phi: 0)


                      ------------------------------------------------------------------------------
2025-06-14 20:17:24     Matrix setup time        :	0 s
                        Solver setup             :	8 s
                        Degrees of freedom       :	256274
                        Number of mesh cells     :	39971

                        Stimulation port         :	Zmin
                        Mode number              :	1
                        Accuracy                 :	4.0351e-14
                        Iterations               :	1
                        Solver time              :	0 s


                      ------------------------------------------------------------------------------
2025-06-14 20:17:24     Total time               :	9 s

                      ------------------------------------------------------------------------------
2025-06-14 20:17:24   

                      ------------------------------------------------------------------------------
2025-06-14 20:17:24     Calculation 5 (Frequency: 24.548 GHz, Theta: 0, Phi: 0)


                      ------------------------------------------------------------------------------
2025-06-14 20:17:34     Matrix setup time        :	0 s
                        Solver setup             :	8 s
                        Degrees of freedom       :	256274
                        Number of mesh cells     :	39971

                        Stimulation port         :	Zmin
                        Mode number              :	1
                        Accuracy                 :	2.24289e-14
                        Iterations               :	1
                        Solver time              :	0 s


                      ------------------------------------------------------------------------------
2025-06-14 20:17:34     Total time               :	9 s

                      ------------------------------------------------------------------------------
2025-06-14 20:17:34   

                      ------------------------------------------------------------------------------
2025-06-14 20:17:34     Calculation 6 (Frequency: 28.352 GHz, Theta: 0, Phi: 0)


                      ------------------------------------------------------------------------------
2025-06-14 20:17:43     Matrix setup time        :	0 s
                        Solver setup             :	8 s
                        Degrees of freedom       :	256274
                        Number of mesh cells     :	39971

                        Stimulation port         :	Zmin
                        Mode number              :	1
                        Accuracy                 :	2.78586e-14
                        Iterations               :	1
                        Solver time              :	0 s


                      ------------------------------------------------------------------------------
2025-06-14 20:17:44     Total time               :	9 s

                      ------------------------------------------------------------------------------
2025-06-14 20:17:44   

                      ------------------------------------------------------------------------------
2025-06-14 20:17:44     Calculation 7 (Frequency: 23.204 GHz, Theta: 0, Phi: 0)


                      ------------------------------------------------------------------------------
2025-06-14 20:17:53     Matrix setup time        :	0 s
                        Solver setup             :	8 s
                        Degrees of freedom       :	256274
                        Number of mesh cells     :	39971

                        Stimulation port         :	Zmin
                        Mode number              :	1
                        Accuracy                 :	2.2651e-14
                        Iterations               :	1
                        Solver time              :	0 s


                      ------------------------------------------------------------------------------
2025-06-14 20:17:54     Total time               :	9 s

                      ------------------------------------------------------------------------------
2025-06-14 20:17:54   

                      ------------------------------------------------------------------------------
2025-06-14 20:17:54     Calculation 8 (Frequency: 27.608 GHz, Theta: 0, Phi: 0)


                      ------------------------------------------------------------------------------
2025-06-14 20:18:04     Matrix setup time        :	0 s
                        Solver setup             :	9 s
                        Degrees of freedom       :	256274
                        Number of mesh cells     :	39971

                        Stimulation port         :	Zmin
                        Mode number              :	1
                        Accuracy                 :	3.58615e-14
                        Iterations               :	1
                        Solver time              :	0 s


                      ------------------------------------------------------------------------------
2025-06-14 20:18:04     Total time               :	10 s

                      ------------------------------------------------------------------------------
2025-06-14 20:18:04   

                      ------------------------------------------------------------------------------
2025-06-14 20:18:04     Calculation 9 (Frequency: 28.892 GHz, Theta: 0, Phi: 0)


                      ------------------------------------------------------------------------------
2025-06-14 20:18:14     Matrix setup time        :	0 s
                        Solver setup             :	8 s
                        Degrees of freedom       :	256274
                        Number of mesh cells     :	39971

                        Stimulation port         :	Zmin
                        Mode number              :	1
                        Accuracy                 :	3.21318e-14
                        Iterations               :	1
                        Solver time              :	0 s


                      ------------------------------------------------------------------------------
2025-06-14 20:18:14     Total time               :	9 s

                      ------------------------------------------------------------------------------
2025-06-14 20:18:14   

                      ------------------------------------------------------------------------------
2025-06-14 20:18:14     Calculation 10 (Frequency: 29.408 GHz, Theta: 0, Phi: 0)


                      ------------------------------------------------------------------------------
2025-06-14 20:18:24     Matrix setup time        :	0 s
                        Solver setup             :	9 s
                        Degrees of freedom       :	256274
                        Number of mesh cells     :	39971

                        Stimulation port         :	Zmin
                        Mode number              :	1
                        Accuracy                 :	3.15852e-14
                        Iterations               :	1
                        Solver time              :	0 s


                      ------------------------------------------------------------------------------
2025-06-14 20:18:24     Total time               :	9 s

                      ------------------------------------------------------------------------------
2025-06-14 20:18:24   

                      ------------------------------------------------------------------------------
2025-06-14 20:18:24     Calculation 11 (Frequency: 27.968 GHz, Theta: 0, Phi: 0)


                      ------------------------------------------------------------------------------
2025-06-14 20:18:34     Matrix setup time        :	0 s
                        Solver setup             :	9 s
                        Degrees of freedom       :	256274
                        Number of mesh cells     :	39971

                        Stimulation port         :	Zmin
                        Mode number              :	1
                        Accuracy                 :	2.54042e-14
                        Iterations               :	1
                        Solver time              :	0 s


                      ------------------------------------------------------------------------------
2025-06-14 20:18:34     Total time               :	10 s

                      ------------------------------------------------------------------------------
2025-06-14 20:18:34   

                      ------------------------------------------------------------------------------
2025-06-14 20:18:34     Calculation 12 (Frequency: 30.404 GHz, Theta: 0, Phi: 0)


                      ------------------------------------------------------------------------------
2025-06-14 20:18:45     Matrix setup time        :	0 s
                        Solver setup             :	9 s
                        Degrees of freedom       :	256274
                        Number of mesh cells     :	39971

                        Stimulation port         :	Zmin
                        Mode number              :	1
                        Accuracy                 :	3.20515e-14
                        Iterations               :	1
                        Solver time              :	0 s


                      ------------------------------------------------------------------------------
2025-06-14 20:18:45     Total time               :	10 s

                      ------------------------------------------------------------------------------
2025-06-14 20:18:45   

                      ------------------------------------------------------------------------------
2025-06-14 20:18:45     Calculation 13 (Frequency: 29.144 GHz, Theta: 0, Phi: 0)


                      ------------------------------------------------------------------------------
2025-06-14 20:18:55     Matrix setup time        :	0 s
                        Solver setup             :	9 s
                        Degrees of freedom       :	256274
                        Number of mesh cells     :	39971

                        Stimulation port         :	Zmin
                        Mode number              :	1
                        Accuracy                 :	3.24534e-14
                        Iterations               :	1
                        Solver time              :	0 s


                      ------------------------------------------------------------------------------
2025-06-14 20:18:55     Total time               :	10 s

                      ------------------------------------------------------------------------------
2025-06-14 20:18:55   

                      ------------------------------------------------------------------------------
2025-06-14 20:18:55     Calculation 14 (Frequency: 31.004 GHz, Theta: 0, Phi: 0)


                      ------------------------------------------------------------------------------
2025-06-14 20:19:05     Matrix setup time        :	0 s
                        Solver setup             :	9 s
                        Degrees of freedom       :	256274
                        Number of mesh cells     :	39971

                        Stimulation port         :	Zmin
                        Mode number              :	1
                        Accuracy                 :	2.9921e-14
                        Iterations               :	1
                        Solver time              :	0 s


                      ------------------------------------------------------------------------------
2025-06-14 20:19:06     Total time               :	10 s

                      ------------------------------------------------------------------------------
2025-06-14 20:19:06   

                      ------------------------------------------------------------------------------
2025-06-14 20:19:06     Calculation 15 (Frequency: 30.008 GHz, Theta: 0, Phi: 0)


                      ------------------------------------------------------------------------------
2025-06-14 20:19:16     Matrix setup time        :	0 s
                        Solver setup             :	9 s
                        Degrees of freedom       :	256274
                        Number of mesh cells     :	39971

                        Stimulation port         :	Zmin
                        Mode number              :	1
                        Accuracy                 :	3.25267e-14
                        Iterations               :	1
                        Solver time              :	0 s


                      ------------------------------------------------------------------------------
2025-06-14 20:19:16     Total time               :	10 s

                      ------------------------------------------------------------------------------
2025-06-14 20:19:16   

                      ------------------------------------------------------------------------------
2025-06-14 20:19:16     Calculation 16 (Frequency: 31.328 GHz, Theta: 0, Phi: 0)


                      ------------------------------------------------------------------------------
2025-06-14 20:19:27     Matrix setup time        :	0 s
                        Solver setup             :	9 s
                        Degrees of freedom       :	256274
                        Number of mesh cells     :	39971

                        Stimulation port         :	Zmin
                        Mode number              :	1
                        Accuracy                 :	2.6722e-14
                        Iterations               :	1
                        Solver time              :	0 s


                      ------------------------------------------------------------------------------
2025-06-14 20:19:27     Total time               :	10 s

                      ------------------------------------------------------------------------------
2025-06-14 20:19:27   

                      ------------------------------------------------------------------------------
2025-06-14 20:19:27     Calculation 17 (Frequency: 21.836 GHz, Theta: 0, Phi: 0)


                      ------------------------------------------------------------------------------
2025-06-14 20:19:37     Matrix setup time        :	0 s
                        Solver setup             :	9 s
                        Degrees of freedom       :	256274
                        Number of mesh cells     :	39971

                        Stimulation port         :	Zmin
                        Mode number              :	1
                        Accuracy                 :	3.74865e-14
                        Iterations               :	1
                        Solver time              :	0 s


                      ------------------------------------------------------------------------------
2025-06-14 20:19:38     Total time               :	10 s

                      ------------------------------------------------------------------------------
2025-06-14 20:19:38   

                      ------------------------------------------------------------------------------
2025-06-14 20:19:38     Calculation 18 (Frequency: 23.672 GHz, Theta: 0, Phi: 0)


                      ------------------------------------------------------------------------------
2025-06-14 20:19:47     Matrix setup time        :	0 s
                        Solver setup             :	8 s
                        Degrees of freedom       :	256274
                        Number of mesh cells     :	39971

                        Stimulation port         :	Zmin
                        Mode number              :	1
                        Accuracy                 :	2.00567e-14
                        Iterations               :	1
                        Solver time              :	0 s


                      ------------------------------------------------------------------------------
2025-06-14 20:19:47     Total time               :	9 s

                      ------------------------------------------------------------------------------
2025-06-14 20:19:47   

                      ------------------------------------------------------------------------------
2025-06-14 20:19:47     Calculation 19 (Frequency: 22.28 GHz, Theta: 0, Phi: 0)


                      ------------------------------------------------------------------------------
2025-06-14 20:19:58     Matrix setup time        :	0 s
                        Solver setup             :	10 s
                        Degrees of freedom       :	256274
                        Number of mesh cells     :	39971

                        Stimulation port         :	Zmin
                        Mode number              :	1
                        Accuracy                 :	3.74144e-14
                        Iterations               :	1
                        Solver time              :	0 s


                      ------------------------------------------------------------------------------
2025-06-14 20:19:59     Total time               :	11 s

                      ------------------------------------------------------------------------------
2025-06-14 20:19:59   

                      ------------------------------------------------------------------------------
2025-06-14 20:19:59     Calculation 20 (Frequency: 21.164 GHz, Theta: 0, Phi: 0)


                      ------------------------------------------------------------------------------
2025-06-14 20:20:12     Matrix setup time        :	0 s
                        Solver setup             :	11 s
                        Degrees of freedom       :	256274
                        Number of mesh cells     :	39971

                        Stimulation port         :	Zmin
                        Mode number              :	1
                        Accuracy                 :	5.91347e-14
                        Iterations               :	1
                        Solver time              :	0 s


                      ------------------------------------------------------------------------------
2025-06-14 20:20:12     Total time               :	12 s

                      ------------------------------------------------------------------------------
2025-06-14 20:20:12   

                      ------------------------------------------------------------------------------
2025-06-14 20:20:12     Calculation 21 (Frequency: 22.58 GHz, Theta: 0, Phi: 0)


                      ------------------------------------------------------------------------------
2025-06-14 20:20:25     Matrix setup time        :	0 s
                        Solver setup             :	12 s
                        Degrees of freedom       :	256274
                        Number of mesh cells     :	39971

                        Stimulation port         :	Zmin
                        Mode number              :	1
                        Accuracy                 :	3.20559e-14
                        Iterations               :	1
                        Solver time              :	0 s


                      ------------------------------------------------------------------------------
2025-06-14 20:20:26     Total time               :	13 s

                      ------------------------------------------------------------------------------
2025-06-14 20:20:26   

                      ------------------------------------------------------------------------------
2025-06-14 20:20:26     Calculation 22 (Frequency: 21.296 GHz, Theta: 0, Phi: 0)


                      ------------------------------------------------------------------------------
2025-06-14 20:20:39     Matrix setup time        :	0 s
                        Solver setup             :	11 s
                        Degrees of freedom       :	256274
                        Number of mesh cells     :	39971

                        Stimulation port         :	Zmin
                        Mode number              :	1
                        Accuracy                 :	3.71386e-14
                        Iterations               :	1
                        Solver time              :	0 s


                      ------------------------------------------------------------------------------
2025-06-14 20:20:39     Total time               :	13 s

                      ------------------------------------------------------------------------------
2025-06-14 20:20:39   

                      ------------------------------------------------------------------------------
2025-06-14 20:20:39     Calculation 23 (Frequency: 25.136 GHz, Theta: 0, Phi: 0)


                      ------------------------------------------------------------------------------
2025-06-14 20:20:54     Matrix setup time        :	0 s
                        Solver setup             :	13 s
                        Degrees of freedom       :	256274
                        Number of mesh cells     :	39971

                        Stimulation port         :	Zmin
                        Mode number              :	1
                        Accuracy                 :	2.74811e-14
                        Iterations               :	1
                        Solver time              :	0 s


                      ------------------------------------------------------------------------------
2025-06-14 20:20:55     Total time               :	15 s

                      ------------------------------------------------------------------------------
2025-06-14 20:20:55   

                      ------------------------------------------------------------------------------
2025-06-14 20:20:55     Calculation 24 (Frequency: 20.432 GHz, Theta: 0, Phi: 0)


                      ------------------------------------------------------------------------------
2025-06-14 20:21:11     Matrix setup time        :	0 s
                        Solver setup             :	15 s
                        Degrees of freedom       :	256274
                        Number of mesh cells     :	39971

                        Stimulation port         :	Zmin
                        Mode number              :	1
                        Accuracy                 :	3.35796e-14
                        Iterations               :	1
                        Solver time              :	0 s


                      ------------------------------------------------------------------------------
2025-06-14 20:21:11     Total time               :	16 s

                      ------------------------------------------------------------------------------
2025-06-14 20:21:11   

                      ------------------------------------------------------------------------------
2025-06-14 20:21:11     Calculation 25 (Frequency: 21.572 GHz, Theta: 0, Phi: 0)


                      ------------------------------------------------------------------------------
2025-06-14 20:21:23     Matrix setup time        :	0 s
                        Solver setup             :	11 s
                        Degrees of freedom       :	256274
                        Number of mesh cells     :	39971

                        Stimulation port         :	Zmin
                        Mode number              :	1
                        Accuracy                 :	5.52762e-14
                        Iterations               :	1
                        Solver time              :	0 s


                      ------------------------------------------------------------------------------
2025-06-14 20:21:24     Total time               :	12 s

                      ------------------------------------------------------------------------------
2025-06-14 20:21:24   

                      ------------------------------------------------------------------------------
2025-06-14 20:21:24     Calculation 26 (Frequency: 21.932 GHz, Theta: 0, Phi: 0)


                      ------------------------------------------------------------------------------
2025-06-14 20:21:30   *** Warning ***

2025-06-14 20:21:30   Low memory: Only 1.40 GB of 15.91 GB available.


                      ------------------------------------------------------------------------------
2025-06-14 20:21:40     Matrix setup time        :	0 s
                        Solver setup             :	15 s
                        Degrees of freedom       :	256274
                        Number of mesh cells     :	39971

                        Stimulation port         :	Zmin
                        Mode number              :	1
                        Accuracy                 :	3.85751e-14
                        Iterations               :	1
                        Solver time              :	0 s


                      ------------------------------------------------------------------------------
2025-06-14 20:21:41     Total time               :	16 s

                      ------------------------------------------------------------------------------
2025-06-14 20:21:41   

                      ------------------------------------------------------------------------------
2025-06-14 20:21:41     Calculation 27 (Frequency: 30.74 GHz, Theta: 0, Phi: 0)


                      ------------------------------------------------------------------------------
2025-06-14 20:21:42   Low memory detected! The solver uses hard disk space to store data. This might reduce solver performance.

                      ------------------------------------------------------------------------------
2025-06-14 20:22:10     Matrix setup time        :	0 s
                        Solver setup             :	27 s
                        Degrees of freedom       :	256274
                        Number of mesh cells     :	39971

                        Stimulation port         :	Zmin
                        Mode number              :	1
                        Accuracy                 :	3.00425e-14
                        Iterations               :	1
                        Solver time              :	1 s


                      ------------------------------------------------------------------------------
2025-06-14 20:22:10     Total time               :	29 s

                      ------------------------------------------------------------------------------
2025-06-14 20:22:10   

                      ------------------------------------------------------------------------------
2025-06-14 20:22:10     Calculation 28 (Frequency: 31.688 GHz, Theta: 0, Phi: 0)


                      ------------------------------------------------------------------------------
2025-06-14 20:22:34     Matrix setup time        :	0 s
                        Solver setup             :	22 s
                        Degrees of freedom       :	256274
                        Number of mesh cells     :	39971

                        Stimulation port         :	Zmin
                        Mode number              :	1
                        Accuracy                 :	2.85561e-14
                        Iterations               :	1
                        Solver time              :	0 s


                      ------------------------------------------------------------------------------
2025-06-14 20:22:34     Total time               :	23 s

                      ------------------------------------------------------------------------------
2025-06-14 20:22:34   

                      ------------------------------------------------------------------------------
2025-06-14 20:22:34     Calculation 29 (Frequency: 25.292 GHz, Theta: 0, Phi: 0)


                      ------------------------------------------------------------------------------
2025-06-14 20:23:01     Matrix setup time        :	0 s
                        Solver setup             :	25 s
                        Degrees of freedom       :	256274
                        Number of mesh cells     :	39971

                        Stimulation port         :	Zmin
                        Mode number              :	1
                        Accuracy                 :	2.36723e-14
                        Iterations               :	1
                        Solver time              :	0 s


                      ------------------------------------------------------------------------------
2025-06-14 20:23:01     Total time               :	27 s

                      ------------------------------------------------------------------------------
2025-06-14 20:23:01   

                      ------------------------------------------------------------------------------
2025-06-14 20:23:01     Calculation 30 (Frequency: 24.992 GHz, Theta: 0, Phi: 0)


                      ------------------------------------------------------------------------------
2025-06-14 20:23:28     Matrix setup time        :	0 s
                        Solver setup             :	25 s
                        Degrees of freedom       :	256274
                        Number of mesh cells     :	39971

                        Stimulation port         :	Zmin
                        Mode number              :	1
                        Accuracy                 :	2.76834e-14
                        Iterations               :	1
                        Solver time              :	0 s


                      ------------------------------------------------------------------------------
2025-06-14 20:23:29     Total time               :	27 s

                      ------------------------------------------------------------------------------
2025-06-14 20:23:29   

                      ------------------------------------------------------------------------------
2025-06-14 20:23:29     Calculation 31 (Frequency: 26.828 GHz, Theta: 0, Phi: 0)


                      ------------------------------------------------------------------------------
2025-06-14 20:23:56     Matrix setup time        :	0 s
                        Solver setup             :	25 s
                        Degrees of freedom       :	256274
                        Number of mesh cells     :	39971

                        Stimulation port         :	Zmin
                        Mode number              :	1
                        Accuracy                 :	2.54792e-14
                        Iterations               :	1
                        Solver time              :	0 s


                      ------------------------------------------------------------------------------
2025-06-14 20:23:56     Total time               :	26 s

                      ------------------------------------------------------------------------------
2025-06-14 20:23:56   

                      ------------------------------------------------------------------------------
2025-06-14 20:23:56     Calculation 32 (Frequency: 24.104 GHz, Theta: 0, Phi: 0)


                      ------------------------------------------------------------------------------
2025-06-14 20:24:20     Matrix setup time        :	0 s
                        Solver setup             :	22 s
                        Degrees of freedom       :	256274
                        Number of mesh cells     :	39971

                        Stimulation port         :	Zmin
                        Mode number              :	1
                        Accuracy                 :	1.90867e-14
                        Iterations               :	1
                        Solver time              :	0 s


                      ------------------------------------------------------------------------------
2025-06-14 20:24:20     Total time               :	24 s

                      ------------------------------------------------------------------------------
2025-06-14 20:24:20   

                      ------------------------------------------------------------------------------
2025-06-14 20:24:20   Finished the general purpose interpolative broadband frequency sweep:
                      All broadband sweep convergence criteria have been satisfied after
                      calculating 32 frequency samples:

                        Broadband sweep error threshold value :  0.01 (All S-Parameters) 
                        Number of error criterion checks      :  2 (All S-Parameters) 
                        Minimum number of samples             :  3
                        Number of data samples, linear        :  1001

                      ------------------------------------------------------------------------------
2025-06-14 20:24:21     Number of mesh cells     :	39971
                        Degrees of freedom       :	254860
                        Total Solver Time        :	496 s	 (= 0 h, 08 m, 16 s)
                      ================================================================================



                      ------------------------------------------------------------------------------
2025-06-14 20:24:21     ----------------------------------------------------------------------------
                                            Peak memory used (kB)         Free physical memory (kB) 
                                                                          At begin     Minimum      
                        ----------------------------------------------------------------------------
                        Solver start        22260                         8288704      8287964      
                        Eq. system setup    4058208                       8279248      3540804      
                        Eq. system solve    4060612                       8225120      501564       
                        Mesh refinement     2399016                       8093400      7747152      
                        Solver run total    4060612                       8288708      501564       

                        Computer name       Tahsin
                        ----------------------------------------------------------------------------


                      ------------------------------------------------------------------------------
2025-06-14 20:24:21   Running postprocessing.

                      ------------------------------------------------------------------------------
2025-06-14 20:24:22   Postprocessing finished.

                      ------------------------------------------------------------------------------
