2025-04-13 11:39:36   *** Warning ***

                      Electric isotropic material [Copper (pure)] has a very high conductivity for
                      the given mesh. Depending on your configuration it may be better to use a lossy
                      metal type for this material. More...

                      ------------------------------------------------------------------------------
2025-04-13 11:39:36   In order to get an optimal performance, hyperthreading is ignored for parallel
                      computations.

                      ------------------------------------------------------------------------------
2025-04-13 11:39:38   Units settings: 

                        Dimensions: mm
                        Frequency:  GHz
                        Time:       s

                      ------------------------------------------------------------------------------
2025-04-13 11:39:38   Boundary conditions: 

                        YZsymmetry: none
                        XZsymmetry: none
                        XYsymmetry: none

                        Xmin: unit cell
                        Xmax: unit cell

                        Ymin: unit cell
                        Ymax: unit cell

                        Zmin: expanded open
                        Zmax: expanded open

                      ------------------------------------------------------------------------------
2025-04-13 11:39:38   Order settings: 

                        Solver order   : 2nd (constant)
                        Curved elements: up to order 3 (automatic)

                      ------------------------------------------------------------------------------
2025-04-13 11:39:38   An iterative solver will be used first.

                      ------------------------------------------------------------------------------
2025-04-13 11:39:38     Mesh time                :	1 s


                      ------------------------------------------------------------------------------
2025-04-13 11:39:38   
                      ================================================================================
                      Frequency Domain Solver calculation cycle started

                      ------------------------------------------------------------------------------
2025-04-13 11:39:38   Solver started at: 2025-04-13 11:39:38 +0600

                        Module:  Frequency Domain: S-Parameter (Win 64)
                        Version: 2024.1 Release from 2023-10-16 (change 1181985)

                      ------------------------------------------------------------------------------
2025-04-13 11:39:38   The low frequency stabilization is not applied to periodic problems.

                      ------------------------------------------------------------------------------
2025-04-13 11:39:38     Calculation 1 of 1 (Frequency: 32 GHz, Theta: 0, Phi: 0)


                      ------------------------------------------------------------------------------
2025-04-13 11:39:38   The wavelength based mesh refinement has been applied to 5.8% of all mesh edges.

                      ------------------------------------------------------------------------------
2025-04-13 11:39:39   For some elements the curvature had to be reduced to maintain the quality of the mesh. More...

                      ------------------------------------------------------------------------------
2025-04-13 11:39:39   Adaptive mesh refinement pass 1

                      ------------------------------------------------------------------------------
2025-04-13 11:39:45   *** Warning ***

2025-04-13 11:39:45   Detected possible stagnation of the iterative solver (4.359649e-02 after 250 iterations.)
                      Please consider aborting the solver run, and check your simulation setup.  More...

                      ------------------------------------------------------------------------------
2025-04-13 11:39:52   *** Warning ***

2025-04-13 11:39:52   The solver stopped because the maximum number of iterations (500, used for automatic solver choice) has been reached.

                      ------------------------------------------------------------------------------
2025-04-13 11:39:52   Solving again, but with the direct solver. Please consider forcing the direct solver in the solver special settings, and
                      check your simulation setup (for instance source and material definitions.)

                      ------------------------------------------------------------------------------
2025-04-13 11:39:53     Matrix setup time        :	0 s
                        Degrees of freedom       :	39186
                        Number of mesh cells     :	5983

                        Stimulation port         :	Zmin
                        Mode number              :	1
                        Accuracy                 :	7.29401e-14
                        Iterations               :	1
                        Solver time              :	0 s


                      ------------------------------------------------------------------------------
2025-04-13 11:39:53   23% of all mesh edges seem to be longer than expected. The adaptive mesh refinement's growth limitation will therefore 
                      use 14294 instead of 3809 mesh cells as a reference.

                      ------------------------------------------------------------------------------
2025-04-13 11:39:53   The wavelength based mesh refinement has been applied to 0.1% of all mesh edges.

                      ------------------------------------------------------------------------------
2025-04-13 11:39:53   For some elements the curvature had to be reduced to maintain the quality of the mesh. More...

                      ------------------------------------------------------------------------------
2025-04-13 11:39:54   Adaptive mesh refinement pass 2

                      ------------------------------------------------------------------------------
2025-04-13 11:39:56     Matrix setup time        :	0 s
                        Solver setup             :	2 s
                        Degrees of freedom       :	77534
                        Number of mesh cells     :	11996

                        Stimulation port         :	Zmin
                        Mode number              :	1
                        Accuracy                 :	4.03707e-14
                        Iterations               :	1
                        Solver time              :	0 s


                      ------------------------------------------------------------------------------
2025-04-13 11:39:56     Delta calculation        
2025-04-13 11:39:56     All S-Parameters         :	0.0287464
2025-04-13 11:39:56   

                      ------------------------------------------------------------------------------
2025-04-13 11:39:58   Adaptive mesh refinement pass 3

                      ------------------------------------------------------------------------------
2025-04-13 11:40:02     Matrix setup time        :	0 s
                        Solver setup             :	4 s
                        Degrees of freedom       :	134684
                        Number of mesh cells     :	20929

                        Stimulation port         :	Zmin
                        Mode number              :	1
                        Accuracy                 :	2.97173e-14
                        Iterations               :	1
                        Solver time              :	0 s


                      ------------------------------------------------------------------------------
2025-04-13 11:40:03     Delta calculation        
2025-04-13 11:40:03     All S-Parameters         :	0.0180252
2025-04-13 11:40:03   

                      ------------------------------------------------------------------------------
2025-04-13 11:40:03   Mesh adaptation terminated because the desired accuracy limit is reached.

                      ------------------------------------------------------------------------------
2025-04-13 11:40:03   *** Warning ***

2025-04-13 11:40:03   At least one propagating Floquet mode is not considered at port Zmin. Please increase the number of modes at this port. 
                      More...

                      ------------------------------------------------------------------------------
2025-04-13 11:40:03   *** Warning ***

2025-04-13 11:40:03   At least one propagating Floquet mode is not considered at port Zmax. Please increase the number of modes at this port. 
                      More...

                      ------------------------------------------------------------------------------
2025-04-13 11:40:03     Total time               :	24 s

                      ------------------------------------------------------------------------------
2025-04-13 11:40:03   

                      ------------------------------------------------------------------------------
2025-04-13 11:40:03     Calculation 2 (Frequency: 20 GHz, Theta: 0, Phi: 0)


                      ------------------------------------------------------------------------------
2025-04-13 11:40:07     Matrix setup time        :	0 s
                        Solver setup             :	3 s
                        Degrees of freedom       :	134684
                        Number of mesh cells     :	20929

                        Stimulation port         :	Zmin
                        Mode number              :	1
                        Accuracy                 :	4.62519e-14
                        Iterations               :	1
                        Solver time              :	0 s


                      ------------------------------------------------------------------------------
2025-04-13 11:40:07     Total time               :	3 s

                      ------------------------------------------------------------------------------
2025-04-13 11:40:07   

                      ------------------------------------------------------------------------------
2025-04-13 11:40:07     Calculation 3 (Frequency: 26 GHz, Theta: 0, Phi: 0)


                      ------------------------------------------------------------------------------
2025-04-13 11:40:10     Matrix setup time        :	0 s
                        Solver setup             :	3 s
                        Degrees of freedom       :	134684
                        Number of mesh cells     :	20929

                        Stimulation port         :	Zmin
                        Mode number              :	1
                        Accuracy                 :	3.99091e-14
                        Iterations               :	1
                        Solver time              :	0 s


                      ------------------------------------------------------------------------------
2025-04-13 11:40:11     Total time               :	3 s

                      ------------------------------------------------------------------------------
2025-04-13 11:40:11   

                      ------------------------------------------------------------------------------
2025-04-13 11:40:11     Calculation 4 (Frequency: 29 GHz, Theta: 0, Phi: 0)


                      ------------------------------------------------------------------------------
2025-04-13 11:40:14     Matrix setup time        :	0 s
                        Solver setup             :	3 s
                        Degrees of freedom       :	134684
                        Number of mesh cells     :	20929

                        Stimulation port         :	Zmin
                        Mode number              :	1
                        Accuracy                 :	5.3751e-14
                        Iterations               :	1
                        Solver time              :	0 s


                      ------------------------------------------------------------------------------
2025-04-13 11:40:14     Total time               :	3 s

                      ------------------------------------------------------------------------------
2025-04-13 11:40:14   

                      ------------------------------------------------------------------------------
2025-04-13 11:40:14     Calculation 5 (Frequency: 23.252 GHz, Theta: 0, Phi: 0)


                      ------------------------------------------------------------------------------
2025-04-13 11:40:18     Matrix setup time        :	0 s
                        Solver setup             :	3 s
                        Degrees of freedom       :	134684
                        Number of mesh cells     :	20929

                        Stimulation port         :	Zmin
                        Mode number              :	1
                        Accuracy                 :	3.69387e-14
                        Iterations               :	1
                        Solver time              :	0 s


                      ------------------------------------------------------------------------------
2025-04-13 11:40:18     Total time               :	3 s

                      ------------------------------------------------------------------------------
2025-04-13 11:40:18   

                      ------------------------------------------------------------------------------
2025-04-13 11:40:18     Calculation 6 (Frequency: 27.308 GHz, Theta: 0, Phi: 0)


                      ------------------------------------------------------------------------------
2025-04-13 11:40:22     Matrix setup time        :	0 s
                        Solver setup             :	3 s
                        Degrees of freedom       :	134684
                        Number of mesh cells     :	20929

                        Stimulation port         :	Zmin
                        Mode number              :	1
                        Accuracy                 :	3.76386e-14
                        Iterations               :	1
                        Solver time              :	0 s


                      ------------------------------------------------------------------------------
2025-04-13 11:40:22     Total time               :	3 s

                      ------------------------------------------------------------------------------
2025-04-13 11:40:22   

                      ------------------------------------------------------------------------------
2025-04-13 11:40:22     Calculation 7 (Frequency: 24.608 GHz, Theta: 0, Phi: 0)


                      ------------------------------------------------------------------------------
2025-04-13 11:40:26     Matrix setup time        :	0 s
                        Solver setup             :	3 s
                        Degrees of freedom       :	134684
                        Number of mesh cells     :	20929

                        Stimulation port         :	Zmin
                        Mode number              :	1
                        Accuracy                 :	2.41666e-14
                        Iterations               :	1
                        Solver time              :	0 s


                      ------------------------------------------------------------------------------
2025-04-13 11:40:26     Total time               :	3 s

                      ------------------------------------------------------------------------------
2025-04-13 11:40:26   

                      ------------------------------------------------------------------------------
2025-04-13 11:40:26     Calculation 8 (Frequency: 27.632 GHz, Theta: 0, Phi: 0)


                      ------------------------------------------------------------------------------
2025-04-13 11:40:30     Matrix setup time        :	0 s
                        Solver setup             :	3 s
                        Degrees of freedom       :	134684
                        Number of mesh cells     :	20929

                        Stimulation port         :	Zmin
                        Mode number              :	1
                        Accuracy                 :	4.47947e-14
                        Iterations               :	1
                        Solver time              :	0 s


                      ------------------------------------------------------------------------------
2025-04-13 11:40:30     Total time               :	3 s

                      ------------------------------------------------------------------------------
2025-04-13 11:40:30   

                      ------------------------------------------------------------------------------
2025-04-13 11:40:30     Calculation 9 (Frequency: 30.176 GHz, Theta: 0, Phi: 0)


                      ------------------------------------------------------------------------------
2025-04-13 11:40:34     Matrix setup time        :	0 s
                        Solver setup             :	3 s
                        Degrees of freedom       :	134684
                        Number of mesh cells     :	20929

                        Stimulation port         :	Zmin
                        Mode number              :	1
                        Accuracy                 :	4.63427e-14
                        Iterations               :	1
                        Solver time              :	0 s


                      ------------------------------------------------------------------------------
2025-04-13 11:40:34     Total time               :	3 s

                      ------------------------------------------------------------------------------
2025-04-13 11:40:34   

                      ------------------------------------------------------------------------------
2025-04-13 11:40:34     Calculation 10 (Frequency: 28.196 GHz, Theta: 0, Phi: 0)


                      ------------------------------------------------------------------------------
2025-04-13 11:40:39     Matrix setup time        :	0 s
                        Solver setup             :	3 s
                        Degrees of freedom       :	134684
                        Number of mesh cells     :	20929

                        Stimulation port         :	Zmin
                        Mode number              :	1
                        Accuracy                 :	5.7835e-14
                        Iterations               :	1
                        Solver time              :	0 s


                      ------------------------------------------------------------------------------
2025-04-13 11:40:39     Total time               :	4 s

                      ------------------------------------------------------------------------------
2025-04-13 11:40:39   

                      ------------------------------------------------------------------------------
2025-04-13 11:40:39     Calculation 11 (Frequency: 30.704 GHz, Theta: 0, Phi: 0)


                      ------------------------------------------------------------------------------
2025-04-13 11:40:43     Matrix setup time        :	0 s
                        Solver setup             :	3 s
                        Degrees of freedom       :	134684
                        Number of mesh cells     :	20929

                        Stimulation port         :	Zmin
                        Mode number              :	1
                        Accuracy                 :	3.90804e-14
                        Iterations               :	1
                        Solver time              :	0 s


                      ------------------------------------------------------------------------------
2025-04-13 11:40:43     Total time               :	4 s

                      ------------------------------------------------------------------------------
2025-04-13 11:40:43   

                      ------------------------------------------------------------------------------
2025-04-13 11:40:43     Calculation 12 (Frequency: 29.6 GHz, Theta: 0, Phi: 0)


                      ------------------------------------------------------------------------------
2025-04-13 11:40:47     Matrix setup time        :	0 s
                        Solver setup             :	3 s
                        Degrees of freedom       :	134684
                        Number of mesh cells     :	20929

                        Stimulation port         :	Zmin
                        Mode number              :	1
                        Accuracy                 :	4.84431e-14
                        Iterations               :	1
                        Solver time              :	0 s


                      ------------------------------------------------------------------------------
2025-04-13 11:40:48     Total time               :	4 s

                      ------------------------------------------------------------------------------
2025-04-13 11:40:48   

                      ------------------------------------------------------------------------------
2025-04-13 11:40:48     Calculation 13 (Frequency: 31.448 GHz, Theta: 0, Phi: 0)


                      ------------------------------------------------------------------------------
2025-04-13 11:40:52     Matrix setup time        :	0 s
                        Solver setup             :	3 s
                        Degrees of freedom       :	134684
                        Number of mesh cells     :	20929

                        Stimulation port         :	Zmin
                        Mode number              :	1
                        Accuracy                 :	4.58698e-14
                        Iterations               :	1
                        Solver time              :	0 s


                      ------------------------------------------------------------------------------
2025-04-13 11:40:52     Total time               :	4 s

                      ------------------------------------------------------------------------------
2025-04-13 11:40:52   

                      ------------------------------------------------------------------------------
2025-04-13 11:40:52     Calculation 14 (Frequency: 28.676 GHz, Theta: 0, Phi: 0)


                      ------------------------------------------------------------------------------
2025-04-13 11:40:57     Matrix setup time        :	0 s
                        Solver setup             :	4 s
                        Degrees of freedom       :	134684
                        Number of mesh cells     :	20929

                        Stimulation port         :	Zmin
                        Mode number              :	1
                        Accuracy                 :	5.51168e-14
                        Iterations               :	1
                        Solver time              :	0 s


                      ------------------------------------------------------------------------------
2025-04-13 11:40:57     Total time               :	4 s

                      ------------------------------------------------------------------------------
2025-04-13 11:40:57   

                      ------------------------------------------------------------------------------
2025-04-13 11:40:57     Calculation 15 (Frequency: 26.864 GHz, Theta: 0, Phi: 0)


                      ------------------------------------------------------------------------------
2025-04-13 11:41:01     Matrix setup time        :	0 s
                        Solver setup             :	3 s
                        Degrees of freedom       :	134684
                        Number of mesh cells     :	20929

                        Stimulation port         :	Zmin
                        Mode number              :	1
                        Accuracy                 :	3.59144e-14
                        Iterations               :	1
                        Solver time              :	0 s


                      ------------------------------------------------------------------------------
2025-04-13 11:41:01     Total time               :	4 s

                      ------------------------------------------------------------------------------
2025-04-13 11:41:01   

                      ------------------------------------------------------------------------------
2025-04-13 11:41:01     Calculation 16 (Frequency: 22.388 GHz, Theta: 0, Phi: 0)


                      ------------------------------------------------------------------------------
2025-04-13 11:41:06     Matrix setup time        :	0 s
                        Solver setup             :	3 s
                        Degrees of freedom       :	134684
                        Number of mesh cells     :	20929

                        Stimulation port         :	Zmin
                        Mode number              :	1
                        Accuracy                 :	6.51234e-14
                        Iterations               :	1
                        Solver time              :	0 s


                      ------------------------------------------------------------------------------
2025-04-13 11:41:06     Total time               :	4 s

                      ------------------------------------------------------------------------------
2025-04-13 11:41:06   

                      ------------------------------------------------------------------------------
2025-04-13 11:41:06     Calculation 17 (Frequency: 26.384 GHz, Theta: 0, Phi: 0)


                      ------------------------------------------------------------------------------
2025-04-13 11:41:11     Matrix setup time        :	0 s
                        Solver setup             :	4 s
                        Degrees of freedom       :	134684
                        Number of mesh cells     :	20929

                        Stimulation port         :	Zmin
                        Mode number              :	1
                        Accuracy                 :	4.19162e-14
                        Iterations               :	1
                        Solver time              :	0 s


                      ------------------------------------------------------------------------------
2025-04-13 11:41:11     Total time               :	4 s

                      ------------------------------------------------------------------------------
2025-04-13 11:41:11   

                      ------------------------------------------------------------------------------
2025-04-13 11:41:11     Calculation 18 (Frequency: 22.1 GHz, Theta: 0, Phi: 0)


                      ------------------------------------------------------------------------------
2025-04-13 11:41:15     Matrix setup time        :	0 s
                        Solver setup             :	3 s
                        Degrees of freedom       :	134684
                        Number of mesh cells     :	20929

                        Stimulation port         :	Zmin
                        Mode number              :	1
                        Accuracy                 :	7.31573e-14
                        Iterations               :	1
                        Solver time              :	0 s


                      ------------------------------------------------------------------------------
2025-04-13 11:41:15     Total time               :	4 s

                      ------------------------------------------------------------------------------
2025-04-13 11:41:15   

                      ------------------------------------------------------------------------------
2025-04-13 11:41:15     Calculation 19 (Frequency: 22.58 GHz, Theta: 0, Phi: 0)


                      ------------------------------------------------------------------------------
2025-04-13 11:41:20     Matrix setup time        :	0 s
                        Solver setup             :	3 s
                        Degrees of freedom       :	134684
                        Number of mesh cells     :	20929

                        Stimulation port         :	Zmin
                        Mode number              :	1
                        Accuracy                 :	5.66462e-14
                        Iterations               :	1
                        Solver time              :	0 s


                      ------------------------------------------------------------------------------
2025-04-13 11:41:20     Total time               :	4 s

                      ------------------------------------------------------------------------------
2025-04-13 11:41:20   

                      ------------------------------------------------------------------------------
2025-04-13 11:41:20     Calculation 20 (Frequency: 26.408 GHz, Theta: 0, Phi: 0)


                      ------------------------------------------------------------------------------
2025-04-13 11:41:24     Matrix setup time        :	0 s
                        Solver setup             :	3 s
                        Degrees of freedom       :	134684
                        Number of mesh cells     :	20929

                        Stimulation port         :	Zmin
                        Mode number              :	1
                        Accuracy                 :	4.80537e-14
                        Iterations               :	1
                        Solver time              :	0 s


                      ------------------------------------------------------------------------------
2025-04-13 11:41:24     Total time               :	4 s

                      ------------------------------------------------------------------------------
2025-04-13 11:41:24   

                      ------------------------------------------------------------------------------
2025-04-13 11:41:24     Calculation 21 (Frequency: 30.32 GHz, Theta: 0, Phi: 0)


                      ------------------------------------------------------------------------------
2025-04-13 11:41:29     Matrix setup time        :	0 s
                        Solver setup             :	3 s
                        Degrees of freedom       :	134684
                        Number of mesh cells     :	20929

                        Stimulation port         :	Zmin
                        Mode number              :	1
                        Accuracy                 :	4.13608e-14
                        Iterations               :	1
                        Solver time              :	0 s


                      ------------------------------------------------------------------------------
2025-04-13 11:41:29     Total time               :	4 s

                      ------------------------------------------------------------------------------
2025-04-13 11:41:29   

                      ------------------------------------------------------------------------------
2025-04-13 11:41:29     Calculation 22 (Frequency: 30.044 GHz, Theta: 0, Phi: 0)


                      ------------------------------------------------------------------------------
2025-04-13 11:41:33     Matrix setup time        :	0 s
                        Solver setup             :	3 s
                        Degrees of freedom       :	134684
                        Number of mesh cells     :	20929

                        Stimulation port         :	Zmin
                        Mode number              :	1
                        Accuracy                 :	5.08582e-14
                        Iterations               :	1
                        Solver time              :	0 s


                      ------------------------------------------------------------------------------
2025-04-13 11:41:33     Total time               :	4 s

                      ------------------------------------------------------------------------------
2025-04-13 11:41:33   

                      ------------------------------------------------------------------------------
2025-04-13 11:41:33     Calculation 23 (Frequency: 27.896 GHz, Theta: 0, Phi: 0)


                      ------------------------------------------------------------------------------
2025-04-13 11:41:38     Matrix setup time        :	0 s
                        Solver setup             :	4 s
                        Degrees of freedom       :	134684
                        Number of mesh cells     :	20929

                        Stimulation port         :	Zmin
                        Mode number              :	1
                        Accuracy                 :	4.25165e-14
                        Iterations               :	1
                        Solver time              :	0 s


                      ------------------------------------------------------------------------------
2025-04-13 11:41:38     Total time               :	4 s

                      ------------------------------------------------------------------------------
2025-04-13 11:41:38   

                      ------------------------------------------------------------------------------
2025-04-13 11:41:38     Calculation 24 (Frequency: 23.648 GHz, Theta: 0, Phi: 0)


                      ------------------------------------------------------------------------------
2025-04-13 11:41:42     Matrix setup time        :	0 s
                        Solver setup             :	3 s
                        Degrees of freedom       :	134684
                        Number of mesh cells     :	20929

                        Stimulation port         :	Zmin
                        Mode number              :	1
                        Accuracy                 :	4.75691e-14
                        Iterations               :	1
                        Solver time              :	0 s


                      ------------------------------------------------------------------------------
2025-04-13 11:41:42     Total time               :	4 s

                      ------------------------------------------------------------------------------
2025-04-13 11:41:42   

                      ------------------------------------------------------------------------------
2025-04-13 11:41:42     Calculation 25 (Frequency: 21.548 GHz, Theta: 0, Phi: 0)


                      ------------------------------------------------------------------------------
2025-04-13 11:41:47     Matrix setup time        :	0 s
                        Solver setup             :	3 s
                        Degrees of freedom       :	134684
                        Number of mesh cells     :	20929

                        Stimulation port         :	Zmin
                        Mode number              :	1
                        Accuracy                 :	6.02248e-14
                        Iterations               :	1
                        Solver time              :	0 s


                      ------------------------------------------------------------------------------
2025-04-13 11:41:47     Total time               :	4 s

                      ------------------------------------------------------------------------------
2025-04-13 11:41:47   

                      ------------------------------------------------------------------------------
2025-04-13 11:41:47     Calculation 26 (Frequency: 22.184 GHz, Theta: 0, Phi: 0)


                      ------------------------------------------------------------------------------
2025-04-13 11:41:51     Matrix setup time        :	0 s
                        Solver setup             :	3 s
                        Degrees of freedom       :	134684
                        Number of mesh cells     :	20929

                        Stimulation port         :	Zmin
                        Mode number              :	1
                        Accuracy                 :	7.93116e-14
                        Iterations               :	1
                        Solver time              :	0 s


                      ------------------------------------------------------------------------------
2025-04-13 11:41:51     Total time               :	4 s

                      ------------------------------------------------------------------------------
2025-04-13 11:41:51   

                      ------------------------------------------------------------------------------
2025-04-13 11:41:51     Calculation 27 (Frequency: 21.008 GHz, Theta: 0, Phi: 0)


                      ------------------------------------------------------------------------------
2025-04-13 11:41:55     Matrix setup time        :	0 s
                        Solver setup             :	3 s
                        Degrees of freedom       :	134684
                        Number of mesh cells     :	20929

                        Stimulation port         :	Zmin
                        Mode number              :	1
                        Accuracy                 :	5.90822e-14
                        Iterations               :	1
                        Solver time              :	0 s


                      ------------------------------------------------------------------------------
2025-04-13 11:41:56     Total time               :	4 s

                      ------------------------------------------------------------------------------
2025-04-13 11:41:56   

                      ------------------------------------------------------------------------------
2025-04-13 11:41:56     Calculation 28 (Frequency: 24.02 GHz, Theta: 0, Phi: 0)


                      ------------------------------------------------------------------------------
2025-04-13 11:42:00     Matrix setup time        :	0 s
                        Solver setup             :	3 s
                        Degrees of freedom       :	134684
                        Number of mesh cells     :	20929

                        Stimulation port         :	Zmin
                        Mode number              :	1
                        Accuracy                 :	3.77007e-14
                        Iterations               :	1
                        Solver time              :	0 s


                      ------------------------------------------------------------------------------
2025-04-13 11:42:00     Total time               :	4 s

                      ------------------------------------------------------------------------------
2025-04-13 11:42:00   

                      ------------------------------------------------------------------------------
2025-04-13 11:42:00     Calculation 29 (Frequency: 20.336 GHz, Theta: 0, Phi: 0)


                      ------------------------------------------------------------------------------
2025-04-13 11:42:04     Matrix setup time        :	0 s
                        Solver setup             :	3 s
                        Degrees of freedom       :	134684
                        Number of mesh cells     :	20929

                        Stimulation port         :	Zmin
                        Mode number              :	1
                        Accuracy                 :	1.05795e-13
                        Iterations               :	1
                        Solver time              :	0 s


                      ------------------------------------------------------------------------------
2025-04-13 11:42:05     Total time               :	4 s

                      ------------------------------------------------------------------------------
2025-04-13 11:42:05   

                      ------------------------------------------------------------------------------
2025-04-13 11:42:05   Finished the general purpose interpolative broadband frequency sweep:
                      All broadband sweep convergence criteria have been satisfied after
                      calculating 29 frequency samples:

                        Broadband sweep error threshold value :  0.01 (All S-Parameters) 
                        Number of error criterion checks      :  2 (All S-Parameters) 
                        Minimum number of samples             :  3
                        Number of data samples, linear        :  1001

                      ------------------------------------------------------------------------------
2025-04-13 11:42:05     Number of mesh cells     :	20929
                        Degrees of freedom       :	133568
                        Total Solver Time        :	147 s	 (= 0 h, 02 m, 27 s)
                      ================================================================================



                      ------------------------------------------------------------------------------
2025-04-13 11:42:05     ----------------------------------------------------------------------------
                                            Peak memory used (kB)         Free physical memory (kB) 
                                                                          At begin     Minimum      
                        ----------------------------------------------------------------------------
                        Solver start        22020                         8019840      8019028      
                        Eq. system setup    2138068                       7989152      7157800      
                        Eq. system solve    2138068                       7930548      5679008      
                        Mesh refinement     1251784                       7721680      7690776      
                        Solver run total    2138068                       8019844      5679008      

                        Computer name       Tahsin
                        ----------------------------------------------------------------------------


                      ------------------------------------------------------------------------------
2025-04-13 11:42:05   Running postprocessing.

                      ------------------------------------------------------------------------------
2025-04-13 11:42:05   Postprocessing finished.

                      ------------------------------------------------------------------------------
