2025-06-14 17:15:38   *** Warning ***

                      Electric isotropic material [Copper (pure)] has a very high conductivity for
                      the given mesh. Depending on your configuration it may be better to use a lossy
                      metal type for this material. More...

                      ------------------------------------------------------------------------------
2025-06-14 17:15:38   In order to get an optimal performance, hyperthreading is ignored for parallel
                      computations.

                      ------------------------------------------------------------------------------
2025-06-14 17:15:40   Units settings: 

                        Dimensions: mm
                        Frequency:  GHz
                        Time:       s

                      ------------------------------------------------------------------------------
2025-06-14 17:15:40   Boundary conditions: 

                        YZsymmetry: none
                        XZsymmetry: none
                        XYsymmetry: none

                        Xmin: unit cell
                        Xmax: unit cell

                        Ymin: unit cell
                        Ymax: unit cell

                        Zmin: expanded open
                        Zmax: expanded open

                      ------------------------------------------------------------------------------
2025-06-14 17:15:40   Order settings: 

                        Solver order   : 2nd (constant)
                        Curved elements: up to order 3 (automatic)

                      ------------------------------------------------------------------------------
2025-06-14 17:15:40   An iterative solver will be used first.

                      ------------------------------------------------------------------------------
2025-06-14 17:15:40     Mesh time                :	2 s


                      ------------------------------------------------------------------------------
2025-06-14 17:15:40   
                      ================================================================================
                      Frequency Domain Solver calculation cycle started

                      ------------------------------------------------------------------------------
2025-06-14 17:15:40   Solver started at: 2025-06-14 17:15:40 +0800

                        Module:  Frequency Domain: S-Parameter (Win 64)
                        Version: 2024.1 Release from 2023-10-16 (change 1181985)

                      ------------------------------------------------------------------------------
2025-06-14 17:15:40   The low frequency stabilization is not applied to periodic problems.

                      ------------------------------------------------------------------------------
2025-06-14 17:15:40     Calculation 1 of 1 (Frequency: 32 GHz, Theta: 0, Phi: 0)


                      ------------------------------------------------------------------------------
2025-06-14 17:15:40   The wavelength based mesh refinement has been applied to 5.1% of all mesh edges.

                      ------------------------------------------------------------------------------
2025-06-14 17:15:41   For some elements the curvature had to be reduced to maintain the quality of the mesh. More...

                      ------------------------------------------------------------------------------
2025-06-14 17:15:41   Adaptive mesh refinement pass 1

                      ------------------------------------------------------------------------------
2025-06-14 17:15:48   *** Warning ***

2025-06-14 17:15:48   Detected possible stagnation of the iterative solver (4.920398e-02 after 250 iterations.)
                      Please consider aborting the solver run, and check your simulation setup.  More...

                      ------------------------------------------------------------------------------
2025-06-14 17:15:55   *** Warning ***

2025-06-14 17:15:55   The solver stopped because the maximum number of iterations (500, used for automatic solver choice) has been reached.

                      ------------------------------------------------------------------------------
2025-06-14 17:15:55   Solving again, but with the direct solver. Please consider forcing the direct solver in the solver special settings, and
                      check your simulation setup (for instance source and material definitions.)

                      ------------------------------------------------------------------------------
2025-06-14 17:15:56     Matrix setup time        :	0 s
                        Degrees of freedom       :	35646
                        Number of mesh cells     :	5429

                        Stimulation port         :	Zmin
                        Mode number              :	1
                        Accuracy                 :	9.22863e-14
                        Iterations               :	1
                        Solver time              :	0 s


                      ------------------------------------------------------------------------------
2025-06-14 17:15:56   27% of all mesh edges seem to be longer than expected. The adaptive mesh refinement's growth limitation will therefore 
                      use 14410 instead of 3609 mesh cells as a reference.

                      ------------------------------------------------------------------------------
2025-06-14 17:15:56   The wavelength based mesh refinement has been applied to 0.3% of all mesh edges.

                      ------------------------------------------------------------------------------
2025-06-14 17:15:57   Adaptive mesh refinement pass 2

                      ------------------------------------------------------------------------------
2025-06-14 17:15:59     Matrix setup time        :	0 s
                        Solver setup             :	1 s
                        Degrees of freedom       :	71478
                        Number of mesh cells     :	11057

                        Stimulation port         :	Zmin
                        Mode number              :	1
                        Accuracy                 :	4.42888e-14
                        Iterations               :	1
                        Solver time              :	0 s


                      ------------------------------------------------------------------------------
2025-06-14 17:15:59     Delta calculation        
2025-06-14 17:15:59     All S-Parameters         :	0.0518804
2025-06-14 17:15:59   

                      ------------------------------------------------------------------------------
2025-06-14 17:16:01   Adaptive mesh refinement pass 3

                      ------------------------------------------------------------------------------
2025-06-14 17:16:05     Matrix setup time        :	0 s
                        Solver setup             :	4 s
                        Degrees of freedom       :	121760
                        Number of mesh cells     :	18930

                        Stimulation port         :	Zmin
                        Mode number              :	1
                        Accuracy                 :	2.96192e-14
                        Iterations               :	1
                        Solver time              :	0 s


                      ------------------------------------------------------------------------------
2025-06-14 17:16:05     Delta calculation        
2025-06-14 17:16:05     All S-Parameters         :	0.013261
2025-06-14 17:16:05   

                      ------------------------------------------------------------------------------
2025-06-14 17:16:05   Mesh adaptation terminated because the desired accuracy limit is reached.

                      ------------------------------------------------------------------------------
2025-06-14 17:16:06   *** Warning ***

2025-06-14 17:16:06   At least one propagating Floquet mode is not considered at port Zmin. Please increase the number of modes at this port. 
                      More...

                      ------------------------------------------------------------------------------
2025-06-14 17:16:06   *** Warning ***

2025-06-14 17:16:06   At least one propagating Floquet mode is not considered at port Zmax. Please increase the number of modes at this port. 
                      More...

                      ------------------------------------------------------------------------------
2025-06-14 17:16:06     Total time               :	25 s

                      ------------------------------------------------------------------------------
2025-06-14 17:16:06   

                      ------------------------------------------------------------------------------
2025-06-14 17:16:06     Calculation 2 (Frequency: 20 GHz, Theta: 0, Phi: 0)


                      ------------------------------------------------------------------------------
2025-06-14 17:16:09     Matrix setup time        :	0 s
                        Solver setup             :	3 s
                        Degrees of freedom       :	121760
                        Number of mesh cells     :	18930

                        Stimulation port         :	Zmin
                        Mode number              :	1
                        Accuracy                 :	5.22386e-14
                        Iterations               :	1
                        Solver time              :	0 s


                      ------------------------------------------------------------------------------
2025-06-14 17:16:09     Total time               :	3 s

                      ------------------------------------------------------------------------------
2025-06-14 17:16:09   

                      ------------------------------------------------------------------------------
2025-06-14 17:16:09     Calculation 3 (Frequency: 26 GHz, Theta: 0, Phi: 0)


                      ------------------------------------------------------------------------------
2025-06-14 17:16:13     Matrix setup time        :	0 s
                        Solver setup             :	3 s
                        Degrees of freedom       :	121760
                        Number of mesh cells     :	18930

                        Stimulation port         :	Zmin
                        Mode number              :	1
                        Accuracy                 :	2.56289e-14
                        Iterations               :	1
                        Solver time              :	0 s


                      ------------------------------------------------------------------------------
2025-06-14 17:16:13     Total time               :	3 s

                      ------------------------------------------------------------------------------
2025-06-14 17:16:13   

                      ------------------------------------------------------------------------------
2025-06-14 17:16:13     Calculation 4 (Frequency: 29 GHz, Theta: 0, Phi: 0)


                      ------------------------------------------------------------------------------
2025-06-14 17:16:16     Matrix setup time        :	0 s
                        Solver setup             :	3 s
                        Degrees of freedom       :	121760
                        Number of mesh cells     :	18930

                        Stimulation port         :	Zmin
                        Mode number              :	1
                        Accuracy                 :	4.39757e-14
                        Iterations               :	1
                        Solver time              :	0 s


                      ------------------------------------------------------------------------------
2025-06-14 17:16:17     Total time               :	3 s

                      ------------------------------------------------------------------------------
2025-06-14 17:16:17   

                      ------------------------------------------------------------------------------
2025-06-14 17:16:17     Calculation 5 (Frequency: 23.6 GHz, Theta: 0, Phi: 0)


                      ------------------------------------------------------------------------------
2025-06-14 17:16:20     Matrix setup time        :	0 s
                        Solver setup             :	3 s
                        Degrees of freedom       :	121760
                        Number of mesh cells     :	18930

                        Stimulation port         :	Zmin
                        Mode number              :	1
                        Accuracy                 :	5.02716e-14
                        Iterations               :	1
                        Solver time              :	0 s


                      ------------------------------------------------------------------------------
2025-06-14 17:16:20     Total time               :	3 s

                      ------------------------------------------------------------------------------
2025-06-14 17:16:20   

                      ------------------------------------------------------------------------------
2025-06-14 17:16:20     Calculation 6 (Frequency: 27.32 GHz, Theta: 0, Phi: 0)


                      ------------------------------------------------------------------------------
2025-06-14 17:16:24     Matrix setup time        :	0 s
                        Solver setup             :	3 s
                        Degrees of freedom       :	121760
                        Number of mesh cells     :	18930

                        Stimulation port         :	Zmin
                        Mode number              :	1
                        Accuracy                 :	3.03084e-14
                        Iterations               :	1
                        Solver time              :	0 s


                      ------------------------------------------------------------------------------
2025-06-14 17:16:24     Total time               :	3 s

                      ------------------------------------------------------------------------------
2025-06-14 17:16:24   

                      ------------------------------------------------------------------------------
2025-06-14 17:16:24     Calculation 7 (Frequency: 22.916 GHz, Theta: 0, Phi: 0)


                      ------------------------------------------------------------------------------
2025-06-14 17:16:28     Matrix setup time        :	0 s
                        Solver setup             :	3 s
                        Degrees of freedom       :	121760
                        Number of mesh cells     :	18930

                        Stimulation port         :	Zmin
                        Mode number              :	1
                        Accuracy                 :	3.9046e-14
                        Iterations               :	1
                        Solver time              :	0 s


                      ------------------------------------------------------------------------------
2025-06-14 17:16:28     Total time               :	3 s

                      ------------------------------------------------------------------------------
2025-06-14 17:16:28   

                      ------------------------------------------------------------------------------
2025-06-14 17:16:28     Calculation 8 (Frequency: 27.884 GHz, Theta: 0, Phi: 0)


                      ------------------------------------------------------------------------------
2025-06-14 17:16:31     Matrix setup time        :	0 s
                        Solver setup             :	3 s
                        Degrees of freedom       :	121760
                        Number of mesh cells     :	18930

                        Stimulation port         :	Zmin
                        Mode number              :	1
                        Accuracy                 :	3.82426e-14
                        Iterations               :	1
                        Solver time              :	0 s


                      ------------------------------------------------------------------------------
2025-06-14 17:16:31     Total time               :	3 s

                      ------------------------------------------------------------------------------
2025-06-14 17:16:31   

                      ------------------------------------------------------------------------------
2025-06-14 17:16:31     Calculation 9 (Frequency: 26.972 GHz, Theta: 0, Phi: 0)


                      ------------------------------------------------------------------------------
2025-06-14 17:16:35     Matrix setup time        :	0 s
                        Solver setup             :	3 s
                        Degrees of freedom       :	121760
                        Number of mesh cells     :	18930

                        Stimulation port         :	Zmin
                        Mode number              :	1
                        Accuracy                 :	3.34315e-14
                        Iterations               :	1
                        Solver time              :	0 s


                      ------------------------------------------------------------------------------
2025-06-14 17:16:35     Total time               :	3 s

                      ------------------------------------------------------------------------------
2025-06-14 17:16:35   

                      ------------------------------------------------------------------------------
2025-06-14 17:16:35     Calculation 10 (Frequency: 28.544 GHz, Theta: 0, Phi: 0)


                      ------------------------------------------------------------------------------
2025-06-14 17:16:39     Matrix setup time        :	0 s
                        Solver setup             :	3 s
                        Degrees of freedom       :	121760
                        Number of mesh cells     :	18930

                        Stimulation port         :	Zmin
                        Mode number              :	1
                        Accuracy                 :	3.98205e-14
                        Iterations               :	1
                        Solver time              :	0 s


                      ------------------------------------------------------------------------------
2025-06-14 17:16:39     Total time               :	3 s

                      ------------------------------------------------------------------------------
2025-06-14 17:16:39   

                      ------------------------------------------------------------------------------
2025-06-14 17:16:39     Calculation 11 (Frequency: 24.992 GHz, Theta: 0, Phi: 0)


                      ------------------------------------------------------------------------------
2025-06-14 17:16:43     Matrix setup time        :	0 s
                        Solver setup             :	3 s
                        Degrees of freedom       :	121760
                        Number of mesh cells     :	18930

                        Stimulation port         :	Zmin
                        Mode number              :	1
                        Accuracy                 :	3.82196e-14
                        Iterations               :	1
                        Solver time              :	0 s


                      ------------------------------------------------------------------------------
2025-06-14 17:16:43     Total time               :	4 s

                      ------------------------------------------------------------------------------
2025-06-14 17:16:43   

                      ------------------------------------------------------------------------------
2025-06-14 17:16:43     Calculation 12 (Frequency: 29.696 GHz, Theta: 0, Phi: 0)


                      ------------------------------------------------------------------------------
2025-06-14 17:16:47     Matrix setup time        :	0 s
                        Solver setup             :	3 s
                        Degrees of freedom       :	121760
                        Number of mesh cells     :	18930

                        Stimulation port         :	Zmin
                        Mode number              :	1
                        Accuracy                 :	4.13709e-14
                        Iterations               :	1
                        Solver time              :	0 s


                      ------------------------------------------------------------------------------
2025-06-14 17:16:47     Total time               :	4 s

                      ------------------------------------------------------------------------------
2025-06-14 17:16:47   

                      ------------------------------------------------------------------------------
2025-06-14 17:16:47     Calculation 13 (Frequency: 25.628 GHz, Theta: 0, Phi: 0)


                      ------------------------------------------------------------------------------
2025-06-14 17:16:51     Matrix setup time        :	0 s
                        Solver setup             :	3 s
                        Degrees of freedom       :	121760
                        Number of mesh cells     :	18930

                        Stimulation port         :	Zmin
                        Mode number              :	1
                        Accuracy                 :	2.34892e-14
                        Iterations               :	1
                        Solver time              :	0 s


                      ------------------------------------------------------------------------------
2025-06-14 17:16:51     Total time               :	4 s

                      ------------------------------------------------------------------------------
2025-06-14 17:16:51   

                      ------------------------------------------------------------------------------
2025-06-14 17:16:51     Calculation 14 (Frequency: 29.42 GHz, Theta: 0, Phi: 0)


                      ------------------------------------------------------------------------------
2025-06-14 17:16:56     Matrix setup time        :	0 s
                        Solver setup             :	3 s
                        Degrees of freedom       :	121760
                        Number of mesh cells     :	18930

                        Stimulation port         :	Zmin
                        Mode number              :	1
                        Accuracy                 :	3.99851e-14
                        Iterations               :	1
                        Solver time              :	0 s


                      ------------------------------------------------------------------------------
2025-06-14 17:16:56     Total time               :	4 s

                      ------------------------------------------------------------------------------
2025-06-14 17:16:56   

                      ------------------------------------------------------------------------------
2025-06-14 17:16:56     Calculation 15 (Frequency: 30.872 GHz, Theta: 0, Phi: 0)


                      ------------------------------------------------------------------------------
2025-06-14 17:17:00     Matrix setup time        :	0 s
                        Solver setup             :	3 s
                        Degrees of freedom       :	121760
                        Number of mesh cells     :	18930

                        Stimulation port         :	Zmin
                        Mode number              :	1
                        Accuracy                 :	3.80271e-14
                        Iterations               :	1
                        Solver time              :	0 s


                      ------------------------------------------------------------------------------
2025-06-14 17:17:00     Total time               :	4 s

                      ------------------------------------------------------------------------------
2025-06-14 17:17:00   

                      ------------------------------------------------------------------------------
2025-06-14 17:17:00     Calculation 16 (Frequency: 21.62 GHz, Theta: 0, Phi: 0)


                      ------------------------------------------------------------------------------
2025-06-14 17:17:04     Matrix setup time        :	0 s
                        Solver setup             :	3 s
                        Degrees of freedom       :	121760
                        Number of mesh cells     :	18930

                        Stimulation port         :	Zmin
                        Mode number              :	1
                        Accuracy                 :	5.78371e-14
                        Iterations               :	1
                        Solver time              :	0 s


                      ------------------------------------------------------------------------------
2025-06-14 17:17:04     Total time               :	4 s

                      ------------------------------------------------------------------------------
2025-06-14 17:17:04   

                      ------------------------------------------------------------------------------
2025-06-14 17:17:04     Calculation 17 (Frequency: 24.092 GHz, Theta: 0, Phi: 0)


                      ------------------------------------------------------------------------------
2025-06-14 17:17:08     Matrix setup time        :	0 s
                        Solver setup             :	3 s
                        Degrees of freedom       :	121760
                        Number of mesh cells     :	18930

                        Stimulation port         :	Zmin
                        Mode number              :	1
                        Accuracy                 :	3.48852e-14
                        Iterations               :	1
                        Solver time              :	0 s


                      ------------------------------------------------------------------------------
2025-06-14 17:17:09     Total time               :	4 s

                      ------------------------------------------------------------------------------
2025-06-14 17:17:09   

                      ------------------------------------------------------------------------------
2025-06-14 17:17:09     Calculation 18 (Frequency: 22.148 GHz, Theta: 0, Phi: 0)


                      ------------------------------------------------------------------------------
2025-06-14 17:17:13     Matrix setup time        :	0 s
                        Solver setup             :	3 s
                        Degrees of freedom       :	121760
                        Number of mesh cells     :	18930

                        Stimulation port         :	Zmin
                        Mode number              :	1
                        Accuracy                 :	5.64077e-14
                        Iterations               :	1
                        Solver time              :	0 s


                      ------------------------------------------------------------------------------
2025-06-14 17:17:13     Total time               :	4 s

                      ------------------------------------------------------------------------------
2025-06-14 17:17:13   

                      ------------------------------------------------------------------------------
2025-06-14 17:17:13     Calculation 19 (Frequency: 20.996 GHz, Theta: 0, Phi: 0)


                      ------------------------------------------------------------------------------
2025-06-14 17:17:17     Matrix setup time        :	0 s
                        Solver setup             :	3 s
                        Degrees of freedom       :	121760
                        Number of mesh cells     :	18930

                        Stimulation port         :	Zmin
                        Mode number              :	1
                        Accuracy                 :	6.75314e-14
                        Iterations               :	1
                        Solver time              :	0 s


                      ------------------------------------------------------------------------------
2025-06-14 17:17:17     Total time               :	4 s

                      ------------------------------------------------------------------------------
2025-06-14 17:17:17   

                      ------------------------------------------------------------------------------
2025-06-14 17:17:17     Calculation 20 (Frequency: 22.568 GHz, Theta: 0, Phi: 0)


                      ------------------------------------------------------------------------------
2025-06-14 17:17:21     Matrix setup time        :	0 s
                        Solver setup             :	3 s
                        Degrees of freedom       :	121760
                        Number of mesh cells     :	18930

                        Stimulation port         :	Zmin
                        Mode number              :	1
                        Accuracy                 :	5.48757e-14
                        Iterations               :	1
                        Solver time              :	0 s


                      ------------------------------------------------------------------------------
2025-06-14 17:17:21     Total time               :	4 s

                      ------------------------------------------------------------------------------
2025-06-14 17:17:21   

                      ------------------------------------------------------------------------------
2025-06-14 17:17:21     Calculation 21 (Frequency: 21.344 GHz, Theta: 0, Phi: 0)


                      ------------------------------------------------------------------------------
2025-06-14 17:17:26     Matrix setup time        :	0 s
                        Solver setup             :	3 s
                        Degrees of freedom       :	121760
                        Number of mesh cells     :	18930

                        Stimulation port         :	Zmin
                        Mode number              :	1
                        Accuracy                 :	5.4067e-14
                        Iterations               :	1
                        Solver time              :	0 s


                      ------------------------------------------------------------------------------
2025-06-14 17:17:26     Total time               :	4 s

                      ------------------------------------------------------------------------------
2025-06-14 17:17:26   

                      ------------------------------------------------------------------------------
2025-06-14 17:17:26     Calculation 22 (Frequency: 24.644 GHz, Theta: 0, Phi: 0)


                      ------------------------------------------------------------------------------
2025-06-14 17:17:30     Matrix setup time        :	0 s
                        Solver setup             :	3 s
                        Degrees of freedom       :	121760
                        Number of mesh cells     :	18930

                        Stimulation port         :	Zmin
                        Mode number              :	1
                        Accuracy                 :	2.66754e-14
                        Iterations               :	1
                        Solver time              :	0 s


                      ------------------------------------------------------------------------------
2025-06-14 17:17:30     Total time               :	4 s

                      ------------------------------------------------------------------------------
2025-06-14 17:17:30   

                      ------------------------------------------------------------------------------
2025-06-14 17:17:30     Calculation 23 (Frequency: 23.876 GHz, Theta: 0, Phi: 0)


                      ------------------------------------------------------------------------------
2025-06-14 17:17:34     Matrix setup time        :	0 s
                        Solver setup             :	3 s
                        Degrees of freedom       :	121760
                        Number of mesh cells     :	18930

                        Stimulation port         :	Zmin
                        Mode number              :	1
                        Accuracy                 :	4.80457e-14
                        Iterations               :	1
                        Solver time              :	0 s


                      ------------------------------------------------------------------------------
2025-06-14 17:17:34     Total time               :	4 s

                      ------------------------------------------------------------------------------
2025-06-14 17:17:34   

                      ------------------------------------------------------------------------------
2025-06-14 17:17:34     Calculation 24 (Frequency: 31.544 GHz, Theta: 0, Phi: 0)


                      ------------------------------------------------------------------------------
2025-06-14 17:17:38     Matrix setup time        :	0 s
                        Solver setup             :	3 s
                        Degrees of freedom       :	121760
                        Number of mesh cells     :	18930

                        Stimulation port         :	Zmin
                        Mode number              :	1
                        Accuracy                 :	3.76554e-14
                        Iterations               :	1
                        Solver time              :	0 s


                      ------------------------------------------------------------------------------
2025-06-14 17:17:39     Total time               :	4 s

                      ------------------------------------------------------------------------------
2025-06-14 17:17:39   

                      ------------------------------------------------------------------------------
2025-06-14 17:17:39     Calculation 25 (Frequency: 30.5 GHz, Theta: 0, Phi: 0)


                      ------------------------------------------------------------------------------
2025-06-14 17:17:42     Matrix setup time        :	0 s
                        Solver setup             :	3 s
                        Degrees of freedom       :	121760
                        Number of mesh cells     :	18930

                        Stimulation port         :	Zmin
                        Mode number              :	1
                        Accuracy                 :	3.82723e-14
                        Iterations               :	1
                        Solver time              :	0 s


                      ------------------------------------------------------------------------------
2025-06-14 17:17:43     Total time               :	3 s

                      ------------------------------------------------------------------------------
2025-06-14 17:17:43   

                      ------------------------------------------------------------------------------
2025-06-14 17:17:43     Calculation 26 (Frequency: 24.752 GHz, Theta: 0, Phi: 0)


                      ------------------------------------------------------------------------------
2025-06-14 17:17:47     Matrix setup time        :	0 s
                        Solver setup             :	3 s
                        Degrees of freedom       :	121760
                        Number of mesh cells     :	18930

                        Stimulation port         :	Zmin
                        Mode number              :	1
                        Accuracy                 :	3.16272e-14
                        Iterations               :	1
                        Solver time              :	0 s


                      ------------------------------------------------------------------------------
2025-06-14 17:17:47     Total time               :	3 s

                      ------------------------------------------------------------------------------
2025-06-14 17:17:47   

                      ------------------------------------------------------------------------------
2025-06-14 17:17:47     Calculation 27 (Frequency: 30.284 GHz, Theta: 0, Phi: 0)


                      ------------------------------------------------------------------------------
2025-06-14 17:17:51     Matrix setup time        :	0 s
                        Solver setup             :	3 s
                        Degrees of freedom       :	121760
                        Number of mesh cells     :	18930

                        Stimulation port         :	Zmin
                        Mode number              :	1
                        Accuracy                 :	3.83792e-14
                        Iterations               :	1
                        Solver time              :	0 s


                      ------------------------------------------------------------------------------
2025-06-14 17:17:51     Total time               :	3 s

                      ------------------------------------------------------------------------------
2025-06-14 17:17:51   

                      ------------------------------------------------------------------------------
2025-06-14 17:17:51     Calculation 28 (Frequency: 27.74 GHz, Theta: 0, Phi: 0)


                      ------------------------------------------------------------------------------
2025-06-14 17:17:55     Matrix setup time        :	0 s
                        Solver setup             :	3 s
                        Degrees of freedom       :	121760
                        Number of mesh cells     :	18930

                        Stimulation port         :	Zmin
                        Mode number              :	1
                        Accuracy                 :	4.80854e-14
                        Iterations               :	1
                        Solver time              :	0 s


                      ------------------------------------------------------------------------------
2025-06-14 17:17:55     Total time               :	4 s

                      ------------------------------------------------------------------------------
2025-06-14 17:17:55   

                      ------------------------------------------------------------------------------
2025-06-14 17:17:55     Calculation 29 (Frequency: 28.088 GHz, Theta: 0, Phi: 0)


                      ------------------------------------------------------------------------------
2025-06-14 17:17:59     Matrix setup time        :	0 s
                        Solver setup             :	3 s
                        Degrees of freedom       :	121760
                        Number of mesh cells     :	18930

                        Stimulation port         :	Zmin
                        Mode number              :	1
                        Accuracy                 :	3.28664e-14
                        Iterations               :	1
                        Solver time              :	0 s


                      ------------------------------------------------------------------------------
2025-06-14 17:18:00     Total time               :	4 s

                      ------------------------------------------------------------------------------
2025-06-14 17:18:00   

                      ------------------------------------------------------------------------------
2025-06-14 17:18:00   Finished the general purpose interpolative broadband frequency sweep:
                      All broadband sweep convergence criteria have been satisfied after
                      calculating 29 frequency samples:

                        Broadband sweep error threshold value :  0.01 (All S-Parameters) 
                        Number of error criterion checks      :  2 (All S-Parameters) 
                        Minimum number of samples             :  3
                        Number of data samples, linear        :  1001

                      ------------------------------------------------------------------------------
2025-06-14 17:18:00     Number of mesh cells     :	18930
                        Degrees of freedom       :	120770
                        Total Solver Time        :	140 s	 (= 0 h, 02 m, 20 s)
                      ================================================================================



                      ------------------------------------------------------------------------------
2025-06-14 17:18:00     ----------------------------------------------------------------------------
                                            Peak memory used (kB)         Free physical memory (kB) 
                                                                          At begin     Minimum      
                        ----------------------------------------------------------------------------
                        Solver start        22312                         8706120      8704820      
                        Eq. system setup    2149604                       8698272      7936960      
                        Eq. system solve    2149604                       8652604      6589740      
                        Mesh refinement     1358060                       8511476      8166464      
                        Solver run total    2149604                       8706124      6589740      

                        Computer name       Tahsin
                        ----------------------------------------------------------------------------


                      ------------------------------------------------------------------------------
2025-06-14 17:18:00   Running postprocessing.

                      ------------------------------------------------------------------------------
2025-06-14 17:18:00   Postprocessing finished.

                      ------------------------------------------------------------------------------
