2025-06-16 23:15:34   *** Warning ***

                      Electric isotropic material [Copper (pure)] has a very high conductivity for
                      the given mesh. Depending on your configuration it may be better to use a lossy
                      metal type for this material. More...

                      ------------------------------------------------------------------------------
2025-06-16 23:15:34   In order to get an optimal performance, hyperthreading is ignored for parallel
                      computations.

                      ------------------------------------------------------------------------------
2025-06-16 23:15:36   Units settings: 

                        Dimensions: mm
                        Frequency:  GHz
                        Time:       s

                      ------------------------------------------------------------------------------
2025-06-16 23:15:36   Boundary conditions: 

                        YZsymmetry: none
                        XZsymmetry: none
                        XYsymmetry: none

                        Xmin: unit cell
                        Xmax: unit cell

                        Ymin: unit cell
                        Ymax: unit cell

                        Zmin: expanded open
                        Zmax: expanded open

                      ------------------------------------------------------------------------------
2025-06-16 23:15:36   Order settings: 

                        Solver order   : 2nd (constant)
                        Curved elements: up to order 3 (automatic)

                      ------------------------------------------------------------------------------
2025-06-16 23:15:36   An iterative solver will be used first.

                      ------------------------------------------------------------------------------
2025-06-16 23:15:36     Mesh time                :	1 s


                      ------------------------------------------------------------------------------
2025-06-16 23:15:36   
                      ================================================================================
                      Frequency Domain Solver calculation cycle started

                      ------------------------------------------------------------------------------
2025-06-16 23:15:36   Solver started at: 2025-06-16 23:15:36 +0600

                        Module:  Frequency Domain: S-Parameter (Win 64)
                        Version: 2024.1 Release from 2023-10-16 (change 1181985)

                      ------------------------------------------------------------------------------
2025-06-16 23:15:36   The low frequency stabilization is not applied to periodic problems.

                      ------------------------------------------------------------------------------
2025-06-16 23:15:36     Calculation 1 of 1 (Frequency: 32 GHz, Theta: 0, Phi: 0)


                      ------------------------------------------------------------------------------
2025-06-16 23:15:37   The wavelength based mesh refinement has been applied to 6.1% of all mesh edges.

                      ------------------------------------------------------------------------------
2025-06-16 23:15:37   For some elements the curvature had to be reduced to maintain the quality of the mesh. More...

                      ------------------------------------------------------------------------------
2025-06-16 23:15:37   Adaptive mesh refinement pass 1

                      ------------------------------------------------------------------------------
2025-06-16 23:15:45   *** Warning ***

2025-06-16 23:15:45   Detected possible stagnation of the iterative solver (4.611153e-02 after 250 iterations.)
                      Please consider aborting the solver run, and check your simulation setup.  More...

                      ------------------------------------------------------------------------------
2025-06-16 23:15:53   *** Warning ***

2025-06-16 23:15:53   The solver stopped because the maximum number of iterations (500, used for automatic solver choice) has been reached.

                      ------------------------------------------------------------------------------
2025-06-16 23:15:53   Solving again, but with the direct solver. Please consider forcing the direct solver in the solver special settings, and
                      check your simulation setup (for instance source and material definitions.)

                      ------------------------------------------------------------------------------
2025-06-16 23:15:54     Matrix setup time        :	0 s
                        Degrees of freedom       :	44972
                        Number of mesh cells     :	6838

                        Stimulation port         :	Zmin
                        Mode number              :	1
                        Accuracy                 :	5.95837e-14
                        Iterations               :	1
                        Solver time              :	0 s


                      ------------------------------------------------------------------------------
2025-06-16 23:15:54   21% of all mesh edges seem to be longer than expected. The adaptive mesh refinement's growth limitation will therefore 
                      use 15546 instead of 4482 mesh cells as a reference.

                      ------------------------------------------------------------------------------
2025-06-16 23:15:55   The wavelength based mesh refinement has been applied to 0.4% of all mesh edges.

                      ------------------------------------------------------------------------------
2025-06-16 23:15:56   Adaptive mesh refinement pass 2

                      ------------------------------------------------------------------------------
2025-06-16 23:15:58     Matrix setup time        :	0 s
                        Solver setup             :	2 s
                        Degrees of freedom       :	80792
                        Number of mesh cells     :	12473

                        Stimulation port         :	Zmin
                        Mode number              :	1
                        Accuracy                 :	5.49205e-14
                        Iterations               :	1
                        Solver time              :	0 s


                      ------------------------------------------------------------------------------
2025-06-16 23:15:58     Delta calculation        
2025-06-16 23:15:58     All S-Parameters         :	0.100462
2025-06-16 23:15:58   

                      ------------------------------------------------------------------------------
2025-06-16 23:16:00   Adaptive mesh refinement pass 3

                      ------------------------------------------------------------------------------
2025-06-16 23:16:07     Matrix setup time        :	0 s
                        Solver setup             :	5 s
                        Degrees of freedom       :	141804
                        Number of mesh cells     :	22001

                        Stimulation port         :	Zmin
                        Mode number              :	1
                        Accuracy                 :	3.08513e-14
                        Iterations               :	1
                        Solver time              :	0 s


                      ------------------------------------------------------------------------------
2025-06-16 23:16:07     Delta calculation        
2025-06-16 23:16:07     All S-Parameters         :	0.0249997
2025-06-16 23:16:07   

                      ------------------------------------------------------------------------------
2025-06-16 23:16:09   For some elements the curvature had to be reduced to maintain the quality of the mesh. More...

                      ------------------------------------------------------------------------------
2025-06-16 23:16:09   Adaptive mesh refinement pass 4

                      ------------------------------------------------------------------------------
2025-06-16 23:16:23     Matrix setup time        :	0 s
                        Solver setup             :	12 s
                        Degrees of freedom       :	239686
                        Number of mesh cells     :	37186

                        Stimulation port         :	Zmin
                        Mode number              :	1
                        Accuracy                 :	2.84838e-14
                        Iterations               :	1
                        Solver time              :	0 s


                      ------------------------------------------------------------------------------
2025-06-16 23:16:23     Delta calculation        
2025-06-16 23:16:23     All S-Parameters         :	0.020538
2025-06-16 23:16:23   

                      ------------------------------------------------------------------------------
2025-06-16 23:16:27   Adaptive mesh refinement pass 5

                      ------------------------------------------------------------------------------
2025-06-16 23:16:52     Matrix setup time        :	1 s
                        Solver setup             :	23 s
                        Degrees of freedom       :	345922
                        Number of mesh cells     :	53781

                        Stimulation port         :	Zmin
                        Mode number              :	1
                        Accuracy                 :	3.31527e-14
                        Iterations               :	1
                        Solver time              :	0 s


                      ------------------------------------------------------------------------------
2025-06-16 23:16:53     Delta calculation        
2025-06-16 23:16:53     All S-Parameters         :	0.00664854
2025-06-16 23:16:53   

                      ------------------------------------------------------------------------------
2025-06-16 23:16:53   Mesh adaptation terminated because the desired accuracy limit is reached.

                      ------------------------------------------------------------------------------
2025-06-16 23:16:53   *** Warning ***

2025-06-16 23:16:53   At least one propagating Floquet mode is not considered at port Zmin. Please increase the number of modes at this port. 
                      More...

                      ------------------------------------------------------------------------------
2025-06-16 23:16:53   *** Warning ***

2025-06-16 23:16:53   At least one propagating Floquet mode is not considered at port Zmax. Please increase the number of modes at this port. 
                      More...

                      ------------------------------------------------------------------------------
2025-06-16 23:16:53     Total time               :	76 s	 (= 0 h, 01 m, 16 s)

                      ------------------------------------------------------------------------------
2025-06-16 23:16:53   

                      ------------------------------------------------------------------------------
2025-06-16 23:16:53     Calculation 2 (Frequency: 20 GHz, Theta: 0, Phi: 0)


                      ------------------------------------------------------------------------------
2025-06-16 23:17:14     Matrix setup time        :	0 s
                        Solver setup             :	19 s
                        Degrees of freedom       :	345922
                        Number of mesh cells     :	53781

                        Stimulation port         :	Zmin
                        Mode number              :	1
                        Accuracy                 :	3.38862e-14
                        Iterations               :	1
                        Solver time              :	0 s


                      ------------------------------------------------------------------------------
2025-06-16 23:17:14     Total time               :	20 s

                      ------------------------------------------------------------------------------
2025-06-16 23:17:14   

                      ------------------------------------------------------------------------------
2025-06-16 23:17:14     Calculation 3 (Frequency: 26 GHz, Theta: 0, Phi: 0)


                      ------------------------------------------------------------------------------
2025-06-16 23:17:34     Matrix setup time        :	0 s
                        Solver setup             :	18 s
                        Degrees of freedom       :	345922
                        Number of mesh cells     :	53781

                        Stimulation port         :	Zmin
                        Mode number              :	1
                        Accuracy                 :	3.15601e-14
                        Iterations               :	1
                        Solver time              :	0 s


                      ------------------------------------------------------------------------------
2025-06-16 23:17:34     Total time               :	19 s

                      ------------------------------------------------------------------------------
2025-06-16 23:17:34   

                      ------------------------------------------------------------------------------
2025-06-16 23:17:34     Calculation 4 (Frequency: 29 GHz, Theta: 0, Phi: 0)


                      ------------------------------------------------------------------------------
2025-06-16 23:17:54     Matrix setup time        :	0 s
                        Solver setup             :	18 s
                        Degrees of freedom       :	345922
                        Number of mesh cells     :	53781

                        Stimulation port         :	Zmin
                        Mode number              :	1
                        Accuracy                 :	4.34212e-14
                        Iterations               :	1
                        Solver time              :	0 s


                      ------------------------------------------------------------------------------
2025-06-16 23:17:54     Total time               :	19 s

                      ------------------------------------------------------------------------------
2025-06-16 23:17:54   

                      ------------------------------------------------------------------------------
2025-06-16 23:17:54     Calculation 5 (Frequency: 23.864 GHz, Theta: 0, Phi: 0)


                      ------------------------------------------------------------------------------
2025-06-16 23:18:14     Matrix setup time        :	0 s
                        Solver setup             :	19 s
                        Degrees of freedom       :	345922
                        Number of mesh cells     :	53781

                        Stimulation port         :	Zmin
                        Mode number              :	1
                        Accuracy                 :	6.40755e-14
                        Iterations               :	1
                        Solver time              :	0 s


                      ------------------------------------------------------------------------------
2025-06-16 23:18:15     Total time               :	20 s

                      ------------------------------------------------------------------------------
2025-06-16 23:18:15   

                      ------------------------------------------------------------------------------
2025-06-16 23:18:15     Calculation 6 (Frequency: 31.088 GHz, Theta: 0, Phi: 0)


                      ------------------------------------------------------------------------------
2025-06-16 23:18:34     Matrix setup time        :	0 s
                        Solver setup             :	18 s
                        Degrees of freedom       :	345922
                        Number of mesh cells     :	53781

                        Stimulation port         :	Zmin
                        Mode number              :	1
                        Accuracy                 :	3.24955e-14
                        Iterations               :	1
                        Solver time              :	0 s


                      ------------------------------------------------------------------------------
2025-06-16 23:18:35     Total time               :	19 s

                      ------------------------------------------------------------------------------
2025-06-16 23:18:35   

                      ------------------------------------------------------------------------------
2025-06-16 23:18:35     Calculation 7 (Frequency: 25.4 GHz, Theta: 0, Phi: 0)


                      ------------------------------------------------------------------------------
2025-06-16 23:18:54     Matrix setup time        :	0 s
                        Solver setup             :	17 s
                        Degrees of freedom       :	345922
                        Number of mesh cells     :	53781

                        Stimulation port         :	Zmin
                        Mode number              :	1
                        Accuracy                 :	3.18077e-14
                        Iterations               :	1
                        Solver time              :	0 s


                      ------------------------------------------------------------------------------
2025-06-16 23:18:54     Total time               :	19 s

                      ------------------------------------------------------------------------------
2025-06-16 23:18:54   

                      ------------------------------------------------------------------------------
2025-06-16 23:18:54     Calculation 8 (Frequency: 22.484 GHz, Theta: 0, Phi: 0)


                      ------------------------------------------------------------------------------
2025-06-16 23:19:12     Matrix setup time        :	0 s
                        Solver setup             :	17 s
                        Degrees of freedom       :	345922
                        Number of mesh cells     :	53781

                        Stimulation port         :	Zmin
                        Mode number              :	1
                        Accuracy                 :	3.02331e-14
                        Iterations               :	1
                        Solver time              :	0 s


                      ------------------------------------------------------------------------------
2025-06-16 23:19:13     Total time               :	18 s

                      ------------------------------------------------------------------------------
2025-06-16 23:19:13   

                      ------------------------------------------------------------------------------
2025-06-16 23:19:13     Calculation 9 (Frequency: 24.968 GHz, Theta: 0, Phi: 0)


                      ------------------------------------------------------------------------------
2025-06-16 23:19:31     Matrix setup time        :	0 s
                        Solver setup             :	17 s
                        Degrees of freedom       :	345922
                        Number of mesh cells     :	53781

                        Stimulation port         :	Zmin
                        Mode number              :	1
                        Accuracy                 :	3.13551e-14
                        Iterations               :	1
                        Solver time              :	0 s


                      ------------------------------------------------------------------------------
2025-06-16 23:19:31     Total time               :	18 s

                      ------------------------------------------------------------------------------
2025-06-16 23:19:31   

                      ------------------------------------------------------------------------------
2025-06-16 23:19:31     Calculation 10 (Frequency: 20.552 GHz, Theta: 0, Phi: 0)


                      ------------------------------------------------------------------------------
2025-06-16 23:19:51     Matrix setup time        :	0 s
                        Solver setup             :	18 s
                        Degrees of freedom       :	345922
                        Number of mesh cells     :	53781

                        Stimulation port         :	Zmin
                        Mode number              :	1
                        Accuracy                 :	2.22354e-14
                        Iterations               :	1
                        Solver time              :	0 s


                      ------------------------------------------------------------------------------
2025-06-16 23:19:51     Total time               :	19 s

                      ------------------------------------------------------------------------------
2025-06-16 23:19:51   

                      ------------------------------------------------------------------------------
2025-06-16 23:19:51     Calculation 11 (Frequency: 24.38 GHz, Theta: 0, Phi: 0)


                      ------------------------------------------------------------------------------
2025-06-16 23:20:11     Matrix setup time        :	0 s
                        Solver setup             :	18 s
                        Degrees of freedom       :	345922
                        Number of mesh cells     :	53781

                        Stimulation port         :	Zmin
                        Mode number              :	1
                        Accuracy                 :	2.38768e-14
                        Iterations               :	1
                        Solver time              :	0 s


                      ------------------------------------------------------------------------------
2025-06-16 23:20:11     Total time               :	19 s

                      ------------------------------------------------------------------------------
2025-06-16 23:20:11   

                      ------------------------------------------------------------------------------
2025-06-16 23:20:11     Calculation 12 (Frequency: 23.456 GHz, Theta: 0, Phi: 0)


                      ------------------------------------------------------------------------------
2025-06-16 23:20:33     Matrix setup time        :	0 s
                        Solver setup             :	20 s
                        Degrees of freedom       :	345922
                        Number of mesh cells     :	53781

                        Stimulation port         :	Zmin
                        Mode number              :	1
                        Accuracy                 :	3.86389e-14
                        Iterations               :	1
                        Solver time              :	0 s


                      ------------------------------------------------------------------------------
2025-06-16 23:20:33     Total time               :	21 s

                      ------------------------------------------------------------------------------
2025-06-16 23:20:33   

                      ------------------------------------------------------------------------------
2025-06-16 23:20:33     Calculation 13 (Frequency: 25.64 GHz, Theta: 0, Phi: 0)


                      ------------------------------------------------------------------------------
2025-06-16 23:20:55     Matrix setup time        :	0 s
                        Solver setup             :	20 s
                        Degrees of freedom       :	345922
                        Number of mesh cells     :	53781

                        Stimulation port         :	Zmin
                        Mode number              :	1
                        Accuracy                 :	3.09954e-14
                        Iterations               :	1
                        Solver time              :	0 s


                      ------------------------------------------------------------------------------
2025-06-16 23:20:56     Total time               :	22 s

                      ------------------------------------------------------------------------------
2025-06-16 23:20:56   

                      ------------------------------------------------------------------------------
2025-06-16 23:20:56     Calculation 14 (Frequency: 25.136 GHz, Theta: 0, Phi: 0)


                      ------------------------------------------------------------------------------
2025-06-16 23:21:15     Matrix setup time        :	0 s
                        Solver setup             :	18 s
                        Degrees of freedom       :	345922
                        Number of mesh cells     :	53781

                        Stimulation port         :	Zmin
                        Mode number              :	1
                        Accuracy                 :	3.88812e-14
                        Iterations               :	1
                        Solver time              :	0 s


                      ------------------------------------------------------------------------------
2025-06-16 23:21:16     Total time               :	20 s

                      ------------------------------------------------------------------------------
2025-06-16 23:21:16   

                      ------------------------------------------------------------------------------
2025-06-16 23:21:16     Calculation 15 (Frequency: 26.804 GHz, Theta: 0, Phi: 0)


                      ------------------------------------------------------------------------------
2025-06-16 23:21:36     Matrix setup time        :	0 s
                        Solver setup             :	18 s
                        Degrees of freedom       :	345922
                        Number of mesh cells     :	53781

                        Stimulation port         :	Zmin
                        Mode number              :	1
                        Accuracy                 :	2.92157e-14
                        Iterations               :	1
                        Solver time              :	0 s


                      ------------------------------------------------------------------------------
2025-06-16 23:21:36     Total time               :	19 s

                      ------------------------------------------------------------------------------
2025-06-16 23:21:36   

                      ------------------------------------------------------------------------------
2025-06-16 23:21:36     Calculation 16 (Frequency: 24.188 GHz, Theta: 0, Phi: 0)


                      ------------------------------------------------------------------------------
2025-06-16 23:21:55     Matrix setup time        :	0 s
                        Solver setup             :	18 s
                        Degrees of freedom       :	345922
                        Number of mesh cells     :	53781

                        Stimulation port         :	Zmin
                        Mode number              :	1
                        Accuracy                 :	3.22548e-14
                        Iterations               :	1
                        Solver time              :	0 s


                      ------------------------------------------------------------------------------
2025-06-16 23:21:56     Total time               :	19 s

                      ------------------------------------------------------------------------------
2025-06-16 23:21:56   

                      ------------------------------------------------------------------------------
2025-06-16 23:21:56     Calculation 17 (Frequency: 21.296 GHz, Theta: 0, Phi: 0)


                      ------------------------------------------------------------------------------
2025-06-16 23:22:14     Matrix setup time        :	0 s
                        Solver setup             :	17 s
                        Degrees of freedom       :	345922
                        Number of mesh cells     :	53781

                        Stimulation port         :	Zmin
                        Mode number              :	1
                        Accuracy                 :	1.9343e-14
                        Iterations               :	1
                        Solver time              :	0 s


                      ------------------------------------------------------------------------------
2025-06-16 23:22:14     Total time               :	18 s

                      ------------------------------------------------------------------------------
2025-06-16 23:22:14   

                      ------------------------------------------------------------------------------
2025-06-16 23:22:14     Calculation 18 (Frequency: 20.096 GHz, Theta: 0, Phi: 0)


                      ------------------------------------------------------------------------------
2025-06-16 23:22:33     Matrix setup time        :	0 s
                        Solver setup             :	17 s
                        Degrees of freedom       :	345922
                        Number of mesh cells     :	53781

                        Stimulation port         :	Zmin
                        Mode number              :	1
                        Accuracy                 :	2.45121e-14
                        Iterations               :	1
                        Solver time              :	0 s


                      ------------------------------------------------------------------------------
2025-06-16 23:22:33     Total time               :	18 s

                      ------------------------------------------------------------------------------
2025-06-16 23:22:33   

                      ------------------------------------------------------------------------------
2025-06-16 23:22:33     Calculation 19 (Frequency: 22.316 GHz, Theta: 0, Phi: 0)


                      ------------------------------------------------------------------------------
2025-06-16 23:22:51     Matrix setup time        :	0 s
                        Solver setup             :	17 s
                        Degrees of freedom       :	345922
                        Number of mesh cells     :	53781

                        Stimulation port         :	Zmin
                        Mode number              :	1
                        Accuracy                 :	2.01176e-14
                        Iterations               :	1
                        Solver time              :	0 s


                      ------------------------------------------------------------------------------
2025-06-16 23:22:51     Total time               :	18 s

                      ------------------------------------------------------------------------------
2025-06-16 23:22:51   

                      ------------------------------------------------------------------------------
2025-06-16 23:22:51     Calculation 20 (Frequency: 22.58 GHz, Theta: 0, Phi: 0)


                      ------------------------------------------------------------------------------
2025-06-16 23:23:10     Matrix setup time        :	0 s
                        Solver setup             :	17 s
                        Degrees of freedom       :	345922
                        Number of mesh cells     :	53781

                        Stimulation port         :	Zmin
                        Mode number              :	1
                        Accuracy                 :	5.3109e-14
                        Iterations               :	1
                        Solver time              :	0 s


                      ------------------------------------------------------------------------------
2025-06-16 23:23:10     Total time               :	18 s

                      ------------------------------------------------------------------------------
2025-06-16 23:23:10   

                      ------------------------------------------------------------------------------
2025-06-16 23:23:10     Calculation 21 (Frequency: 21.728 GHz, Theta: 0, Phi: 0)


                      ------------------------------------------------------------------------------
2025-06-16 23:23:29     Matrix setup time        :	0 s
                        Solver setup             :	17 s
                        Degrees of freedom       :	345922
                        Number of mesh cells     :	53781

                        Stimulation port         :	Zmin
                        Mode number              :	1
                        Accuracy                 :	4.17928e-14
                        Iterations               :	1
                        Solver time              :	0 s


                      ------------------------------------------------------------------------------
2025-06-16 23:23:29     Total time               :	18 s

                      ------------------------------------------------------------------------------
2025-06-16 23:23:29   

                      ------------------------------------------------------------------------------
2025-06-16 23:23:29     Calculation 22 (Frequency: 23.144 GHz, Theta: 0, Phi: 0)


                      ------------------------------------------------------------------------------
2025-06-16 23:23:47     Matrix setup time        :	0 s
                        Solver setup             :	17 s
                        Degrees of freedom       :	345922
                        Number of mesh cells     :	53781

                        Stimulation port         :	Zmin
                        Mode number              :	1
                        Accuracy                 :	2.17475e-14
                        Iterations               :	1
                        Solver time              :	0 s


                      ------------------------------------------------------------------------------
2025-06-16 23:23:48     Total time               :	18 s

                      ------------------------------------------------------------------------------
2025-06-16 23:23:48   

                      ------------------------------------------------------------------------------
2025-06-16 23:23:48     Calculation 23 (Frequency: 21.572 GHz, Theta: 0, Phi: 0)


                      ------------------------------------------------------------------------------
2025-06-16 23:24:06     Matrix setup time        :	0 s
                        Solver setup             :	17 s
                        Degrees of freedom       :	345922
                        Number of mesh cells     :	53781

                        Stimulation port         :	Zmin
                        Mode number              :	1
                        Accuracy                 :	2.10756e-14
                        Iterations               :	1
                        Solver time              :	0 s


                      ------------------------------------------------------------------------------
2025-06-16 23:24:07     Total time               :	18 s

                      ------------------------------------------------------------------------------
2025-06-16 23:24:07   

                      ------------------------------------------------------------------------------
2025-06-16 23:24:07     Calculation 24 (Frequency: 22.928 GHz, Theta: 0, Phi: 0)


                      ------------------------------------------------------------------------------
2025-06-16 23:24:25     Matrix setup time        :	0 s
                        Solver setup             :	17 s
                        Degrees of freedom       :	345922
                        Number of mesh cells     :	53781

                        Stimulation port         :	Zmin
                        Mode number              :	1
                        Accuracy                 :	3.16654e-14
                        Iterations               :	1
                        Solver time              :	0 s


                      ------------------------------------------------------------------------------
2025-06-16 23:24:25     Total time               :	18 s

                      ------------------------------------------------------------------------------
2025-06-16 23:24:25   

                      ------------------------------------------------------------------------------
2025-06-16 23:24:25     Calculation 25 (Frequency: 27.44 GHz, Theta: 0, Phi: 0)


                      ------------------------------------------------------------------------------
2025-06-16 23:24:44     Matrix setup time        :	0 s
                        Solver setup             :	17 s
                        Degrees of freedom       :	345922
                        Number of mesh cells     :	53781

                        Stimulation port         :	Zmin
                        Mode number              :	1
                        Accuracy                 :	1.71792e-14
                        Iterations               :	1
                        Solver time              :	0 s


                      ------------------------------------------------------------------------------
2025-06-16 23:24:44     Total time               :	18 s

                      ------------------------------------------------------------------------------
2025-06-16 23:24:44   

                      ------------------------------------------------------------------------------
2025-06-16 23:24:44     Calculation 26 (Frequency: 31.388 GHz, Theta: 0, Phi: 0)


                      ------------------------------------------------------------------------------
2025-06-16 23:25:03     Matrix setup time        :	0 s
                        Solver setup             :	17 s
                        Degrees of freedom       :	345922
                        Number of mesh cells     :	53781

                        Stimulation port         :	Zmin
                        Mode number              :	1
                        Accuracy                 :	4.66256e-14
                        Iterations               :	1
                        Solver time              :	0 s


                      ------------------------------------------------------------------------------
2025-06-16 23:25:03     Total time               :	18 s

                      ------------------------------------------------------------------------------
2025-06-16 23:25:03   

                      ------------------------------------------------------------------------------
2025-06-16 23:25:03     Calculation 27 (Frequency: 28.196 GHz, Theta: 0, Phi: 0)


                      ------------------------------------------------------------------------------
2025-06-16 23:25:21     Matrix setup time        :	0 s
                        Solver setup             :	17 s
                        Degrees of freedom       :	345922
                        Number of mesh cells     :	53781

                        Stimulation port         :	Zmin
                        Mode number              :	1
                        Accuracy                 :	2.58218e-14
                        Iterations               :	1
                        Solver time              :	0 s


                      ------------------------------------------------------------------------------
2025-06-16 23:25:22     Total time               :	18 s

                      ------------------------------------------------------------------------------
2025-06-16 23:25:22   

                      ------------------------------------------------------------------------------
2025-06-16 23:25:22     Calculation 28 (Frequency: 30.236 GHz, Theta: 0, Phi: 0)


                      ------------------------------------------------------------------------------
2025-06-16 23:25:40     Matrix setup time        :	0 s
                        Solver setup             :	17 s
                        Degrees of freedom       :	345922
                        Number of mesh cells     :	53781

                        Stimulation port         :	Zmin
                        Mode number              :	1
                        Accuracy                 :	2.00833e-14
                        Iterations               :	1
                        Solver time              :	0 s


                      ------------------------------------------------------------------------------
2025-06-16 23:25:40     Total time               :	18 s

                      ------------------------------------------------------------------------------
2025-06-16 23:25:40   

                      ------------------------------------------------------------------------------
2025-06-16 23:25:40     Calculation 29 (Frequency: 28.556 GHz, Theta: 0, Phi: 0)


                      ------------------------------------------------------------------------------
2025-06-16 23:25:58     Matrix setup time        :	0 s
                        Solver setup             :	17 s
                        Degrees of freedom       :	345922
                        Number of mesh cells     :	53781

                        Stimulation port         :	Zmin
                        Mode number              :	1
                        Accuracy                 :	3.162e-14
                        Iterations               :	1
                        Solver time              :	0 s


                      ------------------------------------------------------------------------------
2025-06-16 23:25:59     Total time               :	18 s

                      ------------------------------------------------------------------------------
2025-06-16 23:25:59   

                      ------------------------------------------------------------------------------
2025-06-16 23:25:59     Calculation 30 (Frequency: 29.336 GHz, Theta: 0, Phi: 0)


                      ------------------------------------------------------------------------------
2025-06-16 23:26:17     Matrix setup time        :	0 s
                        Solver setup             :	17 s
                        Degrees of freedom       :	345922
                        Number of mesh cells     :	53781

                        Stimulation port         :	Zmin
                        Mode number              :	1
                        Accuracy                 :	1.63786e-14
                        Iterations               :	1
                        Solver time              :	0 s


                      ------------------------------------------------------------------------------
2025-06-16 23:26:17     Total time               :	18 s

                      ------------------------------------------------------------------------------
2025-06-16 23:26:17   

                      ------------------------------------------------------------------------------
2025-06-16 23:26:17     Calculation 31 (Frequency: 28.796 GHz, Theta: 0, Phi: 0)


                      ------------------------------------------------------------------------------
2025-06-16 23:26:36     Matrix setup time        :	0 s
                        Solver setup             :	17 s
                        Degrees of freedom       :	345922
                        Number of mesh cells     :	53781

                        Stimulation port         :	Zmin
                        Mode number              :	1
                        Accuracy                 :	2.58361e-14
                        Iterations               :	1
                        Solver time              :	0 s


                      ------------------------------------------------------------------------------
2025-06-16 23:26:37     Total time               :	19 s

                      ------------------------------------------------------------------------------
2025-06-16 23:26:37   

                      ------------------------------------------------------------------------------
2025-06-16 23:26:37     Calculation 32 (Frequency: 29.744 GHz, Theta: 0, Phi: 0)


                      ------------------------------------------------------------------------------
2025-06-16 23:26:56     Matrix setup time        :	0 s
                        Solver setup             :	18 s
                        Degrees of freedom       :	345922
                        Number of mesh cells     :	53781

                        Stimulation port         :	Zmin
                        Mode number              :	1
                        Accuracy                 :	3.03064e-14
                        Iterations               :	1
                        Solver time              :	0 s


                      ------------------------------------------------------------------------------
2025-06-16 23:26:57     Total time               :	19 s

                      ------------------------------------------------------------------------------
2025-06-16 23:26:57   

                      ------------------------------------------------------------------------------
2025-06-16 23:26:57     Calculation 33 (Frequency: 30.596 GHz, Theta: 0, Phi: 0)


                      ------------------------------------------------------------------------------
2025-06-16 23:27:15     Matrix setup time        :	0 s
                        Solver setup             :	17 s
                        Degrees of freedom       :	345922
                        Number of mesh cells     :	53781

                        Stimulation port         :	Zmin
                        Mode number              :	1
                        Accuracy                 :	2.01166e-14
                        Iterations               :	1
                        Solver time              :	0 s


                      ------------------------------------------------------------------------------
2025-06-16 23:27:16     Total time               :	18 s

                      ------------------------------------------------------------------------------
2025-06-16 23:27:16   

                      ------------------------------------------------------------------------------
2025-06-16 23:27:16     Calculation 34 (Frequency: 20.924 GHz, Theta: 0, Phi: 0)


                      ------------------------------------------------------------------------------
2025-06-16 23:27:35     Matrix setup time        :	0 s
                        Solver setup             :	17 s
                        Degrees of freedom       :	345922
                        Number of mesh cells     :	53781

                        Stimulation port         :	Zmin
                        Mode number              :	1
                        Accuracy                 :	2.20712e-14
                        Iterations               :	1
                        Solver time              :	0 s


                      ------------------------------------------------------------------------------
2025-06-16 23:27:35     Total time               :	18 s

                      ------------------------------------------------------------------------------
2025-06-16 23:27:35   

                      ------------------------------------------------------------------------------
2025-06-16 23:27:35     Calculation 35 (Frequency: 30.8 GHz, Theta: 0, Phi: 0)


                      ------------------------------------------------------------------------------
2025-06-16 23:27:54     Matrix setup time        :	0 s
                        Solver setup             :	17 s
                        Degrees of freedom       :	345922
                        Number of mesh cells     :	53781

                        Stimulation port         :	Zmin
                        Mode number              :	1
                        Accuracy                 :	3.1368e-14
                        Iterations               :	1
                        Solver time              :	0 s


                      ------------------------------------------------------------------------------
2025-06-16 23:27:54     Total time               :	19 s

                      ------------------------------------------------------------------------------
2025-06-16 23:27:54   

                      ------------------------------------------------------------------------------
2025-06-16 23:27:54     Calculation 36 (Frequency: 31.772 GHz, Theta: 0, Phi: 0)


                      ------------------------------------------------------------------------------
2025-06-16 23:28:15     Matrix setup time        :	0 s
                        Solver setup             :	19 s
                        Degrees of freedom       :	345922
                        Number of mesh cells     :	53781

                        Stimulation port         :	Zmin
                        Mode number              :	1
                        Accuracy                 :	3.1547e-14
                        Iterations               :	1
                        Solver time              :	0 s


                      ------------------------------------------------------------------------------
2025-06-16 23:28:15     Total time               :	20 s

                      ------------------------------------------------------------------------------
2025-06-16 23:28:15   

                      ------------------------------------------------------------------------------
2025-06-16 23:28:15     Calculation 37 (Frequency: 29.996 GHz, Theta: 0, Phi: 0)


                      ------------------------------------------------------------------------------
2025-06-16 23:28:36     Matrix setup time        :	0 s
                        Solver setup             :	19 s
                        Degrees of freedom       :	345922
                        Number of mesh cells     :	53781

                        Stimulation port         :	Zmin
                        Mode number              :	1
                        Accuracy                 :	2.47025e-14
                        Iterations               :	1
                        Solver time              :	0 s


                      ------------------------------------------------------------------------------
2025-06-16 23:28:36     Total time               :	21 s

                      ------------------------------------------------------------------------------
2025-06-16 23:28:36   

                      ------------------------------------------------------------------------------
2025-06-16 23:28:36     Calculation 38 (Frequency: 31.904 GHz, Theta: 0, Phi: 0)


                      ------------------------------------------------------------------------------
2025-06-16 23:28:56     Matrix setup time        :	0 s
                        Solver setup             :	18 s
                        Degrees of freedom       :	345922
                        Number of mesh cells     :	53781

                        Stimulation port         :	Zmin
                        Mode number              :	1
                        Accuracy                 :	3.18582e-14
                        Iterations               :	1
                        Solver time              :	0 s


                      ------------------------------------------------------------------------------
2025-06-16 23:28:56     Total time               :	20 s

                      ------------------------------------------------------------------------------
2025-06-16 23:28:56   

                      ------------------------------------------------------------------------------
2025-06-16 23:28:56     Calculation 39 (Frequency: 30.08 GHz, Theta: 0, Phi: 0)


                      ------------------------------------------------------------------------------
2025-06-16 23:29:17     Matrix setup time        :	0 s
                        Solver setup             :	18 s
                        Degrees of freedom       :	345922
                        Number of mesh cells     :	53781

                        Stimulation port         :	Zmin
                        Mode number              :	1
                        Accuracy                 :	1.90391e-14
                        Iterations               :	1
                        Solver time              :	0 s


                      ------------------------------------------------------------------------------
2025-06-16 23:29:17     Total time               :	20 s

                      ------------------------------------------------------------------------------
2025-06-16 23:29:17   

                      ------------------------------------------------------------------------------
2025-06-16 23:29:17     Calculation 40 (Frequency: 31.556 GHz, Theta: 0, Phi: 0)


                      ------------------------------------------------------------------------------
2025-06-16 23:29:36     Matrix setup time        :	0 s
                        Solver setup             :	17 s
                        Degrees of freedom       :	345922
                        Number of mesh cells     :	53781

                        Stimulation port         :	Zmin
                        Mode number              :	1
                        Accuracy                 :	1.79213e-14
                        Iterations               :	1
                        Solver time              :	0 s


                      ------------------------------------------------------------------------------
2025-06-16 23:29:36     Total time               :	19 s

                      ------------------------------------------------------------------------------
2025-06-16 23:29:36   

                      ------------------------------------------------------------------------------
2025-06-16 23:29:36     Calculation 41 (Frequency: 27.956 GHz, Theta: 0, Phi: 0)


                      ------------------------------------------------------------------------------
2025-06-16 23:29:57     Matrix setup time        :	0 s
                        Solver setup             :	19 s
                        Degrees of freedom       :	345922
                        Number of mesh cells     :	53781

                        Stimulation port         :	Zmin
                        Mode number              :	1
                        Accuracy                 :	2.14325e-14
                        Iterations               :	1
                        Solver time              :	0 s


                      ------------------------------------------------------------------------------
2025-06-16 23:29:57     Total time               :	20 s

                      ------------------------------------------------------------------------------
2025-06-16 23:29:57   

                      ------------------------------------------------------------------------------
2025-06-16 23:29:57     Calculation 42 (Frequency: 27.176 GHz, Theta: 0, Phi: 0)


                      ------------------------------------------------------------------------------
2025-06-16 23:30:18     Matrix setup time        :	0 s
                        Solver setup             :	19 s
                        Degrees of freedom       :	345922
                        Number of mesh cells     :	53781

                        Stimulation port         :	Zmin
                        Mode number              :	1
                        Accuracy                 :	3.20661e-14
                        Iterations               :	1
                        Solver time              :	0 s


                      ------------------------------------------------------------------------------
2025-06-16 23:30:18     Total time               :	20 s

                      ------------------------------------------------------------------------------
2025-06-16 23:30:18   

                      ------------------------------------------------------------------------------
2025-06-16 23:30:18     Calculation 43 (Frequency: 26.624 GHz, Theta: 0, Phi: 0)


                      ------------------------------------------------------------------------------
2025-06-16 23:30:40     Matrix setup time        :	0 s
                        Solver setup             :	20 s
                        Degrees of freedom       :	345922
                        Number of mesh cells     :	53781

                        Stimulation port         :	Zmin
                        Mode number              :	1
                        Accuracy                 :	3.30359e-14
                        Iterations               :	1
                        Solver time              :	0 s


                      ------------------------------------------------------------------------------
2025-06-16 23:30:41     Total time               :	22 s

                      ------------------------------------------------------------------------------
2025-06-16 23:30:41   

                      ------------------------------------------------------------------------------
2025-06-16 23:30:41   Finished the general purpose interpolative broadband frequency sweep:
                      All broadband sweep convergence criteria have been satisfied after
                      calculating 43 frequency samples:

                        Broadband sweep error threshold value :  0.01 (All S-Parameters) 
                        Number of error criterion checks      :  2 (All S-Parameters) 
                        Minimum number of samples             :  3
                        Number of data samples, linear        :  1001

                      ------------------------------------------------------------------------------
2025-06-16 23:30:41     Number of mesh cells     :	53781
                        Degrees of freedom       :	343640
                        Total Solver Time        :	904 s	 (= 0 h, 15 m, 04 s)
                      ================================================================================



                      ------------------------------------------------------------------------------
2025-06-16 23:30:41     ----------------------------------------------------------------------------
                                            Peak memory used (kB)         Free physical memory (kB) 
                                                                          At begin     Minimum      
                        ----------------------------------------------------------------------------
                        Solver start        22328                         7869760      7869320      
                        Eq. system setup    6096356                       7827368      6879292      
                        Eq. system solve    6096356                       7782552      2095852      
                        Mesh refinement     4034660                       7559768      7139752      
                        Solver run total    6096356                       7869764      2095852      

                        Computer name       Tahsin
                        ----------------------------------------------------------------------------


                      ------------------------------------------------------------------------------
2025-06-16 23:30:41   Running postprocessing.

                      ------------------------------------------------------------------------------
2025-06-16 23:30:42   Postprocessing finished.

                      ------------------------------------------------------------------------------
