2025-05-27 22:39:41   *** Warning ***

                      Electric isotropic material [Copper (pure)] has a very high conductivity for
                      the given mesh. Depending on your configuration it may be better to use a lossy
                      metal type for this material. More...

                      ------------------------------------------------------------------------------
2025-05-27 22:39:41   In order to get an optimal performance, hyperthreading is ignored for parallel
                      computations.

                      ------------------------------------------------------------------------------
2025-05-27 22:39:44   Units settings: 

                        Dimensions: mm
                        Frequency:  GHz
                        Time:       s

                      ------------------------------------------------------------------------------
2025-05-27 22:39:44   Boundary conditions: 

                        YZsymmetry: none
                        XZsymmetry: none
                        XYsymmetry: none

                        Xmin: unit cell
                        Xmax: unit cell

                        Ymin: unit cell
                        Ymax: unit cell

                        Zmin: expanded open
                        Zmax: expanded open

                      ------------------------------------------------------------------------------
2025-05-27 22:39:44   Order settings: 

                        Solver order   : 2nd (constant)
                        Curved elements: up to order 3 (automatic)

                      ------------------------------------------------------------------------------
2025-05-27 22:39:44   An iterative solver will be used first.

                      ------------------------------------------------------------------------------
2025-05-27 22:39:44     Mesh time                :	2 s


                      ------------------------------------------------------------------------------
2025-05-27 22:39:44   
                      ================================================================================
                      Frequency Domain Solver calculation cycle started

                      ------------------------------------------------------------------------------
2025-05-27 22:39:44   Solver started at: 2025-05-27 22:39:44 +0600

                        Module:  Frequency Domain: S-Parameter (Win 64)
                        Version: 2024.1 Release from 2023-10-16 (change 1181985)

                      ------------------------------------------------------------------------------
2025-05-27 22:39:44   The low frequency stabilization is not applied to periodic problems.

                      ------------------------------------------------------------------------------
2025-05-27 22:39:44     Calculation 1 of 1 (Frequency: 32 GHz, Theta: 0, Phi: 0)


                      ------------------------------------------------------------------------------
2025-05-27 22:39:44   The wavelength based mesh refinement has been applied to 5.2% of all mesh edges.

                      ------------------------------------------------------------------------------
2025-05-27 22:39:44   For some elements the curvature had to be reduced to maintain the quality of the mesh. More...

                      ------------------------------------------------------------------------------
2025-05-27 22:39:45   Adaptive mesh refinement pass 1

                      ------------------------------------------------------------------------------
2025-05-27 22:39:54   *** Warning ***

2025-05-27 22:39:54   Detected possible stagnation of the iterative solver (5.143975e-02 after 250 iterations.)
                      Please consider aborting the solver run, and check your simulation setup.  More...

                      ------------------------------------------------------------------------------
2025-05-27 22:40:03   *** Warning ***

2025-05-27 22:40:03   The solver stopped because the maximum number of iterations (500, used for automatic solver choice) has been reached.

                      ------------------------------------------------------------------------------
2025-05-27 22:40:03   Solving again, but with the direct solver. Please consider forcing the direct solver in the solver special settings, and
                      check your simulation setup (for instance source and material definitions.)

                      ------------------------------------------------------------------------------
2025-05-27 22:40:04     Matrix setup time        :	0 s
                        Solver setup             :	1 s
                        Degrees of freedom       :	36064
                        Number of mesh cells     :	5494

                        Stimulation port         :	Zmin
                        Mode number              :	1
                        Accuracy                 :	8.13799e-14
                        Iterations               :	1
                        Solver time              :	0 s


                      ------------------------------------------------------------------------------
2025-05-27 22:40:04   27% of all mesh edges seem to be longer than expected. The adaptive mesh refinement's growth limitation will therefore 
                      use 14408 instead of 3642 mesh cells as a reference.

                      ------------------------------------------------------------------------------
2025-05-27 22:40:04   The wavelength based mesh refinement has been applied to 0.2% of all mesh edges.

                      ------------------------------------------------------------------------------
2025-05-27 22:40:05   For some elements the curvature had to be reduced to maintain the quality of the mesh. More...

                      ------------------------------------------------------------------------------
2025-05-27 22:40:05   Adaptive mesh refinement pass 2

                      ------------------------------------------------------------------------------
2025-05-27 22:40:06   Low memory detected! The solver uses hard disk space to store data. This might reduce solver performance.

                      ------------------------------------------------------------------------------
2025-05-27 22:40:11   *** Warning ***

2025-05-27 22:40:11   Low memory: Only 796.89 MB of 7.91 GB available.


                      ------------------------------------------------------------------------------
2025-05-27 22:40:13     Matrix setup time        :	0 s
                        Solver setup             :	6 s
                        Degrees of freedom       :	73710
                        Number of mesh cells     :	11408

                        Stimulation port         :	Zmin
                        Mode number              :	1
                        Accuracy                 :	4.65527e-14
                        Iterations               :	1
                        Solver time              :	0 s


                      ------------------------------------------------------------------------------
2025-05-27 22:40:13     Delta calculation        
2025-05-27 22:40:13     All S-Parameters         :	0.0352893
2025-05-27 22:40:13   

                      ------------------------------------------------------------------------------
2025-05-27 22:40:14   Adaptive mesh refinement pass 3

                      ------------------------------------------------------------------------------
2025-05-27 22:40:31     Matrix setup time        :	0 s
                        Solver setup             :	13 s
                        Degrees of freedom       :	118608
                        Number of mesh cells     :	18449

                        Stimulation port         :	Zmin
                        Mode number              :	1
                        Accuracy                 :	2.907e-14
                        Iterations               :	1
                        Solver time              :	2 s


                      ------------------------------------------------------------------------------
2025-05-27 22:40:32     Delta calculation        
2025-05-27 22:40:32     All S-Parameters         :	0.0107152
2025-05-27 22:40:32   

                      ------------------------------------------------------------------------------
2025-05-27 22:40:32   Mesh adaptation terminated because the desired accuracy limit is reached.

                      ------------------------------------------------------------------------------
2025-05-27 22:40:32   *** Warning ***

2025-05-27 22:40:32   At least one propagating Floquet mode is not considered at port Zmin. Please increase the number of modes at this port. 
                      More...

                      ------------------------------------------------------------------------------
2025-05-27 22:40:32   *** Warning ***

2025-05-27 22:40:32   At least one propagating Floquet mode is not considered at port Zmax. Please increase the number of modes at this port. 
                      More...

                      ------------------------------------------------------------------------------
2025-05-27 22:40:32     Total time               :	47 s

                      ------------------------------------------------------------------------------
2025-05-27 22:40:32   

                      ------------------------------------------------------------------------------
2025-05-27 22:40:32     Calculation 2 (Frequency: 20 GHz, Theta: 0, Phi: 0)


                      ------------------------------------------------------------------------------
2025-05-27 22:40:45     Matrix setup time        :	0 s
                        Solver setup             :	11 s
                        Degrees of freedom       :	118608
                        Number of mesh cells     :	18449

                        Stimulation port         :	Zmin
                        Mode number              :	1
                        Accuracy                 :	5.92673e-14
                        Iterations               :	1
                        Solver time              :	1 s


                      ------------------------------------------------------------------------------
2025-05-27 22:40:45     Total time               :	13 s

                      ------------------------------------------------------------------------------
2025-05-27 22:40:45   

                      ------------------------------------------------------------------------------
2025-05-27 22:40:45     Calculation 3 (Frequency: 26 GHz, Theta: 0, Phi: 0)


                      ------------------------------------------------------------------------------
2025-05-27 22:40:56     Matrix setup time        :	0 s
                        Solver setup             :	10 s
                        Degrees of freedom       :	118608
                        Number of mesh cells     :	18449

                        Stimulation port         :	Zmin
                        Mode number              :	1
                        Accuracy                 :	2.60997e-14
                        Iterations               :	1
                        Solver time              :	0 s


                      ------------------------------------------------------------------------------
2025-05-27 22:40:57     Total time               :	11 s

                      ------------------------------------------------------------------------------
2025-05-27 22:40:57   

                      ------------------------------------------------------------------------------
2025-05-27 22:40:57     Calculation 4 (Frequency: 29 GHz, Theta: 0, Phi: 0)


                      ------------------------------------------------------------------------------
2025-05-27 22:41:09     Matrix setup time        :	0 s
                        Solver setup             :	10 s
                        Degrees of freedom       :	118608
                        Number of mesh cells     :	18449

                        Stimulation port         :	Zmin
                        Mode number              :	1
                        Accuracy                 :	4.14692e-14
                        Iterations               :	1
                        Solver time              :	1 s


                      ------------------------------------------------------------------------------
2025-05-27 22:41:09     Total time               :	12 s

                      ------------------------------------------------------------------------------
2025-05-27 22:41:09   

                      ------------------------------------------------------------------------------
2025-05-27 22:41:09     Calculation 5 (Frequency: 23.324 GHz, Theta: 0, Phi: 0)


                      ------------------------------------------------------------------------------
2025-05-27 22:41:19     Matrix setup time        :	0 s
                        Solver setup             :	8 s
                        Degrees of freedom       :	118608
                        Number of mesh cells     :	18449

                        Stimulation port         :	Zmin
                        Mode number              :	1
                        Accuracy                 :	2.92077e-14
                        Iterations               :	1
                        Solver time              :	0 s


                      ------------------------------------------------------------------------------
2025-05-27 22:41:19     Total time               :	9 s

                      ------------------------------------------------------------------------------
2025-05-27 22:41:19   

                      ------------------------------------------------------------------------------
2025-05-27 22:41:19     Calculation 6 (Frequency: 27.26 GHz, Theta: 0, Phi: 0)


                      ------------------------------------------------------------------------------
2025-05-27 22:41:29     Matrix setup time        :	0 s
                        Solver setup             :	8 s
                        Degrees of freedom       :	118608
                        Number of mesh cells     :	18449

                        Stimulation port         :	Zmin
                        Mode number              :	1
                        Accuracy                 :	3.31048e-14
                        Iterations               :	1
                        Solver time              :	1 s


                      ------------------------------------------------------------------------------
2025-05-27 22:41:29     Total time               :	9 s

                      ------------------------------------------------------------------------------
2025-05-27 22:41:29   

                      ------------------------------------------------------------------------------
2025-05-27 22:41:29     Calculation 7 (Frequency: 24.44 GHz, Theta: 0, Phi: 0)


                      ------------------------------------------------------------------------------
2025-05-27 22:41:38     Matrix setup time        :	0 s
                        Solver setup             :	8 s
                        Degrees of freedom       :	118608
                        Number of mesh cells     :	18449

                        Stimulation port         :	Zmin
                        Mode number              :	1
                        Accuracy                 :	2.33349e-14
                        Iterations               :	1
                        Solver time              :	0 s


                      ------------------------------------------------------------------------------
2025-05-27 22:41:38     Total time               :	9 s

                      ------------------------------------------------------------------------------
2025-05-27 22:41:38   

                      ------------------------------------------------------------------------------
2025-05-27 22:41:38     Calculation 8 (Frequency: 27.98 GHz, Theta: 0, Phi: 0)


                      ------------------------------------------------------------------------------
2025-05-27 22:41:48     Matrix setup time        :	0 s
                        Solver setup             :	8 s
                        Degrees of freedom       :	118608
                        Number of mesh cells     :	18449

                        Stimulation port         :	Zmin
                        Mode number              :	1
                        Accuracy                 :	3.43543e-14
                        Iterations               :	1
                        Solver time              :	0 s


                      ------------------------------------------------------------------------------
2025-05-27 22:41:48     Total time               :	9 s

                      ------------------------------------------------------------------------------
2025-05-27 22:41:48   

                      ------------------------------------------------------------------------------
2025-05-27 22:41:48     Calculation 9 (Frequency: 30.668 GHz, Theta: 0, Phi: 0)


                      ------------------------------------------------------------------------------
2025-05-27 22:41:57     Matrix setup time        :	0 s
                        Solver setup             :	8 s
                        Degrees of freedom       :	118608
                        Number of mesh cells     :	18449

                        Stimulation port         :	Zmin
                        Mode number              :	1
                        Accuracy                 :	3.92985e-14
                        Iterations               :	1
                        Solver time              :	0 s


                      ------------------------------------------------------------------------------
2025-05-27 22:41:58     Total time               :	9 s

                      ------------------------------------------------------------------------------
2025-05-27 22:41:58   

                      ------------------------------------------------------------------------------
2025-05-27 22:41:58     Calculation 10 (Frequency: 21.392 GHz, Theta: 0, Phi: 0)


                      ------------------------------------------------------------------------------
2025-05-27 22:42:08     Matrix setup time        :	0 s
                        Solver setup             :	9 s
                        Degrees of freedom       :	118608
                        Number of mesh cells     :	18449

                        Stimulation port         :	Zmin
                        Mode number              :	1
                        Accuracy                 :	5.69898e-14
                        Iterations               :	1
                        Solver time              :	0 s


                      ------------------------------------------------------------------------------
2025-05-27 22:42:08     Total time               :	10 s

                      ------------------------------------------------------------------------------
2025-05-27 22:42:08   

                      ------------------------------------------------------------------------------
2025-05-27 22:42:08     Calculation 11 (Frequency: 31.484 GHz, Theta: 0, Phi: 0)


                      ------------------------------------------------------------------------------
2025-05-27 22:42:17     Matrix setup time        :	0 s
                        Solver setup             :	8 s
                        Degrees of freedom       :	118608
                        Number of mesh cells     :	18449

                        Stimulation port         :	Zmin
                        Mode number              :	1
                        Accuracy                 :	3.45614e-14
                        Iterations               :	1
                        Solver time              :	0 s


                      ------------------------------------------------------------------------------
2025-05-27 22:42:17     Total time               :	9 s

                      ------------------------------------------------------------------------------
2025-05-27 22:42:17   

                      ------------------------------------------------------------------------------
2025-05-27 22:42:17     Calculation 12 (Frequency: 21.44 GHz, Theta: 0, Phi: 0)


                      ------------------------------------------------------------------------------
2025-05-27 22:42:27     Matrix setup time        :	0 s
                        Solver setup             :	8 s
                        Degrees of freedom       :	118608
                        Number of mesh cells     :	18449

                        Stimulation port         :	Zmin
                        Mode number              :	1
                        Accuracy                 :	5.3254e-14
                        Iterations               :	1
                        Solver time              :	0 s


                      ------------------------------------------------------------------------------
2025-05-27 22:42:27     Total time               :	9 s

                      ------------------------------------------------------------------------------
2025-05-27 22:42:27   

                      ------------------------------------------------------------------------------
2025-05-27 22:42:27     Calculation 13 (Frequency: 21.02 GHz, Theta: 0, Phi: 0)


                      ------------------------------------------------------------------------------
2025-05-27 22:42:36     Matrix setup time        :	0 s
                        Solver setup             :	8 s
                        Degrees of freedom       :	118608
                        Number of mesh cells     :	18449

                        Stimulation port         :	Zmin
                        Mode number              :	1
                        Accuracy                 :	5.45887e-14
                        Iterations               :	1
                        Solver time              :	0 s


                      ------------------------------------------------------------------------------
2025-05-27 22:42:36     Total time               :	9 s

                      ------------------------------------------------------------------------------
2025-05-27 22:42:36   

                      ------------------------------------------------------------------------------
2025-05-27 22:42:36     Calculation 14 (Frequency: 22.04 GHz, Theta: 0, Phi: 0)


                      ------------------------------------------------------------------------------
2025-05-27 22:42:45     Matrix setup time        :	0 s
                        Solver setup             :	8 s
                        Degrees of freedom       :	118608
                        Number of mesh cells     :	18449

                        Stimulation port         :	Zmin
                        Mode number              :	1
                        Accuracy                 :	6.31813e-14
                        Iterations               :	1
                        Solver time              :	0 s


                      ------------------------------------------------------------------------------
2025-05-27 22:42:46     Total time               :	9 s

                      ------------------------------------------------------------------------------
2025-05-27 22:42:46   

                      ------------------------------------------------------------------------------
2025-05-27 22:42:46     Calculation 15 (Frequency: 20.372 GHz, Theta: 0, Phi: 0)


                      ------------------------------------------------------------------------------
2025-05-27 22:42:55     Matrix setup time        :	0 s
                        Solver setup             :	8 s
                        Degrees of freedom       :	118608
                        Number of mesh cells     :	18449

                        Stimulation port         :	Zmin
                        Mode number              :	1
                        Accuracy                 :	5.36926e-14
                        Iterations               :	1
                        Solver time              :	0 s


                      ------------------------------------------------------------------------------
2025-05-27 22:42:55     Total time               :	9 s

                      ------------------------------------------------------------------------------
2025-05-27 22:42:55   

                      ------------------------------------------------------------------------------
2025-05-27 22:42:55     Calculation 16 (Frequency: 22.94 GHz, Theta: 0, Phi: 0)


                      ------------------------------------------------------------------------------
2025-05-27 22:43:05     Matrix setup time        :	0 s
                        Solver setup             :	8 s
                        Degrees of freedom       :	118608
                        Number of mesh cells     :	18449

                        Stimulation port         :	Zmin
                        Mode number              :	1
                        Accuracy                 :	4.28815e-14
                        Iterations               :	1
                        Solver time              :	0 s


                      ------------------------------------------------------------------------------
2025-05-27 22:43:05     Total time               :	9 s

                      ------------------------------------------------------------------------------
2025-05-27 22:43:05   

                      ------------------------------------------------------------------------------
2025-05-27 22:43:05     Calculation 17 (Frequency: 21.92 GHz, Theta: 0, Phi: 0)


                      ------------------------------------------------------------------------------
2025-05-27 22:43:15     Matrix setup time        :	0 s
                        Solver setup             :	9 s
                        Degrees of freedom       :	118608
                        Number of mesh cells     :	18449

                        Stimulation port         :	Zmin
                        Mode number              :	1
                        Accuracy                 :	6.41633e-14
                        Iterations               :	1
                        Solver time              :	0 s


                      ------------------------------------------------------------------------------
2025-05-27 22:43:15     Total time               :	10 s

                      ------------------------------------------------------------------------------
2025-05-27 22:43:15   

                      ------------------------------------------------------------------------------
2025-05-27 22:43:15     Calculation 18 (Frequency: 22.292 GHz, Theta: 0, Phi: 0)


                      ------------------------------------------------------------------------------
2025-05-27 22:43:25     Matrix setup time        :	0 s
                        Solver setup             :	8 s
                        Degrees of freedom       :	118608
                        Number of mesh cells     :	18449

                        Stimulation port         :	Zmin
                        Mode number              :	1
                        Accuracy                 :	5.80189e-14
                        Iterations               :	1
                        Solver time              :	0 s


                      ------------------------------------------------------------------------------
2025-05-27 22:43:25     Total time               :	9 s

                      ------------------------------------------------------------------------------
2025-05-27 22:43:25   

                      ------------------------------------------------------------------------------
2025-05-27 22:43:25     Calculation 19 (Frequency: 23.9 GHz, Theta: 0, Phi: 0)


                      ------------------------------------------------------------------------------
2025-05-27 22:43:35     Matrix setup time        :	0 s
                        Solver setup             :	8 s
                        Degrees of freedom       :	118608
                        Number of mesh cells     :	18449

                        Stimulation port         :	Zmin
                        Mode number              :	1
                        Accuracy                 :	4.36916e-14
                        Iterations               :	1
                        Solver time              :	0 s


                      ------------------------------------------------------------------------------
2025-05-27 22:43:35     Total time               :	9 s

                      ------------------------------------------------------------------------------
2025-05-27 22:43:35   

                      ------------------------------------------------------------------------------
2025-05-27 22:43:35     Calculation 20 (Frequency: 22.472 GHz, Theta: 0, Phi: 0)


                      ------------------------------------------------------------------------------
2025-05-27 22:43:45     Matrix setup time        :	0 s
                        Solver setup             :	8 s
                        Degrees of freedom       :	118608
                        Number of mesh cells     :	18449

                        Stimulation port         :	Zmin
                        Mode number              :	1
                        Accuracy                 :	5.43192e-14
                        Iterations               :	1
                        Solver time              :	0 s


                      ------------------------------------------------------------------------------
2025-05-27 22:43:45     Total time               :	9 s

                      ------------------------------------------------------------------------------
2025-05-27 22:43:45   

                      ------------------------------------------------------------------------------
2025-05-27 22:43:45     Calculation 21 (Frequency: 25.376 GHz, Theta: 0, Phi: 0)


                      ------------------------------------------------------------------------------
2025-05-27 22:43:57     Matrix setup time        :	0 s
                        Solver setup             :	10 s
                        Degrees of freedom       :	118608
                        Number of mesh cells     :	18449

                        Stimulation port         :	Zmin
                        Mode number              :	1
                        Accuracy                 :	3.7868e-14
                        Iterations               :	1
                        Solver time              :	0 s


                      ------------------------------------------------------------------------------
2025-05-27 22:43:57     Total time               :	11 s

                      ------------------------------------------------------------------------------
2025-05-27 22:43:57   

                      ------------------------------------------------------------------------------
2025-05-27 22:43:57     Calculation 22 (Frequency: 26.504 GHz, Theta: 0, Phi: 0)


                      ------------------------------------------------------------------------------
2025-05-27 22:44:07     Matrix setup time        :	0 s
                        Solver setup             :	9 s
                        Degrees of freedom       :	118608
                        Number of mesh cells     :	18449

                        Stimulation port         :	Zmin
                        Mode number              :	1
                        Accuracy                 :	4.33476e-14
                        Iterations               :	1
                        Solver time              :	0 s


                      ------------------------------------------------------------------------------
2025-05-27 22:44:07     Total time               :	10 s

                      ------------------------------------------------------------------------------
2025-05-27 22:44:07   

                      ------------------------------------------------------------------------------
2025-05-27 22:44:07     Calculation 23 (Frequency: 25.748 GHz, Theta: 0, Phi: 0)


                      ------------------------------------------------------------------------------
2025-05-27 22:44:16     Matrix setup time        :	0 s
                        Solver setup             :	8 s
                        Degrees of freedom       :	118608
                        Number of mesh cells     :	18449

                        Stimulation port         :	Zmin
                        Mode number              :	1
                        Accuracy                 :	2.46292e-14
                        Iterations               :	1
                        Solver time              :	0 s


                      ------------------------------------------------------------------------------
2025-05-27 22:44:17     Total time               :	9 s

                      ------------------------------------------------------------------------------
2025-05-27 22:44:17   

                      ------------------------------------------------------------------------------
2025-05-27 22:44:17     Calculation 24 (Frequency: 26.204 GHz, Theta: 0, Phi: 0)


                      ------------------------------------------------------------------------------
2025-05-27 22:44:25     Matrix setup time        :	0 s
                        Solver setup             :	7 s
                        Degrees of freedom       :	118608
                        Number of mesh cells     :	18449

                        Stimulation port         :	Zmin
                        Mode number              :	1
                        Accuracy                 :	3.27836e-14
                        Iterations               :	1
                        Solver time              :	0 s


                      ------------------------------------------------------------------------------
2025-05-27 22:44:25     Total time               :	8 s

                      ------------------------------------------------------------------------------
2025-05-27 22:44:25   

                      ------------------------------------------------------------------------------
2025-05-27 22:44:25     Calculation 25 (Frequency: 28.556 GHz, Theta: 0, Phi: 0)


                      ------------------------------------------------------------------------------
2025-05-27 22:44:33     Matrix setup time        :	0 s
                        Solver setup             :	7 s
                        Degrees of freedom       :	118608
                        Number of mesh cells     :	18449

                        Stimulation port         :	Zmin
                        Mode number              :	1
                        Accuracy                 :	4.22056e-14
                        Iterations               :	1
                        Solver time              :	0 s


                      ------------------------------------------------------------------------------
2025-05-27 22:44:34     Total time               :	8 s

                      ------------------------------------------------------------------------------
2025-05-27 22:44:34   

                      ------------------------------------------------------------------------------
2025-05-27 22:44:34     Calculation 26 (Frequency: 30.08 GHz, Theta: 0, Phi: 0)


                      ------------------------------------------------------------------------------
2025-05-27 22:44:43     Matrix setup time        :	0 s
                        Solver setup             :	8 s
                        Degrees of freedom       :	118608
                        Number of mesh cells     :	18449

                        Stimulation port         :	Zmin
                        Mode number              :	1
                        Accuracy                 :	4.30148e-14
                        Iterations               :	1
                        Solver time              :	0 s


                      ------------------------------------------------------------------------------
2025-05-27 22:44:43     Total time               :	8 s

                      ------------------------------------------------------------------------------
2025-05-27 22:44:43   

                      ------------------------------------------------------------------------------
2025-05-27 22:44:43     Calculation 27 (Frequency: 31.088 GHz, Theta: 0, Phi: 0)


                      ------------------------------------------------------------------------------
2025-05-27 22:44:51     Matrix setup time        :	0 s
                        Solver setup             :	7 s
                        Degrees of freedom       :	118608
                        Number of mesh cells     :	18449

                        Stimulation port         :	Zmin
                        Mode number              :	1
                        Accuracy                 :	3.70028e-14
                        Iterations               :	1
                        Solver time              :	0 s


                      ------------------------------------------------------------------------------
2025-05-27 22:44:52     Total time               :	8 s

                      ------------------------------------------------------------------------------
2025-05-27 22:44:52   

                      ------------------------------------------------------------------------------
2025-05-27 22:44:52     Calculation 28 (Frequency: 29.408 GHz, Theta: 0, Phi: 0)


                      ------------------------------------------------------------------------------
2025-05-27 22:45:01     Matrix setup time        :	0 s
                        Solver setup             :	8 s
                        Degrees of freedom       :	118608
                        Number of mesh cells     :	18449

                        Stimulation port         :	Zmin
                        Mode number              :	1
                        Accuracy                 :	6.28586e-14
                        Iterations               :	1
                        Solver time              :	0 s


                      ------------------------------------------------------------------------------
2025-05-27 22:45:01     Total time               :	9 s

                      ------------------------------------------------------------------------------
2025-05-27 22:45:01   

                      ------------------------------------------------------------------------------
2025-05-27 22:45:01     Calculation 29 (Frequency: 30.56 GHz, Theta: 0, Phi: 0)


                      ------------------------------------------------------------------------------
2025-05-27 22:45:10     Matrix setup time        :	0 s
                        Solver setup             :	8 s
                        Degrees of freedom       :	118608
                        Number of mesh cells     :	18449

                        Stimulation port         :	Zmin
                        Mode number              :	1
                        Accuracy                 :	4.25346e-14
                        Iterations               :	1
                        Solver time              :	0 s


                      ------------------------------------------------------------------------------
2025-05-27 22:45:10     Total time               :	9 s

                      ------------------------------------------------------------------------------
2025-05-27 22:45:10   

                      ------------------------------------------------------------------------------
2025-05-27 22:45:10     Calculation 30 (Frequency: 29.768 GHz, Theta: 0, Phi: 0)


                      ------------------------------------------------------------------------------
2025-05-27 22:45:20     Matrix setup time        :	0 s
                        Solver setup             :	8 s
                        Degrees of freedom       :	118608
                        Number of mesh cells     :	18449

                        Stimulation port         :	Zmin
                        Mode number              :	1
                        Accuracy                 :	5.41898e-14
                        Iterations               :	1
                        Solver time              :	0 s


                      ------------------------------------------------------------------------------
2025-05-27 22:45:20     Total time               :	9 s

                      ------------------------------------------------------------------------------
2025-05-27 22:45:20   

                      ------------------------------------------------------------------------------
2025-05-27 22:45:20     Calculation 31 (Frequency: 28.172 GHz, Theta: 0, Phi: 0)


                      ------------------------------------------------------------------------------
2025-05-27 22:45:29     Matrix setup time        :	0 s
                        Solver setup             :	8 s
                        Degrees of freedom       :	118608
                        Number of mesh cells     :	18449

                        Stimulation port         :	Zmin
                        Mode number              :	1
                        Accuracy                 :	3.91875e-14
                        Iterations               :	1
                        Solver time              :	0 s


                      ------------------------------------------------------------------------------
2025-05-27 22:45:29     Total time               :	9 s

                      ------------------------------------------------------------------------------
2025-05-27 22:45:29   

                      ------------------------------------------------------------------------------
2025-05-27 22:45:29     Calculation 32 (Frequency: 27.728 GHz, Theta: 0, Phi: 0)


                      ------------------------------------------------------------------------------
2025-05-27 22:45:39     Matrix setup time        :	0 s
                        Solver setup             :	9 s
                        Degrees of freedom       :	118608
                        Number of mesh cells     :	18449

                        Stimulation port         :	Zmin
                        Mode number              :	1
                        Accuracy                 :	3.60498e-14
                        Iterations               :	1
                        Solver time              :	0 s


                      ------------------------------------------------------------------------------
2025-05-27 22:45:40     Total time               :	10 s

                      ------------------------------------------------------------------------------
2025-05-27 22:45:40   

                      ------------------------------------------------------------------------------
2025-05-27 22:45:40   Finished the general purpose interpolative broadband frequency sweep:
                      All broadband sweep convergence criteria have been satisfied after
                      calculating 32 frequency samples:

                        Broadband sweep error threshold value :  0.01 (All S-Parameters) 
                        Number of error criterion checks      :  2 (All S-Parameters) 
                        Minimum number of samples             :  3
                        Number of data samples, linear        :  1001

                      ------------------------------------------------------------------------------
2025-05-27 22:45:40     Number of mesh cells     :	18449
                        Degrees of freedom       :	117688
                        Total Solver Time        :	357 s	 (= 0 h, 05 m, 57 s)
                      ================================================================================



                      ------------------------------------------------------------------------------
2025-05-27 22:45:40     ----------------------------------------------------------------------------
                                            Peak memory used (kB)         Free physical memory (kB) 
                                                                          At begin     Minimum      
                        ----------------------------------------------------------------------------
                        Solver start        22020                         1400860      1400528      
                        Eq. system setup    2140544                       1350664      1223432      
                        Eq. system solve    2140544                       1307556      568628       
                        Mesh refinement     683352                        1230096      1229488      
                        Solver run total    2140544                       1400864      568628       

                        Computer name       Tahsin
                        ----------------------------------------------------------------------------


                      ------------------------------------------------------------------------------
2025-05-27 22:45:40   Running postprocessing.

                      ------------------------------------------------------------------------------
2025-05-27 22:45:41   Postprocessing finished.

                      ------------------------------------------------------------------------------
