2025-04-04 23:10:29   *** Warning ***

                      Electric isotropic material [Copper (pure)] has a very high conductivity for
                      the given mesh. Depending on your configuration it may be better to use a lossy
                      metal type for this material. More...

                      ------------------------------------------------------------------------------
2025-04-04 23:10:29   In order to get an optimal performance, hyperthreading is ignored for parallel
                      computations.

                      ------------------------------------------------------------------------------
2025-04-04 23:10:32   Units settings: 

                        Dimensions: mm
                        Frequency:  GHz
                        Time:       s

                      ------------------------------------------------------------------------------
2025-04-04 23:10:32   Boundary conditions: 

                        YZsymmetry: none
                        XZsymmetry: none
                        XYsymmetry: none

                        Xmin: unit cell
                        Xmax: unit cell

                        Ymin: unit cell
                        Ymax: unit cell

                        Zmin: expanded open
                        Zmax: expanded open

                      ------------------------------------------------------------------------------
2025-04-04 23:10:32   Order settings: 

                        Solver order   : 2nd (constant)
                        Curved elements: up to order 3 (automatic)

                      ------------------------------------------------------------------------------
2025-04-04 23:10:32   An iterative solver will be used first.

                      ------------------------------------------------------------------------------
2025-04-04 23:10:32     Mesh time                :	2 s


                      ------------------------------------------------------------------------------
2025-04-04 23:10:32   
                      ================================================================================
                      Frequency Domain Solver calculation cycle started

                      ------------------------------------------------------------------------------
2025-04-04 23:10:32   Solver started at: 2025-04-04 23:10:32 +0600

                        Module:  Frequency Domain: S-Parameter (Win 64)
                        Version: 2024.1 Release from 2023-10-16 (change 1181985)

                      ------------------------------------------------------------------------------
2025-04-04 23:10:32   The low frequency stabilization is not applied to periodic problems.

                      ------------------------------------------------------------------------------
2025-04-04 23:10:32     Calculation 1 of 1 (Frequency: 32 GHz, Theta: 0, Phi: 0)


                      ------------------------------------------------------------------------------
2025-04-04 23:10:32   The wavelength based mesh refinement has been applied to 4.9% of all mesh edges.

                      ------------------------------------------------------------------------------
2025-04-04 23:10:33   For some elements the curvature had to be reduced to maintain the quality of the mesh. More...

                      ------------------------------------------------------------------------------
2025-04-04 23:10:33   Adaptive mesh refinement pass 1

                      ------------------------------------------------------------------------------
2025-04-04 23:10:39   *** Warning ***

2025-04-04 23:10:39   Detected possible stagnation of the iterative solver (4.839912e-02 after 250 iterations.)
                      Please consider aborting the solver run, and check your simulation setup.  More...

                      ------------------------------------------------------------------------------
2025-04-04 23:10:45   *** Warning ***

2025-04-04 23:10:45   The solver stopped because the maximum number of iterations (500, used for automatic solver choice) has been reached.

                      ------------------------------------------------------------------------------
2025-04-04 23:10:45   Solving again, but with the direct solver. Please consider forcing the direct solver in the solver special settings, and
                      check your simulation setup (for instance source and material definitions.)

                      ------------------------------------------------------------------------------
2025-04-04 23:10:46     Matrix setup time        :	0 s
                        Degrees of freedom       :	37478
                        Number of mesh cells     :	5716

                        Stimulation port         :	Zmin
                        Mode number              :	1
                        Accuracy                 :	9.85739e-14
                        Iterations               :	1
                        Solver time              :	0 s


                      ------------------------------------------------------------------------------
2025-04-04 23:10:46   23% of all mesh edges seem to be longer than expected. The adaptive mesh refinement's growth limitation will therefore 
                      use 13723 instead of 3891 mesh cells as a reference.

                      ------------------------------------------------------------------------------
2025-04-04 23:10:47   The wavelength based mesh refinement has been applied to 0.2% of all mesh edges.

                      ------------------------------------------------------------------------------
2025-04-04 23:10:47   For some elements the curvature had to be reduced to maintain the quality of the mesh. More...

                      ------------------------------------------------------------------------------
2025-04-04 23:10:47   Adaptive mesh refinement pass 2

                      ------------------------------------------------------------------------------
2025-04-04 23:10:50     Matrix setup time        :	0 s
                        Solver setup             :	2 s
                        Degrees of freedom       :	73620
                        Number of mesh cells     :	11394

                        Stimulation port         :	Zmin
                        Mode number              :	1
                        Accuracy                 :	5.81633e-14
                        Iterations               :	1
                        Solver time              :	0 s


                      ------------------------------------------------------------------------------
2025-04-04 23:10:50     Delta calculation        
2025-04-04 23:10:50     All S-Parameters         :	0.148723
2025-04-04 23:10:50   

                      ------------------------------------------------------------------------------
2025-04-04 23:10:51   Adaptive mesh refinement pass 3

                      ------------------------------------------------------------------------------
2025-04-04 23:10:56     Matrix setup time        :	0 s
                        Solver setup             :	4 s
                        Degrees of freedom       :	129208
                        Number of mesh cells     :	20118

                        Stimulation port         :	Zmin
                        Mode number              :	1
                        Accuracy                 :	3.06832e-14
                        Iterations               :	1
                        Solver time              :	0 s


                      ------------------------------------------------------------------------------
2025-04-04 23:10:56     Delta calculation        
2025-04-04 23:10:56     All S-Parameters         :	0.0548682
2025-04-04 23:10:56   

                      ------------------------------------------------------------------------------
2025-04-04 23:10:58   For some elements the curvature had to be slightly reduced to maintain the quality of the mesh. More...

                      ------------------------------------------------------------------------------
2025-04-04 23:10:59   Adaptive mesh refinement pass 4

                      ------------------------------------------------------------------------------
2025-04-04 23:11:09     Matrix setup time        :	0 s
                        Solver setup             :	8 s
                        Degrees of freedom       :	218048
                        Number of mesh cells     :	34014

                        Stimulation port         :	Zmin
                        Mode number              :	1
                        Accuracy                 :	3.40288e-14
                        Iterations               :	1
                        Solver time              :	0 s


                      ------------------------------------------------------------------------------
2025-04-04 23:11:09     Delta calculation        
2025-04-04 23:11:09     All S-Parameters         :	0.0312433
2025-04-04 23:11:09   

                      ------------------------------------------------------------------------------
2025-04-04 23:11:12   For some elements the curvature had to be slightly reduced to maintain the quality of the mesh. More...

                      ------------------------------------------------------------------------------
2025-04-04 23:11:12   Adaptive mesh refinement pass 5

                      ------------------------------------------------------------------------------
2025-04-04 23:11:30     Matrix setup time        :	1 s
                        Solver setup             :	16 s
                        Degrees of freedom       :	340234
                        Number of mesh cells     :	53137

                        Stimulation port         :	Zmin
                        Mode number              :	1
                        Accuracy                 :	2.38706e-14
                        Iterations               :	1
                        Solver time              :	0 s


                      ------------------------------------------------------------------------------
2025-04-04 23:11:30     Delta calculation        
2025-04-04 23:11:30     All S-Parameters         :	0.0204426
2025-04-04 23:11:30   

                      ------------------------------------------------------------------------------
2025-04-04 23:11:35   Adaptive mesh refinement pass 6

                      ------------------------------------------------------------------------------
2025-04-04 23:11:41   Low memory detected! The solver uses hard disk space to store data. This might reduce solver performance.

                      ------------------------------------------------------------------------------
2025-04-04 23:12:16   *** Warning ***

2025-04-04 23:12:16   Low memory: Only 1.19 GB of 15.91 GB available.


                      ------------------------------------------------------------------------------
2025-04-04 23:12:37     Matrix setup time        :	1 s
                        Solver setup             :	59 s
                        Degrees of freedom       :	460710
                        Number of mesh cells     :	71968

                        Stimulation port         :	Zmin
                        Mode number              :	1
                        Accuracy                 :	2.76737e-14
                        Iterations               :	1
                        Solver time              :	0 s


                      ------------------------------------------------------------------------------
2025-04-04 23:12:37     Delta calculation        
2025-04-04 23:12:37     All S-Parameters         :	0.0118802
2025-04-04 23:12:37   

                      ------------------------------------------------------------------------------
2025-04-04 23:12:37   Mesh adaptation terminated because the desired accuracy limit is reached.

                      ------------------------------------------------------------------------------
2025-04-04 23:12:37   *** Warning ***

2025-04-04 23:12:37   At least one propagating Floquet mode is not considered at port Zmin. Please increase the number of modes at this port. 
                      More...

                      ------------------------------------------------------------------------------
2025-04-04 23:12:37   *** Warning ***

2025-04-04 23:12:37   At least one propagating Floquet mode is not considered at port Zmax. Please increase the number of modes at this port. 
                      More...

                      ------------------------------------------------------------------------------
2025-04-04 23:12:38     Total time               :	125 s	 (= 0 h, 02 m, 05 s)

                      ------------------------------------------------------------------------------
2025-04-04 23:12:38   

                      ------------------------------------------------------------------------------
2025-04-04 23:12:38     Calculation 2 (Frequency: 20 GHz, Theta: 0, Phi: 0)


                      ------------------------------------------------------------------------------
2025-04-04 23:13:31     Matrix setup time        :	0 s
                        Solver setup             :	51 s
                        Degrees of freedom       :	460710
                        Number of mesh cells     :	71968

                        Stimulation port         :	Zmin
                        Mode number              :	1
                        Accuracy                 :	1.07672e-13
                        Iterations               :	1
                        Solver time              :	0 s


                      ------------------------------------------------------------------------------
2025-04-04 23:13:32     Total time               :	53 s

                      ------------------------------------------------------------------------------
2025-04-04 23:13:32   

                      ------------------------------------------------------------------------------
2025-04-04 23:13:32     Calculation 3 (Frequency: 26 GHz, Theta: 0, Phi: 0)


                      ------------------------------------------------------------------------------
2025-04-04 23:14:24     Matrix setup time        :	0 s
                        Solver setup             :	50 s
                        Degrees of freedom       :	460710
                        Number of mesh cells     :	71968

                        Stimulation port         :	Zmin
                        Mode number              :	1
                        Accuracy                 :	2.0001e-14
                        Iterations               :	1
                        Solver time              :	0 s


                      ------------------------------------------------------------------------------
2025-04-04 23:14:24     Total time               :	52 s

                      ------------------------------------------------------------------------------
2025-04-04 23:14:24   

                      ------------------------------------------------------------------------------
2025-04-04 23:14:24     Calculation 4 (Frequency: 29 GHz, Theta: 0, Phi: 0)


                      ------------------------------------------------------------------------------
2025-04-04 23:15:16     Matrix setup time        :	0 s
                        Solver setup             :	49 s
                        Degrees of freedom       :	460710
                        Number of mesh cells     :	71968

                        Stimulation port         :	Zmin
                        Mode number              :	1
                        Accuracy                 :	2.38644e-14
                        Iterations               :	1
                        Solver time              :	0 s


                      ------------------------------------------------------------------------------
2025-04-04 23:15:16     Total time               :	51 s

                      ------------------------------------------------------------------------------
2025-04-04 23:15:16   

                      ------------------------------------------------------------------------------
2025-04-04 23:15:16     Calculation 5 (Frequency: 23.936 GHz, Theta: 0, Phi: 0)


                      ------------------------------------------------------------------------------
2025-04-04 23:16:08     Matrix setup time        :	0 s
                        Solver setup             :	49 s
                        Degrees of freedom       :	460710
                        Number of mesh cells     :	71968

                        Stimulation port         :	Zmin
                        Mode number              :	1
                        Accuracy                 :	1.46363e-14
                        Iterations               :	1
                        Solver time              :	0 s


                      ------------------------------------------------------------------------------
2025-04-04 23:16:08     Total time               :	51 s

                      ------------------------------------------------------------------------------
2025-04-04 23:16:08   

                      ------------------------------------------------------------------------------
2025-04-04 23:16:08     Calculation 6 (Frequency: 27.788 GHz, Theta: 0, Phi: 0)


                      ------------------------------------------------------------------------------
2025-04-04 23:16:59     Matrix setup time        :	0 s
                        Solver setup             :	49 s
                        Degrees of freedom       :	460710
                        Number of mesh cells     :	71968

                        Stimulation port         :	Zmin
                        Mode number              :	1
                        Accuracy                 :	4.24959e-14
                        Iterations               :	1
                        Solver time              :	0 s


                      ------------------------------------------------------------------------------
2025-04-04 23:17:00     Total time               :	51 s

                      ------------------------------------------------------------------------------
2025-04-04 23:17:00   

                      ------------------------------------------------------------------------------
2025-04-04 23:17:00     Calculation 7 (Frequency: 22.376 GHz, Theta: 0, Phi: 0)


                      ------------------------------------------------------------------------------
2025-04-04 23:17:49     Matrix setup time        :	0 s
                        Solver setup             :	48 s
                        Degrees of freedom       :	460710
                        Number of mesh cells     :	71968

                        Stimulation port         :	Zmin
                        Mode number              :	1
                        Accuracy                 :	4.0545e-14
                        Iterations               :	1
                        Solver time              :	0 s


                      ------------------------------------------------------------------------------
2025-04-04 23:17:50     Total time               :	50 s

                      ------------------------------------------------------------------------------
2025-04-04 23:17:50   

                      ------------------------------------------------------------------------------
2025-04-04 23:17:50     Calculation 8 (Frequency: 30.572 GHz, Theta: 0, Phi: 0)


                      ------------------------------------------------------------------------------
2025-04-04 23:18:40     Matrix setup time        :	0 s
                        Solver setup             :	48 s
                        Degrees of freedom       :	460710
                        Number of mesh cells     :	71968

                        Stimulation port         :	Zmin
                        Mode number              :	1
                        Accuracy                 :	2.36063e-14
                        Iterations               :	1
                        Solver time              :	0 s


                      ------------------------------------------------------------------------------
2025-04-04 23:18:41     Total time               :	50 s

                      ------------------------------------------------------------------------------
2025-04-04 23:18:41   

                      ------------------------------------------------------------------------------
2025-04-04 23:18:41     Calculation 9 (Frequency: 27.224 GHz, Theta: 0, Phi: 0)


                      ------------------------------------------------------------------------------
2025-04-04 23:19:30     Matrix setup time        :	0 s
                        Solver setup             :	48 s
                        Degrees of freedom       :	460710
                        Number of mesh cells     :	71968

                        Stimulation port         :	Zmin
                        Mode number              :	1
                        Accuracy                 :	5.15604e-14
                        Iterations               :	1
                        Solver time              :	0 s


                      ------------------------------------------------------------------------------
2025-04-04 23:19:31     Total time               :	50 s

                      ------------------------------------------------------------------------------
2025-04-04 23:19:31   

                      ------------------------------------------------------------------------------
2025-04-04 23:19:31     Calculation 10 (Frequency: 29.708 GHz, Theta: 0, Phi: 0)


                      ------------------------------------------------------------------------------
2025-04-04 23:20:23     Matrix setup time        :	0 s
                        Solver setup             :	50 s
                        Degrees of freedom       :	460710
                        Number of mesh cells     :	71968

                        Stimulation port         :	Zmin
                        Mode number              :	1
                        Accuracy                 :	2.60073e-14
                        Iterations               :	1
                        Solver time              :	0 s


                      ------------------------------------------------------------------------------
2025-04-04 23:20:24     Total time               :	52 s

                      ------------------------------------------------------------------------------
2025-04-04 23:20:24   

                      ------------------------------------------------------------------------------
2025-04-04 23:20:24     Calculation 11 (Frequency: 30.944 GHz, Theta: 0, Phi: 0)


                      ------------------------------------------------------------------------------
2025-04-04 23:21:15     Matrix setup time        :	0 s
                        Solver setup             :	49 s
                        Degrees of freedom       :	460710
                        Number of mesh cells     :	71968

                        Stimulation port         :	Zmin
                        Mode number              :	1
                        Accuracy                 :	2.33122e-14
                        Iterations               :	1
                        Solver time              :	0 s


                      ------------------------------------------------------------------------------
2025-04-04 23:21:16     Total time               :	51 s

                      ------------------------------------------------------------------------------
2025-04-04 23:21:16   

                      ------------------------------------------------------------------------------
2025-04-04 23:21:16     Calculation 12 (Frequency: 30.248 GHz, Theta: 0, Phi: 0)


                      ------------------------------------------------------------------------------
2025-04-04 23:22:06     Matrix setup time        :	0 s
                        Solver setup             :	48 s
                        Degrees of freedom       :	460710
                        Number of mesh cells     :	71968

                        Stimulation port         :	Zmin
                        Mode number              :	1
                        Accuracy                 :	3.21604e-14
                        Iterations               :	1
                        Solver time              :	0 s


                      ------------------------------------------------------------------------------
2025-04-04 23:22:07     Total time               :	50 s

                      ------------------------------------------------------------------------------
2025-04-04 23:22:07   

                      ------------------------------------------------------------------------------
2025-04-04 23:22:07     Calculation 13 (Frequency: 31.268 GHz, Theta: 0, Phi: 0)


                      ------------------------------------------------------------------------------
2025-04-04 23:22:34   *** Warning ***

2025-04-04 23:22:34   Low memory: Only 1.56 GB of 15.91 GB available.


                      ------------------------------------------------------------------------------
2025-04-04 23:22:57     Matrix setup time        :	0 s
                        Solver setup             :	48 s
                        Degrees of freedom       :	460710
                        Number of mesh cells     :	71968

                        Stimulation port         :	Zmin
                        Mode number              :	1
                        Accuracy                 :	3.22252e-14
                        Iterations               :	1
                        Solver time              :	0 s


                      ------------------------------------------------------------------------------
2025-04-04 23:22:57     Total time               :	50 s

                      ------------------------------------------------------------------------------
2025-04-04 23:22:57   

                      ------------------------------------------------------------------------------
2025-04-04 23:22:58     Calculation 14 (Frequency: 30.116 GHz, Theta: 0, Phi: 0)


                      ------------------------------------------------------------------------------
2025-04-04 23:23:48     Matrix setup time        :	0 s
                        Solver setup             :	48 s
                        Degrees of freedom       :	460710
                        Number of mesh cells     :	71968

                        Stimulation port         :	Zmin
                        Mode number              :	1
                        Accuracy                 :	2.29318e-14
                        Iterations               :	1
                        Solver time              :	0 s


                      ------------------------------------------------------------------------------
2025-04-04 23:23:49     Total time               :	50 s

                      ------------------------------------------------------------------------------
2025-04-04 23:23:49   

                      ------------------------------------------------------------------------------
2025-04-04 23:23:49     Calculation 15 (Frequency: 30.476 GHz, Theta: 0, Phi: 0)


                      ------------------------------------------------------------------------------
2025-04-04 23:24:39     Matrix setup time        :	0 s
                        Solver setup             :	49 s
                        Degrees of freedom       :	460710
                        Number of mesh cells     :	71968

                        Stimulation port         :	Zmin
                        Mode number              :	1
                        Accuracy                 :	2.60171e-14
                        Iterations               :	1
                        Solver time              :	0 s


                      ------------------------------------------------------------------------------
2025-04-04 23:24:40     Total time               :	51 s

                      ------------------------------------------------------------------------------
2025-04-04 23:24:40   

                      ------------------------------------------------------------------------------
2025-04-04 23:24:40     Calculation 16 (Frequency: 29.252 GHz, Theta: 0, Phi: 0)


                      ------------------------------------------------------------------------------
2025-04-04 23:25:30     Matrix setup time        :	0 s
                        Solver setup             :	49 s
                        Degrees of freedom       :	460710
                        Number of mesh cells     :	71968

                        Stimulation port         :	Zmin
                        Mode number              :	1
                        Accuracy                 :	3.86251e-14
                        Iterations               :	1
                        Solver time              :	0 s


                      ------------------------------------------------------------------------------
2025-04-04 23:25:31     Total time               :	51 s

                      ------------------------------------------------------------------------------
2025-04-04 23:25:31   

                      ------------------------------------------------------------------------------
2025-04-04 23:25:31     Calculation 17 (Frequency: 28.616 GHz, Theta: 0, Phi: 0)


                      ------------------------------------------------------------------------------
2025-04-04 23:26:22     Matrix setup time        :	0 s
                        Solver setup             :	49 s
                        Degrees of freedom       :	460710
                        Number of mesh cells     :	71968

                        Stimulation port         :	Zmin
                        Mode number              :	1
                        Accuracy                 :	2.53638e-14
                        Iterations               :	1
                        Solver time              :	0 s


                      ------------------------------------------------------------------------------
2025-04-04 23:26:23     Total time               :	51 s

                      ------------------------------------------------------------------------------
2025-04-04 23:26:23   

                      ------------------------------------------------------------------------------
2025-04-04 23:26:23     Calculation 18 (Frequency: 23.168 GHz, Theta: 0, Phi: 0)


                      ------------------------------------------------------------------------------
2025-04-04 23:27:14     Matrix setup time        :	0 s
                        Solver setup             :	49 s
                        Degrees of freedom       :	460710
                        Number of mesh cells     :	71968

                        Stimulation port         :	Zmin
                        Mode number              :	1
                        Accuracy                 :	1.54832e-14
                        Iterations               :	1
                        Solver time              :	0 s


                      ------------------------------------------------------------------------------
2025-04-04 23:27:15     Total time               :	51 s

                      ------------------------------------------------------------------------------
2025-04-04 23:27:15   

                      ------------------------------------------------------------------------------
2025-04-04 23:27:15     Calculation 19 (Frequency: 21.548 GHz, Theta: 0, Phi: 0)


                      ------------------------------------------------------------------------------
2025-04-04 23:28:06     Matrix setup time        :	0 s
                        Solver setup             :	49 s
                        Degrees of freedom       :	460710
                        Number of mesh cells     :	71968

                        Stimulation port         :	Zmin
                        Mode number              :	1
                        Accuracy                 :	2.97407e-14
                        Iterations               :	1
                        Solver time              :	0 s


                      ------------------------------------------------------------------------------
2025-04-04 23:28:07     Total time               :	51 s

                      ------------------------------------------------------------------------------
2025-04-04 23:28:07   

                      ------------------------------------------------------------------------------
2025-04-04 23:28:07     Calculation 20 (Frequency: 22.64 GHz, Theta: 0, Phi: 0)


                      ------------------------------------------------------------------------------
2025-04-04 23:28:58     Matrix setup time        :	0 s
                        Solver setup             :	49 s
                        Degrees of freedom       :	460710
                        Number of mesh cells     :	71968

                        Stimulation port         :	Zmin
                        Mode number              :	1
                        Accuracy                 :	2.48293e-14
                        Iterations               :	1
                        Solver time              :	0 s


                      ------------------------------------------------------------------------------
2025-04-04 23:28:58     Total time               :	51 s

                      ------------------------------------------------------------------------------
2025-04-04 23:28:58   

                      ------------------------------------------------------------------------------
2025-04-04 23:28:58     Calculation 21 (Frequency: 21.044 GHz, Theta: 0, Phi: 0)


                      ------------------------------------------------------------------------------
2025-04-04 23:29:49     Matrix setup time        :	0 s
                        Solver setup             :	49 s
                        Degrees of freedom       :	460710
                        Number of mesh cells     :	71968

                        Stimulation port         :	Zmin
                        Mode number              :	1
                        Accuracy                 :	3.21714e-14
                        Iterations               :	1
                        Solver time              :	0 s


                      ------------------------------------------------------------------------------
2025-04-04 23:29:50     Total time               :	51 s

                      ------------------------------------------------------------------------------
2025-04-04 23:29:50   

                      ------------------------------------------------------------------------------
2025-04-04 23:29:50     Calculation 22 (Frequency: 25.04 GHz, Theta: 0, Phi: 0)


                      ------------------------------------------------------------------------------
2025-04-04 23:30:42     Matrix setup time        :	0 s
                        Solver setup             :	50 s
                        Degrees of freedom       :	460710
                        Number of mesh cells     :	71968

                        Stimulation port         :	Zmin
                        Mode number              :	1
                        Accuracy                 :	4.52642e-14
                        Iterations               :	1
                        Solver time              :	0 s


                      ------------------------------------------------------------------------------
2025-04-04 23:30:42     Total time               :	52 s

                      ------------------------------------------------------------------------------
2025-04-04 23:30:42   

                      ------------------------------------------------------------------------------
2025-04-04 23:30:42     Calculation 23 (Frequency: 20.684 GHz, Theta: 0, Phi: 0)


                      ------------------------------------------------------------------------------
2025-04-04 23:31:35     Matrix setup time        :	0 s
                        Solver setup             :	51 s
                        Degrees of freedom       :	460710
                        Number of mesh cells     :	71968

                        Stimulation port         :	Zmin
                        Mode number              :	1
                        Accuracy                 :	3.53758e-14
                        Iterations               :	1
                        Solver time              :	0 s


                      ------------------------------------------------------------------------------
2025-04-04 23:31:36     Total time               :	53 s

                      ------------------------------------------------------------------------------
2025-04-04 23:31:36   

                      ------------------------------------------------------------------------------
2025-04-04 23:31:36     Calculation 24 (Frequency: 21.308 GHz, Theta: 0, Phi: 0)


                      ------------------------------------------------------------------------------
2025-04-04 23:32:27     Matrix setup time        :	0 s
                        Solver setup             :	49 s
                        Degrees of freedom       :	460710
                        Number of mesh cells     :	71968

                        Stimulation port         :	Zmin
                        Mode number              :	1
                        Accuracy                 :	3.3469e-14
                        Iterations               :	1
                        Solver time              :	0 s


                      ------------------------------------------------------------------------------
2025-04-04 23:32:28     Total time               :	51 s

                      ------------------------------------------------------------------------------
2025-04-04 23:32:28   

                      ------------------------------------------------------------------------------
2025-04-04 23:32:28     Calculation 25 (Frequency: 21.776 GHz, Theta: 0, Phi: 0)


                      ------------------------------------------------------------------------------
2025-04-04 23:32:57   *** Warning ***

2025-04-04 23:32:57   Low memory: Only 1.46 GB of 15.91 GB available.


                      ------------------------------------------------------------------------------
2025-04-04 23:33:21     Matrix setup time        :	0 s
                        Solver setup             :	51 s
                        Degrees of freedom       :	460710
                        Number of mesh cells     :	71968

                        Stimulation port         :	Zmin
                        Mode number              :	1
                        Accuracy                 :	3.05736e-14
                        Iterations               :	1
                        Solver time              :	0 s


                      ------------------------------------------------------------------------------
2025-04-04 23:33:22     Total time               :	53 s

                      ------------------------------------------------------------------------------
2025-04-04 23:33:22   

                      ------------------------------------------------------------------------------
2025-04-04 23:33:22     Calculation 26 (Frequency: 25.328 GHz, Theta: 0, Phi: 0)


                      ------------------------------------------------------------------------------
2025-04-04 23:34:14     Matrix setup time        :	0 s
                        Solver setup             :	50 s
                        Degrees of freedom       :	460710
                        Number of mesh cells     :	71968

                        Stimulation port         :	Zmin
                        Mode number              :	1
                        Accuracy                 :	1.95245e-14
                        Iterations               :	1
                        Solver time              :	0 s


                      ------------------------------------------------------------------------------
2025-04-04 23:34:15     Total time               :	52 s

                      ------------------------------------------------------------------------------
2025-04-04 23:34:15   

                      ------------------------------------------------------------------------------
2025-04-04 23:34:15     Calculation 27 (Frequency: 24.092 GHz, Theta: 0, Phi: 0)


                      ------------------------------------------------------------------------------
2025-04-04 23:35:13     Matrix setup time        :	0 s
                        Solver setup             :	55 s
                        Degrees of freedom       :	460710
                        Number of mesh cells     :	71968

                        Stimulation port         :	Zmin
                        Mode number              :	1
                        Accuracy                 :	2.55476e-14
                        Iterations               :	1
                        Solver time              :	0 s


                      ------------------------------------------------------------------------------
2025-04-04 23:35:13     Total time               :	58 s

                      ------------------------------------------------------------------------------
2025-04-04 23:35:13   

                      ------------------------------------------------------------------------------
2025-04-04 23:35:13     Calculation 28 (Frequency: 23.852 GHz, Theta: 0, Phi: 0)


                      ------------------------------------------------------------------------------
2025-04-04 23:36:07     Matrix setup time        :	0 s
                        Solver setup             :	52 s
                        Degrees of freedom       :	460710
                        Number of mesh cells     :	71968

                        Stimulation port         :	Zmin
                        Mode number              :	1
                        Accuracy                 :	2.39126e-14
                        Iterations               :	1
                        Solver time              :	0 s


                      ------------------------------------------------------------------------------
2025-04-04 23:36:08     Total time               :	54 s

                      ------------------------------------------------------------------------------
2025-04-04 23:36:08   

                      ------------------------------------------------------------------------------
2025-04-04 23:36:08     Calculation 29 (Frequency: 27.404 GHz, Theta: 0, Phi: 0)


                      ------------------------------------------------------------------------------
2025-04-04 23:37:03     Matrix setup time        :	0 s
                        Solver setup             :	53 s
                        Degrees of freedom       :	460710
                        Number of mesh cells     :	71968

                        Stimulation port         :	Zmin
                        Mode number              :	1
                        Accuracy                 :	5.00568e-14
                        Iterations               :	1
                        Solver time              :	0 s


                      ------------------------------------------------------------------------------
2025-04-04 23:37:03     Total time               :	55 s

                      ------------------------------------------------------------------------------
2025-04-04 23:37:03   

                      ------------------------------------------------------------------------------
2025-04-04 23:37:03     Calculation 30 (Frequency: 26.744 GHz, Theta: 0, Phi: 0)


                      ------------------------------------------------------------------------------
2025-04-04 23:37:58     Matrix setup time        :	0 s
                        Solver setup             :	52 s
                        Degrees of freedom       :	460710
                        Number of mesh cells     :	71968

                        Stimulation port         :	Zmin
                        Mode number              :	1
                        Accuracy                 :	4.66128e-14
                        Iterations               :	1
                        Solver time              :	0 s


                      ------------------------------------------------------------------------------
2025-04-04 23:37:59     Total time               :	54 s

                      ------------------------------------------------------------------------------
2025-04-04 23:37:59   

                      ------------------------------------------------------------------------------
2025-04-04 23:37:59     Calculation 31 (Frequency: 28.004 GHz, Theta: 0, Phi: 0)


                      ------------------------------------------------------------------------------
2025-04-04 23:38:51     Matrix setup time        :	0 s
                        Solver setup             :	50 s
                        Degrees of freedom       :	460710
                        Number of mesh cells     :	71968

                        Stimulation port         :	Zmin
                        Mode number              :	1
                        Accuracy                 :	4.71321e-14
                        Iterations               :	1
                        Solver time              :	0 s


                      ------------------------------------------------------------------------------
2025-04-04 23:38:51     Total time               :	52 s

                      ------------------------------------------------------------------------------
2025-04-04 23:38:51   

                      ------------------------------------------------------------------------------
2025-04-04 23:38:51   Finished the general purpose interpolative broadband frequency sweep:
                      All broadband sweep convergence criteria have been satisfied after
                      calculating 31 frequency samples:

                        Broadband sweep error threshold value :  0.01 (All S-Parameters) 
                        Number of error criterion checks      :  2 (All S-Parameters) 
                        Minimum number of samples             :  3
                        Number of data samples, linear        :  1001

                      ------------------------------------------------------------------------------
2025-04-04 23:38:51     Number of mesh cells     :	71968
                        Degrees of freedom       :	458722
                        Total Solver Time        :	1700 s	 (= 0 h, 28 m, 20 s)
                      ================================================================================



                      ------------------------------------------------------------------------------
2025-04-04 23:38:52     ----------------------------------------------------------------------------
                                            Peak memory used (kB)         Free physical memory (kB) 
                                                                          At begin     Minimum      
                        ----------------------------------------------------------------------------
                        Solver start        21688                         8882360      8881528      
                        Eq. system setup    8253056                       8872004      7543560      
                        Eq. system solve    8253056                       8825484      951236       
                        Mesh refinement     5673232                       8647412      7677760      
                        Solver run total    8253056                       8882364      951236       

                        Computer name       Tahsin
                        ----------------------------------------------------------------------------


                      ------------------------------------------------------------------------------
2025-04-04 23:38:52   Running postprocessing.

                      ------------------------------------------------------------------------------
2025-04-04 23:38:53   Postprocessing finished.

                      ------------------------------------------------------------------------------
