2025-03-29 02:25:15   *** Warning ***

                      Electric isotropic material [Copper (pure)] has a very high conductivity for
                      the given mesh. Depending on your configuration it may be better to use a lossy
                      metal type for this material. More...

                      ------------------------------------------------------------------------------
2025-03-29 02:25:15   In order to get an optimal performance, hyperthreading is ignored for parallel
                      computations.

                      ------------------------------------------------------------------------------
2025-03-29 02:25:18   Units settings: 

                        Dimensions: mm
                        Frequency:  GHz
                        Time:       s

                      ------------------------------------------------------------------------------
2025-03-29 02:25:18   Boundary conditions: 

                        YZsymmetry: none
                        XZsymmetry: none
                        XYsymmetry: none

                        Xmin: unit cell
                        Xmax: unit cell

                        Ymin: unit cell
                        Ymax: unit cell

                        Zmin: expanded open
                        Zmax: expanded open

                      ------------------------------------------------------------------------------
2025-03-29 02:25:18   Order settings: 

                        Solver order   : 2nd (constant)
                        Curved elements: up to order 3 (automatic)

                      ------------------------------------------------------------------------------
2025-03-29 02:25:18   An iterative solver will be used first.

                      ------------------------------------------------------------------------------
2025-03-29 02:25:18     Mesh time                :	2 s


                      ------------------------------------------------------------------------------
2025-03-29 02:25:18   
                      ================================================================================
                      Frequency Domain Solver calculation cycle started

                      ------------------------------------------------------------------------------
2025-03-29 02:25:18   Solver started at: 2025-03-29 02:25:18 +0600

                        Module:  Frequency Domain: S-Parameter (Win 64)
                        Version: 2024.1 Release from 2023-10-16 (change 1181985)

                      ------------------------------------------------------------------------------
2025-03-29 02:25:18   The low frequency stabilization is not applied to periodic problems.

                      ------------------------------------------------------------------------------
2025-03-29 02:25:18     Calculation 1 of 1 (Frequency: 32 GHz, Theta: 0, Phi: 0)


                      ------------------------------------------------------------------------------
2025-03-29 02:25:18   The wavelength based mesh refinement has been applied to 4.4% of all mesh edges.

                      ------------------------------------------------------------------------------
2025-03-29 02:25:18   For some elements the curvature had to be reduced to maintain the quality of the mesh. More...

                      ------------------------------------------------------------------------------
2025-03-29 02:25:18   Adaptive mesh refinement pass 1

                      ------------------------------------------------------------------------------
2025-03-29 02:25:26   *** Warning ***

2025-03-29 02:25:26   Detected possible stagnation of the iterative solver (6.762181e-02 after 250 iterations.)
                      Please consider aborting the solver run, and check your simulation setup.  More...

                      ------------------------------------------------------------------------------
2025-03-29 02:25:34   *** Warning ***

2025-03-29 02:25:34   The solver stopped because the maximum number of iterations (500, used for automatic solver choice) has been reached.

                      ------------------------------------------------------------------------------
2025-03-29 02:25:34   Solving again, but with the direct solver. Please consider forcing the direct solver in the solver special settings, and
                      check your simulation setup (for instance source and material definitions.)

                      ------------------------------------------------------------------------------
2025-03-29 02:25:35     Matrix setup time        :	0 s
                        Degrees of freedom       :	37400
                        Number of mesh cells     :	5710

                        Stimulation port         :	Zmin
                        Mode number              :	1
                        Accuracy                 :	1.04551e-13
                        Iterations               :	1
                        Solver time              :	0 s


                      ------------------------------------------------------------------------------
2025-03-29 02:25:35   23% of all mesh edges seem to be longer than expected. The adaptive mesh refinement's growth limitation will therefore 
                      use 13899 instead of 3946 mesh cells as a reference.

                      ------------------------------------------------------------------------------
2025-03-29 02:25:35   The wavelength based mesh refinement has been applied to 0.2% of all mesh edges.

                      ------------------------------------------------------------------------------
2025-03-29 02:25:36   For some elements the curvature had to be reduced to maintain the quality of the mesh. More...

                      ------------------------------------------------------------------------------
2025-03-29 02:25:36   Adaptive mesh refinement pass 2

                      ------------------------------------------------------------------------------
2025-03-29 02:25:38     Matrix setup time        :	0 s
                        Solver setup             :	1 s
                        Degrees of freedom       :	65590
                        Number of mesh cells     :	10132

                        Stimulation port         :	Zmin
                        Mode number              :	1
                        Accuracy                 :	6.34124e-14
                        Iterations               :	1
                        Solver time              :	0 s


                      ------------------------------------------------------------------------------
2025-03-29 02:25:38     Delta calculation        
2025-03-29 02:25:38     All S-Parameters         :	0.187724
2025-03-29 02:25:38   

                      ------------------------------------------------------------------------------
2025-03-29 02:25:38   The wavelength based mesh refinement has been applied to 0.1% of all mesh edges.

                      ------------------------------------------------------------------------------
2025-03-29 02:25:40   For some elements the curvature had to be slightly reduced to maintain the quality of the mesh. More...

                      ------------------------------------------------------------------------------
2025-03-29 02:25:40   Adaptive mesh refinement pass 3

                      ------------------------------------------------------------------------------
2025-03-29 02:25:44     Matrix setup time        :	0 s
                        Solver setup             :	3 s
                        Degrees of freedom       :	122268
                        Number of mesh cells     :	19030

                        Stimulation port         :	Zmin
                        Mode number              :	1
                        Accuracy                 :	3.97621e-14
                        Iterations               :	1
                        Solver time              :	0 s


                      ------------------------------------------------------------------------------
2025-03-29 02:25:44     Delta calculation        
2025-03-29 02:25:44     All S-Parameters         :	0.0927013
2025-03-29 02:25:44   

                      ------------------------------------------------------------------------------
2025-03-29 02:25:46   Adaptive mesh refinement pass 4

                      ------------------------------------------------------------------------------
2025-03-29 02:25:54     Matrix setup time        :	0 s
                        Solver setup             :	6 s
                        Degrees of freedom       :	192626
                        Number of mesh cells     :	30053

                        Stimulation port         :	Zmin
                        Mode number              :	1
                        Accuracy                 :	4.58224e-14
                        Iterations               :	1
                        Solver time              :	0 s


                      ------------------------------------------------------------------------------
2025-03-29 02:25:54     Delta calculation        
2025-03-29 02:25:54     All S-Parameters         :	0.0580101
2025-03-29 02:25:54   

                      ------------------------------------------------------------------------------
2025-03-29 02:25:58   Adaptive mesh refinement pass 5

                      ------------------------------------------------------------------------------
2025-03-29 02:26:13     Matrix setup time        :	1 s
                        Solver setup             :	14 s
                        Degrees of freedom       :	300338
                        Number of mesh cells     :	46883

                        Stimulation port         :	Zmin
                        Mode number              :	1
                        Accuracy                 :	3.56792e-14
                        Iterations               :	1
                        Solver time              :	0 s


                      ------------------------------------------------------------------------------
2025-03-29 02:26:14     Delta calculation        
2025-03-29 02:26:14     All S-Parameters         :	0.0245355
2025-03-29 02:26:14   

                      ------------------------------------------------------------------------------
2025-03-29 02:26:18   Adaptive mesh refinement pass 6

                      ------------------------------------------------------------------------------
2025-03-29 02:26:44     Matrix setup time        :	1 s
                        Solver setup             :	23 s
                        Degrees of freedom       :	431370
                        Number of mesh cells     :	67417

                        Stimulation port         :	Zmin
                        Mode number              :	1
                        Accuracy                 :	3.65429e-14
                        Iterations               :	1
                        Solver time              :	0 s


                      ------------------------------------------------------------------------------
2025-03-29 02:26:44     Delta calculation        
2025-03-29 02:26:44     All S-Parameters         :	0.0215007
2025-03-29 02:26:44   

                      ------------------------------------------------------------------------------
2025-03-29 02:26:50   Adaptive mesh refinement pass 7

                      ------------------------------------------------------------------------------
2025-03-29 02:26:58   Low memory detected! The solver uses hard disk space to store data. This might reduce solver performance.

                      ------------------------------------------------------------------------------
2025-03-29 02:27:45   *** Warning ***

2025-03-29 02:27:45   Low memory: Only 1.04 GB of 15.91 GB available.


                      ------------------------------------------------------------------------------
2025-03-29 02:28:33     Matrix setup time        :	1 s
                        Solver setup             :	93 s
                        Degrees of freedom       :	565038
                        Number of mesh cells     :	88285

                        Stimulation port         :	Zmin
                        Mode number              :	1
                        Accuracy                 :	2.85988e-14
                        Iterations               :	1
                        Solver time              :	7 s


                      ------------------------------------------------------------------------------
2025-03-29 02:28:33     Delta calculation        
2025-03-29 02:28:33     All S-Parameters         :	0.0127487
2025-03-29 02:28:33   

                      ------------------------------------------------------------------------------
2025-03-29 02:28:33   Mesh adaptation terminated because the desired accuracy limit is reached.

                      ------------------------------------------------------------------------------
2025-03-29 02:28:34   *** Warning ***

2025-03-29 02:28:34   At least one propagating Floquet mode is not considered at port Zmin. Please increase the number of modes at this port. 
                      More...

                      ------------------------------------------------------------------------------
2025-03-29 02:28:34   *** Warning ***

2025-03-29 02:28:34   At least one propagating Floquet mode is not considered at port Zmax. Please increase the number of modes at this port. 
                      More...

                      ------------------------------------------------------------------------------
2025-03-29 02:28:34     Total time               :	195 s	 (= 0 h, 03 m, 15 s)

                      ------------------------------------------------------------------------------
2025-03-29 02:28:34   

                      ------------------------------------------------------------------------------
2025-03-29 02:28:34     Calculation 2 (Frequency: 20 GHz, Theta: 0, Phi: 0)


                      ------------------------------------------------------------------------------
2025-03-29 02:29:59     Matrix setup time        :	0 s
                        Solver setup             :	77 s
                        Degrees of freedom       :	565038
                        Number of mesh cells     :	88285

                        Stimulation port         :	Zmin
                        Mode number              :	1
                        Accuracy                 :	4.44205e-14
                        Iterations               :	1
                        Solver time              :	6 s


                      ------------------------------------------------------------------------------
2025-03-29 02:29:59     Total time               :	85 s	 (= 0 h, 01 m, 25 s)

                      ------------------------------------------------------------------------------
2025-03-29 02:29:59   

                      ------------------------------------------------------------------------------
2025-03-29 02:29:59     Calculation 3 (Frequency: 26 GHz, Theta: 0, Phi: 0)


                      ------------------------------------------------------------------------------
2025-03-29 02:31:19     Matrix setup time        :	0 s
                        Solver setup             :	74 s
                        Degrees of freedom       :	565038
                        Number of mesh cells     :	88285

                        Stimulation port         :	Zmin
                        Mode number              :	1
                        Accuracy                 :	2.38417e-14
                        Iterations               :	1
                        Solver time              :	3 s


                      ------------------------------------------------------------------------------
2025-03-29 02:31:20     Total time               :	79 s	 (= 0 h, 01 m, 19 s)

                      ------------------------------------------------------------------------------
2025-03-29 02:31:20   

                      ------------------------------------------------------------------------------
2025-03-29 02:31:20     Calculation 4 (Frequency: 29 GHz, Theta: 0, Phi: 0)


                      ------------------------------------------------------------------------------
2025-03-29 02:32:43     Matrix setup time        :	1 s
                        Solver setup             :	76 s
                        Degrees of freedom       :	565038
                        Number of mesh cells     :	88285

                        Stimulation port         :	Zmin
                        Mode number              :	1
                        Accuracy                 :	4.44614e-14
                        Iterations               :	1
                        Solver time              :	5 s


                      ------------------------------------------------------------------------------
2025-03-29 02:32:44     Total time               :	83 s	 (= 0 h, 01 m, 23 s)

                      ------------------------------------------------------------------------------
2025-03-29 02:32:44   

                      ------------------------------------------------------------------------------
2025-03-29 02:32:44     Calculation 5 (Frequency: 24.824 GHz, Theta: 0, Phi: 0)


                      ------------------------------------------------------------------------------
2025-03-29 02:34:02     Matrix setup time        :	0 s
                        Solver setup             :	74 s
                        Degrees of freedom       :	565038
                        Number of mesh cells     :	88285

                        Stimulation port         :	Zmin
                        Mode number              :	1
                        Accuracy                 :	2.88448e-14
                        Iterations               :	1
                        Solver time              :	3 s


                      ------------------------------------------------------------------------------
2025-03-29 02:34:03     Total time               :	78 s	 (= 0 h, 01 m, 18 s)

                      ------------------------------------------------------------------------------
2025-03-29 02:34:03   

                      ------------------------------------------------------------------------------
2025-03-29 02:34:03     Calculation 6 (Frequency: 27.98 GHz, Theta: 0, Phi: 0)


                      ------------------------------------------------------------------------------
2025-03-29 02:35:20     Matrix setup time        :	0 s
                        Solver setup             :	74 s
                        Degrees of freedom       :	565038
                        Number of mesh cells     :	88285

                        Stimulation port         :	Zmin
                        Mode number              :	1
                        Accuracy                 :	3.25724e-14
                        Iterations               :	1
                        Solver time              :	1 s


                      ------------------------------------------------------------------------------
2025-03-29 02:35:21     Total time               :	77 s	 (= 0 h, 01 m, 17 s)

                      ------------------------------------------------------------------------------
2025-03-29 02:35:21   

                      ------------------------------------------------------------------------------
2025-03-29 02:35:21     Calculation 7 (Frequency: 21.908 GHz, Theta: 0, Phi: 0)


                      ------------------------------------------------------------------------------
2025-03-29 02:36:37     Matrix setup time        :	0 s
                        Solver setup             :	73 s
                        Degrees of freedom       :	565038
                        Number of mesh cells     :	88285

                        Stimulation port         :	Zmin
                        Mode number              :	1
                        Accuracy                 :	4.16822e-14
                        Iterations               :	1
                        Solver time              :	0 s


                      ------------------------------------------------------------------------------
2025-03-29 02:36:37     Total time               :	75 s	 (= 0 h, 01 m, 15 s)

                      ------------------------------------------------------------------------------
2025-03-29 02:36:37   

                      ------------------------------------------------------------------------------
2025-03-29 02:36:37     Calculation 8 (Frequency: 28.472 GHz, Theta: 0, Phi: 0)


                      ------------------------------------------------------------------------------
2025-03-29 02:37:46   *** Warning ***

2025-03-29 02:37:46   Low memory: Only 1.29 GB of 15.91 GB available.


                      ------------------------------------------------------------------------------
2025-03-29 02:37:52     Matrix setup time        :	0 s
                        Solver setup             :	72 s
                        Degrees of freedom       :	565038
                        Number of mesh cells     :	88285

                        Stimulation port         :	Zmin
                        Mode number              :	1
                        Accuracy                 :	2.92604e-14
                        Iterations               :	1
                        Solver time              :	0 s


                      ------------------------------------------------------------------------------
2025-03-29 02:37:53     Total time               :	74 s	 (= 0 h, 01 m, 14 s)

                      ------------------------------------------------------------------------------
2025-03-29 02:37:53   

                      ------------------------------------------------------------------------------
2025-03-29 02:37:53     Calculation 9 (Frequency: 27.068 GHz, Theta: 0, Phi: 0)


                      ------------------------------------------------------------------------------
2025-03-29 02:39:07     Matrix setup time        :	0 s
                        Solver setup             :	72 s
                        Degrees of freedom       :	565038
                        Number of mesh cells     :	88285

                        Stimulation port         :	Zmin
                        Mode number              :	1
                        Accuracy                 :	2.65543e-14
                        Iterations               :	1
                        Solver time              :	0 s


                      ------------------------------------------------------------------------------
2025-03-29 02:39:08     Total time               :	75 s	 (= 0 h, 01 m, 15 s)

                      ------------------------------------------------------------------------------
2025-03-29 02:39:08   

                      ------------------------------------------------------------------------------
2025-03-29 02:39:08     Calculation 10 (Frequency: 28.832 GHz, Theta: 0, Phi: 0)


                      ------------------------------------------------------------------------------
2025-03-29 02:40:25     Matrix setup time        :	0 s
                        Solver setup             :	75 s
                        Degrees of freedom       :	565038
                        Number of mesh cells     :	88285

                        Stimulation port         :	Zmin
                        Mode number              :	1
                        Accuracy                 :	2.63727e-14
                        Iterations               :	1
                        Solver time              :	0 s


                      ------------------------------------------------------------------------------
2025-03-29 02:40:26     Total time               :	77 s	 (= 0 h, 01 m, 17 s)

                      ------------------------------------------------------------------------------
2025-03-29 02:40:26   

                      ------------------------------------------------------------------------------
2025-03-29 02:40:26     Calculation 11 (Frequency: 30.668 GHz, Theta: 0, Phi: 0)


                      ------------------------------------------------------------------------------
2025-03-29 02:41:41     Matrix setup time        :	0 s
                        Solver setup             :	73 s
                        Degrees of freedom       :	565038
                        Number of mesh cells     :	88285

                        Stimulation port         :	Zmin
                        Mode number              :	1
                        Accuracy                 :	2.9515e-14
                        Iterations               :	1
                        Solver time              :	0 s


                      ------------------------------------------------------------------------------
2025-03-29 02:41:42     Total time               :	76 s	 (= 0 h, 01 m, 16 s)

                      ------------------------------------------------------------------------------
2025-03-29 02:41:42   

                      ------------------------------------------------------------------------------
2025-03-29 02:41:42     Calculation 12 (Frequency: 23.06 GHz, Theta: 0, Phi: 0)


                      ------------------------------------------------------------------------------
2025-03-29 02:42:58     Matrix setup time        :	0 s
                        Solver setup             :	73 s
                        Degrees of freedom       :	565038
                        Number of mesh cells     :	88285

                        Stimulation port         :	Zmin
                        Mode number              :	1
                        Accuracy                 :	2.41094e-14
                        Iterations               :	1
                        Solver time              :	0 s


                      ------------------------------------------------------------------------------
2025-03-29 02:42:59     Total time               :	76 s	 (= 0 h, 01 m, 16 s)

                      ------------------------------------------------------------------------------
2025-03-29 02:42:59   

                      ------------------------------------------------------------------------------
2025-03-29 02:42:59     Calculation 13 (Frequency: 29.696 GHz, Theta: 0, Phi: 0)


                      ------------------------------------------------------------------------------
2025-03-29 02:44:15     Matrix setup time        :	0 s
                        Solver setup             :	74 s
                        Degrees of freedom       :	565038
                        Number of mesh cells     :	88285

                        Stimulation port         :	Zmin
                        Mode number              :	1
                        Accuracy                 :	2.76329e-14
                        Iterations               :	1
                        Solver time              :	0 s


                      ------------------------------------------------------------------------------
2025-03-29 02:44:16     Total time               :	76 s	 (= 0 h, 01 m, 16 s)

                      ------------------------------------------------------------------------------
2025-03-29 02:44:16   

                      ------------------------------------------------------------------------------
2025-03-29 02:44:16     Calculation 14 (Frequency: 31.376 GHz, Theta: 0, Phi: 0)


                      ------------------------------------------------------------------------------
2025-03-29 02:45:32     Matrix setup time        :	0 s
                        Solver setup             :	74 s
                        Degrees of freedom       :	565038
                        Number of mesh cells     :	88285

                        Stimulation port         :	Zmin
                        Mode number              :	1
                        Accuracy                 :	4.78874e-14
                        Iterations               :	1
                        Solver time              :	0 s


                      ------------------------------------------------------------------------------
2025-03-29 02:45:33     Total time               :	77 s	 (= 0 h, 01 m, 17 s)

                      ------------------------------------------------------------------------------
2025-03-29 02:45:33   

                      ------------------------------------------------------------------------------
2025-03-29 02:45:33     Calculation 15 (Frequency: 29.468 GHz, Theta: 0, Phi: 0)


                      ------------------------------------------------------------------------------
2025-03-29 02:46:49     Matrix setup time        :	1 s
                        Solver setup             :	74 s
                        Degrees of freedom       :	565038
                        Number of mesh cells     :	88285

                        Stimulation port         :	Zmin
                        Mode number              :	1
                        Accuracy                 :	2.54449e-14
                        Iterations               :	1
                        Solver time              :	0 s


                      ------------------------------------------------------------------------------
2025-03-29 02:46:50     Total time               :	76 s	 (= 0 h, 01 m, 16 s)

                      ------------------------------------------------------------------------------
2025-03-29 02:46:50   

                      ------------------------------------------------------------------------------
2025-03-29 02:46:50     Calculation 16 (Frequency: 31.652 GHz, Theta: 0, Phi: 0)


                      ------------------------------------------------------------------------------
2025-03-29 02:48:08     Matrix setup time        :	0 s
                        Solver setup             :	76 s
                        Degrees of freedom       :	565038
                        Number of mesh cells     :	88285

                        Stimulation port         :	Zmin
                        Mode number              :	1
                        Accuracy                 :	4.20655e-14
                        Iterations               :	1
                        Solver time              :	0 s


                      ------------------------------------------------------------------------------
2025-03-29 02:48:09     Total time               :	78 s	 (= 0 h, 01 m, 18 s)

                      ------------------------------------------------------------------------------
2025-03-29 02:48:09   

                      ------------------------------------------------------------------------------
2025-03-29 02:48:09     Calculation 17 (Frequency: 30.224 GHz, Theta: 0, Phi: 0)


                      ------------------------------------------------------------------------------
2025-03-29 02:49:25     Matrix setup time        :	1 s
                        Solver setup             :	73 s
                        Degrees of freedom       :	565038
                        Number of mesh cells     :	88285

                        Stimulation port         :	Zmin
                        Mode number              :	1
                        Accuracy                 :	2.70417e-14
                        Iterations               :	1
                        Solver time              :	0 s


                      ------------------------------------------------------------------------------
2025-03-29 02:49:26     Total time               :	76 s	 (= 0 h, 01 m, 16 s)

                      ------------------------------------------------------------------------------
2025-03-29 02:49:26   

                      ------------------------------------------------------------------------------
2025-03-29 02:49:26     Calculation 18 (Frequency: 27.428 GHz, Theta: 0, Phi: 0)


                      ------------------------------------------------------------------------------
2025-03-29 02:50:41     Matrix setup time        :	0 s
                        Solver setup             :	73 s
                        Degrees of freedom       :	565038
                        Number of mesh cells     :	88285

                        Stimulation port         :	Zmin
                        Mode number              :	1
                        Accuracy                 :	2.4182e-14
                        Iterations               :	1
                        Solver time              :	0 s


                      ------------------------------------------------------------------------------
2025-03-29 02:50:42     Total time               :	76 s	 (= 0 h, 01 m, 16 s)

                      ------------------------------------------------------------------------------
2025-03-29 02:50:42   

                      ------------------------------------------------------------------------------
2025-03-29 02:50:42     Calculation 19 (Frequency: 30.428 GHz, Theta: 0, Phi: 0)


                      ------------------------------------------------------------------------------
2025-03-29 02:51:58     Matrix setup time        :	0 s
                        Solver setup             :	74 s
                        Degrees of freedom       :	565038
                        Number of mesh cells     :	88285

                        Stimulation port         :	Zmin
                        Mode number              :	1
                        Accuracy                 :	4.395e-14
                        Iterations               :	1
                        Solver time              :	0 s


                      ------------------------------------------------------------------------------
2025-03-29 02:51:59     Total time               :	76 s	 (= 0 h, 01 m, 16 s)

                      ------------------------------------------------------------------------------
2025-03-29 02:51:59   

                      ------------------------------------------------------------------------------
2025-03-29 02:51:59     Calculation 20 (Frequency: 30.008 GHz, Theta: 0, Phi: 0)


                      ------------------------------------------------------------------------------
2025-03-29 02:53:12     Matrix setup time        :	0 s
                        Solver setup             :	71 s
                        Degrees of freedom       :	565038
                        Number of mesh cells     :	88285

                        Stimulation port         :	Zmin
                        Mode number              :	1
                        Accuracy                 :	4.37652e-14
                        Iterations               :	1
                        Solver time              :	0 s


                      ------------------------------------------------------------------------------
2025-03-29 02:53:13     Total time               :	74 s	 (= 0 h, 01 m, 14 s)

                      ------------------------------------------------------------------------------
2025-03-29 02:53:13   

                      ------------------------------------------------------------------------------
2025-03-29 02:53:13     Calculation 21 (Frequency: 24.032 GHz, Theta: 0, Phi: 0)


                      ------------------------------------------------------------------------------
2025-03-29 02:54:31     Matrix setup time        :	0 s
                        Solver setup             :	75 s
                        Degrees of freedom       :	565038
                        Number of mesh cells     :	88285

                        Stimulation port         :	Zmin
                        Mode number              :	1
                        Accuracy                 :	1.88548e-14
                        Iterations               :	1
                        Solver time              :	0 s


                      ------------------------------------------------------------------------------
2025-03-29 02:54:32     Total time               :	78 s	 (= 0 h, 01 m, 18 s)

                      ------------------------------------------------------------------------------
2025-03-29 02:54:32   

                      ------------------------------------------------------------------------------
2025-03-29 02:54:32     Calculation 22 (Frequency: 22.568 GHz, Theta: 0, Phi: 0)


                      ------------------------------------------------------------------------------
2025-03-29 02:55:49     Matrix setup time        :	0 s
                        Solver setup             :	75 s
                        Degrees of freedom       :	565038
                        Number of mesh cells     :	88285

                        Stimulation port         :	Zmin
                        Mode number              :	1
                        Accuracy                 :	2.53749e-14
                        Iterations               :	1
                        Solver time              :	0 s


                      ------------------------------------------------------------------------------
2025-03-29 02:55:50     Total time               :	77 s	 (= 0 h, 01 m, 17 s)

                      ------------------------------------------------------------------------------
2025-03-29 02:55:50   

                      ------------------------------------------------------------------------------
2025-03-29 02:55:50     Calculation 23 (Frequency: 25.04 GHz, Theta: 0, Phi: 0)


                      ------------------------------------------------------------------------------
2025-03-29 02:57:07     Matrix setup time        :	1 s
                        Solver setup             :	75 s
                        Degrees of freedom       :	565038
                        Number of mesh cells     :	88285

                        Stimulation port         :	Zmin
                        Mode number              :	1
                        Accuracy                 :	2.6899e-14
                        Iterations               :	1
                        Solver time              :	0 s


                      ------------------------------------------------------------------------------
2025-03-29 02:57:08     Total time               :	78 s	 (= 0 h, 01 m, 18 s)

                      ------------------------------------------------------------------------------
2025-03-29 02:57:08   

                      ------------------------------------------------------------------------------
2025-03-29 02:57:08     Calculation 24 (Frequency: 20.792 GHz, Theta: 0, Phi: 0)


                      ------------------------------------------------------------------------------
2025-03-29 02:57:46   *** Warning ***

2025-03-29 02:57:46   Low memory: Only 1.28 GB of 15.91 GB available.


                      ------------------------------------------------------------------------------
2025-03-29 02:58:25     Matrix setup time        :	0 s
                        Solver setup             :	75 s
                        Degrees of freedom       :	565038
                        Number of mesh cells     :	88285

                        Stimulation port         :	Zmin
                        Mode number              :	1
                        Accuracy                 :	4.534e-14
                        Iterations               :	1
                        Solver time              :	0 s


                      ------------------------------------------------------------------------------
2025-03-29 02:58:26     Total time               :	77 s	 (= 0 h, 01 m, 17 s)

                      ------------------------------------------------------------------------------
2025-03-29 02:58:26   

                      ------------------------------------------------------------------------------
2025-03-29 02:58:26     Calculation 25 (Frequency: 25.436 GHz, Theta: 0, Phi: 0)


                      ------------------------------------------------------------------------------
2025-03-29 02:59:42     Matrix setup time        :	0 s
                        Solver setup             :	74 s
                        Degrees of freedom       :	565038
                        Number of mesh cells     :	88285

                        Stimulation port         :	Zmin
                        Mode number              :	1
                        Accuracy                 :	3.0579e-14
                        Iterations               :	1
                        Solver time              :	0 s


                      ------------------------------------------------------------------------------
2025-03-29 02:59:43     Total time               :	76 s	 (= 0 h, 01 m, 16 s)

                      ------------------------------------------------------------------------------
2025-03-29 02:59:43   

                      ------------------------------------------------------------------------------
2025-03-29 02:59:43     Calculation 26 (Frequency: 20.576 GHz, Theta: 0, Phi: 0)


                      ------------------------------------------------------------------------------
2025-03-29 03:00:59     Matrix setup time        :	0 s
                        Solver setup             :	74 s
                        Degrees of freedom       :	565038
                        Number of mesh cells     :	88285

                        Stimulation port         :	Zmin
                        Mode number              :	1
                        Accuracy                 :	3.8165e-14
                        Iterations               :	1
                        Solver time              :	0 s


                      ------------------------------------------------------------------------------
2025-03-29 03:01:00     Total time               :	76 s	 (= 0 h, 01 m, 16 s)

                      ------------------------------------------------------------------------------
2025-03-29 03:01:00   

                      ------------------------------------------------------------------------------
2025-03-29 03:01:00     Calculation 27 (Frequency: 21.188 GHz, Theta: 0, Phi: 0)


                      ------------------------------------------------------------------------------
2025-03-29 03:02:19     Matrix setup time        :	0 s
                        Solver setup             :	77 s
                        Degrees of freedom       :	565038
                        Number of mesh cells     :	88285

                        Stimulation port         :	Zmin
                        Mode number              :	1
                        Accuracy                 :	5.61473e-14
                        Iterations               :	1
                        Solver time              :	0 s


                      ------------------------------------------------------------------------------
2025-03-29 03:02:20     Total time               :	79 s	 (= 0 h, 01 m, 19 s)

                      ------------------------------------------------------------------------------
2025-03-29 03:02:20   

                      ------------------------------------------------------------------------------
2025-03-29 03:02:20     Calculation 28 (Frequency: 22.124 GHz, Theta: 0, Phi: 0)


                      ------------------------------------------------------------------------------
2025-03-29 03:03:37     Matrix setup time        :	0 s
                        Solver setup             :	74 s
                        Degrees of freedom       :	565038
                        Number of mesh cells     :	88285

                        Stimulation port         :	Zmin
                        Mode number              :	1
                        Accuracy                 :	3.40124e-14
                        Iterations               :	1
                        Solver time              :	0 s


                      ------------------------------------------------------------------------------
2025-03-29 03:03:38     Total time               :	77 s	 (= 0 h, 01 m, 17 s)

                      ------------------------------------------------------------------------------
2025-03-29 03:03:38   

                      ------------------------------------------------------------------------------
2025-03-29 03:03:38     Calculation 29 (Frequency: 21.656 GHz, Theta: 0, Phi: 0)


                      ------------------------------------------------------------------------------
2025-03-29 03:04:54     Matrix setup time        :	0 s
                        Solver setup             :	73 s
                        Degrees of freedom       :	565038
                        Number of mesh cells     :	88285

                        Stimulation port         :	Zmin
                        Mode number              :	1
                        Accuracy                 :	3.74998e-14
                        Iterations               :	1
                        Solver time              :	0 s


                      ------------------------------------------------------------------------------
2025-03-29 03:04:54     Total time               :	76 s	 (= 0 h, 01 m, 16 s)

                      ------------------------------------------------------------------------------
2025-03-29 03:04:54   

                      ------------------------------------------------------------------------------
2025-03-29 03:04:54     Calculation 30 (Frequency: 24.488 GHz, Theta: 0, Phi: 0)


                      ------------------------------------------------------------------------------
2025-03-29 03:06:10     Matrix setup time        :	0 s
                        Solver setup             :	73 s
                        Degrees of freedom       :	565038
                        Number of mesh cells     :	88285

                        Stimulation port         :	Zmin
                        Mode number              :	1
                        Accuracy                 :	3.41901e-14
                        Iterations               :	1
                        Solver time              :	0 s


                      ------------------------------------------------------------------------------
2025-03-29 03:06:11     Total time               :	76 s	 (= 0 h, 01 m, 16 s)

                      ------------------------------------------------------------------------------
2025-03-29 03:06:11   

                      ------------------------------------------------------------------------------
2025-03-29 03:06:11     Calculation 31 (Frequency: 26.696 GHz, Theta: 0, Phi: 0)


                      ------------------------------------------------------------------------------
2025-03-29 03:07:27     Matrix setup time        :	0 s
                        Solver setup             :	74 s
                        Degrees of freedom       :	565038
                        Number of mesh cells     :	88285

                        Stimulation port         :	Zmin
                        Mode number              :	1
                        Accuracy                 :	3.91812e-14
                        Iterations               :	1
                        Solver time              :	0 s


                      ------------------------------------------------------------------------------
2025-03-29 03:07:28     Total time               :	77 s	 (= 0 h, 01 m, 17 s)

                      ------------------------------------------------------------------------------
2025-03-29 03:07:28   

                      ------------------------------------------------------------------------------
2025-03-29 03:07:28   Finished the general purpose interpolative broadband frequency sweep:
                      All broadband sweep convergence criteria have been satisfied after
                      calculating 31 frequency samples:

                        Broadband sweep error threshold value :  0.01 (All S-Parameters) 
                        Number of error criterion checks      :  2 (All S-Parameters) 
                        Minimum number of samples             :  3
                        Number of data samples, linear        :  1001

                      ------------------------------------------------------------------------------
2025-03-29 03:07:28     Number of mesh cells     :	88285
                        Degrees of freedom       :	562812
                        Total Solver Time        :	2532 s	 (= 0 h, 42 m, 12 s)
                      ================================================================================



                      ------------------------------------------------------------------------------
2025-03-29 03:07:29     ----------------------------------------------------------------------------
                                            Peak memory used (kB)         Free physical memory (kB) 
                                                                          At begin     Minimum      
                        ----------------------------------------------------------------------------
                        Solver start        22024                         9263204      9262272      
                        Eq. system setup    9817864                       9263804      8019716      
                        Eq. system solve    9817864                       9219708      527648       
                        Mesh refinement     7251020                       9261280      8176972      
                        Solver run total    9817864                       9263208      527648       

                        Computer name       Tahsin
                        ----------------------------------------------------------------------------


                      ------------------------------------------------------------------------------
2025-03-29 03:07:29   Running postprocessing.

                      ------------------------------------------------------------------------------
2025-03-29 03:07:29   Postprocessing finished.

                      ------------------------------------------------------------------------------
