2025-04-05 13:54:14   *** Warning ***

                      Electric isotropic material [Copper (pure)] has a very high conductivity for
                      the given mesh. Depending on your configuration it may be better to use a lossy
                      metal type for this material. More...

                      ------------------------------------------------------------------------------
2025-04-05 13:54:14   In order to get an optimal performance, hyperthreading is ignored for parallel
                      computations.

                      ------------------------------------------------------------------------------
2025-04-05 13:54:16   Units settings: 

                        Dimensions: mm
                        Frequency:  GHz
                        Time:       s

                      ------------------------------------------------------------------------------
2025-04-05 13:54:16   Boundary conditions: 

                        YZsymmetry: none
                        XZsymmetry: none
                        XYsymmetry: none

                        Xmin: unit cell
                        Xmax: unit cell

                        Ymin: unit cell
                        Ymax: unit cell

                        Zmin: expanded open
                        Zmax: expanded open

                      ------------------------------------------------------------------------------
2025-04-05 13:54:16   Order settings: 

                        Solver order   : 2nd (constant)
                        Curved elements: up to order 3 (automatic)

                      ------------------------------------------------------------------------------
2025-04-05 13:54:16   An iterative solver will be used first.

                      ------------------------------------------------------------------------------
2025-04-05 13:54:16     Mesh time                :	1 s


                      ------------------------------------------------------------------------------
2025-04-05 13:54:17   
                      ================================================================================
                      Frequency Domain Solver calculation cycle started

                      ------------------------------------------------------------------------------
2025-04-05 13:54:17   Solver started at: 2025-04-05 13:54:17 +0600

                        Module:  Frequency Domain: S-Parameter (Win 64)
                        Version: 2024.1 Release from 2023-10-16 (change 1181985)

                      ------------------------------------------------------------------------------
2025-04-05 13:54:17   The low frequency stabilization is not applied to periodic problems.

                      ------------------------------------------------------------------------------
2025-04-05 13:54:17     Calculation 1 of 1 (Frequency: 32 GHz, Theta: 0, Phi: 0)


                      ------------------------------------------------------------------------------
2025-04-05 13:54:17   The wavelength based mesh refinement has been applied to 6.1% of all mesh edges.

                      ------------------------------------------------------------------------------
2025-04-05 13:54:17   For some elements the curvature had to be reduced to maintain the quality of the mesh. More...

                      ------------------------------------------------------------------------------
2025-04-05 13:54:17   Adaptive mesh refinement pass 1

                      ------------------------------------------------------------------------------
2025-04-05 13:54:25   *** Warning ***

2025-04-05 13:54:25   Detected possible stagnation of the iterative solver (5.089588e-02 after 250 iterations.)
                      Please consider aborting the solver run, and check your simulation setup.  More...

                      ------------------------------------------------------------------------------
2025-04-05 13:54:32   *** Warning ***

2025-04-05 13:54:32   The solver stopped because the maximum number of iterations (500, used for automatic solver choice) has been reached.

                      ------------------------------------------------------------------------------
2025-04-05 13:54:32   Solving again, but with the direct solver. Please consider forcing the direct solver in the solver special settings, and
                      check your simulation setup (for instance source and material definitions.)

                      ------------------------------------------------------------------------------
2025-04-05 13:54:33     Matrix setup time        :	0 s
                        Degrees of freedom       :	40542
                        Number of mesh cells     :	6195

                        Stimulation port         :	Zmin
                        Mode number              :	1
                        Accuracy                 :	7.04582e-14
                        Iterations               :	1
                        Solver time              :	0 s


                      ------------------------------------------------------------------------------
2025-04-05 13:54:34   21% of all mesh edges seem to be longer than expected. The adaptive mesh refinement's growth limitation will therefore 
                      use 14284 instead of 3943 mesh cells as a reference.

                      ------------------------------------------------------------------------------
2025-04-05 13:54:34   The wavelength based mesh refinement has been applied to 0.2% of all mesh edges.

                      ------------------------------------------------------------------------------
2025-04-05 13:54:34   For some elements the curvature had to be reduced to maintain the quality of the mesh. More...

                      ------------------------------------------------------------------------------
2025-04-05 13:54:34   Adaptive mesh refinement pass 2

                      ------------------------------------------------------------------------------
2025-04-05 13:54:37     Matrix setup time        :	0 s
                        Solver setup             :	1 s
                        Degrees of freedom       :	71758
                        Number of mesh cells     :	11094

                        Stimulation port         :	Zmin
                        Mode number              :	1
                        Accuracy                 :	4.44236e-14
                        Iterations               :	1
                        Solver time              :	0 s


                      ------------------------------------------------------------------------------
2025-04-05 13:54:37     Delta calculation        
2025-04-05 13:54:37     All S-Parameters         :	0.00859687
2025-04-05 13:54:37   

                      ------------------------------------------------------------------------------
2025-04-05 13:54:38   For some elements the curvature had to be reduced to maintain the quality of the mesh. More...

                      ------------------------------------------------------------------------------
2025-04-05 13:54:39   Adaptive mesh refinement pass 3

                      ------------------------------------------------------------------------------
2025-04-05 13:54:43     Matrix setup time        :	0 s
                        Solver setup             :	3 s
                        Degrees of freedom       :	121084
                        Number of mesh cells     :	18810

                        Stimulation port         :	Zmin
                        Mode number              :	1
                        Accuracy                 :	2.55563e-14
                        Iterations               :	1
                        Solver time              :	0 s


                      ------------------------------------------------------------------------------
2025-04-05 13:54:43     Delta calculation        
2025-04-05 13:54:43     All S-Parameters         :	0.0143561
2025-04-05 13:54:43   

                      ------------------------------------------------------------------------------
2025-04-05 13:54:43   Mesh adaptation terminated because the desired accuracy limit is reached.

                      ------------------------------------------------------------------------------
2025-04-05 13:54:43   *** Warning ***

2025-04-05 13:54:43   At least one propagating Floquet mode is not considered at port Zmin. Please increase the number of modes at this port. 
                      More...

                      ------------------------------------------------------------------------------
2025-04-05 13:54:43   *** Warning ***

2025-04-05 13:54:43   At least one propagating Floquet mode is not considered at port Zmax. Please increase the number of modes at this port. 
                      More...

                      ------------------------------------------------------------------------------
2025-04-05 13:54:43     Total time               :	26 s

                      ------------------------------------------------------------------------------
2025-04-05 13:54:43   

                      ------------------------------------------------------------------------------
2025-04-05 13:54:43     Calculation 2 (Frequency: 20 GHz, Theta: 0, Phi: 0)


                      ------------------------------------------------------------------------------
2025-04-05 13:54:47     Matrix setup time        :	0 s
                        Solver setup             :	3 s
                        Degrees of freedom       :	121084
                        Number of mesh cells     :	18810

                        Stimulation port         :	Zmin
                        Mode number              :	1
                        Accuracy                 :	5.81201e-14
                        Iterations               :	1
                        Solver time              :	0 s


                      ------------------------------------------------------------------------------
2025-04-05 13:54:47     Total time               :	3 s

                      ------------------------------------------------------------------------------
2025-04-05 13:54:47   

                      ------------------------------------------------------------------------------
2025-04-05 13:54:47     Calculation 3 (Frequency: 26 GHz, Theta: 0, Phi: 0)


                      ------------------------------------------------------------------------------
2025-04-05 13:54:51     Matrix setup time        :	0 s
                        Solver setup             :	3 s
                        Degrees of freedom       :	121084
                        Number of mesh cells     :	18810

                        Stimulation port         :	Zmin
                        Mode number              :	1
                        Accuracy                 :	4.51032e-14
                        Iterations               :	1
                        Solver time              :	0 s


                      ------------------------------------------------------------------------------
2025-04-05 13:54:51     Total time               :	3 s

                      ------------------------------------------------------------------------------
2025-04-05 13:54:51   

                      ------------------------------------------------------------------------------
2025-04-05 13:54:51     Calculation 4 (Frequency: 29 GHz, Theta: 0, Phi: 0)


                      ------------------------------------------------------------------------------
2025-04-05 13:54:54     Matrix setup time        :	0 s
                        Solver setup             :	3 s
                        Degrees of freedom       :	121084
                        Number of mesh cells     :	18810

                        Stimulation port         :	Zmin
                        Mode number              :	1
                        Accuracy                 :	4.82429e-14
                        Iterations               :	1
                        Solver time              :	0 s


                      ------------------------------------------------------------------------------
2025-04-05 13:54:54     Total time               :	3 s

                      ------------------------------------------------------------------------------
2025-04-05 13:54:54   

                      ------------------------------------------------------------------------------
2025-04-05 13:54:55     Calculation 5 (Frequency: 23.312 GHz, Theta: 0, Phi: 0)


                      ------------------------------------------------------------------------------
2025-04-05 13:54:58     Matrix setup time        :	0 s
                        Solver setup             :	2 s
                        Degrees of freedom       :	121084
                        Number of mesh cells     :	18810

                        Stimulation port         :	Zmin
                        Mode number              :	1
                        Accuracy                 :	5.0252e-14
                        Iterations               :	1
                        Solver time              :	0 s


                      ------------------------------------------------------------------------------
2025-04-05 13:54:58     Total time               :	3 s

                      ------------------------------------------------------------------------------
2025-04-05 13:54:58   

                      ------------------------------------------------------------------------------
2025-04-05 13:54:58     Calculation 6 (Frequency: 27.212 GHz, Theta: 0, Phi: 0)


                      ------------------------------------------------------------------------------
2025-04-05 13:55:02     Matrix setup time        :	0 s
                        Solver setup             :	3 s
                        Degrees of freedom       :	121084
                        Number of mesh cells     :	18810

                        Stimulation port         :	Zmin
                        Mode number              :	1
                        Accuracy                 :	3.50659e-14
                        Iterations               :	1
                        Solver time              :	0 s


                      ------------------------------------------------------------------------------
2025-04-05 13:55:02     Total time               :	3 s

                      ------------------------------------------------------------------------------
2025-04-05 13:55:02   

                      ------------------------------------------------------------------------------
2025-04-05 13:55:02     Calculation 7 (Frequency: 24.296 GHz, Theta: 0, Phi: 0)


                      ------------------------------------------------------------------------------
2025-04-05 13:55:05     Matrix setup time        :	0 s
                        Solver setup             :	2 s
                        Degrees of freedom       :	121084
                        Number of mesh cells     :	18810

                        Stimulation port         :	Zmin
                        Mode number              :	1
                        Accuracy                 :	2.32398e-14
                        Iterations               :	1
                        Solver time              :	0 s


                      ------------------------------------------------------------------------------
2025-04-05 13:55:05     Total time               :	3 s

                      ------------------------------------------------------------------------------
2025-04-05 13:55:05   

                      ------------------------------------------------------------------------------
2025-04-05 13:55:05     Calculation 8 (Frequency: 27.632 GHz, Theta: 0, Phi: 0)


                      ------------------------------------------------------------------------------
2025-04-05 13:55:09     Matrix setup time        :	0 s
                        Solver setup             :	2 s
                        Degrees of freedom       :	121084
                        Number of mesh cells     :	18810

                        Stimulation port         :	Zmin
                        Mode number              :	1
                        Accuracy                 :	3.71757e-14
                        Iterations               :	1
                        Solver time              :	0 s


                      ------------------------------------------------------------------------------
2025-04-05 13:55:09     Total time               :	3 s

                      ------------------------------------------------------------------------------
2025-04-05 13:55:09   

                      ------------------------------------------------------------------------------
2025-04-05 13:55:09     Calculation 9 (Frequency: 30.512 GHz, Theta: 0, Phi: 0)


                      ------------------------------------------------------------------------------
2025-04-05 13:55:12     Matrix setup time        :	0 s
                        Solver setup             :	2 s
                        Degrees of freedom       :	121084
                        Number of mesh cells     :	18810

                        Stimulation port         :	Zmin
                        Mode number              :	1
                        Accuracy                 :	5.00983e-14
                        Iterations               :	1
                        Solver time              :	0 s


                      ------------------------------------------------------------------------------
2025-04-05 13:55:12     Total time               :	3 s

                      ------------------------------------------------------------------------------
2025-04-05 13:55:12   

                      ------------------------------------------------------------------------------
2025-04-05 13:55:12     Calculation 10 (Frequency: 28.58 GHz, Theta: 0, Phi: 0)


                      ------------------------------------------------------------------------------
2025-04-05 13:55:16     Matrix setup time        :	0 s
                        Solver setup             :	3 s
                        Degrees of freedom       :	121084
                        Number of mesh cells     :	18810

                        Stimulation port         :	Zmin
                        Mode number              :	1
                        Accuracy                 :	4.94162e-14
                        Iterations               :	1
                        Solver time              :	0 s


                      ------------------------------------------------------------------------------
2025-04-05 13:55:16     Total time               :	3 s

                      ------------------------------------------------------------------------------
2025-04-05 13:55:16   

                      ------------------------------------------------------------------------------
2025-04-05 13:55:16     Calculation 11 (Frequency: 29.18 GHz, Theta: 0, Phi: 0)


                      ------------------------------------------------------------------------------
2025-04-05 13:55:19     Matrix setup time        :	0 s
                        Solver setup             :	2 s
                        Degrees of freedom       :	121084
                        Number of mesh cells     :	18810

                        Stimulation port         :	Zmin
                        Mode number              :	1
                        Accuracy                 :	5.69275e-14
                        Iterations               :	1
                        Solver time              :	0 s


                      ------------------------------------------------------------------------------
2025-04-05 13:55:20     Total time               :	3 s

                      ------------------------------------------------------------------------------
2025-04-05 13:55:20   

                      ------------------------------------------------------------------------------
2025-04-05 13:55:20     Calculation 12 (Frequency: 28.22 GHz, Theta: 0, Phi: 0)


                      ------------------------------------------------------------------------------
2025-04-05 13:55:23     Matrix setup time        :	0 s
                        Solver setup             :	2 s
                        Degrees of freedom       :	121084
                        Number of mesh cells     :	18810

                        Stimulation port         :	Zmin
                        Mode number              :	1
                        Accuracy                 :	4.86377e-14
                        Iterations               :	1
                        Solver time              :	0 s


                      ------------------------------------------------------------------------------
2025-04-05 13:55:23     Total time               :	3 s

                      ------------------------------------------------------------------------------
2025-04-05 13:55:23   

                      ------------------------------------------------------------------------------
2025-04-05 13:55:23     Calculation 13 (Frequency: 29.6 GHz, Theta: 0, Phi: 0)


                      ------------------------------------------------------------------------------
2025-04-05 13:55:26     Matrix setup time        :	0 s
                        Solver setup             :	2 s
                        Degrees of freedom       :	121084
                        Number of mesh cells     :	18810

                        Stimulation port         :	Zmin
                        Mode number              :	1
                        Accuracy                 :	4.91815e-14
                        Iterations               :	1
                        Solver time              :	0 s


                      ------------------------------------------------------------------------------
2025-04-05 13:55:26     Total time               :	3 s

                      ------------------------------------------------------------------------------
2025-04-05 13:55:26   

                      ------------------------------------------------------------------------------
2025-04-05 13:55:26     Calculation 14 (Frequency: 31.508 GHz, Theta: 0, Phi: 0)


                      ------------------------------------------------------------------------------
2025-04-05 13:55:30     Matrix setup time        :	0 s
                        Solver setup             :	2 s
                        Degrees of freedom       :	121084
                        Number of mesh cells     :	18810

                        Stimulation port         :	Zmin
                        Mode number              :	1
                        Accuracy                 :	3.29876e-14
                        Iterations               :	1
                        Solver time              :	0 s


                      ------------------------------------------------------------------------------
2025-04-05 13:55:30     Total time               :	3 s

                      ------------------------------------------------------------------------------
2025-04-05 13:55:30   

                      ------------------------------------------------------------------------------
2025-04-05 13:55:30     Calculation 15 (Frequency: 26.54 GHz, Theta: 0, Phi: 0)


                      ------------------------------------------------------------------------------
2025-04-05 13:55:33     Matrix setup time        :	0 s
                        Solver setup             :	2 s
                        Degrees of freedom       :	121084
                        Number of mesh cells     :	18810

                        Stimulation port         :	Zmin
                        Mode number              :	1
                        Accuracy                 :	3.76213e-14
                        Iterations               :	1
                        Solver time              :	0 s


                      ------------------------------------------------------------------------------
2025-04-05 13:55:34     Total time               :	3 s

                      ------------------------------------------------------------------------------
2025-04-05 13:55:34   

                      ------------------------------------------------------------------------------
2025-04-05 13:55:34     Calculation 16 (Frequency: 29.516 GHz, Theta: 0, Phi: 0)


                      ------------------------------------------------------------------------------
2025-04-05 13:55:37     Matrix setup time        :	0 s
                        Solver setup             :	2 s
                        Degrees of freedom       :	121084
                        Number of mesh cells     :	18810

                        Stimulation port         :	Zmin
                        Mode number              :	1
                        Accuracy                 :	5.35164e-14
                        Iterations               :	1
                        Solver time              :	0 s


                      ------------------------------------------------------------------------------
2025-04-05 13:55:37     Total time               :	3 s

                      ------------------------------------------------------------------------------
2025-04-05 13:55:37   

                      ------------------------------------------------------------------------------
2025-04-05 13:55:37     Calculation 17 (Frequency: 30.032 GHz, Theta: 0, Phi: 0)


                      ------------------------------------------------------------------------------
2025-04-05 13:55:41     Matrix setup time        :	0 s
                        Solver setup             :	3 s
                        Degrees of freedom       :	121084
                        Number of mesh cells     :	18810

                        Stimulation port         :	Zmin
                        Mode number              :	1
                        Accuracy                 :	5.69382e-14
                        Iterations               :	1
                        Solver time              :	0 s


                      ------------------------------------------------------------------------------
2025-04-05 13:55:41     Total time               :	3 s

                      ------------------------------------------------------------------------------
2025-04-05 13:55:41   

                      ------------------------------------------------------------------------------
2025-04-05 13:55:41     Calculation 18 (Frequency: 26.348 GHz, Theta: 0, Phi: 0)


                      ------------------------------------------------------------------------------
2025-04-05 13:55:44     Matrix setup time        :	0 s
                        Solver setup             :	2 s
                        Degrees of freedom       :	121084
                        Number of mesh cells     :	18810

                        Stimulation port         :	Zmin
                        Mode number              :	1
                        Accuracy                 :	3.91927e-14
                        Iterations               :	1
                        Solver time              :	0 s


                      ------------------------------------------------------------------------------
2025-04-05 13:55:44     Total time               :	3 s

                      ------------------------------------------------------------------------------
2025-04-05 13:55:44   

                      ------------------------------------------------------------------------------
2025-04-05 13:55:44     Calculation 19 (Frequency: 25.436 GHz, Theta: 0, Phi: 0)


                      ------------------------------------------------------------------------------
2025-04-05 13:55:48     Matrix setup time        :	0 s
                        Solver setup             :	3 s
                        Degrees of freedom       :	121084
                        Number of mesh cells     :	18810

                        Stimulation port         :	Zmin
                        Mode number              :	1
                        Accuracy                 :	2.8418e-14
                        Iterations               :	1
                        Solver time              :	0 s


                      ------------------------------------------------------------------------------
2025-04-05 13:55:48     Total time               :	3 s

                      ------------------------------------------------------------------------------
2025-04-05 13:55:48   

                      ------------------------------------------------------------------------------
2025-04-05 13:55:48     Calculation 20 (Frequency: 21.656 GHz, Theta: 0, Phi: 0)


                      ------------------------------------------------------------------------------
2025-04-05 13:55:51     Matrix setup time        :	0 s
                        Solver setup             :	3 s
                        Degrees of freedom       :	121084
                        Number of mesh cells     :	18810

                        Stimulation port         :	Zmin
                        Mode number              :	1
                        Accuracy                 :	9.42563e-14
                        Iterations               :	1
                        Solver time              :	0 s


                      ------------------------------------------------------------------------------
2025-04-05 13:55:52     Total time               :	3 s

                      ------------------------------------------------------------------------------
2025-04-05 13:55:52   

                      ------------------------------------------------------------------------------
2025-04-05 13:55:52     Calculation 21 (Frequency: 23.708 GHz, Theta: 0, Phi: 0)


                      ------------------------------------------------------------------------------
2025-04-05 13:55:55     Matrix setup time        :	0 s
                        Solver setup             :	3 s
                        Degrees of freedom       :	121084
                        Number of mesh cells     :	18810

                        Stimulation port         :	Zmin
                        Mode number              :	1
                        Accuracy                 :	4.82518e-14
                        Iterations               :	1
                        Solver time              :	0 s


                      ------------------------------------------------------------------------------
2025-04-05 13:55:55     Total time               :	3 s

                      ------------------------------------------------------------------------------
2025-04-05 13:55:55   

                      ------------------------------------------------------------------------------
2025-04-05 13:55:55     Calculation 22 (Frequency: 21.788 GHz, Theta: 0, Phi: 0)


                      ------------------------------------------------------------------------------
2025-04-05 13:55:59     Matrix setup time        :	0 s
                        Solver setup             :	3 s
                        Degrees of freedom       :	121084
                        Number of mesh cells     :	18810

                        Stimulation port         :	Zmin
                        Mode number              :	1
                        Accuracy                 :	7.33615e-14
                        Iterations               :	1
                        Solver time              :	0 s


                      ------------------------------------------------------------------------------
2025-04-05 13:55:59     Total time               :	3 s

                      ------------------------------------------------------------------------------
2025-04-05 13:55:59   

                      ------------------------------------------------------------------------------
2025-04-05 13:55:59     Calculation 23 (Frequency: 21.224 GHz, Theta: 0, Phi: 0)


                      ------------------------------------------------------------------------------
2025-04-05 13:56:03     Matrix setup time        :	0 s
                        Solver setup             :	3 s
                        Degrees of freedom       :	121084
                        Number of mesh cells     :	18810

                        Stimulation port         :	Zmin
                        Mode number              :	1
                        Accuracy                 :	5.66691e-14
                        Iterations               :	1
                        Solver time              :	0 s


                      ------------------------------------------------------------------------------
2025-04-05 13:56:03     Total time               :	3 s

                      ------------------------------------------------------------------------------
2025-04-05 13:56:03   

                      ------------------------------------------------------------------------------
2025-04-05 13:56:03     Calculation 24 (Frequency: 22.304 GHz, Theta: 0, Phi: 0)


                      ------------------------------------------------------------------------------
2025-04-05 13:56:07     Matrix setup time        :	0 s
                        Solver setup             :	3 s
                        Degrees of freedom       :	121084
                        Number of mesh cells     :	18810

                        Stimulation port         :	Zmin
                        Mode number              :	1
                        Accuracy                 :	4.46315e-14
                        Iterations               :	1
                        Solver time              :	0 s


                      ------------------------------------------------------------------------------
2025-04-05 13:56:07     Total time               :	3 s

                      ------------------------------------------------------------------------------
2025-04-05 13:56:07   

                      ------------------------------------------------------------------------------
2025-04-05 13:56:07     Calculation 25 (Frequency: 20.972 GHz, Theta: 0, Phi: 0)


                      ------------------------------------------------------------------------------
2025-04-05 13:56:10     Matrix setup time        :	0 s
                        Solver setup             :	3 s
                        Degrees of freedom       :	121084
                        Number of mesh cells     :	18810

                        Stimulation port         :	Zmin
                        Mode number              :	1
                        Accuracy                 :	6.08211e-14
                        Iterations               :	1
                        Solver time              :	0 s


                      ------------------------------------------------------------------------------
2025-04-05 13:56:10     Total time               :	3 s

                      ------------------------------------------------------------------------------
2025-04-05 13:56:10   

                      ------------------------------------------------------------------------------
2025-04-05 13:56:10     Calculation 26 (Frequency: 21.404 GHz, Theta: 0, Phi: 0)


                      ------------------------------------------------------------------------------
2025-04-05 13:56:14     Matrix setup time        :	0 s
                        Solver setup             :	3 s
                        Degrees of freedom       :	121084
                        Number of mesh cells     :	18810

                        Stimulation port         :	Zmin
                        Mode number              :	1
                        Accuracy                 :	7.04173e-14
                        Iterations               :	1
                        Solver time              :	0 s


                      ------------------------------------------------------------------------------
2025-04-05 13:56:14     Total time               :	3 s

                      ------------------------------------------------------------------------------
2025-04-05 13:56:14   

                      ------------------------------------------------------------------------------
2025-04-05 13:56:14     Calculation 27 (Frequency: 20.36 GHz, Theta: 0, Phi: 0)


                      ------------------------------------------------------------------------------
2025-04-05 13:56:18     Matrix setup time        :	0 s
                        Solver setup             :	3 s
                        Degrees of freedom       :	121084
                        Number of mesh cells     :	18810

                        Stimulation port         :	Zmin
                        Mode number              :	1
                        Accuracy                 :	5.06753e-14
                        Iterations               :	1
                        Solver time              :	0 s


                      ------------------------------------------------------------------------------
2025-04-05 13:56:18     Total time               :	3 s

                      ------------------------------------------------------------------------------
2025-04-05 13:56:18   

                      ------------------------------------------------------------------------------
2025-04-05 13:56:18     Calculation 28 (Frequency: 24.44 GHz, Theta: 0, Phi: 0)


                      ------------------------------------------------------------------------------
2025-04-05 13:56:22     Matrix setup time        :	0 s
                        Solver setup             :	3 s
                        Degrees of freedom       :	121084
                        Number of mesh cells     :	18810

                        Stimulation port         :	Zmin
                        Mode number              :	1
                        Accuracy                 :	3.87134e-14
                        Iterations               :	1
                        Solver time              :	0 s


                      ------------------------------------------------------------------------------
2025-04-05 13:56:22     Total time               :	3 s

                      ------------------------------------------------------------------------------
2025-04-05 13:56:22   

                      ------------------------------------------------------------------------------
2025-04-05 13:56:22     Calculation 29 (Frequency: 31.016 GHz, Theta: 0, Phi: 0)


                      ------------------------------------------------------------------------------
2025-04-05 13:56:25     Matrix setup time        :	0 s
                        Solver setup             :	3 s
                        Degrees of freedom       :	121084
                        Number of mesh cells     :	18810

                        Stimulation port         :	Zmin
                        Mode number              :	1
                        Accuracy                 :	3.43933e-14
                        Iterations               :	1
                        Solver time              :	0 s


                      ------------------------------------------------------------------------------
2025-04-05 13:56:25     Total time               :	3 s

                      ------------------------------------------------------------------------------
2025-04-05 13:56:25   

                      ------------------------------------------------------------------------------
2025-04-05 13:56:26     Calculation 30 (Frequency: 27.356 GHz, Theta: 0, Phi: 0)


                      ------------------------------------------------------------------------------
2025-04-05 13:56:29     Matrix setup time        :	0 s
                        Solver setup             :	3 s
                        Degrees of freedom       :	121084
                        Number of mesh cells     :	18810

                        Stimulation port         :	Zmin
                        Mode number              :	1
                        Accuracy                 :	4.37329e-14
                        Iterations               :	1
                        Solver time              :	0 s


                      ------------------------------------------------------------------------------
2025-04-05 13:56:29     Total time               :	3 s

                      ------------------------------------------------------------------------------
2025-04-05 13:56:29   

                      ------------------------------------------------------------------------------
2025-04-05 13:56:29     Calculation 31 (Frequency: 27.896 GHz, Theta: 0, Phi: 0)


                      ------------------------------------------------------------------------------
2025-04-05 13:56:33     Matrix setup time        :	0 s
                        Solver setup             :	3 s
                        Degrees of freedom       :	121084
                        Number of mesh cells     :	18810

                        Stimulation port         :	Zmin
                        Mode number              :	1
                        Accuracy                 :	4.41688e-14
                        Iterations               :	1
                        Solver time              :	0 s


                      ------------------------------------------------------------------------------
2025-04-05 13:56:33     Total time               :	3 s

                      ------------------------------------------------------------------------------
2025-04-05 13:56:33   

                      ------------------------------------------------------------------------------
2025-04-05 13:56:33     Calculation 32 (Frequency: 24.764 GHz, Theta: 0, Phi: 0)


                      ------------------------------------------------------------------------------
2025-04-05 13:56:37     Matrix setup time        :	0 s
                        Solver setup             :	3 s
                        Degrees of freedom       :	121084
                        Number of mesh cells     :	18810

                        Stimulation port         :	Zmin
                        Mode number              :	1
                        Accuracy                 :	3.12649e-14
                        Iterations               :	1
                        Solver time              :	0 s


                      ------------------------------------------------------------------------------
2025-04-05 13:56:37     Total time               :	3 s

                      ------------------------------------------------------------------------------
2025-04-05 13:56:37   

                      ------------------------------------------------------------------------------
2025-04-05 13:56:37   Finished the general purpose interpolative broadband frequency sweep:
                      All broadband sweep convergence criteria have been satisfied after
                      calculating 32 frequency samples:

                        Broadband sweep error threshold value :  0.01 (All S-Parameters) 
                        Number of error criterion checks      :  2 (All S-Parameters) 
                        Minimum number of samples             :  3
                        Number of data samples, linear        :  1001

                      ------------------------------------------------------------------------------
2025-04-05 13:56:37     Number of mesh cells     :	18810
                        Degrees of freedom       :	120034
                        Total Solver Time        :	140 s	 (= 0 h, 02 m, 20 s)
                      ================================================================================



                      ------------------------------------------------------------------------------
2025-04-05 13:56:37     ----------------------------------------------------------------------------
                                            Peak memory used (kB)         Free physical memory (kB) 
                                                                          At begin     Minimum      
                        ----------------------------------------------------------------------------
                        Solver start        21688                         6959080      6959028      
                        Eq. system setup    2129184                       6870788      6202284      
                        Eq. system solve    2129184                       6822896      4873420      
                        Mesh refinement     1365176                       6669832      6341916      
                        Solver run total    2129184                       6959084      4873420      

                        Computer name       Tahsin
                        ----------------------------------------------------------------------------


                      ------------------------------------------------------------------------------
2025-04-05 13:56:37   Running postprocessing.

                      ------------------------------------------------------------------------------
2025-04-05 13:56:38   Postprocessing finished.

                      ------------------------------------------------------------------------------
