2025-04-13 12:00:29   *** Warning ***

                      Electric isotropic material [Copper (pure)] has a very high conductivity for
                      the given mesh. Depending on your configuration it may be better to use a lossy
                      metal type for this material. More...

                      ------------------------------------------------------------------------------
2025-04-13 12:00:29   In order to get an optimal performance, hyperthreading is ignored for parallel
                      computations.

                      ------------------------------------------------------------------------------
2025-04-13 12:00:31   Units settings: 

                        Dimensions: mm
                        Frequency:  GHz
                        Time:       s

                      ------------------------------------------------------------------------------
2025-04-13 12:00:31   Boundary conditions: 

                        YZsymmetry: none
                        XZsymmetry: none
                        XYsymmetry: none

                        Xmin: unit cell
                        Xmax: unit cell

                        Ymin: unit cell
                        Ymax: unit cell

                        Zmin: expanded open
                        Zmax: expanded open

                      ------------------------------------------------------------------------------
2025-04-13 12:00:31   Order settings: 

                        Solver order   : 2nd (constant)
                        Curved elements: up to order 3 (automatic)

                      ------------------------------------------------------------------------------
2025-04-13 12:00:31   An iterative solver will be used first.

                      ------------------------------------------------------------------------------
2025-04-13 12:00:31     Mesh time                :	1 s


                      ------------------------------------------------------------------------------
2025-04-13 12:00:31   
                      ================================================================================
                      Frequency Domain Solver calculation cycle started

                      ------------------------------------------------------------------------------
2025-04-13 12:00:31   Solver started at: 2025-04-13 12:00:31 +0600

                        Module:  Frequency Domain: S-Parameter (Win 64)
                        Version: 2024.1 Release from 2023-10-16 (change 1181985)

                      ------------------------------------------------------------------------------
2025-04-13 12:00:31   The low frequency stabilization is not applied to periodic problems.

                      ------------------------------------------------------------------------------
2025-04-13 12:00:31     Calculation 1 of 1 (Frequency: 32 GHz, Theta: 0, Phi: 0)


                      ------------------------------------------------------------------------------
2025-04-13 12:00:31   The wavelength based mesh refinement has been applied to 6.2% of all mesh edges.

                      ------------------------------------------------------------------------------
2025-04-13 12:00:32   Adaptive mesh refinement pass 1

                      ------------------------------------------------------------------------------
2025-04-13 12:00:38   *** Warning ***

2025-04-13 12:00:38   Detected possible stagnation of the iterative solver (4.484411e-02 after 250 iterations.)
                      Please consider aborting the solver run, and check your simulation setup.  More...

                      ------------------------------------------------------------------------------
2025-04-13 12:00:45   *** Warning ***

2025-04-13 12:00:45   The solver stopped because the maximum number of iterations (500, used for automatic solver choice) has been reached.

                      ------------------------------------------------------------------------------
2025-04-13 12:00:45   Solving again, but with the direct solver. Please consider forcing the direct solver in the solver special settings, and
                      check your simulation setup (for instance source and material definitions.)

                      ------------------------------------------------------------------------------
2025-04-13 12:00:46     Matrix setup time        :	0 s
                        Degrees of freedom       :	39268
                        Number of mesh cells     :	5996

                        Stimulation port         :	Zmin
                        Mode number              :	1
                        Accuracy                 :	6.77587e-14
                        Iterations               :	1
                        Solver time              :	0 s


                      ------------------------------------------------------------------------------
2025-04-13 12:00:46   22% of all mesh edges seem to be longer than expected. The adaptive mesh refinement's growth limitation will therefore 
                      use 14189 instead of 3749 mesh cells as a reference.

                      ------------------------------------------------------------------------------
2025-04-13 12:00:46   The wavelength based mesh refinement has been applied to 0.2% of all mesh edges.

                      ------------------------------------------------------------------------------
2025-04-13 12:00:47   For some elements the curvature had to be slightly reduced to maintain the quality of the mesh. More...

                      ------------------------------------------------------------------------------
2025-04-13 12:00:47   Adaptive mesh refinement pass 2

                      ------------------------------------------------------------------------------
2025-04-13 12:00:50     Matrix setup time        :	0 s
                        Solver setup             :	2 s
                        Degrees of freedom       :	82876
                        Number of mesh cells     :	12836

                        Stimulation port         :	Zmin
                        Mode number              :	1
                        Accuracy                 :	3.69997e-14
                        Iterations               :	1
                        Solver time              :	0 s


                      ------------------------------------------------------------------------------
2025-04-13 12:00:50     Delta calculation        
2025-04-13 12:00:50     All S-Parameters         :	0.0115036
2025-04-13 12:00:50   

                      ------------------------------------------------------------------------------
2025-04-13 12:00:52   Adaptive mesh refinement pass 3

                      ------------------------------------------------------------------------------
2025-04-13 12:00:58     Matrix setup time        :	0 s
                        Solver setup             :	5 s
                        Degrees of freedom       :	138306
                        Number of mesh cells     :	21515

                        Stimulation port         :	Zmin
                        Mode number              :	1
                        Accuracy                 :	2.58893e-14
                        Iterations               :	1
                        Solver time              :	0 s


                      ------------------------------------------------------------------------------
2025-04-13 12:00:58     Delta calculation        
2025-04-13 12:00:58     All S-Parameters         :	0.0156007
2025-04-13 12:00:58   

                      ------------------------------------------------------------------------------
2025-04-13 12:00:58   Mesh adaptation terminated because the desired accuracy limit is reached.

                      ------------------------------------------------------------------------------
2025-04-13 12:00:58   *** Warning ***

2025-04-13 12:00:58   At least one propagating Floquet mode is not considered at port Zmin. Please increase the number of modes at this port. 
                      More...

                      ------------------------------------------------------------------------------
2025-04-13 12:00:58   *** Warning ***

2025-04-13 12:00:58   At least one propagating Floquet mode is not considered at port Zmax. Please increase the number of modes at this port. 
                      More...

                      ------------------------------------------------------------------------------
2025-04-13 12:00:58     Total time               :	27 s

                      ------------------------------------------------------------------------------
2025-04-13 12:00:58   

                      ------------------------------------------------------------------------------
2025-04-13 12:00:58     Calculation 2 (Frequency: 20 GHz, Theta: 0, Phi: 0)


                      ------------------------------------------------------------------------------
2025-04-13 12:01:03     Matrix setup time        :	0 s
                        Solver setup             :	4 s
                        Degrees of freedom       :	138306
                        Number of mesh cells     :	21515

                        Stimulation port         :	Zmin
                        Mode number              :	1
                        Accuracy                 :	4.16789e-14
                        Iterations               :	1
                        Solver time              :	0 s


                      ------------------------------------------------------------------------------
2025-04-13 12:01:03     Total time               :	4 s

                      ------------------------------------------------------------------------------
2025-04-13 12:01:03   

                      ------------------------------------------------------------------------------
2025-04-13 12:01:03     Calculation 3 (Frequency: 26 GHz, Theta: 0, Phi: 0)


                      ------------------------------------------------------------------------------
2025-04-13 12:01:08     Matrix setup time        :	0 s
                        Solver setup             :	4 s
                        Degrees of freedom       :	138306
                        Number of mesh cells     :	21515

                        Stimulation port         :	Zmin
                        Mode number              :	1
                        Accuracy                 :	2.99307e-14
                        Iterations               :	1
                        Solver time              :	0 s


                      ------------------------------------------------------------------------------
2025-04-13 12:01:08     Total time               :	4 s

                      ------------------------------------------------------------------------------
2025-04-13 12:01:08   

                      ------------------------------------------------------------------------------
2025-04-13 12:01:08     Calculation 4 (Frequency: 29 GHz, Theta: 0, Phi: 0)


                      ------------------------------------------------------------------------------
2025-04-13 12:01:12     Matrix setup time        :	0 s
                        Solver setup             :	4 s
                        Degrees of freedom       :	138306
                        Number of mesh cells     :	21515

                        Stimulation port         :	Zmin
                        Mode number              :	1
                        Accuracy                 :	4.77125e-14
                        Iterations               :	1
                        Solver time              :	0 s


                      ------------------------------------------------------------------------------
2025-04-13 12:01:13     Total time               :	4 s

                      ------------------------------------------------------------------------------
2025-04-13 12:01:13   

                      ------------------------------------------------------------------------------
2025-04-13 12:01:13     Calculation 5 (Frequency: 23.3 GHz, Theta: 0, Phi: 0)


                      ------------------------------------------------------------------------------
2025-04-13 12:01:17     Matrix setup time        :	0 s
                        Solver setup             :	4 s
                        Degrees of freedom       :	138306
                        Number of mesh cells     :	21515

                        Stimulation port         :	Zmin
                        Mode number              :	1
                        Accuracy                 :	3.11648e-14
                        Iterations               :	1
                        Solver time              :	0 s


                      ------------------------------------------------------------------------------
2025-04-13 12:01:17     Total time               :	4 s

                      ------------------------------------------------------------------------------
2025-04-13 12:01:17   

                      ------------------------------------------------------------------------------
2025-04-13 12:01:17     Calculation 6 (Frequency: 27.38 GHz, Theta: 0, Phi: 0)


                      ------------------------------------------------------------------------------
2025-04-13 12:01:22     Matrix setup time        :	0 s
                        Solver setup             :	4 s
                        Degrees of freedom       :	138306
                        Number of mesh cells     :	21515

                        Stimulation port         :	Zmin
                        Mode number              :	1
                        Accuracy                 :	3.45534e-14
                        Iterations               :	1
                        Solver time              :	0 s


                      ------------------------------------------------------------------------------
2025-04-13 12:01:22     Total time               :	4 s

                      ------------------------------------------------------------------------------
2025-04-13 12:01:22   

                      ------------------------------------------------------------------------------
2025-04-13 12:01:22     Calculation 7 (Frequency: 24.68 GHz, Theta: 0, Phi: 0)


                      ------------------------------------------------------------------------------
2025-04-13 12:01:27     Matrix setup time        :	0 s
                        Solver setup             :	4 s
                        Degrees of freedom       :	138306
                        Number of mesh cells     :	21515

                        Stimulation port         :	Zmin
                        Mode number              :	1
                        Accuracy                 :	2.51348e-14
                        Iterations               :	1
                        Solver time              :	0 s


                      ------------------------------------------------------------------------------
2025-04-13 12:01:27     Total time               :	4 s

                      ------------------------------------------------------------------------------
2025-04-13 12:01:27   

                      ------------------------------------------------------------------------------
2025-04-13 12:01:27     Calculation 8 (Frequency: 27.788 GHz, Theta: 0, Phi: 0)


                      ------------------------------------------------------------------------------
2025-04-13 12:01:32     Matrix setup time        :	0 s
                        Solver setup             :	4 s
                        Degrees of freedom       :	138306
                        Number of mesh cells     :	21515

                        Stimulation port         :	Zmin
                        Mode number              :	1
                        Accuracy                 :	4.77867e-14
                        Iterations               :	1
                        Solver time              :	0 s


                      ------------------------------------------------------------------------------
2025-04-13 12:01:32     Total time               :	4 s

                      ------------------------------------------------------------------------------
2025-04-13 12:01:32   

                      ------------------------------------------------------------------------------
2025-04-13 12:01:32     Calculation 9 (Frequency: 30.2 GHz, Theta: 0, Phi: 0)


                      ------------------------------------------------------------------------------
2025-04-13 12:01:37     Matrix setup time        :	0 s
                        Solver setup             :	4 s
                        Degrees of freedom       :	138306
                        Number of mesh cells     :	21515

                        Stimulation port         :	Zmin
                        Mode number              :	1
                        Accuracy                 :	4.61567e-14
                        Iterations               :	1
                        Solver time              :	0 s


                      ------------------------------------------------------------------------------
2025-04-13 12:01:37     Total time               :	4 s

                      ------------------------------------------------------------------------------
2025-04-13 12:01:37   

                      ------------------------------------------------------------------------------
2025-04-13 12:01:37     Calculation 10 (Frequency: 27.608 GHz, Theta: 0, Phi: 0)


                      ------------------------------------------------------------------------------
2025-04-13 12:01:42     Matrix setup time        :	0 s
                        Solver setup             :	4 s
                        Degrees of freedom       :	138306
                        Number of mesh cells     :	21515

                        Stimulation port         :	Zmin
                        Mode number              :	1
                        Accuracy                 :	4.13931e-14
                        Iterations               :	1
                        Solver time              :	0 s


                      ------------------------------------------------------------------------------
2025-04-13 12:01:42     Total time               :	4 s

                      ------------------------------------------------------------------------------
2025-04-13 12:01:42   

                      ------------------------------------------------------------------------------
2025-04-13 12:01:42     Calculation 11 (Frequency: 30.416 GHz, Theta: 0, Phi: 0)


                      ------------------------------------------------------------------------------
2025-04-13 12:01:47     Matrix setup time        :	0 s
                        Solver setup             :	4 s
                        Degrees of freedom       :	138306
                        Number of mesh cells     :	21515

                        Stimulation port         :	Zmin
                        Mode number              :	1
                        Accuracy                 :	3.93671e-14
                        Iterations               :	1
                        Solver time              :	0 s


                      ------------------------------------------------------------------------------
2025-04-13 12:01:47     Total time               :	4 s

                      ------------------------------------------------------------------------------
2025-04-13 12:01:47   

                      ------------------------------------------------------------------------------
2025-04-13 12:01:47     Calculation 12 (Frequency: 29.684 GHz, Theta: 0, Phi: 0)


                      ------------------------------------------------------------------------------
2025-04-13 12:01:51     Matrix setup time        :	0 s
                        Solver setup             :	4 s
                        Degrees of freedom       :	138306
                        Number of mesh cells     :	21515

                        Stimulation port         :	Zmin
                        Mode number              :	1
                        Accuracy                 :	4.5681e-14
                        Iterations               :	1
                        Solver time              :	0 s


                      ------------------------------------------------------------------------------
2025-04-13 12:01:52     Total time               :	4 s

                      ------------------------------------------------------------------------------
2025-04-13 12:01:52   

                      ------------------------------------------------------------------------------
2025-04-13 12:01:52     Calculation 13 (Frequency: 31.172 GHz, Theta: 0, Phi: 0)


                      ------------------------------------------------------------------------------
2025-04-13 12:01:56     Matrix setup time        :	0 s
                        Solver setup             :	4 s
                        Degrees of freedom       :	138306
                        Number of mesh cells     :	21515

                        Stimulation port         :	Zmin
                        Mode number              :	1
                        Accuracy                 :	3.37197e-14
                        Iterations               :	1
                        Solver time              :	0 s


                      ------------------------------------------------------------------------------
2025-04-13 12:01:57     Total time               :	4 s

                      ------------------------------------------------------------------------------
2025-04-13 12:01:57   

                      ------------------------------------------------------------------------------
2025-04-13 12:01:57     Calculation 14 (Frequency: 29.288 GHz, Theta: 0, Phi: 0)


                      ------------------------------------------------------------------------------
2025-04-13 12:02:02     Matrix setup time        :	0 s
                        Solver setup             :	4 s
                        Degrees of freedom       :	138306
                        Number of mesh cells     :	21515

                        Stimulation port         :	Zmin
                        Mode number              :	1
                        Accuracy                 :	4.64235e-14
                        Iterations               :	1
                        Solver time              :	0 s


                      ------------------------------------------------------------------------------
2025-04-13 12:02:02     Total time               :	4 s

                      ------------------------------------------------------------------------------
2025-04-13 12:02:02   

                      ------------------------------------------------------------------------------
2025-04-13 12:02:02     Calculation 15 (Frequency: 26.624 GHz, Theta: 0, Phi: 0)


                      ------------------------------------------------------------------------------
2025-04-13 12:02:07     Matrix setup time        :	0 s
                        Solver setup             :	4 s
                        Degrees of freedom       :	138306
                        Number of mesh cells     :	21515

                        Stimulation port         :	Zmin
                        Mode number              :	1
                        Accuracy                 :	3.56373e-14
                        Iterations               :	1
                        Solver time              :	0 s


                      ------------------------------------------------------------------------------
2025-04-13 12:02:07     Total time               :	4 s

                      ------------------------------------------------------------------------------
2025-04-13 12:02:07   

                      ------------------------------------------------------------------------------
2025-04-13 12:02:07     Calculation 16 (Frequency: 28.196 GHz, Theta: 0, Phi: 0)


                      ------------------------------------------------------------------------------
2025-04-13 12:02:12     Matrix setup time        :	0 s
                        Solver setup             :	4 s
                        Degrees of freedom       :	138306
                        Number of mesh cells     :	21515

                        Stimulation port         :	Zmin
                        Mode number              :	1
                        Accuracy                 :	4.22729e-14
                        Iterations               :	1
                        Solver time              :	0 s


                      ------------------------------------------------------------------------------
2025-04-13 12:02:12     Total time               :	5 s

                      ------------------------------------------------------------------------------
2025-04-13 12:02:12   

                      ------------------------------------------------------------------------------
2025-04-13 12:02:12     Calculation 17 (Frequency: 21.452 GHz, Theta: 0, Phi: 0)


                      ------------------------------------------------------------------------------
2025-04-13 12:02:17     Matrix setup time        :	0 s
                        Solver setup             :	4 s
                        Degrees of freedom       :	138306
                        Number of mesh cells     :	21515

                        Stimulation port         :	Zmin
                        Mode number              :	1
                        Accuracy                 :	5.50905e-14
                        Iterations               :	1
                        Solver time              :	0 s


                      ------------------------------------------------------------------------------
2025-04-13 12:02:17     Total time               :	5 s

                      ------------------------------------------------------------------------------
2025-04-13 12:02:17   

                      ------------------------------------------------------------------------------
2025-04-13 12:02:17     Calculation 18 (Frequency: 27.992 GHz, Theta: 0, Phi: 0)


                      ------------------------------------------------------------------------------
2025-04-13 12:02:22     Matrix setup time        :	0 s
                        Solver setup             :	4 s
                        Degrees of freedom       :	138306
                        Number of mesh cells     :	21515

                        Stimulation port         :	Zmin
                        Mode number              :	1
                        Accuracy                 :	4.10468e-14
                        Iterations               :	1
                        Solver time              :	0 s


                      ------------------------------------------------------------------------------
2025-04-13 12:02:22     Total time               :	5 s

                      ------------------------------------------------------------------------------
2025-04-13 12:02:22   

                      ------------------------------------------------------------------------------
2025-04-13 12:02:22     Calculation 19 (Frequency: 21.188 GHz, Theta: 0, Phi: 0)


                      ------------------------------------------------------------------------------
2025-04-13 12:02:27     Matrix setup time        :	0 s
                        Solver setup             :	4 s
                        Degrees of freedom       :	138306
                        Number of mesh cells     :	21515

                        Stimulation port         :	Zmin
                        Mode number              :	1
                        Accuracy                 :	5.07159e-14
                        Iterations               :	1
                        Solver time              :	0 s


                      ------------------------------------------------------------------------------
2025-04-13 12:02:27     Total time               :	4 s

                      ------------------------------------------------------------------------------
2025-04-13 12:02:27   

                      ------------------------------------------------------------------------------
2025-04-13 12:02:27     Calculation 20 (Frequency: 21.812 GHz, Theta: 0, Phi: 0)


                      ------------------------------------------------------------------------------
2025-04-13 12:02:32     Matrix setup time        :	0 s
                        Solver setup             :	4 s
                        Degrees of freedom       :	138306
                        Number of mesh cells     :	21515

                        Stimulation port         :	Zmin
                        Mode number              :	1
                        Accuracy                 :	6.21954e-14
                        Iterations               :	1
                        Solver time              :	0 s


                      ------------------------------------------------------------------------------
2025-04-13 12:02:32     Total time               :	5 s

                      ------------------------------------------------------------------------------
2025-04-13 12:02:32   

                      ------------------------------------------------------------------------------
2025-04-13 12:02:32     Calculation 21 (Frequency: 20.72 GHz, Theta: 0, Phi: 0)


                      ------------------------------------------------------------------------------
2025-04-13 12:02:37     Matrix setup time        :	0 s
                        Solver setup             :	4 s
                        Degrees of freedom       :	138306
                        Number of mesh cells     :	21515

                        Stimulation port         :	Zmin
                        Mode number              :	1
                        Accuracy                 :	4.37751e-14
                        Iterations               :	1
                        Solver time              :	0 s


                      ------------------------------------------------------------------------------
2025-04-13 12:02:37     Total time               :	5 s

                      ------------------------------------------------------------------------------
2025-04-13 12:02:37   

                      ------------------------------------------------------------------------------
2025-04-13 12:02:37     Calculation 22 (Frequency: 22.172 GHz, Theta: 0, Phi: 0)


                      ------------------------------------------------------------------------------
2025-04-13 12:02:42     Matrix setup time        :	0 s
                        Solver setup             :	4 s
                        Degrees of freedom       :	138306
                        Number of mesh cells     :	21515

                        Stimulation port         :	Zmin
                        Mode number              :	1
                        Accuracy                 :	7.08693e-14
                        Iterations               :	1
                        Solver time              :	0 s


                      ------------------------------------------------------------------------------
2025-04-13 12:02:42     Total time               :	4 s

                      ------------------------------------------------------------------------------
2025-04-13 12:02:42   

                      ------------------------------------------------------------------------------
2025-04-13 12:02:42     Calculation 23 (Frequency: 26.372 GHz, Theta: 0, Phi: 0)


                      ------------------------------------------------------------------------------
2025-04-13 12:02:48     Matrix setup time        :	0 s
                        Solver setup             :	4 s
                        Degrees of freedom       :	138306
                        Number of mesh cells     :	21515

                        Stimulation port         :	Zmin
                        Mode number              :	1
                        Accuracy                 :	4.49563e-14
                        Iterations               :	1
                        Solver time              :	0 s


                      ------------------------------------------------------------------------------
2025-04-13 12:02:48     Total time               :	5 s

                      ------------------------------------------------------------------------------
2025-04-13 12:02:48   

                      ------------------------------------------------------------------------------
2025-04-13 12:02:48     Calculation 24 (Frequency: 24.128 GHz, Theta: 0, Phi: 0)


                      ------------------------------------------------------------------------------
2025-04-13 12:02:53     Matrix setup time        :	0 s
                        Solver setup             :	4 s
                        Degrees of freedom       :	138306
                        Number of mesh cells     :	21515

                        Stimulation port         :	Zmin
                        Mode number              :	1
                        Accuracy                 :	3.38876e-14
                        Iterations               :	1
                        Solver time              :	0 s


                      ------------------------------------------------------------------------------
2025-04-13 12:02:53     Total time               :	5 s

                      ------------------------------------------------------------------------------
2025-04-13 12:02:53   

                      ------------------------------------------------------------------------------
2025-04-13 12:02:53     Calculation 25 (Frequency: 22.568 GHz, Theta: 0, Phi: 0)


                      ------------------------------------------------------------------------------
2025-04-13 12:02:58     Matrix setup time        :	0 s
                        Solver setup             :	4 s
                        Degrees of freedom       :	138306
                        Number of mesh cells     :	21515

                        Stimulation port         :	Zmin
                        Mode number              :	1
                        Accuracy                 :	5.01177e-14
                        Iterations               :	1
                        Solver time              :	0 s


                      ------------------------------------------------------------------------------
2025-04-13 12:02:58     Total time               :	5 s

                      ------------------------------------------------------------------------------
2025-04-13 12:02:58   

                      ------------------------------------------------------------------------------
2025-04-13 12:02:58     Calculation 26 (Frequency: 23.936 GHz, Theta: 0, Phi: 0)


                      ------------------------------------------------------------------------------
2025-04-13 12:03:03     Matrix setup time        :	0 s
                        Solver setup             :	4 s
                        Degrees of freedom       :	138306
                        Number of mesh cells     :	21515

                        Stimulation port         :	Zmin
                        Mode number              :	1
                        Accuracy                 :	4.17368e-14
                        Iterations               :	1
                        Solver time              :	0 s


                      ------------------------------------------------------------------------------
2025-04-13 12:03:04     Total time               :	4 s

                      ------------------------------------------------------------------------------
2025-04-13 12:03:04   

                      ------------------------------------------------------------------------------
2025-04-13 12:03:04     Calculation 27 (Frequency: 22.328 GHz, Theta: 0, Phi: 0)


                      ------------------------------------------------------------------------------
2025-04-13 12:03:09     Matrix setup time        :	0 s
                        Solver setup             :	4 s
                        Degrees of freedom       :	138306
                        Number of mesh cells     :	21515

                        Stimulation port         :	Zmin
                        Mode number              :	1
                        Accuracy                 :	6.18195e-14
                        Iterations               :	1
                        Solver time              :	0 s


                      ------------------------------------------------------------------------------
2025-04-13 12:03:09     Total time               :	5 s

                      ------------------------------------------------------------------------------
2025-04-13 12:03:09   

                      ------------------------------------------------------------------------------
2025-04-13 12:03:09     Calculation 28 (Frequency: 25.028 GHz, Theta: 0, Phi: 0)


                      ------------------------------------------------------------------------------
2025-04-13 12:03:14     Matrix setup time        :	0 s
                        Solver setup             :	4 s
                        Degrees of freedom       :	138306
                        Number of mesh cells     :	21515

                        Stimulation port         :	Zmin
                        Mode number              :	1
                        Accuracy                 :	2.71447e-14
                        Iterations               :	1
                        Solver time              :	0 s


                      ------------------------------------------------------------------------------
2025-04-13 12:03:14     Total time               :	4 s

                      ------------------------------------------------------------------------------
2025-04-13 12:03:14   

                      ------------------------------------------------------------------------------
2025-04-13 12:03:14   Finished the general purpose interpolative broadband frequency sweep:
                      All broadband sweep convergence criteria have been satisfied after
                      calculating 28 frequency samples:

                        Broadband sweep error threshold value :  0.01 (All S-Parameters) 
                        Number of error criterion checks      :  2 (All S-Parameters) 
                        Minimum number of samples             :  3
                        Number of data samples, linear        :  1001

                      ------------------------------------------------------------------------------
2025-04-13 12:03:14     Number of mesh cells     :	21515
                        Degrees of freedom       :	137236
                        Total Solver Time        :	163 s	 (= 0 h, 02 m, 43 s)
                      ================================================================================



                      ------------------------------------------------------------------------------
2025-04-13 12:03:14     ----------------------------------------------------------------------------
                                            Peak memory used (kB)         Free physical memory (kB) 
                                                                          At begin     Minimum      
                        ----------------------------------------------------------------------------
                        Solver start        21584                         7235520      7234748      
                        Eq. system setup    2218820                       7218092      6436344      
                        Eq. system solve    2218820                       7180684      4732304      
                        Mesh refinement     1315500                       6981252      6642204      
                        Solver run total    2218820                       7235524      4732304      

                        Computer name       Tahsin
                        ----------------------------------------------------------------------------


                      ------------------------------------------------------------------------------
2025-04-13 12:03:14   Running postprocessing.

                      ------------------------------------------------------------------------------
2025-04-13 12:03:15   Postprocessing finished.

                      ------------------------------------------------------------------------------
