2025-04-05 14:30:47   *** Warning ***

                      Electric isotropic material [Copper (pure)] has a very high conductivity for
                      the given mesh. Depending on your configuration it may be better to use a lossy
                      metal type for this material. More...

                      ------------------------------------------------------------------------------
2025-04-05 14:30:47   In order to get an optimal performance, hyperthreading is ignored for parallel
                      computations.

                      ------------------------------------------------------------------------------
2025-04-05 14:30:50   Units settings: 

                        Dimensions: mm
                        Frequency:  GHz
                        Time:       s

                      ------------------------------------------------------------------------------
2025-04-05 14:30:50   Boundary conditions: 

                        YZsymmetry: none
                        XZsymmetry: none
                        XYsymmetry: none

                        Xmin: unit cell
                        Xmax: unit cell

                        Ymin: unit cell
                        Ymax: unit cell

                        Zmin: expanded open
                        Zmax: expanded open

                      ------------------------------------------------------------------------------
2025-04-05 14:30:50   Order settings: 

                        Solver order   : 2nd (constant)
                        Curved elements: up to order 3 (automatic)

                      ------------------------------------------------------------------------------
2025-04-05 14:30:50   An iterative solver will be used first.

                      ------------------------------------------------------------------------------
2025-04-05 14:30:50     Mesh time                :	2 s


                      ------------------------------------------------------------------------------
2025-04-05 14:30:50   
                      ================================================================================
                      Frequency Domain Solver calculation cycle started

                      ------------------------------------------------------------------------------
2025-04-05 14:30:50   Solver started at: 2025-04-05 14:30:50 +0600

                        Module:  Frequency Domain: S-Parameter (Win 64)
                        Version: 2024.1 Release from 2023-10-16 (change 1181985)

                      ------------------------------------------------------------------------------
2025-04-05 14:30:50   The low frequency stabilization is not applied to periodic problems.

                      ------------------------------------------------------------------------------
2025-04-05 14:30:50     Calculation 1 of 1 (Frequency: 32 GHz, Theta: 0, Phi: 0)


                      ------------------------------------------------------------------------------
2025-04-05 14:30:50   The wavelength based mesh refinement has been applied to 5.4% of all mesh edges.

                      ------------------------------------------------------------------------------
2025-04-05 14:30:50   For some elements the curvature had to be reduced to maintain the quality of the mesh. More...

                      ------------------------------------------------------------------------------
2025-04-05 14:30:51   Adaptive mesh refinement pass 1

                      ------------------------------------------------------------------------------
2025-04-05 14:30:58   *** Warning ***

2025-04-05 14:30:58   Detected possible stagnation of the iterative solver (4.876414e-02 after 250 iterations.)
                      Please consider aborting the solver run, and check your simulation setup.  More...

                      ------------------------------------------------------------------------------
2025-04-05 14:31:05   *** Warning ***

2025-04-05 14:31:05   The solver stopped because the maximum number of iterations (500, used for automatic solver choice) has been reached.

                      ------------------------------------------------------------------------------
2025-04-05 14:31:05   Solving again, but with the direct solver. Please consider forcing the direct solver in the solver special settings, and
                      check your simulation setup (for instance source and material definitions.)

                      ------------------------------------------------------------------------------
2025-04-05 14:31:06     Matrix setup time        :	0 s
                        Solver setup             :	1 s
                        Degrees of freedom       :	38334
                        Number of mesh cells     :	5849

                        Stimulation port         :	Zmin
                        Mode number              :	1
                        Accuracy                 :	8.51724e-14
                        Iterations               :	1
                        Solver time              :	0 s


                      ------------------------------------------------------------------------------
2025-04-05 14:31:06   23% of all mesh edges seem to be longer than expected. The adaptive mesh refinement's growth limitation will therefore 
                      use 14059 instead of 3868 mesh cells as a reference.

                      ------------------------------------------------------------------------------
2025-04-05 14:31:06   The wavelength based mesh refinement has been applied to 0.2% of all mesh edges.

                      ------------------------------------------------------------------------------
2025-04-05 14:31:07   For some elements the curvature had to be reduced to maintain the quality of the mesh. More...

                      ------------------------------------------------------------------------------
2025-04-05 14:31:07   Adaptive mesh refinement pass 2

                      ------------------------------------------------------------------------------
2025-04-05 14:31:10     Matrix setup time        :	0 s
                        Solver setup             :	2 s
                        Degrees of freedom       :	79494
                        Number of mesh cells     :	12314

                        Stimulation port         :	Zmin
                        Mode number              :	1
                        Accuracy                 :	4.41555e-14
                        Iterations               :	1
                        Solver time              :	0 s


                      ------------------------------------------------------------------------------
2025-04-05 14:31:10     Delta calculation        
2025-04-05 14:31:10     All S-Parameters         :	0.0768514
2025-04-05 14:31:10   

                      ------------------------------------------------------------------------------
2025-04-05 14:31:11   For some elements the curvature had to be reduced to maintain the quality of the mesh. More...

                      ------------------------------------------------------------------------------
2025-04-05 14:31:12   Adaptive mesh refinement pass 3

                      ------------------------------------------------------------------------------
2025-04-05 14:31:16     Matrix setup time        :	0 s
                        Solver setup             :	3 s
                        Degrees of freedom       :	129104
                        Number of mesh cells     :	20107

                        Stimulation port         :	Zmin
                        Mode number              :	1
                        Accuracy                 :	2.69952e-14
                        Iterations               :	1
                        Solver time              :	0 s


                      ------------------------------------------------------------------------------
2025-04-05 14:31:16     Delta calculation        
2025-04-05 14:31:16     All S-Parameters         :	0.0141467
2025-04-05 14:31:16   

                      ------------------------------------------------------------------------------
2025-04-05 14:31:16   Mesh adaptation terminated because the desired accuracy limit is reached.

                      ------------------------------------------------------------------------------
2025-04-05 14:31:16   *** Warning ***

2025-04-05 14:31:16   At least one propagating Floquet mode is not considered at port Zmin. Please increase the number of modes at this port. 
                      More...

                      ------------------------------------------------------------------------------
2025-04-05 14:31:16   *** Warning ***

2025-04-05 14:31:16   At least one propagating Floquet mode is not considered at port Zmax. Please increase the number of modes at this port. 
                      More...

                      ------------------------------------------------------------------------------
2025-04-05 14:31:16     Total time               :	26 s

                      ------------------------------------------------------------------------------
2025-04-05 14:31:16   

                      ------------------------------------------------------------------------------
2025-04-05 14:31:16     Calculation 2 (Frequency: 20 GHz, Theta: 0, Phi: 0)


                      ------------------------------------------------------------------------------
2025-04-05 14:31:20     Matrix setup time        :	0 s
                        Solver setup             :	2 s
                        Degrees of freedom       :	129104
                        Number of mesh cells     :	20107

                        Stimulation port         :	Zmin
                        Mode number              :	1
                        Accuracy                 :	5.97594e-14
                        Iterations               :	1
                        Solver time              :	0 s


                      ------------------------------------------------------------------------------
2025-04-05 14:31:20     Total time               :	3 s

                      ------------------------------------------------------------------------------
2025-04-05 14:31:20   

                      ------------------------------------------------------------------------------
2025-04-05 14:31:20     Calculation 3 (Frequency: 26 GHz, Theta: 0, Phi: 0)


                      ------------------------------------------------------------------------------
2025-04-05 14:31:24     Matrix setup time        :	0 s
                        Solver setup             :	2 s
                        Degrees of freedom       :	129104
                        Number of mesh cells     :	20107

                        Stimulation port         :	Zmin
                        Mode number              :	1
                        Accuracy                 :	3.55673e-14
                        Iterations               :	1
                        Solver time              :	0 s


                      ------------------------------------------------------------------------------
2025-04-05 14:31:24     Total time               :	3 s

                      ------------------------------------------------------------------------------
2025-04-05 14:31:24   

                      ------------------------------------------------------------------------------
2025-04-05 14:31:24     Calculation 4 (Frequency: 29 GHz, Theta: 0, Phi: 0)


                      ------------------------------------------------------------------------------
2025-04-05 14:31:27     Matrix setup time        :	0 s
                        Solver setup             :	2 s
                        Degrees of freedom       :	129104
                        Number of mesh cells     :	20107

                        Stimulation port         :	Zmin
                        Mode number              :	1
                        Accuracy                 :	5.3978e-14
                        Iterations               :	1
                        Solver time              :	0 s


                      ------------------------------------------------------------------------------
2025-04-05 14:31:27     Total time               :	3 s

                      ------------------------------------------------------------------------------
2025-04-05 14:31:27   

                      ------------------------------------------------------------------------------
2025-04-05 14:31:27     Calculation 5 (Frequency: 23.444 GHz, Theta: 0, Phi: 0)


                      ------------------------------------------------------------------------------
2025-04-05 14:31:31     Matrix setup time        :	0 s
                        Solver setup             :	2 s
                        Degrees of freedom       :	129104
                        Number of mesh cells     :	20107

                        Stimulation port         :	Zmin
                        Mode number              :	1
                        Accuracy                 :	4.57506e-14
                        Iterations               :	1
                        Solver time              :	0 s


                      ------------------------------------------------------------------------------
2025-04-05 14:31:31     Total time               :	3 s

                      ------------------------------------------------------------------------------
2025-04-05 14:31:31   

                      ------------------------------------------------------------------------------
2025-04-05 14:31:31     Calculation 6 (Frequency: 27.464 GHz, Theta: 0, Phi: 0)


                      ------------------------------------------------------------------------------
2025-04-05 14:31:34     Matrix setup time        :	0 s
                        Solver setup             :	2 s
                        Degrees of freedom       :	129104
                        Number of mesh cells     :	20107

                        Stimulation port         :	Zmin
                        Mode number              :	1
                        Accuracy                 :	3.5386e-14
                        Iterations               :	1
                        Solver time              :	0 s


                      ------------------------------------------------------------------------------
2025-04-05 14:31:35     Total time               :	3 s

                      ------------------------------------------------------------------------------
2025-04-05 14:31:35   

                      ------------------------------------------------------------------------------
2025-04-05 14:31:35     Calculation 7 (Frequency: 21.992 GHz, Theta: 0, Phi: 0)


                      ------------------------------------------------------------------------------
2025-04-05 14:31:38     Matrix setup time        :	0 s
                        Solver setup             :	2 s
                        Degrees of freedom       :	129104
                        Number of mesh cells     :	20107

                        Stimulation port         :	Zmin
                        Mode number              :	1
                        Accuracy                 :	4.50292e-14
                        Iterations               :	1
                        Solver time              :	0 s


                      ------------------------------------------------------------------------------
2025-04-05 14:31:38     Total time               :	3 s

                      ------------------------------------------------------------------------------
2025-04-05 14:31:38   

                      ------------------------------------------------------------------------------
2025-04-05 14:31:38     Calculation 8 (Frequency: 24.524 GHz, Theta: 0, Phi: 0)


                      ------------------------------------------------------------------------------
2025-04-05 14:31:42     Matrix setup time        :	0 s
                        Solver setup             :	2 s
                        Degrees of freedom       :	129104
                        Number of mesh cells     :	20107

                        Stimulation port         :	Zmin
                        Mode number              :	1
                        Accuracy                 :	2.54079e-14
                        Iterations               :	1
                        Solver time              :	0 s


                      ------------------------------------------------------------------------------
2025-04-05 14:31:42     Total time               :	3 s

                      ------------------------------------------------------------------------------
2025-04-05 14:31:42   

                      ------------------------------------------------------------------------------
2025-04-05 14:31:42     Calculation 9 (Frequency: 20.528 GHz, Theta: 0, Phi: 0)


                      ------------------------------------------------------------------------------
2025-04-05 14:31:45     Matrix setup time        :	0 s
                        Solver setup             :	2 s
                        Degrees of freedom       :	129104
                        Number of mesh cells     :	20107

                        Stimulation port         :	Zmin
                        Mode number              :	1
                        Accuracy                 :	5.6942e-14
                        Iterations               :	1
                        Solver time              :	0 s


                      ------------------------------------------------------------------------------
2025-04-05 14:31:45     Total time               :	3 s

                      ------------------------------------------------------------------------------
2025-04-05 14:31:45   

                      ------------------------------------------------------------------------------
2025-04-05 14:31:45     Calculation 10 (Frequency: 22.532 GHz, Theta: 0, Phi: 0)


                      ------------------------------------------------------------------------------
2025-04-05 14:31:49     Matrix setup time        :	0 s
                        Solver setup             :	2 s
                        Degrees of freedom       :	129104
                        Number of mesh cells     :	20107

                        Stimulation port         :	Zmin
                        Mode number              :	1
                        Accuracy                 :	3.76148e-14
                        Iterations               :	1
                        Solver time              :	0 s


                      ------------------------------------------------------------------------------
2025-04-05 14:31:49     Total time               :	3 s

                      ------------------------------------------------------------------------------
2025-04-05 14:31:49   

                      ------------------------------------------------------------------------------
2025-04-05 14:31:49     Calculation 11 (Frequency: 21.188 GHz, Theta: 0, Phi: 0)


                      ------------------------------------------------------------------------------
2025-04-05 14:31:52     Matrix setup time        :	0 s
                        Solver setup             :	3 s
                        Degrees of freedom       :	129104
                        Number of mesh cells     :	20107

                        Stimulation port         :	Zmin
                        Mode number              :	1
                        Accuracy                 :	4.82091e-14
                        Iterations               :	1
                        Solver time              :	0 s


                      ------------------------------------------------------------------------------
2025-04-05 14:31:53     Total time               :	3 s

                      ------------------------------------------------------------------------------
2025-04-05 14:31:53   

                      ------------------------------------------------------------------------------
2025-04-05 14:31:53     Calculation 12 (Frequency: 24.812 GHz, Theta: 0, Phi: 0)


                      ------------------------------------------------------------------------------
2025-04-05 14:31:56     Matrix setup time        :	0 s
                        Solver setup             :	2 s
                        Degrees of freedom       :	129104
                        Number of mesh cells     :	20107

                        Stimulation port         :	Zmin
                        Mode number              :	1
                        Accuracy                 :	3.00503e-14
                        Iterations               :	1
                        Solver time              :	0 s


                      ------------------------------------------------------------------------------
2025-04-05 14:31:56     Total time               :	3 s

                      ------------------------------------------------------------------------------
2025-04-05 14:31:56   

                      ------------------------------------------------------------------------------
2025-04-05 14:31:56     Calculation 13 (Frequency: 22.832 GHz, Theta: 0, Phi: 0)


                      ------------------------------------------------------------------------------
2025-04-05 14:32:00     Matrix setup time        :	0 s
                        Solver setup             :	3 s
                        Degrees of freedom       :	129104
                        Number of mesh cells     :	20107

                        Stimulation port         :	Zmin
                        Mode number              :	1
                        Accuracy                 :	3.20508e-14
                        Iterations               :	1
                        Solver time              :	0 s


                      ------------------------------------------------------------------------------
2025-04-05 14:32:00     Total time               :	3 s

                      ------------------------------------------------------------------------------
2025-04-05 14:32:00   

                      ------------------------------------------------------------------------------
2025-04-05 14:32:00     Calculation 14 (Frequency: 23.648 GHz, Theta: 0, Phi: 0)


                      ------------------------------------------------------------------------------
2025-04-05 14:32:03     Matrix setup time        :	0 s
                        Solver setup             :	3 s
                        Degrees of freedom       :	129104
                        Number of mesh cells     :	20107

                        Stimulation port         :	Zmin
                        Mode number              :	1
                        Accuracy                 :	4.76034e-14
                        Iterations               :	1
                        Solver time              :	0 s


                      ------------------------------------------------------------------------------
2025-04-05 14:32:04     Total time               :	3 s

                      ------------------------------------------------------------------------------
2025-04-05 14:32:04   

                      ------------------------------------------------------------------------------
2025-04-05 14:32:04     Calculation 15 (Frequency: 25.388 GHz, Theta: 0, Phi: 0)


                      ------------------------------------------------------------------------------
2025-04-05 14:32:07     Matrix setup time        :	0 s
                        Solver setup             :	3 s
                        Degrees of freedom       :	129104
                        Number of mesh cells     :	20107

                        Stimulation port         :	Zmin
                        Mode number              :	1
                        Accuracy                 :	2.52334e-14
                        Iterations               :	1
                        Solver time              :	0 s


                      ------------------------------------------------------------------------------
2025-04-05 14:32:08     Total time               :	3 s

                      ------------------------------------------------------------------------------
2025-04-05 14:32:08   

                      ------------------------------------------------------------------------------
2025-04-05 14:32:08     Calculation 16 (Frequency: 26.384 GHz, Theta: 0, Phi: 0)


                      ------------------------------------------------------------------------------
2025-04-05 14:32:11     Matrix setup time        :	0 s
                        Solver setup             :	3 s
                        Degrees of freedom       :	129104
                        Number of mesh cells     :	20107

                        Stimulation port         :	Zmin
                        Mode number              :	1
                        Accuracy                 :	4.60347e-14
                        Iterations               :	1
                        Solver time              :	0 s


                      ------------------------------------------------------------------------------
2025-04-05 14:32:11     Total time               :	3 s

                      ------------------------------------------------------------------------------
2025-04-05 14:32:11   

                      ------------------------------------------------------------------------------
2025-04-05 14:32:11     Calculation 17 (Frequency: 22.076 GHz, Theta: 0, Phi: 0)


                      ------------------------------------------------------------------------------
2025-04-05 14:32:15     Matrix setup time        :	0 s
                        Solver setup             :	3 s
                        Degrees of freedom       :	129104
                        Number of mesh cells     :	20107

                        Stimulation port         :	Zmin
                        Mode number              :	1
                        Accuracy                 :	4.72762e-14
                        Iterations               :	1
                        Solver time              :	0 s


                      ------------------------------------------------------------------------------
2025-04-05 14:32:15     Total time               :	3 s

                      ------------------------------------------------------------------------------
2025-04-05 14:32:15   

                      ------------------------------------------------------------------------------
2025-04-05 14:32:15     Calculation 18 (Frequency: 21.044 GHz, Theta: 0, Phi: 0)


                      ------------------------------------------------------------------------------
2025-04-05 14:32:19     Matrix setup time        :	0 s
                        Solver setup             :	3 s
                        Degrees of freedom       :	129104
                        Number of mesh cells     :	20107

                        Stimulation port         :	Zmin
                        Mode number              :	1
                        Accuracy                 :	4.77992e-14
                        Iterations               :	1
                        Solver time              :	0 s


                      ------------------------------------------------------------------------------
2025-04-05 14:32:19     Total time               :	3 s

                      ------------------------------------------------------------------------------
2025-04-05 14:32:19   

                      ------------------------------------------------------------------------------
2025-04-05 14:32:19     Calculation 19 (Frequency: 21.524 GHz, Theta: 0, Phi: 0)


                      ------------------------------------------------------------------------------
2025-04-05 14:32:23     Matrix setup time        :	0 s
                        Solver setup             :	3 s
                        Degrees of freedom       :	129104
                        Number of mesh cells     :	20107

                        Stimulation port         :	Zmin
                        Mode number              :	1
                        Accuracy                 :	5.88881e-14
                        Iterations               :	1
                        Solver time              :	0 s


                      ------------------------------------------------------------------------------
2025-04-05 14:32:23     Total time               :	3 s

                      ------------------------------------------------------------------------------
2025-04-05 14:32:23   

                      ------------------------------------------------------------------------------
2025-04-05 14:32:23     Calculation 20 (Frequency: 26.78 GHz, Theta: 0, Phi: 0)


                      ------------------------------------------------------------------------------
2025-04-05 14:32:27     Matrix setup time        :	0 s
                        Solver setup             :	3 s
                        Degrees of freedom       :	129104
                        Number of mesh cells     :	20107

                        Stimulation port         :	Zmin
                        Mode number              :	1
                        Accuracy                 :	3.67843e-14
                        Iterations               :	1
                        Solver time              :	0 s


                      ------------------------------------------------------------------------------
2025-04-05 14:32:27     Total time               :	3 s

                      ------------------------------------------------------------------------------
2025-04-05 14:32:27   

                      ------------------------------------------------------------------------------
2025-04-05 14:32:27     Calculation 21 (Frequency: 29.156 GHz, Theta: 0, Phi: 0)


                      ------------------------------------------------------------------------------
2025-04-05 14:32:30     Matrix setup time        :	0 s
                        Solver setup             :	3 s
                        Degrees of freedom       :	129104
                        Number of mesh cells     :	20107

                        Stimulation port         :	Zmin
                        Mode number              :	1
                        Accuracy                 :	4.10803e-14
                        Iterations               :	1
                        Solver time              :	0 s


                      ------------------------------------------------------------------------------
2025-04-05 14:32:31     Total time               :	3 s

                      ------------------------------------------------------------------------------
2025-04-05 14:32:31   

                      ------------------------------------------------------------------------------
2025-04-05 14:32:31     Calculation 22 (Frequency: 28.676 GHz, Theta: 0, Phi: 0)


                      ------------------------------------------------------------------------------
2025-04-05 14:32:34     Matrix setup time        :	0 s
                        Solver setup             :	3 s
                        Degrees of freedom       :	129104
                        Number of mesh cells     :	20107

                        Stimulation port         :	Zmin
                        Mode number              :	1
                        Accuracy                 :	5.35465e-14
                        Iterations               :	1
                        Solver time              :	0 s


                      ------------------------------------------------------------------------------
2025-04-05 14:32:34     Total time               :	3 s

                      ------------------------------------------------------------------------------
2025-04-05 14:32:34   

                      ------------------------------------------------------------------------------
2025-04-05 14:32:34     Calculation 23 (Frequency: 29.516 GHz, Theta: 0, Phi: 0)


                      ------------------------------------------------------------------------------
2025-04-05 14:32:38     Matrix setup time        :	0 s
                        Solver setup             :	3 s
                        Degrees of freedom       :	129104
                        Number of mesh cells     :	20107

                        Stimulation port         :	Zmin
                        Mode number              :	1
                        Accuracy                 :	4.41951e-14
                        Iterations               :	1
                        Solver time              :	0 s


                      ------------------------------------------------------------------------------
2025-04-05 14:32:38     Total time               :	3 s

                      ------------------------------------------------------------------------------
2025-04-05 14:32:38   

                      ------------------------------------------------------------------------------
2025-04-05 14:32:38     Calculation 24 (Frequency: 28.616 GHz, Theta: 0, Phi: 0)


                      ------------------------------------------------------------------------------
2025-04-05 14:32:42     Matrix setup time        :	0 s
                        Solver setup             :	3 s
                        Degrees of freedom       :	129104
                        Number of mesh cells     :	20107

                        Stimulation port         :	Zmin
                        Mode number              :	1
                        Accuracy                 :	4.58136e-14
                        Iterations               :	1
                        Solver time              :	0 s


                      ------------------------------------------------------------------------------
2025-04-05 14:32:42     Total time               :	3 s

                      ------------------------------------------------------------------------------
2025-04-05 14:32:42   

                      ------------------------------------------------------------------------------
2025-04-05 14:32:42     Calculation 25 (Frequency: 30.164 GHz, Theta: 0, Phi: 0)


                      ------------------------------------------------------------------------------
2025-04-05 14:32:46     Matrix setup time        :	0 s
                        Solver setup             :	3 s
                        Degrees of freedom       :	129104
                        Number of mesh cells     :	20107

                        Stimulation port         :	Zmin
                        Mode number              :	1
                        Accuracy                 :	4.09027e-14
                        Iterations               :	1
                        Solver time              :	0 s


                      ------------------------------------------------------------------------------
2025-04-05 14:32:46     Total time               :	3 s

                      ------------------------------------------------------------------------------
2025-04-05 14:32:46   

                      ------------------------------------------------------------------------------
2025-04-05 14:32:46     Calculation 26 (Frequency: 28.448 GHz, Theta: 0, Phi: 0)


                      ------------------------------------------------------------------------------
2025-04-05 14:32:49     Matrix setup time        :	0 s
                        Solver setup             :	3 s
                        Degrees of freedom       :	129104
                        Number of mesh cells     :	20107

                        Stimulation port         :	Zmin
                        Mode number              :	1
                        Accuracy                 :	4.28859e-14
                        Iterations               :	1
                        Solver time              :	0 s


                      ------------------------------------------------------------------------------
2025-04-05 14:32:49     Total time               :	3 s

                      ------------------------------------------------------------------------------
2025-04-05 14:32:49   

                      ------------------------------------------------------------------------------
2025-04-05 14:32:49     Calculation 27 (Frequency: 30.98 GHz, Theta: 0, Phi: 0)


                      ------------------------------------------------------------------------------
2025-04-05 14:32:53     Matrix setup time        :	0 s
                        Solver setup             :	3 s
                        Degrees of freedom       :	129104
                        Number of mesh cells     :	20107

                        Stimulation port         :	Zmin
                        Mode number              :	1
                        Accuracy                 :	2.98633e-14
                        Iterations               :	1
                        Solver time              :	0 s


                      ------------------------------------------------------------------------------
2025-04-05 14:32:53     Total time               :	3 s

                      ------------------------------------------------------------------------------
2025-04-05 14:32:53   

                      ------------------------------------------------------------------------------
2025-04-05 14:32:53     Calculation 28 (Frequency: 29.948 GHz, Theta: 0, Phi: 0)


                      ------------------------------------------------------------------------------
2025-04-05 14:32:57     Matrix setup time        :	0 s
                        Solver setup             :	3 s
                        Degrees of freedom       :	129104
                        Number of mesh cells     :	20107

                        Stimulation port         :	Zmin
                        Mode number              :	1
                        Accuracy                 :	4.7205e-14
                        Iterations               :	1
                        Solver time              :	0 s


                      ------------------------------------------------------------------------------
2025-04-05 14:32:57     Total time               :	3 s

                      ------------------------------------------------------------------------------
2025-04-05 14:32:57   

                      ------------------------------------------------------------------------------
2025-04-05 14:32:57     Calculation 29 (Frequency: 30.536 GHz, Theta: 0, Phi: 0)


                      ------------------------------------------------------------------------------
2025-04-05 14:33:01     Matrix setup time        :	0 s
                        Solver setup             :	3 s
                        Degrees of freedom       :	129104
                        Number of mesh cells     :	20107

                        Stimulation port         :	Zmin
                        Mode number              :	1
                        Accuracy                 :	3.507e-14
                        Iterations               :	1
                        Solver time              :	0 s


                      ------------------------------------------------------------------------------
2025-04-05 14:33:01     Total time               :	3 s

                      ------------------------------------------------------------------------------
2025-04-05 14:33:01   

                      ------------------------------------------------------------------------------
2025-04-05 14:33:01     Calculation 30 (Frequency: 31.544 GHz, Theta: 0, Phi: 0)


                      ------------------------------------------------------------------------------
2025-04-05 14:33:05     Matrix setup time        :	0 s
                        Solver setup             :	3 s
                        Degrees of freedom       :	129104
                        Number of mesh cells     :	20107

                        Stimulation port         :	Zmin
                        Mode number              :	1
                        Accuracy                 :	2.59861e-14
                        Iterations               :	1
                        Solver time              :	0 s


                      ------------------------------------------------------------------------------
2025-04-05 14:33:05     Total time               :	3 s

                      ------------------------------------------------------------------------------
2025-04-05 14:33:05   

                      ------------------------------------------------------------------------------
2025-04-05 14:33:05     Calculation 31 (Frequency: 27.752 GHz, Theta: 0, Phi: 0)


                      ------------------------------------------------------------------------------
2025-04-05 14:33:09     Matrix setup time        :	0 s
                        Solver setup             :	3 s
                        Degrees of freedom       :	129104
                        Number of mesh cells     :	20107

                        Stimulation port         :	Zmin
                        Mode number              :	1
                        Accuracy                 :	3.83424e-14
                        Iterations               :	1
                        Solver time              :	0 s


                      ------------------------------------------------------------------------------
2025-04-05 14:33:09     Total time               :	3 s

                      ------------------------------------------------------------------------------
2025-04-05 14:33:09   

                      ------------------------------------------------------------------------------
2025-04-05 14:33:09     Calculation 32 (Frequency: 27.284 GHz, Theta: 0, Phi: 0)


                      ------------------------------------------------------------------------------
2025-04-05 14:33:12     Matrix setup time        :	0 s
                        Solver setup             :	3 s
                        Degrees of freedom       :	129104
                        Number of mesh cells     :	20107

                        Stimulation port         :	Zmin
                        Mode number              :	1
                        Accuracy                 :	4.1593e-14
                        Iterations               :	1
                        Solver time              :	0 s


                      ------------------------------------------------------------------------------
2025-04-05 14:33:13     Total time               :	3 s

                      ------------------------------------------------------------------------------
2025-04-05 14:33:13   

                      ------------------------------------------------------------------------------
2025-04-05 14:33:13   Finished the general purpose interpolative broadband frequency sweep:
                      All broadband sweep convergence criteria have been satisfied after
                      calculating 32 frequency samples:

                        Broadband sweep error threshold value :  0.01 (All S-Parameters) 
                        Number of error criterion checks      :  2 (All S-Parameters) 
                        Minimum number of samples             :  3
                        Number of data samples, linear        :  1001

                      ------------------------------------------------------------------------------
2025-04-05 14:33:13     Number of mesh cells     :	20107
                        Degrees of freedom       :	128234
                        Total Solver Time        :	144 s	 (= 0 h, 02 m, 24 s)
                      ================================================================================



                      ------------------------------------------------------------------------------
2025-04-05 14:33:13     ----------------------------------------------------------------------------
                                            Peak memory used (kB)         Free physical memory (kB) 
                                                                          At begin     Minimum      
                        ----------------------------------------------------------------------------
                        Solver start        21540                         6022028      6021592      
                        Eq. system setup    2221880                       5995824      5362028      
                        Eq. system solve    2221880                       5947460      3994236      
                        Mesh refinement     1509488                       5945084      5597412      
                        Solver run total    2221880                       6022032      3994236      

                        Computer name       Tahsin
                        ----------------------------------------------------------------------------


                      ------------------------------------------------------------------------------
2025-04-05 14:33:13   Running postprocessing.

                      ------------------------------------------------------------------------------
2025-04-05 14:33:14   Postprocessing finished.

                      ------------------------------------------------------------------------------
