2025-04-13 12:27:13   *** Warning ***

                      Electric isotropic material [Copper (pure)] has a very high conductivity for
                      the given mesh. Depending on your configuration it may be better to use a lossy
                      metal type for this material. More...

                      ------------------------------------------------------------------------------
2025-04-13 12:27:13   In order to get an optimal performance, hyperthreading is ignored for parallel
                      computations.

                      ------------------------------------------------------------------------------
2025-04-13 12:27:15   Units settings: 

                        Dimensions: mm
                        Frequency:  GHz
                        Time:       s

                      ------------------------------------------------------------------------------
2025-04-13 12:27:15   Boundary conditions: 

                        YZsymmetry: none
                        XZsymmetry: none
                        XYsymmetry: none

                        Xmin: unit cell
                        Xmax: unit cell

                        Ymin: unit cell
                        Ymax: unit cell

                        Zmin: expanded open
                        Zmax: expanded open

                      ------------------------------------------------------------------------------
2025-04-13 12:27:15   Order settings: 

                        Solver order   : 2nd (constant)
                        Curved elements: up to order 3 (automatic)

                      ------------------------------------------------------------------------------
2025-04-13 12:27:15   An iterative solver will be used first.

                      ------------------------------------------------------------------------------
2025-04-13 12:27:15     Mesh time                :	2 s


                      ------------------------------------------------------------------------------
2025-04-13 12:27:15   
                      ================================================================================
                      Frequency Domain Solver calculation cycle started

                      ------------------------------------------------------------------------------
2025-04-13 12:27:15   Solver started at: 2025-04-13 12:27:15 +0600

                        Module:  Frequency Domain: S-Parameter (Win 64)
                        Version: 2024.1 Release from 2023-10-16 (change 1181985)

                      ------------------------------------------------------------------------------
2025-04-13 12:27:15   The low frequency stabilization is not applied to periodic problems.

                      ------------------------------------------------------------------------------
2025-04-13 12:27:15     Calculation 1 of 1 (Frequency: 32 GHz, Theta: 0, Phi: 0)


                      ------------------------------------------------------------------------------
2025-04-13 12:27:16   The wavelength based mesh refinement has been applied to 5.0% of all mesh edges.

                      ------------------------------------------------------------------------------
2025-04-13 12:27:16   Adaptive mesh refinement pass 1

                      ------------------------------------------------------------------------------
2025-04-13 12:27:22   *** Warning ***

2025-04-13 12:27:22   Detected possible stagnation of the iterative solver (5.366426e-02 after 250 iterations.)
                      Please consider aborting the solver run, and check your simulation setup.  More...

                      ------------------------------------------------------------------------------
2025-04-13 12:27:29   *** Warning ***

2025-04-13 12:27:29   The solver stopped because the maximum number of iterations (500, used for automatic solver choice) has been reached.

                      ------------------------------------------------------------------------------
2025-04-13 12:27:29   Solving again, but with the direct solver. Please consider forcing the direct solver in the solver special settings, and
                      check your simulation setup (for instance source and material definitions.)

                      ------------------------------------------------------------------------------
2025-04-13 12:27:30     Matrix setup time        :	0 s
                        Degrees of freedom       :	36312
                        Number of mesh cells     :	5534

                        Stimulation port         :	Zmin
                        Mode number              :	1
                        Accuracy                 :	7.4751e-14
                        Iterations               :	1
                        Solver time              :	0 s


                      ------------------------------------------------------------------------------
2025-04-13 12:27:30   26% of all mesh edges seem to be longer than expected. The adaptive mesh refinement's growth limitation will therefore 
                      use 14459 instead of 3718 mesh cells as a reference.

                      ------------------------------------------------------------------------------
2025-04-13 12:27:30   The wavelength based mesh refinement has been applied to 0.2% of all mesh edges.

                      ------------------------------------------------------------------------------
2025-04-13 12:27:31   For some elements the curvature had to be reduced to maintain the quality of the mesh. More...

                      ------------------------------------------------------------------------------
2025-04-13 12:27:31   Adaptive mesh refinement pass 2

                      ------------------------------------------------------------------------------
2025-04-13 12:27:34     Matrix setup time        :	0 s
                        Solver setup             :	2 s
                        Degrees of freedom       :	77330
                        Number of mesh cells     :	11975

                        Stimulation port         :	Zmin
                        Mode number              :	1
                        Accuracy                 :	4.77277e-14
                        Iterations               :	1
                        Solver time              :	0 s


                      ------------------------------------------------------------------------------
2025-04-13 12:27:34     Delta calculation        
2025-04-13 12:27:34     All S-Parameters         :	0.0105505
2025-04-13 12:27:34   

                      ------------------------------------------------------------------------------
2025-04-13 12:27:35   For some elements the curvature had to be slightly reduced to maintain the quality of the mesh. More...

                      ------------------------------------------------------------------------------
2025-04-13 12:27:35   Adaptive mesh refinement pass 3

                      ------------------------------------------------------------------------------
2025-04-13 12:27:41     Matrix setup time        :	0 s
                        Solver setup             :	4 s
                        Degrees of freedom       :	133118
                        Number of mesh cells     :	20699

                        Stimulation port         :	Zmin
                        Mode number              :	1
                        Accuracy                 :	2.26716e-14
                        Iterations               :	1
                        Solver time              :	0 s


                      ------------------------------------------------------------------------------
2025-04-13 12:27:41     Delta calculation        
2025-04-13 12:27:41     All S-Parameters         :	0.00788396
2025-04-13 12:27:41   

                      ------------------------------------------------------------------------------
2025-04-13 12:27:41   Mesh adaptation terminated because the desired accuracy limit is reached.

                      ------------------------------------------------------------------------------
2025-04-13 12:27:41   *** Warning ***

2025-04-13 12:27:41   At least one propagating Floquet mode is not considered at port Zmin. Please increase the number of modes at this port. 
                      More...

                      ------------------------------------------------------------------------------
2025-04-13 12:27:41   *** Warning ***

2025-04-13 12:27:41   At least one propagating Floquet mode is not considered at port Zmax. Please increase the number of modes at this port. 
                      More...

                      ------------------------------------------------------------------------------
2025-04-13 12:27:41     Total time               :	25 s

                      ------------------------------------------------------------------------------
2025-04-13 12:27:41   

                      ------------------------------------------------------------------------------
2025-04-13 12:27:41     Calculation 2 (Frequency: 20 GHz, Theta: 0, Phi: 0)


                      ------------------------------------------------------------------------------
2025-04-13 12:27:46     Matrix setup time        :	0 s
                        Solver setup             :	3 s
                        Degrees of freedom       :	133118
                        Number of mesh cells     :	20699

                        Stimulation port         :	Zmin
                        Mode number              :	1
                        Accuracy                 :	4.98959e-14
                        Iterations               :	1
                        Solver time              :	0 s


                      ------------------------------------------------------------------------------
2025-04-13 12:27:46     Total time               :	4 s

                      ------------------------------------------------------------------------------
2025-04-13 12:27:46   

                      ------------------------------------------------------------------------------
2025-04-13 12:27:46     Calculation 3 (Frequency: 26 GHz, Theta: 0, Phi: 0)


                      ------------------------------------------------------------------------------
2025-04-13 12:27:50     Matrix setup time        :	0 s
                        Solver setup             :	3 s
                        Degrees of freedom       :	133118
                        Number of mesh cells     :	20699

                        Stimulation port         :	Zmin
                        Mode number              :	1
                        Accuracy                 :	3.96077e-14
                        Iterations               :	1
                        Solver time              :	0 s


                      ------------------------------------------------------------------------------
2025-04-13 12:27:50     Total time               :	3 s

                      ------------------------------------------------------------------------------
2025-04-13 12:27:50   

                      ------------------------------------------------------------------------------
2025-04-13 12:27:50     Calculation 4 (Frequency: 29 GHz, Theta: 0, Phi: 0)


                      ------------------------------------------------------------------------------
2025-04-13 12:27:54     Matrix setup time        :	0 s
                        Solver setup             :	3 s
                        Degrees of freedom       :	133118
                        Number of mesh cells     :	20699

                        Stimulation port         :	Zmin
                        Mode number              :	1
                        Accuracy                 :	5.19557e-14
                        Iterations               :	1
                        Solver time              :	0 s


                      ------------------------------------------------------------------------------
2025-04-13 12:27:54     Total time               :	4 s

                      ------------------------------------------------------------------------------
2025-04-13 12:27:54   

                      ------------------------------------------------------------------------------
2025-04-13 12:27:54     Calculation 5 (Frequency: 23.3 GHz, Theta: 0, Phi: 0)


                      ------------------------------------------------------------------------------
2025-04-13 12:27:58     Matrix setup time        :	0 s
                        Solver setup             :	3 s
                        Degrees of freedom       :	133118
                        Number of mesh cells     :	20699

                        Stimulation port         :	Zmin
                        Mode number              :	1
                        Accuracy                 :	3.45441e-14
                        Iterations               :	1
                        Solver time              :	0 s


                      ------------------------------------------------------------------------------
2025-04-13 12:27:58     Total time               :	4 s

                      ------------------------------------------------------------------------------
2025-04-13 12:27:58   

                      ------------------------------------------------------------------------------
2025-04-13 12:27:58     Calculation 6 (Frequency: 27.368 GHz, Theta: 0, Phi: 0)


                      ------------------------------------------------------------------------------
2025-04-13 12:28:02     Matrix setup time        :	0 s
                        Solver setup             :	3 s
                        Degrees of freedom       :	133118
                        Number of mesh cells     :	20699

                        Stimulation port         :	Zmin
                        Mode number              :	1
                        Accuracy                 :	3.98027e-14
                        Iterations               :	1
                        Solver time              :	0 s


                      ------------------------------------------------------------------------------
2025-04-13 12:28:03     Total time               :	4 s

                      ------------------------------------------------------------------------------
2025-04-13 12:28:03   

                      ------------------------------------------------------------------------------
2025-04-13 12:28:03     Calculation 7 (Frequency: 24.632 GHz, Theta: 0, Phi: 0)


                      ------------------------------------------------------------------------------
2025-04-13 12:28:07     Matrix setup time        :	0 s
                        Solver setup             :	3 s
                        Degrees of freedom       :	133118
                        Number of mesh cells     :	20699

                        Stimulation port         :	Zmin
                        Mode number              :	1
                        Accuracy                 :	3.5487e-14
                        Iterations               :	1
                        Solver time              :	0 s


                      ------------------------------------------------------------------------------
2025-04-13 12:28:07     Total time               :	4 s

                      ------------------------------------------------------------------------------
2025-04-13 12:28:07   

                      ------------------------------------------------------------------------------
2025-04-13 12:28:07     Calculation 8 (Frequency: 27.728 GHz, Theta: 0, Phi: 0)


                      ------------------------------------------------------------------------------
2025-04-13 12:28:11     Matrix setup time        :	0 s
                        Solver setup             :	3 s
                        Degrees of freedom       :	133118
                        Number of mesh cells     :	20699

                        Stimulation port         :	Zmin
                        Mode number              :	1
                        Accuracy                 :	4.93574e-14
                        Iterations               :	1
                        Solver time              :	0 s


                      ------------------------------------------------------------------------------
2025-04-13 12:28:11     Total time               :	4 s

                      ------------------------------------------------------------------------------
2025-04-13 12:28:11   

                      ------------------------------------------------------------------------------
2025-04-13 12:28:11     Calculation 9 (Frequency: 29.66 GHz, Theta: 0, Phi: 0)


                      ------------------------------------------------------------------------------
2025-04-13 12:28:15     Matrix setup time        :	0 s
                        Solver setup             :	3 s
                        Degrees of freedom       :	133118
                        Number of mesh cells     :	20699

                        Stimulation port         :	Zmin
                        Mode number              :	1
                        Accuracy                 :	4.34468e-14
                        Iterations               :	1
                        Solver time              :	0 s


                      ------------------------------------------------------------------------------
2025-04-13 12:28:15     Total time               :	4 s

                      ------------------------------------------------------------------------------
2025-04-13 12:28:15   

                      ------------------------------------------------------------------------------
2025-04-13 12:28:15     Calculation 10 (Frequency: 28.244 GHz, Theta: 0, Phi: 0)


                      ------------------------------------------------------------------------------
2025-04-13 12:28:19     Matrix setup time        :	0 s
                        Solver setup             :	3 s
                        Degrees of freedom       :	133118
                        Number of mesh cells     :	20699

                        Stimulation port         :	Zmin
                        Mode number              :	1
                        Accuracy                 :	4.58015e-14
                        Iterations               :	1
                        Solver time              :	0 s


                      ------------------------------------------------------------------------------
2025-04-13 12:28:19     Total time               :	3 s

                      ------------------------------------------------------------------------------
2025-04-13 12:28:19   

                      ------------------------------------------------------------------------------
2025-04-13 12:28:19     Calculation 11 (Frequency: 29.756 GHz, Theta: 0, Phi: 0)


                      ------------------------------------------------------------------------------
2025-04-13 12:28:23     Matrix setup time        :	0 s
                        Solver setup             :	3 s
                        Degrees of freedom       :	133118
                        Number of mesh cells     :	20699

                        Stimulation port         :	Zmin
                        Mode number              :	1
                        Accuracy                 :	4.62387e-14
                        Iterations               :	1
                        Solver time              :	0 s


                      ------------------------------------------------------------------------------
2025-04-13 12:28:23     Total time               :	4 s

                      ------------------------------------------------------------------------------
2025-04-13 12:28:23   

                      ------------------------------------------------------------------------------
2025-04-13 12:28:23     Calculation 12 (Frequency: 28.4 GHz, Theta: 0, Phi: 0)


                      ------------------------------------------------------------------------------
2025-04-13 12:28:28     Matrix setup time        :	0 s
                        Solver setup             :	3 s
                        Degrees of freedom       :	133118
                        Number of mesh cells     :	20699

                        Stimulation port         :	Zmin
                        Mode number              :	1
                        Accuracy                 :	4.8444e-14
                        Iterations               :	1
                        Solver time              :	0 s


                      ------------------------------------------------------------------------------
2025-04-13 12:28:28     Total time               :	4 s

                      ------------------------------------------------------------------------------
2025-04-13 12:28:28   

                      ------------------------------------------------------------------------------
2025-04-13 12:28:28     Calculation 13 (Frequency: 30.932 GHz, Theta: 0, Phi: 0)


                      ------------------------------------------------------------------------------
2025-04-13 12:28:32     Matrix setup time        :	0 s
                        Solver setup             :	3 s
                        Degrees of freedom       :	133118
                        Number of mesh cells     :	20699

                        Stimulation port         :	Zmin
                        Mode number              :	1
                        Accuracy                 :	3.06769e-14
                        Iterations               :	1
                        Solver time              :	0 s


                      ------------------------------------------------------------------------------
2025-04-13 12:28:32     Total time               :	4 s

                      ------------------------------------------------------------------------------
2025-04-13 12:28:32   

                      ------------------------------------------------------------------------------
2025-04-13 12:28:32     Calculation 14 (Frequency: 26.564 GHz, Theta: 0, Phi: 0)


                      ------------------------------------------------------------------------------
2025-04-13 12:28:36     Matrix setup time        :	0 s
                        Solver setup             :	3 s
                        Degrees of freedom       :	133118
                        Number of mesh cells     :	20699

                        Stimulation port         :	Zmin
                        Mode number              :	1
                        Accuracy                 :	3.80571e-14
                        Iterations               :	1
                        Solver time              :	0 s


                      ------------------------------------------------------------------------------
2025-04-13 12:28:37     Total time               :	4 s

                      ------------------------------------------------------------------------------
2025-04-13 12:28:37   

                      ------------------------------------------------------------------------------
2025-04-13 12:28:37     Calculation 15 (Frequency: 31.328 GHz, Theta: 0, Phi: 0)


                      ------------------------------------------------------------------------------
2025-04-13 12:28:41     Matrix setup time        :	0 s
                        Solver setup             :	3 s
                        Degrees of freedom       :	133118
                        Number of mesh cells     :	20699

                        Stimulation port         :	Zmin
                        Mode number              :	1
                        Accuracy                 :	2.66077e-14
                        Iterations               :	1
                        Solver time              :	0 s


                      ------------------------------------------------------------------------------
2025-04-13 12:28:41     Total time               :	4 s

                      ------------------------------------------------------------------------------
2025-04-13 12:28:41   

                      ------------------------------------------------------------------------------
2025-04-13 12:28:41     Calculation 16 (Frequency: 30.512 GHz, Theta: 0, Phi: 0)


                      ------------------------------------------------------------------------------
2025-04-13 12:28:45     Matrix setup time        :	0 s
                        Solver setup             :	3 s
                        Degrees of freedom       :	133118
                        Number of mesh cells     :	20699

                        Stimulation port         :	Zmin
                        Mode number              :	1
                        Accuracy                 :	3.45621e-14
                        Iterations               :	1
                        Solver time              :	0 s


                      ------------------------------------------------------------------------------
2025-04-13 12:28:45     Total time               :	4 s

                      ------------------------------------------------------------------------------
2025-04-13 12:28:45   

                      ------------------------------------------------------------------------------
2025-04-13 12:28:45     Calculation 17 (Frequency: 26.372 GHz, Theta: 0, Phi: 0)


                      ------------------------------------------------------------------------------
2025-04-13 12:28:49     Matrix setup time        :	0 s
                        Solver setup             :	3 s
                        Degrees of freedom       :	133118
                        Number of mesh cells     :	20699

                        Stimulation port         :	Zmin
                        Mode number              :	1
                        Accuracy                 :	4.65387e-14
                        Iterations               :	1
                        Solver time              :	0 s


                      ------------------------------------------------------------------------------
2025-04-13 12:28:49     Total time               :	4 s

                      ------------------------------------------------------------------------------
2025-04-13 12:28:49   

                      ------------------------------------------------------------------------------
2025-04-13 12:28:49     Calculation 18 (Frequency: 28.712 GHz, Theta: 0, Phi: 0)


                      ------------------------------------------------------------------------------
2025-04-13 12:28:54     Matrix setup time        :	0 s
                        Solver setup             :	3 s
                        Degrees of freedom       :	133118
                        Number of mesh cells     :	20699

                        Stimulation port         :	Zmin
                        Mode number              :	1
                        Accuracy                 :	5.31057e-14
                        Iterations               :	1
                        Solver time              :	0 s


                      ------------------------------------------------------------------------------
2025-04-13 12:28:54     Total time               :	4 s

                      ------------------------------------------------------------------------------
2025-04-13 12:28:54   

                      ------------------------------------------------------------------------------
2025-04-13 12:28:54     Calculation 19 (Frequency: 22.364 GHz, Theta: 0, Phi: 0)


                      ------------------------------------------------------------------------------
2025-04-13 12:28:58     Matrix setup time        :	0 s
                        Solver setup             :	3 s
                        Degrees of freedom       :	133118
                        Number of mesh cells     :	20699

                        Stimulation port         :	Zmin
                        Mode number              :	1
                        Accuracy                 :	6.11898e-14
                        Iterations               :	1
                        Solver time              :	0 s


                      ------------------------------------------------------------------------------
2025-04-13 12:28:58     Total time               :	4 s

                      ------------------------------------------------------------------------------
2025-04-13 12:28:58   

                      ------------------------------------------------------------------------------
2025-04-13 12:28:58     Calculation 20 (Frequency: 23.732 GHz, Theta: 0, Phi: 0)


                      ------------------------------------------------------------------------------
2025-04-13 12:29:03     Matrix setup time        :	0 s
                        Solver setup             :	3 s
                        Degrees of freedom       :	133118
                        Number of mesh cells     :	20699

                        Stimulation port         :	Zmin
                        Mode number              :	1
                        Accuracy                 :	3.88121e-14
                        Iterations               :	1
                        Solver time              :	0 s


                      ------------------------------------------------------------------------------
2025-04-13 12:29:03     Total time               :	4 s

                      ------------------------------------------------------------------------------
2025-04-13 12:29:03   

                      ------------------------------------------------------------------------------
2025-04-13 12:29:03     Calculation 21 (Frequency: 22.076 GHz, Theta: 0, Phi: 0)


                      ------------------------------------------------------------------------------
2025-04-13 12:29:07     Matrix setup time        :	0 s
                        Solver setup             :	4 s
                        Degrees of freedom       :	133118
                        Number of mesh cells     :	20699

                        Stimulation port         :	Zmin
                        Mode number              :	1
                        Accuracy                 :	7.68521e-14
                        Iterations               :	1
                        Solver time              :	0 s


                      ------------------------------------------------------------------------------
2025-04-13 12:29:07     Total time               :	4 s

                      ------------------------------------------------------------------------------
2025-04-13 12:29:07   

                      ------------------------------------------------------------------------------
2025-04-13 12:29:07     Calculation 22 (Frequency: 23.972 GHz, Theta: 0, Phi: 0)


                      ------------------------------------------------------------------------------
2025-04-13 12:29:12     Matrix setup time        :	0 s
                        Solver setup             :	4 s
                        Degrees of freedom       :	133118
                        Number of mesh cells     :	20699

                        Stimulation port         :	Zmin
                        Mode number              :	1
                        Accuracy                 :	2.80299e-14
                        Iterations               :	1
                        Solver time              :	0 s


                      ------------------------------------------------------------------------------
2025-04-13 12:29:12     Total time               :	4 s

                      ------------------------------------------------------------------------------
2025-04-13 12:29:12   

                      ------------------------------------------------------------------------------
2025-04-13 12:29:12     Calculation 23 (Frequency: 26.912 GHz, Theta: 0, Phi: 0)


                      ------------------------------------------------------------------------------
2025-04-13 12:29:17     Matrix setup time        :	0 s
                        Solver setup             :	3 s
                        Degrees of freedom       :	133118
                        Number of mesh cells     :	20699

                        Stimulation port         :	Zmin
                        Mode number              :	1
                        Accuracy                 :	3.62197e-14
                        Iterations               :	1
                        Solver time              :	0 s


                      ------------------------------------------------------------------------------
2025-04-13 12:29:17     Total time               :	4 s

                      ------------------------------------------------------------------------------
2025-04-13 12:29:17   

                      ------------------------------------------------------------------------------
2025-04-13 12:29:17     Calculation 24 (Frequency: 30.248 GHz, Theta: 0, Phi: 0)


                      ------------------------------------------------------------------------------
2025-04-13 12:29:21     Matrix setup time        :	0 s
                        Solver setup             :	3 s
                        Degrees of freedom       :	133118
                        Number of mesh cells     :	20699

                        Stimulation port         :	Zmin
                        Mode number              :	1
                        Accuracy                 :	3.7728e-14
                        Iterations               :	1
                        Solver time              :	0 s


                      ------------------------------------------------------------------------------
2025-04-13 12:29:21     Total time               :	4 s

                      ------------------------------------------------------------------------------
2025-04-13 12:29:21   

                      ------------------------------------------------------------------------------
2025-04-13 12:29:21     Calculation 25 (Frequency: 21.128 GHz, Theta: 0, Phi: 0)


                      ------------------------------------------------------------------------------
2025-04-13 12:29:25     Matrix setup time        :	0 s
                        Solver setup             :	3 s
                        Degrees of freedom       :	133118
                        Number of mesh cells     :	20699

                        Stimulation port         :	Zmin
                        Mode number              :	1
                        Accuracy                 :	4.24005e-14
                        Iterations               :	1
                        Solver time              :	0 s


                      ------------------------------------------------------------------------------
2025-04-13 12:29:25     Total time               :	4 s

                      ------------------------------------------------------------------------------
2025-04-13 12:29:25   

                      ------------------------------------------------------------------------------
2025-04-13 12:29:25     Calculation 26 (Frequency: 22.688 GHz, Theta: 0, Phi: 0)


                      ------------------------------------------------------------------------------
2025-04-13 12:29:30     Matrix setup time        :	0 s
                        Solver setup             :	3 s
                        Degrees of freedom       :	133118
                        Number of mesh cells     :	20699

                        Stimulation port         :	Zmin
                        Mode number              :	1
                        Accuracy                 :	3.9254e-14
                        Iterations               :	1
                        Solver time              :	0 s


                      ------------------------------------------------------------------------------
2025-04-13 12:29:30     Total time               :	4 s

                      ------------------------------------------------------------------------------
2025-04-13 12:29:30   

                      ------------------------------------------------------------------------------
2025-04-13 12:29:30     Calculation 27 (Frequency: 20.84 GHz, Theta: 0, Phi: 0)


                      ------------------------------------------------------------------------------
2025-04-13 12:29:34     Matrix setup time        :	0 s
                        Solver setup             :	3 s
                        Degrees of freedom       :	133118
                        Number of mesh cells     :	20699

                        Stimulation port         :	Zmin
                        Mode number              :	1
                        Accuracy                 :	3.69064e-14
                        Iterations               :	1
                        Solver time              :	0 s


                      ------------------------------------------------------------------------------
2025-04-13 12:29:34     Total time               :	4 s

                      ------------------------------------------------------------------------------
2025-04-13 12:29:34   

                      ------------------------------------------------------------------------------
2025-04-13 12:29:34     Calculation 28 (Frequency: 21.5 GHz, Theta: 0, Phi: 0)


                      ------------------------------------------------------------------------------
2025-04-13 12:29:39     Matrix setup time        :	0 s
                        Solver setup             :	3 s
                        Degrees of freedom       :	133118
                        Number of mesh cells     :	20699

                        Stimulation port         :	Zmin
                        Mode number              :	1
                        Accuracy                 :	5.73871e-14
                        Iterations               :	1
                        Solver time              :	0 s


                      ------------------------------------------------------------------------------
2025-04-13 12:29:39     Total time               :	4 s

                      ------------------------------------------------------------------------------
2025-04-13 12:29:39   

                      ------------------------------------------------------------------------------
2025-04-13 12:29:39     Calculation 29 (Frequency: 24.488 GHz, Theta: 0, Phi: 0)


                      ------------------------------------------------------------------------------
2025-04-13 12:29:43     Matrix setup time        :	0 s
                        Solver setup             :	3 s
                        Degrees of freedom       :	133118
                        Number of mesh cells     :	20699

                        Stimulation port         :	Zmin
                        Mode number              :	1
                        Accuracy                 :	2.47969e-14
                        Iterations               :	1
                        Solver time              :	0 s


                      ------------------------------------------------------------------------------
2025-04-13 12:29:43     Total time               :	4 s

                      ------------------------------------------------------------------------------
2025-04-13 12:29:43   

                      ------------------------------------------------------------------------------
2025-04-13 12:29:43   Finished the general purpose interpolative broadband frequency sweep:
                      All broadband sweep convergence criteria have been satisfied after
                      calculating 29 frequency samples:

                        Broadband sweep error threshold value :  0.01 (All S-Parameters) 
                        Number of error criterion checks      :  2 (All S-Parameters) 
                        Minimum number of samples             :  3
                        Number of data samples, linear        :  1001

                      ------------------------------------------------------------------------------
2025-04-13 12:29:43     Number of mesh cells     :	20699
                        Degrees of freedom       :	132068
                        Total Solver Time        :	149 s	 (= 0 h, 02 m, 29 s)
                      ================================================================================



                      ------------------------------------------------------------------------------
2025-04-13 12:29:43     ----------------------------------------------------------------------------
                                            Peak memory used (kB)         Free physical memory (kB) 
                                                                          At begin     Minimum      
                        ----------------------------------------------------------------------------
                        Solver start        22152                         5321752      5319724      
                        Eq. system setup    2381516                       5361280      4505812      
                        Eq. system solve    2381516                       5315064      2972772      
                        Mesh refinement     1535428                       5300336      4976048      
                        Solver run total    2381516                       5321756      2972772      

                        Computer name       Tahsin
                        ----------------------------------------------------------------------------


                      ------------------------------------------------------------------------------
2025-04-13 12:29:43   Running postprocessing.

                      ------------------------------------------------------------------------------
2025-04-13 12:29:44   Postprocessing finished.

                      ------------------------------------------------------------------------------
