2025-06-13 14:03:32   *** Warning ***

                      Electric isotropic material [Copper (pure)] has a very high conductivity for
                      the given mesh. Depending on your configuration it may be better to use a lossy
                      metal type for this material. More...

                      ------------------------------------------------------------------------------
2025-06-13 14:03:32   In order to get an optimal performance, hyperthreading is ignored for parallel
                      computations.

                      ------------------------------------------------------------------------------
2025-06-13 14:03:34   Units settings: 

                        Dimensions: mm
                        Frequency:  GHz
                        Time:       s

                      ------------------------------------------------------------------------------
2025-06-13 14:03:34   Boundary conditions: 

                        YZsymmetry: none
                        XZsymmetry: none
                        XYsymmetry: none

                        Xmin: unit cell
                        Xmax: unit cell

                        Ymin: unit cell
                        Ymax: unit cell

                        Zmin: expanded open
                        Zmax: expanded open

                      ------------------------------------------------------------------------------
2025-06-13 14:03:34   Order settings: 

                        Solver order   : 2nd (constant)
                        Curved elements: up to order 3 (automatic)

                      ------------------------------------------------------------------------------
2025-06-13 14:03:34   An iterative solver will be used first.

                      ------------------------------------------------------------------------------
2025-06-13 14:03:34     Mesh time                :	1 s


                      ------------------------------------------------------------------------------
2025-06-13 14:03:34   
                      ================================================================================
                      Frequency Domain Solver calculation cycle started

                      ------------------------------------------------------------------------------
2025-06-13 14:03:34   Solver started at: 2025-06-13 14:03:34 +0800

                        Module:  Frequency Domain: S-Parameter (Win 64)
                        Version: 2024.1 Release from 2023-10-16 (change 1181985)

                      ------------------------------------------------------------------------------
2025-06-13 14:03:34   The low frequency stabilization is not applied to periodic problems.

                      ------------------------------------------------------------------------------
2025-06-13 14:03:34     Calculation 1 of 1 (Frequency: 32 GHz, Theta: 0, Phi: 0)


                      ------------------------------------------------------------------------------
2025-06-13 14:03:34   The wavelength based mesh refinement has been applied to 5.8% of all mesh edges.

                      ------------------------------------------------------------------------------
2025-06-13 14:03:35   Adaptive mesh refinement pass 1

                      ------------------------------------------------------------------------------
2025-06-13 14:03:42   *** Warning ***

2025-06-13 14:03:42   Detected possible stagnation of the iterative solver (5.600376e-02 after 250 iterations.)
                      Please consider aborting the solver run, and check your simulation setup.  More...

                      ------------------------------------------------------------------------------
2025-06-13 14:03:49   *** Warning ***

2025-06-13 14:03:49   The solver stopped because the maximum number of iterations (500, used for automatic solver choice) has been reached.

                      ------------------------------------------------------------------------------
2025-06-13 14:03:49   Solving again, but with the direct solver. Please consider forcing the direct solver in the solver special settings, and
                      check your simulation setup (for instance source and material definitions.)

                      ------------------------------------------------------------------------------
2025-06-13 14:03:50     Matrix setup time        :	0 s
                        Degrees of freedom       :	38540
                        Number of mesh cells     :	5884

                        Stimulation port         :	Zmin
                        Mode number              :	1
                        Accuracy                 :	7.7936e-14
                        Iterations               :	1
                        Solver time              :	0 s


                      ------------------------------------------------------------------------------
2025-06-13 14:03:51   24% of all mesh edges seem to be longer than expected. The adaptive mesh refinement's growth limitation will therefore 
                      use 14697 instead of 3753 mesh cells as a reference.

                      ------------------------------------------------------------------------------
2025-06-13 14:03:51   The wavelength based mesh refinement has been applied to 0.2% of all mesh edges.

                      ------------------------------------------------------------------------------
2025-06-13 14:03:51   For some elements the curvature had to be reduced to maintain the quality of the mesh. More...

                      ------------------------------------------------------------------------------
2025-06-13 14:03:52   Adaptive mesh refinement pass 2

                      ------------------------------------------------------------------------------
2025-06-13 14:03:55     Matrix setup time        :	0 s
                        Solver setup             :	2 s
                        Degrees of freedom       :	79974
                        Number of mesh cells     :	12368

                        Stimulation port         :	Zmin
                        Mode number              :	1
                        Accuracy                 :	4.20502e-14
                        Iterations               :	1
                        Solver time              :	0 s


                      ------------------------------------------------------------------------------
2025-06-13 14:03:55     Delta calculation        
2025-06-13 14:03:55     All S-Parameters         :	0.0345458
2025-06-13 14:03:55   

                      ------------------------------------------------------------------------------
2025-06-13 14:03:56   Adaptive mesh refinement pass 3

                      ------------------------------------------------------------------------------
2025-06-13 14:04:02     Matrix setup time        :	0 s
                        Solver setup             :	5 s
                        Degrees of freedom       :	144876
                        Number of mesh cells     :	22535

                        Stimulation port         :	Zmin
                        Mode number              :	1
                        Accuracy                 :	2.81858e-14
                        Iterations               :	1
                        Solver time              :	0 s


                      ------------------------------------------------------------------------------
2025-06-13 14:04:02     Delta calculation        
2025-06-13 14:04:02     All S-Parameters         :	0.00927537
2025-06-13 14:04:02   

                      ------------------------------------------------------------------------------
2025-06-13 14:04:02   Mesh adaptation terminated because the desired accuracy limit is reached.

                      ------------------------------------------------------------------------------
2025-06-13 14:04:02   *** Warning ***

2025-06-13 14:04:02   At least one propagating Floquet mode is not considered at port Zmin. Please increase the number of modes at this port. 
                      More...

                      ------------------------------------------------------------------------------
2025-06-13 14:04:02   *** Warning ***

2025-06-13 14:04:02   At least one propagating Floquet mode is not considered at port Zmax. Please increase the number of modes at this port. 
                      More...

                      ------------------------------------------------------------------------------
2025-06-13 14:04:02     Total time               :	28 s

                      ------------------------------------------------------------------------------
2025-06-13 14:04:02   

                      ------------------------------------------------------------------------------
2025-06-13 14:04:03     Calculation 2 (Frequency: 20 GHz, Theta: 0, Phi: 0)


                      ------------------------------------------------------------------------------
2025-06-13 14:04:07     Matrix setup time        :	0 s
                        Solver setup             :	4 s
                        Degrees of freedom       :	144876
                        Number of mesh cells     :	22535

                        Stimulation port         :	Zmin
                        Mode number              :	1
                        Accuracy                 :	4.8406e-14
                        Iterations               :	1
                        Solver time              :	0 s


                      ------------------------------------------------------------------------------
2025-06-13 14:04:07     Total time               :	4 s

                      ------------------------------------------------------------------------------
2025-06-13 14:04:07   

                      ------------------------------------------------------------------------------
2025-06-13 14:04:07     Calculation 3 (Frequency: 26 GHz, Theta: 0, Phi: 0)


                      ------------------------------------------------------------------------------
2025-06-13 14:04:12     Matrix setup time        :	0 s
                        Solver setup             :	4 s
                        Degrees of freedom       :	144876
                        Number of mesh cells     :	22535

                        Stimulation port         :	Zmin
                        Mode number              :	1
                        Accuracy                 :	2.52252e-14
                        Iterations               :	1
                        Solver time              :	0 s


                      ------------------------------------------------------------------------------
2025-06-13 14:04:12     Total time               :	4 s

                      ------------------------------------------------------------------------------
2025-06-13 14:04:12   

                      ------------------------------------------------------------------------------
2025-06-13 14:04:12     Calculation 4 (Frequency: 29 GHz, Theta: 0, Phi: 0)


                      ------------------------------------------------------------------------------
2025-06-13 14:04:17     Matrix setup time        :	0 s
                        Solver setup             :	4 s
                        Degrees of freedom       :	144876
                        Number of mesh cells     :	22535

                        Stimulation port         :	Zmin
                        Mode number              :	1
                        Accuracy                 :	4.89343e-14
                        Iterations               :	1
                        Solver time              :	0 s


                      ------------------------------------------------------------------------------
2025-06-13 14:04:17     Total time               :	4 s

                      ------------------------------------------------------------------------------
2025-06-13 14:04:17   

                      ------------------------------------------------------------------------------
2025-06-13 14:04:17     Calculation 5 (Frequency: 23.492 GHz, Theta: 0, Phi: 0)


                      ------------------------------------------------------------------------------
2025-06-13 14:04:22     Matrix setup time        :	0 s
                        Solver setup             :	4 s
                        Degrees of freedom       :	144876
                        Number of mesh cells     :	22535

                        Stimulation port         :	Zmin
                        Mode number              :	1
                        Accuracy                 :	3.74763e-14
                        Iterations               :	1
                        Solver time              :	0 s


                      ------------------------------------------------------------------------------
2025-06-13 14:04:22     Total time               :	4 s

                      ------------------------------------------------------------------------------
2025-06-13 14:04:22   

                      ------------------------------------------------------------------------------
2025-06-13 14:04:22     Calculation 6 (Frequency: 27.416 GHz, Theta: 0, Phi: 0)


                      ------------------------------------------------------------------------------
2025-06-13 14:04:26     Matrix setup time        :	0 s
                        Solver setup             :	4 s
                        Degrees of freedom       :	144876
                        Number of mesh cells     :	22535

                        Stimulation port         :	Zmin
                        Mode number              :	1
                        Accuracy                 :	3.05124e-14
                        Iterations               :	1
                        Solver time              :	0 s


                      ------------------------------------------------------------------------------
2025-06-13 14:04:27     Total time               :	4 s

                      ------------------------------------------------------------------------------
2025-06-13 14:04:27   

                      ------------------------------------------------------------------------------
2025-06-13 14:04:27     Calculation 7 (Frequency: 22.112 GHz, Theta: 0, Phi: 0)


                      ------------------------------------------------------------------------------
2025-06-13 14:04:31     Matrix setup time        :	0 s
                        Solver setup             :	4 s
                        Degrees of freedom       :	144876
                        Number of mesh cells     :	22535

                        Stimulation port         :	Zmin
                        Mode number              :	1
                        Accuracy                 :	5.91186e-14
                        Iterations               :	1
                        Solver time              :	0 s


                      ------------------------------------------------------------------------------
2025-06-13 14:04:31     Total time               :	4 s

                      ------------------------------------------------------------------------------
2025-06-13 14:04:31   

                      ------------------------------------------------------------------------------
2025-06-13 14:04:31     Calculation 8 (Frequency: 24.044 GHz, Theta: 0, Phi: 0)


                      ------------------------------------------------------------------------------
2025-06-13 14:04:36     Matrix setup time        :	0 s
                        Solver setup             :	4 s
                        Degrees of freedom       :	144876
                        Number of mesh cells     :	22535

                        Stimulation port         :	Zmin
                        Mode number              :	1
                        Accuracy                 :	3.02661e-14
                        Iterations               :	1
                        Solver time              :	0 s


                      ------------------------------------------------------------------------------
2025-06-13 14:04:36     Total time               :	4 s

                      ------------------------------------------------------------------------------
2025-06-13 14:04:36   

                      ------------------------------------------------------------------------------
2025-06-13 14:04:36     Calculation 9 (Frequency: 23.048 GHz, Theta: 0, Phi: 0)


                      ------------------------------------------------------------------------------
2025-06-13 14:04:41     Matrix setup time        :	0 s
                        Solver setup             :	4 s
                        Degrees of freedom       :	144876
                        Number of mesh cells     :	22535

                        Stimulation port         :	Zmin
                        Mode number              :	1
                        Accuracy                 :	3.5652e-14
                        Iterations               :	1
                        Solver time              :	0 s


                      ------------------------------------------------------------------------------
2025-06-13 14:04:41     Total time               :	4 s

                      ------------------------------------------------------------------------------
2025-06-13 14:04:41   

                      ------------------------------------------------------------------------------
2025-06-13 14:04:41     Calculation 10 (Frequency: 24.764 GHz, Theta: 0, Phi: 0)


                      ------------------------------------------------------------------------------
2025-06-13 14:04:46     Matrix setup time        :	0 s
                        Solver setup             :	4 s
                        Degrees of freedom       :	144876
                        Number of mesh cells     :	22535

                        Stimulation port         :	Zmin
                        Mode number              :	1
                        Accuracy                 :	2.70604e-14
                        Iterations               :	1
                        Solver time              :	0 s


                      ------------------------------------------------------------------------------
2025-06-13 14:04:46     Total time               :	4 s

                      ------------------------------------------------------------------------------
2025-06-13 14:04:46   

                      ------------------------------------------------------------------------------
2025-06-13 14:04:46     Calculation 11 (Frequency: 22.856 GHz, Theta: 0, Phi: 0)


                      ------------------------------------------------------------------------------
2025-06-13 14:04:51     Matrix setup time        :	0 s
                        Solver setup             :	4 s
                        Degrees of freedom       :	144876
                        Number of mesh cells     :	22535

                        Stimulation port         :	Zmin
                        Mode number              :	1
                        Accuracy                 :	4.18568e-14
                        Iterations               :	1
                        Solver time              :	0 s


                      ------------------------------------------------------------------------------
2025-06-13 14:04:51     Total time               :	4 s

                      ------------------------------------------------------------------------------
2025-06-13 14:04:51   

                      ------------------------------------------------------------------------------
2025-06-13 14:04:51     Calculation 12 (Frequency: 21.992 GHz, Theta: 0, Phi: 0)


                      ------------------------------------------------------------------------------
2025-06-13 14:04:55     Matrix setup time        :	0 s
                        Solver setup             :	4 s
                        Degrees of freedom       :	144876
                        Number of mesh cells     :	22535

                        Stimulation port         :	Zmin
                        Mode number              :	1
                        Accuracy                 :	5.74263e-14
                        Iterations               :	1
                        Solver time              :	0 s


                      ------------------------------------------------------------------------------
2025-06-13 14:04:56     Total time               :	4 s

                      ------------------------------------------------------------------------------
2025-06-13 14:04:56   

                      ------------------------------------------------------------------------------
2025-06-13 14:04:56     Calculation 13 (Frequency: 27.164 GHz, Theta: 0, Phi: 0)


                      ------------------------------------------------------------------------------
2025-06-13 14:05:00     Matrix setup time        :	0 s
                        Solver setup             :	4 s
                        Degrees of freedom       :	144876
                        Number of mesh cells     :	22535

                        Stimulation port         :	Zmin
                        Mode number              :	1
                        Accuracy                 :	3.27238e-14
                        Iterations               :	1
                        Solver time              :	0 s


                      ------------------------------------------------------------------------------
2025-06-13 14:05:00     Total time               :	4 s

                      ------------------------------------------------------------------------------
2025-06-13 14:05:00   

                      ------------------------------------------------------------------------------
2025-06-13 14:05:00     Calculation 14 (Frequency: 22.388 GHz, Theta: 0, Phi: 0)


                      ------------------------------------------------------------------------------
2025-06-13 14:05:05     Matrix setup time        :	0 s
                        Solver setup             :	4 s
                        Degrees of freedom       :	144876
                        Number of mesh cells     :	22535

                        Stimulation port         :	Zmin
                        Mode number              :	1
                        Accuracy                 :	5.31863e-14
                        Iterations               :	1
                        Solver time              :	0 s


                      ------------------------------------------------------------------------------
2025-06-13 14:05:05     Total time               :	4 s

                      ------------------------------------------------------------------------------
2025-06-13 14:05:05   

                      ------------------------------------------------------------------------------
2025-06-13 14:05:05     Calculation 15 (Frequency: 21.416 GHz, Theta: 0, Phi: 0)


                      ------------------------------------------------------------------------------
2025-06-13 14:05:10     Matrix setup time        :	0 s
                        Solver setup             :	4 s
                        Degrees of freedom       :	144876
                        Number of mesh cells     :	22535

                        Stimulation port         :	Zmin
                        Mode number              :	1
                        Accuracy                 :	7.08655e-14
                        Iterations               :	1
                        Solver time              :	0 s


                      ------------------------------------------------------------------------------
2025-06-13 14:05:10     Total time               :	4 s

                      ------------------------------------------------------------------------------
2025-06-13 14:05:10   

                      ------------------------------------------------------------------------------
2025-06-13 14:05:10     Calculation 16 (Frequency: 26.672 GHz, Theta: 0, Phi: 0)


                      ------------------------------------------------------------------------------
2025-06-13 14:05:15     Matrix setup time        :	0 s
                        Solver setup             :	4 s
                        Degrees of freedom       :	144876
                        Number of mesh cells     :	22535

                        Stimulation port         :	Zmin
                        Mode number              :	1
                        Accuracy                 :	3.28608e-14
                        Iterations               :	1
                        Solver time              :	0 s


                      ------------------------------------------------------------------------------
2025-06-13 14:05:15     Total time               :	4 s

                      ------------------------------------------------------------------------------
2025-06-13 14:05:15   

                      ------------------------------------------------------------------------------
2025-06-13 14:05:15     Calculation 17 (Frequency: 30.5 GHz, Theta: 0, Phi: 0)


                      ------------------------------------------------------------------------------
2025-06-13 14:05:19     Matrix setup time        :	0 s
                        Solver setup             :	4 s
                        Degrees of freedom       :	144876
                        Number of mesh cells     :	22535

                        Stimulation port         :	Zmin
                        Mode number              :	1
                        Accuracy                 :	4.19398e-14
                        Iterations               :	1
                        Solver time              :	0 s


                      ------------------------------------------------------------------------------
2025-06-13 14:05:20     Total time               :	4 s

                      ------------------------------------------------------------------------------
2025-06-13 14:05:20   

                      ------------------------------------------------------------------------------
2025-06-13 14:05:20     Calculation 18 (Frequency: 20.864 GHz, Theta: 0, Phi: 0)


                      ------------------------------------------------------------------------------
2025-06-13 14:05:24     Matrix setup time        :	0 s
                        Solver setup             :	4 s
                        Degrees of freedom       :	144876
                        Number of mesh cells     :	22535

                        Stimulation port         :	Zmin
                        Mode number              :	1
                        Accuracy                 :	3.78861e-14
                        Iterations               :	1
                        Solver time              :	0 s


                      ------------------------------------------------------------------------------
2025-06-13 14:05:24     Total time               :	4 s

                      ------------------------------------------------------------------------------
2025-06-13 14:05:24   

                      ------------------------------------------------------------------------------
2025-06-13 14:05:24     Calculation 19 (Frequency: 30.764 GHz, Theta: 0, Phi: 0)


                      ------------------------------------------------------------------------------
2025-06-13 14:05:29     Matrix setup time        :	0 s
                        Solver setup             :	4 s
                        Degrees of freedom       :	144876
                        Number of mesh cells     :	22535

                        Stimulation port         :	Zmin
                        Mode number              :	1
                        Accuracy                 :	3.97069e-14
                        Iterations               :	1
                        Solver time              :	0 s


                      ------------------------------------------------------------------------------
2025-06-13 14:05:29     Total time               :	4 s

                      ------------------------------------------------------------------------------
2025-06-13 14:05:29   

                      ------------------------------------------------------------------------------
2025-06-13 14:05:29     Calculation 20 (Frequency: 30.272 GHz, Theta: 0, Phi: 0)


                      ------------------------------------------------------------------------------
2025-06-13 14:05:34     Matrix setup time        :	0 s
                        Solver setup             :	4 s
                        Degrees of freedom       :	144876
                        Number of mesh cells     :	22535

                        Stimulation port         :	Zmin
                        Mode number              :	1
                        Accuracy                 :	5.30596e-14
                        Iterations               :	1
                        Solver time              :	0 s


                      ------------------------------------------------------------------------------
2025-06-13 14:05:34     Total time               :	4 s

                      ------------------------------------------------------------------------------
2025-06-13 14:05:34   

                      ------------------------------------------------------------------------------
2025-06-13 14:05:34     Calculation 21 (Frequency: 31.52 GHz, Theta: 0, Phi: 0)


                      ------------------------------------------------------------------------------
2025-06-13 14:05:39     Matrix setup time        :	0 s
                        Solver setup             :	4 s
                        Degrees of freedom       :	144876
                        Number of mesh cells     :	22535

                        Stimulation port         :	Zmin
                        Mode number              :	1
                        Accuracy                 :	2.21044e-14
                        Iterations               :	1
                        Solver time              :	0 s


                      ------------------------------------------------------------------------------
2025-06-13 14:05:40     Total time               :	5 s

                      ------------------------------------------------------------------------------
2025-06-13 14:05:40   

                      ------------------------------------------------------------------------------
2025-06-13 14:05:40     Calculation 22 (Frequency: 26.372 GHz, Theta: 0, Phi: 0)


                      ------------------------------------------------------------------------------
2025-06-13 14:05:45     Matrix setup time        :	0 s
                        Solver setup             :	4 s
                        Degrees of freedom       :	144876
                        Number of mesh cells     :	22535

                        Stimulation port         :	Zmin
                        Mode number              :	1
                        Accuracy                 :	3.70377e-14
                        Iterations               :	1
                        Solver time              :	0 s


                      ------------------------------------------------------------------------------
2025-06-13 14:05:45     Total time               :	4 s

                      ------------------------------------------------------------------------------
2025-06-13 14:05:45   

                      ------------------------------------------------------------------------------
2025-06-13 14:05:45     Calculation 23 (Frequency: 28.304 GHz, Theta: 0, Phi: 0)


                      ------------------------------------------------------------------------------
2025-06-13 14:05:50     Matrix setup time        :	0 s
                        Solver setup             :	4 s
                        Degrees of freedom       :	144876
                        Number of mesh cells     :	22535

                        Stimulation port         :	Zmin
                        Mode number              :	1
                        Accuracy                 :	3.99398e-14
                        Iterations               :	1
                        Solver time              :	0 s


                      ------------------------------------------------------------------------------
2025-06-13 14:05:50     Total time               :	5 s

                      ------------------------------------------------------------------------------
2025-06-13 14:05:50   

                      ------------------------------------------------------------------------------
2025-06-13 14:05:50     Calculation 24 (Frequency: 29.432 GHz, Theta: 0, Phi: 0)


                      ------------------------------------------------------------------------------
2025-06-13 14:05:55     Matrix setup time        :	0 s
                        Solver setup             :	4 s
                        Degrees of freedom       :	144876
                        Number of mesh cells     :	22535

                        Stimulation port         :	Zmin
                        Mode number              :	1
                        Accuracy                 :	8.05143e-14
                        Iterations               :	1
                        Solver time              :	0 s


                      ------------------------------------------------------------------------------
2025-06-13 14:05:55     Total time               :	4 s

                      ------------------------------------------------------------------------------
2025-06-13 14:05:55   

                      ------------------------------------------------------------------------------
2025-06-13 14:05:55     Calculation 25 (Frequency: 28.7 GHz, Theta: 0, Phi: 0)


                      ------------------------------------------------------------------------------
2025-06-13 14:06:00     Matrix setup time        :	0 s
                        Solver setup             :	4 s
                        Degrees of freedom       :	144876
                        Number of mesh cells     :	22535

                        Stimulation port         :	Zmin
                        Mode number              :	1
                        Accuracy                 :	4.74644e-14
                        Iterations               :	1
                        Solver time              :	0 s


                      ------------------------------------------------------------------------------
2025-06-13 14:06:00     Total time               :	5 s

                      ------------------------------------------------------------------------------
2025-06-13 14:06:00   

                      ------------------------------------------------------------------------------
2025-06-13 14:06:00     Calculation 26 (Frequency: 29.984 GHz, Theta: 0, Phi: 0)


                      ------------------------------------------------------------------------------
2025-06-13 14:06:05     Matrix setup time        :	0 s
                        Solver setup             :	4 s
                        Degrees of freedom       :	144876
                        Number of mesh cells     :	22535

                        Stimulation port         :	Zmin
                        Mode number              :	1
                        Accuracy                 :	4.10947e-14
                        Iterations               :	1
                        Solver time              :	0 s


                      ------------------------------------------------------------------------------
2025-06-13 14:06:05     Total time               :	4 s

                      ------------------------------------------------------------------------------
2025-06-13 14:06:05   

                      ------------------------------------------------------------------------------
2025-06-13 14:06:05     Calculation 27 (Frequency: 31.112 GHz, Theta: 0, Phi: 0)


                      ------------------------------------------------------------------------------
2025-06-13 14:06:10     Matrix setup time        :	0 s
                        Solver setup             :	4 s
                        Degrees of freedom       :	144876
                        Number of mesh cells     :	22535

                        Stimulation port         :	Zmin
                        Mode number              :	1
                        Accuracy                 :	2.52332e-14
                        Iterations               :	1
                        Solver time              :	0 s


                      ------------------------------------------------------------------------------
2025-06-13 14:06:10     Total time               :	4 s

                      ------------------------------------------------------------------------------
2025-06-13 14:06:10   

                      ------------------------------------------------------------------------------
2025-06-13 14:06:10     Calculation 28 (Frequency: 27.884 GHz, Theta: 0, Phi: 0)


                      ------------------------------------------------------------------------------
2025-06-13 14:06:15     Matrix setup time        :	0 s
                        Solver setup             :	4 s
                        Degrees of freedom       :	144876
                        Number of mesh cells     :	22535

                        Stimulation port         :	Zmin
                        Mode number              :	1
                        Accuracy                 :	3.93579e-14
                        Iterations               :	1
                        Solver time              :	0 s


                      ------------------------------------------------------------------------------
2025-06-13 14:06:15     Total time               :	4 s

                      ------------------------------------------------------------------------------
2025-06-13 14:06:15   

                      ------------------------------------------------------------------------------
2025-06-13 14:06:15     Calculation 29 (Frequency: 24.476 GHz, Theta: 0, Phi: 0)


                      ------------------------------------------------------------------------------
2025-06-13 14:06:20     Matrix setup time        :	0 s
                        Solver setup             :	4 s
                        Degrees of freedom       :	144876
                        Number of mesh cells     :	22535

                        Stimulation port         :	Zmin
                        Mode number              :	1
                        Accuracy                 :	2.62856e-14
                        Iterations               :	1
                        Solver time              :	0 s


                      ------------------------------------------------------------------------------
2025-06-13 14:06:20     Total time               :	5 s

                      ------------------------------------------------------------------------------
2025-06-13 14:06:20   

                      ------------------------------------------------------------------------------
2025-06-13 14:06:20   Finished the general purpose interpolative broadband frequency sweep:
                      All broadband sweep convergence criteria have been satisfied after
                      calculating 29 frequency samples:

                        Broadband sweep error threshold value :  0.01 (All S-Parameters) 
                        Number of error criterion checks      :  2 (All S-Parameters) 
                        Minimum number of samples             :  3
                        Number of data samples, linear        :  1001

                      ------------------------------------------------------------------------------
2025-06-13 14:06:20     Number of mesh cells     :	22535
                        Degrees of freedom       :	143734
                        Total Solver Time        :	167 s	 (= 0 h, 02 m, 47 s)
                      ================================================================================



                      ------------------------------------------------------------------------------
2025-06-13 14:06:21     ----------------------------------------------------------------------------
                                            Peak memory used (kB)         Free physical memory (kB) 
                                                                          At begin     Minimum      
                        ----------------------------------------------------------------------------
                        Solver start        22228                         8769080      8768328      
                        Eq. system setup    2564216                       8749440      7888228      
                        Eq. system solve    2564216                       8702316      6256160      
                        Mesh refinement     1278432                       8523344      8523308      
                        Solver run total    2564216                       8769084      6256160      

                        Computer name       Tahsin
                        ----------------------------------------------------------------------------


                      ------------------------------------------------------------------------------
2025-06-13 14:06:21   Running postprocessing.

                      ------------------------------------------------------------------------------
2025-06-13 14:06:21   Postprocessing finished.

                      ------------------------------------------------------------------------------
