2025-04-05 13:29:37   *** Warning ***

                      Electric isotropic material [Copper (pure)] has a very high conductivity for
                      the given mesh. Depending on your configuration it may be better to use a lossy
                      metal type for this material. More...

                      ------------------------------------------------------------------------------
2025-04-05 13:29:37   In order to get an optimal performance, hyperthreading is ignored for parallel
                      computations.

                      ------------------------------------------------------------------------------
2025-04-05 13:29:39   Units settings: 

                        Dimensions: mm
                        Frequency:  GHz
                        Time:       s

                      ------------------------------------------------------------------------------
2025-04-05 13:29:39   Boundary conditions: 

                        YZsymmetry: none
                        XZsymmetry: none
                        XYsymmetry: none

                        Xmin: unit cell
                        Xmax: unit cell

                        Ymin: unit cell
                        Ymax: unit cell

                        Zmin: expanded open
                        Zmax: expanded open

                      ------------------------------------------------------------------------------
2025-04-05 13:29:39   Order settings: 

                        Solver order   : 2nd (constant)
                        Curved elements: up to order 3 (automatic)

                      ------------------------------------------------------------------------------
2025-04-05 13:29:39   An iterative solver will be used first.

                      ------------------------------------------------------------------------------
2025-04-05 13:29:39     Mesh time                :	2 s


                      ------------------------------------------------------------------------------
2025-04-05 13:29:39   
                      ================================================================================
                      Frequency Domain Solver calculation cycle started

                      ------------------------------------------------------------------------------
2025-04-05 13:29:39   Solver started at: 2025-04-05 13:29:39 +0600

                        Module:  Frequency Domain: S-Parameter (Win 64)
                        Version: 2024.1 Release from 2023-10-16 (change 1181985)

                      ------------------------------------------------------------------------------
2025-04-05 13:29:39   The low frequency stabilization is not applied to periodic problems.

                      ------------------------------------------------------------------------------
2025-04-05 13:29:39     Calculation 1 of 1 (Frequency: 32 GHz, Theta: 0, Phi: 0)


                      ------------------------------------------------------------------------------
2025-04-05 13:29:40   The wavelength based mesh refinement has been applied to 6.1% of all mesh edges.

                      ------------------------------------------------------------------------------
2025-04-05 13:29:40   For some elements the curvature had to be reduced to maintain the quality of the mesh. More...

                      ------------------------------------------------------------------------------
2025-04-05 13:29:40   Adaptive mesh refinement pass 1

                      ------------------------------------------------------------------------------
2025-04-05 13:29:49   *** Warning ***

2025-04-05 13:29:49   Detected possible stagnation of the iterative solver (5.147358e-02 after 250 iterations.)
                      Please consider aborting the solver run, and check your simulation setup.  More...

                      ------------------------------------------------------------------------------
2025-04-05 13:29:58   *** Warning ***

2025-04-05 13:29:58   The solver stopped because the maximum number of iterations (500, used for automatic solver choice) has been reached.

                      ------------------------------------------------------------------------------
2025-04-05 13:29:58   Solving again, but with the direct solver. Please consider forcing the direct solver in the solver special settings, and
                      check your simulation setup (for instance source and material definitions.)

                      ------------------------------------------------------------------------------
2025-04-05 13:30:00     Matrix setup time        :	0 s
                        Solver setup             :	1 s
                        Degrees of freedom       :	41278
                        Number of mesh cells     :	6315

                        Stimulation port         :	Zmin
                        Mode number              :	1
                        Accuracy                 :	6.95658e-14
                        Iterations               :	1
                        Solver time              :	0 s


                      ------------------------------------------------------------------------------
2025-04-05 13:30:00   20% of all mesh edges seem to be longer than expected. The adaptive mesh refinement's growth limitation will therefore 
                      use 14088 instead of 3949 mesh cells as a reference.

                      ------------------------------------------------------------------------------
2025-04-05 13:30:00   The wavelength based mesh refinement has been applied to 0.2% of all mesh edges.

                      ------------------------------------------------------------------------------
2025-04-05 13:30:01   For some elements the curvature had to be reduced to maintain the quality of the mesh. More...

                      ------------------------------------------------------------------------------
2025-04-05 13:30:01   Adaptive mesh refinement pass 2

                      ------------------------------------------------------------------------------
2025-04-05 13:30:04     Matrix setup time        :	0 s
                        Solver setup             :	2 s
                        Degrees of freedom       :	81124
                        Number of mesh cells     :	12552

                        Stimulation port         :	Zmin
                        Mode number              :	1
                        Accuracy                 :	3.83052e-14
                        Iterations               :	1
                        Solver time              :	0 s


                      ------------------------------------------------------------------------------
2025-04-05 13:30:04     Delta calculation        
2025-04-05 13:30:04     All S-Parameters         :	0.0375034
2025-04-05 13:30:04   

                      ------------------------------------------------------------------------------
2025-04-05 13:30:06   For some elements the curvature had to be reduced to maintain the quality of the mesh. More...

                      ------------------------------------------------------------------------------
2025-04-05 13:30:06   Adaptive mesh refinement pass 3

                      ------------------------------------------------------------------------------
2025-04-05 13:30:12     Matrix setup time        :	0 s
                        Solver setup             :	5 s
                        Degrees of freedom       :	139892
                        Number of mesh cells     :	21752

                        Stimulation port         :	Zmin
                        Mode number              :	1
                        Accuracy                 :	2.24864e-14
                        Iterations               :	1
                        Solver time              :	0 s


                      ------------------------------------------------------------------------------
2025-04-05 13:30:12     Delta calculation        
2025-04-05 13:30:12     All S-Parameters         :	0.0214186
2025-04-05 13:30:12   

                      ------------------------------------------------------------------------------
2025-04-05 13:30:14   For some elements the curvature had to be reduced to maintain the quality of the mesh. More...

                      ------------------------------------------------------------------------------
2025-04-05 13:30:15   Adaptive mesh refinement pass 4

                      ------------------------------------------------------------------------------
2025-04-05 13:30:25     Matrix setup time        :	0 s
                        Solver setup             :	9 s
                        Degrees of freedom       :	207288
                        Number of mesh cells     :	32256

                        Stimulation port         :	Zmin
                        Mode number              :	1
                        Accuracy                 :	2.84801e-14
                        Iterations               :	1
                        Solver time              :	0 s


                      ------------------------------------------------------------------------------
2025-04-05 13:30:26     Delta calculation        
2025-04-05 13:30:26     All S-Parameters         :	0.0103779
2025-04-05 13:30:26   

                      ------------------------------------------------------------------------------
2025-04-05 13:30:26   Mesh adaptation terminated because the desired accuracy limit is reached.

                      ------------------------------------------------------------------------------
2025-04-05 13:30:26   *** Warning ***

2025-04-05 13:30:26   At least one propagating Floquet mode is not considered at port Zmin. Please increase the number of modes at this port. 
                      More...

                      ------------------------------------------------------------------------------
2025-04-05 13:30:26   *** Warning ***

2025-04-05 13:30:26   At least one propagating Floquet mode is not considered at port Zmax. Please increase the number of modes at this port. 
                      More...

                      ------------------------------------------------------------------------------
2025-04-05 13:30:26     Total time               :	46 s

                      ------------------------------------------------------------------------------
2025-04-05 13:30:26   

                      ------------------------------------------------------------------------------
2025-04-05 13:30:26     Calculation 2 (Frequency: 20 GHz, Theta: 0, Phi: 0)


                      ------------------------------------------------------------------------------
2025-04-05 13:30:34     Matrix setup time        :	0 s
                        Solver setup             :	7 s
                        Degrees of freedom       :	207288
                        Number of mesh cells     :	32256

                        Stimulation port         :	Zmin
                        Mode number              :	1
                        Accuracy                 :	2.87814e-14
                        Iterations               :	1
                        Solver time              :	0 s


                      ------------------------------------------------------------------------------
2025-04-05 13:30:35     Total time               :	8 s

                      ------------------------------------------------------------------------------
2025-04-05 13:30:35   

                      ------------------------------------------------------------------------------
2025-04-05 13:30:35     Calculation 3 (Frequency: 26 GHz, Theta: 0, Phi: 0)


                      ------------------------------------------------------------------------------
2025-04-05 13:30:43     Matrix setup time        :	0 s
                        Solver setup             :	7 s
                        Degrees of freedom       :	207288
                        Number of mesh cells     :	32256

                        Stimulation port         :	Zmin
                        Mode number              :	1
                        Accuracy                 :	2.58312e-14
                        Iterations               :	1
                        Solver time              :	0 s


                      ------------------------------------------------------------------------------
2025-04-05 13:30:43     Total time               :	8 s

                      ------------------------------------------------------------------------------
2025-04-05 13:30:43   

                      ------------------------------------------------------------------------------
2025-04-05 13:30:43     Calculation 4 (Frequency: 29 GHz, Theta: 0, Phi: 0)


                      ------------------------------------------------------------------------------
2025-04-05 13:30:52     Matrix setup time        :	0 s
                        Solver setup             :	7 s
                        Degrees of freedom       :	207288
                        Number of mesh cells     :	32256

                        Stimulation port         :	Zmin
                        Mode number              :	1
                        Accuracy                 :	3.50338e-14
                        Iterations               :	1
                        Solver time              :	0 s


                      ------------------------------------------------------------------------------
2025-04-05 13:30:52     Total time               :	8 s

                      ------------------------------------------------------------------------------
2025-04-05 13:30:52   

                      ------------------------------------------------------------------------------
2025-04-05 13:30:52     Calculation 5 (Frequency: 23.312 GHz, Theta: 0, Phi: 0)


                      ------------------------------------------------------------------------------
2025-04-05 13:31:01     Matrix setup time        :	0 s
                        Solver setup             :	8 s
                        Degrees of freedom       :	207288
                        Number of mesh cells     :	32256

                        Stimulation port         :	Zmin
                        Mode number              :	1
                        Accuracy                 :	5.39812e-14
                        Iterations               :	1
                        Solver time              :	0 s


                      ------------------------------------------------------------------------------
2025-04-05 13:31:01     Total time               :	8 s

                      ------------------------------------------------------------------------------
2025-04-05 13:31:01   

                      ------------------------------------------------------------------------------
2025-04-05 13:31:01     Calculation 6 (Frequency: 26.36 GHz, Theta: 0, Phi: 0)


                      ------------------------------------------------------------------------------
2025-04-05 13:31:09     Matrix setup time        :	0 s
                        Solver setup             :	7 s
                        Degrees of freedom       :	207288
                        Number of mesh cells     :	32256

                        Stimulation port         :	Zmin
                        Mode number              :	1
                        Accuracy                 :	2.31722e-14
                        Iterations               :	1
                        Solver time              :	0 s


                      ------------------------------------------------------------------------------
2025-04-05 13:31:10     Total time               :	8 s

                      ------------------------------------------------------------------------------
2025-04-05 13:31:10   

                      ------------------------------------------------------------------------------
2025-04-05 13:31:10     Calculation 7 (Frequency: 25.628 GHz, Theta: 0, Phi: 0)


                      ------------------------------------------------------------------------------
2025-04-05 13:31:18     Matrix setup time        :	0 s
                        Solver setup             :	7 s
                        Degrees of freedom       :	207288
                        Number of mesh cells     :	32256

                        Stimulation port         :	Zmin
                        Mode number              :	1
                        Accuracy                 :	2.29851e-14
                        Iterations               :	1
                        Solver time              :	0 s


                      ------------------------------------------------------------------------------
2025-04-05 13:31:19     Total time               :	8 s

                      ------------------------------------------------------------------------------
2025-04-05 13:31:19   

                      ------------------------------------------------------------------------------
2025-04-05 13:31:19     Calculation 8 (Frequency: 26.696 GHz, Theta: 0, Phi: 0)


                      ------------------------------------------------------------------------------
2025-04-05 13:31:27     Matrix setup time        :	0 s
                        Solver setup             :	7 s
                        Degrees of freedom       :	207288
                        Number of mesh cells     :	32256

                        Stimulation port         :	Zmin
                        Mode number              :	1
                        Accuracy                 :	2.66956e-14
                        Iterations               :	1
                        Solver time              :	0 s


                      ------------------------------------------------------------------------------
2025-04-05 13:31:27     Total time               :	8 s

                      ------------------------------------------------------------------------------
2025-04-05 13:31:27   

                      ------------------------------------------------------------------------------
2025-04-05 13:31:27     Calculation 9 (Frequency: 31.148 GHz, Theta: 0, Phi: 0)


                      ------------------------------------------------------------------------------
2025-04-05 13:31:36     Matrix setup time        :	0 s
                        Solver setup             :	7 s
                        Degrees of freedom       :	207288
                        Number of mesh cells     :	32256

                        Stimulation port         :	Zmin
                        Mode number              :	1
                        Accuracy                 :	2.95808e-14
                        Iterations               :	1
                        Solver time              :	0 s


                      ------------------------------------------------------------------------------
2025-04-05 13:31:36     Total time               :	8 s

                      ------------------------------------------------------------------------------
2025-04-05 13:31:36   

                      ------------------------------------------------------------------------------
2025-04-05 13:31:36     Calculation 10 (Frequency: 27.104 GHz, Theta: 0, Phi: 0)


                      ------------------------------------------------------------------------------
2025-04-05 13:31:45     Matrix setup time        :	0 s
                        Solver setup             :	7 s
                        Degrees of freedom       :	207288
                        Number of mesh cells     :	32256

                        Stimulation port         :	Zmin
                        Mode number              :	1
                        Accuracy                 :	3.23493e-14
                        Iterations               :	1
                        Solver time              :	0 s


                      ------------------------------------------------------------------------------
2025-04-05 13:31:45     Total time               :	8 s

                      ------------------------------------------------------------------------------
2025-04-05 13:31:45   

                      ------------------------------------------------------------------------------
2025-04-05 13:31:45     Calculation 11 (Frequency: 30.62 GHz, Theta: 0, Phi: 0)


                      ------------------------------------------------------------------------------
2025-04-05 13:31:54     Matrix setup time        :	0 s
                        Solver setup             :	8 s
                        Degrees of freedom       :	207288
                        Number of mesh cells     :	32256

                        Stimulation port         :	Zmin
                        Mode number              :	1
                        Accuracy                 :	3.31705e-14
                        Iterations               :	1
                        Solver time              :	0 s


                      ------------------------------------------------------------------------------
2025-04-05 13:31:54     Total time               :	9 s

                      ------------------------------------------------------------------------------
2025-04-05 13:31:54   

                      ------------------------------------------------------------------------------
2025-04-05 13:31:54     Calculation 12 (Frequency: 22.316 GHz, Theta: 0, Phi: 0)


                      ------------------------------------------------------------------------------
2025-04-05 13:32:03     Matrix setup time        :	0 s
                        Solver setup             :	8 s
                        Degrees of freedom       :	207288
                        Number of mesh cells     :	32256

                        Stimulation port         :	Zmin
                        Mode number              :	1
                        Accuracy                 :	2.76411e-14
                        Iterations               :	1
                        Solver time              :	0 s


                      ------------------------------------------------------------------------------
2025-04-05 13:32:03     Total time               :	8 s

                      ------------------------------------------------------------------------------
2025-04-05 13:32:03   

                      ------------------------------------------------------------------------------
2025-04-05 13:32:03     Calculation 13 (Frequency: 31.664 GHz, Theta: 0, Phi: 0)


                      ------------------------------------------------------------------------------
2025-04-05 13:32:12     Matrix setup time        :	0 s
                        Solver setup             :	8 s
                        Degrees of freedom       :	207288
                        Number of mesh cells     :	32256

                        Stimulation port         :	Zmin
                        Mode number              :	1
                        Accuracy                 :	3.66524e-14
                        Iterations               :	1
                        Solver time              :	0 s


                      ------------------------------------------------------------------------------
2025-04-05 13:32:12     Total time               :	8 s

                      ------------------------------------------------------------------------------
2025-04-05 13:32:12   

                      ------------------------------------------------------------------------------
2025-04-05 13:32:12     Calculation 14 (Frequency: 22.04 GHz, Theta: 0, Phi: 0)


                      ------------------------------------------------------------------------------
2025-04-05 13:32:21     Matrix setup time        :	0 s
                        Solver setup             :	8 s
                        Degrees of freedom       :	207288
                        Number of mesh cells     :	32256

                        Stimulation port         :	Zmin
                        Mode number              :	1
                        Accuracy                 :	4.04541e-14
                        Iterations               :	1
                        Solver time              :	0 s


                      ------------------------------------------------------------------------------
2025-04-05 13:32:21     Total time               :	9 s

                      ------------------------------------------------------------------------------
2025-04-05 13:32:21   

                      ------------------------------------------------------------------------------
2025-04-05 13:32:21     Calculation 15 (Frequency: 22.736 GHz, Theta: 0, Phi: 0)


                      ------------------------------------------------------------------------------
2025-04-05 13:32:30     Matrix setup time        :	0 s
                        Solver setup             :	8 s
                        Degrees of freedom       :	207288
                        Number of mesh cells     :	32256

                        Stimulation port         :	Zmin
                        Mode number              :	1
                        Accuracy                 :	2.6624e-14
                        Iterations               :	1
                        Solver time              :	0 s


                      ------------------------------------------------------------------------------
2025-04-05 13:32:31     Total time               :	9 s

                      ------------------------------------------------------------------------------
2025-04-05 13:32:31   

                      ------------------------------------------------------------------------------
2025-04-05 13:32:31     Calculation 16 (Frequency: 21.212 GHz, Theta: 0, Phi: 0)


                      ------------------------------------------------------------------------------
2025-04-05 13:32:40     Matrix setup time        :	0 s
                        Solver setup             :	8 s
                        Degrees of freedom       :	207288
                        Number of mesh cells     :	32256

                        Stimulation port         :	Zmin
                        Mode number              :	1
                        Accuracy                 :	4.46488e-14
                        Iterations               :	1
                        Solver time              :	0 s


                      ------------------------------------------------------------------------------
2025-04-05 13:32:40     Total time               :	9 s

                      ------------------------------------------------------------------------------
2025-04-05 13:32:40   

                      ------------------------------------------------------------------------------
2025-04-05 13:32:40     Calculation 17 (Frequency: 23.852 GHz, Theta: 0, Phi: 0)


                      ------------------------------------------------------------------------------
2025-04-05 13:32:48     Matrix setup time        :	0 s
                        Solver setup             :	7 s
                        Degrees of freedom       :	207288
                        Number of mesh cells     :	32256

                        Stimulation port         :	Zmin
                        Mode number              :	1
                        Accuracy                 :	3.34597e-14
                        Iterations               :	1
                        Solver time              :	0 s


                      ------------------------------------------------------------------------------
2025-04-05 13:32:49     Total time               :	8 s

                      ------------------------------------------------------------------------------
2025-04-05 13:32:49   

                      ------------------------------------------------------------------------------
2025-04-05 13:32:49     Calculation 18 (Frequency: 20.96 GHz, Theta: 0, Phi: 0)


                      ------------------------------------------------------------------------------
2025-04-05 13:32:57     Matrix setup time        :	0 s
                        Solver setup             :	7 s
                        Degrees of freedom       :	207288
                        Number of mesh cells     :	32256

                        Stimulation port         :	Zmin
                        Mode number              :	1
                        Accuracy                 :	4.16371e-14
                        Iterations               :	1
                        Solver time              :	0 s


                      ------------------------------------------------------------------------------
2025-04-05 13:32:57     Total time               :	8 s

                      ------------------------------------------------------------------------------
2025-04-05 13:32:57   

                      ------------------------------------------------------------------------------
2025-04-05 13:32:57     Calculation 19 (Frequency: 21.476 GHz, Theta: 0, Phi: 0)


                      ------------------------------------------------------------------------------
2025-04-05 13:33:06     Matrix setup time        :	0 s
                        Solver setup             :	7 s
                        Degrees of freedom       :	207288
                        Number of mesh cells     :	32256

                        Stimulation port         :	Zmin
                        Mode number              :	1
                        Accuracy                 :	5.33407e-14
                        Iterations               :	1
                        Solver time              :	0 s


                      ------------------------------------------------------------------------------
2025-04-05 13:33:06     Total time               :	8 s

                      ------------------------------------------------------------------------------
2025-04-05 13:33:06   

                      ------------------------------------------------------------------------------
2025-04-05 13:33:06     Calculation 20 (Frequency: 23.492 GHz, Theta: 0, Phi: 0)


                      ------------------------------------------------------------------------------
2025-04-05 13:33:15     Matrix setup time        :	0 s
                        Solver setup             :	7 s
                        Degrees of freedom       :	207288
                        Number of mesh cells     :	32256

                        Stimulation port         :	Zmin
                        Mode number              :	1
                        Accuracy                 :	5.35643e-14
                        Iterations               :	1
                        Solver time              :	0 s


                      ------------------------------------------------------------------------------
2025-04-05 13:33:15     Total time               :	8 s

                      ------------------------------------------------------------------------------
2025-04-05 13:33:15   

                      ------------------------------------------------------------------------------
2025-04-05 13:33:15     Calculation 21 (Frequency: 28.088 GHz, Theta: 0, Phi: 0)


                      ------------------------------------------------------------------------------
2025-04-05 13:33:23     Matrix setup time        :	0 s
                        Solver setup             :	7 s
                        Degrees of freedom       :	207288
                        Number of mesh cells     :	32256

                        Stimulation port         :	Zmin
                        Mode number              :	1
                        Accuracy                 :	3.35469e-14
                        Iterations               :	1
                        Solver time              :	0 s


                      ------------------------------------------------------------------------------
2025-04-05 13:33:24     Total time               :	8 s

                      ------------------------------------------------------------------------------
2025-04-05 13:33:24   

                      ------------------------------------------------------------------------------
2025-04-05 13:33:24     Calculation 22 (Frequency: 29.828 GHz, Theta: 0, Phi: 0)


                      ------------------------------------------------------------------------------
2025-04-05 13:33:32     Matrix setup time        :	0 s
                        Solver setup             :	7 s
                        Degrees of freedom       :	207288
                        Number of mesh cells     :	32256

                        Stimulation port         :	Zmin
                        Mode number              :	1
                        Accuracy                 :	2.85893e-14
                        Iterations               :	1
                        Solver time              :	0 s


                      ------------------------------------------------------------------------------
2025-04-05 13:33:32     Total time               :	8 s

                      ------------------------------------------------------------------------------
2025-04-05 13:33:32   

                      ------------------------------------------------------------------------------
2025-04-05 13:33:32     Calculation 23 (Frequency: 28.496 GHz, Theta: 0, Phi: 0)


                      ------------------------------------------------------------------------------
2025-04-05 13:33:41     Matrix setup time        :	0 s
                        Solver setup             :	8 s
                        Degrees of freedom       :	207288
                        Number of mesh cells     :	32256

                        Stimulation port         :	Zmin
                        Mode number              :	1
                        Accuracy                 :	3.3478e-14
                        Iterations               :	1
                        Solver time              :	0 s


                      ------------------------------------------------------------------------------
2025-04-05 13:33:42     Total time               :	9 s

                      ------------------------------------------------------------------------------
2025-04-05 13:33:42   

                      ------------------------------------------------------------------------------
2025-04-05 13:33:42     Calculation 24 (Frequency: 27.98 GHz, Theta: 0, Phi: 0)


                      ------------------------------------------------------------------------------
2025-04-05 13:33:51     Matrix setup time        :	0 s
                        Solver setup             :	8 s
                        Degrees of freedom       :	207288
                        Number of mesh cells     :	32256

                        Stimulation port         :	Zmin
                        Mode number              :	1
                        Accuracy                 :	3.07781e-14
                        Iterations               :	1
                        Solver time              :	0 s


                      ------------------------------------------------------------------------------
2025-04-05 13:33:51     Total time               :	9 s

                      ------------------------------------------------------------------------------
2025-04-05 13:33:51   

                      ------------------------------------------------------------------------------
2025-04-05 13:33:51     Calculation 25 (Frequency: 30.248 GHz, Theta: 0, Phi: 0)


                      ------------------------------------------------------------------------------
2025-04-05 13:33:59     Matrix setup time        :	0 s
                        Solver setup             :	7 s
                        Degrees of freedom       :	207288
                        Number of mesh cells     :	32256

                        Stimulation port         :	Zmin
                        Mode number              :	1
                        Accuracy                 :	6.74743e-14
                        Iterations               :	1
                        Solver time              :	0 s


                      ------------------------------------------------------------------------------
2025-04-05 13:34:00     Total time               :	8 s

                      ------------------------------------------------------------------------------
2025-04-05 13:34:00   

                      ------------------------------------------------------------------------------
2025-04-05 13:34:00     Calculation 26 (Frequency: 29.624 GHz, Theta: 0, Phi: 0)


                      ------------------------------------------------------------------------------
2025-04-05 13:34:08     Matrix setup time        :	0 s
                        Solver setup             :	7 s
                        Degrees of freedom       :	207288
                        Number of mesh cells     :	32256

                        Stimulation port         :	Zmin
                        Mode number              :	1
                        Accuracy                 :	3.56221e-14
                        Iterations               :	1
                        Solver time              :	0 s


                      ------------------------------------------------------------------------------
2025-04-05 13:34:08     Total time               :	8 s

                      ------------------------------------------------------------------------------
2025-04-05 13:34:08   

                      ------------------------------------------------------------------------------
2025-04-05 13:34:08     Calculation 27 (Frequency: 27.464 GHz, Theta: 0, Phi: 0)


                      ------------------------------------------------------------------------------
2025-04-05 13:34:16     Matrix setup time        :	0 s
                        Solver setup             :	7 s
                        Degrees of freedom       :	207288
                        Number of mesh cells     :	32256

                        Stimulation port         :	Zmin
                        Mode number              :	1
                        Accuracy                 :	2.91527e-14
                        Iterations               :	1
                        Solver time              :	0 s


                      ------------------------------------------------------------------------------
2025-04-05 13:34:17     Total time               :	8 s

                      ------------------------------------------------------------------------------
2025-04-05 13:34:17   

                      ------------------------------------------------------------------------------
2025-04-05 13:34:17   Finished the general purpose interpolative broadband frequency sweep:
                      All broadband sweep convergence criteria have been satisfied after
                      calculating 27 frequency samples:

                        Broadband sweep error threshold value :  0.01 (All S-Parameters) 
                        Number of error criterion checks      :  2 (All S-Parameters) 
                        Minimum number of samples             :  3
                        Number of data samples, linear        :  1001

                      ------------------------------------------------------------------------------
2025-04-05 13:34:17     Number of mesh cells     :	32256
                        Degrees of freedom       :	205838
                        Total Solver Time        :	278 s	 (= 0 h, 04 m, 38 s)
                      ================================================================================



                      ------------------------------------------------------------------------------
2025-04-05 13:34:17     ----------------------------------------------------------------------------
                                            Peak memory used (kB)         Free physical memory (kB) 
                                                                          At begin     Minimum      
                        ----------------------------------------------------------------------------
                        Solver start        22056                         7084532      7083652      
                        Eq. system setup    3636644                       7029352      6990420      
                        Eq. system solve    3636644                       6990408      5084616      
                        Mesh refinement     2370540                       7238524      7142384      
                        Solver run total    3636644                       7084536      5084616      

                        Computer name       Tahsin
                        ----------------------------------------------------------------------------


                      ------------------------------------------------------------------------------
2025-04-05 13:34:17   Running postprocessing.

                      ------------------------------------------------------------------------------
2025-04-05 13:34:18   Postprocessing finished.

                      ------------------------------------------------------------------------------
