2025-04-13 13:02:56   *** Warning ***

                      Electric isotropic material [Copper (pure)] has a very high conductivity for
                      the given mesh. Depending on your configuration it may be better to use a lossy
                      metal type for this material. More...

                      ------------------------------------------------------------------------------
2025-04-13 13:02:56   In order to get an optimal performance, hyperthreading is ignored for parallel
                      computations.

                      ------------------------------------------------------------------------------
2025-04-13 13:02:58   Units settings: 

                        Dimensions: mm
                        Frequency:  GHz
                        Time:       s

                      ------------------------------------------------------------------------------
2025-04-13 13:02:58   Boundary conditions: 

                        YZsymmetry: none
                        XZsymmetry: none
                        XYsymmetry: none

                        Xmin: unit cell
                        Xmax: unit cell

                        Ymin: unit cell
                        Ymax: unit cell

                        Zmin: expanded open
                        Zmax: expanded open

                      ------------------------------------------------------------------------------
2025-04-13 13:02:58   Order settings: 

                        Solver order   : 2nd (constant)
                        Curved elements: up to order 3 (automatic)

                      ------------------------------------------------------------------------------
2025-04-13 13:02:58   An iterative solver will be used first.

                      ------------------------------------------------------------------------------
2025-04-13 13:02:58     Mesh time                :	1 s


                      ------------------------------------------------------------------------------
2025-04-13 13:02:58   
                      ================================================================================
                      Frequency Domain Solver calculation cycle started

                      ------------------------------------------------------------------------------
2025-04-13 13:02:58   Solver started at: 2025-04-13 13:02:58 +0600

                        Module:  Frequency Domain: S-Parameter (Win 64)
                        Version: 2024.1 Release from 2023-10-16 (change 1181985)

                      ------------------------------------------------------------------------------
2025-04-13 13:02:58   The low frequency stabilization is not applied to periodic problems.

                      ------------------------------------------------------------------------------
2025-04-13 13:02:58     Calculation 1 of 1 (Frequency: 32 GHz, Theta: 0, Phi: 0)


                      ------------------------------------------------------------------------------
2025-04-13 13:02:58   The wavelength based mesh refinement has been applied to 5.0% of all mesh edges.

                      ------------------------------------------------------------------------------
2025-04-13 13:02:59   For some elements the curvature had to be slightly reduced to maintain the quality of the mesh. More...

                      ------------------------------------------------------------------------------
2025-04-13 13:02:59   Adaptive mesh refinement pass 1

                      ------------------------------------------------------------------------------
2025-04-13 13:03:04   *** Warning ***

2025-04-13 13:03:04   Detected possible stagnation of the iterative solver (4.682476e-02 after 250 iterations.)
                      Please consider aborting the solver run, and check your simulation setup.  More...

                      ------------------------------------------------------------------------------
2025-04-13 13:03:10   *** Warning ***

2025-04-13 13:03:10   The solver stopped because the maximum number of iterations (500, used for automatic solver choice) has been reached.

                      ------------------------------------------------------------------------------
2025-04-13 13:03:10   Solving again, but with the direct solver. Please consider forcing the direct solver in the solver special settings, and
                      check your simulation setup (for instance source and material definitions.)

                      ------------------------------------------------------------------------------
2025-04-13 13:03:11     Matrix setup time        :	0 s
                        Degrees of freedom       :	36382
                        Number of mesh cells     :	5545

                        Stimulation port         :	Zmin
                        Mode number              :	1
                        Accuracy                 :	7.2386e-14
                        Iterations               :	1
                        Solver time              :	0 s


                      ------------------------------------------------------------------------------
2025-04-13 13:03:11   26% of all mesh edges seem to be longer than expected. The adaptive mesh refinement's growth limitation will therefore 
                      use 14403 instead of 3657 mesh cells as a reference.

                      ------------------------------------------------------------------------------
2025-04-13 13:03:11   The wavelength based mesh refinement has been applied to 0.1% of all mesh edges.

                      ------------------------------------------------------------------------------
2025-04-13 13:03:11   For some elements the curvature had to be reduced to maintain the quality of the mesh. More...

                      ------------------------------------------------------------------------------
2025-04-13 13:03:12   Adaptive mesh refinement pass 2

                      ------------------------------------------------------------------------------
2025-04-13 13:03:14     Matrix setup time        :	0 s
                        Solver setup             :	1 s
                        Degrees of freedom       :	78052
                        Number of mesh cells     :	12094

                        Stimulation port         :	Zmin
                        Mode number              :	1
                        Accuracy                 :	5.17144e-14
                        Iterations               :	1
                        Solver time              :	0 s


                      ------------------------------------------------------------------------------
2025-04-13 13:03:14     Delta calculation        
2025-04-13 13:03:14     All S-Parameters         :	0.0121601
2025-04-13 13:03:14   

                      ------------------------------------------------------------------------------
2025-04-13 13:03:15   Adaptive mesh refinement pass 3

                      ------------------------------------------------------------------------------
2025-04-13 13:03:20     Matrix setup time        :	0 s
                        Solver setup             :	3 s
                        Degrees of freedom       :	128490
                        Number of mesh cells     :	19991

                        Stimulation port         :	Zmin
                        Mode number              :	1
                        Accuracy                 :	3.86297e-14
                        Iterations               :	1
                        Solver time              :	0 s


                      ------------------------------------------------------------------------------
2025-04-13 13:03:20     Delta calculation        
2025-04-13 13:03:20     All S-Parameters         :	0.00710542
2025-04-13 13:03:20   

                      ------------------------------------------------------------------------------
2025-04-13 13:03:20   Mesh adaptation terminated because the desired accuracy limit is reached.

                      ------------------------------------------------------------------------------
2025-04-13 13:03:20   *** Warning ***

2025-04-13 13:03:20   At least one propagating Floquet mode is not considered at port Zmin. Please increase the number of modes at this port. 
                      More...

                      ------------------------------------------------------------------------------
2025-04-13 13:03:20   *** Warning ***

2025-04-13 13:03:20   At least one propagating Floquet mode is not considered at port Zmax. Please increase the number of modes at this port. 
                      More...

                      ------------------------------------------------------------------------------
2025-04-13 13:03:20     Total time               :	21 s

                      ------------------------------------------------------------------------------
2025-04-13 13:03:20   

                      ------------------------------------------------------------------------------
2025-04-13 13:03:20     Calculation 2 (Frequency: 20 GHz, Theta: 0, Phi: 0)


                      ------------------------------------------------------------------------------
2025-04-13 13:03:23     Matrix setup time        :	0 s
                        Solver setup             :	2 s
                        Degrees of freedom       :	128490
                        Number of mesh cells     :	19991

                        Stimulation port         :	Zmin
                        Mode number              :	1
                        Accuracy                 :	6.80176e-14
                        Iterations               :	1
                        Solver time              :	0 s


                      ------------------------------------------------------------------------------
2025-04-13 13:03:24     Total time               :	3 s

                      ------------------------------------------------------------------------------
2025-04-13 13:03:24   

                      ------------------------------------------------------------------------------
2025-04-13 13:03:24     Calculation 3 (Frequency: 26 GHz, Theta: 0, Phi: 0)


                      ------------------------------------------------------------------------------
2025-04-13 13:03:27     Matrix setup time        :	0 s
                        Solver setup             :	2 s
                        Degrees of freedom       :	128490
                        Number of mesh cells     :	19991

                        Stimulation port         :	Zmin
                        Mode number              :	1
                        Accuracy                 :	2.87889e-14
                        Iterations               :	1
                        Solver time              :	0 s


                      ------------------------------------------------------------------------------
2025-04-13 13:03:27     Total time               :	3 s

                      ------------------------------------------------------------------------------
2025-04-13 13:03:27   

                      ------------------------------------------------------------------------------
2025-04-13 13:03:27     Calculation 4 (Frequency: 29 GHz, Theta: 0, Phi: 0)


                      ------------------------------------------------------------------------------
2025-04-13 13:03:31     Matrix setup time        :	0 s
                        Solver setup             :	3 s
                        Degrees of freedom       :	128490
                        Number of mesh cells     :	19991

                        Stimulation port         :	Zmin
                        Mode number              :	1
                        Accuracy                 :	4.59515e-14
                        Iterations               :	1
                        Solver time              :	0 s


                      ------------------------------------------------------------------------------
2025-04-13 13:03:31     Total time               :	3 s

                      ------------------------------------------------------------------------------
2025-04-13 13:03:31   

                      ------------------------------------------------------------------------------
2025-04-13 13:03:31     Calculation 5 (Frequency: 23.528 GHz, Theta: 0, Phi: 0)


                      ------------------------------------------------------------------------------
2025-04-13 13:03:34     Matrix setup time        :	0 s
                        Solver setup             :	3 s
                        Degrees of freedom       :	128490
                        Number of mesh cells     :	19991

                        Stimulation port         :	Zmin
                        Mode number              :	1
                        Accuracy                 :	4.94809e-14
                        Iterations               :	1
                        Solver time              :	0 s


                      ------------------------------------------------------------------------------
2025-04-13 13:03:35     Total time               :	3 s

                      ------------------------------------------------------------------------------
2025-04-13 13:03:35   

                      ------------------------------------------------------------------------------
2025-04-13 13:03:35     Calculation 6 (Frequency: 27.392 GHz, Theta: 0, Phi: 0)


                      ------------------------------------------------------------------------------
2025-04-13 13:03:38     Matrix setup time        :	0 s
                        Solver setup             :	3 s
                        Degrees of freedom       :	128490
                        Number of mesh cells     :	19991

                        Stimulation port         :	Zmin
                        Mode number              :	1
                        Accuracy                 :	4.06288e-14
                        Iterations               :	1
                        Solver time              :	0 s


                      ------------------------------------------------------------------------------
2025-04-13 13:03:38     Total time               :	3 s

                      ------------------------------------------------------------------------------
2025-04-13 13:03:38   

                      ------------------------------------------------------------------------------
2025-04-13 13:03:38     Calculation 7 (Frequency: 22.4 GHz, Theta: 0, Phi: 0)


                      ------------------------------------------------------------------------------
2025-04-13 13:03:42     Matrix setup time        :	0 s
                        Solver setup             :	3 s
                        Degrees of freedom       :	128490
                        Number of mesh cells     :	19991

                        Stimulation port         :	Zmin
                        Mode number              :	1
                        Accuracy                 :	5.33208e-14
                        Iterations               :	1
                        Solver time              :	0 s


                      ------------------------------------------------------------------------------
2025-04-13 13:03:42     Total time               :	4 s

                      ------------------------------------------------------------------------------
2025-04-13 13:03:42   

                      ------------------------------------------------------------------------------
2025-04-13 13:03:42     Calculation 8 (Frequency: 28.016 GHz, Theta: 0, Phi: 0)


                      ------------------------------------------------------------------------------
2025-04-13 13:03:46     Matrix setup time        :	0 s
                        Solver setup             :	3 s
                        Degrees of freedom       :	128490
                        Number of mesh cells     :	19991

                        Stimulation port         :	Zmin
                        Mode number              :	1
                        Accuracy                 :	4.17852e-14
                        Iterations               :	1
                        Solver time              :	0 s


                      ------------------------------------------------------------------------------
2025-04-13 13:03:46     Total time               :	3 s

                      ------------------------------------------------------------------------------
2025-04-13 13:03:46   

                      ------------------------------------------------------------------------------
2025-04-13 13:03:46     Calculation 9 (Frequency: 22.352 GHz, Theta: 0, Phi: 0)


                      ------------------------------------------------------------------------------
2025-04-13 13:03:50     Matrix setup time        :	0 s
                        Solver setup             :	3 s
                        Degrees of freedom       :	128490
                        Number of mesh cells     :	19991

                        Stimulation port         :	Zmin
                        Mode number              :	1
                        Accuracy                 :	6.14365e-14
                        Iterations               :	1
                        Solver time              :	0 s


                      ------------------------------------------------------------------------------
2025-04-13 13:03:51     Total time               :	4 s

                      ------------------------------------------------------------------------------
2025-04-13 13:03:51   

                      ------------------------------------------------------------------------------
2025-04-13 13:03:51     Calculation 10 (Frequency: 27.932 GHz, Theta: 0, Phi: 0)


                      ------------------------------------------------------------------------------
2025-04-13 13:03:54     Matrix setup time        :	0 s
                        Solver setup             :	3 s
                        Degrees of freedom       :	128490
                        Number of mesh cells     :	19991

                        Stimulation port         :	Zmin
                        Mode number              :	1
                        Accuracy                 :	5.04337e-14
                        Iterations               :	1
                        Solver time              :	0 s


                      ------------------------------------------------------------------------------
2025-04-13 13:03:55     Total time               :	3 s

                      ------------------------------------------------------------------------------
2025-04-13 13:03:55   

                      ------------------------------------------------------------------------------
2025-04-13 13:03:55     Calculation 11 (Frequency: 29.288 GHz, Theta: 0, Phi: 0)


                      ------------------------------------------------------------------------------
2025-04-13 13:03:58     Matrix setup time        :	0 s
                        Solver setup             :	3 s
                        Degrees of freedom       :	128490
                        Number of mesh cells     :	19991

                        Stimulation port         :	Zmin
                        Mode number              :	1
                        Accuracy                 :	4.67836e-14
                        Iterations               :	1
                        Solver time              :	0 s


                      ------------------------------------------------------------------------------
2025-04-13 13:03:58     Total time               :	3 s

                      ------------------------------------------------------------------------------
2025-04-13 13:03:58   

                      ------------------------------------------------------------------------------
2025-04-13 13:03:58     Calculation 12 (Frequency: 28.892 GHz, Theta: 0, Phi: 0)


                      ------------------------------------------------------------------------------
2025-04-13 13:04:02     Matrix setup time        :	0 s
                        Solver setup             :	3 s
                        Degrees of freedom       :	128490
                        Number of mesh cells     :	19991

                        Stimulation port         :	Zmin
                        Mode number              :	1
                        Accuracy                 :	5.01818e-14
                        Iterations               :	1
                        Solver time              :	0 s


                      ------------------------------------------------------------------------------
2025-04-13 13:04:02     Total time               :	3 s

                      ------------------------------------------------------------------------------
2025-04-13 13:04:02   

                      ------------------------------------------------------------------------------
2025-04-13 13:04:02     Calculation 13 (Frequency: 21.74 GHz, Theta: 0, Phi: 0)


                      ------------------------------------------------------------------------------
2025-04-13 13:04:06     Matrix setup time        :	0 s
                        Solver setup             :	3 s
                        Degrees of freedom       :	128490
                        Number of mesh cells     :	19991

                        Stimulation port         :	Zmin
                        Mode number              :	1
                        Accuracy                 :	6.53363e-14
                        Iterations               :	1
                        Solver time              :	0 s


                      ------------------------------------------------------------------------------
2025-04-13 13:04:06     Total time               :	3 s

                      ------------------------------------------------------------------------------
2025-04-13 13:04:06   

                      ------------------------------------------------------------------------------
2025-04-13 13:04:06     Calculation 14 (Frequency: 22.856 GHz, Theta: 0, Phi: 0)


                      ------------------------------------------------------------------------------
2025-04-13 13:04:10     Matrix setup time        :	0 s
                        Solver setup             :	3 s
                        Degrees of freedom       :	128490
                        Number of mesh cells     :	19991

                        Stimulation port         :	Zmin
                        Mode number              :	1
                        Accuracy                 :	4.14022e-14
                        Iterations               :	1
                        Solver time              :	0 s


                      ------------------------------------------------------------------------------
2025-04-13 13:04:10     Total time               :	3 s

                      ------------------------------------------------------------------------------
2025-04-13 13:04:10   

                      ------------------------------------------------------------------------------
2025-04-13 13:04:10     Calculation 15 (Frequency: 22.016 GHz, Theta: 0, Phi: 0)


                      ------------------------------------------------------------------------------
2025-04-13 13:04:14     Matrix setup time        :	0 s
                        Solver setup             :	3 s
                        Degrees of freedom       :	128490
                        Number of mesh cells     :	19991

                        Stimulation port         :	Zmin
                        Mode number              :	1
                        Accuracy                 :	9.48582e-14
                        Iterations               :	1
                        Solver time              :	0 s


                      ------------------------------------------------------------------------------
2025-04-13 13:04:14     Total time               :	3 s

                      ------------------------------------------------------------------------------
2025-04-13 13:04:14   

                      ------------------------------------------------------------------------------
2025-04-13 13:04:14     Calculation 16 (Frequency: 21.128 GHz, Theta: 0, Phi: 0)


                      ------------------------------------------------------------------------------
2025-04-13 13:04:18     Matrix setup time        :	0 s
                        Solver setup             :	3 s
                        Degrees of freedom       :	128490
                        Number of mesh cells     :	19991

                        Stimulation port         :	Zmin
                        Mode number              :	1
                        Accuracy                 :	4.91109e-14
                        Iterations               :	1
                        Solver time              :	0 s


                      ------------------------------------------------------------------------------
2025-04-13 13:04:18     Total time               :	3 s

                      ------------------------------------------------------------------------------
2025-04-13 13:04:18   

                      ------------------------------------------------------------------------------
2025-04-13 13:04:18     Calculation 17 (Frequency: 29.564 GHz, Theta: 0, Phi: 0)


                      ------------------------------------------------------------------------------
2025-04-13 13:04:21     Matrix setup time        :	0 s
                        Solver setup             :	3 s
                        Degrees of freedom       :	128490
                        Number of mesh cells     :	19991

                        Stimulation port         :	Zmin
                        Mode number              :	1
                        Accuracy                 :	4.79718e-14
                        Iterations               :	1
                        Solver time              :	0 s


                      ------------------------------------------------------------------------------
2025-04-13 13:04:22     Total time               :	3 s

                      ------------------------------------------------------------------------------
2025-04-13 13:04:22   

                      ------------------------------------------------------------------------------
2025-04-13 13:04:22     Calculation 18 (Frequency: 27.128 GHz, Theta: 0, Phi: 0)


                      ------------------------------------------------------------------------------
2025-04-13 13:04:25     Matrix setup time        :	0 s
                        Solver setup             :	3 s
                        Degrees of freedom       :	128490
                        Number of mesh cells     :	19991

                        Stimulation port         :	Zmin
                        Mode number              :	1
                        Accuracy                 :	3.07935e-14
                        Iterations               :	1
                        Solver time              :	0 s


                      ------------------------------------------------------------------------------
2025-04-13 13:04:25     Total time               :	3 s

                      ------------------------------------------------------------------------------
2025-04-13 13:04:25   

                      ------------------------------------------------------------------------------
2025-04-13 13:04:25     Calculation 19 (Frequency: 30.356 GHz, Theta: 0, Phi: 0)


                      ------------------------------------------------------------------------------
2025-04-13 13:04:29     Matrix setup time        :	0 s
                        Solver setup             :	3 s
                        Degrees of freedom       :	128490
                        Number of mesh cells     :	19991

                        Stimulation port         :	Zmin
                        Mode number              :	1
                        Accuracy                 :	3.92641e-14
                        Iterations               :	1
                        Solver time              :	0 s


                      ------------------------------------------------------------------------------
2025-04-13 13:04:29     Total time               :	3 s

                      ------------------------------------------------------------------------------
2025-04-13 13:04:29   

                      ------------------------------------------------------------------------------
2025-04-13 13:04:29     Calculation 20 (Frequency: 26.84 GHz, Theta: 0, Phi: 0)


                      ------------------------------------------------------------------------------
2025-04-13 13:04:33     Matrix setup time        :	0 s
                        Solver setup             :	3 s
                        Degrees of freedom       :	128490
                        Number of mesh cells     :	19991

                        Stimulation port         :	Zmin
                        Mode number              :	1
                        Accuracy                 :	3.44546e-14
                        Iterations               :	1
                        Solver time              :	0 s


                      ------------------------------------------------------------------------------
2025-04-13 13:04:33     Total time               :	3 s

                      ------------------------------------------------------------------------------
2025-04-13 13:04:33   

                      ------------------------------------------------------------------------------
2025-04-13 13:04:33     Calculation 21 (Frequency: 31.052 GHz, Theta: 0, Phi: 0)


                      ------------------------------------------------------------------------------
2025-04-13 13:04:37     Matrix setup time        :	0 s
                        Solver setup             :	3 s
                        Degrees of freedom       :	128490
                        Number of mesh cells     :	19991

                        Stimulation port         :	Zmin
                        Mode number              :	1
                        Accuracy                 :	5.6282e-14
                        Iterations               :	1
                        Solver time              :	0 s


                      ------------------------------------------------------------------------------
2025-04-13 13:04:37     Total time               :	4 s

                      ------------------------------------------------------------------------------
2025-04-13 13:04:37   

                      ------------------------------------------------------------------------------
2025-04-13 13:04:37     Calculation 22 (Frequency: 24.404 GHz, Theta: 0, Phi: 0)


                      ------------------------------------------------------------------------------
2025-04-13 13:04:41     Matrix setup time        :	0 s
                        Solver setup             :	3 s
                        Degrees of freedom       :	128490
                        Number of mesh cells     :	19991

                        Stimulation port         :	Zmin
                        Mode number              :	1
                        Accuracy                 :	2.57098e-14
                        Iterations               :	1
                        Solver time              :	0 s


                      ------------------------------------------------------------------------------
2025-04-13 13:04:41     Total time               :	3 s

                      ------------------------------------------------------------------------------
2025-04-13 13:04:41   

                      ------------------------------------------------------------------------------
2025-04-13 13:04:41     Calculation 23 (Frequency: 26.372 GHz, Theta: 0, Phi: 0)


                      ------------------------------------------------------------------------------
2025-04-13 13:04:45     Matrix setup time        :	0 s
                        Solver setup             :	3 s
                        Degrees of freedom       :	128490
                        Number of mesh cells     :	19991

                        Stimulation port         :	Zmin
                        Mode number              :	1
                        Accuracy                 :	4.25905e-14
                        Iterations               :	1
                        Solver time              :	0 s


                      ------------------------------------------------------------------------------
2025-04-13 13:04:45     Total time               :	3 s

                      ------------------------------------------------------------------------------
2025-04-13 13:04:45   

                      ------------------------------------------------------------------------------
2025-04-13 13:04:45     Calculation 24 (Frequency: 23.756 GHz, Theta: 0, Phi: 0)


                      ------------------------------------------------------------------------------
2025-04-13 13:04:49     Matrix setup time        :	0 s
                        Solver setup             :	3 s
                        Degrees of freedom       :	128490
                        Number of mesh cells     :	19991

                        Stimulation port         :	Zmin
                        Mode number              :	1
                        Accuracy                 :	4.8742e-14
                        Iterations               :	1
                        Solver time              :	0 s


                      ------------------------------------------------------------------------------
2025-04-13 13:04:49     Total time               :	3 s

                      ------------------------------------------------------------------------------
2025-04-13 13:04:49   

                      ------------------------------------------------------------------------------
2025-04-13 13:04:49     Calculation 25 (Frequency: 20.468 GHz, Theta: 0, Phi: 0)


                      ------------------------------------------------------------------------------
2025-04-13 13:04:53     Matrix setup time        :	0 s
                        Solver setup             :	3 s
                        Degrees of freedom       :	128490
                        Number of mesh cells     :	19991

                        Stimulation port         :	Zmin
                        Mode number              :	1
                        Accuracy                 :	5.10879e-14
                        Iterations               :	1
                        Solver time              :	0 s


                      ------------------------------------------------------------------------------
2025-04-13 13:04:53     Total time               :	3 s

                      ------------------------------------------------------------------------------
2025-04-13 13:04:53   

                      ------------------------------------------------------------------------------
2025-04-13 13:04:53     Calculation 26 (Frequency: 25.28 GHz, Theta: 0, Phi: 0)


                      ------------------------------------------------------------------------------
2025-04-13 13:04:57     Matrix setup time        :	0 s
                        Solver setup             :	3 s
                        Degrees of freedom       :	128490
                        Number of mesh cells     :	19991

                        Stimulation port         :	Zmin
                        Mode number              :	1
                        Accuracy                 :	2.43917e-14
                        Iterations               :	1
                        Solver time              :	0 s


                      ------------------------------------------------------------------------------
2025-04-13 13:04:57     Total time               :	3 s

                      ------------------------------------------------------------------------------
2025-04-13 13:04:57   

                      ------------------------------------------------------------------------------
2025-04-13 13:04:57     Calculation 27 (Frequency: 31.52 GHz, Theta: 0, Phi: 0)


                      ------------------------------------------------------------------------------
2025-04-13 13:05:01     Matrix setup time        :	0 s
                        Solver setup             :	3 s
                        Degrees of freedom       :	128490
                        Number of mesh cells     :	19991

                        Stimulation port         :	Zmin
                        Mode number              :	1
                        Accuracy                 :	3.83324e-14
                        Iterations               :	1
                        Solver time              :	0 s


                      ------------------------------------------------------------------------------
2025-04-13 13:05:01     Total time               :	3 s

                      ------------------------------------------------------------------------------
2025-04-13 13:05:01   

                      ------------------------------------------------------------------------------
2025-04-13 13:05:01     Calculation 28 (Frequency: 30.62 GHz, Theta: 0, Phi: 0)


                      ------------------------------------------------------------------------------
2025-04-13 13:05:05     Matrix setup time        :	0 s
                        Solver setup             :	3 s
                        Degrees of freedom       :	128490
                        Number of mesh cells     :	19991

                        Stimulation port         :	Zmin
                        Mode number              :	1
                        Accuracy                 :	3.91239e-14
                        Iterations               :	1
                        Solver time              :	0 s


                      ------------------------------------------------------------------------------
2025-04-13 13:05:05     Total time               :	3 s

                      ------------------------------------------------------------------------------
2025-04-13 13:05:05   

                      ------------------------------------------------------------------------------
2025-04-13 13:05:05     Calculation 29 (Frequency: 30.164 GHz, Theta: 0, Phi: 0)


                      ------------------------------------------------------------------------------
2025-04-13 13:05:09     Matrix setup time        :	0 s
                        Solver setup             :	3 s
                        Degrees of freedom       :	128490
                        Number of mesh cells     :	19991

                        Stimulation port         :	Zmin
                        Mode number              :	1
                        Accuracy                 :	4.07046e-14
                        Iterations               :	1
                        Solver time              :	0 s


                      ------------------------------------------------------------------------------
2025-04-13 13:05:09     Total time               :	3 s

                      ------------------------------------------------------------------------------
2025-04-13 13:05:09   

                      ------------------------------------------------------------------------------
2025-04-13 13:05:09   Finished the general purpose interpolative broadband frequency sweep:
                      All broadband sweep convergence criteria have been satisfied after
                      calculating 29 frequency samples:

                        Broadband sweep error threshold value :  0.01 (All S-Parameters) 
                        Number of error criterion checks      :  2 (All S-Parameters) 
                        Minimum number of samples             :  3
                        Number of data samples, linear        :  1001

                      ------------------------------------------------------------------------------
2025-04-13 13:05:09     Number of mesh cells     :	19991
                        Degrees of freedom       :	127520
                        Total Solver Time        :	131 s	 (= 0 h, 02 m, 11 s)
                      ================================================================================



                      ------------------------------------------------------------------------------
2025-04-13 13:05:09     ----------------------------------------------------------------------------
                                            Peak memory used (kB)         Free physical memory (kB) 
                                                                          At begin     Minimum      
                        ----------------------------------------------------------------------------
                        Solver start        21792                         6378092      6378044      
                        Eq. system setup    2273448                       6369936      5492536      
                        Eq. system solve    2273580                       6330048      4055088      
                        Mesh refinement     1471892                       6148628      5787172      
                        Solver run total    2273580                       6378096      4055088      

                        Computer name       Tahsin
                        ----------------------------------------------------------------------------


                      ------------------------------------------------------------------------------
2025-04-13 13:05:09   Running postprocessing.

                      ------------------------------------------------------------------------------
2025-04-13 13:05:10   Postprocessing finished.

                      ------------------------------------------------------------------------------
