2025-04-05 12:08:28   *** Warning ***

                      Electric isotropic material [Copper (pure)] has a very high conductivity for
                      the given mesh. Depending on your configuration it may be better to use a lossy
                      metal type for this material. More...

                      ------------------------------------------------------------------------------
2025-04-05 12:08:28   In order to get an optimal performance, hyperthreading is ignored for parallel
                      computations.

                      ------------------------------------------------------------------------------
2025-04-05 12:08:31   Units settings: 

                        Dimensions: mm
                        Frequency:  GHz
                        Time:       s

                      ------------------------------------------------------------------------------
2025-04-05 12:08:31   Boundary conditions: 

                        YZsymmetry: none
                        XZsymmetry: none
                        XYsymmetry: none

                        Xmin: unit cell
                        Xmax: unit cell

                        Ymin: unit cell
                        Ymax: unit cell

                        Zmin: expanded open
                        Zmax: expanded open

                      ------------------------------------------------------------------------------
2025-04-05 12:08:31   Order settings: 

                        Solver order   : 2nd (constant)
                        Curved elements: up to order 3 (automatic)

                      ------------------------------------------------------------------------------
2025-04-05 12:08:31   An iterative solver will be used first.

                      ------------------------------------------------------------------------------
2025-04-05 12:08:31     Mesh time                :	1 s


                      ------------------------------------------------------------------------------
2025-04-05 12:08:31   
                      ================================================================================
                      Frequency Domain Solver calculation cycle started

                      ------------------------------------------------------------------------------
2025-04-05 12:08:31   Solver started at: 2025-04-05 12:08:31 +0600

                        Module:  Frequency Domain: S-Parameter (Win 64)
                        Version: 2024.1 Release from 2023-10-16 (change 1181985)

                      ------------------------------------------------------------------------------
2025-04-05 12:08:31   The low frequency stabilization is not applied to periodic problems.

                      ------------------------------------------------------------------------------
2025-04-05 12:08:31     Calculation 1 of 1 (Frequency: 32 GHz, Theta: 0, Phi: 0)


                      ------------------------------------------------------------------------------
2025-04-05 12:08:31   The wavelength based mesh refinement has been applied to 5.5% of all mesh edges.

                      ------------------------------------------------------------------------------
2025-04-05 12:08:31   For some elements the curvature had to be reduced to maintain the quality of the mesh. More...

                      ------------------------------------------------------------------------------
2025-04-05 12:08:31   Adaptive mesh refinement pass 1

                      ------------------------------------------------------------------------------
2025-04-05 12:08:38   *** Warning ***

2025-04-05 12:08:38   Detected possible stagnation of the iterative solver (4.460624e-02 after 250 iterations.)
                      Please consider aborting the solver run, and check your simulation setup.  More...

                      ------------------------------------------------------------------------------
2025-04-05 12:08:44   *** Warning ***

2025-04-05 12:08:44   The solver stopped because the maximum number of iterations (500, used for automatic solver choice) has been reached.

                      ------------------------------------------------------------------------------
2025-04-05 12:08:44   Solving again, but with the direct solver. Please consider forcing the direct solver in the solver special settings, and
                      check your simulation setup (for instance source and material definitions.)

                      ------------------------------------------------------------------------------
2025-04-05 12:08:45     Matrix setup time        :	0 s
                        Degrees of freedom       :	37982
                        Number of mesh cells     :	5794

                        Stimulation port         :	Zmin
                        Mode number              :	1
                        Accuracy                 :	8.63894e-14
                        Iterations               :	1
                        Solver time              :	0 s


                      ------------------------------------------------------------------------------
2025-04-05 12:08:45   24% of all mesh edges seem to be longer than expected. The adaptive mesh refinement's growth limitation will therefore 
                      use 14322 instead of 3821 mesh cells as a reference.

                      ------------------------------------------------------------------------------
2025-04-05 12:08:45   The wavelength based mesh refinement has been applied to 0.2% of all mesh edges.

                      ------------------------------------------------------------------------------
2025-04-05 12:08:46   For some elements the curvature had to be reduced to maintain the quality of the mesh. More...

                      ------------------------------------------------------------------------------
2025-04-05 12:08:46   Adaptive mesh refinement pass 2

                      ------------------------------------------------------------------------------
2025-04-05 12:08:49     Matrix setup time        :	0 s
                        Solver setup             :	2 s
                        Degrees of freedom       :	77064
                        Number of mesh cells     :	11932

                        Stimulation port         :	Zmin
                        Mode number              :	1
                        Accuracy                 :	5.48644e-14
                        Iterations               :	1
                        Solver time              :	0 s


                      ------------------------------------------------------------------------------
2025-04-05 12:08:49     Delta calculation        
2025-04-05 12:08:49     All S-Parameters         :	0.06354
2025-04-05 12:08:49   

                      ------------------------------------------------------------------------------
2025-04-05 12:08:50   For some elements the curvature had to be reduced to maintain the quality of the mesh. More...

                      ------------------------------------------------------------------------------
2025-04-05 12:08:50   Adaptive mesh refinement pass 3

                      ------------------------------------------------------------------------------
2025-04-05 12:08:55     Matrix setup time        :	0 s
                        Solver setup             :	3 s
                        Degrees of freedom       :	126766
                        Number of mesh cells     :	19735

                        Stimulation port         :	Zmin
                        Mode number              :	1
                        Accuracy                 :	3.80295e-14
                        Iterations               :	1
                        Solver time              :	0 s


                      ------------------------------------------------------------------------------
2025-04-05 12:08:55     Delta calculation        
2025-04-05 12:08:55     All S-Parameters         :	0.0145351
2025-04-05 12:08:55   

                      ------------------------------------------------------------------------------
2025-04-05 12:08:55   Mesh adaptation terminated because the desired accuracy limit is reached.

                      ------------------------------------------------------------------------------
2025-04-05 12:08:55   *** Warning ***

2025-04-05 12:08:55   At least one propagating Floquet mode is not considered at port Zmin. Please increase the number of modes at this port. 
                      More...

                      ------------------------------------------------------------------------------
2025-04-05 12:08:55   *** Warning ***

2025-04-05 12:08:55   At least one propagating Floquet mode is not considered at port Zmax. Please increase the number of modes at this port. 
                      More...

                      ------------------------------------------------------------------------------
2025-04-05 12:08:55     Total time               :	24 s

                      ------------------------------------------------------------------------------
2025-04-05 12:08:55   

                      ------------------------------------------------------------------------------
2025-04-05 12:08:55     Calculation 2 (Frequency: 20 GHz, Theta: 0, Phi: 0)


                      ------------------------------------------------------------------------------
2025-04-05 12:08:59     Matrix setup time        :	0 s
                        Solver setup             :	3 s
                        Degrees of freedom       :	126766
                        Number of mesh cells     :	19735

                        Stimulation port         :	Zmin
                        Mode number              :	1
                        Accuracy                 :	4.98185e-14
                        Iterations               :	1
                        Solver time              :	0 s


                      ------------------------------------------------------------------------------
2025-04-05 12:08:59     Total time               :	4 s

                      ------------------------------------------------------------------------------
2025-04-05 12:08:59   

                      ------------------------------------------------------------------------------
2025-04-05 12:08:59     Calculation 3 (Frequency: 26 GHz, Theta: 0, Phi: 0)


                      ------------------------------------------------------------------------------
2025-04-05 12:09:03     Matrix setup time        :	0 s
                        Solver setup             :	3 s
                        Degrees of freedom       :	126766
                        Number of mesh cells     :	19735

                        Stimulation port         :	Zmin
                        Mode number              :	1
                        Accuracy                 :	3.28416e-14
                        Iterations               :	1
                        Solver time              :	0 s


                      ------------------------------------------------------------------------------
2025-04-05 12:09:03     Total time               :	3 s

                      ------------------------------------------------------------------------------
2025-04-05 12:09:03   

                      ------------------------------------------------------------------------------
2025-04-05 12:09:03     Calculation 4 (Frequency: 29 GHz, Theta: 0, Phi: 0)


                      ------------------------------------------------------------------------------
2025-04-05 12:09:07     Matrix setup time        :	0 s
                        Solver setup             :	3 s
                        Degrees of freedom       :	126766
                        Number of mesh cells     :	19735

                        Stimulation port         :	Zmin
                        Mode number              :	1
                        Accuracy                 :	4.33222e-14
                        Iterations               :	1
                        Solver time              :	0 s


                      ------------------------------------------------------------------------------
2025-04-05 12:09:07     Total time               :	3 s

                      ------------------------------------------------------------------------------
2025-04-05 12:09:07   

                      ------------------------------------------------------------------------------
2025-04-05 12:09:07     Calculation 5 (Frequency: 23.492 GHz, Theta: 0, Phi: 0)


                      ------------------------------------------------------------------------------
2025-04-05 12:09:11     Matrix setup time        :	0 s
                        Solver setup             :	3 s
                        Degrees of freedom       :	126766
                        Number of mesh cells     :	19735

                        Stimulation port         :	Zmin
                        Mode number              :	1
                        Accuracy                 :	4.46653e-14
                        Iterations               :	1
                        Solver time              :	0 s


                      ------------------------------------------------------------------------------
2025-04-05 12:09:11     Total time               :	4 s

                      ------------------------------------------------------------------------------
2025-04-05 12:09:11   

                      ------------------------------------------------------------------------------
2025-04-05 12:09:11     Calculation 6 (Frequency: 27.464 GHz, Theta: 0, Phi: 0)


                      ------------------------------------------------------------------------------
2025-04-05 12:09:15     Matrix setup time        :	0 s
                        Solver setup             :	3 s
                        Degrees of freedom       :	126766
                        Number of mesh cells     :	19735

                        Stimulation port         :	Zmin
                        Mode number              :	1
                        Accuracy                 :	3.97688e-14
                        Iterations               :	1
                        Solver time              :	0 s


                      ------------------------------------------------------------------------------
2025-04-05 12:09:15     Total time               :	4 s

                      ------------------------------------------------------------------------------
2025-04-05 12:09:15   

                      ------------------------------------------------------------------------------
2025-04-05 12:09:15     Calculation 7 (Frequency: 22.004 GHz, Theta: 0, Phi: 0)


                      ------------------------------------------------------------------------------
2025-04-05 12:09:20     Matrix setup time        :	0 s
                        Solver setup             :	3 s
                        Degrees of freedom       :	126766
                        Number of mesh cells     :	19735

                        Stimulation port         :	Zmin
                        Mode number              :	1
                        Accuracy                 :	4.51523e-14
                        Iterations               :	1
                        Solver time              :	0 s


                      ------------------------------------------------------------------------------
2025-04-05 12:09:20     Total time               :	4 s

                      ------------------------------------------------------------------------------
2025-04-05 12:09:20   

                      ------------------------------------------------------------------------------
2025-04-05 12:09:20     Calculation 8 (Frequency: 28.22 GHz, Theta: 0, Phi: 0)


                      ------------------------------------------------------------------------------
2025-04-05 12:09:24     Matrix setup time        :	0 s
                        Solver setup             :	3 s
                        Degrees of freedom       :	126766
                        Number of mesh cells     :	19735

                        Stimulation port         :	Zmin
                        Mode number              :	1
                        Accuracy                 :	4.07289e-14
                        Iterations               :	1
                        Solver time              :	0 s


                      ------------------------------------------------------------------------------
2025-04-05 12:09:24     Total time               :	4 s

                      ------------------------------------------------------------------------------
2025-04-05 12:09:24   

                      ------------------------------------------------------------------------------
2025-04-05 12:09:24     Calculation 9 (Frequency: 20.768 GHz, Theta: 0, Phi: 0)


                      ------------------------------------------------------------------------------
2025-04-05 12:09:28     Matrix setup time        :	0 s
                        Solver setup             :	3 s
                        Degrees of freedom       :	126766
                        Number of mesh cells     :	19735

                        Stimulation port         :	Zmin
                        Mode number              :	1
                        Accuracy                 :	4.44078e-14
                        Iterations               :	1
                        Solver time              :	0 s


                      ------------------------------------------------------------------------------
2025-04-05 12:09:28     Total time               :	4 s

                      ------------------------------------------------------------------------------
2025-04-05 12:09:28   

                      ------------------------------------------------------------------------------
2025-04-05 12:09:28     Calculation 10 (Frequency: 22.52 GHz, Theta: 0, Phi: 0)


                      ------------------------------------------------------------------------------
2025-04-05 12:09:33     Matrix setup time        :	0 s
                        Solver setup             :	3 s
                        Degrees of freedom       :	126766
                        Number of mesh cells     :	19735

                        Stimulation port         :	Zmin
                        Mode number              :	1
                        Accuracy                 :	5.42649e-14
                        Iterations               :	1
                        Solver time              :	0 s


                      ------------------------------------------------------------------------------
2025-04-05 12:09:33     Total time               :	4 s

                      ------------------------------------------------------------------------------
2025-04-05 12:09:33   

                      ------------------------------------------------------------------------------
2025-04-05 12:09:33     Calculation 11 (Frequency: 28.112 GHz, Theta: 0, Phi: 0)


                      ------------------------------------------------------------------------------
2025-04-05 12:09:37     Matrix setup time        :	0 s
                        Solver setup             :	3 s
                        Degrees of freedom       :	126766
                        Number of mesh cells     :	19735

                        Stimulation port         :	Zmin
                        Mode number              :	1
                        Accuracy                 :	3.68741e-14
                        Iterations               :	1
                        Solver time              :	0 s


                      ------------------------------------------------------------------------------
2025-04-05 12:09:37     Total time               :	4 s

                      ------------------------------------------------------------------------------
2025-04-05 12:09:37   

                      ------------------------------------------------------------------------------
2025-04-05 12:09:37     Calculation 12 (Frequency: 20.408 GHz, Theta: 0, Phi: 0)


                      ------------------------------------------------------------------------------
2025-04-05 12:09:42     Matrix setup time        :	0 s
                        Solver setup             :	4 s
                        Degrees of freedom       :	126766
                        Number of mesh cells     :	19735

                        Stimulation port         :	Zmin
                        Mode number              :	1
                        Accuracy                 :	5.14427e-14
                        Iterations               :	1
                        Solver time              :	0 s


                      ------------------------------------------------------------------------------
2025-04-05 12:09:42     Total time               :	4 s

                      ------------------------------------------------------------------------------
2025-04-05 12:09:42   

                      ------------------------------------------------------------------------------
2025-04-05 12:09:42     Calculation 13 (Frequency: 23.072 GHz, Theta: 0, Phi: 0)


                      ------------------------------------------------------------------------------
2025-04-05 12:09:47     Matrix setup time        :	0 s
                        Solver setup             :	4 s
                        Degrees of freedom       :	126766
                        Number of mesh cells     :	19735

                        Stimulation port         :	Zmin
                        Mode number              :	1
                        Accuracy                 :	3.00716e-14
                        Iterations               :	1
                        Solver time              :	0 s


                      ------------------------------------------------------------------------------
2025-04-05 12:09:47     Total time               :	4 s

                      ------------------------------------------------------------------------------
2025-04-05 12:09:47   

                      ------------------------------------------------------------------------------
2025-04-05 12:09:47     Calculation 14 (Frequency: 24.128 GHz, Theta: 0, Phi: 0)


                      ------------------------------------------------------------------------------
2025-04-05 12:09:52     Matrix setup time        :	0 s
                        Solver setup             :	4 s
                        Degrees of freedom       :	126766
                        Number of mesh cells     :	19735

                        Stimulation port         :	Zmin
                        Mode number              :	1
                        Accuracy                 :	2.1397e-14
                        Iterations               :	1
                        Solver time              :	0 s


                      ------------------------------------------------------------------------------
2025-04-05 12:09:52     Total time               :	4 s

                      ------------------------------------------------------------------------------
2025-04-05 12:09:52   

                      ------------------------------------------------------------------------------
2025-04-05 12:09:52     Calculation 15 (Frequency: 23.288 GHz, Theta: 0, Phi: 0)


                      ------------------------------------------------------------------------------
2025-04-05 12:09:56     Matrix setup time        :	0 s
                        Solver setup             :	3 s
                        Degrees of freedom       :	126766
                        Number of mesh cells     :	19735

                        Stimulation port         :	Zmin
                        Mode number              :	1
                        Accuracy                 :	3.25926e-14
                        Iterations               :	1
                        Solver time              :	0 s


                      ------------------------------------------------------------------------------
2025-04-05 12:09:57     Total time               :	4 s

                      ------------------------------------------------------------------------------
2025-04-05 12:09:57   

                      ------------------------------------------------------------------------------
2025-04-05 12:09:57     Calculation 16 (Frequency: 23.828 GHz, Theta: 0, Phi: 0)


                      ------------------------------------------------------------------------------
2025-04-05 12:10:03     Matrix setup time        :	0 s
                        Solver setup             :	6 s
                        Degrees of freedom       :	126766
                        Number of mesh cells     :	19735

                        Stimulation port         :	Zmin
                        Mode number              :	1
                        Accuracy                 :	3.02439e-14
                        Iterations               :	1
                        Solver time              :	0 s


                      ------------------------------------------------------------------------------
2025-04-05 12:10:03     Total time               :	6 s

                      ------------------------------------------------------------------------------
2025-04-05 12:10:03   

                      ------------------------------------------------------------------------------
2025-04-05 12:10:03     Calculation 17 (Frequency: 30.044 GHz, Theta: 0, Phi: 0)


                      ------------------------------------------------------------------------------
2025-04-05 12:10:12     Matrix setup time        :	0 s
                        Solver setup             :	8 s
                        Degrees of freedom       :	126766
                        Number of mesh cells     :	19735

                        Stimulation port         :	Zmin
                        Mode number              :	1
                        Accuracy                 :	4.02889e-14
                        Iterations               :	1
                        Solver time              :	0 s


                      ------------------------------------------------------------------------------
2025-04-05 12:10:12     Total time               :	8 s

                      ------------------------------------------------------------------------------
2025-04-05 12:10:12   

                      ------------------------------------------------------------------------------
2025-04-05 12:10:12     Calculation 18 (Frequency: 28.724 GHz, Theta: 0, Phi: 0)


                      ------------------------------------------------------------------------------
2025-04-05 12:10:19     Matrix setup time        :	0 s
                        Solver setup             :	6 s
                        Degrees of freedom       :	126766
                        Number of mesh cells     :	19735

                        Stimulation port         :	Zmin
                        Mode number              :	1
                        Accuracy                 :	4.5179e-14
                        Iterations               :	1
                        Solver time              :	0 s


                      ------------------------------------------------------------------------------
2025-04-05 12:10:19     Total time               :	6 s

                      ------------------------------------------------------------------------------
2025-04-05 12:10:19   

                      ------------------------------------------------------------------------------
2025-04-05 12:10:19     Calculation 19 (Frequency: 29.42 GHz, Theta: 0, Phi: 0)


                      ------------------------------------------------------------------------------
2025-04-05 12:10:27     Matrix setup time        :	0 s
                        Solver setup             :	6 s
                        Degrees of freedom       :	126766
                        Number of mesh cells     :	19735

                        Stimulation port         :	Zmin
                        Mode number              :	1
                        Accuracy                 :	4.04283e-14
                        Iterations               :	1
                        Solver time              :	0 s


                      ------------------------------------------------------------------------------
2025-04-05 12:10:27     Total time               :	7 s

                      ------------------------------------------------------------------------------
2025-04-05 12:10:27   

                      ------------------------------------------------------------------------------
2025-04-05 12:10:27     Calculation 20 (Frequency: 27.98 GHz, Theta: 0, Phi: 0)


                      ------------------------------------------------------------------------------
2025-04-05 12:10:33     Matrix setup time        :	0 s
                        Solver setup             :	5 s
                        Degrees of freedom       :	126766
                        Number of mesh cells     :	19735

                        Stimulation port         :	Zmin
                        Mode number              :	1
                        Accuracy                 :	3.6431e-14
                        Iterations               :	1
                        Solver time              :	0 s


                      ------------------------------------------------------------------------------
2025-04-05 12:10:33     Total time               :	5 s

                      ------------------------------------------------------------------------------
2025-04-05 12:10:33   

                      ------------------------------------------------------------------------------
2025-04-05 12:10:33     Calculation 21 (Frequency: 30.992 GHz, Theta: 0, Phi: 0)


                      ------------------------------------------------------------------------------
2025-04-05 12:10:40     Matrix setup time        :	0 s
                        Solver setup             :	6 s
                        Degrees of freedom       :	126766
                        Number of mesh cells     :	19735

                        Stimulation port         :	Zmin
                        Mode number              :	1
                        Accuracy                 :	2.45027e-13
                        Iterations               :	1
                        Solver time              :	0 s


                      ------------------------------------------------------------------------------
2025-04-05 12:10:41     Total time               :	7 s

                      ------------------------------------------------------------------------------
2025-04-05 12:10:41   

                      ------------------------------------------------------------------------------
2025-04-05 12:10:41     Calculation 22 (Frequency: 29.804 GHz, Theta: 0, Phi: 0)


                      ------------------------------------------------------------------------------
2025-04-05 12:10:47     Matrix setup time        :	0 s
                        Solver setup             :	5 s
                        Degrees of freedom       :	126766
                        Number of mesh cells     :	19735

                        Stimulation port         :	Zmin
                        Mode number              :	1
                        Accuracy                 :	3.84107e-14
                        Iterations               :	1
                        Solver time              :	0 s


                      ------------------------------------------------------------------------------
2025-04-05 12:10:47     Total time               :	6 s

                      ------------------------------------------------------------------------------
2025-04-05 12:10:47   

                      ------------------------------------------------------------------------------
2025-04-05 12:10:47     Calculation 23 (Frequency: 31.364 GHz, Theta: 0, Phi: 0)


                      ------------------------------------------------------------------------------
2025-04-05 12:10:54     Matrix setup time        :	0 s
                        Solver setup             :	6 s
                        Degrees of freedom       :	126766
                        Number of mesh cells     :	19735

                        Stimulation port         :	Zmin
                        Mode number              :	1
                        Accuracy                 :	3.07831e-14
                        Iterations               :	1
                        Solver time              :	0 s


                      ------------------------------------------------------------------------------
2025-04-05 12:10:54     Total time               :	7 s

                      ------------------------------------------------------------------------------
2025-04-05 12:10:54   

                      ------------------------------------------------------------------------------
2025-04-05 12:10:54     Calculation 24 (Frequency: 30.14 GHz, Theta: 0, Phi: 0)


                      ------------------------------------------------------------------------------
2025-04-05 12:11:01     Matrix setup time        :	0 s
                        Solver setup             :	5 s
                        Degrees of freedom       :	126766
                        Number of mesh cells     :	19735

                        Stimulation port         :	Zmin
                        Mode number              :	1
                        Accuracy                 :	4.06141e-14
                        Iterations               :	1
                        Solver time              :	0 s


                      ------------------------------------------------------------------------------
2025-04-05 12:11:01     Total time               :	6 s

                      ------------------------------------------------------------------------------
2025-04-05 12:11:01   

                      ------------------------------------------------------------------------------
2025-04-05 12:11:01     Calculation 25 (Frequency: 21.404 GHz, Theta: 0, Phi: 0)


                      ------------------------------------------------------------------------------
2025-04-05 12:11:08     Matrix setup time        :	0 s
                        Solver setup             :	6 s
                        Degrees of freedom       :	126766
                        Number of mesh cells     :	19735

                        Stimulation port         :	Zmin
                        Mode number              :	1
                        Accuracy                 :	5.04086e-14
                        Iterations               :	1
                        Solver time              :	0 s


                      ------------------------------------------------------------------------------
2025-04-05 12:11:08     Total time               :	7 s

                      ------------------------------------------------------------------------------
2025-04-05 12:11:08   

                      ------------------------------------------------------------------------------
2025-04-05 12:11:08     Calculation 26 (Frequency: 26.816 GHz, Theta: 0, Phi: 0)


                      ------------------------------------------------------------------------------
2025-04-05 12:11:14     Matrix setup time        :	0 s
                        Solver setup             :	5 s
                        Degrees of freedom       :	126766
                        Number of mesh cells     :	19735

                        Stimulation port         :	Zmin
                        Mode number              :	1
                        Accuracy                 :	2.66649e-14
                        Iterations               :	1
                        Solver time              :	0 s


                      ------------------------------------------------------------------------------
2025-04-05 12:11:15     Total time               :	6 s

                      ------------------------------------------------------------------------------
2025-04-05 12:11:15   

                      ------------------------------------------------------------------------------
2025-04-05 12:11:15     Calculation 27 (Frequency: 25.472 GHz, Theta: 0, Phi: 0)


                      ------------------------------------------------------------------------------
2025-04-05 12:11:22     Matrix setup time        :	0 s
                        Solver setup             :	6 s
                        Degrees of freedom       :	126766
                        Number of mesh cells     :	19735

                        Stimulation port         :	Zmin
                        Mode number              :	1
                        Accuracy                 :	2.92142e-14
                        Iterations               :	1
                        Solver time              :	0 s


                      ------------------------------------------------------------------------------
2025-04-05 12:11:22     Total time               :	7 s

                      ------------------------------------------------------------------------------
2025-04-05 12:11:22   

                      ------------------------------------------------------------------------------
2025-04-05 12:11:22     Calculation 28 (Frequency: 26.36 GHz, Theta: 0, Phi: 0)


                      ------------------------------------------------------------------------------
2025-04-05 12:11:29     Matrix setup time        :	0 s
                        Solver setup             :	6 s
                        Degrees of freedom       :	126766
                        Number of mesh cells     :	19735

                        Stimulation port         :	Zmin
                        Mode number              :	1
                        Accuracy                 :	3.96924e-14
                        Iterations               :	1
                        Solver time              :	0 s


                      ------------------------------------------------------------------------------
2025-04-05 12:11:29     Total time               :	6 s

                      ------------------------------------------------------------------------------
2025-04-05 12:11:29   

                      ------------------------------------------------------------------------------
2025-04-05 12:11:29     Calculation 29 (Frequency: 24.728 GHz, Theta: 0, Phi: 0)


                      ------------------------------------------------------------------------------
2025-04-05 12:11:37     Matrix setup time        :	0 s
                        Solver setup             :	6 s
                        Degrees of freedom       :	126766
                        Number of mesh cells     :	19735

                        Stimulation port         :	Zmin
                        Mode number              :	1
                        Accuracy                 :	3.35683e-14
                        Iterations               :	1
                        Solver time              :	0 s


                      ------------------------------------------------------------------------------
2025-04-05 12:11:37     Total time               :	7 s

                      ------------------------------------------------------------------------------
2025-04-05 12:11:37   

                      ------------------------------------------------------------------------------
2025-04-05 12:11:37     Calculation 30 (Frequency: 21.608 GHz, Theta: 0, Phi: 0)


                      ------------------------------------------------------------------------------
2025-04-05 12:11:44     Matrix setup time        :	0 s
                        Solver setup             :	6 s
                        Degrees of freedom       :	126766
                        Number of mesh cells     :	19735

                        Stimulation port         :	Zmin
                        Mode number              :	1
                        Accuracy                 :	5.41157e-14
                        Iterations               :	1
                        Solver time              :	0 s


                      ------------------------------------------------------------------------------
2025-04-05 12:11:44     Total time               :	7 s

                      ------------------------------------------------------------------------------
2025-04-05 12:11:44   

                      ------------------------------------------------------------------------------
2025-04-05 12:11:44     Calculation 31 (Frequency: 21.176 GHz, Theta: 0, Phi: 0)


                      ------------------------------------------------------------------------------
2025-04-05 12:11:51     Matrix setup time        :	0 s
                        Solver setup             :	6 s
                        Degrees of freedom       :	126766
                        Number of mesh cells     :	19735

                        Stimulation port         :	Zmin
                        Mode number              :	1
                        Accuracy                 :	5.0077e-14
                        Iterations               :	1
                        Solver time              :	0 s


                      ------------------------------------------------------------------------------
2025-04-05 12:11:51     Total time               :	7 s

                      ------------------------------------------------------------------------------
2025-04-05 12:11:51   

                      ------------------------------------------------------------------------------
2025-04-05 12:11:51   Finished the general purpose interpolative broadband frequency sweep:
                      All broadband sweep convergence criteria have been satisfied after
                      calculating 31 frequency samples:

                        Broadband sweep error threshold value :  0.01 (All S-Parameters) 
                        Number of error criterion checks      :  2 (All S-Parameters) 
                        Minimum number of samples             :  3
                        Number of data samples, linear        :  1001

                      ------------------------------------------------------------------------------
2025-04-05 12:11:51     Number of mesh cells     :	19735
                        Degrees of freedom       :	125866
                        Total Solver Time        :	201 s	 (= 0 h, 03 m, 21 s)
                      ================================================================================



                      ------------------------------------------------------------------------------
2025-04-05 12:11:52     ----------------------------------------------------------------------------
                                            Peak memory used (kB)         Free physical memory (kB) 
                                                                          At begin     Minimum      
                        ----------------------------------------------------------------------------
                        Solver start        21580                         9134236      9134056      
                        Eq. system setup    2216176                       9120576      4077812      
                        Eq. system solve    2216176                       9079816      2658732      
                        Mesh refinement     1476744                       8862576      8507240      
                        Solver run total    2216176                       9134240      2658732      

                        Computer name       Tahsin
                        ----------------------------------------------------------------------------


                      ------------------------------------------------------------------------------
2025-04-05 12:11:52   Running postprocessing.

                      ------------------------------------------------------------------------------
2025-04-05 12:11:53   Postprocessing finished.

                      ------------------------------------------------------------------------------
