2025-06-14 17:23:08   *** Warning ***

                      Electric isotropic material [Copper (pure)] has a very high conductivity for
                      the given mesh. Depending on your configuration it may be better to use a lossy
                      metal type for this material. More...

                      ------------------------------------------------------------------------------
2025-06-14 17:23:08   In order to get an optimal performance, hyperthreading is ignored for parallel
                      computations.

                      ------------------------------------------------------------------------------
2025-06-14 17:23:11   Units settings: 

                        Dimensions: mm
                        Frequency:  GHz
                        Time:       s

                      ------------------------------------------------------------------------------
2025-06-14 17:23:11   Boundary conditions: 

                        YZsymmetry: none
                        XZsymmetry: none
                        XYsymmetry: none

                        Xmin: unit cell
                        Xmax: unit cell

                        Ymin: unit cell
                        Ymax: unit cell

                        Zmin: expanded open
                        Zmax: expanded open

                      ------------------------------------------------------------------------------
2025-06-14 17:23:11   Order settings: 

                        Solver order   : 2nd (constant)
                        Curved elements: up to order 3 (automatic)

                      ------------------------------------------------------------------------------
2025-06-14 17:23:11   An iterative solver will be used first.

                      ------------------------------------------------------------------------------
2025-06-14 17:23:11     Mesh time                :	2 s


                      ------------------------------------------------------------------------------
2025-06-14 17:23:11   
                      ================================================================================
                      Frequency Domain Solver calculation cycle started

                      ------------------------------------------------------------------------------
2025-06-14 17:23:11   Solver started at: 2025-06-14 17:23:11 +0800

                        Module:  Frequency Domain: S-Parameter (Win 64)
                        Version: 2024.1 Release from 2023-10-16 (change 1181985)

                      ------------------------------------------------------------------------------
2025-06-14 17:23:11   The low frequency stabilization is not applied to periodic problems.

                      ------------------------------------------------------------------------------
2025-06-14 17:23:11     Calculation 1 of 1 (Frequency: 32 GHz, Theta: 0, Phi: 0)


                      ------------------------------------------------------------------------------
2025-06-14 17:23:11   The wavelength based mesh refinement has been applied to 5.1% of all mesh edges.

                      ------------------------------------------------------------------------------
2025-06-14 17:23:11   For some elements the curvature had to be reduced to maintain the quality of the mesh. More...

                      ------------------------------------------------------------------------------
2025-06-14 17:23:11   Adaptive mesh refinement pass 1

                      ------------------------------------------------------------------------------
2025-06-14 17:23:18   *** Warning ***

2025-06-14 17:23:18   Detected possible stagnation of the iterative solver (4.960170e-02 after 250 iterations.)
                      Please consider aborting the solver run, and check your simulation setup.  More...

                      ------------------------------------------------------------------------------
2025-06-14 17:23:25   *** Warning ***

2025-06-14 17:23:25   The solver stopped because the maximum number of iterations (500, used for automatic solver choice) has been reached.

                      ------------------------------------------------------------------------------
2025-06-14 17:23:25   Solving again, but with the direct solver. Please consider forcing the direct solver in the solver special settings, and
                      check your simulation setup (for instance source and material definitions.)

                      ------------------------------------------------------------------------------
2025-06-14 17:23:26     Matrix setup time        :	0 s
                        Degrees of freedom       :	35722
                        Number of mesh cells     :	5441

                        Stimulation port         :	Zmin
                        Mode number              :	1
                        Accuracy                 :	8.98086e-14
                        Iterations               :	1
                        Solver time              :	0 s


                      ------------------------------------------------------------------------------
2025-06-14 17:23:26   27% of all mesh edges seem to be longer than expected. The adaptive mesh refinement's growth limitation will therefore 
                      use 14334 instead of 3584 mesh cells as a reference.

                      ------------------------------------------------------------------------------
2025-06-14 17:23:26   The wavelength based mesh refinement has been applied to 0.3% of all mesh edges.

                      ------------------------------------------------------------------------------
2025-06-14 17:23:27   Adaptive mesh refinement pass 2

                      ------------------------------------------------------------------------------
2025-06-14 17:23:29     Matrix setup time        :	0 s
                        Solver setup             :	2 s
                        Degrees of freedom       :	74014
                        Number of mesh cells     :	11456

                        Stimulation port         :	Zmin
                        Mode number              :	1
                        Accuracy                 :	4.83623e-14
                        Iterations               :	1
                        Solver time              :	0 s


                      ------------------------------------------------------------------------------
2025-06-14 17:23:29     Delta calculation        
2025-06-14 17:23:29     All S-Parameters         :	0.0398331
2025-06-14 17:23:29   

                      ------------------------------------------------------------------------------
2025-06-14 17:23:31   For some elements the curvature had to be reduced to maintain the quality of the mesh. More...

                      ------------------------------------------------------------------------------
2025-06-14 17:23:31   Adaptive mesh refinement pass 3

                      ------------------------------------------------------------------------------
2025-06-14 17:23:35     Matrix setup time        :	0 s
                        Solver setup             :	3 s
                        Degrees of freedom       :	120472
                        Number of mesh cells     :	18731

                        Stimulation port         :	Zmin
                        Mode number              :	1
                        Accuracy                 :	2.31301e-14
                        Iterations               :	1
                        Solver time              :	0 s


                      ------------------------------------------------------------------------------
2025-06-14 17:23:35     Delta calculation        
2025-06-14 17:23:35     All S-Parameters         :	0.0155328
2025-06-14 17:23:35   

                      ------------------------------------------------------------------------------
2025-06-14 17:23:35   Mesh adaptation terminated because the desired accuracy limit is reached.

                      ------------------------------------------------------------------------------
2025-06-14 17:23:36   *** Warning ***

2025-06-14 17:23:36   At least one propagating Floquet mode is not considered at port Zmin. Please increase the number of modes at this port. 
                      More...

                      ------------------------------------------------------------------------------
2025-06-14 17:23:36   *** Warning ***

2025-06-14 17:23:36   At least one propagating Floquet mode is not considered at port Zmax. Please increase the number of modes at this port. 
                      More...

                      ------------------------------------------------------------------------------
2025-06-14 17:23:36     Total time               :	24 s

                      ------------------------------------------------------------------------------
2025-06-14 17:23:36   

                      ------------------------------------------------------------------------------
2025-06-14 17:23:36     Calculation 2 (Frequency: 20 GHz, Theta: 0, Phi: 0)


                      ------------------------------------------------------------------------------
2025-06-14 17:23:39     Matrix setup time        :	0 s
                        Solver setup             :	3 s
                        Degrees of freedom       :	120472
                        Number of mesh cells     :	18731

                        Stimulation port         :	Zmin
                        Mode number              :	1
                        Accuracy                 :	5.01163e-14
                        Iterations               :	1
                        Solver time              :	0 s


                      ------------------------------------------------------------------------------
2025-06-14 17:23:39     Total time               :	3 s

                      ------------------------------------------------------------------------------
2025-06-14 17:23:39   

                      ------------------------------------------------------------------------------
2025-06-14 17:23:39     Calculation 3 (Frequency: 26 GHz, Theta: 0, Phi: 0)


                      ------------------------------------------------------------------------------
2025-06-14 17:23:43     Matrix setup time        :	0 s
                        Solver setup             :	2 s
                        Degrees of freedom       :	120472
                        Number of mesh cells     :	18731

                        Stimulation port         :	Zmin
                        Mode number              :	1
                        Accuracy                 :	2.80498e-14
                        Iterations               :	1
                        Solver time              :	0 s


                      ------------------------------------------------------------------------------
2025-06-14 17:23:43     Total time               :	3 s

                      ------------------------------------------------------------------------------
2025-06-14 17:23:43   

                      ------------------------------------------------------------------------------
2025-06-14 17:23:43     Calculation 4 (Frequency: 29 GHz, Theta: 0, Phi: 0)


                      ------------------------------------------------------------------------------
2025-06-14 17:23:46     Matrix setup time        :	0 s
                        Solver setup             :	3 s
                        Degrees of freedom       :	120472
                        Number of mesh cells     :	18731

                        Stimulation port         :	Zmin
                        Mode number              :	1
                        Accuracy                 :	4.39767e-14
                        Iterations               :	1
                        Solver time              :	0 s


                      ------------------------------------------------------------------------------
2025-06-14 17:23:47     Total time               :	3 s

                      ------------------------------------------------------------------------------
2025-06-14 17:23:47   

                      ------------------------------------------------------------------------------
2025-06-14 17:23:47     Calculation 5 (Frequency: 23.42 GHz, Theta: 0, Phi: 0)


                      ------------------------------------------------------------------------------
2025-06-14 17:23:50     Matrix setup time        :	0 s
                        Solver setup             :	3 s
                        Degrees of freedom       :	120472
                        Number of mesh cells     :	18731

                        Stimulation port         :	Zmin
                        Mode number              :	1
                        Accuracy                 :	4.48163e-14
                        Iterations               :	1
                        Solver time              :	0 s


                      ------------------------------------------------------------------------------
2025-06-14 17:23:50     Total time               :	3 s

                      ------------------------------------------------------------------------------
2025-06-14 17:23:50   

                      ------------------------------------------------------------------------------
2025-06-14 17:23:50     Calculation 6 (Frequency: 27.32 GHz, Theta: 0, Phi: 0)


                      ------------------------------------------------------------------------------
2025-06-14 17:23:54     Matrix setup time        :	0 s
                        Solver setup             :	3 s
                        Degrees of freedom       :	120472
                        Number of mesh cells     :	18731

                        Stimulation port         :	Zmin
                        Mode number              :	1
                        Accuracy                 :	3.15097e-14
                        Iterations               :	1
                        Solver time              :	0 s


                      ------------------------------------------------------------------------------
2025-06-14 17:23:54     Total time               :	3 s

                      ------------------------------------------------------------------------------
2025-06-14 17:23:54   

                      ------------------------------------------------------------------------------
2025-06-14 17:23:54     Calculation 7 (Frequency: 22.652 GHz, Theta: 0, Phi: 0)


                      ------------------------------------------------------------------------------
2025-06-14 17:23:58     Matrix setup time        :	0 s
                        Solver setup             :	3 s
                        Degrees of freedom       :	120472
                        Number of mesh cells     :	18731

                        Stimulation port         :	Zmin
                        Mode number              :	1
                        Accuracy                 :	6.43987e-14
                        Iterations               :	1
                        Solver time              :	0 s


                      ------------------------------------------------------------------------------
2025-06-14 17:23:58     Total time               :	3 s

                      ------------------------------------------------------------------------------
2025-06-14 17:23:58   

                      ------------------------------------------------------------------------------
2025-06-14 17:23:58     Calculation 8 (Frequency: 27.944 GHz, Theta: 0, Phi: 0)


                      ------------------------------------------------------------------------------
2025-06-14 17:24:02     Matrix setup time        :	0 s
                        Solver setup             :	3 s
                        Degrees of freedom       :	120472
                        Number of mesh cells     :	18731

                        Stimulation port         :	Zmin
                        Mode number              :	1
                        Accuracy                 :	3.64904e-14
                        Iterations               :	1
                        Solver time              :	0 s


                      ------------------------------------------------------------------------------
2025-06-14 17:24:02     Total time               :	3 s

                      ------------------------------------------------------------------------------
2025-06-14 17:24:02   

                      ------------------------------------------------------------------------------
2025-06-14 17:24:02     Calculation 9 (Frequency: 24.464 GHz, Theta: 0, Phi: 0)


                      ------------------------------------------------------------------------------
2025-06-14 17:24:06     Matrix setup time        :	0 s
                        Solver setup             :	3 s
                        Degrees of freedom       :	120472
                        Number of mesh cells     :	18731

                        Stimulation port         :	Zmin
                        Mode number              :	1
                        Accuracy                 :	2.96734e-14
                        Iterations               :	1
                        Solver time              :	0 s


                      ------------------------------------------------------------------------------
2025-06-14 17:24:06     Total time               :	3 s

                      ------------------------------------------------------------------------------
2025-06-14 17:24:06   

                      ------------------------------------------------------------------------------
2025-06-14 17:24:06     Calculation 10 (Frequency: 22.7 GHz, Theta: 0, Phi: 0)


                      ------------------------------------------------------------------------------
2025-06-14 17:24:10     Matrix setup time        :	0 s
                        Solver setup             :	3 s
                        Degrees of freedom       :	120472
                        Number of mesh cells     :	18731

                        Stimulation port         :	Zmin
                        Mode number              :	1
                        Accuracy                 :	5.69839e-14
                        Iterations               :	1
                        Solver time              :	0 s


                      ------------------------------------------------------------------------------
2025-06-14 17:24:10     Total time               :	3 s

                      ------------------------------------------------------------------------------
2025-06-14 17:24:10   

                      ------------------------------------------------------------------------------
2025-06-14 17:24:10     Calculation 11 (Frequency: 21.788 GHz, Theta: 0, Phi: 0)


                      ------------------------------------------------------------------------------
2025-06-14 17:24:13     Matrix setup time        :	0 s
                        Solver setup             :	3 s
                        Degrees of freedom       :	120472
                        Number of mesh cells     :	18731

                        Stimulation port         :	Zmin
                        Mode number              :	1
                        Accuracy                 :	5.07553e-14
                        Iterations               :	1
                        Solver time              :	0 s


                      ------------------------------------------------------------------------------
2025-06-14 17:24:14     Total time               :	3 s

                      ------------------------------------------------------------------------------
2025-06-14 17:24:14   

                      ------------------------------------------------------------------------------
2025-06-14 17:24:14     Calculation 12 (Frequency: 30.284 GHz, Theta: 0, Phi: 0)


                      ------------------------------------------------------------------------------
2025-06-14 17:24:17     Matrix setup time        :	0 s
                        Solver setup             :	3 s
                        Degrees of freedom       :	120472
                        Number of mesh cells     :	18731

                        Stimulation port         :	Zmin
                        Mode number              :	1
                        Accuracy                 :	3.79406e-14
                        Iterations               :	1
                        Solver time              :	0 s


                      ------------------------------------------------------------------------------
2025-06-14 17:24:18     Total time               :	3 s

                      ------------------------------------------------------------------------------
2025-06-14 17:24:18   

                      ------------------------------------------------------------------------------
2025-06-14 17:24:18     Calculation 13 (Frequency: 28.556 GHz, Theta: 0, Phi: 0)


                      ------------------------------------------------------------------------------
2025-06-14 17:24:21     Matrix setup time        :	0 s
                        Solver setup             :	3 s
                        Degrees of freedom       :	120472
                        Number of mesh cells     :	18731

                        Stimulation port         :	Zmin
                        Mode number              :	1
                        Accuracy                 :	3.81685e-14
                        Iterations               :	1
                        Solver time              :	0 s


                      ------------------------------------------------------------------------------
2025-06-14 17:24:21     Total time               :	3 s

                      ------------------------------------------------------------------------------
2025-06-14 17:24:21   

                      ------------------------------------------------------------------------------
2025-06-14 17:24:21     Calculation 14 (Frequency: 31.052 GHz, Theta: 0, Phi: 0)


                      ------------------------------------------------------------------------------
2025-06-14 17:24:25     Matrix setup time        :	0 s
                        Solver setup             :	3 s
                        Degrees of freedom       :	120472
                        Number of mesh cells     :	18731

                        Stimulation port         :	Zmin
                        Mode number              :	1
                        Accuracy                 :	3.2714e-14
                        Iterations               :	1
                        Solver time              :	0 s


                      ------------------------------------------------------------------------------
2025-06-14 17:24:25     Total time               :	3 s

                      ------------------------------------------------------------------------------
2025-06-14 17:24:25   

                      ------------------------------------------------------------------------------
2025-06-14 17:24:25     Calculation 15 (Frequency: 28.82 GHz, Theta: 0, Phi: 0)


                      ------------------------------------------------------------------------------
2025-06-14 17:24:29     Matrix setup time        :	0 s
                        Solver setup             :	3 s
                        Degrees of freedom       :	120472
                        Number of mesh cells     :	18731

                        Stimulation port         :	Zmin
                        Mode number              :	1
                        Accuracy                 :	3.74766e-14
                        Iterations               :	1
                        Solver time              :	0 s


                      ------------------------------------------------------------------------------
2025-06-14 17:24:29     Total time               :	3 s

                      ------------------------------------------------------------------------------
2025-06-14 17:24:29   

                      ------------------------------------------------------------------------------
2025-06-14 17:24:29     Calculation 16 (Frequency: 29.324 GHz, Theta: 0, Phi: 0)


                      ------------------------------------------------------------------------------
2025-06-14 17:24:33     Matrix setup time        :	0 s
                        Solver setup             :	3 s
                        Degrees of freedom       :	120472
                        Number of mesh cells     :	18731

                        Stimulation port         :	Zmin
                        Mode number              :	1
                        Accuracy                 :	4.40272e-14
                        Iterations               :	1
                        Solver time              :	0 s


                      ------------------------------------------------------------------------------
2025-06-14 17:24:33     Total time               :	3 s

                      ------------------------------------------------------------------------------
2025-06-14 17:24:33   

                      ------------------------------------------------------------------------------
2025-06-14 17:24:33     Calculation 17 (Frequency: 31.772 GHz, Theta: 0, Phi: 0)


                      ------------------------------------------------------------------------------
2025-06-14 17:24:37     Matrix setup time        :	0 s
                        Solver setup             :	3 s
                        Degrees of freedom       :	120472
                        Number of mesh cells     :	18731

                        Stimulation port         :	Zmin
                        Mode number              :	1
                        Accuracy                 :	3.13097e-14
                        Iterations               :	1
                        Solver time              :	0 s


                      ------------------------------------------------------------------------------
2025-06-14 17:24:37     Total time               :	4 s

                      ------------------------------------------------------------------------------
2025-06-14 17:24:37   

                      ------------------------------------------------------------------------------
2025-06-14 17:24:37     Calculation 18 (Frequency: 29.54 GHz, Theta: 0, Phi: 0)


                      ------------------------------------------------------------------------------
2025-06-14 17:24:41     Matrix setup time        :	0 s
                        Solver setup             :	3 s
                        Degrees of freedom       :	120472
                        Number of mesh cells     :	18731

                        Stimulation port         :	Zmin
                        Mode number              :	1
                        Accuracy                 :	4.09375e-14
                        Iterations               :	1
                        Solver time              :	0 s


                      ------------------------------------------------------------------------------
2025-06-14 17:24:41     Total time               :	4 s

                      ------------------------------------------------------------------------------
2025-06-14 17:24:41   

                      ------------------------------------------------------------------------------
2025-06-14 17:24:41     Calculation 19 (Frequency: 23.108 GHz, Theta: 0, Phi: 0)


                      ------------------------------------------------------------------------------
2025-06-14 17:24:45     Matrix setup time        :	0 s
                        Solver setup             :	3 s
                        Degrees of freedom       :	120472
                        Number of mesh cells     :	18731

                        Stimulation port         :	Zmin
                        Mode number              :	1
                        Accuracy                 :	4.5652e-14
                        Iterations               :	1
                        Solver time              :	0 s


                      ------------------------------------------------------------------------------
2025-06-14 17:24:46     Total time               :	4 s

                      ------------------------------------------------------------------------------
2025-06-14 17:24:46   

                      ------------------------------------------------------------------------------
2025-06-14 17:24:46     Calculation 20 (Frequency: 22.436 GHz, Theta: 0, Phi: 0)


                      ------------------------------------------------------------------------------
2025-06-14 17:24:50     Matrix setup time        :	0 s
                        Solver setup             :	3 s
                        Degrees of freedom       :	120472
                        Number of mesh cells     :	18731

                        Stimulation port         :	Zmin
                        Mode number              :	1
                        Accuracy                 :	6.41889e-14
                        Iterations               :	1
                        Solver time              :	0 s


                      ------------------------------------------------------------------------------
2025-06-14 17:24:50     Total time               :	4 s

                      ------------------------------------------------------------------------------
2025-06-14 17:24:50   

                      ------------------------------------------------------------------------------
2025-06-14 17:24:50     Calculation 21 (Frequency: 21.188 GHz, Theta: 0, Phi: 0)


                      ------------------------------------------------------------------------------
2025-06-14 17:24:54     Matrix setup time        :	0 s
                        Solver setup             :	3 s
                        Degrees of freedom       :	120472
                        Number of mesh cells     :	18731

                        Stimulation port         :	Zmin
                        Mode number              :	1
                        Accuracy                 :	4.9693e-14
                        Iterations               :	1
                        Solver time              :	0 s


                      ------------------------------------------------------------------------------
2025-06-14 17:24:54     Total time               :	3 s

                      ------------------------------------------------------------------------------
2025-06-14 17:24:54   

                      ------------------------------------------------------------------------------
2025-06-14 17:24:54     Calculation 22 (Frequency: 22.076 GHz, Theta: 0, Phi: 0)


                      ------------------------------------------------------------------------------
2025-06-14 17:24:58     Matrix setup time        :	0 s
                        Solver setup             :	3 s
                        Degrees of freedom       :	120472
                        Number of mesh cells     :	18731

                        Stimulation port         :	Zmin
                        Mode number              :	1
                        Accuracy                 :	5.53647e-14
                        Iterations               :	1
                        Solver time              :	0 s


                      ------------------------------------------------------------------------------
2025-06-14 17:24:58     Total time               :	3 s

                      ------------------------------------------------------------------------------
2025-06-14 17:24:58   

                      ------------------------------------------------------------------------------
2025-06-14 17:24:58     Calculation 23 (Frequency: 26.708 GHz, Theta: 0, Phi: 0)


                      ------------------------------------------------------------------------------
2025-06-14 17:25:02     Matrix setup time        :	0 s
                        Solver setup             :	3 s
                        Degrees of freedom       :	120472
                        Number of mesh cells     :	18731

                        Stimulation port         :	Zmin
                        Mode number              :	1
                        Accuracy                 :	4.03664e-14
                        Iterations               :	1
                        Solver time              :	0 s


                      ------------------------------------------------------------------------------
2025-06-14 17:25:02     Total time               :	3 s

                      ------------------------------------------------------------------------------
2025-06-14 17:25:02   

                      ------------------------------------------------------------------------------
2025-06-14 17:25:02     Calculation 24 (Frequency: 23.852 GHz, Theta: 0, Phi: 0)


                      ------------------------------------------------------------------------------
2025-06-14 17:25:05     Matrix setup time        :	0 s
                        Solver setup             :	3 s
                        Degrees of freedom       :	120472
                        Number of mesh cells     :	18731

                        Stimulation port         :	Zmin
                        Mode number              :	1
                        Accuracy                 :	4.79669e-14
                        Iterations               :	1
                        Solver time              :	0 s


                      ------------------------------------------------------------------------------
2025-06-14 17:25:06     Total time               :	3 s

                      ------------------------------------------------------------------------------
2025-06-14 17:25:06   

                      ------------------------------------------------------------------------------
2025-06-14 17:25:06   Finished the general purpose interpolative broadband frequency sweep:
                      All broadband sweep convergence criteria have been satisfied after
                      calculating 24 frequency samples:

                        Broadband sweep error threshold value :  0.01 (All S-Parameters) 
                        Number of error criterion checks      :  2 (All S-Parameters) 
                        Minimum number of samples             :  3
                        Number of data samples, linear        :  1001

                      ------------------------------------------------------------------------------
2025-06-14 17:25:06     Number of mesh cells     :	18731
                        Degrees of freedom       :	119472
                        Total Solver Time        :	116 s	 (= 0 h, 01 m, 56 s)
                      ================================================================================



                      ------------------------------------------------------------------------------
2025-06-14 17:25:06     ----------------------------------------------------------------------------
                                            Peak memory used (kB)         Free physical memory (kB) 
                                                                          At begin     Minimum      
                        ----------------------------------------------------------------------------
                        Solver start        22268                         8749164      8749164      
                        Eq. system setup    2131288                       8749480      7840792      
                        Eq. system solve    2131500                       8708304      6508740      
                        Mesh refinement     1402764                       8546428      8197192      
                        Solver run total    2131500                       8749168      6508740      

                        Computer name       Tahsin
                        ----------------------------------------------------------------------------


                      ------------------------------------------------------------------------------
2025-06-14 17:25:06   Running postprocessing.

                      ------------------------------------------------------------------------------
2025-06-14 17:25:06   Postprocessing finished.

                      ------------------------------------------------------------------------------
