2025-04-05 00:19:26   *** Warning ***

                      Electric isotropic material [Copper (pure)] has a very high conductivity for
                      the given mesh. Depending on your configuration it may be better to use a lossy
                      metal type for this material. More...

                      ------------------------------------------------------------------------------
2025-04-05 00:19:26   In order to get an optimal performance, hyperthreading is ignored for parallel
                      computations.

                      ------------------------------------------------------------------------------
2025-04-05 00:19:28   Units settings: 

                        Dimensions: mm
                        Frequency:  GHz
                        Time:       s

                      ------------------------------------------------------------------------------
2025-04-05 00:19:28   Boundary conditions: 

                        YZsymmetry: none
                        XZsymmetry: none
                        XYsymmetry: none

                        Xmin: unit cell
                        Xmax: unit cell

                        Ymin: unit cell
                        Ymax: unit cell

                        Zmin: expanded open
                        Zmax: expanded open

                      ------------------------------------------------------------------------------
2025-04-05 00:19:28   Order settings: 

                        Solver order   : 2nd (constant)
                        Curved elements: up to order 3 (automatic)

                      ------------------------------------------------------------------------------
2025-04-05 00:19:28   An iterative solver will be used first.

                      ------------------------------------------------------------------------------
2025-04-05 00:19:28     Mesh time                :	1 s


                      ------------------------------------------------------------------------------
2025-04-05 00:19:28   
                      ================================================================================
                      Frequency Domain Solver calculation cycle started

                      ------------------------------------------------------------------------------
2025-04-05 00:19:28   Solver started at: 2025-04-05 00:19:28 +0600

                        Module:  Frequency Domain: S-Parameter (Win 64)
                        Version: 2024.1 Release from 2023-10-16 (change 1181985)

                      ------------------------------------------------------------------------------
2025-04-05 00:19:28   The low frequency stabilization is not applied to periodic problems.

                      ------------------------------------------------------------------------------
2025-04-05 00:19:28     Calculation 1 of 1 (Frequency: 32 GHz, Theta: 0, Phi: 0)


                      ------------------------------------------------------------------------------
2025-04-05 00:19:28   The wavelength based mesh refinement has been applied to 4.7% of all mesh edges.

                      ------------------------------------------------------------------------------
2025-04-05 00:19:28   For some elements the curvature had to be reduced to maintain the quality of the mesh. More...

                      ------------------------------------------------------------------------------
2025-04-05 00:19:29   Adaptive mesh refinement pass 1

                      ------------------------------------------------------------------------------
2025-04-05 00:19:36   *** Warning ***

2025-04-05 00:19:36   Detected possible stagnation of the iterative solver (5.044106e-02 after 250 iterations.)
                      Please consider aborting the solver run, and check your simulation setup.  More...

                      ------------------------------------------------------------------------------
2025-04-05 00:19:42   *** Warning ***

2025-04-05 00:19:42   The solver stopped because the maximum number of iterations (500, used for automatic solver choice) has been reached.

                      ------------------------------------------------------------------------------
2025-04-05 00:19:42   Solving again, but with the direct solver. Please consider forcing the direct solver in the solver special settings, and
                      check your simulation setup (for instance source and material definitions.)

                      ------------------------------------------------------------------------------
2025-04-05 00:19:43     Matrix setup time        :	0 s
                        Degrees of freedom       :	37640
                        Number of mesh cells     :	5742

                        Stimulation port         :	Zmin
                        Mode number              :	1
                        Accuracy                 :	9.5348e-14
                        Iterations               :	1
                        Solver time              :	0 s


                      ------------------------------------------------------------------------------
2025-04-05 00:19:43   24% of all mesh edges seem to be longer than expected. The adaptive mesh refinement's growth limitation will therefore 
                      use 14051 instead of 3929 mesh cells as a reference.

                      ------------------------------------------------------------------------------
2025-04-05 00:19:43   The wavelength based mesh refinement has been applied to 0.2% of all mesh edges.

                      ------------------------------------------------------------------------------
2025-04-05 00:19:44   For some elements the curvature had to be reduced to maintain the quality of the mesh. More...

                      ------------------------------------------------------------------------------
2025-04-05 00:19:44   Adaptive mesh refinement pass 2

                      ------------------------------------------------------------------------------
2025-04-05 00:19:47     Matrix setup time        :	0 s
                        Solver setup             :	2 s
                        Degrees of freedom       :	75368
                        Number of mesh cells     :	11669

                        Stimulation port         :	Zmin
                        Mode number              :	1
                        Accuracy                 :	6.33376e-14
                        Iterations               :	1
                        Solver time              :	0 s


                      ------------------------------------------------------------------------------
2025-04-05 00:19:47     Delta calculation        
2025-04-05 00:19:47     All S-Parameters         :	0.0898651
2025-04-05 00:19:47   

                      ------------------------------------------------------------------------------
2025-04-05 00:19:48   For some elements the curvature had to be slightly reduced to maintain the quality of the mesh. More...

                      ------------------------------------------------------------------------------
2025-04-05 00:19:49   Adaptive mesh refinement pass 3

                      ------------------------------------------------------------------------------
2025-04-05 00:19:54     Matrix setup time        :	0 s
                        Solver setup             :	4 s
                        Degrees of freedom       :	138972
                        Number of mesh cells     :	21652

                        Stimulation port         :	Zmin
                        Mode number              :	1
                        Accuracy                 :	2.74849e-14
                        Iterations               :	1
                        Solver time              :	0 s


                      ------------------------------------------------------------------------------
2025-04-05 00:19:54     Delta calculation        
2025-04-05 00:19:54     All S-Parameters         :	0.0671328
2025-04-05 00:19:54   

                      ------------------------------------------------------------------------------
2025-04-05 00:19:56   For some elements the curvature had to be slightly reduced to maintain the quality of the mesh. More...

                      ------------------------------------------------------------------------------
2025-04-05 00:19:56   Adaptive mesh refinement pass 4

                      ------------------------------------------------------------------------------
2025-04-05 00:20:08     Matrix setup time        :	0 s
                        Solver setup             :	10 s
                        Degrees of freedom       :	223848
                        Number of mesh cells     :	34891

                        Stimulation port         :	Zmin
                        Mode number              :	1
                        Accuracy                 :	3.87519e-14
                        Iterations               :	1
                        Solver time              :	0 s


                      ------------------------------------------------------------------------------
2025-04-05 00:20:08     Delta calculation        
2025-04-05 00:20:08     All S-Parameters         :	0.0221164
2025-04-05 00:20:08   

                      ------------------------------------------------------------------------------
2025-04-05 00:20:11   Adaptive mesh refinement pass 5

                      ------------------------------------------------------------------------------
2025-04-05 00:20:28     Matrix setup time        :	1 s
                        Solver setup             :	15 s
                        Degrees of freedom       :	315984
                        Number of mesh cells     :	49295

                        Stimulation port         :	Zmin
                        Mode number              :	1
                        Accuracy                 :	3.65513e-14
                        Iterations               :	1
                        Solver time              :	0 s


                      ------------------------------------------------------------------------------
2025-04-05 00:20:29     Delta calculation        
2025-04-05 00:20:29     All S-Parameters         :	0.00887862
2025-04-05 00:20:29   

                      ------------------------------------------------------------------------------
2025-04-05 00:20:29   Mesh adaptation terminated because the desired accuracy limit is reached.

                      ------------------------------------------------------------------------------
2025-04-05 00:20:29   *** Warning ***

2025-04-05 00:20:29   At least one propagating Floquet mode is not considered at port Zmin. Please increase the number of modes at this port. 
                      More...

                      ------------------------------------------------------------------------------
2025-04-05 00:20:29   *** Warning ***

2025-04-05 00:20:29   At least one propagating Floquet mode is not considered at port Zmax. Please increase the number of modes at this port. 
                      More...

                      ------------------------------------------------------------------------------
2025-04-05 00:20:29     Total time               :	60 s	 (= 0 h, 01 m, 00 s)

                      ------------------------------------------------------------------------------
2025-04-05 00:20:29   

                      ------------------------------------------------------------------------------
2025-04-05 00:20:29     Calculation 2 (Frequency: 20 GHz, Theta: 0, Phi: 0)


                      ------------------------------------------------------------------------------
2025-04-05 00:20:43     Matrix setup time        :	0 s
                        Solver setup             :	12 s
                        Degrees of freedom       :	315984
                        Number of mesh cells     :	49295

                        Stimulation port         :	Zmin
                        Mode number              :	1
                        Accuracy                 :	2.88276e-14
                        Iterations               :	1
                        Solver time              :	0 s


                      ------------------------------------------------------------------------------
2025-04-05 00:20:43     Total time               :	13 s

                      ------------------------------------------------------------------------------
2025-04-05 00:20:43   

                      ------------------------------------------------------------------------------
2025-04-05 00:20:43     Calculation 3 (Frequency: 26 GHz, Theta: 0, Phi: 0)


                      ------------------------------------------------------------------------------
2025-04-05 00:20:56     Matrix setup time        :	0 s
                        Solver setup             :	11 s
                        Degrees of freedom       :	315984
                        Number of mesh cells     :	49295

                        Stimulation port         :	Zmin
                        Mode number              :	1
                        Accuracy                 :	2.29469e-14
                        Iterations               :	1
                        Solver time              :	0 s


                      ------------------------------------------------------------------------------
2025-04-05 00:20:56     Total time               :	12 s

                      ------------------------------------------------------------------------------
2025-04-05 00:20:56   

                      ------------------------------------------------------------------------------
2025-04-05 00:20:56     Calculation 4 (Frequency: 29 GHz, Theta: 0, Phi: 0)


                      ------------------------------------------------------------------------------
2025-04-05 00:21:09     Matrix setup time        :	0 s
                        Solver setup             :	12 s
                        Degrees of freedom       :	315984
                        Number of mesh cells     :	49295

                        Stimulation port         :	Zmin
                        Mode number              :	1
                        Accuracy                 :	3.68508e-14
                        Iterations               :	1
                        Solver time              :	0 s


                      ------------------------------------------------------------------------------
2025-04-05 00:21:10     Total time               :	13 s

                      ------------------------------------------------------------------------------
2025-04-05 00:21:10   

                      ------------------------------------------------------------------------------
2025-04-05 00:21:10     Calculation 5 (Frequency: 23.612 GHz, Theta: 0, Phi: 0)


                      ------------------------------------------------------------------------------
2025-04-05 00:21:23     Matrix setup time        :	0 s
                        Solver setup             :	12 s
                        Degrees of freedom       :	315984
                        Number of mesh cells     :	49295

                        Stimulation port         :	Zmin
                        Mode number              :	1
                        Accuracy                 :	3.32704e-14
                        Iterations               :	1
                        Solver time              :	0 s


                      ------------------------------------------------------------------------------
2025-04-05 00:21:23     Total time               :	13 s

                      ------------------------------------------------------------------------------
2025-04-05 00:21:23   

                      ------------------------------------------------------------------------------
2025-04-05 00:21:23     Calculation 6 (Frequency: 27.848 GHz, Theta: 0, Phi: 0)


                      ------------------------------------------------------------------------------
2025-04-05 00:21:36     Matrix setup time        :	0 s
                        Solver setup             :	11 s
                        Degrees of freedom       :	315984
                        Number of mesh cells     :	49295

                        Stimulation port         :	Zmin
                        Mode number              :	1
                        Accuracy                 :	4.06636e-14
                        Iterations               :	1
                        Solver time              :	0 s


                      ------------------------------------------------------------------------------
2025-04-05 00:21:36     Total time               :	12 s

                      ------------------------------------------------------------------------------
2025-04-05 00:21:36   

                      ------------------------------------------------------------------------------
2025-04-05 00:21:36     Calculation 7 (Frequency: 22.448 GHz, Theta: 0, Phi: 0)


                      ------------------------------------------------------------------------------
2025-04-05 00:21:49     Matrix setup time        :	0 s
                        Solver setup             :	12 s
                        Degrees of freedom       :	315984
                        Number of mesh cells     :	49295

                        Stimulation port         :	Zmin
                        Mode number              :	1
                        Accuracy                 :	3.58145e-14
                        Iterations               :	1
                        Solver time              :	0 s


                      ------------------------------------------------------------------------------
2025-04-05 00:21:50     Total time               :	13 s

                      ------------------------------------------------------------------------------
2025-04-05 00:21:50   

                      ------------------------------------------------------------------------------
2025-04-05 00:21:50     Calculation 8 (Frequency: 24.404 GHz, Theta: 0, Phi: 0)


                      ------------------------------------------------------------------------------
2025-04-05 00:22:03     Matrix setup time        :	0 s
                        Solver setup             :	12 s
                        Degrees of freedom       :	315984
                        Number of mesh cells     :	49295

                        Stimulation port         :	Zmin
                        Mode number              :	1
                        Accuracy                 :	2.05742e-14
                        Iterations               :	1
                        Solver time              :	0 s


                      ------------------------------------------------------------------------------
2025-04-05 00:22:03     Total time               :	13 s

                      ------------------------------------------------------------------------------
2025-04-05 00:22:03   

                      ------------------------------------------------------------------------------
2025-04-05 00:22:03     Calculation 9 (Frequency: 22.784 GHz, Theta: 0, Phi: 0)


                      ------------------------------------------------------------------------------
2025-04-05 00:22:16     Matrix setup time        :	0 s
                        Solver setup             :	12 s
                        Degrees of freedom       :	315984
                        Number of mesh cells     :	49295

                        Stimulation port         :	Zmin
                        Mode number              :	1
                        Accuracy                 :	3.08564e-14
                        Iterations               :	1
                        Solver time              :	0 s


                      ------------------------------------------------------------------------------
2025-04-05 00:22:17     Total time               :	13 s

                      ------------------------------------------------------------------------------
2025-04-05 00:22:17   

                      ------------------------------------------------------------------------------
2025-04-05 00:22:17     Calculation 10 (Frequency: 27.008 GHz, Theta: 0, Phi: 0)


                      ------------------------------------------------------------------------------
2025-04-05 00:22:31     Matrix setup time        :	0 s
                        Solver setup             :	13 s
                        Degrees of freedom       :	315984
                        Number of mesh cells     :	49295

                        Stimulation port         :	Zmin
                        Mode number              :	1
                        Accuracy                 :	2.7122e-14
                        Iterations               :	1
                        Solver time              :	0 s


                      ------------------------------------------------------------------------------
2025-04-05 00:22:31     Total time               :	14 s

                      ------------------------------------------------------------------------------
2025-04-05 00:22:31   

                      ------------------------------------------------------------------------------
2025-04-05 00:22:31     Calculation 11 (Frequency: 20.744 GHz, Theta: 0, Phi: 0)


                      ------------------------------------------------------------------------------
2025-04-05 00:22:45     Matrix setup time        :	0 s
                        Solver setup             :	12 s
                        Degrees of freedom       :	315984
                        Number of mesh cells     :	49295

                        Stimulation port         :	Zmin
                        Mode number              :	1
                        Accuracy                 :	3.34856e-14
                        Iterations               :	1
                        Solver time              :	0 s


                      ------------------------------------------------------------------------------
2025-04-05 00:22:45     Total time               :	13 s

                      ------------------------------------------------------------------------------
2025-04-05 00:22:45   

                      ------------------------------------------------------------------------------
2025-04-05 00:22:45     Calculation 12 (Frequency: 30.296 GHz, Theta: 0, Phi: 0)


                      ------------------------------------------------------------------------------
2025-04-05 00:22:59     Matrix setup time        :	0 s
                        Solver setup             :	12 s
                        Degrees of freedom       :	315984
                        Number of mesh cells     :	49295

                        Stimulation port         :	Zmin
                        Mode number              :	1
                        Accuracy                 :	2.74439e-14
                        Iterations               :	1
                        Solver time              :	0 s


                      ------------------------------------------------------------------------------
2025-04-05 00:22:59     Total time               :	13 s

                      ------------------------------------------------------------------------------
2025-04-05 00:22:59   

                      ------------------------------------------------------------------------------
2025-04-05 00:22:59     Calculation 13 (Frequency: 28.604 GHz, Theta: 0, Phi: 0)


                      ------------------------------------------------------------------------------
2025-04-05 00:23:13     Matrix setup time        :	0 s
                        Solver setup             :	13 s
                        Degrees of freedom       :	315984
                        Number of mesh cells     :	49295

                        Stimulation port         :	Zmin
                        Mode number              :	1
                        Accuracy                 :	3.80812e-14
                        Iterations               :	1
                        Solver time              :	0 s


                      ------------------------------------------------------------------------------
2025-04-05 00:23:14     Total time               :	14 s

                      ------------------------------------------------------------------------------
2025-04-05 00:23:14   

                      ------------------------------------------------------------------------------
2025-04-05 00:23:14     Calculation 14 (Frequency: 30.572 GHz, Theta: 0, Phi: 0)


                      ------------------------------------------------------------------------------
2025-04-05 00:23:27     Matrix setup time        :	0 s
                        Solver setup             :	12 s
                        Degrees of freedom       :	315984
                        Number of mesh cells     :	49295

                        Stimulation port         :	Zmin
                        Mode number              :	1
                        Accuracy                 :	3.42167e-14
                        Iterations               :	1
                        Solver time              :	0 s


                      ------------------------------------------------------------------------------
2025-04-05 00:23:27     Total time               :	13 s

                      ------------------------------------------------------------------------------
2025-04-05 00:23:27   

                      ------------------------------------------------------------------------------
2025-04-05 00:23:27     Calculation 15 (Frequency: 20.324 GHz, Theta: 0, Phi: 0)


                      ------------------------------------------------------------------------------
2025-04-05 00:23:41     Matrix setup time        :	0 s
                        Solver setup             :	12 s
                        Degrees of freedom       :	315984
                        Number of mesh cells     :	49295

                        Stimulation port         :	Zmin
                        Mode number              :	1
                        Accuracy                 :	2.83106e-14
                        Iterations               :	1
                        Solver time              :	0 s


                      ------------------------------------------------------------------------------
2025-04-05 00:23:41     Total time               :	13 s

                      ------------------------------------------------------------------------------
2025-04-05 00:23:41   

                      ------------------------------------------------------------------------------
2025-04-05 00:23:41     Calculation 16 (Frequency: 21.32 GHz, Theta: 0, Phi: 0)


                      ------------------------------------------------------------------------------
2025-04-05 00:23:55     Matrix setup time        :	0 s
                        Solver setup             :	12 s
                        Degrees of freedom       :	315984
                        Number of mesh cells     :	49295

                        Stimulation port         :	Zmin
                        Mode number              :	1
                        Accuracy                 :	3.83205e-14
                        Iterations               :	1
                        Solver time              :	0 s


                      ------------------------------------------------------------------------------
2025-04-05 00:23:55     Total time               :	13 s

                      ------------------------------------------------------------------------------
2025-04-05 00:23:55   

                      ------------------------------------------------------------------------------
2025-04-05 00:23:55     Calculation 17 (Frequency: 25.172 GHz, Theta: 0, Phi: 0)


                      ------------------------------------------------------------------------------
2025-04-05 00:24:09     Matrix setup time        :	0 s
                        Solver setup             :	13 s
                        Degrees of freedom       :	315984
                        Number of mesh cells     :	49295

                        Stimulation port         :	Zmin
                        Mode number              :	1
                        Accuracy                 :	6.10513e-14
                        Iterations               :	1
                        Solver time              :	0 s


                      ------------------------------------------------------------------------------
2025-04-05 00:24:10     Total time               :	14 s

                      ------------------------------------------------------------------------------
2025-04-05 00:24:10   

                      ------------------------------------------------------------------------------
2025-04-05 00:24:10     Calculation 18 (Frequency: 21.788 GHz, Theta: 0, Phi: 0)


                      ------------------------------------------------------------------------------
2025-04-05 00:24:23     Matrix setup time        :	0 s
                        Solver setup             :	12 s
                        Degrees of freedom       :	315984
                        Number of mesh cells     :	49295

                        Stimulation port         :	Zmin
                        Mode number              :	1
                        Accuracy                 :	3.24453e-14
                        Iterations               :	1
                        Solver time              :	0 s


                      ------------------------------------------------------------------------------
2025-04-05 00:24:23     Total time               :	13 s

                      ------------------------------------------------------------------------------
2025-04-05 00:24:23   

                      ------------------------------------------------------------------------------
2025-04-05 00:24:23     Calculation 19 (Frequency: 21.104 GHz, Theta: 0, Phi: 0)


                      ------------------------------------------------------------------------------
2025-04-05 00:24:37     Matrix setup time        :	0 s
                        Solver setup             :	12 s
                        Degrees of freedom       :	315984
                        Number of mesh cells     :	49295

                        Stimulation port         :	Zmin
                        Mode number              :	1
                        Accuracy                 :	2.96665e-14
                        Iterations               :	1
                        Solver time              :	0 s


                      ------------------------------------------------------------------------------
2025-04-05 00:24:37     Total time               :	13 s

                      ------------------------------------------------------------------------------
2025-04-05 00:24:37   

                      ------------------------------------------------------------------------------
2025-04-05 00:24:37     Calculation 20 (Frequency: 22.052 GHz, Theta: 0, Phi: 0)


                      ------------------------------------------------------------------------------
2025-04-05 00:24:50     Matrix setup time        :	0 s
                        Solver setup             :	12 s
                        Degrees of freedom       :	315984
                        Number of mesh cells     :	49295

                        Stimulation port         :	Zmin
                        Mode number              :	1
                        Accuracy                 :	2.79317e-14
                        Iterations               :	1
                        Solver time              :	0 s


                      ------------------------------------------------------------------------------
2025-04-05 00:24:51     Total time               :	13 s

                      ------------------------------------------------------------------------------
2025-04-05 00:24:51   

                      ------------------------------------------------------------------------------
2025-04-05 00:24:51     Calculation 21 (Frequency: 25.676 GHz, Theta: 0, Phi: 0)


                      ------------------------------------------------------------------------------
2025-04-05 00:25:04     Matrix setup time        :	0 s
                        Solver setup             :	12 s
                        Degrees of freedom       :	315984
                        Number of mesh cells     :	49295

                        Stimulation port         :	Zmin
                        Mode number              :	1
                        Accuracy                 :	2.95502e-14
                        Iterations               :	1
                        Solver time              :	0 s


                      ------------------------------------------------------------------------------
2025-04-05 00:25:05     Total time               :	13 s

                      ------------------------------------------------------------------------------
2025-04-05 00:25:05   

                      ------------------------------------------------------------------------------
2025-04-05 00:25:05     Calculation 22 (Frequency: 23.864 GHz, Theta: 0, Phi: 0)


                      ------------------------------------------------------------------------------
2025-04-05 00:25:18     Matrix setup time        :	0 s
                        Solver setup             :	12 s
                        Degrees of freedom       :	315984
                        Number of mesh cells     :	49295

                        Stimulation port         :	Zmin
                        Mode number              :	1
                        Accuracy                 :	3.01229e-14
                        Iterations               :	1
                        Solver time              :	0 s


                      ------------------------------------------------------------------------------
2025-04-05 00:25:19     Total time               :	14 s

                      ------------------------------------------------------------------------------
2025-04-05 00:25:19   

                      ------------------------------------------------------------------------------
2025-04-05 00:25:19     Calculation 23 (Frequency: 26.468 GHz, Theta: 0, Phi: 0)


                      ------------------------------------------------------------------------------
2025-04-05 00:25:33     Matrix setup time        :	0 s
                        Solver setup             :	13 s
                        Degrees of freedom       :	315984
                        Number of mesh cells     :	49295

                        Stimulation port         :	Zmin
                        Mode number              :	1
                        Accuracy                 :	2.95121e-14
                        Iterations               :	1
                        Solver time              :	0 s


                      ------------------------------------------------------------------------------
2025-04-05 00:25:33     Total time               :	14 s

                      ------------------------------------------------------------------------------
2025-04-05 00:25:33   

                      ------------------------------------------------------------------------------
2025-04-05 00:25:33     Calculation 24 (Frequency: 29.54 GHz, Theta: 0, Phi: 0)


                      ------------------------------------------------------------------------------
2025-04-05 00:25:47     Matrix setup time        :	0 s
                        Solver setup             :	12 s
                        Degrees of freedom       :	315984
                        Number of mesh cells     :	49295

                        Stimulation port         :	Zmin
                        Mode number              :	1
                        Accuracy                 :	3.67674e-14
                        Iterations               :	1
                        Solver time              :	0 s


                      ------------------------------------------------------------------------------
2025-04-05 00:25:47     Total time               :	13 s

                      ------------------------------------------------------------------------------
2025-04-05 00:25:47   

                      ------------------------------------------------------------------------------
2025-04-05 00:25:47     Calculation 25 (Frequency: 31.256 GHz, Theta: 0, Phi: 0)


                      ------------------------------------------------------------------------------
2025-04-05 00:26:01     Matrix setup time        :	0 s
                        Solver setup             :	12 s
                        Degrees of freedom       :	315984
                        Number of mesh cells     :	49295

                        Stimulation port         :	Zmin
                        Mode number              :	1
                        Accuracy                 :	2.59629e-14
                        Iterations               :	1
                        Solver time              :	0 s


                      ------------------------------------------------------------------------------
2025-04-05 00:26:01     Total time               :	13 s

                      ------------------------------------------------------------------------------
2025-04-05 00:26:01   

                      ------------------------------------------------------------------------------
2025-04-05 00:26:01     Calculation 26 (Frequency: 29.852 GHz, Theta: 0, Phi: 0)


                      ------------------------------------------------------------------------------
2025-04-05 00:26:15     Matrix setup time        :	0 s
                        Solver setup             :	12 s
                        Degrees of freedom       :	315984
                        Number of mesh cells     :	49295

                        Stimulation port         :	Zmin
                        Mode number              :	1
                        Accuracy                 :	2.9014e-14
                        Iterations               :	1
                        Solver time              :	0 s


                      ------------------------------------------------------------------------------
2025-04-05 00:26:15     Total time               :	13 s

                      ------------------------------------------------------------------------------
2025-04-05 00:26:15   

                      ------------------------------------------------------------------------------
2025-04-05 00:26:15     Calculation 27 (Frequency: 30.932 GHz, Theta: 0, Phi: 0)


                      ------------------------------------------------------------------------------
2025-04-05 00:26:28     Matrix setup time        :	0 s
                        Solver setup             :	12 s
                        Degrees of freedom       :	315984
                        Number of mesh cells     :	49295

                        Stimulation port         :	Zmin
                        Mode number              :	1
                        Accuracy                 :	3.85429e-14
                        Iterations               :	1
                        Solver time              :	0 s


                      ------------------------------------------------------------------------------
2025-04-05 00:26:29     Total time               :	13 s

                      ------------------------------------------------------------------------------
2025-04-05 00:26:29   

                      ------------------------------------------------------------------------------
2025-04-05 00:26:29     Calculation 28 (Frequency: 31.568 GHz, Theta: 0, Phi: 0)


                      ------------------------------------------------------------------------------
2025-04-05 00:26:42     Matrix setup time        :	0 s
                        Solver setup             :	12 s
                        Degrees of freedom       :	315984
                        Number of mesh cells     :	49295

                        Stimulation port         :	Zmin
                        Mode number              :	1
                        Accuracy                 :	4.18272e-14
                        Iterations               :	1
                        Solver time              :	0 s


                      ------------------------------------------------------------------------------
2025-04-05 00:26:43     Total time               :	13 s

                      ------------------------------------------------------------------------------
2025-04-05 00:26:43   

                      ------------------------------------------------------------------------------
2025-04-05 00:26:43     Calculation 29 (Frequency: 28.304 GHz, Theta: 0, Phi: 0)


                      ------------------------------------------------------------------------------
2025-04-05 00:26:56     Matrix setup time        :	0 s
                        Solver setup             :	12 s
                        Degrees of freedom       :	315984
                        Number of mesh cells     :	49295

                        Stimulation port         :	Zmin
                        Mode number              :	1
                        Accuracy                 :	2.36128e-14
                        Iterations               :	1
                        Solver time              :	0 s


                      ------------------------------------------------------------------------------
2025-04-05 00:26:57     Total time               :	14 s

                      ------------------------------------------------------------------------------
2025-04-05 00:26:57   

                      ------------------------------------------------------------------------------
2025-04-05 00:26:57     Calculation 30 (Frequency: 27.62 GHz, Theta: 0, Phi: 0)


                      ------------------------------------------------------------------------------
2025-04-05 00:27:10     Matrix setup time        :	0 s
                        Solver setup             :	12 s
                        Degrees of freedom       :	315984
                        Number of mesh cells     :	49295

                        Stimulation port         :	Zmin
                        Mode number              :	1
                        Accuracy                 :	2.36839e-14
                        Iterations               :	1
                        Solver time              :	0 s


                      ------------------------------------------------------------------------------
2025-04-05 00:27:11     Total time               :	13 s

                      ------------------------------------------------------------------------------
2025-04-05 00:27:11   

                      ------------------------------------------------------------------------------
2025-04-05 00:27:11     Calculation 31 (Frequency: 26.708 GHz, Theta: 0, Phi: 0)


                      ------------------------------------------------------------------------------
2025-04-05 00:27:24     Matrix setup time        :	0 s
                        Solver setup             :	12 s
                        Degrees of freedom       :	315984
                        Number of mesh cells     :	49295

                        Stimulation port         :	Zmin
                        Mode number              :	1
                        Accuracy                 :	6.19571e-14
                        Iterations               :	1
                        Solver time              :	0 s


                      ------------------------------------------------------------------------------
2025-04-05 00:27:24     Total time               :	13 s

                      ------------------------------------------------------------------------------
2025-04-05 00:27:24   

                      ------------------------------------------------------------------------------
2025-04-05 00:27:24   Finished the general purpose interpolative broadband frequency sweep:
                      All broadband sweep convergence criteria have been satisfied after
                      calculating 31 frequency samples:

                        Broadband sweep error threshold value :  0.01 (All S-Parameters) 
                        Number of error criterion checks      :  2 (All S-Parameters) 
                        Minimum number of samples             :  3
                        Number of data samples, linear        :  1001

                      ------------------------------------------------------------------------------
2025-04-05 00:27:24     Number of mesh cells     :	49295
                        Degrees of freedom       :	314404
                        Total Solver Time        :	476 s	 (= 0 h, 07 m, 56 s)
                      ================================================================================



                      ------------------------------------------------------------------------------
2025-04-05 00:27:24     ----------------------------------------------------------------------------
                                            Peak memory used (kB)         Free physical memory (kB) 
                                                                          At begin     Minimum      
                        ----------------------------------------------------------------------------
                        Solver start        21936                         8451948      8451412      
                        Eq. system setup    5467860                       8421420      6872200      
                        Eq. system solve    5467860                       8377784      2672000      
                        Mesh refinement     3911000                       8005312      6997416      
                        Solver run total    5467860                       8451952      2672000      

                        Computer name       Tahsin
                        ----------------------------------------------------------------------------


                      ------------------------------------------------------------------------------
2025-04-05 00:27:24   Running postprocessing.

                      ------------------------------------------------------------------------------
2025-04-05 00:27:25   Postprocessing finished.

                      ------------------------------------------------------------------------------
