2025-04-05 12:35:17   *** Warning ***

                      Electric isotropic material [Copper (pure)] has a very high conductivity for
                      the given mesh. Depending on your configuration it may be better to use a lossy
                      metal type for this material. More...

                      ------------------------------------------------------------------------------
2025-04-05 12:35:17   In order to get an optimal performance, hyperthreading is ignored for parallel
                      computations.

                      ------------------------------------------------------------------------------
2025-04-05 12:35:19   Units settings: 

                        Dimensions: mm
                        Frequency:  GHz
                        Time:       s

                      ------------------------------------------------------------------------------
2025-04-05 12:35:19   Boundary conditions: 

                        YZsymmetry: none
                        XZsymmetry: none
                        XYsymmetry: none

                        Xmin: unit cell
                        Xmax: unit cell

                        Ymin: unit cell
                        Ymax: unit cell

                        Zmin: expanded open
                        Zmax: expanded open

                      ------------------------------------------------------------------------------
2025-04-05 12:35:19   Order settings: 

                        Solver order   : 2nd (constant)
                        Curved elements: up to order 3 (automatic)

                      ------------------------------------------------------------------------------
2025-04-05 12:35:19   An iterative solver will be used first.

                      ------------------------------------------------------------------------------
2025-04-05 12:35:19     Mesh time                :	2 s


                      ------------------------------------------------------------------------------
2025-04-05 12:35:19   
                      ================================================================================
                      Frequency Domain Solver calculation cycle started

                      ------------------------------------------------------------------------------
2025-04-05 12:35:19   Solver started at: 2025-04-05 12:35:19 +0600

                        Module:  Frequency Domain: S-Parameter (Win 64)
                        Version: 2024.1 Release from 2023-10-16 (change 1181985)

                      ------------------------------------------------------------------------------
2025-04-05 12:35:19   The low frequency stabilization is not applied to periodic problems.

                      ------------------------------------------------------------------------------
2025-04-05 12:35:19     Calculation 1 of 1 (Frequency: 32 GHz, Theta: 0, Phi: 0)


                      ------------------------------------------------------------------------------
2025-04-05 12:35:20   The wavelength based mesh refinement has been applied to 6.3% of all mesh edges.

                      ------------------------------------------------------------------------------
2025-04-05 12:35:20   For some elements the curvature had to be reduced to maintain the quality of the mesh. More...

                      ------------------------------------------------------------------------------
2025-04-05 12:35:20   Adaptive mesh refinement pass 1

                      ------------------------------------------------------------------------------
2025-04-05 12:35:27   *** Warning ***

2025-04-05 12:35:27   Detected possible stagnation of the iterative solver (4.300652e-02 after 250 iterations.)
                      Please consider aborting the solver run, and check your simulation setup.  More...

                      ------------------------------------------------------------------------------
2025-04-05 12:35:34   *** Warning ***

2025-04-05 12:35:34   The solver stopped because the maximum number of iterations (500, used for automatic solver choice) has been reached.

                      ------------------------------------------------------------------------------
2025-04-05 12:35:34   Solving again, but with the direct solver. Please consider forcing the direct solver in the solver special settings, and
                      check your simulation setup (for instance source and material definitions.)

                      ------------------------------------------------------------------------------
2025-04-05 12:35:36     Matrix setup time        :	0 s
                        Degrees of freedom       :	40286
                        Number of mesh cells     :	6157

                        Stimulation port         :	Zmin
                        Mode number              :	1
                        Accuracy                 :	6.77327e-14
                        Iterations               :	1
                        Solver time              :	0 s


                      ------------------------------------------------------------------------------
2025-04-05 12:35:36   20% of all mesh edges seem to be longer than expected. The adaptive mesh refinement's growth limitation will therefore 
                      use 13843 instead of 3912 mesh cells as a reference.

                      ------------------------------------------------------------------------------
2025-04-05 12:35:36   The wavelength based mesh refinement has been applied to 0.1% of all mesh edges.

                      ------------------------------------------------------------------------------
2025-04-05 12:35:36   For some elements the curvature had to be reduced to maintain the quality of the mesh. More...

                      ------------------------------------------------------------------------------
2025-04-05 12:35:37   Adaptive mesh refinement pass 2

                      ------------------------------------------------------------------------------
2025-04-05 12:35:39     Matrix setup time        :	0 s
                        Solver setup             :	2 s
                        Degrees of freedom       :	73584
                        Number of mesh cells     :	11383

                        Stimulation port         :	Zmin
                        Mode number              :	1
                        Accuracy                 :	4.23763e-14
                        Iterations               :	1
                        Solver time              :	0 s


                      ------------------------------------------------------------------------------
2025-04-05 12:35:39     Delta calculation        
2025-04-05 12:35:39     All S-Parameters         :	0.0266846
2025-04-05 12:35:39   

                      ------------------------------------------------------------------------------
2025-04-05 12:35:40   For some elements the curvature had to be reduced to maintain the quality of the mesh. More...

                      ------------------------------------------------------------------------------
2025-04-05 12:35:41   Adaptive mesh refinement pass 3

                      ------------------------------------------------------------------------------
2025-04-05 12:35:45     Matrix setup time        :	0 s
                        Solver setup             :	3 s
                        Degrees of freedom       :	124522
                        Number of mesh cells     :	19368

                        Stimulation port         :	Zmin
                        Mode number              :	1
                        Accuracy                 :	3.58631e-14
                        Iterations               :	1
                        Solver time              :	0 s


                      ------------------------------------------------------------------------------
2025-04-05 12:35:45     Delta calculation        
2025-04-05 12:35:45     All S-Parameters         :	0.0170817
2025-04-05 12:35:45   

                      ------------------------------------------------------------------------------
2025-04-05 12:35:45   Mesh adaptation terminated because the desired accuracy limit is reached.

                      ------------------------------------------------------------------------------
2025-04-05 12:35:45   *** Warning ***

2025-04-05 12:35:45   At least one propagating Floquet mode is not considered at port Zmin. Please increase the number of modes at this port. 
                      More...

                      ------------------------------------------------------------------------------
2025-04-05 12:35:45   *** Warning ***

2025-04-05 12:35:45   At least one propagating Floquet mode is not considered at port Zmax. Please increase the number of modes at this port. 
                      More...

                      ------------------------------------------------------------------------------
2025-04-05 12:35:45     Total time               :	25 s

                      ------------------------------------------------------------------------------
2025-04-05 12:35:45   

                      ------------------------------------------------------------------------------
2025-04-05 12:35:46     Calculation 2 (Frequency: 20 GHz, Theta: 0, Phi: 0)


                      ------------------------------------------------------------------------------
2025-04-05 12:35:49     Matrix setup time        :	0 s
                        Solver setup             :	2 s
                        Degrees of freedom       :	124522
                        Number of mesh cells     :	19368

                        Stimulation port         :	Zmin
                        Mode number              :	1
                        Accuracy                 :	5.54657e-14
                        Iterations               :	1
                        Solver time              :	0 s


                      ------------------------------------------------------------------------------
2025-04-05 12:35:49     Total time               :	3 s

                      ------------------------------------------------------------------------------
2025-04-05 12:35:49   

                      ------------------------------------------------------------------------------
2025-04-05 12:35:49     Calculation 3 (Frequency: 26 GHz, Theta: 0, Phi: 0)


                      ------------------------------------------------------------------------------
2025-04-05 12:35:52     Matrix setup time        :	0 s
                        Solver setup             :	2 s
                        Degrees of freedom       :	124522
                        Number of mesh cells     :	19368

                        Stimulation port         :	Zmin
                        Mode number              :	1
                        Accuracy                 :	3.88915e-14
                        Iterations               :	1
                        Solver time              :	0 s


                      ------------------------------------------------------------------------------
2025-04-05 12:35:52     Total time               :	3 s

                      ------------------------------------------------------------------------------
2025-04-05 12:35:52   

                      ------------------------------------------------------------------------------
2025-04-05 12:35:52     Calculation 4 (Frequency: 29 GHz, Theta: 0, Phi: 0)


                      ------------------------------------------------------------------------------
2025-04-05 12:35:56     Matrix setup time        :	0 s
                        Solver setup             :	2 s
                        Degrees of freedom       :	124522
                        Number of mesh cells     :	19368

                        Stimulation port         :	Zmin
                        Mode number              :	1
                        Accuracy                 :	4.46038e-14
                        Iterations               :	1
                        Solver time              :	0 s


                      ------------------------------------------------------------------------------
2025-04-05 12:35:56     Total time               :	3 s

                      ------------------------------------------------------------------------------
2025-04-05 12:35:56   

                      ------------------------------------------------------------------------------
2025-04-05 12:35:56     Calculation 5 (Frequency: 23.42 GHz, Theta: 0, Phi: 0)


                      ------------------------------------------------------------------------------
2025-04-05 12:35:59     Matrix setup time        :	0 s
                        Solver setup             :	2 s
                        Degrees of freedom       :	124522
                        Number of mesh cells     :	19368

                        Stimulation port         :	Zmin
                        Mode number              :	1
                        Accuracy                 :	5.18633e-14
                        Iterations               :	1
                        Solver time              :	0 s


                      ------------------------------------------------------------------------------
2025-04-05 12:35:59     Total time               :	3 s

                      ------------------------------------------------------------------------------
2025-04-05 12:35:59   

                      ------------------------------------------------------------------------------
2025-04-05 12:35:59     Calculation 6 (Frequency: 27.332 GHz, Theta: 0, Phi: 0)


                      ------------------------------------------------------------------------------
2025-04-05 12:36:02     Matrix setup time        :	0 s
                        Solver setup             :	2 s
                        Degrees of freedom       :	124522
                        Number of mesh cells     :	19368

                        Stimulation port         :	Zmin
                        Mode number              :	1
                        Accuracy                 :	3.87603e-14
                        Iterations               :	1
                        Solver time              :	0 s


                      ------------------------------------------------------------------------------
2025-04-05 12:36:03     Total time               :	3 s

                      ------------------------------------------------------------------------------
2025-04-05 12:36:03   

                      ------------------------------------------------------------------------------
2025-04-05 12:36:03     Calculation 7 (Frequency: 24.572 GHz, Theta: 0, Phi: 0)


                      ------------------------------------------------------------------------------
2025-04-05 12:36:06     Matrix setup time        :	0 s
                        Solver setup             :	2 s
                        Degrees of freedom       :	124522
                        Number of mesh cells     :	19368

                        Stimulation port         :	Zmin
                        Mode number              :	1
                        Accuracy                 :	4.69379e-14
                        Iterations               :	1
                        Solver time              :	0 s


                      ------------------------------------------------------------------------------
2025-04-05 12:36:06     Total time               :	3 s

                      ------------------------------------------------------------------------------
2025-04-05 12:36:06   

                      ------------------------------------------------------------------------------
2025-04-05 12:36:06     Calculation 8 (Frequency: 28.112 GHz, Theta: 0, Phi: 0)


                      ------------------------------------------------------------------------------
2025-04-05 12:36:09     Matrix setup time        :	0 s
                        Solver setup             :	2 s
                        Degrees of freedom       :	124522
                        Number of mesh cells     :	19368

                        Stimulation port         :	Zmin
                        Mode number              :	1
                        Accuracy                 :	5.31957e-14
                        Iterations               :	1
                        Solver time              :	0 s


                      ------------------------------------------------------------------------------
2025-04-05 12:36:09     Total time               :	3 s

                      ------------------------------------------------------------------------------
2025-04-05 12:36:09   

                      ------------------------------------------------------------------------------
2025-04-05 12:36:09     Calculation 9 (Frequency: 30.464 GHz, Theta: 0, Phi: 0)


                      ------------------------------------------------------------------------------
2025-04-05 12:36:13     Matrix setup time        :	0 s
                        Solver setup             :	3 s
                        Degrees of freedom       :	124522
                        Number of mesh cells     :	19368

                        Stimulation port         :	Zmin
                        Mode number              :	1
                        Accuracy                 :	3.58459e-14
                        Iterations               :	1
                        Solver time              :	0 s


                      ------------------------------------------------------------------------------
2025-04-05 12:36:13     Total time               :	3 s

                      ------------------------------------------------------------------------------
2025-04-05 12:36:13   

                      ------------------------------------------------------------------------------
2025-04-05 12:36:13     Calculation 10 (Frequency: 27.704 GHz, Theta: 0, Phi: 0)


                      ------------------------------------------------------------------------------
2025-04-05 12:36:17     Matrix setup time        :	0 s
                        Solver setup             :	3 s
                        Degrees of freedom       :	124522
                        Number of mesh cells     :	19368

                        Stimulation port         :	Zmin
                        Mode number              :	1
                        Accuracy                 :	4.53665e-14
                        Iterations               :	1
                        Solver time              :	0 s


                      ------------------------------------------------------------------------------
2025-04-05 12:36:17     Total time               :	3 s

                      ------------------------------------------------------------------------------
2025-04-05 12:36:17   

                      ------------------------------------------------------------------------------
2025-04-05 12:36:17     Calculation 11 (Frequency: 30.536 GHz, Theta: 0, Phi: 0)


                      ------------------------------------------------------------------------------
2025-04-05 12:36:21     Matrix setup time        :	0 s
                        Solver setup             :	3 s
                        Degrees of freedom       :	124522
                        Number of mesh cells     :	19368

                        Stimulation port         :	Zmin
                        Mode number              :	1
                        Accuracy                 :	3.94868e-14
                        Iterations               :	1
                        Solver time              :	0 s


                      ------------------------------------------------------------------------------
2025-04-05 12:36:21     Total time               :	3 s

                      ------------------------------------------------------------------------------
2025-04-05 12:36:21   

                      ------------------------------------------------------------------------------
2025-04-05 12:36:21     Calculation 12 (Frequency: 29.996 GHz, Theta: 0, Phi: 0)


                      ------------------------------------------------------------------------------
2025-04-05 12:36:25     Matrix setup time        :	0 s
                        Solver setup             :	3 s
                        Degrees of freedom       :	124522
                        Number of mesh cells     :	19368

                        Stimulation port         :	Zmin
                        Mode number              :	1
                        Accuracy                 :	6.67642e-14
                        Iterations               :	1
                        Solver time              :	0 s


                      ------------------------------------------------------------------------------
2025-04-05 12:36:25     Total time               :	3 s

                      ------------------------------------------------------------------------------
2025-04-05 12:36:25   

                      ------------------------------------------------------------------------------
2025-04-05 12:36:25     Calculation 13 (Frequency: 28.34 GHz, Theta: 0, Phi: 0)


                      ------------------------------------------------------------------------------
2025-04-05 12:36:29     Matrix setup time        :	0 s
                        Solver setup             :	3 s
                        Degrees of freedom       :	124522
                        Number of mesh cells     :	19368

                        Stimulation port         :	Zmin
                        Mode number              :	1
                        Accuracy                 :	6.44695e-14
                        Iterations               :	1
                        Solver time              :	0 s


                      ------------------------------------------------------------------------------
2025-04-05 12:36:29     Total time               :	3 s

                      ------------------------------------------------------------------------------
2025-04-05 12:36:29   

                      ------------------------------------------------------------------------------
2025-04-05 12:36:29     Calculation 14 (Frequency: 29.168 GHz, Theta: 0, Phi: 0)


                      ------------------------------------------------------------------------------
2025-04-05 12:36:32     Matrix setup time        :	0 s
                        Solver setup             :	3 s
                        Degrees of freedom       :	124522
                        Number of mesh cells     :	19368

                        Stimulation port         :	Zmin
                        Mode number              :	1
                        Accuracy                 :	4.97352e-14
                        Iterations               :	1
                        Solver time              :	0 s


                      ------------------------------------------------------------------------------
2025-04-05 12:36:33     Total time               :	3 s

                      ------------------------------------------------------------------------------
2025-04-05 12:36:33   

                      ------------------------------------------------------------------------------
2025-04-05 12:36:33     Calculation 15 (Frequency: 31.076 GHz, Theta: 0, Phi: 0)


                      ------------------------------------------------------------------------------
2025-04-05 12:36:36     Matrix setup time        :	0 s
                        Solver setup             :	3 s
                        Degrees of freedom       :	124522
                        Number of mesh cells     :	19368

                        Stimulation port         :	Zmin
                        Mode number              :	1
                        Accuracy                 :	4.03508e-14
                        Iterations               :	1
                        Solver time              :	0 s


                      ------------------------------------------------------------------------------
2025-04-05 12:36:36     Total time               :	3 s

                      ------------------------------------------------------------------------------
2025-04-05 12:36:36   

                      ------------------------------------------------------------------------------
2025-04-05 12:36:36     Calculation 16 (Frequency: 29.888 GHz, Theta: 0, Phi: 0)


                      ------------------------------------------------------------------------------
2025-04-05 12:36:40     Matrix setup time        :	0 s
                        Solver setup             :	3 s
                        Degrees of freedom       :	124522
                        Number of mesh cells     :	19368

                        Stimulation port         :	Zmin
                        Mode number              :	1
                        Accuracy                 :	4.63483e-14
                        Iterations               :	1
                        Solver time              :	0 s


                      ------------------------------------------------------------------------------
2025-04-05 12:36:40     Total time               :	3 s

                      ------------------------------------------------------------------------------
2025-04-05 12:36:40   

                      ------------------------------------------------------------------------------
2025-04-05 12:36:40     Calculation 17 (Frequency: 30.164 GHz, Theta: 0, Phi: 0)


                      ------------------------------------------------------------------------------
2025-04-05 12:36:44     Matrix setup time        :	0 s
                        Solver setup             :	3 s
                        Degrees of freedom       :	124522
                        Number of mesh cells     :	19368

                        Stimulation port         :	Zmin
                        Mode number              :	1
                        Accuracy                 :	4.67842e-14
                        Iterations               :	1
                        Solver time              :	0 s


                      ------------------------------------------------------------------------------
2025-04-05 12:36:44     Total time               :	3 s

                      ------------------------------------------------------------------------------
2025-04-05 12:36:44   

                      ------------------------------------------------------------------------------
2025-04-05 12:36:44     Calculation 18 (Frequency: 27.968 GHz, Theta: 0, Phi: 0)


                      ------------------------------------------------------------------------------
2025-04-05 12:36:47     Matrix setup time        :	0 s
                        Solver setup             :	3 s
                        Degrees of freedom       :	124522
                        Number of mesh cells     :	19368

                        Stimulation port         :	Zmin
                        Mode number              :	1
                        Accuracy                 :	4.55759e-14
                        Iterations               :	1
                        Solver time              :	0 s


                      ------------------------------------------------------------------------------
2025-04-05 12:36:48     Total time               :	3 s

                      ------------------------------------------------------------------------------
2025-04-05 12:36:48   

                      ------------------------------------------------------------------------------
2025-04-05 12:36:48     Calculation 19 (Frequency: 26.972 GHz, Theta: 0, Phi: 0)


                      ------------------------------------------------------------------------------
2025-04-05 12:36:51     Matrix setup time        :	0 s
                        Solver setup             :	3 s
                        Degrees of freedom       :	124522
                        Number of mesh cells     :	19368

                        Stimulation port         :	Zmin
                        Mode number              :	1
                        Accuracy                 :	3.4105e-14
                        Iterations               :	1
                        Solver time              :	0 s


                      ------------------------------------------------------------------------------
2025-04-05 12:36:52     Total time               :	3 s

                      ------------------------------------------------------------------------------
2025-04-05 12:36:52   

                      ------------------------------------------------------------------------------
2025-04-05 12:36:52     Calculation 20 (Frequency: 25.556 GHz, Theta: 0, Phi: 0)


                      ------------------------------------------------------------------------------
2025-04-05 12:36:55     Matrix setup time        :	0 s
                        Solver setup             :	3 s
                        Degrees of freedom       :	124522
                        Number of mesh cells     :	19368

                        Stimulation port         :	Zmin
                        Mode number              :	1
                        Accuracy                 :	2.55505e-14
                        Iterations               :	1
                        Solver time              :	0 s


                      ------------------------------------------------------------------------------
2025-04-05 12:36:55     Total time               :	3 s

                      ------------------------------------------------------------------------------
2025-04-05 12:36:55   

                      ------------------------------------------------------------------------------
2025-04-05 12:36:55     Calculation 21 (Frequency: 26.24 GHz, Theta: 0, Phi: 0)


                      ------------------------------------------------------------------------------
2025-04-05 12:36:59     Matrix setup time        :	0 s
                        Solver setup             :	3 s
                        Degrees of freedom       :	124522
                        Number of mesh cells     :	19368

                        Stimulation port         :	Zmin
                        Mode number              :	1
                        Accuracy                 :	4.57939e-14
                        Iterations               :	1
                        Solver time              :	0 s


                      ------------------------------------------------------------------------------
2025-04-05 12:36:59     Total time               :	3 s

                      ------------------------------------------------------------------------------
2025-04-05 12:36:59   

                      ------------------------------------------------------------------------------
2025-04-05 12:36:59     Calculation 22 (Frequency: 21.164 GHz, Theta: 0, Phi: 0)


                      ------------------------------------------------------------------------------
2025-04-05 12:37:03     Matrix setup time        :	0 s
                        Solver setup             :	3 s
                        Degrees of freedom       :	124522
                        Number of mesh cells     :	19368

                        Stimulation port         :	Zmin
                        Mode number              :	1
                        Accuracy                 :	4.94291e-14
                        Iterations               :	1
                        Solver time              :	0 s


                      ------------------------------------------------------------------------------
2025-04-05 12:37:03     Total time               :	3 s

                      ------------------------------------------------------------------------------
2025-04-05 12:37:03   

                      ------------------------------------------------------------------------------
2025-04-05 12:37:03     Calculation 23 (Frequency: 27.5 GHz, Theta: 0, Phi: 0)


                      ------------------------------------------------------------------------------
2025-04-05 12:37:06     Matrix setup time        :	0 s
                        Solver setup             :	3 s
                        Degrees of freedom       :	124522
                        Number of mesh cells     :	19368

                        Stimulation port         :	Zmin
                        Mode number              :	1
                        Accuracy                 :	3.53805e-14
                        Iterations               :	1
                        Solver time              :	0 s


                      ------------------------------------------------------------------------------
2025-04-05 12:37:07     Total time               :	3 s

                      ------------------------------------------------------------------------------
2025-04-05 12:37:07   

                      ------------------------------------------------------------------------------
2025-04-05 12:37:07     Calculation 24 (Frequency: 20.936 GHz, Theta: 0, Phi: 0)


                      ------------------------------------------------------------------------------
2025-04-05 12:37:10     Matrix setup time        :	0 s
                        Solver setup             :	3 s
                        Degrees of freedom       :	124522
                        Number of mesh cells     :	19368

                        Stimulation port         :	Zmin
                        Mode number              :	1
                        Accuracy                 :	4.55951e-14
                        Iterations               :	1
                        Solver time              :	0 s


                      ------------------------------------------------------------------------------
2025-04-05 12:37:10     Total time               :	3 s

                      ------------------------------------------------------------------------------
2025-04-05 12:37:10   

                      ------------------------------------------------------------------------------
2025-04-05 12:37:10     Calculation 25 (Frequency: 21.452 GHz, Theta: 0, Phi: 0)


                      ------------------------------------------------------------------------------
2025-04-05 12:37:14     Matrix setup time        :	0 s
                        Solver setup             :	3 s
                        Degrees of freedom       :	124522
                        Number of mesh cells     :	19368

                        Stimulation port         :	Zmin
                        Mode number              :	1
                        Accuracy                 :	6.43424e-14
                        Iterations               :	1
                        Solver time              :	0 s


                      ------------------------------------------------------------------------------
2025-04-05 12:37:14     Total time               :	3 s

                      ------------------------------------------------------------------------------
2025-04-05 12:37:14   

                      ------------------------------------------------------------------------------
2025-04-05 12:37:14     Calculation 26 (Frequency: 20.48 GHz, Theta: 0, Phi: 0)


                      ------------------------------------------------------------------------------
2025-04-05 12:37:18     Matrix setup time        :	0 s
                        Solver setup             :	3 s
                        Degrees of freedom       :	124522
                        Number of mesh cells     :	19368

                        Stimulation port         :	Zmin
                        Mode number              :	1
                        Accuracy                 :	4.79271e-14
                        Iterations               :	1
                        Solver time              :	0 s


                      ------------------------------------------------------------------------------
2025-04-05 12:37:18     Total time               :	3 s

                      ------------------------------------------------------------------------------
2025-04-05 12:37:18   

                      ------------------------------------------------------------------------------
2025-04-05 12:37:18     Calculation 27 (Frequency: 21.068 GHz, Theta: 0, Phi: 0)


                      ------------------------------------------------------------------------------
2025-04-05 12:37:22     Matrix setup time        :	0 s
                        Solver setup             :	3 s
                        Degrees of freedom       :	124522
                        Number of mesh cells     :	19368

                        Stimulation port         :	Zmin
                        Mode number              :	1
                        Accuracy                 :	5.44743e-14
                        Iterations               :	1
                        Solver time              :	0 s


                      ------------------------------------------------------------------------------
2025-04-05 12:37:22     Total time               :	4 s

                      ------------------------------------------------------------------------------
2025-04-05 12:37:22   

                      ------------------------------------------------------------------------------
2025-04-05 12:37:22     Calculation 28 (Frequency: 21.68 GHz, Theta: 0, Phi: 0)


                      ------------------------------------------------------------------------------
2025-04-05 12:37:26     Matrix setup time        :	0 s
                        Solver setup             :	3 s
                        Degrees of freedom       :	124522
                        Number of mesh cells     :	19368

                        Stimulation port         :	Zmin
                        Mode number              :	1
                        Accuracy                 :	6.53876e-14
                        Iterations               :	1
                        Solver time              :	0 s


                      ------------------------------------------------------------------------------
2025-04-05 12:37:26     Total time               :	4 s

                      ------------------------------------------------------------------------------
2025-04-05 12:37:26   

                      ------------------------------------------------------------------------------
2025-04-05 12:37:26     Calculation 29 (Frequency: 23.756 GHz, Theta: 0, Phi: 0)


                      ------------------------------------------------------------------------------
2025-04-05 12:37:30     Matrix setup time        :	0 s
                        Solver setup             :	3 s
                        Degrees of freedom       :	124522
                        Number of mesh cells     :	19368

                        Stimulation port         :	Zmin
                        Mode number              :	1
                        Accuracy                 :	4.00741e-14
                        Iterations               :	1
                        Solver time              :	0 s


                      ------------------------------------------------------------------------------
2025-04-05 12:37:31     Total time               :	4 s

                      ------------------------------------------------------------------------------
2025-04-05 12:37:31   

                      ------------------------------------------------------------------------------
2025-04-05 12:37:31     Calculation 30 (Frequency: 22.916 GHz, Theta: 0, Phi: 0)


                      ------------------------------------------------------------------------------
2025-04-05 12:37:35     Matrix setup time        :	0 s
                        Solver setup             :	3 s
                        Degrees of freedom       :	124522
                        Number of mesh cells     :	19368

                        Stimulation port         :	Zmin
                        Mode number              :	1
                        Accuracy                 :	4.05265e-14
                        Iterations               :	1
                        Solver time              :	0 s


                      ------------------------------------------------------------------------------
2025-04-05 12:37:35     Total time               :	4 s

                      ------------------------------------------------------------------------------
2025-04-05 12:37:35   

                      ------------------------------------------------------------------------------
2025-04-05 12:37:35     Calculation 31 (Frequency: 24.308 GHz, Theta: 0, Phi: 0)


                      ------------------------------------------------------------------------------
2025-04-05 12:37:39     Matrix setup time        :	0 s
                        Solver setup             :	3 s
                        Degrees of freedom       :	124522
                        Number of mesh cells     :	19368

                        Stimulation port         :	Zmin
                        Mode number              :	1
                        Accuracy                 :	2.7799e-14
                        Iterations               :	1
                        Solver time              :	0 s


                      ------------------------------------------------------------------------------
2025-04-05 12:37:39     Total time               :	4 s

                      ------------------------------------------------------------------------------
2025-04-05 12:37:39   

                      ------------------------------------------------------------------------------
2025-04-05 12:37:39     Calculation 32 (Frequency: 24.776 GHz, Theta: 0, Phi: 0)


                      ------------------------------------------------------------------------------
2025-04-05 12:37:43     Matrix setup time        :	0 s
                        Solver setup             :	3 s
                        Degrees of freedom       :	124522
                        Number of mesh cells     :	19368

                        Stimulation port         :	Zmin
                        Mode number              :	1
                        Accuracy                 :	3.40479e-14
                        Iterations               :	1
                        Solver time              :	0 s


                      ------------------------------------------------------------------------------
2025-04-05 12:37:43     Total time               :	4 s

                      ------------------------------------------------------------------------------
2025-04-05 12:37:43   

                      ------------------------------------------------------------------------------
2025-04-05 12:37:43   Finished the general purpose interpolative broadband frequency sweep:
                      All broadband sweep convergence criteria have been satisfied after
                      calculating 32 frequency samples:

                        Broadband sweep error threshold value :  0.01 (All S-Parameters) 
                        Number of error criterion checks      :  2 (All S-Parameters) 
                        Minimum number of samples             :  3
                        Number of data samples, linear        :  1001

                      ------------------------------------------------------------------------------
2025-04-05 12:37:43     Number of mesh cells     :	19368
                        Degrees of freedom       :	123562
                        Total Solver Time        :	145 s	 (= 0 h, 02 m, 25 s)
                      ================================================================================



                      ------------------------------------------------------------------------------
2025-04-05 12:37:43     ----------------------------------------------------------------------------
                                            Peak memory used (kB)         Free physical memory (kB) 
                                                                          At begin     Minimum      
                        ----------------------------------------------------------------------------
                        Solver start        21640                         9419408      9419292      
                        Eq. system setup    2204420                       9434708      8674668      
                        Eq. system solve    2204420                       9378332      7278876      
                        Mesh refinement     1411768                       9268904      8904684      
                        Solver run total    2204420                       9419412      7278876      

                        Computer name       Tahsin
                        ----------------------------------------------------------------------------


                      ------------------------------------------------------------------------------
2025-04-05 12:37:43   Running postprocessing.

                      ------------------------------------------------------------------------------
2025-04-05 12:37:44   Postprocessing finished.

                      ------------------------------------------------------------------------------
