2025-04-04 23:52:01   *** Warning ***

                      Electric isotropic material [Copper (pure)] has a very high conductivity for
                      the given mesh. Depending on your configuration it may be better to use a lossy
                      metal type for this material. More...

                      ------------------------------------------------------------------------------
2025-04-04 23:52:01   In order to get an optimal performance, hyperthreading is ignored for parallel
                      computations.

                      ------------------------------------------------------------------------------
2025-04-04 23:52:03   Units settings: 

                        Dimensions: mm
                        Frequency:  GHz
                        Time:       s

                      ------------------------------------------------------------------------------
2025-04-04 23:52:03   Boundary conditions: 

                        YZsymmetry: none
                        XZsymmetry: none
                        XYsymmetry: none

                        Xmin: unit cell
                        Xmax: unit cell

                        Ymin: unit cell
                        Ymax: unit cell

                        Zmin: expanded open
                        Zmax: expanded open

                      ------------------------------------------------------------------------------
2025-04-04 23:52:03   Order settings: 

                        Solver order   : 2nd (constant)
                        Curved elements: up to order 3 (automatic)

                      ------------------------------------------------------------------------------
2025-04-04 23:52:03   An iterative solver will be used first.

                      ------------------------------------------------------------------------------
2025-04-04 23:52:03     Mesh time                :	1 s


                      ------------------------------------------------------------------------------
2025-04-04 23:52:03   
                      ================================================================================
                      Frequency Domain Solver calculation cycle started

                      ------------------------------------------------------------------------------
2025-04-04 23:52:03   Solver started at: 2025-04-04 23:52:03 +0600

                        Module:  Frequency Domain: S-Parameter (Win 64)
                        Version: 2024.1 Release from 2023-10-16 (change 1181985)

                      ------------------------------------------------------------------------------
2025-04-04 23:52:03   The low frequency stabilization is not applied to periodic problems.

                      ------------------------------------------------------------------------------
2025-04-04 23:52:03     Calculation 1 of 1 (Frequency: 32 GHz, Theta: 0, Phi: 0)


                      ------------------------------------------------------------------------------
2025-04-04 23:52:03   The wavelength based mesh refinement has been applied to 4.9% of all mesh edges.

                      ------------------------------------------------------------------------------
2025-04-04 23:52:04   For some elements the curvature had to be reduced to maintain the quality of the mesh. More...

                      ------------------------------------------------------------------------------
2025-04-04 23:52:04   Adaptive mesh refinement pass 1

                      ------------------------------------------------------------------------------
2025-04-04 23:52:10   *** Warning ***

2025-04-04 23:52:10   Detected possible stagnation of the iterative solver (5.928232e-02 after 250 iterations.)
                      Please consider aborting the solver run, and check your simulation setup.  More...

                      ------------------------------------------------------------------------------
2025-04-04 23:52:16   *** Warning ***

2025-04-04 23:52:16   The solver stopped because the maximum number of iterations (500, used for automatic solver choice) has been reached.

                      ------------------------------------------------------------------------------
2025-04-04 23:52:16   Solving again, but with the direct solver. Please consider forcing the direct solver in the solver special settings, and
                      check your simulation setup (for instance source and material definitions.)

                      ------------------------------------------------------------------------------
2025-04-04 23:52:17     Matrix setup time        :	0 s
                        Degrees of freedom       :	37130
                        Number of mesh cells     :	5661

                        Stimulation port         :	Zmin
                        Mode number              :	1
                        Accuracy                 :	9.73658e-14
                        Iterations               :	1
                        Solver time              :	0 s


                      ------------------------------------------------------------------------------
2025-04-04 23:52:17   23% of all mesh edges seem to be longer than expected. The adaptive mesh refinement's growth limitation will therefore 
                      use 13753 instead of 3824 mesh cells as a reference.

                      ------------------------------------------------------------------------------
2025-04-04 23:52:17   The wavelength based mesh refinement has been applied to 0.2% of all mesh edges.

                      ------------------------------------------------------------------------------
2025-04-04 23:52:18   For some elements the curvature had to be reduced to maintain the quality of the mesh. More...

                      ------------------------------------------------------------------------------
2025-04-04 23:52:18   Adaptive mesh refinement pass 2

                      ------------------------------------------------------------------------------
2025-04-04 23:52:20     Matrix setup time        :	0 s
                        Solver setup             :	1 s
                        Degrees of freedom       :	71412
                        Number of mesh cells     :	11049

                        Stimulation port         :	Zmin
                        Mode number              :	1
                        Accuracy                 :	6.16413e-14
                        Iterations               :	1
                        Solver time              :	0 s


                      ------------------------------------------------------------------------------
2025-04-04 23:52:20     Delta calculation        
2025-04-04 23:52:20     All S-Parameters         :	0.129924
2025-04-04 23:52:20   

                      ------------------------------------------------------------------------------
2025-04-04 23:52:22   For some elements the curvature had to be reduced to maintain the quality of the mesh. More...

                      ------------------------------------------------------------------------------
2025-04-04 23:52:22   Adaptive mesh refinement pass 3

                      ------------------------------------------------------------------------------
2025-04-04 23:52:27     Matrix setup time        :	0 s
                        Solver setup             :	4 s
                        Degrees of freedom       :	128570
                        Number of mesh cells     :	20017

                        Stimulation port         :	Zmin
                        Mode number              :	1
                        Accuracy                 :	4.48684e-14
                        Iterations               :	1
                        Solver time              :	0 s


                      ------------------------------------------------------------------------------
2025-04-04 23:52:27     Delta calculation        
2025-04-04 23:52:27     All S-Parameters         :	0.0725162
2025-04-04 23:52:27   

                      ------------------------------------------------------------------------------
2025-04-04 23:52:29   For some elements the curvature had to be reduced to maintain the quality of the mesh. More...

                      ------------------------------------------------------------------------------
2025-04-04 23:52:29   Adaptive mesh refinement pass 4

                      ------------------------------------------------------------------------------
2025-04-04 23:52:39     Matrix setup time        :	0 s
                        Solver setup             :	8 s
                        Degrees of freedom       :	211360
                        Number of mesh cells     :	32949

                        Stimulation port         :	Zmin
                        Mode number              :	1
                        Accuracy                 :	3.27696e-14
                        Iterations               :	1
                        Solver time              :	0 s


                      ------------------------------------------------------------------------------
2025-04-04 23:52:39     Delta calculation        
2025-04-04 23:52:39     All S-Parameters         :	0.0270242
2025-04-04 23:52:39   

                      ------------------------------------------------------------------------------
2025-04-04 23:52:42   For some elements the curvature had to be reduced to maintain the quality of the mesh. More...

                      ------------------------------------------------------------------------------
2025-04-04 23:52:43   Adaptive mesh refinement pass 5

                      ------------------------------------------------------------------------------
2025-04-04 23:53:03     Matrix setup time        :	1 s
                        Solver setup             :	18 s
                        Degrees of freedom       :	339528
                        Number of mesh cells     :	53024

                        Stimulation port         :	Zmin
                        Mode number              :	1
                        Accuracy                 :	2.34706e-14
                        Iterations               :	1
                        Solver time              :	0 s


                      ------------------------------------------------------------------------------
2025-04-04 23:53:03     Delta calculation        
2025-04-04 23:53:03     All S-Parameters         :	0.0145118
2025-04-04 23:53:03   

                      ------------------------------------------------------------------------------
2025-04-04 23:53:03   Mesh adaptation terminated because the desired accuracy limit is reached.

                      ------------------------------------------------------------------------------
2025-04-04 23:53:03   *** Warning ***

2025-04-04 23:53:03   At least one propagating Floquet mode is not considered at port Zmin. Please increase the number of modes at this port. 
                      More...

                      ------------------------------------------------------------------------------
2025-04-04 23:53:03   *** Warning ***

2025-04-04 23:53:03   At least one propagating Floquet mode is not considered at port Zmax. Please increase the number of modes at this port. 
                      More...

                      ------------------------------------------------------------------------------
2025-04-04 23:53:03     Total time               :	59 s

                      ------------------------------------------------------------------------------
2025-04-04 23:53:03   

                      ------------------------------------------------------------------------------
2025-04-04 23:53:03     Calculation 2 (Frequency: 20 GHz, Theta: 0, Phi: 0)


                      ------------------------------------------------------------------------------
2025-04-04 23:53:20     Matrix setup time        :	0 s
                        Solver setup             :	15 s
                        Degrees of freedom       :	339528
                        Number of mesh cells     :	53024

                        Stimulation port         :	Zmin
                        Mode number              :	1
                        Accuracy                 :	2.72937e-14
                        Iterations               :	1
                        Solver time              :	0 s


                      ------------------------------------------------------------------------------
2025-04-04 23:53:20     Total time               :	16 s

                      ------------------------------------------------------------------------------
2025-04-04 23:53:20   

                      ------------------------------------------------------------------------------
2025-04-04 23:53:20     Calculation 3 (Frequency: 26 GHz, Theta: 0, Phi: 0)


                      ------------------------------------------------------------------------------
2025-04-04 23:53:36     Matrix setup time        :	0 s
                        Solver setup             :	14 s
                        Degrees of freedom       :	339528
                        Number of mesh cells     :	53024

                        Stimulation port         :	Zmin
                        Mode number              :	1
                        Accuracy                 :	4.53343e-14
                        Iterations               :	1
                        Solver time              :	0 s


                      ------------------------------------------------------------------------------
2025-04-04 23:53:36     Total time               :	15 s

                      ------------------------------------------------------------------------------
2025-04-04 23:53:36   

                      ------------------------------------------------------------------------------
2025-04-04 23:53:36     Calculation 4 (Frequency: 29 GHz, Theta: 0, Phi: 0)


                      ------------------------------------------------------------------------------
2025-04-04 23:53:53     Matrix setup time        :	0 s
                        Solver setup             :	15 s
                        Degrees of freedom       :	339528
                        Number of mesh cells     :	53024

                        Stimulation port         :	Zmin
                        Mode number              :	1
                        Accuracy                 :	3.74971e-14
                        Iterations               :	1
                        Solver time              :	0 s


                      ------------------------------------------------------------------------------
2025-04-04 23:53:53     Total time               :	16 s

                      ------------------------------------------------------------------------------
2025-04-04 23:53:53   

                      ------------------------------------------------------------------------------
2025-04-04 23:53:53     Calculation 5 (Frequency: 23.828 GHz, Theta: 0, Phi: 0)


                      ------------------------------------------------------------------------------
2025-04-04 23:54:09     Matrix setup time        :	0 s
                        Solver setup             :	15 s
                        Degrees of freedom       :	339528
                        Number of mesh cells     :	53024

                        Stimulation port         :	Zmin
                        Mode number              :	1
                        Accuracy                 :	4.23105e-14
                        Iterations               :	1
                        Solver time              :	0 s


                      ------------------------------------------------------------------------------
2025-04-04 23:54:09     Total time               :	16 s

                      ------------------------------------------------------------------------------
2025-04-04 23:54:09   

                      ------------------------------------------------------------------------------
2025-04-04 23:54:09     Calculation 6 (Frequency: 27.872 GHz, Theta: 0, Phi: 0)


                      ------------------------------------------------------------------------------
2025-04-04 23:54:25     Matrix setup time        :	0 s
                        Solver setup             :	14 s
                        Degrees of freedom       :	339528
                        Number of mesh cells     :	53024

                        Stimulation port         :	Zmin
                        Mode number              :	1
                        Accuracy                 :	3.02361e-14
                        Iterations               :	1
                        Solver time              :	0 s


                      ------------------------------------------------------------------------------
2025-04-04 23:54:26     Total time               :	16 s

                      ------------------------------------------------------------------------------
2025-04-04 23:54:26   

                      ------------------------------------------------------------------------------
2025-04-04 23:54:26     Calculation 7 (Frequency: 22.4 GHz, Theta: 0, Phi: 0)


                      ------------------------------------------------------------------------------
2025-04-04 23:54:41     Matrix setup time        :	0 s
                        Solver setup             :	14 s
                        Degrees of freedom       :	339528
                        Number of mesh cells     :	53024

                        Stimulation port         :	Zmin
                        Mode number              :	1
                        Accuracy                 :	6.19344e-14
                        Iterations               :	1
                        Solver time              :	0 s


                      ------------------------------------------------------------------------------
2025-04-04 23:54:41     Total time               :	15 s

                      ------------------------------------------------------------------------------
2025-04-04 23:54:41   

                      ------------------------------------------------------------------------------
2025-04-04 23:54:41     Calculation 8 (Frequency: 27.224 GHz, Theta: 0, Phi: 0)


                      ------------------------------------------------------------------------------
2025-04-04 23:54:57     Matrix setup time        :	0 s
                        Solver setup             :	14 s
                        Degrees of freedom       :	339528
                        Number of mesh cells     :	53024

                        Stimulation port         :	Zmin
                        Mode number              :	1
                        Accuracy                 :	4.12728e-14
                        Iterations               :	1
                        Solver time              :	0 s


                      ------------------------------------------------------------------------------
2025-04-04 23:54:57     Total time               :	15 s

                      ------------------------------------------------------------------------------
2025-04-04 23:54:57   

                      ------------------------------------------------------------------------------
2025-04-04 23:54:57     Calculation 9 (Frequency: 28.352 GHz, Theta: 0, Phi: 0)


                      ------------------------------------------------------------------------------
2025-04-04 23:55:12     Matrix setup time        :	0 s
                        Solver setup             :	14 s
                        Degrees of freedom       :	339528
                        Number of mesh cells     :	53024

                        Stimulation port         :	Zmin
                        Mode number              :	1
                        Accuracy                 :	4.08906e-14
                        Iterations               :	1
                        Solver time              :	0 s


                      ------------------------------------------------------------------------------
2025-04-04 23:55:12     Total time               :	15 s

                      ------------------------------------------------------------------------------
2025-04-04 23:55:12   

                      ------------------------------------------------------------------------------
2025-04-04 23:55:12     Calculation 10 (Frequency: 21.944 GHz, Theta: 0, Phi: 0)


                      ------------------------------------------------------------------------------
2025-04-04 23:55:28     Matrix setup time        :	0 s
                        Solver setup             :	14 s
                        Degrees of freedom       :	339528
                        Number of mesh cells     :	53024

                        Stimulation port         :	Zmin
                        Mode number              :	1
                        Accuracy                 :	7.55013e-14
                        Iterations               :	1
                        Solver time              :	0 s


                      ------------------------------------------------------------------------------
2025-04-04 23:55:28     Total time               :	15 s

                      ------------------------------------------------------------------------------
2025-04-04 23:55:28   

                      ------------------------------------------------------------------------------
2025-04-04 23:55:28     Calculation 11 (Frequency: 22.904 GHz, Theta: 0, Phi: 0)


                      ------------------------------------------------------------------------------
2025-04-04 23:55:44     Matrix setup time        :	0 s
                        Solver setup             :	14 s
                        Degrees of freedom       :	339528
                        Number of mesh cells     :	53024

                        Stimulation port         :	Zmin
                        Mode number              :	1
                        Accuracy                 :	3.49081e-14
                        Iterations               :	1
                        Solver time              :	0 s


                      ------------------------------------------------------------------------------
2025-04-04 23:55:44     Total time               :	15 s

                      ------------------------------------------------------------------------------
2025-04-04 23:55:44   

                      ------------------------------------------------------------------------------
2025-04-04 23:55:44     Calculation 12 (Frequency: 21.068 GHz, Theta: 0, Phi: 0)


                      ------------------------------------------------------------------------------
2025-04-04 23:56:00     Matrix setup time        :	0 s
                        Solver setup             :	14 s
                        Degrees of freedom       :	339528
                        Number of mesh cells     :	53024

                        Stimulation port         :	Zmin
                        Mode number              :	1
                        Accuracy                 :	6.89884e-14
                        Iterations               :	1
                        Solver time              :	0 s


                      ------------------------------------------------------------------------------
2025-04-04 23:56:00     Total time               :	15 s

                      ------------------------------------------------------------------------------
2025-04-04 23:56:00   

                      ------------------------------------------------------------------------------
2025-04-04 23:56:00     Calculation 13 (Frequency: 29.888 GHz, Theta: 0, Phi: 0)


                      ------------------------------------------------------------------------------
2025-04-04 23:56:16     Matrix setup time        :	0 s
                        Solver setup             :	15 s
                        Degrees of freedom       :	339528
                        Number of mesh cells     :	53024

                        Stimulation port         :	Zmin
                        Mode number              :	1
                        Accuracy                 :	2.7662e-14
                        Iterations               :	1
                        Solver time              :	0 s


                      ------------------------------------------------------------------------------
2025-04-04 23:56:17     Total time               :	16 s

                      ------------------------------------------------------------------------------
2025-04-04 23:56:17   

                      ------------------------------------------------------------------------------
2025-04-04 23:56:17     Calculation 14 (Frequency: 20.468 GHz, Theta: 0, Phi: 0)


                      ------------------------------------------------------------------------------
2025-04-04 23:56:34     Matrix setup time        :	0 s
                        Solver setup             :	15 s
                        Degrees of freedom       :	339528
                        Number of mesh cells     :	53024

                        Stimulation port         :	Zmin
                        Mode number              :	1
                        Accuracy                 :	4.13928e-14
                        Iterations               :	1
                        Solver time              :	0 s


                      ------------------------------------------------------------------------------
2025-04-04 23:56:34     Total time               :	16 s

                      ------------------------------------------------------------------------------
2025-04-04 23:56:34   

                      ------------------------------------------------------------------------------
2025-04-04 23:56:34     Calculation 15 (Frequency: 29.324 GHz, Theta: 0, Phi: 0)


                      ------------------------------------------------------------------------------
2025-04-04 23:56:51     Matrix setup time        :	0 s
                        Solver setup             :	15 s
                        Degrees of freedom       :	339528
                        Number of mesh cells     :	53024

                        Stimulation port         :	Zmin
                        Mode number              :	1
                        Accuracy                 :	6.08213e-14
                        Iterations               :	1
                        Solver time              :	0 s


                      ------------------------------------------------------------------------------
2025-04-04 23:56:51     Total time               :	16 s

                      ------------------------------------------------------------------------------
2025-04-04 23:56:51   

                      ------------------------------------------------------------------------------
2025-04-04 23:56:51     Calculation 16 (Frequency: 28.772 GHz, Theta: 0, Phi: 0)


                      ------------------------------------------------------------------------------
2025-04-04 23:57:07     Matrix setup time        :	0 s
                        Solver setup             :	15 s
                        Degrees of freedom       :	339528
                        Number of mesh cells     :	53024

                        Stimulation port         :	Zmin
                        Mode number              :	1
                        Accuracy                 :	3.73029e-14
                        Iterations               :	1
                        Solver time              :	0 s


                      ------------------------------------------------------------------------------
2025-04-04 23:57:08     Total time               :	16 s

                      ------------------------------------------------------------------------------
2025-04-04 23:57:08   

                      ------------------------------------------------------------------------------
2025-04-04 23:57:08     Calculation 17 (Frequency: 29.696 GHz, Theta: 0, Phi: 0)


                      ------------------------------------------------------------------------------
2025-04-04 23:57:24     Matrix setup time        :	0 s
                        Solver setup             :	15 s
                        Degrees of freedom       :	339528
                        Number of mesh cells     :	53024

                        Stimulation port         :	Zmin
                        Mode number              :	1
                        Accuracy                 :	2.68604e-14
                        Iterations               :	1
                        Solver time              :	0 s


                      ------------------------------------------------------------------------------
2025-04-04 23:57:25     Total time               :	16 s

                      ------------------------------------------------------------------------------
2025-04-04 23:57:25   

                      ------------------------------------------------------------------------------
2025-04-04 23:57:25     Calculation 18 (Frequency: 30.44 GHz, Theta: 0, Phi: 0)


                      ------------------------------------------------------------------------------
2025-04-04 23:57:40     Matrix setup time        :	0 s
                        Solver setup             :	14 s
                        Degrees of freedom       :	339528
                        Number of mesh cells     :	53024

                        Stimulation port         :	Zmin
                        Mode number              :	1
                        Accuracy                 :	3.7121e-14
                        Iterations               :	1
                        Solver time              :	0 s


                      ------------------------------------------------------------------------------
2025-04-04 23:57:41     Total time               :	16 s

                      ------------------------------------------------------------------------------
2025-04-04 23:57:41   

                      ------------------------------------------------------------------------------
2025-04-04 23:57:41     Calculation 19 (Frequency: 20.9 GHz, Theta: 0, Phi: 0)


                      ------------------------------------------------------------------------------
2025-04-04 23:57:56     Matrix setup time        :	0 s
                        Solver setup             :	14 s
                        Degrees of freedom       :	339528
                        Number of mesh cells     :	53024

                        Stimulation port         :	Zmin
                        Mode number              :	1
                        Accuracy                 :	3.0539e-14
                        Iterations               :	1
                        Solver time              :	0 s


                      ------------------------------------------------------------------------------
2025-04-04 23:57:57     Total time               :	15 s

                      ------------------------------------------------------------------------------
2025-04-04 23:57:57   

                      ------------------------------------------------------------------------------
2025-04-04 23:57:57     Calculation 20 (Frequency: 21.392 GHz, Theta: 0, Phi: 0)


                      ------------------------------------------------------------------------------
2025-04-04 23:58:13     Matrix setup time        :	0 s
                        Solver setup             :	15 s
                        Degrees of freedom       :	339528
                        Number of mesh cells     :	53024

                        Stimulation port         :	Zmin
                        Mode number              :	1
                        Accuracy                 :	4.59021e-14
                        Iterations               :	1
                        Solver time              :	0 s


                      ------------------------------------------------------------------------------
2025-04-04 23:58:13     Total time               :	16 s

                      ------------------------------------------------------------------------------
2025-04-04 23:58:13   

                      ------------------------------------------------------------------------------
2025-04-04 23:58:13     Calculation 21 (Frequency: 22.028 GHz, Theta: 0, Phi: 0)


                      ------------------------------------------------------------------------------
2025-04-04 23:58:29     Matrix setup time        :	0 s
                        Solver setup             :	14 s
                        Degrees of freedom       :	339528
                        Number of mesh cells     :	53024

                        Stimulation port         :	Zmin
                        Mode number              :	1
                        Accuracy                 :	5.35287e-14
                        Iterations               :	1
                        Solver time              :	0 s


                      ------------------------------------------------------------------------------
2025-04-04 23:58:29     Total time               :	16 s

                      ------------------------------------------------------------------------------
2025-04-04 23:58:29   

                      ------------------------------------------------------------------------------
2025-04-04 23:58:29     Calculation 22 (Frequency: 27.752 GHz, Theta: 0, Phi: 0)


                      ------------------------------------------------------------------------------
2025-04-04 23:58:45     Matrix setup time        :	0 s
                        Solver setup             :	14 s
                        Degrees of freedom       :	339528
                        Number of mesh cells     :	53024

                        Stimulation port         :	Zmin
                        Mode number              :	1
                        Accuracy                 :	5.05238e-14
                        Iterations               :	1
                        Solver time              :	0 s


                      ------------------------------------------------------------------------------
2025-04-04 23:58:46     Total time               :	16 s

                      ------------------------------------------------------------------------------
2025-04-04 23:58:46   

                      ------------------------------------------------------------------------------
2025-04-04 23:58:46     Calculation 23 (Frequency: 23.996 GHz, Theta: 0, Phi: 0)


                      ------------------------------------------------------------------------------
2025-04-04 23:59:01     Matrix setup time        :	0 s
                        Solver setup             :	14 s
                        Degrees of freedom       :	339528
                        Number of mesh cells     :	53024

                        Stimulation port         :	Zmin
                        Mode number              :	1
                        Accuracy                 :	1.87582e-14
                        Iterations               :	1
                        Solver time              :	0 s


                      ------------------------------------------------------------------------------
2025-04-04 23:59:02     Total time               :	15 s

                      ------------------------------------------------------------------------------
2025-04-04 23:59:02   

                      ------------------------------------------------------------------------------
2025-04-04 23:59:02     Calculation 24 (Frequency: 31.268 GHz, Theta: 0, Phi: 0)


                      ------------------------------------------------------------------------------
2025-04-04 23:59:18     Matrix setup time        :	0 s
                        Solver setup             :	15 s
                        Degrees of freedom       :	339528
                        Number of mesh cells     :	53024

                        Stimulation port         :	Zmin
                        Mode number              :	1
                        Accuracy                 :	4.15455e-14
                        Iterations               :	1
                        Solver time              :	0 s


                      ------------------------------------------------------------------------------
2025-04-04 23:59:18     Total time               :	16 s

                      ------------------------------------------------------------------------------
2025-04-04 23:59:18   

                      ------------------------------------------------------------------------------
2025-04-04 23:59:18     Calculation 25 (Frequency: 25.016 GHz, Theta: 0, Phi: 0)


                      ------------------------------------------------------------------------------
2025-04-04 23:59:34     Matrix setup time        :	0 s
                        Solver setup             :	15 s
                        Degrees of freedom       :	339528
                        Number of mesh cells     :	53024

                        Stimulation port         :	Zmin
                        Mode number              :	1
                        Accuracy                 :	3.00018e-14
                        Iterations               :	1
                        Solver time              :	0 s


                      ------------------------------------------------------------------------------
2025-04-04 23:59:35     Total time               :	16 s

                      ------------------------------------------------------------------------------
2025-04-04 23:59:35   

                      ------------------------------------------------------------------------------
2025-04-04 23:59:35     Calculation 26 (Frequency: 31.184 GHz, Theta: 0, Phi: 0)


                      ------------------------------------------------------------------------------
2025-04-04 23:59:51     Matrix setup time        :	0 s
                        Solver setup             :	14 s
                        Degrees of freedom       :	339528
                        Number of mesh cells     :	53024

                        Stimulation port         :	Zmin
                        Mode number              :	1
                        Accuracy                 :	5.4768e-14
                        Iterations               :	1
                        Solver time              :	0 s


                      ------------------------------------------------------------------------------
2025-04-04 23:59:51     Total time               :	16 s

                      ------------------------------------------------------------------------------
2025-04-04 23:59:51   

                      ------------------------------------------------------------------------------
2025-04-04 23:59:51     Calculation 27 (Frequency: 25.172 GHz, Theta: 0, Phi: 0)


                      ------------------------------------------------------------------------------
2025-04-05 00:00:07     Matrix setup time        :	0 s
                        Solver setup             :	14 s
                        Degrees of freedom       :	339528
                        Number of mesh cells     :	53024

                        Stimulation port         :	Zmin
                        Mode number              :	1
                        Accuracy                 :	3.70627e-14
                        Iterations               :	1
                        Solver time              :	0 s


                      ------------------------------------------------------------------------------
2025-04-05 00:00:07     Total time               :	16 s

                      ------------------------------------------------------------------------------
2025-04-05 00:00:07   

                      ------------------------------------------------------------------------------
2025-04-05 00:00:07     Calculation 28 (Frequency: 24.86 GHz, Theta: 0, Phi: 0)


                      ------------------------------------------------------------------------------
2025-04-05 00:00:23     Matrix setup time        :	0 s
                        Solver setup             :	14 s
                        Degrees of freedom       :	339528
                        Number of mesh cells     :	53024

                        Stimulation port         :	Zmin
                        Mode number              :	1
                        Accuracy                 :	2.35131e-14
                        Iterations               :	1
                        Solver time              :	0 s


                      ------------------------------------------------------------------------------
2025-04-05 00:00:23     Total time               :	15 s

                      ------------------------------------------------------------------------------
2025-04-05 00:00:23   

                      ------------------------------------------------------------------------------
2025-04-05 00:00:23     Calculation 29 (Frequency: 26.528 GHz, Theta: 0, Phi: 0)


                      ------------------------------------------------------------------------------
2025-04-05 00:00:39     Matrix setup time        :	0 s
                        Solver setup             :	14 s
                        Degrees of freedom       :	339528
                        Number of mesh cells     :	53024

                        Stimulation port         :	Zmin
                        Mode number              :	1
                        Accuracy                 :	4.42951e-14
                        Iterations               :	1
                        Solver time              :	0 s


                      ------------------------------------------------------------------------------
2025-04-05 00:00:39     Total time               :	15 s

                      ------------------------------------------------------------------------------
2025-04-05 00:00:39   

                      ------------------------------------------------------------------------------
2025-04-05 00:00:39     Calculation 30 (Frequency: 30.728 GHz, Theta: 0, Phi: 0)


                      ------------------------------------------------------------------------------
2025-04-05 00:00:55     Matrix setup time        :	0 s
                        Solver setup             :	14 s
                        Degrees of freedom       :	339528
                        Number of mesh cells     :	53024

                        Stimulation port         :	Zmin
                        Mode number              :	1
                        Accuracy                 :	4.01705e-14
                        Iterations               :	1
                        Solver time              :	0 s


                      ------------------------------------------------------------------------------
2025-04-05 00:00:56     Total time               :	16 s

                      ------------------------------------------------------------------------------
2025-04-05 00:00:56   

                      ------------------------------------------------------------------------------
2025-04-05 00:00:56   Finished the general purpose interpolative broadband frequency sweep:
                      All broadband sweep convergence criteria have been satisfied after
                      calculating 30 frequency samples:

                        Broadband sweep error threshold value :  0.01 (All S-Parameters) 
                        Number of error criterion checks      :  2 (All S-Parameters) 
                        Minimum number of samples             :  3
                        Number of data samples, linear        :  1001

                      ------------------------------------------------------------------------------
2025-04-05 00:00:56     Number of mesh cells     :	53024
                        Degrees of freedom       :	338048
                        Total Solver Time        :	532 s	 (= 0 h, 08 m, 52 s)
                      ================================================================================



                      ------------------------------------------------------------------------------
2025-04-05 00:00:56     ----------------------------------------------------------------------------
                                            Peak memory used (kB)         Free physical memory (kB) 
                                                                          At begin     Minimum      
                        ----------------------------------------------------------------------------
                        Solver start        21748                         8360944      8360236      
                        Eq. system setup    5936944                       8335876      7030688      
                        Eq. system solve    5936944                       8288812      2449876      
                        Mesh refinement     3577848                       7892484      7312720      
                        Solver run total    5936944                       8360948      2449876      

                        Computer name       Tahsin
                        ----------------------------------------------------------------------------


                      ------------------------------------------------------------------------------
2025-04-05 00:00:56   Running postprocessing.

                      ------------------------------------------------------------------------------
2025-04-05 00:00:57   Postprocessing finished.

                      ------------------------------------------------------------------------------
