2025-04-05 12:14:07   *** Warning ***

                      Electric isotropic material [Copper (pure)] has a very high conductivity for
                      the given mesh. Depending on your configuration it may be better to use a lossy
                      metal type for this material. More...

                      ------------------------------------------------------------------------------
2025-04-05 12:14:07   In order to get an optimal performance, hyperthreading is ignored for parallel
                      computations.

                      ------------------------------------------------------------------------------
2025-04-05 12:14:11   Units settings: 

                        Dimensions: mm
                        Frequency:  GHz
                        Time:       s

                      ------------------------------------------------------------------------------
2025-04-05 12:14:11   Boundary conditions: 

                        YZsymmetry: none
                        XZsymmetry: none
                        XYsymmetry: none

                        Xmin: unit cell
                        Xmax: unit cell

                        Ymin: unit cell
                        Ymax: unit cell

                        Zmin: expanded open
                        Zmax: expanded open

                      ------------------------------------------------------------------------------
2025-04-05 12:14:11   Order settings: 

                        Solver order   : 2nd (constant)
                        Curved elements: up to order 3 (automatic)

                      ------------------------------------------------------------------------------
2025-04-05 12:14:12   An iterative solver will be used first.

                      ------------------------------------------------------------------------------
2025-04-05 12:14:12     Mesh time                :	3 s


                      ------------------------------------------------------------------------------
2025-04-05 12:14:12   
                      ================================================================================
                      Frequency Domain Solver calculation cycle started

                      ------------------------------------------------------------------------------
2025-04-05 12:14:12   Solver started at: 2025-04-05 12:14:12 +0600

                        Module:  Frequency Domain: S-Parameter (Win 64)
                        Version: 2024.1 Release from 2023-10-16 (change 1181985)

                      ------------------------------------------------------------------------------
2025-04-05 12:14:12   The low frequency stabilization is not applied to periodic problems.

                      ------------------------------------------------------------------------------
2025-04-05 12:14:12     Calculation 1 of 1 (Frequency: 32 GHz, Theta: 0, Phi: 0)


                      ------------------------------------------------------------------------------
2025-04-05 12:14:12   The wavelength based mesh refinement has been applied to 5.6% of all mesh edges.

                      ------------------------------------------------------------------------------
2025-04-05 12:14:12   For some elements the curvature had to be reduced to maintain the quality of the mesh. More...

                      ------------------------------------------------------------------------------
2025-04-05 12:14:13   Adaptive mesh refinement pass 1

                      ------------------------------------------------------------------------------
2025-04-05 12:14:27   *** Warning ***

2025-04-05 12:14:27   Detected possible stagnation of the iterative solver (5.115303e-02 after 250 iterations.)
                      Please consider aborting the solver run, and check your simulation setup.  More...

                      ------------------------------------------------------------------------------
2025-04-05 12:14:43   *** Warning ***

2025-04-05 12:14:43   The solver stopped because the maximum number of iterations (500, used for automatic solver choice) has been reached.

                      ------------------------------------------------------------------------------
2025-04-05 12:14:43   Solving again, but with the direct solver. Please consider forcing the direct solver in the solver special settings, and
                      check your simulation setup (for instance source and material definitions.)

                      ------------------------------------------------------------------------------
2025-04-05 12:14:45     Matrix setup time        :	0 s
                        Solver setup             :	1 s
                        Degrees of freedom       :	38418
                        Number of mesh cells     :	5864

                        Stimulation port         :	Zmin
                        Mode number              :	1
                        Accuracy                 :	7.99146e-14
                        Iterations               :	1
                        Solver time              :	0 s


                      ------------------------------------------------------------------------------
2025-04-05 12:14:45   24% of all mesh edges seem to be longer than expected. The adaptive mesh refinement's growth limitation will therefore 
                      use 14454 instead of 3848 mesh cells as a reference.

                      ------------------------------------------------------------------------------
2025-04-05 12:14:45   The wavelength based mesh refinement has been applied to 0.1% of all mesh edges.

                      ------------------------------------------------------------------------------
2025-04-05 12:14:46   For some elements the curvature had to be reduced to maintain the quality of the mesh. More...

                      ------------------------------------------------------------------------------
2025-04-05 12:14:46   Adaptive mesh refinement pass 2

                      ------------------------------------------------------------------------------
2025-04-05 12:14:51     Matrix setup time        :	0 s
                        Solver setup             :	3 s
                        Degrees of freedom       :	81098
                        Number of mesh cells     :	12566

                        Stimulation port         :	Zmin
                        Mode number              :	1
                        Accuracy                 :	5.28147e-14
                        Iterations               :	1
                        Solver time              :	0 s


                      ------------------------------------------------------------------------------
2025-04-05 12:14:51     Delta calculation        
2025-04-05 12:14:51     All S-Parameters         :	0.05025
2025-04-05 12:14:51   

                      ------------------------------------------------------------------------------
2025-04-05 12:14:52   For some elements the curvature had to be slightly reduced to maintain the quality of the mesh. More...

                      ------------------------------------------------------------------------------
2025-04-05 12:14:53   Adaptive mesh refinement pass 3

                      ------------------------------------------------------------------------------
2025-04-05 12:15:02     Matrix setup time        :	0 s
                        Solver setup             :	8 s
                        Degrees of freedom       :	135806
                        Number of mesh cells     :	21146

                        Stimulation port         :	Zmin
                        Mode number              :	1
                        Accuracy                 :	3.04769e-14
                        Iterations               :	1
                        Solver time              :	0 s


                      ------------------------------------------------------------------------------
2025-04-05 12:15:03     Delta calculation        
2025-04-05 12:15:03     All S-Parameters         :	0.0117239
2025-04-05 12:15:03   

                      ------------------------------------------------------------------------------
2025-04-05 12:15:03   Mesh adaptation terminated because the desired accuracy limit is reached.

                      ------------------------------------------------------------------------------
2025-04-05 12:15:03   *** Warning ***

2025-04-05 12:15:03   At least one propagating Floquet mode is not considered at port Zmin. Please increase the number of modes at this port. 
                      More...

                      ------------------------------------------------------------------------------
2025-04-05 12:15:03   *** Warning ***

2025-04-05 12:15:03   At least one propagating Floquet mode is not considered at port Zmax. Please increase the number of modes at this port. 
                      More...

                      ------------------------------------------------------------------------------
2025-04-05 12:15:03     Total time               :	50 s

                      ------------------------------------------------------------------------------
2025-04-05 12:15:03   

                      ------------------------------------------------------------------------------
2025-04-05 12:15:03     Calculation 2 (Frequency: 20 GHz, Theta: 0, Phi: 0)


                      ------------------------------------------------------------------------------
2025-04-05 12:15:10     Matrix setup time        :	0 s
                        Solver setup             :	5 s
                        Degrees of freedom       :	135806
                        Number of mesh cells     :	21146

                        Stimulation port         :	Zmin
                        Mode number              :	1
                        Accuracy                 :	4.45543e-14
                        Iterations               :	1
                        Solver time              :	0 s


                      ------------------------------------------------------------------------------
2025-04-05 12:15:10     Total time               :	6 s

                      ------------------------------------------------------------------------------
2025-04-05 12:15:10   

                      ------------------------------------------------------------------------------
2025-04-05 12:15:10     Calculation 3 (Frequency: 26 GHz, Theta: 0, Phi: 0)


                      ------------------------------------------------------------------------------
2025-04-05 12:15:18     Matrix setup time        :	0 s
                        Solver setup             :	7 s
                        Degrees of freedom       :	135806
                        Number of mesh cells     :	21146

                        Stimulation port         :	Zmin
                        Mode number              :	1
                        Accuracy                 :	3.0942e-14
                        Iterations               :	1
                        Solver time              :	0 s


                      ------------------------------------------------------------------------------
2025-04-05 12:15:18     Total time               :	7 s

                      ------------------------------------------------------------------------------
2025-04-05 12:15:18   

                      ------------------------------------------------------------------------------
2025-04-05 12:15:18     Calculation 4 (Frequency: 29 GHz, Theta: 0, Phi: 0)


                      ------------------------------------------------------------------------------
2025-04-05 12:15:24     Matrix setup time        :	0 s
                        Solver setup             :	5 s
                        Degrees of freedom       :	135806
                        Number of mesh cells     :	21146

                        Stimulation port         :	Zmin
                        Mode number              :	1
                        Accuracy                 :	4.83426e-14
                        Iterations               :	1
                        Solver time              :	0 s


                      ------------------------------------------------------------------------------
2025-04-05 12:15:24     Total time               :	5 s

                      ------------------------------------------------------------------------------
2025-04-05 12:15:24   

                      ------------------------------------------------------------------------------
2025-04-05 12:15:24     Calculation 5 (Frequency: 23.48 GHz, Theta: 0, Phi: 0)


                      ------------------------------------------------------------------------------
2025-04-05 12:15:32     Matrix setup time        :	0 s
                        Solver setup             :	6 s
                        Degrees of freedom       :	135806
                        Number of mesh cells     :	21146

                        Stimulation port         :	Zmin
                        Mode number              :	1
                        Accuracy                 :	3.76366e-14
                        Iterations               :	1
                        Solver time              :	0 s


                      ------------------------------------------------------------------------------
2025-04-05 12:15:32     Total time               :	7 s

                      ------------------------------------------------------------------------------
2025-04-05 12:15:32   

                      ------------------------------------------------------------------------------
2025-04-05 12:15:32     Calculation 6 (Frequency: 27.392 GHz, Theta: 0, Phi: 0)


                      ------------------------------------------------------------------------------
2025-04-05 12:15:38     Matrix setup time        :	0 s
                        Solver setup             :	5 s
                        Degrees of freedom       :	135806
                        Number of mesh cells     :	21146

                        Stimulation port         :	Zmin
                        Mode number              :	1
                        Accuracy                 :	3.06177e-14
                        Iterations               :	1
                        Solver time              :	0 s


                      ------------------------------------------------------------------------------
2025-04-05 12:15:39     Total time               :	6 s

                      ------------------------------------------------------------------------------
2025-04-05 12:15:39   

                      ------------------------------------------------------------------------------
2025-04-05 12:15:39     Calculation 7 (Frequency: 24.824 GHz, Theta: 0, Phi: 0)


                      ------------------------------------------------------------------------------
2025-04-05 12:15:46     Matrix setup time        :	0 s
                        Solver setup             :	6 s
                        Degrees of freedom       :	135806
                        Number of mesh cells     :	21146

                        Stimulation port         :	Zmin
                        Mode number              :	1
                        Accuracy                 :	2.93981e-14
                        Iterations               :	1
                        Solver time              :	0 s


                      ------------------------------------------------------------------------------
2025-04-05 12:15:47     Total time               :	7 s

                      ------------------------------------------------------------------------------
2025-04-05 12:15:47   

                      ------------------------------------------------------------------------------
2025-04-05 12:15:47     Calculation 8 (Frequency: 28.22 GHz, Theta: 0, Phi: 0)


                      ------------------------------------------------------------------------------
2025-04-05 12:15:54     Matrix setup time        :	0 s
                        Solver setup             :	6 s
                        Degrees of freedom       :	135806
                        Number of mesh cells     :	21146

                        Stimulation port         :	Zmin
                        Mode number              :	1
                        Accuracy                 :	4.52322e-14
                        Iterations               :	1
                        Solver time              :	0 s


                      ------------------------------------------------------------------------------
2025-04-05 12:15:54     Total time               :	7 s

                      ------------------------------------------------------------------------------
2025-04-05 12:15:54   

                      ------------------------------------------------------------------------------
2025-04-05 12:15:54     Calculation 9 (Frequency: 30.8 GHz, Theta: 0, Phi: 0)


                      ------------------------------------------------------------------------------
2025-04-05 12:16:02     Matrix setup time        :	0 s
                        Solver setup             :	6 s
                        Degrees of freedom       :	135806
                        Number of mesh cells     :	21146

                        Stimulation port         :	Zmin
                        Mode number              :	1
                        Accuracy                 :	5.19483e-14
                        Iterations               :	1
                        Solver time              :	0 s


                      ------------------------------------------------------------------------------
2025-04-05 12:16:02     Total time               :	7 s

                      ------------------------------------------------------------------------------
2025-04-05 12:16:02   

                      ------------------------------------------------------------------------------
2025-04-05 12:16:02     Calculation 10 (Frequency: 21.704 GHz, Theta: 0, Phi: 0)


                      ------------------------------------------------------------------------------
2025-04-05 12:16:10     Matrix setup time        :	0 s
                        Solver setup             :	7 s
                        Degrees of freedom       :	135806
                        Number of mesh cells     :	21146

                        Stimulation port         :	Zmin
                        Mode number              :	1
                        Accuracy                 :	6.30593e-14
                        Iterations               :	1
                        Solver time              :	0 s


                      ------------------------------------------------------------------------------
2025-04-05 12:16:10     Total time               :	7 s

                      ------------------------------------------------------------------------------
2025-04-05 12:16:10   

                      ------------------------------------------------------------------------------
2025-04-05 12:16:10     Calculation 11 (Frequency: 30.98 GHz, Theta: 0, Phi: 0)


                      ------------------------------------------------------------------------------
2025-04-05 12:16:14     Matrix setup time        :	0 s
                        Solver setup             :	3 s
                        Degrees of freedom       :	135806
                        Number of mesh cells     :	21146

                        Stimulation port         :	Zmin
                        Mode number              :	1
                        Accuracy                 :	3.58345e-14
                        Iterations               :	1
                        Solver time              :	0 s


                      ------------------------------------------------------------------------------
2025-04-05 12:16:14     Total time               :	4 s

                      ------------------------------------------------------------------------------
2025-04-05 12:16:14   

                      ------------------------------------------------------------------------------
2025-04-05 12:16:14     Calculation 12 (Frequency: 21.776 GHz, Theta: 0, Phi: 0)


                      ------------------------------------------------------------------------------
2025-04-05 12:16:18     Matrix setup time        :	0 s
                        Solver setup             :	3 s
                        Degrees of freedom       :	135806
                        Number of mesh cells     :	21146

                        Stimulation port         :	Zmin
                        Mode number              :	1
                        Accuracy                 :	6.63657e-14
                        Iterations               :	1
                        Solver time              :	0 s


                      ------------------------------------------------------------------------------
2025-04-05 12:16:19     Total time               :	4 s

                      ------------------------------------------------------------------------------
2025-04-05 12:16:19   

                      ------------------------------------------------------------------------------
2025-04-05 12:16:19     Calculation 13 (Frequency: 21.38 GHz, Theta: 0, Phi: 0)


                      ------------------------------------------------------------------------------
2025-04-05 12:16:23     Matrix setup time        :	0 s
                        Solver setup             :	3 s
                        Degrees of freedom       :	135806
                        Number of mesh cells     :	21146

                        Stimulation port         :	Zmin
                        Mode number              :	1
                        Accuracy                 :	5.15257e-14
                        Iterations               :	1
                        Solver time              :	0 s


                      ------------------------------------------------------------------------------
2025-04-05 12:16:23     Total time               :	4 s

                      ------------------------------------------------------------------------------
2025-04-05 12:16:23   

                      ------------------------------------------------------------------------------
2025-04-05 12:16:23     Calculation 14 (Frequency: 22.196 GHz, Theta: 0, Phi: 0)


                      ------------------------------------------------------------------------------
2025-04-05 12:16:27     Matrix setup time        :	0 s
                        Solver setup             :	3 s
                        Degrees of freedom       :	135806
                        Number of mesh cells     :	21146

                        Stimulation port         :	Zmin
                        Mode number              :	1
                        Accuracy                 :	7.34664e-14
                        Iterations               :	1
                        Solver time              :	0 s


                      ------------------------------------------------------------------------------
2025-04-05 12:16:27     Total time               :	4 s

                      ------------------------------------------------------------------------------
2025-04-05 12:16:27   

                      ------------------------------------------------------------------------------
2025-04-05 12:16:27     Calculation 15 (Frequency: 20.984 GHz, Theta: 0, Phi: 0)


                      ------------------------------------------------------------------------------
2025-04-05 12:16:31     Matrix setup time        :	0 s
                        Solver setup             :	3 s
                        Degrees of freedom       :	135806
                        Number of mesh cells     :	21146

                        Stimulation port         :	Zmin
                        Mode number              :	1
                        Accuracy                 :	4.90765e-14
                        Iterations               :	1
                        Solver time              :	0 s


                      ------------------------------------------------------------------------------
2025-04-05 12:16:31     Total time               :	4 s

                      ------------------------------------------------------------------------------
2025-04-05 12:16:31   

                      ------------------------------------------------------------------------------
2025-04-05 12:16:31     Calculation 16 (Frequency: 29.756 GHz, Theta: 0, Phi: 0)


                      ------------------------------------------------------------------------------
2025-04-05 12:16:35     Matrix setup time        :	0 s
                        Solver setup             :	3 s
                        Degrees of freedom       :	135806
                        Number of mesh cells     :	21146

                        Stimulation port         :	Zmin
                        Mode number              :	1
                        Accuracy                 :	4.21454e-14
                        Iterations               :	1
                        Solver time              :	0 s


                      ------------------------------------------------------------------------------
2025-04-05 12:16:35     Total time               :	4 s

                      ------------------------------------------------------------------------------
2025-04-05 12:16:35   

                      ------------------------------------------------------------------------------
2025-04-05 12:16:35     Calculation 17 (Frequency: 28.724 GHz, Theta: 0, Phi: 0)


                      ------------------------------------------------------------------------------
2025-04-05 12:16:39     Matrix setup time        :	0 s
                        Solver setup             :	3 s
                        Degrees of freedom       :	135806
                        Number of mesh cells     :	21146

                        Stimulation port         :	Zmin
                        Mode number              :	1
                        Accuracy                 :	6.4664e-14
                        Iterations               :	1
                        Solver time              :	0 s


                      ------------------------------------------------------------------------------
2025-04-05 12:16:39     Total time               :	4 s

                      ------------------------------------------------------------------------------
2025-04-05 12:16:39   

                      ------------------------------------------------------------------------------
2025-04-05 12:16:39     Calculation 18 (Frequency: 29.192 GHz, Theta: 0, Phi: 0)


                      ------------------------------------------------------------------------------
2025-04-05 12:16:43     Matrix setup time        :	0 s
                        Solver setup             :	3 s
                        Degrees of freedom       :	135806
                        Number of mesh cells     :	21146

                        Stimulation port         :	Zmin
                        Mode number              :	1
                        Accuracy                 :	4.67837e-14
                        Iterations               :	1
                        Solver time              :	0 s


                      ------------------------------------------------------------------------------
2025-04-05 12:16:44     Total time               :	4 s

                      ------------------------------------------------------------------------------
2025-04-05 12:16:44   

                      ------------------------------------------------------------------------------
2025-04-05 12:16:44     Calculation 19 (Frequency: 30.14 GHz, Theta: 0, Phi: 0)


                      ------------------------------------------------------------------------------
2025-04-05 12:16:48     Matrix setup time        :	0 s
                        Solver setup             :	3 s
                        Degrees of freedom       :	135806
                        Number of mesh cells     :	21146

                        Stimulation port         :	Zmin
                        Mode number              :	1
                        Accuracy                 :	4.60969e-14
                        Iterations               :	1
                        Solver time              :	0 s


                      ------------------------------------------------------------------------------
2025-04-05 12:16:48     Total time               :	4 s

                      ------------------------------------------------------------------------------
2025-04-05 12:16:48   

                      ------------------------------------------------------------------------------
2025-04-05 12:16:48     Calculation 20 (Frequency: 29.54 GHz, Theta: 0, Phi: 0)


                      ------------------------------------------------------------------------------
2025-04-05 12:16:52     Matrix setup time        :	0 s
                        Solver setup             :	3 s
                        Degrees of freedom       :	135806
                        Number of mesh cells     :	21146

                        Stimulation port         :	Zmin
                        Mode number              :	1
                        Accuracy                 :	4.066e-14
                        Iterations               :	1
                        Solver time              :	0 s


                      ------------------------------------------------------------------------------
2025-04-05 12:16:52     Total time               :	4 s

                      ------------------------------------------------------------------------------
2025-04-05 12:16:52   

                      ------------------------------------------------------------------------------
2025-04-05 12:16:52     Calculation 21 (Frequency: 20.504 GHz, Theta: 0, Phi: 0)


                      ------------------------------------------------------------------------------
2025-04-05 12:16:56     Matrix setup time        :	0 s
                        Solver setup             :	3 s
                        Degrees of freedom       :	135806
                        Number of mesh cells     :	21146

                        Stimulation port         :	Zmin
                        Mode number              :	1
                        Accuracy                 :	4.02829e-14
                        Iterations               :	1
                        Solver time              :	0 s


                      ------------------------------------------------------------------------------
2025-04-05 12:16:57     Total time               :	4 s

                      ------------------------------------------------------------------------------
2025-04-05 12:16:57   

                      ------------------------------------------------------------------------------
2025-04-05 12:16:57     Calculation 22 (Frequency: 22.364 GHz, Theta: 0, Phi: 0)


                      ------------------------------------------------------------------------------
2025-04-05 12:17:01     Matrix setup time        :	0 s
                        Solver setup             :	3 s
                        Degrees of freedom       :	135806
                        Number of mesh cells     :	21146

                        Stimulation port         :	Zmin
                        Mode number              :	1
                        Accuracy                 :	5.30445e-14
                        Iterations               :	1
                        Solver time              :	0 s


                      ------------------------------------------------------------------------------
2025-04-05 12:17:01     Total time               :	4 s

                      ------------------------------------------------------------------------------
2025-04-05 12:17:01   

                      ------------------------------------------------------------------------------
2025-04-05 12:17:01     Calculation 23 (Frequency: 25.412 GHz, Theta: 0, Phi: 0)


                      ------------------------------------------------------------------------------
2025-04-05 12:17:05     Matrix setup time        :	0 s
                        Solver setup             :	3 s
                        Degrees of freedom       :	135806
                        Number of mesh cells     :	21146

                        Stimulation port         :	Zmin
                        Mode number              :	1
                        Accuracy                 :	2.44068e-14
                        Iterations               :	1
                        Solver time              :	0 s


                      ------------------------------------------------------------------------------
2025-04-05 12:17:05     Total time               :	4 s

                      ------------------------------------------------------------------------------
2025-04-05 12:17:05   

                      ------------------------------------------------------------------------------
2025-04-05 12:17:05     Calculation 24 (Frequency: 26.408 GHz, Theta: 0, Phi: 0)


                      ------------------------------------------------------------------------------
2025-04-05 12:17:09     Matrix setup time        :	0 s
                        Solver setup             :	3 s
                        Degrees of freedom       :	135806
                        Number of mesh cells     :	21146

                        Stimulation port         :	Zmin
                        Mode number              :	1
                        Accuracy                 :	4.40533e-14
                        Iterations               :	1
                        Solver time              :	0 s


                      ------------------------------------------------------------------------------
2025-04-05 12:17:09   An additional check has indicated that the frequency sweep needs to be continued. More...

                      ------------------------------------------------------------------------------
2025-04-05 12:17:09     Total time               :	4 s

                      ------------------------------------------------------------------------------
2025-04-05 12:17:09   

                      ------------------------------------------------------------------------------
2025-04-05 12:17:09     Calculation 25 (Frequency: 26.492 GHz, Theta: 0, Phi: 0)


                      ------------------------------------------------------------------------------
2025-04-05 12:17:14     Matrix setup time        :	0 s
                        Solver setup             :	3 s
                        Degrees of freedom       :	135806
                        Number of mesh cells     :	21146

                        Stimulation port         :	Zmin
                        Mode number              :	1
                        Accuracy                 :	4.05085e-14
                        Iterations               :	1
                        Solver time              :	0 s


                      ------------------------------------------------------------------------------
2025-04-05 12:17:14     Total time               :	4 s

                      ------------------------------------------------------------------------------
2025-04-05 12:17:14   

                      ------------------------------------------------------------------------------
2025-04-05 12:17:14     Calculation 26 (Frequency: 26.288 GHz, Theta: 0, Phi: 0)


                      ------------------------------------------------------------------------------
2025-04-05 12:17:18     Matrix setup time        :	0 s
                        Solver setup             :	3 s
                        Degrees of freedom       :	135806
                        Number of mesh cells     :	21146

                        Stimulation port         :	Zmin
                        Mode number              :	1
                        Accuracy                 :	5.48237e-14
                        Iterations               :	1
                        Solver time              :	0 s


                      ------------------------------------------------------------------------------
2025-04-05 12:17:18     Total time               :	4 s

                      ------------------------------------------------------------------------------
2025-04-05 12:17:18   

                      ------------------------------------------------------------------------------
2025-04-05 12:17:18     Calculation 27 (Frequency: 23.948 GHz, Theta: 0, Phi: 0)


                      ------------------------------------------------------------------------------
2025-04-05 12:17:22     Matrix setup time        :	0 s
                        Solver setup             :	3 s
                        Degrees of freedom       :	135806
                        Number of mesh cells     :	21146

                        Stimulation port         :	Zmin
                        Mode number              :	1
                        Accuracy                 :	2.66973e-14
                        Iterations               :	1
                        Solver time              :	0 s


                      ------------------------------------------------------------------------------
2025-04-05 12:17:22     Total time               :	4 s

                      ------------------------------------------------------------------------------
2025-04-05 12:17:22   

                      ------------------------------------------------------------------------------
2025-04-05 12:17:22     Calculation 28 (Frequency: 27.68 GHz, Theta: 0, Phi: 0)


                      ------------------------------------------------------------------------------
2025-04-05 12:17:26     Matrix setup time        :	0 s
                        Solver setup             :	3 s
                        Degrees of freedom       :	135806
                        Number of mesh cells     :	21146

                        Stimulation port         :	Zmin
                        Mode number              :	1
                        Accuracy                 :	4.3917e-14
                        Iterations               :	1
                        Solver time              :	0 s


                      ------------------------------------------------------------------------------
2025-04-05 12:17:27     Total time               :	4 s

                      ------------------------------------------------------------------------------
2025-04-05 12:17:27   

                      ------------------------------------------------------------------------------
2025-04-05 12:17:27     Calculation 29 (Frequency: 24.512 GHz, Theta: 0, Phi: 0)


                      ------------------------------------------------------------------------------
2025-04-05 12:17:31     Matrix setup time        :	0 s
                        Solver setup             :	3 s
                        Degrees of freedom       :	135806
                        Number of mesh cells     :	21146

                        Stimulation port         :	Zmin
                        Mode number              :	1
                        Accuracy                 :	2.42577e-14
                        Iterations               :	1
                        Solver time              :	0 s


                      ------------------------------------------------------------------------------
2025-04-05 12:17:31     Total time               :	4 s

                      ------------------------------------------------------------------------------
2025-04-05 12:17:31   

                      ------------------------------------------------------------------------------
2025-04-05 12:17:31     Calculation 30 (Frequency: 20.144 GHz, Theta: 0, Phi: 0)


                      ------------------------------------------------------------------------------
2025-04-05 12:17:35     Matrix setup time        :	0 s
                        Solver setup             :	3 s
                        Degrees of freedom       :	135806
                        Number of mesh cells     :	21146

                        Stimulation port         :	Zmin
                        Mode number              :	1
                        Accuracy                 :	4.06956e-14
                        Iterations               :	1
                        Solver time              :	0 s


                      ------------------------------------------------------------------------------
2025-04-05 12:17:35     Total time               :	4 s

                      ------------------------------------------------------------------------------
2025-04-05 12:17:35   

                      ------------------------------------------------------------------------------
2025-04-05 12:17:35   Finished the general purpose interpolative broadband frequency sweep:
                      All broadband sweep convergence criteria have been satisfied after
                      calculating 30 frequency samples:

                        Broadband sweep error threshold value :  0.01 (All S-Parameters) 
                        Number of error criterion checks      :  2 (All S-Parameters) 
                        Minimum number of samples             :  3
                        Number of data samples, linear        :  1001

                      ------------------------------------------------------------------------------
2025-04-05 12:17:35     Number of mesh cells     :	21146
                        Degrees of freedom       :	134836
                        Total Solver Time        :	206 s	 (= 0 h, 03 m, 26 s)
                      ================================================================================



                      ------------------------------------------------------------------------------
2025-04-05 12:17:35     ----------------------------------------------------------------------------
                                            Peak memory used (kB)         Free physical memory (kB) 
                                                                          At begin     Minimum      
                        ----------------------------------------------------------------------------
                        Solver start        51872                         5132704      5132432      
                        Eq. system setup    2408828                       5111544      5032596      
                        Eq. system solve    2408828                       5073212      3665376      
                        Mesh refinement     1540980                       5116392      5115988      
                        Solver run total    2408828                       5132704      3665376      

                        Computer name       Tahsin
                        ----------------------------------------------------------------------------


                      ------------------------------------------------------------------------------
2025-04-05 12:17:35   Running postprocessing.

                      ------------------------------------------------------------------------------
2025-04-05 12:17:36   Postprocessing finished.

                      ------------------------------------------------------------------------------
