2025-06-14 17:50:04   *** Warning ***

                      Electric isotropic material [Copper (pure)] has a very high conductivity for
                      the given mesh. Depending on your configuration it may be better to use a lossy
                      metal type for this material. More...

                      ------------------------------------------------------------------------------
2025-06-14 17:50:04   In order to get an optimal performance, hyperthreading is ignored for parallel
                      computations.

                      ------------------------------------------------------------------------------
2025-06-14 17:50:07   Units settings: 

                        Dimensions: mm
                        Frequency:  GHz
                        Time:       s

                      ------------------------------------------------------------------------------
2025-06-14 17:50:07   Boundary conditions: 

                        YZsymmetry: none
                        XZsymmetry: none
                        XYsymmetry: none

                        Xmin: unit cell
                        Xmax: unit cell

                        Ymin: unit cell
                        Ymax: unit cell

                        Zmin: expanded open
                        Zmax: expanded open

                      ------------------------------------------------------------------------------
2025-06-14 17:50:07   Order settings: 

                        Solver order   : 2nd (constant)
                        Curved elements: up to order 3 (automatic)

                      ------------------------------------------------------------------------------
2025-06-14 17:50:07   An iterative solver will be used first.

                      ------------------------------------------------------------------------------
2025-06-14 17:50:07     Mesh time                :	2 s


                      ------------------------------------------------------------------------------
2025-06-14 17:50:07   
                      ================================================================================
                      Frequency Domain Solver calculation cycle started

                      ------------------------------------------------------------------------------
2025-06-14 17:50:07   Solver started at: 2025-06-14 17:50:07 +0800

                        Module:  Frequency Domain: S-Parameter (Win 64)
                        Version: 2024.1 Release from 2023-10-16 (change 1181985)

                      ------------------------------------------------------------------------------
2025-06-14 17:50:07   The low frequency stabilization is not applied to periodic problems.

                      ------------------------------------------------------------------------------
2025-06-14 17:50:07     Calculation 1 of 1 (Frequency: 32 GHz, Theta: 0, Phi: 0)


                      ------------------------------------------------------------------------------
2025-06-14 17:50:07   The wavelength based mesh refinement has been applied to 5.1% of all mesh edges.

                      ------------------------------------------------------------------------------
2025-06-14 17:50:07   For some elements the curvature had to be reduced to maintain the quality of the mesh. More...

                      ------------------------------------------------------------------------------
2025-06-14 17:50:07   Adaptive mesh refinement pass 1

                      ------------------------------------------------------------------------------
2025-06-14 17:50:14   *** Warning ***

2025-06-14 17:50:14   Detected possible stagnation of the iterative solver (5.016972e-02 after 250 iterations.)
                      Please consider aborting the solver run, and check your simulation setup.  More...

                      ------------------------------------------------------------------------------
2025-06-14 17:50:20   *** Warning ***

2025-06-14 17:50:20   The solver stopped because the maximum number of iterations (500, used for automatic solver choice) has been reached.

                      ------------------------------------------------------------------------------
2025-06-14 17:50:20   Solving again, but with the direct solver. Please consider forcing the direct solver in the solver special settings, and
                      check your simulation setup (for instance source and material definitions.)

                      ------------------------------------------------------------------------------
2025-06-14 17:50:21     Matrix setup time        :	0 s
                        Degrees of freedom       :	35860
                        Number of mesh cells     :	5461

                        Stimulation port         :	Zmin
                        Mode number              :	1
                        Accuracy                 :	8.60593e-14
                        Iterations               :	1
                        Solver time              :	0 s


                      ------------------------------------------------------------------------------
2025-06-14 17:50:21   26% of all mesh edges seem to be longer than expected. The adaptive mesh refinement's growth limitation will therefore 
                      use 14090 instead of 3619 mesh cells as a reference.

                      ------------------------------------------------------------------------------
2025-06-14 17:50:21   The wavelength based mesh refinement has been applied to 0.2% of all mesh edges.

                      ------------------------------------------------------------------------------
2025-06-14 17:50:22   For some elements the curvature had to be slightly reduced to maintain the quality of the mesh. More...

                      ------------------------------------------------------------------------------
2025-06-14 17:50:22   Adaptive mesh refinement pass 2

                      ------------------------------------------------------------------------------
2025-06-14 17:50:25     Matrix setup time        :	0 s
                        Solver setup             :	2 s
                        Degrees of freedom       :	73906
                        Number of mesh cells     :	11438

                        Stimulation port         :	Zmin
                        Mode number              :	1
                        Accuracy                 :	4.29554e-14
                        Iterations               :	1
                        Solver time              :	0 s


                      ------------------------------------------------------------------------------
2025-06-14 17:50:25     Delta calculation        
2025-06-14 17:50:25     All S-Parameters         :	0.0475398
2025-06-14 17:50:25   

                      ------------------------------------------------------------------------------
2025-06-14 17:50:25   The wavelength based mesh refinement has been applied to 0.1% of all mesh edges.

                      ------------------------------------------------------------------------------
2025-06-14 17:50:26   Adaptive mesh refinement pass 3

                      ------------------------------------------------------------------------------
2025-06-14 17:50:31     Matrix setup time        :	0 s
                        Solver setup             :	3 s
                        Degrees of freedom       :	127296
                        Number of mesh cells     :	19801

                        Stimulation port         :	Zmin
                        Mode number              :	1
                        Accuracy                 :	3.03554e-14
                        Iterations               :	1
                        Solver time              :	0 s


                      ------------------------------------------------------------------------------
2025-06-14 17:50:31     Delta calculation        
2025-06-14 17:50:31     All S-Parameters         :	0.0113841
2025-06-14 17:50:31   

                      ------------------------------------------------------------------------------
2025-06-14 17:50:31   Mesh adaptation terminated because the desired accuracy limit is reached.

                      ------------------------------------------------------------------------------
2025-06-14 17:50:31   *** Warning ***

2025-06-14 17:50:31   At least one propagating Floquet mode is not considered at port Zmin. Please increase the number of modes at this port. 
                      More...

                      ------------------------------------------------------------------------------
2025-06-14 17:50:31   *** Warning ***

2025-06-14 17:50:31   At least one propagating Floquet mode is not considered at port Zmax. Please increase the number of modes at this port. 
                      More...

                      ------------------------------------------------------------------------------
2025-06-14 17:50:31     Total time               :	24 s

                      ------------------------------------------------------------------------------
2025-06-14 17:50:31   

                      ------------------------------------------------------------------------------
2025-06-14 17:50:31     Calculation 2 (Frequency: 20 GHz, Theta: 0, Phi: 0)


                      ------------------------------------------------------------------------------
2025-06-14 17:50:35     Matrix setup time        :	0 s
                        Solver setup             :	2 s
                        Degrees of freedom       :	127296
                        Number of mesh cells     :	19801

                        Stimulation port         :	Zmin
                        Mode number              :	1
                        Accuracy                 :	4.80878e-14
                        Iterations               :	1
                        Solver time              :	0 s


                      ------------------------------------------------------------------------------
2025-06-14 17:50:35     Total time               :	3 s

                      ------------------------------------------------------------------------------
2025-06-14 17:50:35   

                      ------------------------------------------------------------------------------
2025-06-14 17:50:35     Calculation 3 (Frequency: 26 GHz, Theta: 0, Phi: 0)


                      ------------------------------------------------------------------------------
2025-06-14 17:50:38     Matrix setup time        :	0 s
                        Solver setup             :	2 s
                        Degrees of freedom       :	127296
                        Number of mesh cells     :	19801

                        Stimulation port         :	Zmin
                        Mode number              :	1
                        Accuracy                 :	2.70979e-14
                        Iterations               :	1
                        Solver time              :	0 s


                      ------------------------------------------------------------------------------
2025-06-14 17:50:38     Total time               :	3 s

                      ------------------------------------------------------------------------------
2025-06-14 17:50:38   

                      ------------------------------------------------------------------------------
2025-06-14 17:50:38     Calculation 4 (Frequency: 29 GHz, Theta: 0, Phi: 0)


                      ------------------------------------------------------------------------------
2025-06-14 17:50:42     Matrix setup time        :	0 s
                        Solver setup             :	2 s
                        Degrees of freedom       :	127296
                        Number of mesh cells     :	19801

                        Stimulation port         :	Zmin
                        Mode number              :	1
                        Accuracy                 :	4.09151e-14
                        Iterations               :	1
                        Solver time              :	0 s


                      ------------------------------------------------------------------------------
2025-06-14 17:50:42     Total time               :	3 s

                      ------------------------------------------------------------------------------
2025-06-14 17:50:42   

                      ------------------------------------------------------------------------------
2025-06-14 17:50:42     Calculation 5 (Frequency: 23.24 GHz, Theta: 0, Phi: 0)


                      ------------------------------------------------------------------------------
2025-06-14 17:50:45     Matrix setup time        :	0 s
                        Solver setup             :	2 s
                        Degrees of freedom       :	127296
                        Number of mesh cells     :	19801

                        Stimulation port         :	Zmin
                        Mode number              :	1
                        Accuracy                 :	4.29832e-14
                        Iterations               :	1
                        Solver time              :	0 s


                      ------------------------------------------------------------------------------
2025-06-14 17:50:45     Total time               :	3 s

                      ------------------------------------------------------------------------------
2025-06-14 17:50:45   

                      ------------------------------------------------------------------------------
2025-06-14 17:50:45     Calculation 6 (Frequency: 27.392 GHz, Theta: 0, Phi: 0)


                      ------------------------------------------------------------------------------
2025-06-14 17:50:49     Matrix setup time        :	0 s
                        Solver setup             :	2 s
                        Degrees of freedom       :	127296
                        Number of mesh cells     :	19801

                        Stimulation port         :	Zmin
                        Mode number              :	1
                        Accuracy                 :	3.32183e-14
                        Iterations               :	1
                        Solver time              :	0 s


                      ------------------------------------------------------------------------------
2025-06-14 17:50:49     Total time               :	3 s

                      ------------------------------------------------------------------------------
2025-06-14 17:50:49   

                      ------------------------------------------------------------------------------
2025-06-14 17:50:49     Calculation 7 (Frequency: 24.32 GHz, Theta: 0, Phi: 0)


                      ------------------------------------------------------------------------------
2025-06-14 17:50:52     Matrix setup time        :	0 s
                        Solver setup             :	2 s
                        Degrees of freedom       :	127296
                        Number of mesh cells     :	19801

                        Stimulation port         :	Zmin
                        Mode number              :	1
                        Accuracy                 :	2.69558e-14
                        Iterations               :	1
                        Solver time              :	0 s


                      ------------------------------------------------------------------------------
2025-06-14 17:50:52     Total time               :	3 s

                      ------------------------------------------------------------------------------
2025-06-14 17:50:52   

                      ------------------------------------------------------------------------------
2025-06-14 17:50:52     Calculation 8 (Frequency: 28.064 GHz, Theta: 0, Phi: 0)


                      ------------------------------------------------------------------------------
2025-06-14 17:50:56     Matrix setup time        :	0 s
                        Solver setup             :	2 s
                        Degrees of freedom       :	127296
                        Number of mesh cells     :	19801

                        Stimulation port         :	Zmin
                        Mode number              :	1
                        Accuracy                 :	3.54694e-14
                        Iterations               :	1
                        Solver time              :	0 s


                      ------------------------------------------------------------------------------
2025-06-14 17:50:56     Total time               :	3 s

                      ------------------------------------------------------------------------------
2025-06-14 17:50:56   

                      ------------------------------------------------------------------------------
2025-06-14 17:50:56     Calculation 9 (Frequency: 30.236 GHz, Theta: 0, Phi: 0)


                      ------------------------------------------------------------------------------
2025-06-14 17:50:59     Matrix setup time        :	0 s
                        Solver setup             :	2 s
                        Degrees of freedom       :	127296
                        Number of mesh cells     :	19801

                        Stimulation port         :	Zmin
                        Mode number              :	1
                        Accuracy                 :	5.03501e-14
                        Iterations               :	1
                        Solver time              :	0 s


                      ------------------------------------------------------------------------------
2025-06-14 17:50:59     Total time               :	3 s

                      ------------------------------------------------------------------------------
2025-06-14 17:50:59   

                      ------------------------------------------------------------------------------
2025-06-14 17:50:59     Calculation 10 (Frequency: 21.368 GHz, Theta: 0, Phi: 0)


                      ------------------------------------------------------------------------------
2025-06-14 17:51:03     Matrix setup time        :	0 s
                        Solver setup             :	3 s
                        Degrees of freedom       :	127296
                        Number of mesh cells     :	19801

                        Stimulation port         :	Zmin
                        Mode number              :	1
                        Accuracy                 :	6.66339e-14
                        Iterations               :	1
                        Solver time              :	0 s


                      ------------------------------------------------------------------------------
2025-06-14 17:51:03     Total time               :	3 s

                      ------------------------------------------------------------------------------
2025-06-14 17:51:03   

                      ------------------------------------------------------------------------------
2025-06-14 17:51:03     Calculation 11 (Frequency: 31.688 GHz, Theta: 0, Phi: 0)


                      ------------------------------------------------------------------------------
2025-06-14 17:51:06     Matrix setup time        :	0 s
                        Solver setup             :	3 s
                        Degrees of freedom       :	127296
                        Number of mesh cells     :	19801

                        Stimulation port         :	Zmin
                        Mode number              :	1
                        Accuracy                 :	4.06329e-14
                        Iterations               :	1
                        Solver time              :	0 s


                      ------------------------------------------------------------------------------
2025-06-14 17:51:06     Total time               :	3 s

                      ------------------------------------------------------------------------------
2025-06-14 17:51:06   

                      ------------------------------------------------------------------------------
2025-06-14 17:51:06     Calculation 12 (Frequency: 21.716 GHz, Theta: 0, Phi: 0)


                      ------------------------------------------------------------------------------
2025-06-14 17:51:10     Matrix setup time        :	0 s
                        Solver setup             :	2 s
                        Degrees of freedom       :	127296
                        Number of mesh cells     :	19801

                        Stimulation port         :	Zmin
                        Mode number              :	1
                        Accuracy                 :	6.16708e-14
                        Iterations               :	1
                        Solver time              :	0 s


                      ------------------------------------------------------------------------------
2025-06-14 17:51:10     Total time               :	3 s

                      ------------------------------------------------------------------------------
2025-06-14 17:51:10   

                      ------------------------------------------------------------------------------
2025-06-14 17:51:10     Calculation 13 (Frequency: 21.068 GHz, Theta: 0, Phi: 0)


                      ------------------------------------------------------------------------------
2025-06-14 17:51:14     Matrix setup time        :	0 s
                        Solver setup             :	3 s
                        Degrees of freedom       :	127296
                        Number of mesh cells     :	19801

                        Stimulation port         :	Zmin
                        Mode number              :	1
                        Accuracy                 :	5.25787e-14
                        Iterations               :	1
                        Solver time              :	0 s


                      ------------------------------------------------------------------------------
2025-06-14 17:51:14     Total time               :	3 s

                      ------------------------------------------------------------------------------
2025-06-14 17:51:14   

                      ------------------------------------------------------------------------------
2025-06-14 17:51:14     Calculation 14 (Frequency: 22.16 GHz, Theta: 0, Phi: 0)


                      ------------------------------------------------------------------------------
2025-06-14 17:51:17     Matrix setup time        :	0 s
                        Solver setup             :	3 s
                        Degrees of freedom       :	127296
                        Number of mesh cells     :	19801

                        Stimulation port         :	Zmin
                        Mode number              :	1
                        Accuracy                 :	5.9265e-14
                        Iterations               :	1
                        Solver time              :	0 s


                      ------------------------------------------------------------------------------
2025-06-14 17:51:17     Total time               :	3 s

                      ------------------------------------------------------------------------------
2025-06-14 17:51:17   

                      ------------------------------------------------------------------------------
2025-06-14 17:51:17     Calculation 15 (Frequency: 20.42 GHz, Theta: 0, Phi: 0)


                      ------------------------------------------------------------------------------
2025-06-14 17:51:21     Matrix setup time        :	0 s
                        Solver setup             :	3 s
                        Degrees of freedom       :	127296
                        Number of mesh cells     :	19801

                        Stimulation port         :	Zmin
                        Mode number              :	1
                        Accuracy                 :	4.74227e-14
                        Iterations               :	1
                        Solver time              :	0 s


                      ------------------------------------------------------------------------------
2025-06-14 17:51:21     Total time               :	3 s

                      ------------------------------------------------------------------------------
2025-06-14 17:51:21   

                      ------------------------------------------------------------------------------
2025-06-14 17:51:21     Calculation 16 (Frequency: 22.4 GHz, Theta: 0, Phi: 0)


                      ------------------------------------------------------------------------------
2025-06-14 17:51:25     Matrix setup time        :	0 s
                        Solver setup             :	3 s
                        Degrees of freedom       :	127296
                        Number of mesh cells     :	19801

                        Stimulation port         :	Zmin
                        Mode number              :	1
                        Accuracy                 :	5.69157e-14
                        Iterations               :	1
                        Solver time              :	0 s


                      ------------------------------------------------------------------------------
2025-06-14 17:51:25     Total time               :	3 s

                      ------------------------------------------------------------------------------
2025-06-14 17:51:25   

                      ------------------------------------------------------------------------------
2025-06-14 17:51:25     Calculation 17 (Frequency: 21.992 GHz, Theta: 0, Phi: 0)


                      ------------------------------------------------------------------------------
2025-06-14 17:51:28     Matrix setup time        :	0 s
                        Solver setup             :	3 s
                        Degrees of freedom       :	127296
                        Number of mesh cells     :	19801

                        Stimulation port         :	Zmin
                        Mode number              :	1
                        Accuracy                 :	5.34813e-14
                        Iterations               :	1
                        Solver time              :	0 s


                      ------------------------------------------------------------------------------
2025-06-14 17:51:29     Total time               :	3 s

                      ------------------------------------------------------------------------------
2025-06-14 17:51:29   

                      ------------------------------------------------------------------------------
2025-06-14 17:51:29     Calculation 18 (Frequency: 24.836 GHz, Theta: 0, Phi: 0)


                      ------------------------------------------------------------------------------
2025-06-14 17:51:32     Matrix setup time        :	0 s
                        Solver setup             :	3 s
                        Degrees of freedom       :	127296
                        Number of mesh cells     :	19801

                        Stimulation port         :	Zmin
                        Mode number              :	1
                        Accuracy                 :	5.26104e-14
                        Iterations               :	1
                        Solver time              :	0 s


                      ------------------------------------------------------------------------------
2025-06-14 17:51:32     Total time               :	3 s

                      ------------------------------------------------------------------------------
2025-06-14 17:51:32   

                      ------------------------------------------------------------------------------
2025-06-14 17:51:32     Calculation 19 (Frequency: 24.14 GHz, Theta: 0, Phi: 0)


                      ------------------------------------------------------------------------------
2025-06-14 17:51:36     Matrix setup time        :	0 s
                        Solver setup             :	3 s
                        Degrees of freedom       :	127296
                        Number of mesh cells     :	19801

                        Stimulation port         :	Zmin
                        Mode number              :	1
                        Accuracy                 :	2.82058e-14
                        Iterations               :	1
                        Solver time              :	0 s


                      ------------------------------------------------------------------------------
2025-06-14 17:51:36     Total time               :	3 s

                      ------------------------------------------------------------------------------
2025-06-14 17:51:36   

                      ------------------------------------------------------------------------------
2025-06-14 17:51:36     Calculation 20 (Frequency: 24.62 GHz, Theta: 0, Phi: 0)


                      ------------------------------------------------------------------------------
2025-06-14 17:51:40     Matrix setup time        :	0 s
                        Solver setup             :	3 s
                        Degrees of freedom       :	127296
                        Number of mesh cells     :	19801

                        Stimulation port         :	Zmin
                        Mode number              :	1
                        Accuracy                 :	4.26608e-14
                        Iterations               :	1
                        Solver time              :	0 s


                      ------------------------------------------------------------------------------
2025-06-14 17:51:40     Total time               :	3 s

                      ------------------------------------------------------------------------------
2025-06-14 17:51:40   

                      ------------------------------------------------------------------------------
2025-06-14 17:51:40     Calculation 21 (Frequency: 25.016 GHz, Theta: 0, Phi: 0)


                      ------------------------------------------------------------------------------
2025-06-14 17:51:44     Matrix setup time        :	0 s
                        Solver setup             :	3 s
                        Degrees of freedom       :	127296
                        Number of mesh cells     :	19801

                        Stimulation port         :	Zmin
                        Mode number              :	1
                        Accuracy                 :	3.69224e-14
                        Iterations               :	1
                        Solver time              :	0 s


                      ------------------------------------------------------------------------------
2025-06-14 17:51:44     Total time               :	3 s

                      ------------------------------------------------------------------------------
2025-06-14 17:51:44   

                      ------------------------------------------------------------------------------
2025-06-14 17:51:44     Calculation 22 (Frequency: 30.98 GHz, Theta: 0, Phi: 0)


                      ------------------------------------------------------------------------------
2025-06-14 17:51:48     Matrix setup time        :	0 s
                        Solver setup             :	3 s
                        Degrees of freedom       :	127296
                        Number of mesh cells     :	19801

                        Stimulation port         :	Zmin
                        Mode number              :	1
                        Accuracy                 :	3.1386e-14
                        Iterations               :	1
                        Solver time              :	0 s


                      ------------------------------------------------------------------------------
2025-06-14 17:51:48     Total time               :	3 s

                      ------------------------------------------------------------------------------
2025-06-14 17:51:48   

                      ------------------------------------------------------------------------------
2025-06-14 17:51:48     Calculation 23 (Frequency: 26.42 GHz, Theta: 0, Phi: 0)


                      ------------------------------------------------------------------------------
2025-06-14 17:51:51     Matrix setup time        :	0 s
                        Solver setup             :	3 s
                        Degrees of freedom       :	127296
                        Number of mesh cells     :	19801

                        Stimulation port         :	Zmin
                        Mode number              :	1
                        Accuracy                 :	3.57224e-14
                        Iterations               :	1
                        Solver time              :	0 s


                      ------------------------------------------------------------------------------
2025-06-14 17:51:52     Total time               :	3 s

                      ------------------------------------------------------------------------------
2025-06-14 17:51:52   

                      ------------------------------------------------------------------------------
2025-06-14 17:51:52     Calculation 24 (Frequency: 28.484 GHz, Theta: 0, Phi: 0)


                      ------------------------------------------------------------------------------
2025-06-14 17:51:55     Matrix setup time        :	0 s
                        Solver setup             :	3 s
                        Degrees of freedom       :	127296
                        Number of mesh cells     :	19801

                        Stimulation port         :	Zmin
                        Mode number              :	1
                        Accuracy                 :	3.448e-14
                        Iterations               :	1
                        Solver time              :	0 s


                      ------------------------------------------------------------------------------
2025-06-14 17:51:55     Total time               :	3 s

                      ------------------------------------------------------------------------------
2025-06-14 17:51:55   

                      ------------------------------------------------------------------------------
2025-06-14 17:51:55     Calculation 25 (Frequency: 26.72 GHz, Theta: 0, Phi: 0)


                      ------------------------------------------------------------------------------
2025-06-14 17:51:59     Matrix setup time        :	0 s
                        Solver setup             :	3 s
                        Degrees of freedom       :	127296
                        Number of mesh cells     :	19801

                        Stimulation port         :	Zmin
                        Mode number              :	1
                        Accuracy                 :	3.63329e-14
                        Iterations               :	1
                        Solver time              :	0 s


                      ------------------------------------------------------------------------------
2025-06-14 17:51:59     Total time               :	3 s

                      ------------------------------------------------------------------------------
2025-06-14 17:51:59   

                      ------------------------------------------------------------------------------
2025-06-14 17:51:59     Calculation 26 (Frequency: 29.444 GHz, Theta: 0, Phi: 0)


                      ------------------------------------------------------------------------------
2025-06-14 17:52:03     Matrix setup time        :	0 s
                        Solver setup             :	3 s
                        Degrees of freedom       :	127296
                        Number of mesh cells     :	19801

                        Stimulation port         :	Zmin
                        Mode number              :	1
                        Accuracy                 :	4.83356e-14
                        Iterations               :	1
                        Solver time              :	0 s


                      ------------------------------------------------------------------------------
2025-06-14 17:52:03     Total time               :	3 s

                      ------------------------------------------------------------------------------
2025-06-14 17:52:03   

                      ------------------------------------------------------------------------------
2025-06-14 17:52:03     Calculation 27 (Frequency: 30.56 GHz, Theta: 0, Phi: 0)


                      ------------------------------------------------------------------------------
2025-06-14 17:52:06     Matrix setup time        :	0 s
                        Solver setup             :	3 s
                        Degrees of freedom       :	127296
                        Number of mesh cells     :	19801

                        Stimulation port         :	Zmin
                        Mode number              :	1
                        Accuracy                 :	4.10884e-14
                        Iterations               :	1
                        Solver time              :	0 s


                      ------------------------------------------------------------------------------
2025-06-14 17:52:06     Total time               :	3 s

                      ------------------------------------------------------------------------------
2025-06-14 17:52:06   

                      ------------------------------------------------------------------------------
2025-06-14 17:52:06     Calculation 28 (Frequency: 29.768 GHz, Theta: 0, Phi: 0)


                      ------------------------------------------------------------------------------
2025-06-14 17:52:10     Matrix setup time        :	0 s
                        Solver setup             :	3 s
                        Degrees of freedom       :	127296
                        Number of mesh cells     :	19801

                        Stimulation port         :	Zmin
                        Mode number              :	1
                        Accuracy                 :	4.42014e-14
                        Iterations               :	1
                        Solver time              :	0 s


                      ------------------------------------------------------------------------------
2025-06-14 17:52:10     Total time               :	3 s

                      ------------------------------------------------------------------------------
2025-06-14 17:52:10   

                      ------------------------------------------------------------------------------
2025-06-14 17:52:10     Calculation 29 (Frequency: 27.692 GHz, Theta: 0, Phi: 0)


                      ------------------------------------------------------------------------------
2025-06-14 17:52:14     Matrix setup time        :	0 s
                        Solver setup             :	3 s
                        Degrees of freedom       :	127296
                        Number of mesh cells     :	19801

                        Stimulation port         :	Zmin
                        Mode number              :	1
                        Accuracy                 :	3.10792e-14
                        Iterations               :	1
                        Solver time              :	0 s


                      ------------------------------------------------------------------------------
2025-06-14 17:52:14     Total time               :	3 s

                      ------------------------------------------------------------------------------
2025-06-14 17:52:14   

                      ------------------------------------------------------------------------------
2025-06-14 17:52:14     Calculation 30 (Frequency: 27.116 GHz, Theta: 0, Phi: 0)


                      ------------------------------------------------------------------------------
2025-06-14 17:52:18     Matrix setup time        :	0 s
                        Solver setup             :	3 s
                        Degrees of freedom       :	127296
                        Number of mesh cells     :	19801

                        Stimulation port         :	Zmin
                        Mode number              :	1
                        Accuracy                 :	3.00601e-14
                        Iterations               :	1
                        Solver time              :	0 s


                      ------------------------------------------------------------------------------
2025-06-14 17:52:18     Total time               :	3 s

                      ------------------------------------------------------------------------------
2025-06-14 17:52:18   

                      ------------------------------------------------------------------------------
2025-06-14 17:52:18   Finished the general purpose interpolative broadband frequency sweep:
                      All broadband sweep convergence criteria have been satisfied after
                      calculating 30 frequency samples:

                        Broadband sweep error threshold value :  0.01 (All S-Parameters) 
                        Number of error criterion checks      :  2 (All S-Parameters) 
                        Minimum number of samples             :  3
                        Number of data samples, linear        :  1001

                      ------------------------------------------------------------------------------
2025-06-14 17:52:18     Number of mesh cells     :	19801
                        Degrees of freedom       :	126326
                        Total Solver Time        :	132 s	 (= 0 h, 02 m, 12 s)
                      ================================================================================



                      ------------------------------------------------------------------------------
2025-06-14 17:52:18     ----------------------------------------------------------------------------
                                            Peak memory used (kB)         Free physical memory (kB) 
                                                                          At begin     Minimum      
                        ----------------------------------------------------------------------------
                        Solver start        22096                         9125696      9124732      
                        Eq. system setup    1931876                       9097580      8715528      
                        Eq. system solve    1931876                       9052432      7320540      
                        Mesh refinement     1185868                       8933528      8826008      
                        Solver run total    1931876                       9125700      7320540      

                        Computer name       Tahsin
                        ----------------------------------------------------------------------------


                      ------------------------------------------------------------------------------
2025-06-14 17:52:18   Running postprocessing.

                      ------------------------------------------------------------------------------
2025-06-14 17:52:19   Postprocessing finished.

                      ------------------------------------------------------------------------------
