2025-04-13 22:37:02   *** Warning ***

                      Electric isotropic material [Copper (pure)] has a very high conductivity for
                      the given mesh. Depending on your configuration it may be better to use a lossy
                      metal type for this material. More...

                      ------------------------------------------------------------------------------
2025-04-13 22:37:02   In order to get an optimal performance, hyperthreading is ignored for parallel
                      computations.

                      ------------------------------------------------------------------------------
2025-04-13 22:37:05   Units settings: 

                        Dimensions: mm
                        Frequency:  GHz
                        Time:       s

                      ------------------------------------------------------------------------------
2025-04-13 22:37:05   Boundary conditions: 

                        YZsymmetry: none
                        XZsymmetry: none
                        XYsymmetry: none

                        Xmin: unit cell
                        Xmax: unit cell

                        Ymin: unit cell
                        Ymax: unit cell

                        Zmin: expanded open
                        Zmax: expanded open

                      ------------------------------------------------------------------------------
2025-04-13 22:37:05   Order settings: 

                        Solver order   : 2nd (constant)
                        Curved elements: up to order 3 (automatic)

                      ------------------------------------------------------------------------------
2025-04-13 22:37:05   An iterative solver will be used first.

                      ------------------------------------------------------------------------------
2025-04-13 22:37:05     Mesh time                :	2 s


                      ------------------------------------------------------------------------------
2025-04-13 22:37:05   
                      ================================================================================
                      Frequency Domain Solver calculation cycle started

                      ------------------------------------------------------------------------------
2025-04-13 22:37:05   Solver started at: 2025-04-13 22:37:05 +0600

                        Module:  Frequency Domain: S-Parameter (Win 64)
                        Version: 2024.1 Release from 2023-10-16 (change 1181985)

                      ------------------------------------------------------------------------------
2025-04-13 22:37:05   The low frequency stabilization is not applied to periodic problems.

                      ------------------------------------------------------------------------------
2025-04-13 22:37:05     Calculation 1 of 1 (Frequency: 32 GHz, Theta: 0, Phi: 0)


                      ------------------------------------------------------------------------------
2025-04-13 22:37:05   The wavelength based mesh refinement has been applied to 5.5% of all mesh edges.

                      ------------------------------------------------------------------------------
2025-04-13 22:37:05   For some elements the curvature had to be reduced to maintain the quality of the mesh. More...

                      ------------------------------------------------------------------------------
2025-04-13 22:37:05   Adaptive mesh refinement pass 1

                      ------------------------------------------------------------------------------
2025-04-13 22:37:12   *** Warning ***

2025-04-13 22:37:12   Detected possible stagnation of the iterative solver (4.991762e-02 after 250 iterations.)
                      Please consider aborting the solver run, and check your simulation setup.  More...

                      ------------------------------------------------------------------------------
2025-04-13 22:37:18   *** Warning ***

2025-04-13 22:37:18   The solver stopped because the maximum number of iterations (500, used for automatic solver choice) has been reached.

                      ------------------------------------------------------------------------------
2025-04-13 22:37:18   Solving again, but with the direct solver. Please consider forcing the direct solver in the solver special settings, and
                      check your simulation setup (for instance source and material definitions.)

                      ------------------------------------------------------------------------------
2025-04-13 22:37:19     Matrix setup time        :	0 s
                        Degrees of freedom       :	36448
                        Number of mesh cells     :	5555

                        Stimulation port         :	Zmin
                        Mode number              :	1
                        Accuracy                 :	7.59202e-14
                        Iterations               :	1
                        Solver time              :	0 s


                      ------------------------------------------------------------------------------
2025-04-13 22:37:19   26% of all mesh edges seem to be longer than expected. The adaptive mesh refinement's growth limitation will therefore 
                      use 14451 instead of 3616 mesh cells as a reference.

                      ------------------------------------------------------------------------------
2025-04-13 22:37:19   The wavelength based mesh refinement has been applied to 0.2% of all mesh edges.

                      ------------------------------------------------------------------------------
2025-04-13 22:37:20   Adaptive mesh refinement pass 2

                      ------------------------------------------------------------------------------
2025-04-13 22:37:22     Matrix setup time        :	0 s
                        Solver setup             :	1 s
                        Degrees of freedom       :	76836
                        Number of mesh cells     :	11901

                        Stimulation port         :	Zmin
                        Mode number              :	1
                        Accuracy                 :	4.28279e-14
                        Iterations               :	1
                        Solver time              :	0 s


                      ------------------------------------------------------------------------------
2025-04-13 22:37:23     Delta calculation        
2025-04-13 22:37:23     All S-Parameters         :	0.0225295
2025-04-13 22:37:23   

                      ------------------------------------------------------------------------------
2025-04-13 22:37:23   The input reflection seems to be large at 32 GHz, Theta: 0, Phi: 0. The adaptive mesh refinement at this sample will be 
                      stopped. A new mesh adaptation frequency has been added at 26 GHz.  More...

                      ------------------------------------------------------------------------------
2025-04-13 22:37:23   *** Warning ***

2025-04-13 22:37:23   At least one propagating Floquet mode is not considered at port Zmin. Please increase the number of modes at this port. 
                      More...

                      ------------------------------------------------------------------------------
2025-04-13 22:37:23   *** Warning ***

2025-04-13 22:37:23   At least one propagating Floquet mode is not considered at port Zmax. Please increase the number of modes at this port. 
                      More...

                      ------------------------------------------------------------------------------
2025-04-13 22:37:23     Total time               :	17 s

                      ------------------------------------------------------------------------------
2025-04-13 22:37:23   

                      ------------------------------------------------------------------------------
2025-04-13 22:37:23     Calculation 2 of 2 (Frequency: 26 GHz, Theta: 0, Phi: 0)


                      ------------------------------------------------------------------------------
2025-04-13 22:37:23   Adaptive mesh refinement pass 1

                      ------------------------------------------------------------------------------
2025-04-13 22:37:24     Matrix setup time        :	0 s
                        Solver setup             :	1 s
                        Degrees of freedom       :	76836
                        Number of mesh cells     :	11901

                        Stimulation port         :	Zmin
                        Mode number              :	1
                        Accuracy                 :	5.12162e-14
                        Iterations               :	1
                        Solver time              :	0 s


                      ------------------------------------------------------------------------------
2025-04-13 22:37:26   Adaptive mesh refinement pass 2

                      ------------------------------------------------------------------------------
2025-04-13 22:37:30     Matrix setup time        :	0 s
                        Solver setup             :	3 s
                        Degrees of freedom       :	122202
                        Number of mesh cells     :	19016

                        Stimulation port         :	Zmin
                        Mode number              :	1
                        Accuracy                 :	3.18139e-14
                        Iterations               :	1
                        Solver time              :	0 s


                      ------------------------------------------------------------------------------
2025-04-13 22:37:31     Delta calculation        
2025-04-13 22:37:31     All S-Parameters         :	0.0507579
2025-04-13 22:37:31   

                      ------------------------------------------------------------------------------
2025-04-13 22:37:33   Adaptive mesh refinement pass 3

                      ------------------------------------------------------------------------------
2025-04-13 22:37:42     Matrix setup time        :	0 s
                        Solver setup             :	8 s
                        Degrees of freedom       :	196788
                        Number of mesh cells     :	30654

                        Stimulation port         :	Zmin
                        Mode number              :	1
                        Accuracy                 :	3.00066e-14
                        Iterations               :	1
                        Solver time              :	0 s


                      ------------------------------------------------------------------------------
2025-04-13 22:37:42     Delta calculation        
2025-04-13 22:37:42     All S-Parameters         :	0.0206408
2025-04-13 22:37:42   

                      ------------------------------------------------------------------------------
2025-04-13 22:37:46   Adaptive mesh refinement pass 4

                      ------------------------------------------------------------------------------
2025-04-13 22:38:03     Matrix setup time        :	1 s
                        Solver setup             :	15 s
                        Degrees of freedom       :	303650
                        Number of mesh cells     :	47307

                        Stimulation port         :	Zmin
                        Mode number              :	1
                        Accuracy                 :	2.98369e-14
                        Iterations               :	1
                        Solver time              :	0 s


                      ------------------------------------------------------------------------------
2025-04-13 22:38:03     Delta calculation        
2025-04-13 22:38:03     All S-Parameters         :	0.0235315
2025-04-13 22:38:03   

                      ------------------------------------------------------------------------------
2025-04-13 22:38:06   For some elements the curvature had to be reduced to maintain the quality of the mesh. More...

                      ------------------------------------------------------------------------------
2025-04-13 22:38:07   Adaptive mesh refinement pass 5

                      ------------------------------------------------------------------------------
2025-04-13 22:38:35     Matrix setup time        :	1 s
                        Solver setup             :	26 s
                        Degrees of freedom       :	434012
                        Number of mesh cells     :	67664

                        Stimulation port         :	Zmin
                        Mode number              :	1
                        Accuracy                 :	2.25886e-14
                        Iterations               :	1
                        Solver time              :	0 s


                      ------------------------------------------------------------------------------
2025-04-13 22:38:36     Delta calculation        
2025-04-13 22:38:36     All S-Parameters         :	0.0128974
2025-04-13 22:38:36   

                      ------------------------------------------------------------------------------
2025-04-13 22:38:36   Mesh adaptation terminated because the desired accuracy limit is reached.

                      ------------------------------------------------------------------------------
2025-04-13 22:38:36     Total time               :	73 s	 (= 0 h, 01 m, 13 s)

                      ------------------------------------------------------------------------------
2025-04-13 22:38:36   

                      ------------------------------------------------------------------------------
2025-04-13 22:38:36     Calculation 1 (Frequency: 32 GHz, Theta: 0, Phi: 0)


                      ------------------------------------------------------------------------------
2025-04-13 22:39:00     Matrix setup time        :	0 s
                        Solver setup             :	22 s
                        Degrees of freedom       :	434012
                        Number of mesh cells     :	67664

                        Stimulation port         :	Zmin
                        Mode number              :	1
                        Accuracy                 :	2.1012e-14
                        Iterations               :	1
                        Solver time              :	0 s


                      ------------------------------------------------------------------------------
2025-04-13 22:39:00     Total time               :	23 s

                      ------------------------------------------------------------------------------
2025-04-13 22:39:00   

                      ------------------------------------------------------------------------------
2025-04-13 22:39:00     Calculation 3 (Frequency: 20 GHz, Theta: 0, Phi: 0)


                      ------------------------------------------------------------------------------
2025-04-13 22:39:24     Matrix setup time        :	0 s
                        Solver setup             :	22 s
                        Degrees of freedom       :	434012
                        Number of mesh cells     :	67664

                        Stimulation port         :	Zmin
                        Mode number              :	1
                        Accuracy                 :	3.87976e-14
                        Iterations               :	1
                        Solver time              :	0 s


                      ------------------------------------------------------------------------------
2025-04-13 22:39:25     Total time               :	23 s

                      ------------------------------------------------------------------------------
2025-04-13 22:39:25   

                      ------------------------------------------------------------------------------
2025-04-13 22:39:25     Calculation 4 (Frequency: 29 GHz, Theta: 0, Phi: 0)


                      ------------------------------------------------------------------------------
2025-04-13 22:39:49     Matrix setup time        :	0 s
                        Solver setup             :	22 s
                        Degrees of freedom       :	434012
                        Number of mesh cells     :	67664

                        Stimulation port         :	Zmin
                        Mode number              :	1
                        Accuracy                 :	4.06354e-14
                        Iterations               :	1
                        Solver time              :	0 s


                      ------------------------------------------------------------------------------
2025-04-13 22:39:49     Total time               :	24 s

                      ------------------------------------------------------------------------------
2025-04-13 22:39:49   

                      ------------------------------------------------------------------------------
2025-04-13 22:39:49     Calculation 5 (Frequency: 23.132 GHz, Theta: 0, Phi: 0)


                      ------------------------------------------------------------------------------
2025-04-13 22:40:14     Matrix setup time        :	0 s
                        Solver setup             :	23 s
                        Degrees of freedom       :	434012
                        Number of mesh cells     :	67664

                        Stimulation port         :	Zmin
                        Mode number              :	1
                        Accuracy                 :	2.96587e-14
                        Iterations               :	1
                        Solver time              :	0 s


                      ------------------------------------------------------------------------------
2025-04-13 22:40:14     Total time               :	24 s

                      ------------------------------------------------------------------------------
2025-04-13 22:40:14   

                      ------------------------------------------------------------------------------
2025-04-13 22:40:14     Calculation 6 (Frequency: 27.008 GHz, Theta: 0, Phi: 0)


                      ------------------------------------------------------------------------------
2025-04-13 22:40:38     Matrix setup time        :	0 s
                        Solver setup             :	22 s
                        Degrees of freedom       :	434012
                        Number of mesh cells     :	67664

                        Stimulation port         :	Zmin
                        Mode number              :	1
                        Accuracy                 :	3.62153e-14
                        Iterations               :	1
                        Solver time              :	0 s


                      ------------------------------------------------------------------------------
2025-04-13 22:40:38     Total time               :	23 s

                      ------------------------------------------------------------------------------
2025-04-13 22:40:38   

                      ------------------------------------------------------------------------------
2025-04-13 22:40:38     Calculation 7 (Frequency: 24.548 GHz, Theta: 0, Phi: 0)


                      ------------------------------------------------------------------------------
2025-04-13 22:41:02     Matrix setup time        :	0 s
                        Solver setup             :	22 s
                        Degrees of freedom       :	434012
                        Number of mesh cells     :	67664

                        Stimulation port         :	Zmin
                        Mode number              :	1
                        Accuracy                 :	5.26608e-14
                        Iterations               :	1
                        Solver time              :	0 s


                      ------------------------------------------------------------------------------
2025-04-13 22:41:02     Total time               :	24 s

                      ------------------------------------------------------------------------------
2025-04-13 22:41:02   

                      ------------------------------------------------------------------------------
2025-04-13 22:41:02     Calculation 8 (Frequency: 27.944 GHz, Theta: 0, Phi: 0)


                      ------------------------------------------------------------------------------
2025-04-13 22:41:26     Matrix setup time        :	0 s
                        Solver setup             :	22 s
                        Degrees of freedom       :	434012
                        Number of mesh cells     :	67664

                        Stimulation port         :	Zmin
                        Mode number              :	1
                        Accuracy                 :	4.24535e-14
                        Iterations               :	1
                        Solver time              :	0 s


                      ------------------------------------------------------------------------------
2025-04-13 22:41:27     Total time               :	24 s

                      ------------------------------------------------------------------------------
2025-04-13 22:41:27   

                      ------------------------------------------------------------------------------
2025-04-13 22:41:27     Calculation 9 (Frequency: 21.368 GHz, Theta: 0, Phi: 0)


                      ------------------------------------------------------------------------------
2025-04-13 22:41:50     Matrix setup time        :	0 s
                        Solver setup             :	22 s
                        Degrees of freedom       :	434012
                        Number of mesh cells     :	67664

                        Stimulation port         :	Zmin
                        Mode number              :	1
                        Accuracy                 :	3.90977e-14
                        Iterations               :	1
                        Solver time              :	0 s


                      ------------------------------------------------------------------------------
2025-04-13 22:41:51     Total time               :	24 s

                      ------------------------------------------------------------------------------
2025-04-13 22:41:51   

                      ------------------------------------------------------------------------------
2025-04-13 22:41:51     Calculation 10 (Frequency: 27.908 GHz, Theta: 0, Phi: 0)


                      ------------------------------------------------------------------------------
2025-04-13 22:42:15     Matrix setup time        :	0 s
                        Solver setup             :	22 s
                        Degrees of freedom       :	434012
                        Number of mesh cells     :	67664

                        Stimulation port         :	Zmin
                        Mode number              :	1
                        Accuracy                 :	4.79813e-14
                        Iterations               :	1
                        Solver time              :	0 s


                      ------------------------------------------------------------------------------
2025-04-13 22:42:15     Total time               :	24 s

                      ------------------------------------------------------------------------------
2025-04-13 22:42:15   

                      ------------------------------------------------------------------------------
2025-04-13 22:42:15     Calculation 11 (Frequency: 21.164 GHz, Theta: 0, Phi: 0)


                      ------------------------------------------------------------------------------
2025-04-13 22:42:40     Matrix setup time        :	0 s
                        Solver setup             :	23 s
                        Degrees of freedom       :	434012
                        Number of mesh cells     :	67664

                        Stimulation port         :	Zmin
                        Mode number              :	1
                        Accuracy                 :	3.12977e-14
                        Iterations               :	1
                        Solver time              :	0 s


                      ------------------------------------------------------------------------------
2025-04-13 22:42:40     Total time               :	24 s

                      ------------------------------------------------------------------------------
2025-04-13 22:42:40   

                      ------------------------------------------------------------------------------
2025-04-13 22:42:40     Calculation 12 (Frequency: 21.524 GHz, Theta: 0, Phi: 0)


                      ------------------------------------------------------------------------------
2025-04-13 22:43:04     Matrix setup time        :	0 s
                        Solver setup             :	22 s
                        Degrees of freedom       :	434012
                        Number of mesh cells     :	67664

                        Stimulation port         :	Zmin
                        Mode number              :	1
                        Accuracy                 :	4.63541e-14
                        Iterations               :	1
                        Solver time              :	0 s


                      ------------------------------------------------------------------------------
2025-04-13 22:43:05     Total time               :	24 s

                      ------------------------------------------------------------------------------
2025-04-13 22:43:05   

                      ------------------------------------------------------------------------------
2025-04-13 22:43:05     Calculation 13 (Frequency: 27.2 GHz, Theta: 0, Phi: 0)


                      ------------------------------------------------------------------------------
2025-04-13 22:43:29     Matrix setup time        :	0 s
                        Solver setup             :	22 s
                        Degrees of freedom       :	434012
                        Number of mesh cells     :	67664

                        Stimulation port         :	Zmin
                        Mode number              :	1
                        Accuracy                 :	4.68751e-14
                        Iterations               :	1
                        Solver time              :	0 s


                      ------------------------------------------------------------------------------
2025-04-13 22:43:29     Total time               :	24 s

                      ------------------------------------------------------------------------------
2025-04-13 22:43:29   

                      ------------------------------------------------------------------------------
2025-04-13 22:43:29     Calculation 14 (Frequency: 26.756 GHz, Theta: 0, Phi: 0)


                      ------------------------------------------------------------------------------
2025-04-13 22:43:53     Matrix setup time        :	0 s
                        Solver setup             :	22 s
                        Degrees of freedom       :	434012
                        Number of mesh cells     :	67664

                        Stimulation port         :	Zmin
                        Mode number              :	1
                        Accuracy                 :	3.58718e-14
                        Iterations               :	1
                        Solver time              :	0 s


                      ------------------------------------------------------------------------------
2025-04-13 22:43:54     Total time               :	24 s

                      ------------------------------------------------------------------------------
2025-04-13 22:43:54   

                      ------------------------------------------------------------------------------
2025-04-13 22:43:54     Calculation 15 (Frequency: 24.932 GHz, Theta: 0, Phi: 0)


                      ------------------------------------------------------------------------------
2025-04-13 22:44:18     Matrix setup time        :	0 s
                        Solver setup             :	23 s
                        Degrees of freedom       :	434012
                        Number of mesh cells     :	67664

                        Stimulation port         :	Zmin
                        Mode number              :	1
                        Accuracy                 :	5.3609e-14
                        Iterations               :	1
                        Solver time              :	0 s


                      ------------------------------------------------------------------------------
2025-04-13 22:44:19     Total time               :	24 s

                      ------------------------------------------------------------------------------
2025-04-13 22:44:19   

                      ------------------------------------------------------------------------------
2025-04-13 22:44:19     Calculation 16 (Frequency: 30.428 GHz, Theta: 0, Phi: 0)


                      ------------------------------------------------------------------------------
2025-04-13 22:44:43     Matrix setup time        :	0 s
                        Solver setup             :	23 s
                        Degrees of freedom       :	434012
                        Number of mesh cells     :	67664

                        Stimulation port         :	Zmin
                        Mode number              :	1
                        Accuracy                 :	2.16996e-14
                        Iterations               :	1
                        Solver time              :	0 s


                      ------------------------------------------------------------------------------
2025-04-13 22:44:44     Total time               :	24 s

                      ------------------------------------------------------------------------------
2025-04-13 22:44:44   

                      ------------------------------------------------------------------------------
2025-04-13 22:44:44     Calculation 17 (Frequency: 20.3 GHz, Theta: 0, Phi: 0)


                      ------------------------------------------------------------------------------
2025-04-13 22:45:08     Matrix setup time        :	0 s
                        Solver setup             :	23 s
                        Degrees of freedom       :	434012
                        Number of mesh cells     :	67664

                        Stimulation port         :	Zmin
                        Mode number              :	1
                        Accuracy                 :	4.1001e-14
                        Iterations               :	1
                        Solver time              :	0 s


                      ------------------------------------------------------------------------------
2025-04-13 22:45:09     Total time               :	25 s

                      ------------------------------------------------------------------------------
2025-04-13 22:45:09   

                      ------------------------------------------------------------------------------
2025-04-13 22:45:09     Calculation 18 (Frequency: 31.256 GHz, Theta: 0, Phi: 0)


                      ------------------------------------------------------------------------------
2025-04-13 22:45:34     Matrix setup time        :	0 s
                        Solver setup             :	23 s
                        Degrees of freedom       :	434012
                        Number of mesh cells     :	67664

                        Stimulation port         :	Zmin
                        Mode number              :	1
                        Accuracy                 :	3.47281e-14
                        Iterations               :	1
                        Solver time              :	0 s


                      ------------------------------------------------------------------------------
2025-04-13 22:45:34     Total time               :	25 s

                      ------------------------------------------------------------------------------
2025-04-13 22:45:34   

                      ------------------------------------------------------------------------------
2025-04-13 22:45:34     Calculation 19 (Frequency: 25.364 GHz, Theta: 0, Phi: 0)


                      ------------------------------------------------------------------------------
2025-04-13 22:45:59     Matrix setup time        :	0 s
                        Solver setup             :	23 s
                        Degrees of freedom       :	434012
                        Number of mesh cells     :	67664

                        Stimulation port         :	Zmin
                        Mode number              :	1
                        Accuracy                 :	3.47573e-14
                        Iterations               :	1
                        Solver time              :	0 s


                      ------------------------------------------------------------------------------
2025-04-13 22:45:59     Total time               :	24 s

                      ------------------------------------------------------------------------------
2025-04-13 22:45:59   

                      ------------------------------------------------------------------------------
2025-04-13 22:45:59     Calculation 20 (Frequency: 22.616 GHz, Theta: 0, Phi: 0)


                      ------------------------------------------------------------------------------
2025-04-13 22:46:24     Matrix setup time        :	0 s
                        Solver setup             :	23 s
                        Degrees of freedom       :	434012
                        Number of mesh cells     :	67664

                        Stimulation port         :	Zmin
                        Mode number              :	1
                        Accuracy                 :	3.18394e-14
                        Iterations               :	1
                        Solver time              :	0 s


                      ------------------------------------------------------------------------------
2025-04-13 22:46:24     Total time               :	24 s

                      ------------------------------------------------------------------------------
2025-04-13 22:46:24   

                      ------------------------------------------------------------------------------
2025-04-13 22:46:24     Calculation 21 (Frequency: 30.788 GHz, Theta: 0, Phi: 0)


                      ------------------------------------------------------------------------------
2025-04-13 22:46:49     Matrix setup time        :	0 s
                        Solver setup             :	23 s
                        Degrees of freedom       :	434012
                        Number of mesh cells     :	67664

                        Stimulation port         :	Zmin
                        Mode number              :	1
                        Accuracy                 :	4.59877e-14
                        Iterations               :	1
                        Solver time              :	0 s


                      ------------------------------------------------------------------------------
2025-04-13 22:46:49     Total time               :	24 s

                      ------------------------------------------------------------------------------
2025-04-13 22:46:49   

                      ------------------------------------------------------------------------------
2025-04-13 22:46:49     Calculation 22 (Frequency: 29.792 GHz, Theta: 0, Phi: 0)


                      ------------------------------------------------------------------------------
2025-04-13 22:47:14     Matrix setup time        :	0 s
                        Solver setup             :	23 s
                        Degrees of freedom       :	434012
                        Number of mesh cells     :	67664

                        Stimulation port         :	Zmin
                        Mode number              :	1
                        Accuracy                 :	6.80428e-14
                        Iterations               :	1
                        Solver time              :	0 s


                      ------------------------------------------------------------------------------
2025-04-13 22:47:14     Total time               :	24 s

                      ------------------------------------------------------------------------------
2025-04-13 22:47:14   

                      ------------------------------------------------------------------------------
2025-04-13 22:47:14     Calculation 23 (Frequency: 28.724 GHz, Theta: 0, Phi: 0)


                      ------------------------------------------------------------------------------
2025-04-13 22:47:39     Matrix setup time        :	0 s
                        Solver setup             :	23 s
                        Degrees of freedom       :	434012
                        Number of mesh cells     :	67664

                        Stimulation port         :	Zmin
                        Mode number              :	1
                        Accuracy                 :	3.17636e-14
                        Iterations               :	1
                        Solver time              :	0 s


                      ------------------------------------------------------------------------------
2025-04-13 22:47:39     Total time               :	24 s

                      ------------------------------------------------------------------------------
2025-04-13 22:47:39   

                      ------------------------------------------------------------------------------
2025-04-13 22:47:39     Calculation 24 (Frequency: 29.348 GHz, Theta: 0, Phi: 0)


                      ------------------------------------------------------------------------------
2025-04-13 22:48:04     Matrix setup time        :	0 s
                        Solver setup             :	23 s
                        Degrees of freedom       :	434012
                        Number of mesh cells     :	67664

                        Stimulation port         :	Zmin
                        Mode number              :	1
                        Accuracy                 :	3.98206e-14
                        Iterations               :	1
                        Solver time              :	0 s


                      ------------------------------------------------------------------------------
2025-04-13 22:48:04     Total time               :	24 s

                      ------------------------------------------------------------------------------
2025-04-13 22:48:04   

                      ------------------------------------------------------------------------------
2025-04-13 22:48:04     Calculation 25 (Frequency: 22.34 GHz, Theta: 0, Phi: 0)


                      ------------------------------------------------------------------------------
2025-04-13 22:48:29     Matrix setup time        :	0 s
                        Solver setup             :	23 s
                        Degrees of freedom       :	434012
                        Number of mesh cells     :	67664

                        Stimulation port         :	Zmin
                        Mode number              :	1
                        Accuracy                 :	3.17104e-14
                        Iterations               :	1
                        Solver time              :	0 s


                      ------------------------------------------------------------------------------
2025-04-13 22:48:29     Total time               :	24 s

                      ------------------------------------------------------------------------------
2025-04-13 22:48:29   

                      ------------------------------------------------------------------------------
2025-04-13 22:48:29     Calculation 26 (Frequency: 22.796 GHz, Theta: 0, Phi: 0)


                      ------------------------------------------------------------------------------
2025-04-13 22:48:54     Matrix setup time        :	0 s
                        Solver setup             :	23 s
                        Degrees of freedom       :	434012
                        Number of mesh cells     :	67664

                        Stimulation port         :	Zmin
                        Mode number              :	1
                        Accuracy                 :	4.1519e-14
                        Iterations               :	1
                        Solver time              :	0 s


                      ------------------------------------------------------------------------------
2025-04-13 22:48:54     Total time               :	24 s

                      ------------------------------------------------------------------------------
2025-04-13 22:48:54   

                      ------------------------------------------------------------------------------
2025-04-13 22:48:54     Calculation 27 (Frequency: 23.9 GHz, Theta: 0, Phi: 0)


                      ------------------------------------------------------------------------------
2025-04-13 22:49:19     Matrix setup time        :	0 s
                        Solver setup             :	23 s
                        Degrees of freedom       :	434012
                        Number of mesh cells     :	67664

                        Stimulation port         :	Zmin
                        Mode number              :	1
                        Accuracy                 :	2.13193e-14
                        Iterations               :	1
                        Solver time              :	0 s


                      ------------------------------------------------------------------------------
2025-04-13 22:49:19     Total time               :	24 s

                      ------------------------------------------------------------------------------
2025-04-13 22:49:19   

                      ------------------------------------------------------------------------------
2025-04-13 22:49:19     Calculation 28 (Frequency: 30.392 GHz, Theta: 0, Phi: 0)


                      ------------------------------------------------------------------------------
2025-04-13 22:49:44     Matrix setup time        :	0 s
                        Solver setup             :	23 s
                        Degrees of freedom       :	434012
                        Number of mesh cells     :	67664

                        Stimulation port         :	Zmin
                        Mode number              :	1
                        Accuracy                 :	2.6192e-14
                        Iterations               :	1
                        Solver time              :	0 s


                      ------------------------------------------------------------------------------
2025-04-13 22:49:45     Total time               :	25 s

                      ------------------------------------------------------------------------------
2025-04-13 22:49:45   

                      ------------------------------------------------------------------------------
2025-04-13 22:49:45     Calculation 29 (Frequency: 30.572 GHz, Theta: 0, Phi: 0)


                      ------------------------------------------------------------------------------
2025-04-13 22:50:09     Matrix setup time        :	0 s
                        Solver setup             :	23 s
                        Degrees of freedom       :	434012
                        Number of mesh cells     :	67664

                        Stimulation port         :	Zmin
                        Mode number              :	1
                        Accuracy                 :	4.57162e-14
                        Iterations               :	1
                        Solver time              :	0 s


                      ------------------------------------------------------------------------------
2025-04-13 22:50:10     Total time               :	24 s

                      ------------------------------------------------------------------------------
2025-04-13 22:50:10   

                      ------------------------------------------------------------------------------
2025-04-13 22:50:10   Finished the general purpose interpolative broadband frequency sweep:
                      All broadband sweep convergence criteria have been satisfied after
                      calculating 29 frequency samples:

                        Broadband sweep error threshold value :  0.01 (All S-Parameters) 
                        Number of error criterion checks      :  2 (All S-Parameters) 
                        Minimum number of samples             :  3
                        Number of data samples, linear        :  1001

                      ------------------------------------------------------------------------------
2025-04-13 22:50:10     Number of mesh cells     :	67664
                        Degrees of freedom       :	431640
                        Total Solver Time        :	786 s	 (= 0 h, 13 m, 06 s)
                      ================================================================================



                      ------------------------------------------------------------------------------
2025-04-13 22:50:10     ----------------------------------------------------------------------------
                                            Peak memory used (kB)         Free physical memory (kB) 
                                                                          At begin     Minimum      
                        ----------------------------------------------------------------------------
                        Solver start        21764                         9086244      9086236      
                        Eq. system setup    7369148                       9060640      7946568      
                        Eq. system solve    7369148                       9013996      1906972      
                        Mesh refinement     4976720                       8864048      8266816      
                        Solver run total    7369148                       9086248      1906972      

                        Computer name       Tahsin
                        ----------------------------------------------------------------------------


                      ------------------------------------------------------------------------------
2025-04-13 22:50:10   Running postprocessing.

                      ------------------------------------------------------------------------------
2025-04-13 22:50:11   Postprocessing finished.

                      ------------------------------------------------------------------------------
