2025-06-14 17:54:11   *** Warning ***

                      Electric isotropic material [Copper (pure)] has a very high conductivity for
                      the given mesh. Depending on your configuration it may be better to use a lossy
                      metal type for this material. More...

                      ------------------------------------------------------------------------------
2025-06-14 17:54:11   In order to get an optimal performance, hyperthreading is ignored for parallel
                      computations.

                      ------------------------------------------------------------------------------
2025-06-14 17:54:13   Units settings: 

                        Dimensions: mm
                        Frequency:  GHz
                        Time:       s

                      ------------------------------------------------------------------------------
2025-06-14 17:54:13   Boundary conditions: 

                        YZsymmetry: none
                        XZsymmetry: none
                        XYsymmetry: none

                        Xmin: unit cell
                        Xmax: unit cell

                        Ymin: unit cell
                        Ymax: unit cell

                        Zmin: expanded open
                        Zmax: expanded open

                      ------------------------------------------------------------------------------
2025-06-14 17:54:13   Order settings: 

                        Solver order   : 2nd (constant)
                        Curved elements: up to order 3 (automatic)

                      ------------------------------------------------------------------------------
2025-06-14 17:54:13   An iterative solver will be used first.

                      ------------------------------------------------------------------------------
2025-06-14 17:54:13     Mesh time                :	2 s


                      ------------------------------------------------------------------------------
2025-06-14 17:54:13   
                      ================================================================================
                      Frequency Domain Solver calculation cycle started

                      ------------------------------------------------------------------------------
2025-06-14 17:54:13   Solver started at: 2025-06-14 17:54:13 +0800

                        Module:  Frequency Domain: S-Parameter (Win 64)
                        Version: 2024.1 Release from 2023-10-16 (change 1181985)

                      ------------------------------------------------------------------------------
2025-06-14 17:54:13   The low frequency stabilization is not applied to periodic problems.

                      ------------------------------------------------------------------------------
2025-06-14 17:54:13     Calculation 1 of 1 (Frequency: 32 GHz, Theta: 0, Phi: 0)


                      ------------------------------------------------------------------------------
2025-06-14 17:54:14   The wavelength based mesh refinement has been applied to 4.9% of all mesh edges.

                      ------------------------------------------------------------------------------
2025-06-14 17:54:14   For some elements the curvature had to be reduced to maintain the quality of the mesh. More...

                      ------------------------------------------------------------------------------
2025-06-14 17:54:14   Adaptive mesh refinement pass 1

                      ------------------------------------------------------------------------------
2025-06-14 17:54:21   *** Warning ***

2025-06-14 17:54:21   Detected possible stagnation of the iterative solver (4.722673e-02 after 250 iterations.)
                      Please consider aborting the solver run, and check your simulation setup.  More...

                      ------------------------------------------------------------------------------
2025-06-14 17:54:28   *** Warning ***

2025-06-14 17:54:28   The solver stopped because the maximum number of iterations (500, used for automatic solver choice) has been reached.

                      ------------------------------------------------------------------------------
2025-06-14 17:54:28   Solving again, but with the direct solver. Please consider forcing the direct solver in the solver special settings, and
                      check your simulation setup (for instance source and material definitions.)

                      ------------------------------------------------------------------------------
2025-06-14 17:54:29     Matrix setup time        :	0 s
                        Degrees of freedom       :	35780
                        Number of mesh cells     :	5448

                        Stimulation port         :	Zmin
                        Mode number              :	1
                        Accuracy                 :	9.14862e-14
                        Iterations               :	1
                        Solver time              :	0 s


                      ------------------------------------------------------------------------------
2025-06-14 17:54:29   26% of all mesh edges seem to be longer than expected. The adaptive mesh refinement's growth limitation will therefore 
                      use 14055 instead of 3650 mesh cells as a reference.

                      ------------------------------------------------------------------------------
2025-06-14 17:54:29   The wavelength based mesh refinement has been applied to 0.3% of all mesh edges.

                      ------------------------------------------------------------------------------
2025-06-14 17:54:30   Adaptive mesh refinement pass 2

                      ------------------------------------------------------------------------------
2025-06-14 17:54:33     Matrix setup time        :	0 s
                        Solver setup             :	2 s
                        Degrees of freedom       :	73324
                        Number of mesh cells     :	11346

                        Stimulation port         :	Zmin
                        Mode number              :	1
                        Accuracy                 :	4.82733e-14
                        Iterations               :	1
                        Solver time              :	0 s


                      ------------------------------------------------------------------------------
2025-06-14 17:54:33     Delta calculation        
2025-06-14 17:54:33     All S-Parameters         :	0.0428365
2025-06-14 17:54:33   

                      ------------------------------------------------------------------------------
2025-06-14 17:54:34   Adaptive mesh refinement pass 3

                      ------------------------------------------------------------------------------
2025-06-14 17:54:39     Matrix setup time        :	0 s
                        Solver setup             :	4 s
                        Degrees of freedom       :	120784
                        Number of mesh cells     :	18786

                        Stimulation port         :	Zmin
                        Mode number              :	1
                        Accuracy                 :	2.97934e-14
                        Iterations               :	1
                        Solver time              :	0 s


                      ------------------------------------------------------------------------------
2025-06-14 17:54:39     Delta calculation        
2025-06-14 17:54:39     All S-Parameters         :	0.0194595
2025-06-14 17:54:39   

                      ------------------------------------------------------------------------------
2025-06-14 17:54:39   Mesh adaptation terminated because the desired accuracy limit is reached.

                      ------------------------------------------------------------------------------
2025-06-14 17:54:39   *** Warning ***

2025-06-14 17:54:39   At least one propagating Floquet mode is not considered at port Zmin. Please increase the number of modes at this port. 
                      More...

                      ------------------------------------------------------------------------------
2025-06-14 17:54:39   *** Warning ***

2025-06-14 17:54:39   At least one propagating Floquet mode is not considered at port Zmax. Please increase the number of modes at this port. 
                      More...

                      ------------------------------------------------------------------------------
2025-06-14 17:54:39     Total time               :	25 s

                      ------------------------------------------------------------------------------
2025-06-14 17:54:39   

                      ------------------------------------------------------------------------------
2025-06-14 17:54:39     Calculation 2 (Frequency: 20 GHz, Theta: 0, Phi: 0)


                      ------------------------------------------------------------------------------
2025-06-14 17:54:43     Matrix setup time        :	0 s
                        Solver setup             :	2 s
                        Degrees of freedom       :	120784
                        Number of mesh cells     :	18786

                        Stimulation port         :	Zmin
                        Mode number              :	1
                        Accuracy                 :	5.56787e-14
                        Iterations               :	1
                        Solver time              :	0 s


                      ------------------------------------------------------------------------------
2025-06-14 17:54:43     Total time               :	3 s

                      ------------------------------------------------------------------------------
2025-06-14 17:54:43   

                      ------------------------------------------------------------------------------
2025-06-14 17:54:43     Calculation 3 (Frequency: 26 GHz, Theta: 0, Phi: 0)


                      ------------------------------------------------------------------------------
2025-06-14 17:54:46     Matrix setup time        :	0 s
                        Solver setup             :	3 s
                        Degrees of freedom       :	120784
                        Number of mesh cells     :	18786

                        Stimulation port         :	Zmin
                        Mode number              :	1
                        Accuracy                 :	2.83449e-14
                        Iterations               :	1
                        Solver time              :	0 s


                      ------------------------------------------------------------------------------
2025-06-14 17:54:46     Total time               :	3 s

                      ------------------------------------------------------------------------------
2025-06-14 17:54:46   

                      ------------------------------------------------------------------------------
2025-06-14 17:54:46     Calculation 4 (Frequency: 29 GHz, Theta: 0, Phi: 0)


                      ------------------------------------------------------------------------------
2025-06-14 17:54:50     Matrix setup time        :	0 s
                        Solver setup             :	3 s
                        Degrees of freedom       :	120784
                        Number of mesh cells     :	18786

                        Stimulation port         :	Zmin
                        Mode number              :	1
                        Accuracy                 :	6.03346e-14
                        Iterations               :	1
                        Solver time              :	0 s


                      ------------------------------------------------------------------------------
2025-06-14 17:54:50     Total time               :	3 s

                      ------------------------------------------------------------------------------
2025-06-14 17:54:50   

                      ------------------------------------------------------------------------------
2025-06-14 17:54:50     Calculation 5 (Frequency: 23.372 GHz, Theta: 0, Phi: 0)


                      ------------------------------------------------------------------------------
2025-06-14 17:54:54     Matrix setup time        :	0 s
                        Solver setup             :	3 s
                        Degrees of freedom       :	120784
                        Number of mesh cells     :	18786

                        Stimulation port         :	Zmin
                        Mode number              :	1
                        Accuracy                 :	4.36003e-14
                        Iterations               :	1
                        Solver time              :	0 s


                      ------------------------------------------------------------------------------
2025-06-14 17:54:54     Total time               :	3 s

                      ------------------------------------------------------------------------------
2025-06-14 17:54:54   

                      ------------------------------------------------------------------------------
2025-06-14 17:54:54     Calculation 6 (Frequency: 27.428 GHz, Theta: 0, Phi: 0)


                      ------------------------------------------------------------------------------
2025-06-14 17:54:57     Matrix setup time        :	0 s
                        Solver setup             :	3 s
                        Degrees of freedom       :	120784
                        Number of mesh cells     :	18786

                        Stimulation port         :	Zmin
                        Mode number              :	1
                        Accuracy                 :	3.55847e-14
                        Iterations               :	1
                        Solver time              :	0 s


                      ------------------------------------------------------------------------------
2025-06-14 17:54:57     Total time               :	3 s

                      ------------------------------------------------------------------------------
2025-06-14 17:54:57   

                      ------------------------------------------------------------------------------
2025-06-14 17:54:57     Calculation 7 (Frequency: 22.64 GHz, Theta: 0, Phi: 0)


                      ------------------------------------------------------------------------------
2025-06-14 17:55:01     Matrix setup time        :	0 s
                        Solver setup             :	3 s
                        Degrees of freedom       :	120784
                        Number of mesh cells     :	18786

                        Stimulation port         :	Zmin
                        Mode number              :	1
                        Accuracy                 :	4.85497e-14
                        Iterations               :	1
                        Solver time              :	0 s


                      ------------------------------------------------------------------------------
2025-06-14 17:55:01     Total time               :	3 s

                      ------------------------------------------------------------------------------
2025-06-14 17:55:01   

                      ------------------------------------------------------------------------------
2025-06-14 17:55:01     Calculation 8 (Frequency: 27.98 GHz, Theta: 0, Phi: 0)


                      ------------------------------------------------------------------------------
2025-06-14 17:55:05     Matrix setup time        :	0 s
                        Solver setup             :	3 s
                        Degrees of freedom       :	120784
                        Number of mesh cells     :	18786

                        Stimulation port         :	Zmin
                        Mode number              :	1
                        Accuracy                 :	3.5183e-14
                        Iterations               :	1
                        Solver time              :	0 s


                      ------------------------------------------------------------------------------
2025-06-14 17:55:05     Total time               :	3 s

                      ------------------------------------------------------------------------------
2025-06-14 17:55:05   

                      ------------------------------------------------------------------------------
2025-06-14 17:55:05     Calculation 9 (Frequency: 24.416 GHz, Theta: 0, Phi: 0)


                      ------------------------------------------------------------------------------
2025-06-14 17:55:08     Matrix setup time        :	0 s
                        Solver setup             :	3 s
                        Degrees of freedom       :	120784
                        Number of mesh cells     :	18786

                        Stimulation port         :	Zmin
                        Mode number              :	1
                        Accuracy                 :	2.70453e-14
                        Iterations               :	1
                        Solver time              :	0 s


                      ------------------------------------------------------------------------------
2025-06-14 17:55:08     Total time               :	3 s

                      ------------------------------------------------------------------------------
2025-06-14 17:55:08   

                      ------------------------------------------------------------------------------
2025-06-14 17:55:08     Calculation 10 (Frequency: 29.708 GHz, Theta: 0, Phi: 0)


                      ------------------------------------------------------------------------------
2025-06-14 17:55:12     Matrix setup time        :	0 s
                        Solver setup             :	3 s
                        Degrees of freedom       :	120784
                        Number of mesh cells     :	18786

                        Stimulation port         :	Zmin
                        Mode number              :	1
                        Accuracy                 :	5.0124e-14
                        Iterations               :	1
                        Solver time              :	0 s


                      ------------------------------------------------------------------------------
2025-06-14 17:55:12     Total time               :	3 s

                      ------------------------------------------------------------------------------
2025-06-14 17:55:12   

                      ------------------------------------------------------------------------------
2025-06-14 17:55:12     Calculation 11 (Frequency: 23 GHz, Theta: 0, Phi: 0)


                      ------------------------------------------------------------------------------
2025-06-14 17:55:16     Matrix setup time        :	0 s
                        Solver setup             :	3 s
                        Degrees of freedom       :	120784
                        Number of mesh cells     :	18786

                        Stimulation port         :	Zmin
                        Mode number              :	1
                        Accuracy                 :	3.91648e-14
                        Iterations               :	1
                        Solver time              :	0 s


                      ------------------------------------------------------------------------------
2025-06-14 17:55:16     Total time               :	3 s

                      ------------------------------------------------------------------------------
2025-06-14 17:55:16   

                      ------------------------------------------------------------------------------
2025-06-14 17:55:16     Calculation 12 (Frequency: 20.552 GHz, Theta: 0, Phi: 0)


                      ------------------------------------------------------------------------------
2025-06-14 17:55:20     Matrix setup time        :	0 s
                        Solver setup             :	3 s
                        Degrees of freedom       :	120784
                        Number of mesh cells     :	18786

                        Stimulation port         :	Zmin
                        Mode number              :	1
                        Accuracy                 :	5.3667e-14
                        Iterations               :	1
                        Solver time              :	0 s


                      ------------------------------------------------------------------------------
2025-06-14 17:55:20     Total time               :	3 s

                      ------------------------------------------------------------------------------
2025-06-14 17:55:20   

                      ------------------------------------------------------------------------------
2025-06-14 17:55:20     Calculation 13 (Frequency: 30.812 GHz, Theta: 0, Phi: 0)


                      ------------------------------------------------------------------------------
2025-06-14 17:55:24     Matrix setup time        :	0 s
                        Solver setup             :	3 s
                        Degrees of freedom       :	120784
                        Number of mesh cells     :	18786

                        Stimulation port         :	Zmin
                        Mode number              :	1
                        Accuracy                 :	4.08209e-14
                        Iterations               :	1
                        Solver time              :	0 s


                      ------------------------------------------------------------------------------
2025-06-14 17:55:24     Total time               :	3 s

                      ------------------------------------------------------------------------------
2025-06-14 17:55:24   

                      ------------------------------------------------------------------------------
2025-06-14 17:55:24     Calculation 14 (Frequency: 21.308 GHz, Theta: 0, Phi: 0)


                      ------------------------------------------------------------------------------
2025-06-14 17:55:28     Matrix setup time        :	0 s
                        Solver setup             :	3 s
                        Degrees of freedom       :	120784
                        Number of mesh cells     :	18786

                        Stimulation port         :	Zmin
                        Mode number              :	1
                        Accuracy                 :	6.19109e-14
                        Iterations               :	1
                        Solver time              :	0 s


                      ------------------------------------------------------------------------------
2025-06-14 17:55:28     Total time               :	3 s

                      ------------------------------------------------------------------------------
2025-06-14 17:55:28   

                      ------------------------------------------------------------------------------
2025-06-14 17:55:28     Calculation 15 (Frequency: 31.292 GHz, Theta: 0, Phi: 0)


                      ------------------------------------------------------------------------------
2025-06-14 17:55:31     Matrix setup time        :	0 s
                        Solver setup             :	3 s
                        Degrees of freedom       :	120784
                        Number of mesh cells     :	18786

                        Stimulation port         :	Zmin
                        Mode number              :	1
                        Accuracy                 :	4.33585e-14
                        Iterations               :	1
                        Solver time              :	0 s


                      ------------------------------------------------------------------------------
2025-06-14 17:55:31     Total time               :	3 s

                      ------------------------------------------------------------------------------
2025-06-14 17:55:31   

                      ------------------------------------------------------------------------------
2025-06-14 17:55:31     Calculation 16 (Frequency: 29.432 GHz, Theta: 0, Phi: 0)


                      ------------------------------------------------------------------------------
2025-06-14 17:55:35     Matrix setup time        :	0 s
                        Solver setup             :	3 s
                        Degrees of freedom       :	120784
                        Number of mesh cells     :	18786

                        Stimulation port         :	Zmin
                        Mode number              :	1
                        Accuracy                 :	5.2508e-14
                        Iterations               :	1
                        Solver time              :	0 s


                      ------------------------------------------------------------------------------
2025-06-14 17:55:35     Total time               :	3 s

                      ------------------------------------------------------------------------------
2025-06-14 17:55:35   

                      ------------------------------------------------------------------------------
2025-06-14 17:55:35     Calculation 17 (Frequency: 20.888 GHz, Theta: 0, Phi: 0)


                      ------------------------------------------------------------------------------
2025-06-14 17:55:39     Matrix setup time        :	0 s
                        Solver setup             :	3 s
                        Degrees of freedom       :	120784
                        Number of mesh cells     :	18786

                        Stimulation port         :	Zmin
                        Mode number              :	1
                        Accuracy                 :	5.45905e-14
                        Iterations               :	1
                        Solver time              :	0 s


                      ------------------------------------------------------------------------------
2025-06-14 17:55:39     Total time               :	3 s

                      ------------------------------------------------------------------------------
2025-06-14 17:55:39   

                      ------------------------------------------------------------------------------
2025-06-14 17:55:39     Calculation 18 (Frequency: 21.68 GHz, Theta: 0, Phi: 0)


                      ------------------------------------------------------------------------------
2025-06-14 17:55:43     Matrix setup time        :	0 s
                        Solver setup             :	3 s
                        Degrees of freedom       :	120784
                        Number of mesh cells     :	18786

                        Stimulation port         :	Zmin
                        Mode number              :	1
                        Accuracy                 :	6.19585e-14
                        Iterations               :	1
                        Solver time              :	0 s


                      ------------------------------------------------------------------------------
2025-06-14 17:55:43     Total time               :	4 s

                      ------------------------------------------------------------------------------
2025-06-14 17:55:43   

                      ------------------------------------------------------------------------------
2025-06-14 17:55:43     Calculation 19 (Frequency: 21.164 GHz, Theta: 0, Phi: 0)


                      ------------------------------------------------------------------------------
2025-06-14 17:55:47     Matrix setup time        :	0 s
                        Solver setup             :	3 s
                        Degrees of freedom       :	120784
                        Number of mesh cells     :	18786

                        Stimulation port         :	Zmin
                        Mode number              :	1
                        Accuracy                 :	5.78917e-14
                        Iterations               :	1
                        Solver time              :	0 s


                      ------------------------------------------------------------------------------
2025-06-14 17:55:48     Total time               :	4 s

                      ------------------------------------------------------------------------------
2025-06-14 17:55:48   

                      ------------------------------------------------------------------------------
2025-06-14 17:55:48     Calculation 20 (Frequency: 22.124 GHz, Theta: 0, Phi: 0)


                      ------------------------------------------------------------------------------
2025-06-14 17:55:51     Matrix setup time        :	0 s
                        Solver setup             :	3 s
                        Degrees of freedom       :	120784
                        Number of mesh cells     :	18786

                        Stimulation port         :	Zmin
                        Mode number              :	1
                        Accuracy                 :	6.37882e-14
                        Iterations               :	1
                        Solver time              :	0 s


                      ------------------------------------------------------------------------------
2025-06-14 17:55:52     Total time               :	3 s

                      ------------------------------------------------------------------------------
2025-06-14 17:55:52   

                      ------------------------------------------------------------------------------
2025-06-14 17:55:52     Calculation 21 (Frequency: 23.84 GHz, Theta: 0, Phi: 0)


                      ------------------------------------------------------------------------------
2025-06-14 17:55:55     Matrix setup time        :	0 s
                        Solver setup             :	3 s
                        Degrees of freedom       :	120784
                        Number of mesh cells     :	18786

                        Stimulation port         :	Zmin
                        Mode number              :	1
                        Accuracy                 :	4.59676e-14
                        Iterations               :	1
                        Solver time              :	0 s


                      ------------------------------------------------------------------------------
2025-06-14 17:55:55     Total time               :	3 s

                      ------------------------------------------------------------------------------
2025-06-14 17:55:55   

                      ------------------------------------------------------------------------------
2025-06-14 17:55:55     Calculation 22 (Frequency: 28.604 GHz, Theta: 0, Phi: 0)


                      ------------------------------------------------------------------------------
2025-06-14 17:55:59     Matrix setup time        :	0 s
                        Solver setup             :	3 s
                        Degrees of freedom       :	120784
                        Number of mesh cells     :	18786

                        Stimulation port         :	Zmin
                        Mode number              :	1
                        Accuracy                 :	3.52206e-14
                        Iterations               :	1
                        Solver time              :	0 s


                      ------------------------------------------------------------------------------
2025-06-14 17:55:59     Total time               :	3 s

                      ------------------------------------------------------------------------------
2025-06-14 17:55:59   

                      ------------------------------------------------------------------------------
2025-06-14 17:55:59     Calculation 23 (Frequency: 29.192 GHz, Theta: 0, Phi: 0)


                      ------------------------------------------------------------------------------
2025-06-14 17:56:03     Matrix setup time        :	0 s
                        Solver setup             :	3 s
                        Degrees of freedom       :	120784
                        Number of mesh cells     :	18786

                        Stimulation port         :	Zmin
                        Mode number              :	1
                        Accuracy                 :	5.01769e-14
                        Iterations               :	1
                        Solver time              :	0 s


                      ------------------------------------------------------------------------------
2025-06-14 17:56:03     Total time               :	3 s

                      ------------------------------------------------------------------------------
2025-06-14 17:56:03   

                      ------------------------------------------------------------------------------
2025-06-14 17:56:03     Calculation 24 (Frequency: 30.068 GHz, Theta: 0, Phi: 0)


                      ------------------------------------------------------------------------------
2025-06-14 17:56:07     Matrix setup time        :	0 s
                        Solver setup             :	3 s
                        Degrees of freedom       :	120784
                        Number of mesh cells     :	18786

                        Stimulation port         :	Zmin
                        Mode number              :	1
                        Accuracy                 :	4.9435e-14
                        Iterations               :	1
                        Solver time              :	0 s


                      ------------------------------------------------------------------------------
2025-06-14 17:56:08     Total time               :	4 s

                      ------------------------------------------------------------------------------
2025-06-14 17:56:08   

                      ------------------------------------------------------------------------------
2025-06-14 17:56:08     Calculation 25 (Frequency: 26.744 GHz, Theta: 0, Phi: 0)


                      ------------------------------------------------------------------------------
2025-06-14 17:56:12     Matrix setup time        :	0 s
                        Solver setup             :	3 s
                        Degrees of freedom       :	120784
                        Number of mesh cells     :	18786

                        Stimulation port         :	Zmin
                        Mode number              :	1
                        Accuracy                 :	4.53454e-14
                        Iterations               :	1
                        Solver time              :	0 s


                      ------------------------------------------------------------------------------
2025-06-14 17:56:12     Total time               :	4 s

                      ------------------------------------------------------------------------------
2025-06-14 17:56:12   

                      ------------------------------------------------------------------------------
2025-06-14 17:56:12     Calculation 26 (Frequency: 30.5 GHz, Theta: 0, Phi: 0)


                      ------------------------------------------------------------------------------
2025-06-14 17:56:16     Matrix setup time        :	0 s
                        Solver setup             :	3 s
                        Degrees of freedom       :	120784
                        Number of mesh cells     :	18786

                        Stimulation port         :	Zmin
                        Mode number              :	1
                        Accuracy                 :	5.46657e-14
                        Iterations               :	1
                        Solver time              :	0 s


                      ------------------------------------------------------------------------------
2025-06-14 17:56:16     Total time               :	4 s

                      ------------------------------------------------------------------------------
2025-06-14 17:56:16   

                      ------------------------------------------------------------------------------
2025-06-14 17:56:16     Calculation 27 (Frequency: 26.672 GHz, Theta: 0, Phi: 0)


                      ------------------------------------------------------------------------------
2025-06-14 17:56:20     Matrix setup time        :	0 s
                        Solver setup             :	3 s
                        Degrees of freedom       :	120784
                        Number of mesh cells     :	18786

                        Stimulation port         :	Zmin
                        Mode number              :	1
                        Accuracy                 :	3.91475e-14
                        Iterations               :	1
                        Solver time              :	0 s


                      ------------------------------------------------------------------------------
2025-06-14 17:56:21     Total time               :	4 s

                      ------------------------------------------------------------------------------
2025-06-14 17:56:21   

                      ------------------------------------------------------------------------------
2025-06-14 17:56:21     Calculation 28 (Frequency: 24.08 GHz, Theta: 0, Phi: 0)


                      ------------------------------------------------------------------------------
2025-06-14 17:56:25     Matrix setup time        :	0 s
                        Solver setup             :	3 s
                        Degrees of freedom       :	120784
                        Number of mesh cells     :	18786

                        Stimulation port         :	Zmin
                        Mode number              :	1
                        Accuracy                 :	2.81188e-14
                        Iterations               :	1
                        Solver time              :	0 s


                      ------------------------------------------------------------------------------
2025-06-14 17:56:25     Total time               :	4 s

                      ------------------------------------------------------------------------------
2025-06-14 17:56:25   

                      ------------------------------------------------------------------------------
2025-06-14 17:56:25     Calculation 29 (Frequency: 24.932 GHz, Theta: 0, Phi: 0)


                      ------------------------------------------------------------------------------
2025-06-14 17:56:29     Matrix setup time        :	0 s
                        Solver setup             :	3 s
                        Degrees of freedom       :	120784
                        Number of mesh cells     :	18786

                        Stimulation port         :	Zmin
                        Mode number              :	1
                        Accuracy                 :	4.2962e-14
                        Iterations               :	1
                        Solver time              :	0 s


                      ------------------------------------------------------------------------------
2025-06-14 17:56:29     Total time               :	4 s

                      ------------------------------------------------------------------------------
2025-06-14 17:56:29   

                      ------------------------------------------------------------------------------
2025-06-14 17:56:29     Calculation 30 (Frequency: 27.74 GHz, Theta: 0, Phi: 0)


                      ------------------------------------------------------------------------------
2025-06-14 17:56:33     Matrix setup time        :	0 s
                        Solver setup             :	3 s
                        Degrees of freedom       :	120784
                        Number of mesh cells     :	18786

                        Stimulation port         :	Zmin
                        Mode number              :	1
                        Accuracy                 :	3.60128e-14
                        Iterations               :	1
                        Solver time              :	0 s


                      ------------------------------------------------------------------------------
2025-06-14 17:56:33     Total time               :	4 s

                      ------------------------------------------------------------------------------
2025-06-14 17:56:33   

                      ------------------------------------------------------------------------------
2025-06-14 17:56:33   Finished the general purpose interpolative broadband frequency sweep:
                      All broadband sweep convergence criteria have been satisfied after
                      calculating 30 frequency samples:

                        Broadband sweep error threshold value :  0.01 (All S-Parameters) 
                        Number of error criterion checks      :  2 (All S-Parameters) 
                        Minimum number of samples             :  3
                        Number of data samples, linear        :  1001

                      ------------------------------------------------------------------------------
2025-06-14 17:56:33     Number of mesh cells     :	18786
                        Degrees of freedom       :	119794
                        Total Solver Time        :	141 s	 (= 0 h, 02 m, 21 s)
                      ================================================================================



                      ------------------------------------------------------------------------------
2025-06-14 17:56:33     ----------------------------------------------------------------------------
                                            Peak memory used (kB)         Free physical memory (kB) 
                                                                          At begin     Minimum      
                        ----------------------------------------------------------------------------
                        Solver start        22268                         8910268      8907676      
                        Eq. system setup    2169376                       8897824      7922416      
                        Eq. system solve    2169376                       8853412      6571508      
                        Mesh refinement     1139600                       8686636      8584316      
                        Solver run total    2169376                       8910272      6571508      

                        Computer name       Tahsin
                        ----------------------------------------------------------------------------


                      ------------------------------------------------------------------------------
2025-06-14 17:56:34   Running postprocessing.

                      ------------------------------------------------------------------------------
2025-06-14 17:56:34   Postprocessing finished.

                      ------------------------------------------------------------------------------
