2025-06-13 13:32:07   *** Warning ***

                      Electric isotropic material [Copper (pure)] has a very high conductivity for
                      the given mesh. Depending on your configuration it may be better to use a lossy
                      metal type for this material. More...

                      ------------------------------------------------------------------------------
2025-06-13 13:32:07   In order to get an optimal performance, hyperthreading is ignored for parallel
                      computations.

                      ------------------------------------------------------------------------------
2025-06-13 13:32:09   Units settings: 

                        Dimensions: mm
                        Frequency:  GHz
                        Time:       s

                      ------------------------------------------------------------------------------
2025-06-13 13:32:09   Boundary conditions: 

                        YZsymmetry: none
                        XZsymmetry: none
                        XYsymmetry: none

                        Xmin: unit cell
                        Xmax: unit cell

                        Ymin: unit cell
                        Ymax: unit cell

                        Zmin: expanded open
                        Zmax: expanded open

                      ------------------------------------------------------------------------------
2025-06-13 13:32:09   Order settings: 

                        Solver order   : 2nd (constant)
                        Curved elements: up to order 3 (automatic)

                      ------------------------------------------------------------------------------
2025-06-13 13:32:09   An iterative solver will be used first.

                      ------------------------------------------------------------------------------
2025-06-13 13:32:09     Mesh time                :	1 s


                      ------------------------------------------------------------------------------
2025-06-13 13:32:09   
                      ================================================================================
                      Frequency Domain Solver calculation cycle started

                      ------------------------------------------------------------------------------
2025-06-13 13:32:09   Solver started at: 2025-06-13 13:32:09 +0800

                        Module:  Frequency Domain: S-Parameter (Win 64)
                        Version: 2024.1 Release from 2023-10-16 (change 1181985)

                      ------------------------------------------------------------------------------
2025-06-13 13:32:09   The low frequency stabilization is not applied to periodic problems.

                      ------------------------------------------------------------------------------
2025-06-13 13:32:09     Calculation 1 of 1 (Frequency: 32 GHz, Theta: 0, Phi: 0)


                      ------------------------------------------------------------------------------
2025-06-13 13:32:09   The wavelength based mesh refinement has been applied to 6.0% of all mesh edges.

                      ------------------------------------------------------------------------------
2025-06-13 13:32:10   Adaptive mesh refinement pass 1

                      ------------------------------------------------------------------------------
2025-06-13 13:32:17   *** Warning ***

2025-06-13 13:32:17   Detected possible stagnation of the iterative solver (4.752183e-02 after 250 iterations.)
                      Please consider aborting the solver run, and check your simulation setup.  More...

                      ------------------------------------------------------------------------------
2025-06-13 13:32:24   *** Warning ***

2025-06-13 13:32:24   The solver stopped because the maximum number of iterations (500, used for automatic solver choice) has been reached.

                      ------------------------------------------------------------------------------
2025-06-13 13:32:24   Solving again, but with the direct solver. Please consider forcing the direct solver in the solver special settings, and
                      check your simulation setup (for instance source and material definitions.)

                      ------------------------------------------------------------------------------
2025-06-13 13:32:25     Matrix setup time        :	0 s
                        Degrees of freedom       :	39030
                        Number of mesh cells     :	5960

                        Stimulation port         :	Zmin
                        Mode number              :	1
                        Accuracy                 :	8.22624e-14
                        Iterations               :	1
                        Solver time              :	0 s


                      ------------------------------------------------------------------------------
2025-06-13 13:32:25   23% of all mesh edges seem to be longer than expected. The adaptive mesh refinement's growth limitation will therefore 
                      use 14424 instead of 3762 mesh cells as a reference.

                      ------------------------------------------------------------------------------
2025-06-13 13:32:25   The wavelength based mesh refinement has been applied to 0.1% of all mesh edges.

                      ------------------------------------------------------------------------------
2025-06-13 13:32:26   Adaptive mesh refinement pass 2

                      ------------------------------------------------------------------------------
2025-06-13 13:32:29     Matrix setup time        :	0 s
                        Solver setup             :	2 s
                        Degrees of freedom       :	82212
                        Number of mesh cells     :	12729

                        Stimulation port         :	Zmin
                        Mode number              :	1
                        Accuracy                 :	5.80079e-14
                        Iterations               :	1
                        Solver time              :	0 s


                      ------------------------------------------------------------------------------
2025-06-13 13:32:29     Delta calculation        
2025-06-13 13:32:29     All S-Parameters         :	0.0259364
2025-06-13 13:32:29   

                      ------------------------------------------------------------------------------
2025-06-13 13:32:31   For some elements the curvature had to be reduced to maintain the quality of the mesh. More...

                      ------------------------------------------------------------------------------
2025-06-13 13:32:31   Adaptive mesh refinement pass 3

                      ------------------------------------------------------------------------------
2025-06-13 13:32:37     Matrix setup time        :	0 s
                        Solver setup             :	5 s
                        Degrees of freedom       :	143750
                        Number of mesh cells     :	22355

                        Stimulation port         :	Zmin
                        Mode number              :	1
                        Accuracy                 :	2.37999e-14
                        Iterations               :	1
                        Solver time              :	0 s


                      ------------------------------------------------------------------------------
2025-06-13 13:32:37     Delta calculation        
2025-06-13 13:32:37     All S-Parameters         :	0.0139319
2025-06-13 13:32:37   

                      ------------------------------------------------------------------------------
2025-06-13 13:32:37   Mesh adaptation terminated because the desired accuracy limit is reached.

                      ------------------------------------------------------------------------------
2025-06-13 13:32:37   *** Warning ***

2025-06-13 13:32:37   At least one propagating Floquet mode is not considered at port Zmin. Please increase the number of modes at this port. 
                      More...

                      ------------------------------------------------------------------------------
2025-06-13 13:32:37   *** Warning ***

2025-06-13 13:32:37   At least one propagating Floquet mode is not considered at port Zmax. Please increase the number of modes at this port. 
                      More...

                      ------------------------------------------------------------------------------
2025-06-13 13:32:37     Total time               :	27 s

                      ------------------------------------------------------------------------------
2025-06-13 13:32:37   

                      ------------------------------------------------------------------------------
2025-06-13 13:32:37     Calculation 2 (Frequency: 20 GHz, Theta: 0, Phi: 0)


                      ------------------------------------------------------------------------------
2025-06-13 13:32:42     Matrix setup time        :	0 s
                        Solver setup             :	4 s
                        Degrees of freedom       :	143750
                        Number of mesh cells     :	22355

                        Stimulation port         :	Zmin
                        Mode number              :	1
                        Accuracy                 :	4.19445e-14
                        Iterations               :	1
                        Solver time              :	0 s


                      ------------------------------------------------------------------------------
2025-06-13 13:32:42     Total time               :	4 s

                      ------------------------------------------------------------------------------
2025-06-13 13:32:42   

                      ------------------------------------------------------------------------------
2025-06-13 13:32:42     Calculation 3 (Frequency: 26 GHz, Theta: 0, Phi: 0)


                      ------------------------------------------------------------------------------
2025-06-13 13:32:47     Matrix setup time        :	0 s
                        Solver setup             :	4 s
                        Degrees of freedom       :	143750
                        Number of mesh cells     :	22355

                        Stimulation port         :	Zmin
                        Mode number              :	1
                        Accuracy                 :	3.26821e-14
                        Iterations               :	1
                        Solver time              :	0 s


                      ------------------------------------------------------------------------------
2025-06-13 13:32:47     Total time               :	4 s

                      ------------------------------------------------------------------------------
2025-06-13 13:32:47   

                      ------------------------------------------------------------------------------
2025-06-13 13:32:47     Calculation 4 (Frequency: 29 GHz, Theta: 0, Phi: 0)


                      ------------------------------------------------------------------------------
2025-06-13 13:32:52     Matrix setup time        :	0 s
                        Solver setup             :	4 s
                        Degrees of freedom       :	143750
                        Number of mesh cells     :	22355

                        Stimulation port         :	Zmin
                        Mode number              :	1
                        Accuracy                 :	4.57183e-14
                        Iterations               :	1
                        Solver time              :	0 s


                      ------------------------------------------------------------------------------
2025-06-13 13:32:52     Total time               :	4 s

                      ------------------------------------------------------------------------------
2025-06-13 13:32:52   

                      ------------------------------------------------------------------------------
2025-06-13 13:32:52     Calculation 5 (Frequency: 23.408 GHz, Theta: 0, Phi: 0)


                      ------------------------------------------------------------------------------
2025-06-13 13:32:57     Matrix setup time        :	0 s
                        Solver setup             :	4 s
                        Degrees of freedom       :	143750
                        Number of mesh cells     :	22355

                        Stimulation port         :	Zmin
                        Mode number              :	1
                        Accuracy                 :	3.92628e-14
                        Iterations               :	1
                        Solver time              :	0 s


                      ------------------------------------------------------------------------------
2025-06-13 13:32:57     Total time               :	5 s

                      ------------------------------------------------------------------------------
2025-06-13 13:32:57   

                      ------------------------------------------------------------------------------
2025-06-13 13:32:57     Calculation 6 (Frequency: 27.38 GHz, Theta: 0, Phi: 0)


                      ------------------------------------------------------------------------------
2025-06-13 13:33:03     Matrix setup time        :	0 s
                        Solver setup             :	4 s
                        Degrees of freedom       :	143750
                        Number of mesh cells     :	22355

                        Stimulation port         :	Zmin
                        Mode number              :	1
                        Accuracy                 :	3.06469e-14
                        Iterations               :	1
                        Solver time              :	0 s


                      ------------------------------------------------------------------------------
2025-06-13 13:33:03     Total time               :	5 s

                      ------------------------------------------------------------------------------
2025-06-13 13:33:03   

                      ------------------------------------------------------------------------------
2025-06-13 13:33:03     Calculation 7 (Frequency: 24.644 GHz, Theta: 0, Phi: 0)


                      ------------------------------------------------------------------------------
2025-06-13 13:33:08     Matrix setup time        :	0 s
                        Solver setup             :	4 s
                        Degrees of freedom       :	143750
                        Number of mesh cells     :	22355

                        Stimulation port         :	Zmin
                        Mode number              :	1
                        Accuracy                 :	6.98802e-14
                        Iterations               :	1
                        Solver time              :	0 s


                      ------------------------------------------------------------------------------
2025-06-13 13:33:08     Total time               :	5 s

                      ------------------------------------------------------------------------------
2025-06-13 13:33:08   

                      ------------------------------------------------------------------------------
2025-06-13 13:33:08     Calculation 8 (Frequency: 27.92 GHz, Theta: 0, Phi: 0)


                      ------------------------------------------------------------------------------
2025-06-13 13:33:13     Matrix setup time        :	0 s
                        Solver setup             :	4 s
                        Degrees of freedom       :	143750
                        Number of mesh cells     :	22355

                        Stimulation port         :	Zmin
                        Mode number              :	1
                        Accuracy                 :	3.80265e-14
                        Iterations               :	1
                        Solver time              :	0 s


                      ------------------------------------------------------------------------------
2025-06-13 13:33:14     Total time               :	5 s

                      ------------------------------------------------------------------------------
2025-06-13 13:33:14   

                      ------------------------------------------------------------------------------
2025-06-13 13:33:14     Calculation 9 (Frequency: 27.068 GHz, Theta: 0, Phi: 0)


                      ------------------------------------------------------------------------------
2025-06-13 13:33:19     Matrix setup time        :	0 s
                        Solver setup             :	4 s
                        Degrees of freedom       :	143750
                        Number of mesh cells     :	22355

                        Stimulation port         :	Zmin
                        Mode number              :	1
                        Accuracy                 :	3.61395e-14
                        Iterations               :	1
                        Solver time              :	0 s


                      ------------------------------------------------------------------------------
2025-06-13 13:33:19     Total time               :	5 s

                      ------------------------------------------------------------------------------
2025-06-13 13:33:19   

                      ------------------------------------------------------------------------------
2025-06-13 13:33:19     Calculation 10 (Frequency: 27.62 GHz, Theta: 0, Phi: 0)


                      ------------------------------------------------------------------------------
2025-06-13 13:33:24     Matrix setup time        :	0 s
                        Solver setup             :	4 s
                        Degrees of freedom       :	143750
                        Number of mesh cells     :	22355

                        Stimulation port         :	Zmin
                        Mode number              :	1
                        Accuracy                 :	3.89358e-14
                        Iterations               :	1
                        Solver time              :	0 s


                      ------------------------------------------------------------------------------
2025-06-13 13:33:24     Total time               :	5 s

                      ------------------------------------------------------------------------------
2025-06-13 13:33:24   

                      ------------------------------------------------------------------------------
2025-06-13 13:33:24     Calculation 11 (Frequency: 26.624 GHz, Theta: 0, Phi: 0)


                      ------------------------------------------------------------------------------
2025-06-13 13:33:29     Matrix setup time        :	0 s
                        Solver setup             :	4 s
                        Degrees of freedom       :	143750
                        Number of mesh cells     :	22355

                        Stimulation port         :	Zmin
                        Mode number              :	1
                        Accuracy                 :	3.66167e-14
                        Iterations               :	1
                        Solver time              :	0 s


                      ------------------------------------------------------------------------------
2025-06-13 13:33:29     Total time               :	5 s

                      ------------------------------------------------------------------------------
2025-06-13 13:33:29   

                      ------------------------------------------------------------------------------
2025-06-13 13:33:29     Calculation 12 (Frequency: 29.456 GHz, Theta: 0, Phi: 0)


                      ------------------------------------------------------------------------------
2025-06-13 13:33:35     Matrix setup time        :	0 s
                        Solver setup             :	4 s
                        Degrees of freedom       :	143750
                        Number of mesh cells     :	22355

                        Stimulation port         :	Zmin
                        Mode number              :	1
                        Accuracy                 :	4.45175e-14
                        Iterations               :	1
                        Solver time              :	0 s


                      ------------------------------------------------------------------------------
2025-06-13 13:33:35     Total time               :	5 s

                      ------------------------------------------------------------------------------
2025-06-13 13:33:35   

                      ------------------------------------------------------------------------------
2025-06-13 13:33:35     Calculation 13 (Frequency: 28.628 GHz, Theta: 0, Phi: 0)


                      ------------------------------------------------------------------------------
2025-06-13 13:33:40     Matrix setup time        :	0 s
                        Solver setup             :	4 s
                        Degrees of freedom       :	143750
                        Number of mesh cells     :	22355

                        Stimulation port         :	Zmin
                        Mode number              :	1
                        Accuracy                 :	4.32761e-14
                        Iterations               :	1
                        Solver time              :	0 s


                      ------------------------------------------------------------------------------
2025-06-13 13:33:40     Total time               :	5 s

                      ------------------------------------------------------------------------------
2025-06-13 13:33:40   

                      ------------------------------------------------------------------------------
2025-06-13 13:33:40     Calculation 14 (Frequency: 29.36 GHz, Theta: 0, Phi: 0)


                      ------------------------------------------------------------------------------
2025-06-13 13:33:45     Matrix setup time        :	0 s
                        Solver setup             :	4 s
                        Degrees of freedom       :	143750
                        Number of mesh cells     :	22355

                        Stimulation port         :	Zmin
                        Mode number              :	1
                        Accuracy                 :	4.41022e-14
                        Iterations               :	1
                        Solver time              :	0 s


                      ------------------------------------------------------------------------------
2025-06-13 13:33:45     Total time               :	5 s

                      ------------------------------------------------------------------------------
2025-06-13 13:33:45   

                      ------------------------------------------------------------------------------
2025-06-13 13:33:45     Calculation 15 (Frequency: 30.548 GHz, Theta: 0, Phi: 0)


                      ------------------------------------------------------------------------------
2025-06-13 13:33:50     Matrix setup time        :	0 s
                        Solver setup             :	4 s
                        Degrees of freedom       :	143750
                        Number of mesh cells     :	22355

                        Stimulation port         :	Zmin
                        Mode number              :	1
                        Accuracy                 :	3.91334e-14
                        Iterations               :	1
                        Solver time              :	0 s


                      ------------------------------------------------------------------------------
2025-06-13 13:33:51     Total time               :	5 s

                      ------------------------------------------------------------------------------
2025-06-13 13:33:51   

                      ------------------------------------------------------------------------------
2025-06-13 13:33:51     Calculation 16 (Frequency: 28.304 GHz, Theta: 0, Phi: 0)


                      ------------------------------------------------------------------------------
2025-06-13 13:33:56     Matrix setup time        :	0 s
                        Solver setup             :	4 s
                        Degrees of freedom       :	143750
                        Number of mesh cells     :	22355

                        Stimulation port         :	Zmin
                        Mode number              :	1
                        Accuracy                 :	4.16111e-14
                        Iterations               :	1
                        Solver time              :	0 s


                      ------------------------------------------------------------------------------
2025-06-13 13:33:56     Total time               :	5 s

                      ------------------------------------------------------------------------------
2025-06-13 13:33:56   

                      ------------------------------------------------------------------------------
2025-06-13 13:33:56     Calculation 17 (Frequency: 31.376 GHz, Theta: 0, Phi: 0)


                      ------------------------------------------------------------------------------
2025-06-13 13:34:02     Matrix setup time        :	0 s
                        Solver setup             :	5 s
                        Degrees of freedom       :	143750
                        Number of mesh cells     :	22355

                        Stimulation port         :	Zmin
                        Mode number              :	1
                        Accuracy                 :	2.49392e-14
                        Iterations               :	1
                        Solver time              :	0 s


                      ------------------------------------------------------------------------------
2025-06-13 13:34:02     Total time               :	5 s

                      ------------------------------------------------------------------------------
2025-06-13 13:34:02   

                      ------------------------------------------------------------------------------
2025-06-13 13:34:02     Calculation 18 (Frequency: 30.26 GHz, Theta: 0, Phi: 0)


                      ------------------------------------------------------------------------------
2025-06-13 13:34:07     Matrix setup time        :	0 s
                        Solver setup             :	4 s
                        Degrees of freedom       :	143750
                        Number of mesh cells     :	22355

                        Stimulation port         :	Zmin
                        Mode number              :	1
                        Accuracy                 :	4.068e-14
                        Iterations               :	1
                        Solver time              :	0 s


                      ------------------------------------------------------------------------------
2025-06-13 13:34:07     Total time               :	5 s

                      ------------------------------------------------------------------------------
2025-06-13 13:34:07   

                      ------------------------------------------------------------------------------
2025-06-13 13:34:07     Calculation 19 (Frequency: 30.86 GHz, Theta: 0, Phi: 0)


                      ------------------------------------------------------------------------------
2025-06-13 13:34:13     Matrix setup time        :	0 s
                        Solver setup             :	4 s
                        Degrees of freedom       :	143750
                        Number of mesh cells     :	22355

                        Stimulation port         :	Zmin
                        Mode number              :	1
                        Accuracy                 :	3.09729e-14
                        Iterations               :	1
                        Solver time              :	0 s


                      ------------------------------------------------------------------------------
2025-06-13 13:34:13     Total time               :	5 s

                      ------------------------------------------------------------------------------
2025-06-13 13:34:13   

                      ------------------------------------------------------------------------------
2025-06-13 13:34:13     Calculation 20 (Frequency: 21.44 GHz, Theta: 0, Phi: 0)


                      ------------------------------------------------------------------------------
2025-06-13 13:34:18     Matrix setup time        :	0 s
                        Solver setup             :	4 s
                        Degrees of freedom       :	143750
                        Number of mesh cells     :	22355

                        Stimulation port         :	Zmin
                        Mode number              :	1
                        Accuracy                 :	5.27714e-14
                        Iterations               :	1
                        Solver time              :	0 s


                      ------------------------------------------------------------------------------
2025-06-13 13:34:19     Total time               :	5 s

                      ------------------------------------------------------------------------------
2025-06-13 13:34:19   

                      ------------------------------------------------------------------------------
2025-06-13 13:34:19     Calculation 21 (Frequency: 23.876 GHz, Theta: 0, Phi: 0)


                      ------------------------------------------------------------------------------
2025-06-13 13:34:24     Matrix setup time        :	0 s
                        Solver setup             :	5 s
                        Degrees of freedom       :	143750
                        Number of mesh cells     :	22355

                        Stimulation port         :	Zmin
                        Mode number              :	1
                        Accuracy                 :	4.35031e-14
                        Iterations               :	1
                        Solver time              :	0 s


                      ------------------------------------------------------------------------------
2025-06-13 13:34:24     Total time               :	5 s

                      ------------------------------------------------------------------------------
2025-06-13 13:34:24   

                      ------------------------------------------------------------------------------
2025-06-13 13:34:24     Calculation 22 (Frequency: 21.356 GHz, Theta: 0, Phi: 0)


                      ------------------------------------------------------------------------------
2025-06-13 13:34:30     Matrix setup time        :	0 s
                        Solver setup             :	5 s
                        Degrees of freedom       :	143750
                        Number of mesh cells     :	22355

                        Stimulation port         :	Zmin
                        Mode number              :	1
                        Accuracy                 :	5.40852e-14
                        Iterations               :	1
                        Solver time              :	0 s


                      ------------------------------------------------------------------------------
2025-06-13 13:34:30     Total time               :	5 s

                      ------------------------------------------------------------------------------
2025-06-13 13:34:30   

                      ------------------------------------------------------------------------------
2025-06-13 13:34:30     Calculation 23 (Frequency: 23.792 GHz, Theta: 0, Phi: 0)


                      ------------------------------------------------------------------------------
2025-06-13 13:34:36     Matrix setup time        :	0 s
                        Solver setup             :	4 s
                        Degrees of freedom       :	143750
                        Number of mesh cells     :	22355

                        Stimulation port         :	Zmin
                        Mode number              :	1
                        Accuracy                 :	5.57515e-14
                        Iterations               :	1
                        Solver time              :	0 s


                      ------------------------------------------------------------------------------
2025-06-13 13:34:36     Total time               :	5 s

                      ------------------------------------------------------------------------------
2025-06-13 13:34:36   

                      ------------------------------------------------------------------------------
2025-06-13 13:34:36     Calculation 24 (Frequency: 20.828 GHz, Theta: 0, Phi: 0)


                      ------------------------------------------------------------------------------
2025-06-13 13:34:41     Matrix setup time        :	0 s
                        Solver setup             :	4 s
                        Degrees of freedom       :	143750
                        Number of mesh cells     :	22355

                        Stimulation port         :	Zmin
                        Mode number              :	1
                        Accuracy                 :	3.89035e-14
                        Iterations               :	1
                        Solver time              :	0 s


                      ------------------------------------------------------------------------------
2025-06-13 13:34:42     Total time               :	5 s

                      ------------------------------------------------------------------------------
2025-06-13 13:34:42   

                      ------------------------------------------------------------------------------
2025-06-13 13:34:42     Calculation 25 (Frequency: 22.1 GHz, Theta: 0, Phi: 0)


                      ------------------------------------------------------------------------------
2025-06-13 13:34:47     Matrix setup time        :	0 s
                        Solver setup             :	4 s
                        Degrees of freedom       :	143750
                        Number of mesh cells     :	22355

                        Stimulation port         :	Zmin
                        Mode number              :	1
                        Accuracy                 :	5.71806e-14
                        Iterations               :	1
                        Solver time              :	0 s


                      ------------------------------------------------------------------------------
2025-06-13 13:34:47     Total time               :	5 s

                      ------------------------------------------------------------------------------
2025-06-13 13:34:47   

                      ------------------------------------------------------------------------------
2025-06-13 13:34:47     Calculation 26 (Frequency: 20.372 GHz, Theta: 0, Phi: 0)


                      ------------------------------------------------------------------------------
2025-06-13 13:34:52     Matrix setup time        :	0 s
                        Solver setup             :	4 s
                        Degrees of freedom       :	143750
                        Number of mesh cells     :	22355

                        Stimulation port         :	Zmin
                        Mode number              :	1
                        Accuracy                 :	4.03025e-14
                        Iterations               :	1
                        Solver time              :	0 s


                      ------------------------------------------------------------------------------
2025-06-13 13:34:52     Total time               :	5 s

                      ------------------------------------------------------------------------------
2025-06-13 13:34:52   

                      ------------------------------------------------------------------------------
2025-06-13 13:34:52     Calculation 27 (Frequency: 22.436 GHz, Theta: 0, Phi: 0)


                      ------------------------------------------------------------------------------
2025-06-13 13:34:57     Matrix setup time        :	0 s
                        Solver setup             :	4 s
                        Degrees of freedom       :	143750
                        Number of mesh cells     :	22355

                        Stimulation port         :	Zmin
                        Mode number              :	1
                        Accuracy                 :	5.23368e-14
                        Iterations               :	1
                        Solver time              :	0 s


                      ------------------------------------------------------------------------------
2025-06-13 13:34:58     Total time               :	5 s

                      ------------------------------------------------------------------------------
2025-06-13 13:34:58   

                      ------------------------------------------------------------------------------
2025-06-13 13:34:58     Calculation 28 (Frequency: 21.92 GHz, Theta: 0, Phi: 0)


                      ------------------------------------------------------------------------------
2025-06-13 13:35:03     Matrix setup time        :	0 s
                        Solver setup             :	4 s
                        Degrees of freedom       :	143750
                        Number of mesh cells     :	22355

                        Stimulation port         :	Zmin
                        Mode number              :	1
                        Accuracy                 :	5.61834e-14
                        Iterations               :	1
                        Solver time              :	0 s


                      ------------------------------------------------------------------------------
2025-06-13 13:35:03     Total time               :	5 s

                      ------------------------------------------------------------------------------
2025-06-13 13:35:03   

                      ------------------------------------------------------------------------------
2025-06-13 13:35:03     Calculation 29 (Frequency: 24.896 GHz, Theta: 0, Phi: 0)


                      ------------------------------------------------------------------------------
2025-06-13 13:35:08     Matrix setup time        :	0 s
                        Solver setup             :	4 s
                        Degrees of freedom       :	143750
                        Number of mesh cells     :	22355

                        Stimulation port         :	Zmin
                        Mode number              :	1
                        Accuracy                 :	2.57144e-14
                        Iterations               :	1
                        Solver time              :	0 s


                      ------------------------------------------------------------------------------
2025-06-13 13:35:08     Total time               :	5 s

                      ------------------------------------------------------------------------------
2025-06-13 13:35:08   

                      ------------------------------------------------------------------------------
2025-06-13 13:35:08   Finished the general purpose interpolative broadband frequency sweep:
                      All broadband sweep convergence criteria have been satisfied after
                      calculating 29 frequency samples:

                        Broadband sweep error threshold value :  0.01 (All S-Parameters) 
                        Number of error criterion checks      :  2 (All S-Parameters) 
                        Minimum number of samples             :  3
                        Number of data samples, linear        :  1001

                      ------------------------------------------------------------------------------
2025-06-13 13:35:08     Number of mesh cells     :	22355
                        Degrees of freedom       :	142548
                        Total Solver Time        :	179 s	 (= 0 h, 02 m, 59 s)
                      ================================================================================



                      ------------------------------------------------------------------------------
2025-06-13 13:35:08     ----------------------------------------------------------------------------
                                            Peak memory used (kB)         Free physical memory (kB) 
                                                                          At begin     Minimum      
                        ----------------------------------------------------------------------------
                        Solver start        22204                         9227368      9227244      
                        Eq. system setup    2548820                       9221424      7908168      
                        Eq. system solve    2548820                       9178420      6180064      
                        Mesh refinement     1582400                       8949708      8634676      
                        Solver run total    2548820                       9227372      6180064      

                        Computer name       Tahsin
                        ----------------------------------------------------------------------------


                      ------------------------------------------------------------------------------
2025-06-13 13:35:08   Running postprocessing.

                      ------------------------------------------------------------------------------
2025-06-13 13:35:09   Postprocessing finished.

                      ------------------------------------------------------------------------------
