2025-06-15 20:09:19   *** Warning ***

                      Electric isotropic material [Copper (pure)] has a very high conductivity for
                      the given mesh. Depending on your configuration it may be better to use a lossy
                      metal type for this material. More...

                      ------------------------------------------------------------------------------
2025-06-15 20:09:19   In order to get an optimal performance, hyperthreading is ignored for parallel
                      computations.

                      ------------------------------------------------------------------------------
2025-06-15 20:09:21   Units settings: 

                        Dimensions: mm
                        Frequency:  GHz
                        Time:       s

                      ------------------------------------------------------------------------------
2025-06-15 20:09:21   Boundary conditions: 

                        YZsymmetry: none
                        XZsymmetry: none
                        XYsymmetry: none

                        Xmin: unit cell
                        Xmax: unit cell

                        Ymin: unit cell
                        Ymax: unit cell

                        Zmin: expanded open
                        Zmax: expanded open

                      ------------------------------------------------------------------------------
2025-06-15 20:09:21   Order settings: 

                        Solver order   : 2nd (constant)
                        Curved elements: up to order 3 (automatic)

                      ------------------------------------------------------------------------------
2025-06-15 20:09:21   An iterative solver will be used first.

                      ------------------------------------------------------------------------------
2025-06-15 20:09:21     Mesh time                :	1 s


                      ------------------------------------------------------------------------------
2025-06-15 20:09:21   
                      ================================================================================
                      Frequency Domain Solver calculation cycle started

                      ------------------------------------------------------------------------------
2025-06-15 20:09:21   Solver started at: 2025-06-15 20:09:21 +0800

                        Module:  Frequency Domain: S-Parameter (Win 64)
                        Version: 2024.1 Release from 2023-10-16 (change 1181985)

                      ------------------------------------------------------------------------------
2025-06-15 20:09:21   The low frequency stabilization is not applied to periodic problems.

                      ------------------------------------------------------------------------------
2025-06-15 20:09:21     Calculation 1 of 1 (Frequency: 32 GHz, Theta: 0, Phi: 0)


                      ------------------------------------------------------------------------------
2025-06-15 20:09:21   The wavelength based mesh refinement has been applied to 6.7% of all mesh edges.

                      ------------------------------------------------------------------------------
2025-06-15 20:09:22   Adaptive mesh refinement pass 1

                      ------------------------------------------------------------------------------
2025-06-15 20:09:30   *** Warning ***

2025-06-15 20:09:30   Detected possible stagnation of the iterative solver (4.262747e-02 after 250 iterations.)
                      Please consider aborting the solver run, and check your simulation setup.  More...

                      ------------------------------------------------------------------------------
2025-06-15 20:09:38   *** Warning ***

2025-06-15 20:09:38   The solver stopped because the maximum number of iterations (500, used for automatic solver choice) has been reached.

                      ------------------------------------------------------------------------------
2025-06-15 20:09:38   Solving again, but with the direct solver. Please consider forcing the direct solver in the solver special settings, and
                      check your simulation setup (for instance source and material definitions.)

                      ------------------------------------------------------------------------------
2025-06-15 20:09:39     Matrix setup time        :	0 s
                        Degrees of freedom       :	45410
                        Number of mesh cells     :	6908

                        Stimulation port         :	Zmin
                        Mode number              :	1
                        Accuracy                 :	5.9566e-14
                        Iterations               :	1
                        Solver time              :	0 s


                      ------------------------------------------------------------------------------
2025-06-15 20:09:39   20% of all mesh edges seem to be longer than expected. The adaptive mesh refinement's growth limitation will therefore 
                      use 15436 instead of 4429 mesh cells as a reference.

                      ------------------------------------------------------------------------------
2025-06-15 20:09:40   The wavelength based mesh refinement has been applied to 0.5% of all mesh edges.

                      ------------------------------------------------------------------------------
2025-06-15 20:09:40   Adaptive mesh refinement pass 2

                      ------------------------------------------------------------------------------
2025-06-15 20:09:43     Matrix setup time        :	0 s
                        Solver setup             :	2 s
                        Degrees of freedom       :	81320
                        Number of mesh cells     :	12549

                        Stimulation port         :	Zmin
                        Mode number              :	1
                        Accuracy                 :	4.46607e-14
                        Iterations               :	1
                        Solver time              :	0 s


                      ------------------------------------------------------------------------------
2025-06-15 20:09:43     Delta calculation        
2025-06-15 20:09:43     All S-Parameters         :	0.12484
2025-06-15 20:09:43   

                      ------------------------------------------------------------------------------
2025-06-15 20:09:45   Adaptive mesh refinement pass 3

                      ------------------------------------------------------------------------------
2025-06-15 20:09:50     Matrix setup time        :	0 s
                        Solver setup             :	4 s
                        Degrees of freedom       :	145224
                        Number of mesh cells     :	22524

                        Stimulation port         :	Zmin
                        Mode number              :	1
                        Accuracy                 :	3.71432e-14
                        Iterations               :	1
                        Solver time              :	0 s


                      ------------------------------------------------------------------------------
2025-06-15 20:09:51     Delta calculation        
2025-06-15 20:09:51     All S-Parameters         :	0.0450073
2025-06-15 20:09:51   

                      ------------------------------------------------------------------------------
2025-06-15 20:09:53   Adaptive mesh refinement pass 4

                      ------------------------------------------------------------------------------
2025-06-15 20:10:05     Matrix setup time        :	0 s
                        Solver setup             :	11 s
                        Degrees of freedom       :	242932
                        Number of mesh cells     :	37704

                        Stimulation port         :	Zmin
                        Mode number              :	1
                        Accuracy                 :	3.67419e-14
                        Iterations               :	1
                        Solver time              :	0 s


                      ------------------------------------------------------------------------------
2025-06-15 20:10:05     Delta calculation        
2025-06-15 20:10:05     All S-Parameters         :	0.00681223
2025-06-15 20:10:05   

                      ------------------------------------------------------------------------------
2025-06-15 20:10:05   Mesh adaptation terminated because the desired accuracy limit is reached.

                      ------------------------------------------------------------------------------
2025-06-15 20:10:06   *** Warning ***

2025-06-15 20:10:06   At least one propagating Floquet mode is not considered at port Zmin. Please increase the number of modes at this port. 
                      More...

                      ------------------------------------------------------------------------------
2025-06-15 20:10:06   *** Warning ***

2025-06-15 20:10:06   At least one propagating Floquet mode is not considered at port Zmax. Please increase the number of modes at this port. 
                      More...

                      ------------------------------------------------------------------------------
2025-06-15 20:10:06     Total time               :	44 s

                      ------------------------------------------------------------------------------
2025-06-15 20:10:06   

                      ------------------------------------------------------------------------------
2025-06-15 20:10:06     Calculation 2 (Frequency: 20 GHz, Theta: 0, Phi: 0)


                      ------------------------------------------------------------------------------
2025-06-15 20:10:16     Matrix setup time        :	0 s
                        Solver setup             :	9 s
                        Degrees of freedom       :	242932
                        Number of mesh cells     :	37704

                        Stimulation port         :	Zmin
                        Mode number              :	1
                        Accuracy                 :	7.13241e-14
                        Iterations               :	1
                        Solver time              :	0 s


                      ------------------------------------------------------------------------------
2025-06-15 20:10:16     Total time               :	10 s

                      ------------------------------------------------------------------------------
2025-06-15 20:10:16   

                      ------------------------------------------------------------------------------
2025-06-15 20:10:16     Calculation 3 (Frequency: 26 GHz, Theta: 0, Phi: 0)


                      ------------------------------------------------------------------------------
2025-06-15 20:10:26     Matrix setup time        :	0 s
                        Solver setup             :	9 s
                        Degrees of freedom       :	242932
                        Number of mesh cells     :	37704

                        Stimulation port         :	Zmin
                        Mode number              :	1
                        Accuracy                 :	2.84701e-14
                        Iterations               :	1
                        Solver time              :	0 s


                      ------------------------------------------------------------------------------
2025-06-15 20:10:26     Total time               :	10 s

                      ------------------------------------------------------------------------------
2025-06-15 20:10:26   

                      ------------------------------------------------------------------------------
2025-06-15 20:10:26     Calculation 4 (Frequency: 29 GHz, Theta: 0, Phi: 0)


                      ------------------------------------------------------------------------------
2025-06-15 20:10:36     Matrix setup time        :	0 s
                        Solver setup             :	9 s
                        Degrees of freedom       :	242932
                        Number of mesh cells     :	37704

                        Stimulation port         :	Zmin
                        Mode number              :	1
                        Accuracy                 :	3.85547e-14
                        Iterations               :	1
                        Solver time              :	0 s


                      ------------------------------------------------------------------------------
2025-06-15 20:10:36     Total time               :	9 s

                      ------------------------------------------------------------------------------
2025-06-15 20:10:36   

                      ------------------------------------------------------------------------------
2025-06-15 20:10:36     Calculation 5 (Frequency: 24.02 GHz, Theta: 0, Phi: 0)


                      ------------------------------------------------------------------------------
2025-06-15 20:10:46     Matrix setup time        :	0 s
                        Solver setup             :	8 s
                        Degrees of freedom       :	242932
                        Number of mesh cells     :	37704

                        Stimulation port         :	Zmin
                        Mode number              :	1
                        Accuracy                 :	2.73037e-14
                        Iterations               :	1
                        Solver time              :	0 s


                      ------------------------------------------------------------------------------
2025-06-15 20:10:46     Total time               :	9 s

                      ------------------------------------------------------------------------------
2025-06-15 20:10:46   

                      ------------------------------------------------------------------------------
2025-06-15 20:10:46     Calculation 6 (Frequency: 31.076 GHz, Theta: 0, Phi: 0)


                      ------------------------------------------------------------------------------
2025-06-15 20:10:56     Matrix setup time        :	0 s
                        Solver setup             :	9 s
                        Degrees of freedom       :	242932
                        Number of mesh cells     :	37704

                        Stimulation port         :	Zmin
                        Mode number              :	1
                        Accuracy                 :	3.56965e-14
                        Iterations               :	1
                        Solver time              :	0 s


                      ------------------------------------------------------------------------------
2025-06-15 20:10:56     Total time               :	9 s

                      ------------------------------------------------------------------------------
2025-06-15 20:10:56   

                      ------------------------------------------------------------------------------
2025-06-15 20:10:56     Calculation 7 (Frequency: 25.364 GHz, Theta: 0, Phi: 0)


                      ------------------------------------------------------------------------------
2025-06-15 20:11:06     Matrix setup time        :	0 s
                        Solver setup             :	9 s
                        Degrees of freedom       :	242932
                        Number of mesh cells     :	37704

                        Stimulation port         :	Zmin
                        Mode number              :	1
                        Accuracy                 :	2.36077e-14
                        Iterations               :	1
                        Solver time              :	0 s


                      ------------------------------------------------------------------------------
2025-06-15 20:11:06     Total time               :	10 s

                      ------------------------------------------------------------------------------
2025-06-15 20:11:06   

                      ------------------------------------------------------------------------------
2025-06-15 20:11:06     Calculation 8 (Frequency: 22.592 GHz, Theta: 0, Phi: 0)


                      ------------------------------------------------------------------------------
2025-06-15 20:11:16     Matrix setup time        :	0 s
                        Solver setup             :	9 s
                        Degrees of freedom       :	242932
                        Number of mesh cells     :	37704

                        Stimulation port         :	Zmin
                        Mode number              :	1
                        Accuracy                 :	2.26627e-14
                        Iterations               :	1
                        Solver time              :	0 s


                      ------------------------------------------------------------------------------
2025-06-15 20:11:17     Total time               :	10 s

                      ------------------------------------------------------------------------------
2025-06-15 20:11:17   

                      ------------------------------------------------------------------------------
2025-06-15 20:11:17     Calculation 9 (Frequency: 24.908 GHz, Theta: 0, Phi: 0)


                      ------------------------------------------------------------------------------
2025-06-15 20:11:27     Matrix setup time        :	0 s
                        Solver setup             :	9 s
                        Degrees of freedom       :	242932
                        Number of mesh cells     :	37704

                        Stimulation port         :	Zmin
                        Mode number              :	1
                        Accuracy                 :	2.06054e-14
                        Iterations               :	1
                        Solver time              :	0 s


                      ------------------------------------------------------------------------------
2025-06-15 20:11:27     Total time               :	10 s

                      ------------------------------------------------------------------------------
2025-06-15 20:11:27   

                      ------------------------------------------------------------------------------
2025-06-15 20:11:27     Calculation 10 (Frequency: 21.584 GHz, Theta: 0, Phi: 0)


                      ------------------------------------------------------------------------------
2025-06-15 20:11:37     Matrix setup time        :	0 s
                        Solver setup             :	9 s
                        Degrees of freedom       :	242932
                        Number of mesh cells     :	37704

                        Stimulation port         :	Zmin
                        Mode number              :	1
                        Accuracy                 :	2.54437e-14
                        Iterations               :	1
                        Solver time              :	0 s


                      ------------------------------------------------------------------------------
2025-06-15 20:11:37     Total time               :	10 s

                      ------------------------------------------------------------------------------
2025-06-15 20:11:37   

                      ------------------------------------------------------------------------------
2025-06-15 20:11:37     Calculation 11 (Frequency: 24.128 GHz, Theta: 0, Phi: 0)


                      ------------------------------------------------------------------------------
2025-06-15 20:11:47     Matrix setup time        :	0 s
                        Solver setup             :	9 s
                        Degrees of freedom       :	242932
                        Number of mesh cells     :	37704

                        Stimulation port         :	Zmin
                        Mode number              :	1
                        Accuracy                 :	2.7914e-14
                        Iterations               :	1
                        Solver time              :	0 s


                      ------------------------------------------------------------------------------
2025-06-15 20:11:47     Total time               :	10 s

                      ------------------------------------------------------------------------------
2025-06-15 20:11:47   

                      ------------------------------------------------------------------------------
2025-06-15 20:11:47     Calculation 12 (Frequency: 23.732 GHz, Theta: 0, Phi: 0)


                      ------------------------------------------------------------------------------
2025-06-15 20:11:58     Matrix setup time        :	0 s
                        Solver setup             :	9 s
                        Degrees of freedom       :	242932
                        Number of mesh cells     :	37704

                        Stimulation port         :	Zmin
                        Mode number              :	1
                        Accuracy                 :	5.45205e-14
                        Iterations               :	1
                        Solver time              :	0 s


                      ------------------------------------------------------------------------------
2025-06-15 20:11:58     Total time               :	10 s

                      ------------------------------------------------------------------------------
2025-06-15 20:11:58   

                      ------------------------------------------------------------------------------
2025-06-15 20:11:58     Calculation 13 (Frequency: 24.5 GHz, Theta: 0, Phi: 0)


                      ------------------------------------------------------------------------------
2025-06-15 20:12:08     Matrix setup time        :	0 s
                        Solver setup             :	9 s
                        Degrees of freedom       :	242932
                        Number of mesh cells     :	37704

                        Stimulation port         :	Zmin
                        Mode number              :	1
                        Accuracy                 :	2.73997e-14
                        Iterations               :	1
                        Solver time              :	0 s


                      ------------------------------------------------------------------------------
2025-06-15 20:12:08     Total time               :	10 s

                      ------------------------------------------------------------------------------
2025-06-15 20:12:08   

                      ------------------------------------------------------------------------------
2025-06-15 20:12:08     Calculation 14 (Frequency: 26.468 GHz, Theta: 0, Phi: 0)


                      ------------------------------------------------------------------------------
2025-06-15 20:12:18     Matrix setup time        :	0 s
                        Solver setup             :	9 s
                        Degrees of freedom       :	242932
                        Number of mesh cells     :	37704

                        Stimulation port         :	Zmin
                        Mode number              :	1
                        Accuracy                 :	2.53356e-14
                        Iterations               :	1
                        Solver time              :	0 s


                      ------------------------------------------------------------------------------
2025-06-15 20:12:19     Total time               :	10 s

                      ------------------------------------------------------------------------------
2025-06-15 20:12:19   

                      ------------------------------------------------------------------------------
2025-06-15 20:12:19     Calculation 15 (Frequency: 31.82 GHz, Theta: 0, Phi: 0)


                      ------------------------------------------------------------------------------
2025-06-15 20:12:29     Matrix setup time        :	0 s
                        Solver setup             :	9 s
                        Degrees of freedom       :	242932
                        Number of mesh cells     :	37704

                        Stimulation port         :	Zmin
                        Mode number              :	1
                        Accuracy                 :	2.74626e-14
                        Iterations               :	1
                        Solver time              :	0 s


                      ------------------------------------------------------------------------------
2025-06-15 20:12:29     Total time               :	10 s

                      ------------------------------------------------------------------------------
2025-06-15 20:12:29   

                      ------------------------------------------------------------------------------
2025-06-15 20:12:29     Calculation 16 (Frequency: 26.768 GHz, Theta: 0, Phi: 0)


                      ------------------------------------------------------------------------------
2025-06-15 20:12:39     Matrix setup time        :	0 s
                        Solver setup             :	9 s
                        Degrees of freedom       :	242932
                        Number of mesh cells     :	37704

                        Stimulation port         :	Zmin
                        Mode number              :	1
                        Accuracy                 :	2.42782e-14
                        Iterations               :	1
                        Solver time              :	0 s


                      ------------------------------------------------------------------------------
2025-06-15 20:12:40     Total time               :	10 s

                      ------------------------------------------------------------------------------
2025-06-15 20:12:40   

                      ------------------------------------------------------------------------------
2025-06-15 20:12:40     Calculation 17 (Frequency: 30.176 GHz, Theta: 0, Phi: 0)


                      ------------------------------------------------------------------------------
2025-06-15 20:12:50     Matrix setup time        :	0 s
                        Solver setup             :	9 s
                        Degrees of freedom       :	242932
                        Number of mesh cells     :	37704

                        Stimulation port         :	Zmin
                        Mode number              :	1
                        Accuracy                 :	3.30474e-14
                        Iterations               :	1
                        Solver time              :	0 s


                      ------------------------------------------------------------------------------
2025-06-15 20:12:50     Total time               :	10 s

                      ------------------------------------------------------------------------------
2025-06-15 20:12:50   

                      ------------------------------------------------------------------------------
2025-06-15 20:12:50     Calculation 18 (Frequency: 28.148 GHz, Theta: 0, Phi: 0)


                      ------------------------------------------------------------------------------
2025-06-15 20:13:01     Matrix setup time        :	0 s
                        Solver setup             :	9 s
                        Degrees of freedom       :	242932
                        Number of mesh cells     :	37704

                        Stimulation port         :	Zmin
                        Mode number              :	1
                        Accuracy                 :	2.77843e-14
                        Iterations               :	1
                        Solver time              :	0 s


                      ------------------------------------------------------------------------------
2025-06-15 20:13:01     Total time               :	10 s

                      ------------------------------------------------------------------------------
2025-06-15 20:13:01   

                      ------------------------------------------------------------------------------
2025-06-15 20:13:01     Calculation 19 (Frequency: 29.684 GHz, Theta: 0, Phi: 0)


                      ------------------------------------------------------------------------------
2025-06-15 20:13:11     Matrix setup time        :	0 s
                        Solver setup             :	9 s
                        Degrees of freedom       :	242932
                        Number of mesh cells     :	37704

                        Stimulation port         :	Zmin
                        Mode number              :	1
                        Accuracy                 :	4.27234e-14
                        Iterations               :	1
                        Solver time              :	0 s


                      ------------------------------------------------------------------------------
2025-06-15 20:13:11     Total time               :	10 s

                      ------------------------------------------------------------------------------
2025-06-15 20:13:11   

                      ------------------------------------------------------------------------------
2025-06-15 20:13:11     Calculation 20 (Frequency: 27.368 GHz, Theta: 0, Phi: 0)


                      ------------------------------------------------------------------------------
2025-06-15 20:13:22     Matrix setup time        :	0 s
                        Solver setup             :	9 s
                        Degrees of freedom       :	242932
                        Number of mesh cells     :	37704

                        Stimulation port         :	Zmin
                        Mode number              :	1
                        Accuracy                 :	1.86745e-14
                        Iterations               :	1
                        Solver time              :	0 s


                      ------------------------------------------------------------------------------
2025-06-15 20:13:22     Total time               :	10 s

                      ------------------------------------------------------------------------------
2025-06-15 20:13:22   

                      ------------------------------------------------------------------------------
2025-06-15 20:13:22     Calculation 21 (Frequency: 28.7 GHz, Theta: 0, Phi: 0)


                      ------------------------------------------------------------------------------
2025-06-15 20:13:32     Matrix setup time        :	0 s
                        Solver setup             :	9 s
                        Degrees of freedom       :	242932
                        Number of mesh cells     :	37704

                        Stimulation port         :	Zmin
                        Mode number              :	1
                        Accuracy                 :	3.92815e-14
                        Iterations               :	1
                        Solver time              :	0 s


                      ------------------------------------------------------------------------------
2025-06-15 20:13:33     Total time               :	10 s

                      ------------------------------------------------------------------------------
2025-06-15 20:13:33   

                      ------------------------------------------------------------------------------
2025-06-15 20:13:33     Calculation 22 (Frequency: 30.032 GHz, Theta: 0, Phi: 0)


                      ------------------------------------------------------------------------------
2025-06-15 20:13:43     Matrix setup time        :	0 s
                        Solver setup             :	9 s
                        Degrees of freedom       :	242932
                        Number of mesh cells     :	37704

                        Stimulation port         :	Zmin
                        Mode number              :	1
                        Accuracy                 :	3.266e-14
                        Iterations               :	1
                        Solver time              :	0 s


                      ------------------------------------------------------------------------------
2025-06-15 20:13:43     Total time               :	10 s

                      ------------------------------------------------------------------------------
2025-06-15 20:13:43   

                      ------------------------------------------------------------------------------
2025-06-15 20:13:43     Calculation 23 (Frequency: 27.908 GHz, Theta: 0, Phi: 0)


                      ------------------------------------------------------------------------------
2025-06-15 20:13:54     Matrix setup time        :	0 s
                        Solver setup             :	9 s
                        Degrees of freedom       :	242932
                        Number of mesh cells     :	37704

                        Stimulation port         :	Zmin
                        Mode number              :	1
                        Accuracy                 :	2.04903e-14
                        Iterations               :	1
                        Solver time              :	0 s


                      ------------------------------------------------------------------------------
2025-06-15 20:13:54     Total time               :	10 s

                      ------------------------------------------------------------------------------
2025-06-15 20:13:54   

                      ------------------------------------------------------------------------------
2025-06-15 20:13:54     Calculation 24 (Frequency: 23.264 GHz, Theta: 0, Phi: 0)


                      ------------------------------------------------------------------------------
2025-06-15 20:14:05     Matrix setup time        :	0 s
                        Solver setup             :	9 s
                        Degrees of freedom       :	242932
                        Number of mesh cells     :	37704

                        Stimulation port         :	Zmin
                        Mode number              :	1
                        Accuracy                 :	4.44302e-14
                        Iterations               :	1
                        Solver time              :	0 s


                      ------------------------------------------------------------------------------
2025-06-15 20:14:05     Total time               :	10 s

                      ------------------------------------------------------------------------------
2025-06-15 20:14:05   

                      ------------------------------------------------------------------------------
2025-06-15 20:14:05     Calculation 25 (Frequency: 26.984 GHz, Theta: 0, Phi: 0)


                      ------------------------------------------------------------------------------
2025-06-15 20:14:15     Matrix setup time        :	0 s
                        Solver setup             :	9 s
                        Degrees of freedom       :	242932
                        Number of mesh cells     :	37704

                        Stimulation port         :	Zmin
                        Mode number              :	1
                        Accuracy                 :	2.77358e-14
                        Iterations               :	1
                        Solver time              :	0 s


                      ------------------------------------------------------------------------------
2025-06-15 20:14:15     Total time               :	10 s

                      ------------------------------------------------------------------------------
2025-06-15 20:14:15   

                      ------------------------------------------------------------------------------
2025-06-15 20:14:15     Calculation 26 (Frequency: 23.036 GHz, Theta: 0, Phi: 0)


                      ------------------------------------------------------------------------------
2025-06-15 20:14:26     Matrix setup time        :	0 s
                        Solver setup             :	9 s
                        Degrees of freedom       :	242932
                        Number of mesh cells     :	37704

                        Stimulation port         :	Zmin
                        Mode number              :	1
                        Accuracy                 :	2.64906e-14
                        Iterations               :	1
                        Solver time              :	0 s


                      ------------------------------------------------------------------------------
2025-06-15 20:14:26     Total time               :	10 s

                      ------------------------------------------------------------------------------
2025-06-15 20:14:26   

                      ------------------------------------------------------------------------------
2025-06-15 20:14:26     Calculation 27 (Frequency: 22.28 GHz, Theta: 0, Phi: 0)


                      ------------------------------------------------------------------------------
2025-06-15 20:14:37     Matrix setup time        :	0 s
                        Solver setup             :	9 s
                        Degrees of freedom       :	242932
                        Number of mesh cells     :	37704

                        Stimulation port         :	Zmin
                        Mode number              :	1
                        Accuracy                 :	2.11911e-14
                        Iterations               :	1
                        Solver time              :	0 s


                      ------------------------------------------------------------------------------
2025-06-15 20:14:37     Total time               :	10 s

                      ------------------------------------------------------------------------------
2025-06-15 20:14:37   

                      ------------------------------------------------------------------------------
2025-06-15 20:14:37   Finished the general purpose interpolative broadband frequency sweep:
                      All broadband sweep convergence criteria have been satisfied after
                      calculating 27 frequency samples:

                        Broadband sweep error threshold value :  0.01 (All S-Parameters) 
                        Number of error criterion checks      :  2 (All S-Parameters) 
                        Minimum number of samples             :  3
                        Number of data samples, linear        :  1001

                      ------------------------------------------------------------------------------
2025-06-15 20:14:37     Number of mesh cells     :	37704
                        Degrees of freedom       :	241082
                        Total Solver Time        :	316 s	 (= 0 h, 05 m, 16 s)
                      ================================================================================



                      ------------------------------------------------------------------------------
2025-06-15 20:14:37     ----------------------------------------------------------------------------
                                            Peak memory used (kB)         Free physical memory (kB) 
                                                                          At begin     Minimum      
                        ----------------------------------------------------------------------------
                        Solver start        22300                         8758720      8757968      
                        Eq. system setup    3961360                       8756124      8010184      
                        Eq. system solve    3961360                       8702552      4896540      
                        Mesh refinement     2236820                       8521568      8274824      
                        Solver run total    3961360                       8758724      4896540      

                        Computer name       Tahsin
                        ----------------------------------------------------------------------------


                      ------------------------------------------------------------------------------
2025-06-15 20:14:37   Running postprocessing.

                      ------------------------------------------------------------------------------
2025-06-15 20:14:38   Postprocessing finished.

                      ------------------------------------------------------------------------------
