2025-06-14 01:01:27   *** Warning ***

                      Electric isotropic material [Copper (pure)] has a very high conductivity for
                      the given mesh. Depending on your configuration it may be better to use a lossy
                      metal type for this material. More...

                      ------------------------------------------------------------------------------
2025-06-14 01:01:27   In order to get an optimal performance, hyperthreading is ignored for parallel
                      computations.

                      ------------------------------------------------------------------------------
2025-06-14 01:01:29   Units settings: 

                        Dimensions: mm
                        Frequency:  GHz
                        Time:       s

                      ------------------------------------------------------------------------------
2025-06-14 01:01:29   Boundary conditions: 

                        YZsymmetry: none
                        XZsymmetry: none
                        XYsymmetry: none

                        Xmin: unit cell
                        Xmax: unit cell

                        Ymin: unit cell
                        Ymax: unit cell

                        Zmin: expanded open
                        Zmax: expanded open

                      ------------------------------------------------------------------------------
2025-06-14 01:01:29   Order settings: 

                        Solver order   : 2nd (constant)
                        Curved elements: up to order 3 (automatic)

                      ------------------------------------------------------------------------------
2025-06-14 01:01:29   An iterative solver will be used first.

                      ------------------------------------------------------------------------------
2025-06-14 01:01:29     Mesh time                :	1 s


                      ------------------------------------------------------------------------------
2025-06-14 01:01:29   
                      ================================================================================
                      Frequency Domain Solver calculation cycle started

                      ------------------------------------------------------------------------------
2025-06-14 01:01:29   Solver started at: 2025-06-14 01:01:29 +0800

                        Module:  Frequency Domain: S-Parameter (Win 64)
                        Version: 2024.1 Release from 2023-10-16 (change 1181985)

                      ------------------------------------------------------------------------------
2025-06-14 01:01:29   The low frequency stabilization is not applied to periodic problems.

                      ------------------------------------------------------------------------------
2025-06-14 01:01:29     Calculation 1 of 1 (Frequency: 32 GHz, Theta: 0, Phi: 0)


                      ------------------------------------------------------------------------------
2025-06-14 01:01:30   The wavelength based mesh refinement has been applied to 4.9% of all mesh edges.

                      ------------------------------------------------------------------------------
2025-06-14 01:01:30   Adaptive mesh refinement pass 1

                      ------------------------------------------------------------------------------
2025-06-14 01:01:36   *** Warning ***

2025-06-14 01:01:36   Detected possible stagnation of the iterative solver (4.327359e-02 after 250 iterations.)
                      Please consider aborting the solver run, and check your simulation setup.  More...

                      ------------------------------------------------------------------------------
2025-06-14 01:01:43   *** Warning ***

2025-06-14 01:01:43   The solver stopped because the maximum number of iterations (500, used for automatic solver choice) has been reached.

                      ------------------------------------------------------------------------------
2025-06-14 01:01:43   Solving again, but with the direct solver. Please consider forcing the direct solver in the solver special settings, and
                      check your simulation setup (for instance source and material definitions.)

                      ------------------------------------------------------------------------------
2025-06-14 01:01:44     Matrix setup time        :	0 s
                        Degrees of freedom       :	36268
                        Number of mesh cells     :	5526

                        Stimulation port         :	Zmin
                        Mode number              :	1
                        Accuracy                 :	8.32278e-14
                        Iterations               :	1
                        Solver time              :	0 s


                      ------------------------------------------------------------------------------
2025-06-14 01:01:44   26% of all mesh edges seem to be longer than expected. The adaptive mesh refinement's growth limitation will therefore 
                      use 14372 instead of 3702 mesh cells as a reference.

                      ------------------------------------------------------------------------------
2025-06-14 01:01:44   The wavelength based mesh refinement has been applied to 0.3% of all mesh edges.

                      ------------------------------------------------------------------------------
2025-06-14 01:01:45   Adaptive mesh refinement pass 2

                      ------------------------------------------------------------------------------
2025-06-14 01:01:47     Matrix setup time        :	0 s
                        Solver setup             :	2 s
                        Degrees of freedom       :	74618
                        Number of mesh cells     :	11550

                        Stimulation port         :	Zmin
                        Mode number              :	1
                        Accuracy                 :	4.35632e-14
                        Iterations               :	1
                        Solver time              :	0 s


                      ------------------------------------------------------------------------------
2025-06-14 01:01:47     Delta calculation        
2025-06-14 01:01:47     All S-Parameters         :	0.0202492
2025-06-14 01:01:47   

                      ------------------------------------------------------------------------------
2025-06-14 01:01:48   Adaptive mesh refinement pass 3

                      ------------------------------------------------------------------------------
2025-06-14 01:01:53     Matrix setup time        :	0 s
                        Solver setup             :	3 s
                        Degrees of freedom       :	121296
                        Number of mesh cells     :	18855

                        Stimulation port         :	Zmin
                        Mode number              :	1
                        Accuracy                 :	2.42898e-14
                        Iterations               :	1
                        Solver time              :	0 s


                      ------------------------------------------------------------------------------
2025-06-14 01:01:53     Delta calculation        
2025-06-14 01:01:53     All S-Parameters         :	0.00879987
2025-06-14 01:01:53   

                      ------------------------------------------------------------------------------
2025-06-14 01:01:53   Mesh adaptation terminated because the desired accuracy limit is reached.

                      ------------------------------------------------------------------------------
2025-06-14 01:01:53   *** Warning ***

2025-06-14 01:01:53   At least one propagating Floquet mode is not considered at port Zmin. Please increase the number of modes at this port. 
                      More...

                      ------------------------------------------------------------------------------
2025-06-14 01:01:53   *** Warning ***

2025-06-14 01:01:53   At least one propagating Floquet mode is not considered at port Zmax. Please increase the number of modes at this port. 
                      More...

                      ------------------------------------------------------------------------------
2025-06-14 01:01:53     Total time               :	23 s

                      ------------------------------------------------------------------------------
2025-06-14 01:01:53   

                      ------------------------------------------------------------------------------
2025-06-14 01:01:53     Calculation 2 (Frequency: 20 GHz, Theta: 0, Phi: 0)


                      ------------------------------------------------------------------------------
2025-06-14 01:01:56     Matrix setup time        :	0 s
                        Solver setup             :	2 s
                        Degrees of freedom       :	121296
                        Number of mesh cells     :	18855

                        Stimulation port         :	Zmin
                        Mode number              :	1
                        Accuracy                 :	5.39279e-14
                        Iterations               :	1
                        Solver time              :	0 s


                      ------------------------------------------------------------------------------
2025-06-14 01:01:56     Total time               :	3 s

                      ------------------------------------------------------------------------------
2025-06-14 01:01:56   

                      ------------------------------------------------------------------------------
2025-06-14 01:01:56     Calculation 3 (Frequency: 26 GHz, Theta: 0, Phi: 0)


                      ------------------------------------------------------------------------------
2025-06-14 01:02:00     Matrix setup time        :	0 s
                        Solver setup             :	2 s
                        Degrees of freedom       :	121296
                        Number of mesh cells     :	18855

                        Stimulation port         :	Zmin
                        Mode number              :	1
                        Accuracy                 :	3.36018e-14
                        Iterations               :	1
                        Solver time              :	0 s


                      ------------------------------------------------------------------------------
2025-06-14 01:02:00     Total time               :	3 s

                      ------------------------------------------------------------------------------
2025-06-14 01:02:00   

                      ------------------------------------------------------------------------------
2025-06-14 01:02:00     Calculation 4 (Frequency: 29 GHz, Theta: 0, Phi: 0)


                      ------------------------------------------------------------------------------
2025-06-14 01:02:03     Matrix setup time        :	0 s
                        Solver setup             :	2 s
                        Degrees of freedom       :	121296
                        Number of mesh cells     :	18855

                        Stimulation port         :	Zmin
                        Mode number              :	1
                        Accuracy                 :	4.53272e-14
                        Iterations               :	1
                        Solver time              :	0 s


                      ------------------------------------------------------------------------------
2025-06-14 01:02:03     Total time               :	3 s

                      ------------------------------------------------------------------------------
2025-06-14 01:02:03   

                      ------------------------------------------------------------------------------
2025-06-14 01:02:03     Calculation 5 (Frequency: 23.792 GHz, Theta: 0, Phi: 0)


                      ------------------------------------------------------------------------------
2025-06-14 01:02:06     Matrix setup time        :	0 s
                        Solver setup             :	2 s
                        Degrees of freedom       :	121296
                        Number of mesh cells     :	18855

                        Stimulation port         :	Zmin
                        Mode number              :	1
                        Accuracy                 :	4.96946e-14
                        Iterations               :	1
                        Solver time              :	0 s


                      ------------------------------------------------------------------------------
2025-06-14 01:02:07     Total time               :	3 s

                      ------------------------------------------------------------------------------
2025-06-14 01:02:07   

                      ------------------------------------------------------------------------------
2025-06-14 01:02:07     Calculation 6 (Frequency: 27.356 GHz, Theta: 0, Phi: 0)


                      ------------------------------------------------------------------------------
2025-06-14 01:02:10     Matrix setup time        :	0 s
                        Solver setup             :	2 s
                        Degrees of freedom       :	121296
                        Number of mesh cells     :	18855

                        Stimulation port         :	Zmin
                        Mode number              :	1
                        Accuracy                 :	3.77253e-14
                        Iterations               :	1
                        Solver time              :	0 s


                      ------------------------------------------------------------------------------
2025-06-14 01:02:10     Total time               :	3 s

                      ------------------------------------------------------------------------------
2025-06-14 01:02:10   

                      ------------------------------------------------------------------------------
2025-06-14 01:02:10     Calculation 7 (Frequency: 22.988 GHz, Theta: 0, Phi: 0)


                      ------------------------------------------------------------------------------
2025-06-14 01:02:13     Matrix setup time        :	0 s
                        Solver setup             :	2 s
                        Degrees of freedom       :	121296
                        Number of mesh cells     :	18855

                        Stimulation port         :	Zmin
                        Mode number              :	1
                        Accuracy                 :	3.77078e-14
                        Iterations               :	1
                        Solver time              :	0 s


                      ------------------------------------------------------------------------------
2025-06-14 01:02:13     Total time               :	3 s

                      ------------------------------------------------------------------------------
2025-06-14 01:02:13   

                      ------------------------------------------------------------------------------
2025-06-14 01:02:13     Calculation 8 (Frequency: 27.908 GHz, Theta: 0, Phi: 0)


                      ------------------------------------------------------------------------------
2025-06-14 01:02:17     Matrix setup time        :	0 s
                        Solver setup             :	2 s
                        Degrees of freedom       :	121296
                        Number of mesh cells     :	18855

                        Stimulation port         :	Zmin
                        Mode number              :	1
                        Accuracy                 :	3.5555e-14
                        Iterations               :	1
                        Solver time              :	0 s


                      ------------------------------------------------------------------------------
2025-06-14 01:02:17     Total time               :	3 s

                      ------------------------------------------------------------------------------
2025-06-14 01:02:17   

                      ------------------------------------------------------------------------------
2025-06-14 01:02:17     Calculation 9 (Frequency: 26.936 GHz, Theta: 0, Phi: 0)


                      ------------------------------------------------------------------------------
2025-06-14 01:02:20     Matrix setup time        :	0 s
                        Solver setup             :	2 s
                        Degrees of freedom       :	121296
                        Number of mesh cells     :	18855

                        Stimulation port         :	Zmin
                        Mode number              :	1
                        Accuracy                 :	3.89438e-14
                        Iterations               :	1
                        Solver time              :	0 s


                      ------------------------------------------------------------------------------
2025-06-14 01:02:20     Total time               :	3 s

                      ------------------------------------------------------------------------------
2025-06-14 01:02:20   

                      ------------------------------------------------------------------------------
2025-06-14 01:02:20     Calculation 10 (Frequency: 30.548 GHz, Theta: 0, Phi: 0)


                      ------------------------------------------------------------------------------
2025-06-14 01:02:23     Matrix setup time        :	0 s
                        Solver setup             :	2 s
                        Degrees of freedom       :	121296
                        Number of mesh cells     :	18855

                        Stimulation port         :	Zmin
                        Mode number              :	1
                        Accuracy                 :	3.77232e-14
                        Iterations               :	1
                        Solver time              :	0 s


                      ------------------------------------------------------------------------------
2025-06-14 01:02:24     Total time               :	3 s

                      ------------------------------------------------------------------------------
2025-06-14 01:02:24   

                      ------------------------------------------------------------------------------
2025-06-14 01:02:24     Calculation 11 (Frequency: 28.328 GHz, Theta: 0, Phi: 0)


                      ------------------------------------------------------------------------------
2025-06-14 01:02:27     Matrix setup time        :	0 s
                        Solver setup             :	2 s
                        Degrees of freedom       :	121296
                        Number of mesh cells     :	18855

                        Stimulation port         :	Zmin
                        Mode number              :	1
                        Accuracy                 :	3.79961e-14
                        Iterations               :	1
                        Solver time              :	0 s


                      ------------------------------------------------------------------------------
2025-06-14 01:02:27     Total time               :	3 s

                      ------------------------------------------------------------------------------
2025-06-14 01:02:27   

                      ------------------------------------------------------------------------------
2025-06-14 01:02:27     Calculation 12 (Frequency: 31.532 GHz, Theta: 0, Phi: 0)


                      ------------------------------------------------------------------------------
2025-06-14 01:02:30     Matrix setup time        :	0 s
                        Solver setup             :	2 s
                        Degrees of freedom       :	121296
                        Number of mesh cells     :	18855

                        Stimulation port         :	Zmin
                        Mode number              :	1
                        Accuracy                 :	3.01832e-14
                        Iterations               :	1
                        Solver time              :	0 s


                      ------------------------------------------------------------------------------
2025-06-14 01:02:30     Total time               :	3 s

                      ------------------------------------------------------------------------------
2025-06-14 01:02:30   

                      ------------------------------------------------------------------------------
2025-06-14 01:02:30     Calculation 13 (Frequency: 28.7 GHz, Theta: 0, Phi: 0)


                      ------------------------------------------------------------------------------
2025-06-14 01:02:34     Matrix setup time        :	0 s
                        Solver setup             :	2 s
                        Degrees of freedom       :	121296
                        Number of mesh cells     :	18855

                        Stimulation port         :	Zmin
                        Mode number              :	1
                        Accuracy                 :	4.28324e-14
                        Iterations               :	1
                        Solver time              :	0 s


                      ------------------------------------------------------------------------------
2025-06-14 01:02:34     Total time               :	3 s

                      ------------------------------------------------------------------------------
2025-06-14 01:02:34   

                      ------------------------------------------------------------------------------
2025-06-14 01:02:34     Calculation 14 (Frequency: 29.348 GHz, Theta: 0, Phi: 0)


                      ------------------------------------------------------------------------------
2025-06-14 01:02:37     Matrix setup time        :	0 s
                        Solver setup             :	3 s
                        Degrees of freedom       :	121296
                        Number of mesh cells     :	18855

                        Stimulation port         :	Zmin
                        Mode number              :	1
                        Accuracy                 :	4.38099e-14
                        Iterations               :	1
                        Solver time              :	0 s


                      ------------------------------------------------------------------------------
2025-06-14 01:02:38     Total time               :	3 s

                      ------------------------------------------------------------------------------
2025-06-14 01:02:38   

                      ------------------------------------------------------------------------------
2025-06-14 01:02:38     Calculation 15 (Frequency: 26.456 GHz, Theta: 0, Phi: 0)


                      ------------------------------------------------------------------------------
2025-06-14 01:02:41     Matrix setup time        :	0 s
                        Solver setup             :	2 s
                        Degrees of freedom       :	121296
                        Number of mesh cells     :	18855

                        Stimulation port         :	Zmin
                        Mode number              :	1
                        Accuracy                 :	4.13926e-14
                        Iterations               :	1
                        Solver time              :	0 s


                      ------------------------------------------------------------------------------
2025-06-14 01:02:41     Total time               :	3 s

                      ------------------------------------------------------------------------------
2025-06-14 01:02:41   

                      ------------------------------------------------------------------------------
2025-06-14 01:02:41     Calculation 16 (Frequency: 24.896 GHz, Theta: 0, Phi: 0)


                      ------------------------------------------------------------------------------
2025-06-14 01:02:44     Matrix setup time        :	0 s
                        Solver setup             :	2 s
                        Degrees of freedom       :	121296
                        Number of mesh cells     :	18855

                        Stimulation port         :	Zmin
                        Mode number              :	1
                        Accuracy                 :	3.30298e-14
                        Iterations               :	1
                        Solver time              :	0 s


                      ------------------------------------------------------------------------------
2025-06-14 01:02:45     Total time               :	3 s

                      ------------------------------------------------------------------------------
2025-06-14 01:02:45   

                      ------------------------------------------------------------------------------
2025-06-14 01:02:45     Calculation 17 (Frequency: 23.324 GHz, Theta: 0, Phi: 0)


                      ------------------------------------------------------------------------------
2025-06-14 01:02:48     Matrix setup time        :	0 s
                        Solver setup             :	3 s
                        Degrees of freedom       :	121296
                        Number of mesh cells     :	18855

                        Stimulation port         :	Zmin
                        Mode number              :	1
                        Accuracy                 :	3.59276e-14
                        Iterations               :	1
                        Solver time              :	0 s


                      ------------------------------------------------------------------------------
2025-06-14 01:02:48     Total time               :	3 s

                      ------------------------------------------------------------------------------
2025-06-14 01:02:48   

                      ------------------------------------------------------------------------------
2025-06-14 01:02:48     Calculation 18 (Frequency: 21.776 GHz, Theta: 0, Phi: 0)


                      ------------------------------------------------------------------------------
2025-06-14 01:02:52     Matrix setup time        :	0 s
                        Solver setup             :	3 s
                        Degrees of freedom       :	121296
                        Number of mesh cells     :	18855

                        Stimulation port         :	Zmin
                        Mode number              :	1
                        Accuracy                 :	6.17285e-14
                        Iterations               :	1
                        Solver time              :	0 s


                      ------------------------------------------------------------------------------
2025-06-14 01:02:52     Total time               :	3 s

                      ------------------------------------------------------------------------------
2025-06-14 01:02:52   

                      ------------------------------------------------------------------------------
2025-06-14 01:02:52     Calculation 19 (Frequency: 26.66 GHz, Theta: 0, Phi: 0)


                      ------------------------------------------------------------------------------
2025-06-14 01:02:55     Matrix setup time        :	0 s
                        Solver setup             :	3 s
                        Degrees of freedom       :	121296
                        Number of mesh cells     :	18855

                        Stimulation port         :	Zmin
                        Mode number              :	1
                        Accuracy                 :	3.88081e-14
                        Iterations               :	1
                        Solver time              :	0 s


                      ------------------------------------------------------------------------------
2025-06-14 01:02:55     Total time               :	3 s

                      ------------------------------------------------------------------------------
2025-06-14 01:02:55   

                      ------------------------------------------------------------------------------
2025-06-14 01:02:55     Calculation 20 (Frequency: 21.584 GHz, Theta: 0, Phi: 0)


                      ------------------------------------------------------------------------------
2025-06-14 01:02:59     Matrix setup time        :	0 s
                        Solver setup             :	3 s
                        Degrees of freedom       :	121296
                        Number of mesh cells     :	18855

                        Stimulation port         :	Zmin
                        Mode number              :	1
                        Accuracy                 :	5.88151e-14
                        Iterations               :	1
                        Solver time              :	0 s


                      ------------------------------------------------------------------------------
2025-06-14 01:02:59     Total time               :	3 s

                      ------------------------------------------------------------------------------
2025-06-14 01:02:59   

                      ------------------------------------------------------------------------------
2025-06-14 01:02:59     Calculation 21 (Frequency: 22.376 GHz, Theta: 0, Phi: 0)


                      ------------------------------------------------------------------------------
2025-06-14 01:03:03     Matrix setup time        :	0 s
                        Solver setup             :	3 s
                        Degrees of freedom       :	121296
                        Number of mesh cells     :	18855

                        Stimulation port         :	Zmin
                        Mode number              :	1
                        Accuracy                 :	5.44393e-14
                        Iterations               :	1
                        Solver time              :	0 s


                      ------------------------------------------------------------------------------
2025-06-14 01:03:03     Total time               :	3 s

                      ------------------------------------------------------------------------------
2025-06-14 01:03:03   

                      ------------------------------------------------------------------------------
2025-06-14 01:03:03     Calculation 22 (Frequency: 21.344 GHz, Theta: 0, Phi: 0)


                      ------------------------------------------------------------------------------
2025-06-14 01:03:06     Matrix setup time        :	0 s
                        Solver setup             :	3 s
                        Degrees of freedom       :	121296
                        Number of mesh cells     :	18855

                        Stimulation port         :	Zmin
                        Mode number              :	1
                        Accuracy                 :	5.35562e-14
                        Iterations               :	1
                        Solver time              :	0 s


                      ------------------------------------------------------------------------------
2025-06-14 01:03:06     Total time               :	3 s

                      ------------------------------------------------------------------------------
2025-06-14 01:03:06   

                      ------------------------------------------------------------------------------
2025-06-14 01:03:06     Calculation 23 (Frequency: 22.748 GHz, Theta: 0, Phi: 0)


                      ------------------------------------------------------------------------------
2025-06-14 01:03:10     Matrix setup time        :	0 s
                        Solver setup             :	3 s
                        Degrees of freedom       :	121296
                        Number of mesh cells     :	18855

                        Stimulation port         :	Zmin
                        Mode number              :	1
                        Accuracy                 :	4.31029e-14
                        Iterations               :	1
                        Solver time              :	0 s


                      ------------------------------------------------------------------------------
2025-06-14 01:03:10     Total time               :	3 s

                      ------------------------------------------------------------------------------
2025-06-14 01:03:10   

                      ------------------------------------------------------------------------------
2025-06-14 01:03:10     Calculation 24 (Frequency: 20.636 GHz, Theta: 0, Phi: 0)


                      ------------------------------------------------------------------------------
2025-06-14 01:03:14     Matrix setup time        :	0 s
                        Solver setup             :	3 s
                        Degrees of freedom       :	121296
                        Number of mesh cells     :	18855

                        Stimulation port         :	Zmin
                        Mode number              :	1
                        Accuracy                 :	5.42024e-14
                        Iterations               :	1
                        Solver time              :	0 s


                      ------------------------------------------------------------------------------
2025-06-14 01:03:14     Total time               :	3 s

                      ------------------------------------------------------------------------------
2025-06-14 01:03:14   

                      ------------------------------------------------------------------------------
2025-06-14 01:03:14     Calculation 25 (Frequency: 23.936 GHz, Theta: 0, Phi: 0)


                      ------------------------------------------------------------------------------
2025-06-14 01:03:17     Matrix setup time        :	0 s
                        Solver setup             :	3 s
                        Degrees of freedom       :	121296
                        Number of mesh cells     :	18855

                        Stimulation port         :	Zmin
                        Mode number              :	1
                        Accuracy                 :	4.64215e-14
                        Iterations               :	1
                        Solver time              :	0 s


                      ------------------------------------------------------------------------------
2025-06-14 01:03:18     Total time               :	3 s

                      ------------------------------------------------------------------------------
2025-06-14 01:03:18   

                      ------------------------------------------------------------------------------
2025-06-14 01:03:18     Calculation 26 (Frequency: 25.1 GHz, Theta: 0, Phi: 0)


                      ------------------------------------------------------------------------------
2025-06-14 01:03:21     Matrix setup time        :	0 s
                        Solver setup             :	3 s
                        Degrees of freedom       :	121296
                        Number of mesh cells     :	18855

                        Stimulation port         :	Zmin
                        Mode number              :	1
                        Accuracy                 :	3.15856e-14
                        Iterations               :	1
                        Solver time              :	0 s


                      ------------------------------------------------------------------------------
2025-06-14 01:03:21     Total time               :	3 s

                      ------------------------------------------------------------------------------
2025-06-14 01:03:21   

                      ------------------------------------------------------------------------------
2025-06-14 01:03:21     Calculation 27 (Frequency: 24.5 GHz, Theta: 0, Phi: 0)


                      ------------------------------------------------------------------------------
2025-06-14 01:03:25     Matrix setup time        :	0 s
                        Solver setup             :	3 s
                        Degrees of freedom       :	121296
                        Number of mesh cells     :	18855

                        Stimulation port         :	Zmin
                        Mode number              :	1
                        Accuracy                 :	3.37446e-14
                        Iterations               :	1
                        Solver time              :	0 s


                      ------------------------------------------------------------------------------
2025-06-14 01:03:25     Total time               :	3 s

                      ------------------------------------------------------------------------------
2025-06-14 01:03:25   

                      ------------------------------------------------------------------------------
2025-06-14 01:03:25     Calculation 28 (Frequency: 28.124 GHz, Theta: 0, Phi: 0)


                      ------------------------------------------------------------------------------
2025-06-14 01:03:29     Matrix setup time        :	0 s
                        Solver setup             :	3 s
                        Degrees of freedom       :	121296
                        Number of mesh cells     :	18855

                        Stimulation port         :	Zmin
                        Mode number              :	1
                        Accuracy                 :	3.76855e-14
                        Iterations               :	1
                        Solver time              :	0 s


                      ------------------------------------------------------------------------------
2025-06-14 01:03:29     Total time               :	3 s

                      ------------------------------------------------------------------------------
2025-06-14 01:03:29   

                      ------------------------------------------------------------------------------
2025-06-14 01:03:29     Calculation 29 (Frequency: 30.008 GHz, Theta: 0, Phi: 0)


                      ------------------------------------------------------------------------------
2025-06-14 01:03:32     Matrix setup time        :	0 s
                        Solver setup             :	3 s
                        Degrees of freedom       :	121296
                        Number of mesh cells     :	18855

                        Stimulation port         :	Zmin
                        Mode number              :	1
                        Accuracy                 :	4.35626e-14
                        Iterations               :	1
                        Solver time              :	0 s


                      ------------------------------------------------------------------------------
2025-06-14 01:03:32     Total time               :	3 s

                      ------------------------------------------------------------------------------
2025-06-14 01:03:32   

                      ------------------------------------------------------------------------------
2025-06-14 01:03:32     Calculation 30 (Frequency: 30.86 GHz, Theta: 0, Phi: 0)


                      ------------------------------------------------------------------------------
2025-06-14 01:03:36     Matrix setup time        :	0 s
                        Solver setup             :	3 s
                        Degrees of freedom       :	121296
                        Number of mesh cells     :	18855

                        Stimulation port         :	Zmin
                        Mode number              :	1
                        Accuracy                 :	3.46908e-14
                        Iterations               :	1
                        Solver time              :	0 s


                      ------------------------------------------------------------------------------
2025-06-14 01:03:36     Total time               :	3 s

                      ------------------------------------------------------------------------------
2025-06-14 01:03:36   

                      ------------------------------------------------------------------------------
2025-06-14 01:03:36     Calculation 31 (Frequency: 30.32 GHz, Theta: 0, Phi: 0)


                      ------------------------------------------------------------------------------
2025-06-14 01:03:40     Matrix setup time        :	0 s
                        Solver setup             :	3 s
                        Degrees of freedom       :	121296
                        Number of mesh cells     :	18855

                        Stimulation port         :	Zmin
                        Mode number              :	1
                        Accuracy                 :	4.22749e-14
                        Iterations               :	1
                        Solver time              :	0 s


                      ------------------------------------------------------------------------------
2025-06-14 01:03:40     Total time               :	3 s

                      ------------------------------------------------------------------------------
2025-06-14 01:03:40   

                      ------------------------------------------------------------------------------
2025-06-14 01:03:40     Calculation 32 (Frequency: 25.34 GHz, Theta: 0, Phi: 0)


                      ------------------------------------------------------------------------------
2025-06-14 01:03:43     Matrix setup time        :	0 s
                        Solver setup             :	3 s
                        Degrees of freedom       :	121296
                        Number of mesh cells     :	18855

                        Stimulation port         :	Zmin
                        Mode number              :	1
                        Accuracy                 :	3.32061e-14
                        Iterations               :	1
                        Solver time              :	0 s


                      ------------------------------------------------------------------------------
2025-06-14 01:03:43     Total time               :	3 s

                      ------------------------------------------------------------------------------
2025-06-14 01:03:43   

                      ------------------------------------------------------------------------------
2025-06-14 01:03:43   Finished the general purpose interpolative broadband frequency sweep:
                      All broadband sweep convergence criteria have been satisfied after
                      calculating 32 frequency samples:

                        Broadband sweep error threshold value :  0.01 (All S-Parameters) 
                        Number of error criterion checks      :  2 (All S-Parameters) 
                        Minimum number of samples             :  3
                        Number of data samples, linear        :  1001

                      ------------------------------------------------------------------------------
2025-06-14 01:03:43     Number of mesh cells     :	18855
                        Degrees of freedom       :	120286
                        Total Solver Time        :	134 s	 (= 0 h, 02 m, 14 s)
                      ================================================================================



                      ------------------------------------------------------------------------------
2025-06-14 01:03:43     ----------------------------------------------------------------------------
                                            Peak memory used (kB)         Free physical memory (kB) 
                                                                          At begin     Minimum      
                        ----------------------------------------------------------------------------
                        Solver start        22304                         9180436      9178940      
                        Eq. system setup    2154636                       9166916      8467408      
                        Eq. system solve    2154636                       9125416      7120884      
                        Mesh refinement     1449812                       8961440      8619804      
                        Solver run total    2154636                       9180440      7120884      

                        Computer name       Tahsin
                        ----------------------------------------------------------------------------


                      ------------------------------------------------------------------------------
2025-06-14 01:03:44   Running postprocessing.

                      ------------------------------------------------------------------------------
2025-06-14 01:03:44   Postprocessing finished.

                      ------------------------------------------------------------------------------
