2025-06-14 19:38:59   *** Warning ***

                      Electric isotropic material [Copper (pure)] has a very high conductivity for
                      the given mesh. Depending on your configuration it may be better to use a lossy
                      metal type for this material. More...

                      ------------------------------------------------------------------------------
2025-06-14 19:38:59   In order to get an optimal performance, hyperthreading is ignored for parallel
                      computations.

                      ------------------------------------------------------------------------------
2025-06-14 19:39:01   Units settings: 

                        Dimensions: mm
                        Frequency:  GHz
                        Time:       s

                      ------------------------------------------------------------------------------
2025-06-14 19:39:01   Boundary conditions: 

                        YZsymmetry: none
                        XZsymmetry: none
                        XYsymmetry: none

                        Xmin: unit cell
                        Xmax: unit cell

                        Ymin: unit cell
                        Ymax: unit cell

                        Zmin: expanded open
                        Zmax: expanded open

                      ------------------------------------------------------------------------------
2025-06-14 19:39:01   Order settings: 

                        Solver order   : 2nd (constant)
                        Curved elements: up to order 3 (automatic)

                      ------------------------------------------------------------------------------
2025-06-14 19:39:01   An iterative solver will be used first.

                      ------------------------------------------------------------------------------
2025-06-14 19:39:01     Mesh time                :	1 s


                      ------------------------------------------------------------------------------
2025-06-14 19:39:01   
                      ================================================================================
                      Frequency Domain Solver calculation cycle started

                      ------------------------------------------------------------------------------
2025-06-14 19:39:01   Solver started at: 2025-06-14 19:39:01 +0800

                        Module:  Frequency Domain: S-Parameter (Win 64)
                        Version: 2024.1 Release from 2023-10-16 (change 1181985)

                      ------------------------------------------------------------------------------
2025-06-14 19:39:01   The low frequency stabilization is not applied to periodic problems.

                      ------------------------------------------------------------------------------
2025-06-14 19:39:01     Calculation 1 of 1 (Frequency: 32 GHz, Theta: 0, Phi: 0)


                      ------------------------------------------------------------------------------
2025-06-14 19:39:01   The wavelength based mesh refinement has been applied to 4.3% of all mesh edges.

                      ------------------------------------------------------------------------------
2025-06-14 19:39:02   For some elements the curvature had to be reduced to maintain the quality of the mesh. More...

                      ------------------------------------------------------------------------------
2025-06-14 19:39:02   Adaptive mesh refinement pass 1

                      ------------------------------------------------------------------------------
2025-06-14 19:39:08   *** Warning ***

2025-06-14 19:39:08   Detected possible stagnation of the iterative solver (6.254282e-02 after 250 iterations.)
                      Please consider aborting the solver run, and check your simulation setup.  More...

                      ------------------------------------------------------------------------------
2025-06-14 19:39:13   *** Warning ***

2025-06-14 19:39:13   The solver stopped because the maximum number of iterations (500, used for automatic solver choice) has been reached.

                      ------------------------------------------------------------------------------
2025-06-14 19:39:13   Solving again, but with the direct solver. Please consider forcing the direct solver in the solver special settings, and
                      check your simulation setup (for instance source and material definitions.)

                      ------------------------------------------------------------------------------
2025-06-14 19:39:14     Matrix setup time        :	0 s
                        Degrees of freedom       :	34964
                        Number of mesh cells     :	5322

                        Stimulation port         :	Zmin
                        Mode number              :	1
                        Accuracy                 :	1.18578e-13
                        Iterations               :	1
                        Solver time              :	0 s


                      ------------------------------------------------------------------------------
2025-06-14 19:39:14   27% of all mesh edges seem to be longer than expected. The adaptive mesh refinement's growth limitation will therefore 
                      use 14177 instead of 3660 mesh cells as a reference.

                      ------------------------------------------------------------------------------
2025-06-14 19:39:14   The wavelength based mesh refinement has been applied to 0.3% of all mesh edges.

                      ------------------------------------------------------------------------------
2025-06-14 19:39:15   For some elements the curvature had to be reduced to maintain the quality of the mesh. More...

                      ------------------------------------------------------------------------------
2025-06-14 19:39:15   Adaptive mesh refinement pass 2

                      ------------------------------------------------------------------------------
2025-06-14 19:39:17     Matrix setup time        :	0 s
                        Solver setup             :	1 s
                        Degrees of freedom       :	63304
                        Number of mesh cells     :	9775

                        Stimulation port         :	Zmin
                        Mode number              :	1
                        Accuracy                 :	6.83673e-14
                        Iterations               :	1
                        Solver time              :	0 s


                      ------------------------------------------------------------------------------
2025-06-14 19:39:17     Delta calculation        
2025-06-14 19:39:17     All S-Parameters         :	0.192928
2025-06-14 19:39:17   

                      ------------------------------------------------------------------------------
2025-06-14 19:39:18   Adaptive mesh refinement pass 3

                      ------------------------------------------------------------------------------
2025-06-14 19:39:22     Matrix setup time        :	0 s
                        Solver setup             :	3 s
                        Degrees of freedom       :	118530
                        Number of mesh cells     :	18442

                        Stimulation port         :	Zmin
                        Mode number              :	1
                        Accuracy                 :	3.88347e-14
                        Iterations               :	1
                        Solver time              :	0 s


                      ------------------------------------------------------------------------------
2025-06-14 19:39:22     Delta calculation        
2025-06-14 19:39:22     All S-Parameters         :	0.0421345
2025-06-14 19:39:22   

                      ------------------------------------------------------------------------------
2025-06-14 19:39:24   Adaptive mesh refinement pass 4

                      ------------------------------------------------------------------------------
2025-06-14 19:39:32     Matrix setup time        :	0 s
                        Solver setup             :	7 s
                        Degrees of freedom       :	201776
                        Number of mesh cells     :	31445

                        Stimulation port         :	Zmin
                        Mode number              :	1
                        Accuracy                 :	2.97107e-14
                        Iterations               :	1
                        Solver time              :	0 s


                      ------------------------------------------------------------------------------
2025-06-14 19:39:33     Delta calculation        
2025-06-14 19:39:33     All S-Parameters         :	0.0171419
2025-06-14 19:39:33   

                      ------------------------------------------------------------------------------
2025-06-14 19:39:33   Mesh adaptation terminated because the desired accuracy limit is reached.

                      ------------------------------------------------------------------------------
2025-06-14 19:39:33   *** Warning ***

2025-06-14 19:39:33   At least one propagating Floquet mode is not considered at port Zmin. Please increase the number of modes at this port. 
                      More...

                      ------------------------------------------------------------------------------
2025-06-14 19:39:33   *** Warning ***

2025-06-14 19:39:33   At least one propagating Floquet mode is not considered at port Zmax. Please increase the number of modes at this port. 
                      More...

                      ------------------------------------------------------------------------------
2025-06-14 19:39:33     Total time               :	31 s

                      ------------------------------------------------------------------------------
2025-06-14 19:39:33   

                      ------------------------------------------------------------------------------
2025-06-14 19:39:33     Calculation 2 (Frequency: 20 GHz, Theta: 0, Phi: 0)


                      ------------------------------------------------------------------------------
2025-06-14 19:39:39     Matrix setup time        :	0 s
                        Solver setup             :	5 s
                        Degrees of freedom       :	201776
                        Number of mesh cells     :	31445

                        Stimulation port         :	Zmin
                        Mode number              :	1
                        Accuracy                 :	2.90746e-14
                        Iterations               :	1
                        Solver time              :	0 s


                      ------------------------------------------------------------------------------
2025-06-14 19:39:39     Total time               :	6 s

                      ------------------------------------------------------------------------------
2025-06-14 19:39:39   

                      ------------------------------------------------------------------------------
2025-06-14 19:39:39     Calculation 3 (Frequency: 26 GHz, Theta: 0, Phi: 0)


                      ------------------------------------------------------------------------------
2025-06-14 19:39:45     Matrix setup time        :	0 s
                        Solver setup             :	5 s
                        Degrees of freedom       :	201776
                        Number of mesh cells     :	31445

                        Stimulation port         :	Zmin
                        Mode number              :	1
                        Accuracy                 :	2.6614e-14
                        Iterations               :	1
                        Solver time              :	0 s


                      ------------------------------------------------------------------------------
2025-06-14 19:39:45     Total time               :	6 s

                      ------------------------------------------------------------------------------
2025-06-14 19:39:45   

                      ------------------------------------------------------------------------------
2025-06-14 19:39:45     Calculation 4 (Frequency: 29 GHz, Theta: 0, Phi: 0)


                      ------------------------------------------------------------------------------
2025-06-14 19:39:52     Matrix setup time        :	0 s
                        Solver setup             :	5 s
                        Degrees of freedom       :	201776
                        Number of mesh cells     :	31445

                        Stimulation port         :	Zmin
                        Mode number              :	1
                        Accuracy                 :	5.67777e-14
                        Iterations               :	1
                        Solver time              :	0 s


                      ------------------------------------------------------------------------------
2025-06-14 19:39:52     Total time               :	6 s

                      ------------------------------------------------------------------------------
2025-06-14 19:39:52   

                      ------------------------------------------------------------------------------
2025-06-14 19:39:52     Calculation 5 (Frequency: 24.296 GHz, Theta: 0, Phi: 0)


                      ------------------------------------------------------------------------------
2025-06-14 19:39:58     Matrix setup time        :	0 s
                        Solver setup             :	5 s
                        Degrees of freedom       :	201776
                        Number of mesh cells     :	31445

                        Stimulation port         :	Zmin
                        Mode number              :	1
                        Accuracy                 :	1.77025e-14
                        Iterations               :	1
                        Solver time              :	0 s


                      ------------------------------------------------------------------------------
2025-06-14 19:39:58     Total time               :	6 s

                      ------------------------------------------------------------------------------
2025-06-14 19:39:58   

                      ------------------------------------------------------------------------------
2025-06-14 19:39:58     Calculation 6 (Frequency: 28.184 GHz, Theta: 0, Phi: 0)


                      ------------------------------------------------------------------------------
2025-06-14 19:40:04     Matrix setup time        :	0 s
                        Solver setup             :	5 s
                        Degrees of freedom       :	201776
                        Number of mesh cells     :	31445

                        Stimulation port         :	Zmin
                        Mode number              :	1
                        Accuracy                 :	3.61468e-14
                        Iterations               :	1
                        Solver time              :	0 s


                      ------------------------------------------------------------------------------
2025-06-14 19:40:05     Total time               :	6 s

                      ------------------------------------------------------------------------------
2025-06-14 19:40:05   

                      ------------------------------------------------------------------------------
2025-06-14 19:40:05     Calculation 7 (Frequency: 23.096 GHz, Theta: 0, Phi: 0)


                      ------------------------------------------------------------------------------
2025-06-14 19:40:11     Matrix setup time        :	0 s
                        Solver setup             :	5 s
                        Degrees of freedom       :	201776
                        Number of mesh cells     :	31445

                        Stimulation port         :	Zmin
                        Mode number              :	1
                        Accuracy                 :	2.59779e-14
                        Iterations               :	1
                        Solver time              :	0 s


                      ------------------------------------------------------------------------------
2025-06-14 19:40:11     Total time               :	6 s

                      ------------------------------------------------------------------------------
2025-06-14 19:40:11   

                      ------------------------------------------------------------------------------
2025-06-14 19:40:11     Calculation 8 (Frequency: 29.3 GHz, Theta: 0, Phi: 0)


                      ------------------------------------------------------------------------------
2025-06-14 19:40:17     Matrix setup time        :	0 s
                        Solver setup             :	5 s
                        Degrees of freedom       :	201776
                        Number of mesh cells     :	31445

                        Stimulation port         :	Zmin
                        Mode number              :	1
                        Accuracy                 :	4.00295e-14
                        Iterations               :	1
                        Solver time              :	0 s


                      ------------------------------------------------------------------------------
2025-06-14 19:40:18     Total time               :	6 s

                      ------------------------------------------------------------------------------
2025-06-14 19:40:18   

                      ------------------------------------------------------------------------------
2025-06-14 19:40:18     Calculation 9 (Frequency: 28.724 GHz, Theta: 0, Phi: 0)


                      ------------------------------------------------------------------------------
2025-06-14 19:40:24     Matrix setup time        :	0 s
                        Solver setup             :	5 s
                        Degrees of freedom       :	201776
                        Number of mesh cells     :	31445

                        Stimulation port         :	Zmin
                        Mode number              :	1
                        Accuracy                 :	3.94576e-14
                        Iterations               :	1
                        Solver time              :	0 s


                      ------------------------------------------------------------------------------
2025-06-14 19:40:24     Total time               :	6 s

                      ------------------------------------------------------------------------------
2025-06-14 19:40:24   

                      ------------------------------------------------------------------------------
2025-06-14 19:40:24     Calculation 10 (Frequency: 30.38 GHz, Theta: 0, Phi: 0)


                      ------------------------------------------------------------------------------
2025-06-14 19:40:30     Matrix setup time        :	0 s
                        Solver setup             :	5 s
                        Degrees of freedom       :	201776
                        Number of mesh cells     :	31445

                        Stimulation port         :	Zmin
                        Mode number              :	1
                        Accuracy                 :	3.76514e-14
                        Iterations               :	1
                        Solver time              :	0 s


                      ------------------------------------------------------------------------------
2025-06-14 19:40:31     Total time               :	6 s

                      ------------------------------------------------------------------------------
2025-06-14 19:40:31   

                      ------------------------------------------------------------------------------
2025-06-14 19:40:31     Calculation 11 (Frequency: 27.404 GHz, Theta: 0, Phi: 0)


                      ------------------------------------------------------------------------------
2025-06-14 19:40:37     Matrix setup time        :	0 s
                        Solver setup             :	5 s
                        Degrees of freedom       :	201776
                        Number of mesh cells     :	31445

                        Stimulation port         :	Zmin
                        Mode number              :	1
                        Accuracy                 :	2.77379e-14
                        Iterations               :	1
                        Solver time              :	0 s


                      ------------------------------------------------------------------------------
2025-06-14 19:40:37     Total time               :	6 s

                      ------------------------------------------------------------------------------
2025-06-14 19:40:37   

                      ------------------------------------------------------------------------------
2025-06-14 19:40:37     Calculation 12 (Frequency: 30.692 GHz, Theta: 0, Phi: 0)


                      ------------------------------------------------------------------------------
2025-06-14 19:40:43     Matrix setup time        :	0 s
                        Solver setup             :	5 s
                        Degrees of freedom       :	201776
                        Number of mesh cells     :	31445

                        Stimulation port         :	Zmin
                        Mode number              :	1
                        Accuracy                 :	3.36035e-14
                        Iterations               :	1
                        Solver time              :	0 s


                      ------------------------------------------------------------------------------
2025-06-14 19:40:44     Total time               :	6 s

                      ------------------------------------------------------------------------------
2025-06-14 19:40:44   

                      ------------------------------------------------------------------------------
2025-06-14 19:40:44     Calculation 13 (Frequency: 29.732 GHz, Theta: 0, Phi: 0)


                      ------------------------------------------------------------------------------
2025-06-14 19:40:50     Matrix setup time        :	0 s
                        Solver setup             :	5 s
                        Degrees of freedom       :	201776
                        Number of mesh cells     :	31445

                        Stimulation port         :	Zmin
                        Mode number              :	1
                        Accuracy                 :	3.22365e-14
                        Iterations               :	1
                        Solver time              :	0 s


                      ------------------------------------------------------------------------------
2025-06-14 19:40:50     Total time               :	6 s

                      ------------------------------------------------------------------------------
2025-06-14 19:40:50   

                      ------------------------------------------------------------------------------
2025-06-14 19:40:50     Calculation 14 (Frequency: 31.1 GHz, Theta: 0, Phi: 0)


                      ------------------------------------------------------------------------------
2025-06-14 19:40:56     Matrix setup time        :	0 s
                        Solver setup             :	5 s
                        Degrees of freedom       :	201776
                        Number of mesh cells     :	31445

                        Stimulation port         :	Zmin
                        Mode number              :	1
                        Accuracy                 :	3.50323e-14
                        Iterations               :	1
                        Solver time              :	0 s


                      ------------------------------------------------------------------------------
2025-06-14 19:40:57     Total time               :	6 s

                      ------------------------------------------------------------------------------
2025-06-14 19:40:57   

                      ------------------------------------------------------------------------------
2025-06-14 19:40:57     Calculation 15 (Frequency: 30.116 GHz, Theta: 0, Phi: 0)


                      ------------------------------------------------------------------------------
2025-06-14 19:41:03     Matrix setup time        :	0 s
                        Solver setup             :	5 s
                        Degrees of freedom       :	201776
                        Number of mesh cells     :	31445

                        Stimulation port         :	Zmin
                        Mode number              :	1
                        Accuracy                 :	3.66238e-14
                        Iterations               :	1
                        Solver time              :	0 s


                      ------------------------------------------------------------------------------
2025-06-14 19:41:03     Total time               :	6 s

                      ------------------------------------------------------------------------------
2025-06-14 19:41:03   

                      ------------------------------------------------------------------------------
2025-06-14 19:41:03     Calculation 16 (Frequency: 31.568 GHz, Theta: 0, Phi: 0)


                      ------------------------------------------------------------------------------
2025-06-14 19:41:10     Matrix setup time        :	0 s
                        Solver setup             :	5 s
                        Degrees of freedom       :	201776
                        Number of mesh cells     :	31445

                        Stimulation port         :	Zmin
                        Mode number              :	1
                        Accuracy                 :	3.68658e-14
                        Iterations               :	1
                        Solver time              :	0 s


                      ------------------------------------------------------------------------------
2025-06-14 19:41:10     Total time               :	6 s

                      ------------------------------------------------------------------------------
2025-06-14 19:41:10   

                      ------------------------------------------------------------------------------
2025-06-14 19:41:10     Calculation 17 (Frequency: 21.596 GHz, Theta: 0, Phi: 0)


                      ------------------------------------------------------------------------------
2025-06-14 19:41:16     Matrix setup time        :	0 s
                        Solver setup             :	5 s
                        Degrees of freedom       :	201776
                        Number of mesh cells     :	31445

                        Stimulation port         :	Zmin
                        Mode number              :	1
                        Accuracy                 :	5.14102e-14
                        Iterations               :	1
                        Solver time              :	0 s


                      ------------------------------------------------------------------------------
2025-06-14 19:41:17     Total time               :	6 s

                      ------------------------------------------------------------------------------
2025-06-14 19:41:17   

                      ------------------------------------------------------------------------------
2025-06-14 19:41:17     Calculation 18 (Frequency: 23.516 GHz, Theta: 0, Phi: 0)


                      ------------------------------------------------------------------------------
2025-06-14 19:41:23     Matrix setup time        :	0 s
                        Solver setup             :	5 s
                        Degrees of freedom       :	201776
                        Number of mesh cells     :	31445

                        Stimulation port         :	Zmin
                        Mode number              :	1
                        Accuracy                 :	2.27979e-14
                        Iterations               :	1
                        Solver time              :	0 s


                      ------------------------------------------------------------------------------
2025-06-14 19:41:23     Total time               :	6 s

                      ------------------------------------------------------------------------------
2025-06-14 19:41:23   

                      ------------------------------------------------------------------------------
2025-06-14 19:41:23     Calculation 19 (Frequency: 20.792 GHz, Theta: 0, Phi: 0)


                      ------------------------------------------------------------------------------
2025-06-14 19:41:30     Matrix setup time        :	0 s
                        Solver setup             :	5 s
                        Degrees of freedom       :	201776
                        Number of mesh cells     :	31445

                        Stimulation port         :	Zmin
                        Mode number              :	1
                        Accuracy                 :	4.63184e-14
                        Iterations               :	1
                        Solver time              :	0 s


                      ------------------------------------------------------------------------------
2025-06-14 19:41:30     Total time               :	6 s

                      ------------------------------------------------------------------------------
2025-06-14 19:41:30   

                      ------------------------------------------------------------------------------
2025-06-14 19:41:30     Calculation 20 (Frequency: 22.1 GHz, Theta: 0, Phi: 0)


                      ------------------------------------------------------------------------------
2025-06-14 19:41:36     Matrix setup time        :	0 s
                        Solver setup             :	5 s
                        Degrees of freedom       :	201776
                        Number of mesh cells     :	31445

                        Stimulation port         :	Zmin
                        Mode number              :	1
                        Accuracy                 :	4.25707e-14
                        Iterations               :	1
                        Solver time              :	0 s


                      ------------------------------------------------------------------------------
2025-06-14 19:41:37     Total time               :	6 s

                      ------------------------------------------------------------------------------
2025-06-14 19:41:37   

                      ------------------------------------------------------------------------------
2025-06-14 19:41:37     Calculation 21 (Frequency: 21.224 GHz, Theta: 0, Phi: 0)


                      ------------------------------------------------------------------------------
2025-06-14 19:41:43     Matrix setup time        :	0 s
                        Solver setup             :	6 s
                        Degrees of freedom       :	201776
                        Number of mesh cells     :	31445

                        Stimulation port         :	Zmin
                        Mode number              :	1
                        Accuracy                 :	4.37473e-14
                        Iterations               :	1
                        Solver time              :	0 s


                      ------------------------------------------------------------------------------
2025-06-14 19:41:44     Total time               :	6 s

                      ------------------------------------------------------------------------------
2025-06-14 19:41:44   

                      ------------------------------------------------------------------------------
2025-06-14 19:41:44     Calculation 22 (Frequency: 22.328 GHz, Theta: 0, Phi: 0)


                      ------------------------------------------------------------------------------
2025-06-14 19:41:50     Matrix setup time        :	0 s
                        Solver setup             :	5 s
                        Degrees of freedom       :	201776
                        Number of mesh cells     :	31445

                        Stimulation port         :	Zmin
                        Mode number              :	1
                        Accuracy                 :	3.83041e-14
                        Iterations               :	1
                        Solver time              :	0 s


                      ------------------------------------------------------------------------------
2025-06-14 19:41:50     Total time               :	6 s

                      ------------------------------------------------------------------------------
2025-06-14 19:41:50   

                      ------------------------------------------------------------------------------
2025-06-14 19:41:50     Calculation 23 (Frequency: 21.872 GHz, Theta: 0, Phi: 0)


                      ------------------------------------------------------------------------------
2025-06-14 19:41:57     Matrix setup time        :	0 s
                        Solver setup             :	6 s
                        Degrees of freedom       :	201776
                        Number of mesh cells     :	31445

                        Stimulation port         :	Zmin
                        Mode number              :	1
                        Accuracy                 :	3.82275e-14
                        Iterations               :	1
                        Solver time              :	0 s


                      ------------------------------------------------------------------------------
2025-06-14 19:41:57     Total time               :	6 s

                      ------------------------------------------------------------------------------
2025-06-14 19:41:57   

                      ------------------------------------------------------------------------------
2025-06-14 19:41:57     Calculation 24 (Frequency: 22.592 GHz, Theta: 0, Phi: 0)


                      ------------------------------------------------------------------------------
2025-06-14 19:42:04     Matrix setup time        :	0 s
                        Solver setup             :	5 s
                        Degrees of freedom       :	201776
                        Number of mesh cells     :	31445

                        Stimulation port         :	Zmin
                        Mode number              :	1
                        Accuracy                 :	3.78453e-14
                        Iterations               :	1
                        Solver time              :	0 s


                      ------------------------------------------------------------------------------
2025-06-14 19:42:04     Total time               :	6 s

                      ------------------------------------------------------------------------------
2025-06-14 19:42:04   

                      ------------------------------------------------------------------------------
2025-06-14 19:42:04   Finished the general purpose interpolative broadband frequency sweep:
                      All broadband sweep convergence criteria have been satisfied after
                      calculating 24 frequency samples:

                        Broadband sweep error threshold value :  0.01 (All S-Parameters) 
                        Number of error criterion checks      :  2 (All S-Parameters) 
                        Minimum number of samples             :  3
                        Number of data samples, linear        :  1001

                      ------------------------------------------------------------------------------
2025-06-14 19:42:04     Number of mesh cells     :	31445
                        Degrees of freedom       :	200516
                        Total Solver Time        :	183 s	 (= 0 h, 03 m, 03 s)
                      ================================================================================



                      ------------------------------------------------------------------------------
2025-06-14 19:42:04     ----------------------------------------------------------------------------
                                            Peak memory used (kB)         Free physical memory (kB) 
                                                                          At begin     Minimum      
                        ----------------------------------------------------------------------------
                        Solver start        22244                         8496108      8495416      
                        Eq. system setup    3371268                       8457240      7539180      
                        Eq. system solve    3371268                       8409524      5162208      
                        Mesh refinement     2023148                       8239668      7775912      
                        Solver run total    3371268                       8496112      5162208      

                        Computer name       Tahsin
                        ----------------------------------------------------------------------------


                      ------------------------------------------------------------------------------
2025-06-14 19:42:04   Running postprocessing.

                      ------------------------------------------------------------------------------
2025-06-14 19:42:05   Postprocessing finished.

                      ------------------------------------------------------------------------------
