2025-04-05 01:01:28   *** Warning ***

                      Electric isotropic material [Copper (pure)] has a very high conductivity for
                      the given mesh. Depending on your configuration it may be better to use a lossy
                      metal type for this material. More...

                      ------------------------------------------------------------------------------
2025-04-05 01:01:28   In order to get an optimal performance, hyperthreading is ignored for parallel
                      computations.

                      ------------------------------------------------------------------------------
2025-04-05 01:01:30   Units settings: 

                        Dimensions: mm
                        Frequency:  GHz
                        Time:       s

                      ------------------------------------------------------------------------------
2025-04-05 01:01:30   Boundary conditions: 

                        YZsymmetry: none
                        XZsymmetry: none
                        XYsymmetry: none

                        Xmin: unit cell
                        Xmax: unit cell

                        Ymin: unit cell
                        Ymax: unit cell

                        Zmin: expanded open
                        Zmax: expanded open

                      ------------------------------------------------------------------------------
2025-04-05 01:01:30   Order settings: 

                        Solver order   : 2nd (constant)
                        Curved elements: up to order 3 (automatic)

                      ------------------------------------------------------------------------------
2025-04-05 01:01:30   An iterative solver will be used first.

                      ------------------------------------------------------------------------------
2025-04-05 01:01:30     Mesh time                :	1 s


                      ------------------------------------------------------------------------------
2025-04-05 01:01:30   
                      ================================================================================
                      Frequency Domain Solver calculation cycle started

                      ------------------------------------------------------------------------------
2025-04-05 01:01:30   Solver started at: 2025-04-05 01:01:30 +0600

                        Module:  Frequency Domain: S-Parameter (Win 64)
                        Version: 2024.1 Release from 2023-10-16 (change 1181985)

                      ------------------------------------------------------------------------------
2025-04-05 01:01:30   The low frequency stabilization is not applied to periodic problems.

                      ------------------------------------------------------------------------------
2025-04-05 01:01:30     Calculation 1 of 1 (Frequency: 32 GHz, Theta: 0, Phi: 0)


                      ------------------------------------------------------------------------------
2025-04-05 01:01:30   The wavelength based mesh refinement has been applied to 4.9% of all mesh edges.

                      ------------------------------------------------------------------------------
2025-04-05 01:01:31   For some elements the curvature had to be reduced to maintain the quality of the mesh. More...

                      ------------------------------------------------------------------------------
2025-04-05 01:01:31   Adaptive mesh refinement pass 1

                      ------------------------------------------------------------------------------
2025-04-05 01:01:37   *** Warning ***

2025-04-05 01:01:37   Detected possible stagnation of the iterative solver (5.128292e-02 after 250 iterations.)
                      Please consider aborting the solver run, and check your simulation setup.  More...

                      ------------------------------------------------------------------------------
2025-04-05 01:01:43   *** Warning ***

2025-04-05 01:01:43   The solver stopped because the maximum number of iterations (500, used for automatic solver choice) has been reached.

                      ------------------------------------------------------------------------------
2025-04-05 01:01:43   Solving again, but with the direct solver. Please consider forcing the direct solver in the solver special settings, and
                      check your simulation setup (for instance source and material definitions.)

                      ------------------------------------------------------------------------------
2025-04-05 01:01:44     Matrix setup time        :	0 s
                        Degrees of freedom       :	36954
                        Number of mesh cells     :	5633

                        Stimulation port         :	Zmin
                        Mode number              :	1
                        Accuracy                 :	8.29051e-14
                        Iterations               :	1
                        Solver time              :	0 s


                      ------------------------------------------------------------------------------
2025-04-05 01:01:45   24% of all mesh edges seem to be longer than expected. The adaptive mesh refinement's growth limitation will therefore 
                      use 13897 instead of 3822 mesh cells as a reference.

                      ------------------------------------------------------------------------------
2025-04-05 01:01:45   The wavelength based mesh refinement has been applied to 0.1% of all mesh edges.

                      ------------------------------------------------------------------------------
2025-04-05 01:01:45   For some elements the curvature had to be reduced to maintain the quality of the mesh. More...

                      ------------------------------------------------------------------------------
2025-04-05 01:01:46   Adaptive mesh refinement pass 2

                      ------------------------------------------------------------------------------
2025-04-05 01:01:48     Matrix setup time        :	0 s
                        Solver setup             :	2 s
                        Degrees of freedom       :	77428
                        Number of mesh cells     :	11992

                        Stimulation port         :	Zmin
                        Mode number              :	1
                        Accuracy                 :	5.45065e-14
                        Iterations               :	1
                        Solver time              :	0 s


                      ------------------------------------------------------------------------------
2025-04-05 01:01:48     Delta calculation        
2025-04-05 01:01:48     All S-Parameters         :	0.0789218
2025-04-05 01:01:48   

                      ------------------------------------------------------------------------------
2025-04-05 01:01:50   For some elements the curvature had to be reduced to maintain the quality of the mesh. More...

                      ------------------------------------------------------------------------------
2025-04-05 01:01:50   Adaptive mesh refinement pass 3

                      ------------------------------------------------------------------------------
2025-04-05 01:01:55     Matrix setup time        :	0 s
                        Solver setup             :	4 s
                        Degrees of freedom       :	131020
                        Number of mesh cells     :	20408

                        Stimulation port         :	Zmin
                        Mode number              :	1
                        Accuracy                 :	2.76048e-14
                        Iterations               :	1
                        Solver time              :	0 s


                      ------------------------------------------------------------------------------
2025-04-05 01:01:55     Delta calculation        
2025-04-05 01:01:55     All S-Parameters         :	0.0271874
2025-04-05 01:01:55   

                      ------------------------------------------------------------------------------
2025-04-05 01:01:57   For some elements the curvature had to be reduced to maintain the quality of the mesh. More...

                      ------------------------------------------------------------------------------
2025-04-05 01:01:57   Adaptive mesh refinement pass 4

                      ------------------------------------------------------------------------------
2025-04-05 01:02:06     Matrix setup time        :	0 s
                        Solver setup             :	8 s
                        Degrees of freedom       :	206616
                        Number of mesh cells     :	32216

                        Stimulation port         :	Zmin
                        Mode number              :	1
                        Accuracy                 :	1.84512e-14
                        Iterations               :	1
                        Solver time              :	0 s


                      ------------------------------------------------------------------------------
2025-04-05 01:02:07     Delta calculation        
2025-04-05 01:02:07     All S-Parameters         :	0.0220487
2025-04-05 01:02:07   

                      ------------------------------------------------------------------------------
2025-04-05 01:02:09   For some elements the curvature had to be reduced to maintain the quality of the mesh. More...

                      ------------------------------------------------------------------------------
2025-04-05 01:02:10   Adaptive mesh refinement pass 5

                      ------------------------------------------------------------------------------
2025-04-05 01:02:30     Matrix setup time        :	1 s
                        Solver setup             :	18 s
                        Degrees of freedom       :	327474
                        Number of mesh cells     :	51115

                        Stimulation port         :	Zmin
                        Mode number              :	1
                        Accuracy                 :	2.93887e-14
                        Iterations               :	1
                        Solver time              :	0 s


                      ------------------------------------------------------------------------------
2025-04-05 01:02:30     Delta calculation        
2025-04-05 01:02:30     All S-Parameters         :	0.00883214
2025-04-05 01:02:30   

                      ------------------------------------------------------------------------------
2025-04-05 01:02:30   Mesh adaptation terminated because the desired accuracy limit is reached.

                      ------------------------------------------------------------------------------
2025-04-05 01:02:31   *** Warning ***

2025-04-05 01:02:31   At least one propagating Floquet mode is not considered at port Zmin. Please increase the number of modes at this port. 
                      More...

                      ------------------------------------------------------------------------------
2025-04-05 01:02:31   *** Warning ***

2025-04-05 01:02:31   At least one propagating Floquet mode is not considered at port Zmax. Please increase the number of modes at this port. 
                      More...

                      ------------------------------------------------------------------------------
2025-04-05 01:02:31     Total time               :	60 s	 (= 0 h, 01 m, 00 s)

                      ------------------------------------------------------------------------------
2025-04-05 01:02:31   

                      ------------------------------------------------------------------------------
2025-04-05 01:02:31     Calculation 2 (Frequency: 20 GHz, Theta: 0, Phi: 0)


                      ------------------------------------------------------------------------------
2025-04-05 01:02:47     Matrix setup time        :	0 s
                        Solver setup             :	15 s
                        Degrees of freedom       :	327474
                        Number of mesh cells     :	51115

                        Stimulation port         :	Zmin
                        Mode number              :	1
                        Accuracy                 :	2.70242e-14
                        Iterations               :	1
                        Solver time              :	0 s


                      ------------------------------------------------------------------------------
2025-04-05 01:02:48     Total time               :	16 s

                      ------------------------------------------------------------------------------
2025-04-05 01:02:48   

                      ------------------------------------------------------------------------------
2025-04-05 01:02:48     Calculation 3 (Frequency: 26 GHz, Theta: 0, Phi: 0)


                      ------------------------------------------------------------------------------
2025-04-05 01:03:04     Matrix setup time        :	0 s
                        Solver setup             :	15 s
                        Degrees of freedom       :	327474
                        Number of mesh cells     :	51115

                        Stimulation port         :	Zmin
                        Mode number              :	1
                        Accuracy                 :	2.30763e-14
                        Iterations               :	1
                        Solver time              :	0 s


                      ------------------------------------------------------------------------------
2025-04-05 01:03:05     Total time               :	16 s

                      ------------------------------------------------------------------------------
2025-04-05 01:03:05   

                      ------------------------------------------------------------------------------
2025-04-05 01:03:05     Calculation 4 (Frequency: 29 GHz, Theta: 0, Phi: 0)


                      ------------------------------------------------------------------------------
2025-04-05 01:03:21     Matrix setup time        :	0 s
                        Solver setup             :	15 s
                        Degrees of freedom       :	327474
                        Number of mesh cells     :	51115

                        Stimulation port         :	Zmin
                        Mode number              :	1
                        Accuracy                 :	2.04798e-14
                        Iterations               :	1
                        Solver time              :	0 s


                      ------------------------------------------------------------------------------
2025-04-05 01:03:21     Total time               :	16 s

                      ------------------------------------------------------------------------------
2025-04-05 01:03:21   

                      ------------------------------------------------------------------------------
2025-04-05 01:03:21     Calculation 5 (Frequency: 23.48 GHz, Theta: 0, Phi: 0)


                      ------------------------------------------------------------------------------
2025-04-05 01:03:37     Matrix setup time        :	0 s
                        Solver setup             :	14 s
                        Degrees of freedom       :	327474
                        Number of mesh cells     :	51115

                        Stimulation port         :	Zmin
                        Mode number              :	1
                        Accuracy                 :	3.95821e-14
                        Iterations               :	1
                        Solver time              :	0 s


                      ------------------------------------------------------------------------------
2025-04-05 01:03:37     Total time               :	15 s

                      ------------------------------------------------------------------------------
2025-04-05 01:03:37   

                      ------------------------------------------------------------------------------
2025-04-05 01:03:37     Calculation 6 (Frequency: 27.584 GHz, Theta: 0, Phi: 0)


                      ------------------------------------------------------------------------------
2025-04-05 01:03:53     Matrix setup time        :	0 s
                        Solver setup             :	14 s
                        Degrees of freedom       :	327474
                        Number of mesh cells     :	51115

                        Stimulation port         :	Zmin
                        Mode number              :	1
                        Accuracy                 :	5.732e-14
                        Iterations               :	1
                        Solver time              :	0 s


                      ------------------------------------------------------------------------------
2025-04-05 01:03:53     Total time               :	15 s

                      ------------------------------------------------------------------------------
2025-04-05 01:03:53   

                      ------------------------------------------------------------------------------
2025-04-05 01:03:54     Calculation 7 (Frequency: 22.184 GHz, Theta: 0, Phi: 0)


                      ------------------------------------------------------------------------------
2025-04-05 01:04:10     Matrix setup time        :	0 s
                        Solver setup             :	15 s
                        Degrees of freedom       :	327474
                        Number of mesh cells     :	51115

                        Stimulation port         :	Zmin
                        Mode number              :	1
                        Accuracy                 :	4.20187e-14
                        Iterations               :	1
                        Solver time              :	0 s


                      ------------------------------------------------------------------------------
2025-04-05 01:04:10     Total time               :	16 s

                      ------------------------------------------------------------------------------
2025-04-05 01:04:10   

                      ------------------------------------------------------------------------------
2025-04-05 01:04:10     Calculation 8 (Frequency: 27.104 GHz, Theta: 0, Phi: 0)


                      ------------------------------------------------------------------------------
2025-04-05 01:04:25     Matrix setup time        :	0 s
                        Solver setup             :	14 s
                        Degrees of freedom       :	327474
                        Number of mesh cells     :	51115

                        Stimulation port         :	Zmin
                        Mode number              :	1
                        Accuracy                 :	4.65211e-14
                        Iterations               :	1
                        Solver time              :	0 s


                      ------------------------------------------------------------------------------
2025-04-05 01:04:26     Total time               :	15 s

                      ------------------------------------------------------------------------------
2025-04-05 01:04:26   

                      ------------------------------------------------------------------------------
2025-04-05 01:04:26     Calculation 9 (Frequency: 21.5 GHz, Theta: 0, Phi: 0)


                      ------------------------------------------------------------------------------
2025-04-05 01:04:41     Matrix setup time        :	0 s
                        Solver setup             :	14 s
                        Degrees of freedom       :	327474
                        Number of mesh cells     :	51115

                        Stimulation port         :	Zmin
                        Mode number              :	1
                        Accuracy                 :	4.41774e-14
                        Iterations               :	1
                        Solver time              :	0 s


                      ------------------------------------------------------------------------------
2025-04-05 01:04:41     Total time               :	15 s

                      ------------------------------------------------------------------------------
2025-04-05 01:04:41   

                      ------------------------------------------------------------------------------
2025-04-05 01:04:41     Calculation 10 (Frequency: 22.772 GHz, Theta: 0, Phi: 0)


                      ------------------------------------------------------------------------------
2025-04-05 01:04:57     Matrix setup time        :	0 s
                        Solver setup             :	14 s
                        Degrees of freedom       :	327474
                        Number of mesh cells     :	51115

                        Stimulation port         :	Zmin
                        Mode number              :	1
                        Accuracy                 :	2.94882e-14
                        Iterations               :	1
                        Solver time              :	0 s


                      ------------------------------------------------------------------------------
2025-04-05 01:04:57     Total time               :	15 s

                      ------------------------------------------------------------------------------
2025-04-05 01:04:57   

                      ------------------------------------------------------------------------------
2025-04-05 01:04:57     Calculation 11 (Frequency: 20.672 GHz, Theta: 0, Phi: 0)


                      ------------------------------------------------------------------------------
2025-04-05 01:05:12     Matrix setup time        :	0 s
                        Solver setup             :	14 s
                        Degrees of freedom       :	327474
                        Number of mesh cells     :	51115

                        Stimulation port         :	Zmin
                        Mode number              :	1
                        Accuracy                 :	3.33635e-14
                        Iterations               :	1
                        Solver time              :	0 s


                      ------------------------------------------------------------------------------
2025-04-05 01:05:13     Total time               :	15 s

                      ------------------------------------------------------------------------------
2025-04-05 01:05:13   

                      ------------------------------------------------------------------------------
2025-04-05 01:05:13     Calculation 12 (Frequency: 23.948 GHz, Theta: 0, Phi: 0)


                      ------------------------------------------------------------------------------
2025-04-05 01:05:29     Matrix setup time        :	0 s
                        Solver setup             :	14 s
                        Degrees of freedom       :	327474
                        Number of mesh cells     :	51115

                        Stimulation port         :	Zmin
                        Mode number              :	1
                        Accuracy                 :	2.81574e-14
                        Iterations               :	1
                        Solver time              :	0 s


                      ------------------------------------------------------------------------------
2025-04-05 01:05:29     Total time               :	16 s

                      ------------------------------------------------------------------------------
2025-04-05 01:05:29   

                      ------------------------------------------------------------------------------
2025-04-05 01:05:29     Calculation 13 (Frequency: 30.968 GHz, Theta: 0, Phi: 0)


                      ------------------------------------------------------------------------------
2025-04-05 01:05:45     Matrix setup time        :	0 s
                        Solver setup             :	14 s
                        Degrees of freedom       :	327474
                        Number of mesh cells     :	51115

                        Stimulation port         :	Zmin
                        Mode number              :	1
                        Accuracy                 :	1.08121e-13
                        Iterations               :	1
                        Solver time              :	0 s


                      ------------------------------------------------------------------------------
2025-04-05 01:05:45     Total time               :	16 s

                      ------------------------------------------------------------------------------
2025-04-05 01:05:45   

                      ------------------------------------------------------------------------------
2025-04-05 01:05:45     Calculation 14 (Frequency: 24.164 GHz, Theta: 0, Phi: 0)


                      ------------------------------------------------------------------------------
2025-04-05 01:06:02     Matrix setup time        :	0 s
                        Solver setup             :	15 s
                        Degrees of freedom       :	327474
                        Number of mesh cells     :	51115

                        Stimulation port         :	Zmin
                        Mode number              :	1
                        Accuracy                 :	2.02912e-14
                        Iterations               :	1
                        Solver time              :	0 s


                      ------------------------------------------------------------------------------
2025-04-05 01:06:03     Total time               :	17 s

                      ------------------------------------------------------------------------------
2025-04-05 01:06:03   

                      ------------------------------------------------------------------------------
2025-04-05 01:06:03     Calculation 15 (Frequency: 23.636 GHz, Theta: 0, Phi: 0)


                      ------------------------------------------------------------------------------
2025-04-05 01:06:19     Matrix setup time        :	0 s
                        Solver setup             :	15 s
                        Degrees of freedom       :	327474
                        Number of mesh cells     :	51115

                        Stimulation port         :	Zmin
                        Mode number              :	1
                        Accuracy                 :	2.06529e-14
                        Iterations               :	1
                        Solver time              :	0 s


                      ------------------------------------------------------------------------------
2025-04-05 01:06:19     Total time               :	16 s

                      ------------------------------------------------------------------------------
2025-04-05 01:06:19   

                      ------------------------------------------------------------------------------
2025-04-05 01:06:19     Calculation 16 (Frequency: 24.452 GHz, Theta: 0, Phi: 0)


                      ------------------------------------------------------------------------------
2025-04-05 01:06:35     Matrix setup time        :	0 s
                        Solver setup             :	15 s
                        Degrees of freedom       :	327474
                        Number of mesh cells     :	51115

                        Stimulation port         :	Zmin
                        Mode number              :	1
                        Accuracy                 :	1.96493e-14
                        Iterations               :	1
                        Solver time              :	0 s


                      ------------------------------------------------------------------------------
2025-04-05 01:06:36     Total time               :	16 s

                      ------------------------------------------------------------------------------
2025-04-05 01:06:36   

                      ------------------------------------------------------------------------------
2025-04-05 01:06:36     Calculation 17 (Frequency: 31.508 GHz, Theta: 0, Phi: 0)


                      ------------------------------------------------------------------------------
2025-04-05 01:06:52     Matrix setup time        :	0 s
                        Solver setup             :	14 s
                        Degrees of freedom       :	327474
                        Number of mesh cells     :	51115

                        Stimulation port         :	Zmin
                        Mode number              :	1
                        Accuracy                 :	6.58442e-14
                        Iterations               :	1
                        Solver time              :	0 s


                      ------------------------------------------------------------------------------
2025-04-05 01:06:52     Total time               :	16 s

                      ------------------------------------------------------------------------------
2025-04-05 01:06:52   

                      ------------------------------------------------------------------------------
2025-04-05 01:06:52     Calculation 18 (Frequency: 30.2 GHz, Theta: 0, Phi: 0)


                      ------------------------------------------------------------------------------
2025-04-05 01:07:08     Matrix setup time        :	0 s
                        Solver setup             :	15 s
                        Degrees of freedom       :	327474
                        Number of mesh cells     :	51115

                        Stimulation port         :	Zmin
                        Mode number              :	1
                        Accuracy                 :	4.07005e-14
                        Iterations               :	1
                        Solver time              :	0 s


                      ------------------------------------------------------------------------------
2025-04-05 01:07:09     Total time               :	16 s

                      ------------------------------------------------------------------------------
2025-04-05 01:07:09   

                      ------------------------------------------------------------------------------
2025-04-05 01:07:09     Calculation 19 (Frequency: 28.244 GHz, Theta: 0, Phi: 0)


                      ------------------------------------------------------------------------------
2025-04-05 01:07:25     Matrix setup time        :	0 s
                        Solver setup             :	15 s
                        Degrees of freedom       :	327474
                        Number of mesh cells     :	51115

                        Stimulation port         :	Zmin
                        Mode number              :	1
                        Accuracy                 :	4.25277e-14
                        Iterations               :	1
                        Solver time              :	0 s


                      ------------------------------------------------------------------------------
2025-04-05 01:07:25     Total time               :	16 s

                      ------------------------------------------------------------------------------
2025-04-05 01:07:25   

                      ------------------------------------------------------------------------------
2025-04-05 01:07:25     Calculation 20 (Frequency: 29.528 GHz, Theta: 0, Phi: 0)


                      ------------------------------------------------------------------------------
2025-04-05 01:07:42     Matrix setup time        :	0 s
                        Solver setup             :	15 s
                        Degrees of freedom       :	327474
                        Number of mesh cells     :	51115

                        Stimulation port         :	Zmin
                        Mode number              :	1
                        Accuracy                 :	2.62186e-14
                        Iterations               :	1
                        Solver time              :	0 s


                      ------------------------------------------------------------------------------
2025-04-05 01:07:42     Total time               :	16 s

                      ------------------------------------------------------------------------------
2025-04-05 01:07:42   

                      ------------------------------------------------------------------------------
2025-04-05 01:07:42     Calculation 21 (Frequency: 27.968 GHz, Theta: 0, Phi: 0)


                      ------------------------------------------------------------------------------
2025-04-05 01:07:58     Matrix setup time        :	0 s
                        Solver setup             :	15 s
                        Degrees of freedom       :	327474
                        Number of mesh cells     :	51115

                        Stimulation port         :	Zmin
                        Mode number              :	1
                        Accuracy                 :	4.54241e-14
                        Iterations               :	1
                        Solver time              :	0 s


                      ------------------------------------------------------------------------------
2025-04-05 01:07:59     Total time               :	16 s

                      ------------------------------------------------------------------------------
2025-04-05 01:07:59   

                      ------------------------------------------------------------------------------
2025-04-05 01:07:59     Calculation 22 (Frequency: 29.348 GHz, Theta: 0, Phi: 0)


                      ------------------------------------------------------------------------------
2025-04-05 01:08:15     Matrix setup time        :	0 s
                        Solver setup             :	15 s
                        Degrees of freedom       :	327474
                        Number of mesh cells     :	51115

                        Stimulation port         :	Zmin
                        Mode number              :	1
                        Accuracy                 :	3.24433e-14
                        Iterations               :	1
                        Solver time              :	0 s


                      ------------------------------------------------------------------------------
2025-04-05 01:08:15     Total time               :	16 s

                      ------------------------------------------------------------------------------
2025-04-05 01:08:15   

                      ------------------------------------------------------------------------------
2025-04-05 01:08:15     Calculation 23 (Frequency: 29.924 GHz, Theta: 0, Phi: 0)


                      ------------------------------------------------------------------------------
2025-04-05 01:08:32     Matrix setup time        :	0 s
                        Solver setup             :	15 s
                        Degrees of freedom       :	327474
                        Number of mesh cells     :	51115

                        Stimulation port         :	Zmin
                        Mode number              :	1
                        Accuracy                 :	4.95205e-14
                        Iterations               :	1
                        Solver time              :	0 s


                      ------------------------------------------------------------------------------
2025-04-05 01:08:32     Total time               :	16 s

                      ------------------------------------------------------------------------------
2025-04-05 01:08:32   

                      ------------------------------------------------------------------------------
2025-04-05 01:08:32     Calculation 24 (Frequency: 30.464 GHz, Theta: 0, Phi: 0)


                      ------------------------------------------------------------------------------
2025-04-05 01:08:48     Matrix setup time        :	0 s
                        Solver setup             :	15 s
                        Degrees of freedom       :	327474
                        Number of mesh cells     :	51115

                        Stimulation port         :	Zmin
                        Mode number              :	1
                        Accuracy                 :	3.37884e-14
                        Iterations               :	1
                        Solver time              :	0 s


                      ------------------------------------------------------------------------------
2025-04-05 01:08:49     Total time               :	16 s

                      ------------------------------------------------------------------------------
2025-04-05 01:08:49   

                      ------------------------------------------------------------------------------
2025-04-05 01:08:49     Calculation 25 (Frequency: 27.368 GHz, Theta: 0, Phi: 0)


                      ------------------------------------------------------------------------------
2025-04-05 01:09:05     Matrix setup time        :	0 s
                        Solver setup             :	15 s
                        Degrees of freedom       :	327474
                        Number of mesh cells     :	51115

                        Stimulation port         :	Zmin
                        Mode number              :	1
                        Accuracy                 :	4.14251e-14
                        Iterations               :	1
                        Solver time              :	0 s


                      ------------------------------------------------------------------------------
2025-04-05 01:09:05     Total time               :	16 s

                      ------------------------------------------------------------------------------
2025-04-05 01:09:05   

                      ------------------------------------------------------------------------------
2025-04-05 01:09:05     Calculation 26 (Frequency: 26.636 GHz, Theta: 0, Phi: 0)


                      ------------------------------------------------------------------------------
2025-04-05 01:09:22     Matrix setup time        :	0 s
                        Solver setup             :	16 s
                        Degrees of freedom       :	327474
                        Number of mesh cells     :	51115

                        Stimulation port         :	Zmin
                        Mode number              :	1
                        Accuracy                 :	3.7441e-14
                        Iterations               :	1
                        Solver time              :	0 s


                      ------------------------------------------------------------------------------
2025-04-05 01:09:23     Total time               :	17 s

                      ------------------------------------------------------------------------------
2025-04-05 01:09:23   

                      ------------------------------------------------------------------------------
2025-04-05 01:09:23     Calculation 27 (Frequency: 24.92 GHz, Theta: 0, Phi: 0)


                      ------------------------------------------------------------------------------
2025-04-05 01:09:40     Matrix setup time        :	0 s
                        Solver setup             :	15 s
                        Degrees of freedom       :	327474
                        Number of mesh cells     :	51115

                        Stimulation port         :	Zmin
                        Mode number              :	1
                        Accuracy                 :	3.1199e-14
                        Iterations               :	1
                        Solver time              :	0 s


                      ------------------------------------------------------------------------------
2025-04-05 01:09:40     Total time               :	16 s

                      ------------------------------------------------------------------------------
2025-04-05 01:09:40   

                      ------------------------------------------------------------------------------
2025-04-05 01:09:40     Calculation 28 (Frequency: 21.8 GHz, Theta: 0, Phi: 0)


                      ------------------------------------------------------------------------------
2025-04-05 01:09:57     Matrix setup time        :	0 s
                        Solver setup             :	15 s
                        Degrees of freedom       :	327474
                        Number of mesh cells     :	51115

                        Stimulation port         :	Zmin
                        Mode number              :	1
                        Accuracy                 :	4.17225e-14
                        Iterations               :	1
                        Solver time              :	0 s


                      ------------------------------------------------------------------------------
2025-04-05 01:09:57     Total time               :	16 s

                      ------------------------------------------------------------------------------
2025-04-05 01:09:57   

                      ------------------------------------------------------------------------------
2025-04-05 01:09:57     Calculation 29 (Frequency: 21.164 GHz, Theta: 0, Phi: 0)


                      ------------------------------------------------------------------------------
2025-04-05 01:10:14     Matrix setup time        :	0 s
                        Solver setup             :	15 s
                        Degrees of freedom       :	327474
                        Number of mesh cells     :	51115

                        Stimulation port         :	Zmin
                        Mode number              :	1
                        Accuracy                 :	5.11319e-14
                        Iterations               :	1
                        Solver time              :	0 s


                      ------------------------------------------------------------------------------
2025-04-05 01:10:14     Total time               :	17 s

                      ------------------------------------------------------------------------------
2025-04-05 01:10:14   

                      ------------------------------------------------------------------------------
2025-04-05 01:10:14     Calculation 30 (Frequency: 20.276 GHz, Theta: 0, Phi: 0)


                      ------------------------------------------------------------------------------
2025-04-05 01:10:30     Matrix setup time        :	0 s
                        Solver setup             :	14 s
                        Degrees of freedom       :	327474
                        Number of mesh cells     :	51115

                        Stimulation port         :	Zmin
                        Mode number              :	1
                        Accuracy                 :	2.97971e-14
                        Iterations               :	1
                        Solver time              :	0 s


                      ------------------------------------------------------------------------------
2025-04-05 01:10:30     Total time               :	15 s

                      ------------------------------------------------------------------------------
2025-04-05 01:10:30   

                      ------------------------------------------------------------------------------
2025-04-05 01:10:30   Finished the general purpose interpolative broadband frequency sweep:
                      All broadband sweep convergence criteria have been satisfied after
                      calculating 30 frequency samples:

                        Broadband sweep error threshold value :  0.01 (All S-Parameters) 
                        Number of error criterion checks      :  2 (All S-Parameters) 
                        Minimum number of samples             :  3
                        Number of data samples, linear        :  1001

                      ------------------------------------------------------------------------------
2025-04-05 01:10:30     Number of mesh cells     :	51115
                        Degrees of freedom       :	325884
                        Total Solver Time        :	541 s	 (= 0 h, 09 m, 01 s)
                      ================================================================================



                      ------------------------------------------------------------------------------
2025-04-05 01:10:31     ----------------------------------------------------------------------------
                                            Peak memory used (kB)         Free physical memory (kB) 
                                                                          At begin     Minimum      
                        ----------------------------------------------------------------------------
                        Solver start        22052                         7677408      7676468      
                        Eq. system setup    5779540                       7668096      6385060      
                        Eq. system solve    5779540                       7620948      1855580      
                        Mesh refinement     3498004                       7499580      6888652      
                        Solver run total    5779540                       7677412      1855580      

                        Computer name       Tahsin
                        ----------------------------------------------------------------------------


                      ------------------------------------------------------------------------------
2025-04-05 01:10:31   Running postprocessing.

                      ------------------------------------------------------------------------------
2025-04-05 01:10:31   Postprocessing finished.

                      ------------------------------------------------------------------------------
