2025-04-13 12:49:47   *** Warning ***

                      Electric isotropic material [Copper (pure)] has a very high conductivity for
                      the given mesh. Depending on your configuration it may be better to use a lossy
                      metal type for this material. More...

                      ------------------------------------------------------------------------------
2025-04-13 12:49:47   In order to get an optimal performance, hyperthreading is ignored for parallel
                      computations.

                      ------------------------------------------------------------------------------
2025-04-13 12:49:49   Units settings: 

                        Dimensions: mm
                        Frequency:  GHz
                        Time:       s

                      ------------------------------------------------------------------------------
2025-04-13 12:49:49   Boundary conditions: 

                        YZsymmetry: none
                        XZsymmetry: none
                        XYsymmetry: none

                        Xmin: unit cell
                        Xmax: unit cell

                        Ymin: unit cell
                        Ymax: unit cell

                        Zmin: expanded open
                        Zmax: expanded open

                      ------------------------------------------------------------------------------
2025-04-13 12:49:49   Order settings: 

                        Solver order   : 2nd (constant)
                        Curved elements: up to order 3 (automatic)

                      ------------------------------------------------------------------------------
2025-04-13 12:49:50   An iterative solver will be used first.

                      ------------------------------------------------------------------------------
2025-04-13 12:49:50     Mesh time                :	2 s


                      ------------------------------------------------------------------------------
2025-04-13 12:49:50   
                      ================================================================================
                      Frequency Domain Solver calculation cycle started

                      ------------------------------------------------------------------------------
2025-04-13 12:49:50   Solver started at: 2025-04-13 12:49:50 +0600

                        Module:  Frequency Domain: S-Parameter (Win 64)
                        Version: 2024.1 Release from 2023-10-16 (change 1181985)

                      ------------------------------------------------------------------------------
2025-04-13 12:49:50   The low frequency stabilization is not applied to periodic problems.

                      ------------------------------------------------------------------------------
2025-04-13 12:49:50     Calculation 1 of 1 (Frequency: 32 GHz, Theta: 0, Phi: 0)


                      ------------------------------------------------------------------------------
2025-04-13 12:49:50   The wavelength based mesh refinement has been applied to 4.9% of all mesh edges.

                      ------------------------------------------------------------------------------
2025-04-13 12:49:50   For some elements the curvature had to be reduced to maintain the quality of the mesh. More...

                      ------------------------------------------------------------------------------
2025-04-13 12:49:50   Adaptive mesh refinement pass 1

                      ------------------------------------------------------------------------------
2025-04-13 12:49:57   *** Warning ***

2025-04-13 12:49:57   Detected possible stagnation of the iterative solver (3.975391e-02 after 250 iterations.)
                      Please consider aborting the solver run, and check your simulation setup.  More...

                      ------------------------------------------------------------------------------
2025-04-13 12:50:03   *** Warning ***

2025-04-13 12:50:03   The solver stopped because the maximum number of iterations (500, used for automatic solver choice) has been reached.

                      ------------------------------------------------------------------------------
2025-04-13 12:50:03   Solving again, but with the direct solver. Please consider forcing the direct solver in the solver special settings, and
                      check your simulation setup (for instance source and material definitions.)

                      ------------------------------------------------------------------------------
2025-04-13 12:50:04     Matrix setup time        :	0 s
                        Degrees of freedom       :	35980
                        Number of mesh cells     :	5481

                        Stimulation port         :	Zmin
                        Mode number              :	1
                        Accuracy                 :	7.35502e-14
                        Iterations               :	1
                        Solver time              :	0 s


                      ------------------------------------------------------------------------------
2025-04-13 12:50:04   26% of all mesh edges seem to be longer than expected. The adaptive mesh refinement's growth limitation will therefore 
                      use 14360 instead of 3651 mesh cells as a reference.

                      ------------------------------------------------------------------------------
2025-04-13 12:50:04   For some elements the curvature had to be slightly reduced to maintain the quality of the mesh. More...

                      ------------------------------------------------------------------------------
2025-04-13 12:50:05   Adaptive mesh refinement pass 2

                      ------------------------------------------------------------------------------
2025-04-13 12:50:07     Matrix setup time        :	0 s
                        Solver setup             :	2 s
                        Degrees of freedom       :	78118
                        Number of mesh cells     :	12105

                        Stimulation port         :	Zmin
                        Mode number              :	1
                        Accuracy                 :	4.04905e-14
                        Iterations               :	1
                        Solver time              :	0 s


                      ------------------------------------------------------------------------------
2025-04-13 12:50:07     Delta calculation        
2025-04-13 12:50:07     All S-Parameters         :	0.0105784
2025-04-13 12:50:07   

                      ------------------------------------------------------------------------------
2025-04-13 12:50:09   Adaptive mesh refinement pass 3

                      ------------------------------------------------------------------------------
2025-04-13 12:50:14     Matrix setup time        :	0 s
                        Solver setup             :	4 s
                        Degrees of freedom       :	126610
                        Number of mesh cells     :	19696

                        Stimulation port         :	Zmin
                        Mode number              :	1
                        Accuracy                 :	4.25921e-14
                        Iterations               :	1
                        Solver time              :	0 s


                      ------------------------------------------------------------------------------
2025-04-13 12:50:14     Delta calculation        
2025-04-13 12:50:14     All S-Parameters         :	0.00810974
2025-04-13 12:50:14   

                      ------------------------------------------------------------------------------
2025-04-13 12:50:14   Mesh adaptation terminated because the desired accuracy limit is reached.

                      ------------------------------------------------------------------------------
2025-04-13 12:50:14   *** Warning ***

2025-04-13 12:50:14   At least one propagating Floquet mode is not considered at port Zmin. Please increase the number of modes at this port. 
                      More...

                      ------------------------------------------------------------------------------
2025-04-13 12:50:14   *** Warning ***

2025-04-13 12:50:14   At least one propagating Floquet mode is not considered at port Zmax. Please increase the number of modes at this port. 
                      More...

                      ------------------------------------------------------------------------------
2025-04-13 12:50:14     Total time               :	24 s

                      ------------------------------------------------------------------------------
2025-04-13 12:50:14   

                      ------------------------------------------------------------------------------
2025-04-13 12:50:14     Calculation 2 (Frequency: 20 GHz, Theta: 0, Phi: 0)


                      ------------------------------------------------------------------------------
2025-04-13 12:50:18     Matrix setup time        :	0 s
                        Solver setup             :	3 s
                        Degrees of freedom       :	126610
                        Number of mesh cells     :	19696

                        Stimulation port         :	Zmin
                        Mode number              :	1
                        Accuracy                 :	7.54399e-14
                        Iterations               :	1
                        Solver time              :	0 s


                      ------------------------------------------------------------------------------
2025-04-13 12:50:18     Total time               :	3 s

                      ------------------------------------------------------------------------------
2025-04-13 12:50:18   

                      ------------------------------------------------------------------------------
2025-04-13 12:50:18     Calculation 3 (Frequency: 26 GHz, Theta: 0, Phi: 0)


                      ------------------------------------------------------------------------------
2025-04-13 12:50:22     Matrix setup time        :	0 s
                        Solver setup             :	3 s
                        Degrees of freedom       :	126610
                        Number of mesh cells     :	19696

                        Stimulation port         :	Zmin
                        Mode number              :	1
                        Accuracy                 :	3.09619e-14
                        Iterations               :	1
                        Solver time              :	0 s


                      ------------------------------------------------------------------------------
2025-04-13 12:50:22     Total time               :	3 s

                      ------------------------------------------------------------------------------
2025-04-13 12:50:22   

                      ------------------------------------------------------------------------------
2025-04-13 12:50:22     Calculation 4 (Frequency: 29 GHz, Theta: 0, Phi: 0)


                      ------------------------------------------------------------------------------
2025-04-13 12:50:26     Matrix setup time        :	0 s
                        Solver setup             :	3 s
                        Degrees of freedom       :	126610
                        Number of mesh cells     :	19696

                        Stimulation port         :	Zmin
                        Mode number              :	1
                        Accuracy                 :	6.90392e-14
                        Iterations               :	1
                        Solver time              :	0 s


                      ------------------------------------------------------------------------------
2025-04-13 12:50:26     Total time               :	3 s

                      ------------------------------------------------------------------------------
2025-04-13 12:50:26   

                      ------------------------------------------------------------------------------
2025-04-13 12:50:26     Calculation 5 (Frequency: 23.564 GHz, Theta: 0, Phi: 0)


                      ------------------------------------------------------------------------------
2025-04-13 12:50:30     Matrix setup time        :	0 s
                        Solver setup             :	3 s
                        Degrees of freedom       :	126610
                        Number of mesh cells     :	19696

                        Stimulation port         :	Zmin
                        Mode number              :	1
                        Accuracy                 :	4.93754e-14
                        Iterations               :	1
                        Solver time              :	0 s


                      ------------------------------------------------------------------------------
2025-04-13 12:50:30     Total time               :	4 s

                      ------------------------------------------------------------------------------
2025-04-13 12:50:30   

                      ------------------------------------------------------------------------------
2025-04-13 12:50:30     Calculation 6 (Frequency: 27.38 GHz, Theta: 0, Phi: 0)


                      ------------------------------------------------------------------------------
2025-04-13 12:50:34     Matrix setup time        :	0 s
                        Solver setup             :	3 s
                        Degrees of freedom       :	126610
                        Number of mesh cells     :	19696

                        Stimulation port         :	Zmin
                        Mode number              :	1
                        Accuracy                 :	3.35674e-14
                        Iterations               :	1
                        Solver time              :	0 s


                      ------------------------------------------------------------------------------
2025-04-13 12:50:34     Total time               :	3 s

                      ------------------------------------------------------------------------------
2025-04-13 12:50:34   

                      ------------------------------------------------------------------------------
2025-04-13 12:50:34     Calculation 7 (Frequency: 22.424 GHz, Theta: 0, Phi: 0)


                      ------------------------------------------------------------------------------
2025-04-13 12:50:39     Matrix setup time        :	0 s
                        Solver setup             :	4 s
                        Degrees of freedom       :	126610
                        Number of mesh cells     :	19696

                        Stimulation port         :	Zmin
                        Mode number              :	1
                        Accuracy                 :	5.17181e-14
                        Iterations               :	1
                        Solver time              :	0 s


                      ------------------------------------------------------------------------------
2025-04-13 12:50:39     Total time               :	4 s

                      ------------------------------------------------------------------------------
2025-04-13 12:50:39   

                      ------------------------------------------------------------------------------
2025-04-13 12:50:39     Calculation 8 (Frequency: 28.028 GHz, Theta: 0, Phi: 0)


                      ------------------------------------------------------------------------------
2025-04-13 12:50:43     Matrix setup time        :	0 s
                        Solver setup             :	3 s
                        Degrees of freedom       :	126610
                        Number of mesh cells     :	19696

                        Stimulation port         :	Zmin
                        Mode number              :	1
                        Accuracy                 :	4.28221e-14
                        Iterations               :	1
                        Solver time              :	0 s


                      ------------------------------------------------------------------------------
2025-04-13 12:50:43     Total time               :	4 s

                      ------------------------------------------------------------------------------
2025-04-13 12:50:43   

                      ------------------------------------------------------------------------------
2025-04-13 12:50:44     Calculation 9 (Frequency: 22.34 GHz, Theta: 0, Phi: 0)


                      ------------------------------------------------------------------------------
2025-04-13 12:50:48     Matrix setup time        :	0 s
                        Solver setup             :	3 s
                        Degrees of freedom       :	126610
                        Number of mesh cells     :	19696

                        Stimulation port         :	Zmin
                        Mode number              :	1
                        Accuracy                 :	5.65233e-14
                        Iterations               :	1
                        Solver time              :	0 s


                      ------------------------------------------------------------------------------
2025-04-13 12:50:48     Total time               :	4 s

                      ------------------------------------------------------------------------------
2025-04-13 12:50:48   

                      ------------------------------------------------------------------------------
2025-04-13 12:50:48     Calculation 10 (Frequency: 27.932 GHz, Theta: 0, Phi: 0)


                      ------------------------------------------------------------------------------
2025-04-13 12:50:53     Matrix setup time        :	0 s
                        Solver setup             :	4 s
                        Degrees of freedom       :	126610
                        Number of mesh cells     :	19696

                        Stimulation port         :	Zmin
                        Mode number              :	1
                        Accuracy                 :	4.14964e-14
                        Iterations               :	1
                        Solver time              :	0 s


                      ------------------------------------------------------------------------------
2025-04-13 12:50:53     Total time               :	4 s

                      ------------------------------------------------------------------------------
2025-04-13 12:50:53   

                      ------------------------------------------------------------------------------
2025-04-13 12:50:53     Calculation 11 (Frequency: 29.252 GHz, Theta: 0, Phi: 0)


                      ------------------------------------------------------------------------------
2025-04-13 12:50:57     Matrix setup time        :	0 s
                        Solver setup             :	3 s
                        Degrees of freedom       :	126610
                        Number of mesh cells     :	19696

                        Stimulation port         :	Zmin
                        Mode number              :	1
                        Accuracy                 :	5.30438e-14
                        Iterations               :	1
                        Solver time              :	0 s


                      ------------------------------------------------------------------------------
2025-04-13 12:50:57     Total time               :	3 s

                      ------------------------------------------------------------------------------
2025-04-13 12:50:57   

                      ------------------------------------------------------------------------------
2025-04-13 12:50:57     Calculation 12 (Frequency: 28.868 GHz, Theta: 0, Phi: 0)


                      ------------------------------------------------------------------------------
2025-04-13 12:51:01     Matrix setup time        :	0 s
                        Solver setup             :	3 s
                        Degrees of freedom       :	126610
                        Number of mesh cells     :	19696

                        Stimulation port         :	Zmin
                        Mode number              :	1
                        Accuracy                 :	5.2315e-14
                        Iterations               :	1
                        Solver time              :	0 s


                      ------------------------------------------------------------------------------
2025-04-13 12:51:01     Total time               :	3 s

                      ------------------------------------------------------------------------------
2025-04-13 12:51:01   

                      ------------------------------------------------------------------------------
2025-04-13 12:51:01     Calculation 13 (Frequency: 21.764 GHz, Theta: 0, Phi: 0)


                      ------------------------------------------------------------------------------
2025-04-13 12:51:04     Matrix setup time        :	0 s
                        Solver setup             :	3 s
                        Degrees of freedom       :	126610
                        Number of mesh cells     :	19696

                        Stimulation port         :	Zmin
                        Mode number              :	1
                        Accuracy                 :	5.46903e-14
                        Iterations               :	1
                        Solver time              :	0 s


                      ------------------------------------------------------------------------------
2025-04-13 12:51:05     Total time               :	3 s

                      ------------------------------------------------------------------------------
2025-04-13 12:51:05   

                      ------------------------------------------------------------------------------
2025-04-13 12:51:05     Calculation 14 (Frequency: 22.916 GHz, Theta: 0, Phi: 0)


                      ------------------------------------------------------------------------------
2025-04-13 12:51:08     Matrix setup time        :	0 s
                        Solver setup             :	3 s
                        Degrees of freedom       :	126610
                        Number of mesh cells     :	19696

                        Stimulation port         :	Zmin
                        Mode number              :	1
                        Accuracy                 :	3.88424e-14
                        Iterations               :	1
                        Solver time              :	0 s


                      ------------------------------------------------------------------------------
2025-04-13 12:51:09     Total time               :	3 s

                      ------------------------------------------------------------------------------
2025-04-13 12:51:09   

                      ------------------------------------------------------------------------------
2025-04-13 12:51:09     Calculation 15 (Frequency: 22.052 GHz, Theta: 0, Phi: 0)


                      ------------------------------------------------------------------------------
2025-04-13 12:51:12     Matrix setup time        :	0 s
                        Solver setup             :	3 s
                        Degrees of freedom       :	126610
                        Number of mesh cells     :	19696

                        Stimulation port         :	Zmin
                        Mode number              :	1
                        Accuracy                 :	6.63311e-14
                        Iterations               :	1
                        Solver time              :	0 s


                      ------------------------------------------------------------------------------
2025-04-13 12:51:12     Total time               :	3 s

                      ------------------------------------------------------------------------------
2025-04-13 12:51:12   

                      ------------------------------------------------------------------------------
2025-04-13 12:51:12     Calculation 16 (Frequency: 21.152 GHz, Theta: 0, Phi: 0)


                      ------------------------------------------------------------------------------
2025-04-13 12:51:16     Matrix setup time        :	0 s
                        Solver setup             :	3 s
                        Degrees of freedom       :	126610
                        Number of mesh cells     :	19696

                        Stimulation port         :	Zmin
                        Mode number              :	1
                        Accuracy                 :	4.85373e-14
                        Iterations               :	1
                        Solver time              :	0 s


                      ------------------------------------------------------------------------------
2025-04-13 12:51:16     Total time               :	3 s

                      ------------------------------------------------------------------------------
2025-04-13 12:51:16   

                      ------------------------------------------------------------------------------
2025-04-13 12:51:16     Calculation 17 (Frequency: 29.528 GHz, Theta: 0, Phi: 0)


                      ------------------------------------------------------------------------------
2025-04-13 12:51:20     Matrix setup time        :	0 s
                        Solver setup             :	3 s
                        Degrees of freedom       :	126610
                        Number of mesh cells     :	19696

                        Stimulation port         :	Zmin
                        Mode number              :	1
                        Accuracy                 :	6.21954e-14
                        Iterations               :	1
                        Solver time              :	0 s


                      ------------------------------------------------------------------------------
2025-04-13 12:51:20     Total time               :	3 s

                      ------------------------------------------------------------------------------
2025-04-13 12:51:20   

                      ------------------------------------------------------------------------------
2025-04-13 12:51:20     Calculation 18 (Frequency: 27.092 GHz, Theta: 0, Phi: 0)


                      ------------------------------------------------------------------------------
2025-04-13 12:51:24     Matrix setup time        :	0 s
                        Solver setup             :	3 s
                        Degrees of freedom       :	126610
                        Number of mesh cells     :	19696

                        Stimulation port         :	Zmin
                        Mode number              :	1
                        Accuracy                 :	3.46426e-14
                        Iterations               :	1
                        Solver time              :	0 s


                      ------------------------------------------------------------------------------
2025-04-13 12:51:24     Total time               :	3 s

                      ------------------------------------------------------------------------------
2025-04-13 12:51:24   

                      ------------------------------------------------------------------------------
2025-04-13 12:51:24     Calculation 19 (Frequency: 30.32 GHz, Theta: 0, Phi: 0)


                      ------------------------------------------------------------------------------
2025-04-13 12:51:28     Matrix setup time        :	0 s
                        Solver setup             :	3 s
                        Degrees of freedom       :	126610
                        Number of mesh cells     :	19696

                        Stimulation port         :	Zmin
                        Mode number              :	1
                        Accuracy                 :	4.58118e-14
                        Iterations               :	1
                        Solver time              :	0 s


                      ------------------------------------------------------------------------------
2025-04-13 12:51:28     Total time               :	3 s

                      ------------------------------------------------------------------------------
2025-04-13 12:51:28   

                      ------------------------------------------------------------------------------
2025-04-13 12:51:28     Calculation 20 (Frequency: 26.732 GHz, Theta: 0, Phi: 0)


                      ------------------------------------------------------------------------------
2025-04-13 12:51:32     Matrix setup time        :	0 s
                        Solver setup             :	3 s
                        Degrees of freedom       :	126610
                        Number of mesh cells     :	19696

                        Stimulation port         :	Zmin
                        Mode number              :	1
                        Accuracy                 :	3.8994e-14
                        Iterations               :	1
                        Solver time              :	0 s


                      ------------------------------------------------------------------------------
2025-04-13 12:51:32     Total time               :	3 s

                      ------------------------------------------------------------------------------
2025-04-13 12:51:32   

                      ------------------------------------------------------------------------------
2025-04-13 12:51:32     Calculation 21 (Frequency: 31.04 GHz, Theta: 0, Phi: 0)


                      ------------------------------------------------------------------------------
2025-04-13 12:51:36     Matrix setup time        :	0 s
                        Solver setup             :	3 s
                        Degrees of freedom       :	126610
                        Number of mesh cells     :	19696

                        Stimulation port         :	Zmin
                        Mode number              :	1
                        Accuracy                 :	3.42926e-14
                        Iterations               :	1
                        Solver time              :	0 s


                      ------------------------------------------------------------------------------
2025-04-13 12:51:36     Total time               :	3 s

                      ------------------------------------------------------------------------------
2025-04-13 12:51:36   

                      ------------------------------------------------------------------------------
2025-04-13 12:51:36     Calculation 22 (Frequency: 24.44 GHz, Theta: 0, Phi: 0)


                      ------------------------------------------------------------------------------
2025-04-13 12:51:39     Matrix setup time        :	0 s
                        Solver setup             :	3 s
                        Degrees of freedom       :	126610
                        Number of mesh cells     :	19696

                        Stimulation port         :	Zmin
                        Mode number              :	1
                        Accuracy                 :	2.91334e-14
                        Iterations               :	1
                        Solver time              :	0 s


                      ------------------------------------------------------------------------------
2025-04-13 12:51:40     Total time               :	3 s

                      ------------------------------------------------------------------------------
2025-04-13 12:51:40   

                      ------------------------------------------------------------------------------
2025-04-13 12:51:40     Calculation 23 (Frequency: 26.348 GHz, Theta: 0, Phi: 0)


                      ------------------------------------------------------------------------------
2025-04-13 12:51:43     Matrix setup time        :	0 s
                        Solver setup             :	3 s
                        Degrees of freedom       :	126610
                        Number of mesh cells     :	19696

                        Stimulation port         :	Zmin
                        Mode number              :	1
                        Accuracy                 :	4.85266e-14
                        Iterations               :	1
                        Solver time              :	0 s


                      ------------------------------------------------------------------------------
2025-04-13 12:51:44     Total time               :	3 s

                      ------------------------------------------------------------------------------
2025-04-13 12:51:44   

                      ------------------------------------------------------------------------------
2025-04-13 12:51:44     Calculation 24 (Frequency: 23.792 GHz, Theta: 0, Phi: 0)


                      ------------------------------------------------------------------------------
2025-04-13 12:51:47     Matrix setup time        :	0 s
                        Solver setup             :	3 s
                        Degrees of freedom       :	126610
                        Number of mesh cells     :	19696

                        Stimulation port         :	Zmin
                        Mode number              :	1
                        Accuracy                 :	4.50462e-14
                        Iterations               :	1
                        Solver time              :	0 s


                      ------------------------------------------------------------------------------
2025-04-13 12:51:47     Total time               :	3 s

                      ------------------------------------------------------------------------------
2025-04-13 12:51:47   

                      ------------------------------------------------------------------------------
2025-04-13 12:51:47     Calculation 25 (Frequency: 20.492 GHz, Theta: 0, Phi: 0)


                      ------------------------------------------------------------------------------
2025-04-13 12:51:51     Matrix setup time        :	0 s
                        Solver setup             :	3 s
                        Degrees of freedom       :	126610
                        Number of mesh cells     :	19696

                        Stimulation port         :	Zmin
                        Mode number              :	1
                        Accuracy                 :	4.25418e-14
                        Iterations               :	1
                        Solver time              :	0 s


                      ------------------------------------------------------------------------------
2025-04-13 12:51:51     Total time               :	3 s

                      ------------------------------------------------------------------------------
2025-04-13 12:51:51   

                      ------------------------------------------------------------------------------
2025-04-13 12:51:51     Calculation 26 (Frequency: 25.376 GHz, Theta: 0, Phi: 0)


                      ------------------------------------------------------------------------------
2025-04-13 12:51:55     Matrix setup time        :	0 s
                        Solver setup             :	3 s
                        Degrees of freedom       :	126610
                        Number of mesh cells     :	19696

                        Stimulation port         :	Zmin
                        Mode number              :	1
                        Accuracy                 :	2.98985e-14
                        Iterations               :	1
                        Solver time              :	0 s


                      ------------------------------------------------------------------------------
2025-04-13 12:51:55     Total time               :	3 s

                      ------------------------------------------------------------------------------
2025-04-13 12:51:55   

                      ------------------------------------------------------------------------------
2025-04-13 12:51:55     Calculation 27 (Frequency: 27.56 GHz, Theta: 0, Phi: 0)


                      ------------------------------------------------------------------------------
2025-04-13 12:51:59     Matrix setup time        :	0 s
                        Solver setup             :	3 s
                        Degrees of freedom       :	126610
                        Number of mesh cells     :	19696

                        Stimulation port         :	Zmin
                        Mode number              :	1
                        Accuracy                 :	3.35085e-14
                        Iterations               :	1
                        Solver time              :	0 s


                      ------------------------------------------------------------------------------
2025-04-13 12:51:59     Total time               :	3 s

                      ------------------------------------------------------------------------------
2025-04-13 12:51:59   

                      ------------------------------------------------------------------------------
2025-04-13 12:51:59     Calculation 28 (Frequency: 29.996 GHz, Theta: 0, Phi: 0)


                      ------------------------------------------------------------------------------
2025-04-13 12:52:03     Matrix setup time        :	0 s
                        Solver setup             :	3 s
                        Degrees of freedom       :	126610
                        Number of mesh cells     :	19696

                        Stimulation port         :	Zmin
                        Mode number              :	1
                        Accuracy                 :	5.77364e-14
                        Iterations               :	1
                        Solver time              :	0 s


                      ------------------------------------------------------------------------------
2025-04-13 12:52:03     Total time               :	3 s

                      ------------------------------------------------------------------------------
2025-04-13 12:52:03   

                      ------------------------------------------------------------------------------
2025-04-13 12:52:03     Calculation 29 (Frequency: 30.632 GHz, Theta: 0, Phi: 0)


                      ------------------------------------------------------------------------------
2025-04-13 12:52:07     Matrix setup time        :	0 s
                        Solver setup             :	3 s
                        Degrees of freedom       :	126610
                        Number of mesh cells     :	19696

                        Stimulation port         :	Zmin
                        Mode number              :	1
                        Accuracy                 :	5.96525e-14
                        Iterations               :	1
                        Solver time              :	0 s


                      ------------------------------------------------------------------------------
2025-04-13 12:52:07     Total time               :	3 s

                      ------------------------------------------------------------------------------
2025-04-13 12:52:07   

                      ------------------------------------------------------------------------------
2025-04-13 12:52:07     Calculation 30 (Frequency: 31.484 GHz, Theta: 0, Phi: 0)


                      ------------------------------------------------------------------------------
2025-04-13 12:52:11     Matrix setup time        :	0 s
                        Solver setup             :	3 s
                        Degrees of freedom       :	126610
                        Number of mesh cells     :	19696

                        Stimulation port         :	Zmin
                        Mode number              :	1
                        Accuracy                 :	2.91349e-14
                        Iterations               :	1
                        Solver time              :	0 s


                      ------------------------------------------------------------------------------
2025-04-13 12:52:11     Total time               :	3 s

                      ------------------------------------------------------------------------------
2025-04-13 12:52:11   

                      ------------------------------------------------------------------------------
2025-04-13 12:52:11     Calculation 31 (Frequency: 30.176 GHz, Theta: 0, Phi: 0)


                      ------------------------------------------------------------------------------
2025-04-13 12:52:15     Matrix setup time        :	0 s
                        Solver setup             :	3 s
                        Degrees of freedom       :	126610
                        Number of mesh cells     :	19696

                        Stimulation port         :	Zmin
                        Mode number              :	1
                        Accuracy                 :	4.56021e-14
                        Iterations               :	1
                        Solver time              :	0 s


                      ------------------------------------------------------------------------------
2025-04-13 12:52:15     Total time               :	3 s

                      ------------------------------------------------------------------------------
2025-04-13 12:52:15   

                      ------------------------------------------------------------------------------
2025-04-13 12:52:15   Finished the general purpose interpolative broadband frequency sweep:
                      All broadband sweep convergence criteria have been satisfied after
                      calculating 31 frequency samples:

                        Broadband sweep error threshold value :  0.01 (All S-Parameters) 
                        Number of error criterion checks      :  2 (All S-Parameters) 
                        Minimum number of samples             :  3
                        Number of data samples, linear        :  1001

                      ------------------------------------------------------------------------------
2025-04-13 12:52:15     Number of mesh cells     :	19696
                        Degrees of freedom       :	125640
                        Total Solver Time        :	146 s	 (= 0 h, 02 m, 26 s)
                      ================================================================================



                      ------------------------------------------------------------------------------
2025-04-13 12:52:15     ----------------------------------------------------------------------------
                                            Peak memory used (kB)         Free physical memory (kB) 
                                                                          At begin     Minimum      
                        ----------------------------------------------------------------------------
                        Solver start        22128                         5150980      5150340      
                        Eq. system setup    2021040                       5139828      4737680      
                        Eq. system solve    2021040                       5096388      3314644      
                        Mesh refinement     1247852                       4806288      4717284      
                        Solver run total    2021040                       5150984      3314644      

                        Computer name       Tahsin
                        ----------------------------------------------------------------------------


                      ------------------------------------------------------------------------------
2025-04-13 12:52:15   Running postprocessing.

                      ------------------------------------------------------------------------------
2025-04-13 12:52:16   Postprocessing finished.

                      ------------------------------------------------------------------------------
