2025-04-13 11:42:37   *** Warning ***

                      Electric isotropic material [Copper (pure)] has a very high conductivity for
                      the given mesh. Depending on your configuration it may be better to use a lossy
                      metal type for this material. More...

                      ------------------------------------------------------------------------------
2025-04-13 11:42:37   In order to get an optimal performance, hyperthreading is ignored for parallel
                      computations.

                      ------------------------------------------------------------------------------
2025-04-13 11:42:39   Units settings: 

                        Dimensions: mm
                        Frequency:  GHz
                        Time:       s

                      ------------------------------------------------------------------------------
2025-04-13 11:42:39   Boundary conditions: 

                        YZsymmetry: none
                        XZsymmetry: none
                        XYsymmetry: none

                        Xmin: unit cell
                        Xmax: unit cell

                        Ymin: unit cell
                        Ymax: unit cell

                        Zmin: expanded open
                        Zmax: expanded open

                      ------------------------------------------------------------------------------
2025-04-13 11:42:39   Order settings: 

                        Solver order   : 2nd (constant)
                        Curved elements: up to order 3 (automatic)

                      ------------------------------------------------------------------------------
2025-04-13 11:42:39   An iterative solver will be used first.

                      ------------------------------------------------------------------------------
2025-04-13 11:42:39     Mesh time                :	2 s


                      ------------------------------------------------------------------------------
2025-04-13 11:42:39   
                      ================================================================================
                      Frequency Domain Solver calculation cycle started

                      ------------------------------------------------------------------------------
2025-04-13 11:42:39   Solver started at: 2025-04-13 11:42:39 +0600

                        Module:  Frequency Domain: S-Parameter (Win 64)
                        Version: 2024.1 Release from 2023-10-16 (change 1181985)

                      ------------------------------------------------------------------------------
2025-04-13 11:42:40   The low frequency stabilization is not applied to periodic problems.

                      ------------------------------------------------------------------------------
2025-04-13 11:42:40     Calculation 1 of 1 (Frequency: 32 GHz, Theta: 0, Phi: 0)


                      ------------------------------------------------------------------------------
2025-04-13 11:42:40   The wavelength based mesh refinement has been applied to 5.9% of all mesh edges.

                      ------------------------------------------------------------------------------
2025-04-13 11:42:40   Adaptive mesh refinement pass 1

                      ------------------------------------------------------------------------------
2025-04-13 11:42:48   *** Warning ***

2025-04-13 11:42:48   Detected possible stagnation of the iterative solver (4.439710e-02 after 250 iterations.)
                      Please consider aborting the solver run, and check your simulation setup.  More...

                      ------------------------------------------------------------------------------
2025-04-13 11:42:55   *** Warning ***

2025-04-13 11:42:55   The solver stopped because the maximum number of iterations (500, used for automatic solver choice) has been reached.

                      ------------------------------------------------------------------------------
2025-04-13 11:42:55   Solving again, but with the direct solver. Please consider forcing the direct solver in the solver special settings, and
                      check your simulation setup (for instance source and material definitions.)

                      ------------------------------------------------------------------------------
2025-04-13 11:42:56     Matrix setup time        :	0 s
                        Degrees of freedom       :	39530
                        Number of mesh cells     :	6038

                        Stimulation port         :	Zmin
                        Mode number              :	1
                        Accuracy                 :	7.06005e-14
                        Iterations               :	1
                        Solver time              :	0 s


                      ------------------------------------------------------------------------------
2025-04-13 11:42:56   22% of all mesh edges seem to be longer than expected. The adaptive mesh refinement's growth limitation will therefore 
                      use 14225 instead of 3836 mesh cells as a reference.

                      ------------------------------------------------------------------------------
2025-04-13 11:42:57   Adaptive mesh refinement pass 2

                      ------------------------------------------------------------------------------
2025-04-13 11:43:00     Matrix setup time        :	0 s
                        Solver setup             :	2 s
                        Degrees of freedom       :	80890
                        Number of mesh cells     :	12526

                        Stimulation port         :	Zmin
                        Mode number              :	1
                        Accuracy                 :	4.03768e-14
                        Iterations               :	1
                        Solver time              :	0 s


                      ------------------------------------------------------------------------------
2025-04-13 11:43:00     Delta calculation        
2025-04-13 11:43:00     All S-Parameters         :	0.0134033
2025-04-13 11:43:00   

                      ------------------------------------------------------------------------------
2025-04-13 11:43:01   For some elements the curvature had to be reduced to maintain the quality of the mesh. More...

                      ------------------------------------------------------------------------------
2025-04-13 11:43:02   Adaptive mesh refinement pass 3

                      ------------------------------------------------------------------------------
2025-04-13 11:43:08     Matrix setup time        :	0 s
                        Solver setup             :	5 s
                        Degrees of freedom       :	133770
                        Number of mesh cells     :	20788

                        Stimulation port         :	Zmin
                        Mode number              :	1
                        Accuracy                 :	4.40716e-14
                        Iterations               :	1
                        Solver time              :	0 s


                      ------------------------------------------------------------------------------
2025-04-13 11:43:08     Delta calculation        
2025-04-13 11:43:08     All S-Parameters         :	0.0175293
2025-04-13 11:43:08   

                      ------------------------------------------------------------------------------
2025-04-13 11:43:08   Mesh adaptation terminated because the desired accuracy limit is reached.

                      ------------------------------------------------------------------------------
2025-04-13 11:43:08   *** Warning ***

2025-04-13 11:43:08   At least one propagating Floquet mode is not considered at port Zmin. Please increase the number of modes at this port. 
                      More...

                      ------------------------------------------------------------------------------
2025-04-13 11:43:08   *** Warning ***

2025-04-13 11:43:08   At least one propagating Floquet mode is not considered at port Zmax. Please increase the number of modes at this port. 
                      More...

                      ------------------------------------------------------------------------------
2025-04-13 11:43:08     Total time               :	28 s

                      ------------------------------------------------------------------------------
2025-04-13 11:43:08   

                      ------------------------------------------------------------------------------
2025-04-13 11:43:08     Calculation 2 (Frequency: 20 GHz, Theta: 0, Phi: 0)


                      ------------------------------------------------------------------------------
2025-04-13 11:43:13     Matrix setup time        :	0 s
                        Solver setup             :	4 s
                        Degrees of freedom       :	133770
                        Number of mesh cells     :	20788

                        Stimulation port         :	Zmin
                        Mode number              :	1
                        Accuracy                 :	5.06545e-14
                        Iterations               :	1
                        Solver time              :	0 s


                      ------------------------------------------------------------------------------
2025-04-13 11:43:13     Total time               :	4 s

                      ------------------------------------------------------------------------------
2025-04-13 11:43:13   

                      ------------------------------------------------------------------------------
2025-04-13 11:43:13     Calculation 3 (Frequency: 26 GHz, Theta: 0, Phi: 0)


                      ------------------------------------------------------------------------------
2025-04-13 11:43:18     Matrix setup time        :	0 s
                        Solver setup             :	4 s
                        Degrees of freedom       :	133770
                        Number of mesh cells     :	20788

                        Stimulation port         :	Zmin
                        Mode number              :	1
                        Accuracy                 :	4.698e-14
                        Iterations               :	1
                        Solver time              :	0 s


                      ------------------------------------------------------------------------------
2025-04-13 11:43:18     Total time               :	4 s

                      ------------------------------------------------------------------------------
2025-04-13 11:43:18   

                      ------------------------------------------------------------------------------
2025-04-13 11:43:18     Calculation 4 (Frequency: 29 GHz, Theta: 0, Phi: 0)


                      ------------------------------------------------------------------------------
2025-04-13 11:43:23     Matrix setup time        :	0 s
                        Solver setup             :	4 s
                        Degrees of freedom       :	133770
                        Number of mesh cells     :	20788

                        Stimulation port         :	Zmin
                        Mode number              :	1
                        Accuracy                 :	5.37817e-14
                        Iterations               :	1
                        Solver time              :	0 s


                      ------------------------------------------------------------------------------
2025-04-13 11:43:23     Total time               :	4 s

                      ------------------------------------------------------------------------------
2025-04-13 11:43:23   

                      ------------------------------------------------------------------------------
2025-04-13 11:43:23     Calculation 5 (Frequency: 23.216 GHz, Theta: 0, Phi: 0)


                      ------------------------------------------------------------------------------
2025-04-13 11:43:28     Matrix setup time        :	0 s
                        Solver setup             :	4 s
                        Degrees of freedom       :	133770
                        Number of mesh cells     :	20788

                        Stimulation port         :	Zmin
                        Mode number              :	1
                        Accuracy                 :	3.54198e-14
                        Iterations               :	1
                        Solver time              :	0 s


                      ------------------------------------------------------------------------------
2025-04-13 11:43:28     Total time               :	4 s

                      ------------------------------------------------------------------------------
2025-04-13 11:43:28   

                      ------------------------------------------------------------------------------
2025-04-13 11:43:28     Calculation 6 (Frequency: 27.32 GHz, Theta: 0, Phi: 0)


                      ------------------------------------------------------------------------------
2025-04-13 11:43:32     Matrix setup time        :	0 s
                        Solver setup             :	4 s
                        Degrees of freedom       :	133770
                        Number of mesh cells     :	20788

                        Stimulation port         :	Zmin
                        Mode number              :	1
                        Accuracy                 :	3.69164e-14
                        Iterations               :	1
                        Solver time              :	0 s


                      ------------------------------------------------------------------------------
2025-04-13 11:43:33     Total time               :	4 s

                      ------------------------------------------------------------------------------
2025-04-13 11:43:33   

                      ------------------------------------------------------------------------------
2025-04-13 11:43:33     Calculation 7 (Frequency: 24.596 GHz, Theta: 0, Phi: 0)


                      ------------------------------------------------------------------------------
2025-04-13 11:43:37     Matrix setup time        :	0 s
                        Solver setup             :	4 s
                        Degrees of freedom       :	133770
                        Number of mesh cells     :	20788

                        Stimulation port         :	Zmin
                        Mode number              :	1
                        Accuracy                 :	3.15426e-14
                        Iterations               :	1
                        Solver time              :	0 s


                      ------------------------------------------------------------------------------
2025-04-13 11:43:38     Total time               :	4 s

                      ------------------------------------------------------------------------------
2025-04-13 11:43:38   

                      ------------------------------------------------------------------------------
2025-04-13 11:43:38     Calculation 8 (Frequency: 27.548 GHz, Theta: 0, Phi: 0)


                      ------------------------------------------------------------------------------
2025-04-13 11:43:42     Matrix setup time        :	0 s
                        Solver setup             :	4 s
                        Degrees of freedom       :	133770
                        Number of mesh cells     :	20788

                        Stimulation port         :	Zmin
                        Mode number              :	1
                        Accuracy                 :	4.27269e-14
                        Iterations               :	1
                        Solver time              :	0 s


                      ------------------------------------------------------------------------------
2025-04-13 11:43:42     Total time               :	4 s

                      ------------------------------------------------------------------------------
2025-04-13 11:43:42   

                      ------------------------------------------------------------------------------
2025-04-13 11:43:42     Calculation 9 (Frequency: 30.2 GHz, Theta: 0, Phi: 0)


                      ------------------------------------------------------------------------------
2025-04-13 11:43:47     Matrix setup time        :	0 s
                        Solver setup             :	4 s
                        Degrees of freedom       :	133770
                        Number of mesh cells     :	20788

                        Stimulation port         :	Zmin
                        Mode number              :	1
                        Accuracy                 :	4.67208e-14
                        Iterations               :	1
                        Solver time              :	0 s


                      ------------------------------------------------------------------------------
2025-04-13 11:43:47     Total time               :	4 s

                      ------------------------------------------------------------------------------
2025-04-13 11:43:47   

                      ------------------------------------------------------------------------------
2025-04-13 11:43:47     Calculation 10 (Frequency: 28.184 GHz, Theta: 0, Phi: 0)


                      ------------------------------------------------------------------------------
2025-04-13 11:43:52     Matrix setup time        :	0 s
                        Solver setup             :	4 s
                        Degrees of freedom       :	133770
                        Number of mesh cells     :	20788

                        Stimulation port         :	Zmin
                        Mode number              :	1
                        Accuracy                 :	4.36801e-14
                        Iterations               :	1
                        Solver time              :	0 s


                      ------------------------------------------------------------------------------
2025-04-13 11:43:52     Total time               :	4 s

                      ------------------------------------------------------------------------------
2025-04-13 11:43:52   

                      ------------------------------------------------------------------------------
2025-04-13 11:43:52     Calculation 11 (Frequency: 30.764 GHz, Theta: 0, Phi: 0)


                      ------------------------------------------------------------------------------
2025-04-13 11:43:57     Matrix setup time        :	0 s
                        Solver setup             :	4 s
                        Degrees of freedom       :	133770
                        Number of mesh cells     :	20788

                        Stimulation port         :	Zmin
                        Mode number              :	1
                        Accuracy                 :	4.10553e-14
                        Iterations               :	1
                        Solver time              :	0 s


                      ------------------------------------------------------------------------------
2025-04-13 11:43:57     Total time               :	5 s

                      ------------------------------------------------------------------------------
2025-04-13 11:43:57   

                      ------------------------------------------------------------------------------
2025-04-13 11:43:57     Calculation 12 (Frequency: 29.696 GHz, Theta: 0, Phi: 0)


                      ------------------------------------------------------------------------------
2025-04-13 11:44:03     Matrix setup time        :	0 s
                        Solver setup             :	5 s
                        Degrees of freedom       :	133770
                        Number of mesh cells     :	20788

                        Stimulation port         :	Zmin
                        Mode number              :	1
                        Accuracy                 :	4.73165e-14
                        Iterations               :	1
                        Solver time              :	0 s


                      ------------------------------------------------------------------------------
2025-04-13 11:44:03     Total time               :	5 s

                      ------------------------------------------------------------------------------
2025-04-13 11:44:03   

                      ------------------------------------------------------------------------------
2025-04-13 11:44:03     Calculation 13 (Frequency: 31.448 GHz, Theta: 0, Phi: 0)


                      ------------------------------------------------------------------------------
2025-04-13 11:44:09     Matrix setup time        :	0 s
                        Solver setup             :	4 s
                        Degrees of freedom       :	133770
                        Number of mesh cells     :	20788

                        Stimulation port         :	Zmin
                        Mode number              :	1
                        Accuracy                 :	2.86833e-14
                        Iterations               :	1
                        Solver time              :	0 s


                      ------------------------------------------------------------------------------
2025-04-13 11:44:09     Total time               :	5 s

                      ------------------------------------------------------------------------------
2025-04-13 11:44:09   

                      ------------------------------------------------------------------------------
2025-04-13 11:44:09     Calculation 14 (Frequency: 29.252 GHz, Theta: 0, Phi: 0)


                      ------------------------------------------------------------------------------
2025-04-13 11:44:14     Matrix setup time        :	0 s
                        Solver setup             :	4 s
                        Degrees of freedom       :	133770
                        Number of mesh cells     :	20788

                        Stimulation port         :	Zmin
                        Mode number              :	1
                        Accuracy                 :	4.87282e-14
                        Iterations               :	1
                        Solver time              :	0 s


                      ------------------------------------------------------------------------------
2025-04-13 11:44:15     Total time               :	5 s

                      ------------------------------------------------------------------------------
2025-04-13 11:44:15   

                      ------------------------------------------------------------------------------
2025-04-13 11:44:15     Calculation 15 (Frequency: 28.052 GHz, Theta: 0, Phi: 0)


                      ------------------------------------------------------------------------------
2025-04-13 11:44:21     Matrix setup time        :	0 s
                        Solver setup             :	5 s
                        Degrees of freedom       :	133770
                        Number of mesh cells     :	20788

                        Stimulation port         :	Zmin
                        Mode number              :	1
                        Accuracy                 :	4.59916e-14
                        Iterations               :	1
                        Solver time              :	0 s


                      ------------------------------------------------------------------------------
2025-04-13 11:44:21     Total time               :	6 s

                      ------------------------------------------------------------------------------
2025-04-13 11:44:21   

                      ------------------------------------------------------------------------------
2025-04-13 11:44:21     Calculation 16 (Frequency: 26.816 GHz, Theta: 0, Phi: 0)


                      ------------------------------------------------------------------------------
2025-04-13 11:44:27     Matrix setup time        :	0 s
                        Solver setup             :	5 s
                        Degrees of freedom       :	133770
                        Number of mesh cells     :	20788

                        Stimulation port         :	Zmin
                        Mode number              :	1
                        Accuracy                 :	3.25942e-14
                        Iterations               :	1
                        Solver time              :	0 s


                      ------------------------------------------------------------------------------
2025-04-13 11:44:27     Total time               :	6 s

                      ------------------------------------------------------------------------------
2025-04-13 11:44:27   

                      ------------------------------------------------------------------------------
2025-04-13 11:44:27     Calculation 17 (Frequency: 25.4 GHz, Theta: 0, Phi: 0)


                      ------------------------------------------------------------------------------
2025-04-13 11:44:33     Matrix setup time        :	0 s
                        Solver setup             :	5 s
                        Degrees of freedom       :	133770
                        Number of mesh cells     :	20788

                        Stimulation port         :	Zmin
                        Mode number              :	1
                        Accuracy                 :	2.55237e-14
                        Iterations               :	1
                        Solver time              :	0 s


                      ------------------------------------------------------------------------------
2025-04-13 11:44:33     Total time               :	6 s

                      ------------------------------------------------------------------------------
2025-04-13 11:44:33   

                      ------------------------------------------------------------------------------
2025-04-13 11:44:33     Calculation 18 (Frequency: 30.38 GHz, Theta: 0, Phi: 0)


                      ------------------------------------------------------------------------------
2025-04-13 11:44:40     Matrix setup time        :	0 s
                        Solver setup             :	5 s
                        Degrees of freedom       :	133770
                        Number of mesh cells     :	20788

                        Stimulation port         :	Zmin
                        Mode number              :	1
                        Accuracy                 :	4.21522e-14
                        Iterations               :	1
                        Solver time              :	0 s


                      ------------------------------------------------------------------------------
2025-04-13 11:44:40     Total time               :	6 s

                      ------------------------------------------------------------------------------
2025-04-13 11:44:40   

                      ------------------------------------------------------------------------------
2025-04-13 11:44:40     Calculation 19 (Frequency: 22.22 GHz, Theta: 0, Phi: 0)


                      ------------------------------------------------------------------------------
2025-04-13 11:44:46     Matrix setup time        :	0 s
                        Solver setup             :	5 s
                        Degrees of freedom       :	133770
                        Number of mesh cells     :	20788

                        Stimulation port         :	Zmin
                        Mode number              :	1
                        Accuracy                 :	7.5138e-14
                        Iterations               :	1
                        Solver time              :	0 s


                      ------------------------------------------------------------------------------
2025-04-13 11:44:46     Total time               :	6 s

                      ------------------------------------------------------------------------------
2025-04-13 11:44:46   

                      ------------------------------------------------------------------------------
2025-04-13 11:44:46     Calculation 20 (Frequency: 26.42 GHz, Theta: 0, Phi: 0)


                      ------------------------------------------------------------------------------
2025-04-13 11:44:52     Matrix setup time        :	0 s
                        Solver setup             :	5 s
                        Degrees of freedom       :	133770
                        Number of mesh cells     :	20788

                        Stimulation port         :	Zmin
                        Mode number              :	1
                        Accuracy                 :	4.20981e-14
                        Iterations               :	1
                        Solver time              :	0 s


                      ------------------------------------------------------------------------------
2025-04-13 11:44:52     Total time               :	5 s

                      ------------------------------------------------------------------------------
2025-04-13 11:44:52   

                      ------------------------------------------------------------------------------
2025-04-13 11:44:52     Calculation 21 (Frequency: 21.86 GHz, Theta: 0, Phi: 0)


                      ------------------------------------------------------------------------------
2025-04-13 11:44:59     Matrix setup time        :	0 s
                        Solver setup             :	6 s
                        Degrees of freedom       :	133770
                        Number of mesh cells     :	20788

                        Stimulation port         :	Zmin
                        Mode number              :	1
                        Accuracy                 :	6.55829e-14
                        Iterations               :	1
                        Solver time              :	0 s


                      ------------------------------------------------------------------------------
2025-04-13 11:44:59     Total time               :	6 s

                      ------------------------------------------------------------------------------
2025-04-13 11:44:59   

                      ------------------------------------------------------------------------------
2025-04-13 11:44:59     Calculation 22 (Frequency: 22.376 GHz, Theta: 0, Phi: 0)


                      ------------------------------------------------------------------------------
2025-04-13 11:45:05     Matrix setup time        :	0 s
                        Solver setup             :	5 s
                        Degrees of freedom       :	133770
                        Number of mesh cells     :	20788

                        Stimulation port         :	Zmin
                        Mode number              :	1
                        Accuracy                 :	6.12165e-14
                        Iterations               :	1
                        Solver time              :	0 s


                      ------------------------------------------------------------------------------
2025-04-13 11:45:05     Total time               :	6 s

                      ------------------------------------------------------------------------------
2025-04-13 11:45:05   

                      ------------------------------------------------------------------------------
2025-04-13 11:45:05     Calculation 23 (Frequency: 21.356 GHz, Theta: 0, Phi: 0)


                      ------------------------------------------------------------------------------
2025-04-13 11:45:11     Matrix setup time        :	0 s
                        Solver setup             :	5 s
                        Degrees of freedom       :	133770
                        Number of mesh cells     :	20788

                        Stimulation port         :	Zmin
                        Mode number              :	1
                        Accuracy                 :	5.54045e-14
                        Iterations               :	1
                        Solver time              :	0 s


                      ------------------------------------------------------------------------------
2025-04-13 11:45:11     Total time               :	6 s

                      ------------------------------------------------------------------------------
2025-04-13 11:45:11   

                      ------------------------------------------------------------------------------
2025-04-13 11:45:11     Calculation 24 (Frequency: 22.1 GHz, Theta: 0, Phi: 0)


                      ------------------------------------------------------------------------------
2025-04-13 11:45:17     Matrix setup time        :	0 s
                        Solver setup             :	5 s
                        Degrees of freedom       :	133770
                        Number of mesh cells     :	20788

                        Stimulation port         :	Zmin
                        Mode number              :	1
                        Accuracy                 :	6.97466e-14
                        Iterations               :	1
                        Solver time              :	0 s


                      ------------------------------------------------------------------------------
2025-04-13 11:45:17     Total time               :	6 s

                      ------------------------------------------------------------------------------
2025-04-13 11:45:17   

                      ------------------------------------------------------------------------------
2025-04-13 11:45:17     Calculation 25 (Frequency: 21.092 GHz, Theta: 0, Phi: 0)


                      ------------------------------------------------------------------------------
2025-04-13 11:45:23     Matrix setup time        :	0 s
                        Solver setup             :	5 s
                        Degrees of freedom       :	133770
                        Number of mesh cells     :	20788

                        Stimulation port         :	Zmin
                        Mode number              :	1
                        Accuracy                 :	5.65401e-14
                        Iterations               :	1
                        Solver time              :	0 s


                      ------------------------------------------------------------------------------
2025-04-13 11:45:24     Total time               :	5 s

                      ------------------------------------------------------------------------------
2025-04-13 11:45:24   

                      ------------------------------------------------------------------------------
2025-04-13 11:45:24     Calculation 26 (Frequency: 23.504 GHz, Theta: 0, Phi: 0)


                      ------------------------------------------------------------------------------
2025-04-13 11:45:29     Matrix setup time        :	0 s
                        Solver setup             :	5 s
                        Degrees of freedom       :	133770
                        Number of mesh cells     :	20788

                        Stimulation port         :	Zmin
                        Mode number              :	1
                        Accuracy                 :	5.52154e-14
                        Iterations               :	1
                        Solver time              :	0 s


                      ------------------------------------------------------------------------------
2025-04-13 11:45:30     Total time               :	5 s

                      ------------------------------------------------------------------------------
2025-04-13 11:45:30   

                      ------------------------------------------------------------------------------
2025-04-13 11:45:30     Calculation 27 (Frequency: 20.36 GHz, Theta: 0, Phi: 0)


                      ------------------------------------------------------------------------------
2025-04-13 11:45:35     Matrix setup time        :	0 s
                        Solver setup             :	5 s
                        Degrees of freedom       :	133770
                        Number of mesh cells     :	20788

                        Stimulation port         :	Zmin
                        Mode number              :	1
                        Accuracy                 :	4.21881e-14
                        Iterations               :	1
                        Solver time              :	0 s


                      ------------------------------------------------------------------------------
2025-04-13 11:45:36     Total time               :	5 s

                      ------------------------------------------------------------------------------
2025-04-13 11:45:36   

                      ------------------------------------------------------------------------------
2025-04-13 11:45:36     Calculation 28 (Frequency: 23.852 GHz, Theta: 0, Phi: 0)


                      ------------------------------------------------------------------------------
2025-04-13 11:45:41     Matrix setup time        :	0 s
                        Solver setup             :	5 s
                        Degrees of freedom       :	133770
                        Number of mesh cells     :	20788

                        Stimulation port         :	Zmin
                        Mode number              :	1
                        Accuracy                 :	7.56708e-14
                        Iterations               :	1
                        Solver time              :	0 s


                      ------------------------------------------------------------------------------
2025-04-13 11:45:42     Total time               :	5 s

                      ------------------------------------------------------------------------------
2025-04-13 11:45:42   

                      ------------------------------------------------------------------------------
2025-04-13 11:45:42     Calculation 29 (Frequency: 24.848 GHz, Theta: 0, Phi: 0)


                      ------------------------------------------------------------------------------
2025-04-13 11:45:47     Matrix setup time        :	0 s
                        Solver setup             :	5 s
                        Degrees of freedom       :	133770
                        Number of mesh cells     :	20788

                        Stimulation port         :	Zmin
                        Mode number              :	1
                        Accuracy                 :	5.82566e-14
                        Iterations               :	1
                        Solver time              :	0 s


                      ------------------------------------------------------------------------------
2025-04-13 11:45:48     Total time               :	5 s

                      ------------------------------------------------------------------------------
2025-04-13 11:45:48   

                      ------------------------------------------------------------------------------
2025-04-13 11:45:48   Finished the general purpose interpolative broadband frequency sweep:
                      All broadband sweep convergence criteria have been satisfied after
                      calculating 29 frequency samples:

                        Broadband sweep error threshold value :  0.01 (All S-Parameters) 
                        Number of error criterion checks      :  2 (All S-Parameters) 
                        Minimum number of samples             :  3
                        Number of data samples, linear        :  1001

                      ------------------------------------------------------------------------------
2025-04-13 11:45:48     Number of mesh cells     :	20788
                        Degrees of freedom       :	132630
                        Total Solver Time        :	189 s	 (= 0 h, 03 m, 09 s)
                      ================================================================================



                      ------------------------------------------------------------------------------
2025-04-13 11:45:48     ----------------------------------------------------------------------------
                                            Peak memory used (kB)         Free physical memory (kB) 
                                                                          At begin     Minimum      
                        ----------------------------------------------------------------------------
                        Solver start        21952                         8154260      8154260      
                        Eq. system setup    2443192                       8131672      5820040      
                        Eq. system solve    2443192                       8080096      4183900      
                        Mesh refinement     1310776                       7804244      7701308      
                        Solver run total    2443192                       8154264      4183900      

                        Computer name       Tahsin
                        ----------------------------------------------------------------------------


                      ------------------------------------------------------------------------------
2025-04-13 11:45:48   Running postprocessing.

                      ------------------------------------------------------------------------------
2025-04-13 11:45:49   Postprocessing finished.

                      ------------------------------------------------------------------------------
