2025-06-15 16:21:50   *** Warning ***

                      Electric isotropic material [Copper (pure)] has a very high conductivity for
                      the given mesh. Depending on your configuration it may be better to use a lossy
                      metal type for this material. More...

                      ------------------------------------------------------------------------------
2025-06-15 16:21:50   In order to get an optimal performance, hyperthreading is ignored for parallel
                      computations.

                      ------------------------------------------------------------------------------
2025-06-15 16:21:52   Units settings: 

                        Dimensions: mm
                        Frequency:  GHz
                        Time:       s

                      ------------------------------------------------------------------------------
2025-06-15 16:21:52   Boundary conditions: 

                        YZsymmetry: none
                        XZsymmetry: none
                        XYsymmetry: none

                        Xmin: unit cell
                        Xmax: unit cell

                        Ymin: unit cell
                        Ymax: unit cell

                        Zmin: expanded open
                        Zmax: expanded open

                      ------------------------------------------------------------------------------
2025-06-15 16:21:52   Order settings: 

                        Solver order   : 2nd (constant)
                        Curved elements: up to order 3 (automatic)

                      ------------------------------------------------------------------------------
2025-06-15 16:21:52   An iterative solver will be used first.

                      ------------------------------------------------------------------------------
2025-06-15 16:21:52     Mesh time                :	1 s


                      ------------------------------------------------------------------------------
2025-06-15 16:21:52   
                      ================================================================================
                      Frequency Domain Solver calculation cycle started

                      ------------------------------------------------------------------------------
2025-06-15 16:21:52   Solver started at: 2025-06-15 16:21:52 +0600

                        Module:  Frequency Domain: S-Parameter (Win 64)
                        Version: 2024.1 Release from 2023-10-16 (change 1181985)

                      ------------------------------------------------------------------------------
2025-06-15 16:21:52   The low frequency stabilization is not applied to periodic problems.

                      ------------------------------------------------------------------------------
2025-06-15 16:21:52     Calculation 1 of 1 (Frequency: 32 GHz, Theta: 0, Phi: 0)


                      ------------------------------------------------------------------------------
2025-06-15 16:21:52   The wavelength based mesh refinement has been applied to 7.1% of all mesh edges.

                      ------------------------------------------------------------------------------
2025-06-15 16:21:53   Adaptive mesh refinement pass 1

                      ------------------------------------------------------------------------------
2025-06-15 16:22:01   *** Warning ***

2025-06-15 16:22:01   Detected possible stagnation of the iterative solver (4.373212e-02 after 250 iterations.)
                      Please consider aborting the solver run, and check your simulation setup.  More...

                      ------------------------------------------------------------------------------
2025-06-15 16:22:10   *** Warning ***

2025-06-15 16:22:10   The solver stopped because the maximum number of iterations (500, used for automatic solver choice) has been reached.

                      ------------------------------------------------------------------------------
2025-06-15 16:22:10   Solving again, but with the direct solver. Please consider forcing the direct solver in the solver special settings, and
                      check your simulation setup (for instance source and material definitions.)

                      ------------------------------------------------------------------------------
2025-06-15 16:22:11     Matrix setup time        :	0 s
                        Degrees of freedom       :	45264
                        Number of mesh cells     :	6883

                        Stimulation port         :	Zmin
                        Mode number              :	1
                        Accuracy                 :	5.53765e-14
                        Iterations               :	1
                        Solver time              :	0 s


                      ------------------------------------------------------------------------------
2025-06-15 16:22:11   21% of all mesh edges seem to be longer than expected. The adaptive mesh refinement's growth limitation will therefore 
                      use 15594 instead of 4337 mesh cells as a reference.

                      ------------------------------------------------------------------------------
2025-06-15 16:22:11   The wavelength based mesh refinement has been applied to 0.3% of all mesh edges.

                      ------------------------------------------------------------------------------
2025-06-15 16:22:12   For some elements the curvature had to be reduced to maintain the quality of the mesh. More...

                      ------------------------------------------------------------------------------
2025-06-15 16:22:12   Adaptive mesh refinement pass 2

                      ------------------------------------------------------------------------------
2025-06-15 16:22:15     Matrix setup time        :	0 s
                        Solver setup             :	2 s
                        Degrees of freedom       :	82856
                        Number of mesh cells     :	12794

                        Stimulation port         :	Zmin
                        Mode number              :	1
                        Accuracy                 :	3.92587e-14
                        Iterations               :	1
                        Solver time              :	0 s


                      ------------------------------------------------------------------------------
2025-06-15 16:22:15     Delta calculation        
2025-06-15 16:22:15     All S-Parameters         :	0.134591
2025-06-15 16:22:15   

                      ------------------------------------------------------------------------------
2025-06-15 16:22:15   The wavelength based mesh refinement has been applied to 0.1% of all mesh edges.

                      ------------------------------------------------------------------------------
2025-06-15 16:22:17   Adaptive mesh refinement pass 3

                      ------------------------------------------------------------------------------
2025-06-15 16:22:23     Matrix setup time        :	0 s
                        Solver setup             :	5 s
                        Degrees of freedom       :	147424
                        Number of mesh cells     :	22864

                        Stimulation port         :	Zmin
                        Mode number              :	1
                        Accuracy                 :	2.00266e-14
                        Iterations               :	1
                        Solver time              :	0 s


                      ------------------------------------------------------------------------------
2025-06-15 16:22:23     Delta calculation        
2025-06-15 16:22:23     All S-Parameters         :	0.0410405
2025-06-15 16:22:23   

                      ------------------------------------------------------------------------------
2025-06-15 16:22:26   Adaptive mesh refinement pass 4

                      ------------------------------------------------------------------------------
2025-06-15 16:22:38     Matrix setup time        :	0 s
                        Solver setup             :	11 s
                        Degrees of freedom       :	241236
                        Number of mesh cells     :	37448

                        Stimulation port         :	Zmin
                        Mode number              :	1
                        Accuracy                 :	8.9331e-14
                        Iterations               :	1
                        Solver time              :	0 s


                      ------------------------------------------------------------------------------
2025-06-15 16:22:39     Delta calculation        
2025-06-15 16:22:39     All S-Parameters         :	0.00621285
2025-06-15 16:22:39   

                      ------------------------------------------------------------------------------
2025-06-15 16:22:39   Mesh adaptation terminated because the desired accuracy limit is reached.

                      ------------------------------------------------------------------------------
2025-06-15 16:22:39   *** Warning ***

2025-06-15 16:22:39   At least one propagating Floquet mode is not considered at port Zmin. Please increase the number of modes at this port. 
                      More...

                      ------------------------------------------------------------------------------
2025-06-15 16:22:39   *** Warning ***

2025-06-15 16:22:39   At least one propagating Floquet mode is not considered at port Zmax. Please increase the number of modes at this port. 
                      More...

                      ------------------------------------------------------------------------------
2025-06-15 16:22:39     Total time               :	46 s

                      ------------------------------------------------------------------------------
2025-06-15 16:22:39   

                      ------------------------------------------------------------------------------
2025-06-15 16:22:39     Calculation 2 (Frequency: 20 GHz, Theta: 0, Phi: 0)


                      ------------------------------------------------------------------------------
2025-06-15 16:22:50     Matrix setup time        :	0 s
                        Solver setup             :	10 s
                        Degrees of freedom       :	241236
                        Number of mesh cells     :	37448

                        Stimulation port         :	Zmin
                        Mode number              :	1
                        Accuracy                 :	3.57488e-14
                        Iterations               :	1
                        Solver time              :	0 s


                      ------------------------------------------------------------------------------
2025-06-15 16:22:50     Total time               :	11 s

                      ------------------------------------------------------------------------------
2025-06-15 16:22:50   

                      ------------------------------------------------------------------------------
2025-06-15 16:22:50     Calculation 3 (Frequency: 26 GHz, Theta: 0, Phi: 0)


                      ------------------------------------------------------------------------------
2025-06-15 16:23:02     Matrix setup time        :	0 s
                        Solver setup             :	10 s
                        Degrees of freedom       :	241236
                        Number of mesh cells     :	37448

                        Stimulation port         :	Zmin
                        Mode number              :	1
                        Accuracy                 :	2.93144e-14
                        Iterations               :	1
                        Solver time              :	0 s


                      ------------------------------------------------------------------------------
2025-06-15 16:23:02     Total time               :	11 s

                      ------------------------------------------------------------------------------
2025-06-15 16:23:02   

                      ------------------------------------------------------------------------------
2025-06-15 16:23:02     Calculation 4 (Frequency: 29 GHz, Theta: 0, Phi: 0)


                      ------------------------------------------------------------------------------
2025-06-15 16:23:13     Matrix setup time        :	0 s
                        Solver setup             :	10 s
                        Degrees of freedom       :	241236
                        Number of mesh cells     :	37448

                        Stimulation port         :	Zmin
                        Mode number              :	1
                        Accuracy                 :	3.36994e-14
                        Iterations               :	1
                        Solver time              :	0 s


                      ------------------------------------------------------------------------------
2025-06-15 16:23:13     Total time               :	11 s

                      ------------------------------------------------------------------------------
2025-06-15 16:23:13   

                      ------------------------------------------------------------------------------
2025-06-15 16:23:13     Calculation 5 (Frequency: 24.26 GHz, Theta: 0, Phi: 0)


                      ------------------------------------------------------------------------------
2025-06-15 16:23:24     Matrix setup time        :	0 s
                        Solver setup             :	10 s
                        Degrees of freedom       :	241236
                        Number of mesh cells     :	37448

                        Stimulation port         :	Zmin
                        Mode number              :	1
                        Accuracy                 :	2.73717e-14
                        Iterations               :	1
                        Solver time              :	0 s


                      ------------------------------------------------------------------------------
2025-06-15 16:23:25     Total time               :	11 s

                      ------------------------------------------------------------------------------
2025-06-15 16:23:25   

                      ------------------------------------------------------------------------------
2025-06-15 16:23:25     Calculation 6 (Frequency: 27.356 GHz, Theta: 0, Phi: 0)


                      ------------------------------------------------------------------------------
2025-06-15 16:23:35     Matrix setup time        :	0 s
                        Solver setup             :	9 s
                        Degrees of freedom       :	241236
                        Number of mesh cells     :	37448

                        Stimulation port         :	Zmin
                        Mode number              :	1
                        Accuracy                 :	4.99654e-14
                        Iterations               :	1
                        Solver time              :	0 s


                      ------------------------------------------------------------------------------
2025-06-15 16:23:35     Total time               :	10 s

                      ------------------------------------------------------------------------------
2025-06-15 16:23:35   

                      ------------------------------------------------------------------------------
2025-06-15 16:23:35     Calculation 7 (Frequency: 25.208 GHz, Theta: 0, Phi: 0)


                      ------------------------------------------------------------------------------
2025-06-15 16:23:46     Matrix setup time        :	0 s
                        Solver setup             :	9 s
                        Degrees of freedom       :	241236
                        Number of mesh cells     :	37448

                        Stimulation port         :	Zmin
                        Mode number              :	1
                        Accuracy                 :	2.49455e-14
                        Iterations               :	1
                        Solver time              :	0 s


                      ------------------------------------------------------------------------------
2025-06-15 16:23:46     Total time               :	10 s

                      ------------------------------------------------------------------------------
2025-06-15 16:23:46   

                      ------------------------------------------------------------------------------
2025-06-15 16:23:46     Calculation 8 (Frequency: 23.624 GHz, Theta: 0, Phi: 0)


                      ------------------------------------------------------------------------------
2025-06-15 16:23:56     Matrix setup time        :	0 s
                        Solver setup             :	9 s
                        Degrees of freedom       :	241236
                        Number of mesh cells     :	37448

                        Stimulation port         :	Zmin
                        Mode number              :	1
                        Accuracy                 :	2.74871e-14
                        Iterations               :	1
                        Solver time              :	0 s


                      ------------------------------------------------------------------------------
2025-06-15 16:23:56     Total time               :	10 s

                      ------------------------------------------------------------------------------
2025-06-15 16:23:56   

                      ------------------------------------------------------------------------------
2025-06-15 16:23:56     Calculation 9 (Frequency: 25.616 GHz, Theta: 0, Phi: 0)


                      ------------------------------------------------------------------------------
2025-06-15 16:24:07     Matrix setup time        :	0 s
                        Solver setup             :	9 s
                        Degrees of freedom       :	241236
                        Number of mesh cells     :	37448

                        Stimulation port         :	Zmin
                        Mode number              :	1
                        Accuracy                 :	2.92179e-14
                        Iterations               :	1
                        Solver time              :	0 s


                      ------------------------------------------------------------------------------
2025-06-15 16:24:07     Total time               :	10 s

                      ------------------------------------------------------------------------------
2025-06-15 16:24:07   

                      ------------------------------------------------------------------------------
2025-06-15 16:24:07     Calculation 10 (Frequency: 24.752 GHz, Theta: 0, Phi: 0)


                      ------------------------------------------------------------------------------
2025-06-15 16:24:17     Matrix setup time        :	0 s
                        Solver setup             :	9 s
                        Degrees of freedom       :	241236
                        Number of mesh cells     :	37448

                        Stimulation port         :	Zmin
                        Mode number              :	1
                        Accuracy                 :	3.01589e-14
                        Iterations               :	1
                        Solver time              :	0 s


                      ------------------------------------------------------------------------------
2025-06-15 16:24:18     Total time               :	10 s

                      ------------------------------------------------------------------------------
2025-06-15 16:24:18   

                      ------------------------------------------------------------------------------
2025-06-15 16:24:18     Calculation 11 (Frequency: 31.088 GHz, Theta: 0, Phi: 0)


                      ------------------------------------------------------------------------------
2025-06-15 16:24:28     Matrix setup time        :	0 s
                        Solver setup             :	9 s
                        Degrees of freedom       :	241236
                        Number of mesh cells     :	37448

                        Stimulation port         :	Zmin
                        Mode number              :	1
                        Accuracy                 :	2.39337e-14
                        Iterations               :	1
                        Solver time              :	0 s


                      ------------------------------------------------------------------------------
2025-06-15 16:24:28     Total time               :	10 s

                      ------------------------------------------------------------------------------
2025-06-15 16:24:28   

                      ------------------------------------------------------------------------------
2025-06-15 16:24:28     Calculation 12 (Frequency: 26.432 GHz, Theta: 0, Phi: 0)


                      ------------------------------------------------------------------------------
2025-06-15 16:24:38     Matrix setup time        :	0 s
                        Solver setup             :	9 s
                        Degrees of freedom       :	241236
                        Number of mesh cells     :	37448

                        Stimulation port         :	Zmin
                        Mode number              :	1
                        Accuracy                 :	3.27938e-14
                        Iterations               :	1
                        Solver time              :	0 s


                      ------------------------------------------------------------------------------
2025-06-15 16:24:39     Total time               :	10 s

                      ------------------------------------------------------------------------------
2025-06-15 16:24:39   

                      ------------------------------------------------------------------------------
2025-06-15 16:24:39     Calculation 13 (Frequency: 31.616 GHz, Theta: 0, Phi: 0)


                      ------------------------------------------------------------------------------
2025-06-15 16:24:49     Matrix setup time        :	0 s
                        Solver setup             :	9 s
                        Degrees of freedom       :	241236
                        Number of mesh cells     :	37448

                        Stimulation port         :	Zmin
                        Mode number              :	1
                        Accuracy                 :	2.3436e-14
                        Iterations               :	1
                        Solver time              :	0 s


                      ------------------------------------------------------------------------------
2025-06-15 16:24:49     Total time               :	10 s

                      ------------------------------------------------------------------------------
2025-06-15 16:24:49   

                      ------------------------------------------------------------------------------
2025-06-15 16:24:49     Calculation 14 (Frequency: 30.236 GHz, Theta: 0, Phi: 0)


                      ------------------------------------------------------------------------------
2025-06-15 16:24:59     Matrix setup time        :	0 s
                        Solver setup             :	9 s
                        Degrees of freedom       :	241236
                        Number of mesh cells     :	37448

                        Stimulation port         :	Zmin
                        Mode number              :	1
                        Accuracy                 :	2.78873e-14
                        Iterations               :	1
                        Solver time              :	0 s


                      ------------------------------------------------------------------------------
2025-06-15 16:25:00     Total time               :	10 s

                      ------------------------------------------------------------------------------
2025-06-15 16:25:00   

                      ------------------------------------------------------------------------------
2025-06-15 16:25:00     Calculation 15 (Frequency: 28.124 GHz, Theta: 0, Phi: 0)


                      ------------------------------------------------------------------------------
2025-06-15 16:25:10     Matrix setup time        :	0 s
                        Solver setup             :	9 s
                        Degrees of freedom       :	241236
                        Number of mesh cells     :	37448

                        Stimulation port         :	Zmin
                        Mode number              :	1
                        Accuracy                 :	3.36227e-14
                        Iterations               :	1
                        Solver time              :	0 s


                      ------------------------------------------------------------------------------
2025-06-15 16:25:10     Total time               :	10 s

                      ------------------------------------------------------------------------------
2025-06-15 16:25:10   

                      ------------------------------------------------------------------------------
2025-06-15 16:25:10     Calculation 16 (Frequency: 27.056 GHz, Theta: 0, Phi: 0)


                      ------------------------------------------------------------------------------
2025-06-15 16:25:20     Matrix setup time        :	0 s
                        Solver setup             :	9 s
                        Degrees of freedom       :	241236
                        Number of mesh cells     :	37448

                        Stimulation port         :	Zmin
                        Mode number              :	1
                        Accuracy                 :	4.14001e-14
                        Iterations               :	1
                        Solver time              :	0 s


                      ------------------------------------------------------------------------------
2025-06-15 16:25:21     Total time               :	10 s

                      ------------------------------------------------------------------------------
2025-06-15 16:25:21   

                      ------------------------------------------------------------------------------
2025-06-15 16:25:21     Calculation 17 (Frequency: 28.388 GHz, Theta: 0, Phi: 0)


                      ------------------------------------------------------------------------------
2025-06-15 16:25:31     Matrix setup time        :	0 s
                        Solver setup             :	9 s
                        Degrees of freedom       :	241236
                        Number of mesh cells     :	37448

                        Stimulation port         :	Zmin
                        Mode number              :	1
                        Accuracy                 :	2.65374e-14
                        Iterations               :	1
                        Solver time              :	0 s


                      ------------------------------------------------------------------------------
2025-06-15 16:25:31     Total time               :	10 s

                      ------------------------------------------------------------------------------
2025-06-15 16:25:31   

                      ------------------------------------------------------------------------------
2025-06-15 16:25:31     Calculation 18 (Frequency: 29.936 GHz, Theta: 0, Phi: 0)


                      ------------------------------------------------------------------------------
2025-06-15 16:25:42     Matrix setup time        :	0 s
                        Solver setup             :	9 s
                        Degrees of freedom       :	241236
                        Number of mesh cells     :	37448

                        Stimulation port         :	Zmin
                        Mode number              :	1
                        Accuracy                 :	3.59627e-14
                        Iterations               :	1
                        Solver time              :	0 s


                      ------------------------------------------------------------------------------
2025-06-15 16:25:42     Total time               :	10 s

                      ------------------------------------------------------------------------------
2025-06-15 16:25:42   

                      ------------------------------------------------------------------------------
2025-06-15 16:25:42     Calculation 19 (Frequency: 25.784 GHz, Theta: 0, Phi: 0)


                      ------------------------------------------------------------------------------
2025-06-15 16:25:52     Matrix setup time        :	0 s
                        Solver setup             :	9 s
                        Degrees of freedom       :	241236
                        Number of mesh cells     :	37448

                        Stimulation port         :	Zmin
                        Mode number              :	1
                        Accuracy                 :	3.85896e-14
                        Iterations               :	1
                        Solver time              :	0 s


                      ------------------------------------------------------------------------------
2025-06-15 16:25:52     Total time               :	10 s

                      ------------------------------------------------------------------------------
2025-06-15 16:25:52   

                      ------------------------------------------------------------------------------
2025-06-15 16:25:52     Calculation 20 (Frequency: 22.844 GHz, Theta: 0, Phi: 0)


                      ------------------------------------------------------------------------------
2025-06-15 16:26:03     Matrix setup time        :	0 s
                        Solver setup             :	9 s
                        Degrees of freedom       :	241236
                        Number of mesh cells     :	37448

                        Stimulation port         :	Zmin
                        Mode number              :	1
                        Accuracy                 :	2.26998e-14
                        Iterations               :	1
                        Solver time              :	0 s


                      ------------------------------------------------------------------------------
2025-06-15 16:26:03     Total time               :	10 s

                      ------------------------------------------------------------------------------
2025-06-15 16:26:03   

                      ------------------------------------------------------------------------------
2025-06-15 16:26:03     Calculation 21 (Frequency: 24.536 GHz, Theta: 0, Phi: 0)


                      ------------------------------------------------------------------------------
2025-06-15 16:26:14     Matrix setup time        :	0 s
                        Solver setup             :	9 s
                        Degrees of freedom       :	241236
                        Number of mesh cells     :	37448

                        Stimulation port         :	Zmin
                        Mode number              :	1
                        Accuracy                 :	2.28398e-14
                        Iterations               :	1
                        Solver time              :	0 s


                      ------------------------------------------------------------------------------
2025-06-15 16:26:14     Total time               :	10 s

                      ------------------------------------------------------------------------------
2025-06-15 16:26:14   

                      ------------------------------------------------------------------------------
2025-06-15 16:26:14     Calculation 22 (Frequency: 22.088 GHz, Theta: 0, Phi: 0)


                      ------------------------------------------------------------------------------
2025-06-15 16:26:25     Matrix setup time        :	0 s
                        Solver setup             :	9 s
                        Degrees of freedom       :	241236
                        Number of mesh cells     :	37448

                        Stimulation port         :	Zmin
                        Mode number              :	1
                        Accuracy                 :	2.81318e-14
                        Iterations               :	1
                        Solver time              :	0 s


                      ------------------------------------------------------------------------------
2025-06-15 16:26:25     Total time               :	10 s

                      ------------------------------------------------------------------------------
2025-06-15 16:26:25   

                      ------------------------------------------------------------------------------
2025-06-15 16:26:25     Calculation 23 (Frequency: 26.804 GHz, Theta: 0, Phi: 0)


                      ------------------------------------------------------------------------------
2025-06-15 16:26:35     Matrix setup time        :	0 s
                        Solver setup             :	9 s
                        Degrees of freedom       :	241236
                        Number of mesh cells     :	37448

                        Stimulation port         :	Zmin
                        Mode number              :	1
                        Accuracy                 :	3.23704e-14
                        Iterations               :	1
                        Solver time              :	0 s


                      ------------------------------------------------------------------------------
2025-06-15 16:26:36     Total time               :	10 s

                      ------------------------------------------------------------------------------
2025-06-15 16:26:36   

                      ------------------------------------------------------------------------------
2025-06-15 16:26:36     Calculation 24 (Frequency: 27.824 GHz, Theta: 0, Phi: 0)


                      ------------------------------------------------------------------------------
2025-06-15 16:26:46     Matrix setup time        :	0 s
                        Solver setup             :	9 s
                        Degrees of freedom       :	241236
                        Number of mesh cells     :	37448

                        Stimulation port         :	Zmin
                        Mode number              :	1
                        Accuracy                 :	3.06145e-14
                        Iterations               :	1
                        Solver time              :	0 s


                      ------------------------------------------------------------------------------
2025-06-15 16:26:47     Total time               :	10 s

                      ------------------------------------------------------------------------------
2025-06-15 16:26:47   

                      ------------------------------------------------------------------------------
2025-06-15 16:26:47     Calculation 25 (Frequency: 29.588 GHz, Theta: 0, Phi: 0)


                      ------------------------------------------------------------------------------
2025-06-15 16:26:57     Matrix setup time        :	0 s
                        Solver setup             :	9 s
                        Degrees of freedom       :	241236
                        Number of mesh cells     :	37448

                        Stimulation port         :	Zmin
                        Mode number              :	1
                        Accuracy                 :	3.60797e-14
                        Iterations               :	1
                        Solver time              :	0 s


                      ------------------------------------------------------------------------------
2025-06-15 16:26:57     Total time               :	10 s

                      ------------------------------------------------------------------------------
2025-06-15 16:26:57   

                      ------------------------------------------------------------------------------
2025-06-15 16:26:57     Calculation 26 (Frequency: 30.524 GHz, Theta: 0, Phi: 0)


                      ------------------------------------------------------------------------------
2025-06-15 16:27:08     Matrix setup time        :	0 s
                        Solver setup             :	9 s
                        Degrees of freedom       :	241236
                        Number of mesh cells     :	37448

                        Stimulation port         :	Zmin
                        Mode number              :	1
                        Accuracy                 :	2.6749e-14
                        Iterations               :	1
                        Solver time              :	0 s


                      ------------------------------------------------------------------------------
2025-06-15 16:27:08     Total time               :	10 s

                      ------------------------------------------------------------------------------
2025-06-15 16:27:08   

                      ------------------------------------------------------------------------------
2025-06-15 16:27:08     Calculation 27 (Frequency: 20.984 GHz, Theta: 0, Phi: 0)


                      ------------------------------------------------------------------------------
2025-06-15 16:27:19     Matrix setup time        :	0 s
                        Solver setup             :	9 s
                        Degrees of freedom       :	241236
                        Number of mesh cells     :	37448

                        Stimulation port         :	Zmin
                        Mode number              :	1
                        Accuracy                 :	3.17857e-14
                        Iterations               :	1
                        Solver time              :	0 s


                      ------------------------------------------------------------------------------
2025-06-15 16:27:19     Total time               :	10 s

                      ------------------------------------------------------------------------------
2025-06-15 16:27:19   

                      ------------------------------------------------------------------------------
2025-06-15 16:27:19     Calculation 28 (Frequency: 23.924 GHz, Theta: 0, Phi: 0)


                      ------------------------------------------------------------------------------
2025-06-15 16:27:30     Matrix setup time        :	0 s
                        Solver setup             :	9 s
                        Degrees of freedom       :	241236
                        Number of mesh cells     :	37448

                        Stimulation port         :	Zmin
                        Mode number              :	1
                        Accuracy                 :	1.98929e-14
                        Iterations               :	1
                        Solver time              :	0 s


                      ------------------------------------------------------------------------------
2025-06-15 16:27:30     Total time               :	10 s

                      ------------------------------------------------------------------------------
2025-06-15 16:27:30   

                      ------------------------------------------------------------------------------
2025-06-15 16:27:30     Calculation 29 (Frequency: 20.372 GHz, Theta: 0, Phi: 0)


                      ------------------------------------------------------------------------------
2025-06-15 16:27:41     Matrix setup time        :	0 s
                        Solver setup             :	10 s
                        Degrees of freedom       :	241236
                        Number of mesh cells     :	37448

                        Stimulation port         :	Zmin
                        Mode number              :	1
                        Accuracy                 :	2.72749e-14
                        Iterations               :	1
                        Solver time              :	0 s


                      ------------------------------------------------------------------------------
2025-06-15 16:27:42     Total time               :	11 s

                      ------------------------------------------------------------------------------
2025-06-15 16:27:42   

                      ------------------------------------------------------------------------------
2025-06-15 16:27:42     Calculation 30 (Frequency: 23.384 GHz, Theta: 0, Phi: 0)


                      ------------------------------------------------------------------------------
2025-06-15 16:27:53     Matrix setup time        :	0 s
                        Solver setup             :	10 s
                        Degrees of freedom       :	241236
                        Number of mesh cells     :	37448

                        Stimulation port         :	Zmin
                        Mode number              :	1
                        Accuracy                 :	2.61897e-14
                        Iterations               :	1
                        Solver time              :	0 s


                      ------------------------------------------------------------------------------
2025-06-15 16:27:53     Total time               :	11 s

                      ------------------------------------------------------------------------------
2025-06-15 16:27:53   

                      ------------------------------------------------------------------------------
2025-06-15 16:27:53     Calculation 31 (Frequency: 20.204 GHz, Theta: 0, Phi: 0)


                      ------------------------------------------------------------------------------
2025-06-15 16:28:05     Matrix setup time        :	0 s
                        Solver setup             :	10 s
                        Degrees of freedom       :	241236
                        Number of mesh cells     :	37448

                        Stimulation port         :	Zmin
                        Mode number              :	1
                        Accuracy                 :	2.77967e-14
                        Iterations               :	1
                        Solver time              :	0 s


                      ------------------------------------------------------------------------------
2025-06-15 16:28:05     Total time               :	11 s

                      ------------------------------------------------------------------------------
2025-06-15 16:28:05   

                      ------------------------------------------------------------------------------
2025-06-15 16:28:05     Calculation 32 (Frequency: 20.648 GHz, Theta: 0, Phi: 0)


                      ------------------------------------------------------------------------------
2025-06-15 16:28:16     Matrix setup time        :	0 s
                        Solver setup             :	10 s
                        Degrees of freedom       :	241236
                        Number of mesh cells     :	37448

                        Stimulation port         :	Zmin
                        Mode number              :	1
                        Accuracy                 :	2.24876e-14
                        Iterations               :	1
                        Solver time              :	0 s


                      ------------------------------------------------------------------------------
2025-06-15 16:28:17     Total time               :	11 s

                      ------------------------------------------------------------------------------
2025-06-15 16:28:17   

                      ------------------------------------------------------------------------------
2025-06-15 16:28:17     Calculation 33 (Frequency: 29.324 GHz, Theta: 0, Phi: 0)


                      ------------------------------------------------------------------------------
2025-06-15 16:28:28     Matrix setup time        :	0 s
                        Solver setup             :	10 s
                        Degrees of freedom       :	241236
                        Number of mesh cells     :	37448

                        Stimulation port         :	Zmin
                        Mode number              :	1
                        Accuracy                 :	3.33766e-14
                        Iterations               :	1
                        Solver time              :	0 s


                      ------------------------------------------------------------------------------
2025-06-15 16:28:28     Total time               :	11 s

                      ------------------------------------------------------------------------------
2025-06-15 16:28:28   

                      ------------------------------------------------------------------------------
2025-06-15 16:28:28     Calculation 34 (Frequency: 29.744 GHz, Theta: 0, Phi: 0)


                      ------------------------------------------------------------------------------
2025-06-15 16:28:39     Matrix setup time        :	0 s
                        Solver setup             :	10 s
                        Degrees of freedom       :	241236
                        Number of mesh cells     :	37448

                        Stimulation port         :	Zmin
                        Mode number              :	1
                        Accuracy                 :	2.23624e-14
                        Iterations               :	1
                        Solver time              :	0 s


                      ------------------------------------------------------------------------------
2025-06-15 16:28:39     Total time               :	11 s

                      ------------------------------------------------------------------------------
2025-06-15 16:28:39   

                      ------------------------------------------------------------------------------
2025-06-15 16:28:39     Calculation 35 (Frequency: 30.752 GHz, Theta: 0, Phi: 0)


                      ------------------------------------------------------------------------------
2025-06-15 16:28:51     Matrix setup time        :	0 s
                        Solver setup             :	10 s
                        Degrees of freedom       :	241236
                        Number of mesh cells     :	37448

                        Stimulation port         :	Zmin
                        Mode number              :	1
                        Accuracy                 :	2.881e-14
                        Iterations               :	1
                        Solver time              :	0 s


                      ------------------------------------------------------------------------------
2025-06-15 16:28:51     Total time               :	11 s

                      ------------------------------------------------------------------------------
2025-06-15 16:28:51   

                      ------------------------------------------------------------------------------
2025-06-15 16:28:51     Calculation 36 (Frequency: 31.844 GHz, Theta: 0, Phi: 0)


                      ------------------------------------------------------------------------------
2025-06-15 16:29:02     Matrix setup time        :	0 s
                        Solver setup             :	10 s
                        Degrees of freedom       :	241236
                        Number of mesh cells     :	37448

                        Stimulation port         :	Zmin
                        Mode number              :	1
                        Accuracy                 :	4.90528e-14
                        Iterations               :	1
                        Solver time              :	0 s


                      ------------------------------------------------------------------------------
2025-06-15 16:29:02     Total time               :	11 s

                      ------------------------------------------------------------------------------
2025-06-15 16:29:02   

                      ------------------------------------------------------------------------------
2025-06-15 16:29:02     Calculation 37 (Frequency: 23.12 GHz, Theta: 0, Phi: 0)


                      ------------------------------------------------------------------------------
2025-06-15 16:29:14     Matrix setup time        :	0 s
                        Solver setup             :	10 s
                        Degrees of freedom       :	241236
                        Number of mesh cells     :	37448

                        Stimulation port         :	Zmin
                        Mode number              :	1
                        Accuracy                 :	2.76044e-14
                        Iterations               :	1
                        Solver time              :	0 s


                      ------------------------------------------------------------------------------
2025-06-15 16:29:14     Total time               :	11 s

                      ------------------------------------------------------------------------------
2025-06-15 16:29:14   

                      ------------------------------------------------------------------------------
2025-06-15 16:29:14   Finished the general purpose interpolative broadband frequency sweep:
                      All broadband sweep convergence criteria have been satisfied after
                      calculating 37 frequency samples:

                        Broadband sweep error threshold value :  0.01 (All S-Parameters) 
                        Number of error criterion checks      :  2 (All S-Parameters) 
                        Minimum number of samples             :  3
                        Number of data samples, linear        :  1001

                      ------------------------------------------------------------------------------
2025-06-15 16:29:14     Number of mesh cells     :	37448
                        Degrees of freedom       :	239532
                        Total Solver Time        :	442 s	 (= 0 h, 07 m, 22 s)
                      ================================================================================



                      ------------------------------------------------------------------------------
2025-06-15 16:29:14     ----------------------------------------------------------------------------
                                            Peak memory used (kB)         Free physical memory (kB) 
                                                                          At begin     Minimum      
                        ----------------------------------------------------------------------------
                        Solver start        22240                         8414188      8413436      
                        Eq. system setup    3980556                       8382216      7651776      
                        Eq. system solve    3980556                       8326344      4532632      
                        Mesh refinement     2297180                       8077596      7749792      
                        Solver run total    3980556                       8414192      4532632      

                        Computer name       Tahsin
                        ----------------------------------------------------------------------------


                      ------------------------------------------------------------------------------
2025-06-15 16:29:14   Running postprocessing.

                      ------------------------------------------------------------------------------
2025-06-15 16:29:15   Postprocessing finished.

                      ------------------------------------------------------------------------------
