2025-04-09 23:15:04   *** Warning ***

                      Electric isotropic material [Copper (pure)] has a very high conductivity for
                      the given mesh. Depending on your configuration it may be better to use a lossy
                      metal type for this material. More...

                      ------------------------------------------------------------------------------
2025-04-09 23:15:04   In order to get an optimal performance, hyperthreading is ignored for parallel
                      computations.

                      ------------------------------------------------------------------------------
2025-04-09 23:15:07   Units settings: 

                        Dimensions: mm
                        Frequency:  GHz
                        Time:       s

                      ------------------------------------------------------------------------------
2025-04-09 23:15:07   Boundary conditions: 

                        YZsymmetry: none
                        XZsymmetry: none
                        XYsymmetry: none

                        Xmin: unit cell
                        Xmax: unit cell

                        Ymin: unit cell
                        Ymax: unit cell

                        Zmin: expanded open
                        Zmax: expanded open

                      ------------------------------------------------------------------------------
2025-04-09 23:15:07   Order settings: 

                        Solver order   : 2nd (constant)
                        Curved elements: up to order 3 (automatic)

                      ------------------------------------------------------------------------------
2025-04-09 23:15:07   An iterative solver will be used first.

                      ------------------------------------------------------------------------------
2025-04-09 23:15:07     Mesh time                :	1 s


                      ------------------------------------------------------------------------------
2025-04-09 23:15:07   
                      ================================================================================
                      Frequency Domain Solver calculation cycle started

                      ------------------------------------------------------------------------------
2025-04-09 23:15:07   Solver started at: 2025-04-09 23:15:07 +0600

                        Module:  Frequency Domain: S-Parameter (Win 64)
                        Version: 2024.1 Release from 2023-10-16 (change 1181985)

                      ------------------------------------------------------------------------------
2025-04-09 23:15:07   The low frequency stabilization is not applied to periodic problems.

                      ------------------------------------------------------------------------------
2025-04-09 23:15:07     Calculation 1 of 1 (Frequency: 32 GHz, Theta: 0, Phi: 0)


                      ------------------------------------------------------------------------------
2025-04-09 23:15:07   The wavelength based mesh refinement has been applied to 5.0% of all mesh edges.

                      ------------------------------------------------------------------------------
2025-04-09 23:15:07   For some elements the curvature had to be reduced to maintain the quality of the mesh. More...

                      ------------------------------------------------------------------------------
2025-04-09 23:15:07   Adaptive mesh refinement pass 1

                      ------------------------------------------------------------------------------
2025-04-09 23:15:13   *** Warning ***

2025-04-09 23:15:13   Detected possible stagnation of the iterative solver (5.625096e-02 after 250 iterations.)
                      Please consider aborting the solver run, and check your simulation setup.  More...

                      ------------------------------------------------------------------------------
2025-04-09 23:15:20   *** Warning ***

2025-04-09 23:15:20   The solver stopped because the maximum number of iterations (500, used for automatic solver choice) has been reached.

                      ------------------------------------------------------------------------------
2025-04-09 23:15:20   Solving again, but with the direct solver. Please consider forcing the direct solver in the solver special settings, and
                      check your simulation setup (for instance source and material definitions.)

                      ------------------------------------------------------------------------------
2025-04-09 23:15:21     Matrix setup time        :	0 s
                        Degrees of freedom       :	37838
                        Number of mesh cells     :	5774

                        Stimulation port         :	Zmin
                        Mode number              :	1
                        Accuracy                 :	9.87806e-14
                        Iterations               :	1
                        Solver time              :	0 s


                      ------------------------------------------------------------------------------
2025-04-09 23:15:21   22% of all mesh edges seem to be longer than expected. The adaptive mesh refinement's growth limitation will therefore 
                      use 13692 instead of 3881 mesh cells as a reference.

                      ------------------------------------------------------------------------------
2025-04-09 23:15:21   The wavelength based mesh refinement has been applied to 0.2% of all mesh edges.

                      ------------------------------------------------------------------------------
2025-04-09 23:15:22   For some elements the curvature had to be reduced to maintain the quality of the mesh. More...

                      ------------------------------------------------------------------------------
2025-04-09 23:15:22   Adaptive mesh refinement pass 2

                      ------------------------------------------------------------------------------
2025-04-09 23:15:24     Matrix setup time        :	0 s
                        Solver setup             :	1 s
                        Degrees of freedom       :	75540
                        Number of mesh cells     :	11698

                        Stimulation port         :	Zmin
                        Mode number              :	1
                        Accuracy                 :	6.17692e-14
                        Iterations               :	1
                        Solver time              :	0 s


                      ------------------------------------------------------------------------------
2025-04-09 23:15:24     Delta calculation        
2025-04-09 23:15:24     All S-Parameters         :	0.146026
2025-04-09 23:15:24   

                      ------------------------------------------------------------------------------
2025-04-09 23:15:25   For some elements the curvature had to be slightly reduced to maintain the quality of the mesh. More...

                      ------------------------------------------------------------------------------
2025-04-09 23:15:26   Adaptive mesh refinement pass 3

                      ------------------------------------------------------------------------------
2025-04-09 23:15:30     Matrix setup time        :	0 s
                        Solver setup             :	3 s
                        Degrees of freedom       :	128274
                        Number of mesh cells     :	19980

                        Stimulation port         :	Zmin
                        Mode number              :	1
                        Accuracy                 :	4.36464e-14
                        Iterations               :	1
                        Solver time              :	0 s


                      ------------------------------------------------------------------------------
2025-04-09 23:15:30     Delta calculation        
2025-04-09 23:15:30     All S-Parameters         :	0.0611373
2025-04-09 23:15:30   

                      ------------------------------------------------------------------------------
2025-04-09 23:15:32   For some elements the curvature had to be reduced to maintain the quality of the mesh. More...

                      ------------------------------------------------------------------------------
2025-04-09 23:15:32   Adaptive mesh refinement pass 4

                      ------------------------------------------------------------------------------
2025-04-09 23:15:40     Matrix setup time        :	0 s
                        Solver setup             :	7 s
                        Degrees of freedom       :	211580
                        Number of mesh cells     :	33044

                        Stimulation port         :	Zmin
                        Mode number              :	1
                        Accuracy                 :	5.30558e-14
                        Iterations               :	1
                        Solver time              :	0 s


                      ------------------------------------------------------------------------------
2025-04-09 23:15:40     Delta calculation        
2025-04-09 23:15:40     All S-Parameters         :	0.0348062
2025-04-09 23:15:40   

                      ------------------------------------------------------------------------------
2025-04-09 23:15:44   Adaptive mesh refinement pass 5

                      ------------------------------------------------------------------------------
2025-04-09 23:16:01     Matrix setup time        :	1 s
                        Solver setup             :	15 s
                        Degrees of freedom       :	320194
                        Number of mesh cells     :	50006

                        Stimulation port         :	Zmin
                        Mode number              :	1
                        Accuracy                 :	4.38409e-14
                        Iterations               :	1
                        Solver time              :	0 s


                      ------------------------------------------------------------------------------
2025-04-09 23:16:01     Delta calculation        
2025-04-09 23:16:01     All S-Parameters         :	0.0201758
2025-04-09 23:16:01   

                      ------------------------------------------------------------------------------
2025-04-09 23:16:06   Adaptive mesh refinement pass 6

                      ------------------------------------------------------------------------------
2025-04-09 23:16:11   Low memory detected! The solver uses hard disk space to store data. This might reduce solver performance.

                      ------------------------------------------------------------------------------
2025-04-09 23:16:37   *** Warning ***

2025-04-09 23:16:37   Low memory: Only 1.47 GB of 15.91 GB available.


                      ------------------------------------------------------------------------------
2025-04-09 23:17:01     Matrix setup time        :	1 s
                        Solver setup             :	52 s
                        Degrees of freedom       :	453272
                        Number of mesh cells     :	70831

                        Stimulation port         :	Zmin
                        Mode number              :	1
                        Accuracy                 :	2.13182e-14
                        Iterations               :	1
                        Solver time              :	0 s


                      ------------------------------------------------------------------------------
2025-04-09 23:17:01     Delta calculation        
2025-04-09 23:17:01     All S-Parameters         :	0.0163562
2025-04-09 23:17:01   

                      ------------------------------------------------------------------------------
2025-04-09 23:17:01   Mesh adaptation terminated because the desired accuracy limit is reached.

                      ------------------------------------------------------------------------------
2025-04-09 23:17:02   *** Warning ***

2025-04-09 23:17:02   At least one propagating Floquet mode is not considered at port Zmin. Please increase the number of modes at this port. 
                      More...

                      ------------------------------------------------------------------------------
2025-04-09 23:17:02   *** Warning ***

2025-04-09 23:17:02   At least one propagating Floquet mode is not considered at port Zmax. Please increase the number of modes at this port. 
                      More...

                      ------------------------------------------------------------------------------
2025-04-09 23:17:02     Total time               :	114 s	 (= 0 h, 01 m, 54 s)

                      ------------------------------------------------------------------------------
2025-04-09 23:17:02   

                      ------------------------------------------------------------------------------
2025-04-09 23:17:02     Calculation 2 (Frequency: 20 GHz, Theta: 0, Phi: 0)


                      ------------------------------------------------------------------------------
2025-04-09 23:17:49     Matrix setup time        :	0 s
                        Solver setup             :	45 s
                        Degrees of freedom       :	453272
                        Number of mesh cells     :	70831

                        Stimulation port         :	Zmin
                        Mode number              :	1
                        Accuracy                 :	2.95167e-14
                        Iterations               :	1
                        Solver time              :	0 s


                      ------------------------------------------------------------------------------
2025-04-09 23:17:49     Total time               :	47 s

                      ------------------------------------------------------------------------------
2025-04-09 23:17:49   

                      ------------------------------------------------------------------------------
2025-04-09 23:17:49     Calculation 3 (Frequency: 26 GHz, Theta: 0, Phi: 0)


                      ------------------------------------------------------------------------------
2025-04-09 23:18:32     Matrix setup time        :	0 s
                        Solver setup             :	41 s
                        Degrees of freedom       :	453272
                        Number of mesh cells     :	70831

                        Stimulation port         :	Zmin
                        Mode number              :	1
                        Accuracy                 :	4.9063e-14
                        Iterations               :	1
                        Solver time              :	0 s


                      ------------------------------------------------------------------------------
2025-04-09 23:18:33     Total time               :	43 s

                      ------------------------------------------------------------------------------
2025-04-09 23:18:33   

                      ------------------------------------------------------------------------------
2025-04-09 23:18:33     Calculation 4 (Frequency: 29 GHz, Theta: 0, Phi: 0)


                      ------------------------------------------------------------------------------
2025-04-09 23:19:18     Matrix setup time        :	0 s
                        Solver setup             :	43 s
                        Degrees of freedom       :	453272
                        Number of mesh cells     :	70831

                        Stimulation port         :	Zmin
                        Mode number              :	1
                        Accuracy                 :	4.4578e-14
                        Iterations               :	1
                        Solver time              :	0 s


                      ------------------------------------------------------------------------------
2025-04-09 23:19:18     Total time               :	45 s

                      ------------------------------------------------------------------------------
2025-04-09 23:19:18   

                      ------------------------------------------------------------------------------
2025-04-09 23:19:18     Calculation 5 (Frequency: 24.272 GHz, Theta: 0, Phi: 0)


                      ------------------------------------------------------------------------------
2025-04-09 23:20:03     Matrix setup time        :	0 s
                        Solver setup             :	43 s
                        Degrees of freedom       :	453272
                        Number of mesh cells     :	70831

                        Stimulation port         :	Zmin
                        Mode number              :	1
                        Accuracy                 :	2.16947e-14
                        Iterations               :	1
                        Solver time              :	0 s


                      ------------------------------------------------------------------------------
2025-04-09 23:20:04     Total time               :	45 s

                      ------------------------------------------------------------------------------
2025-04-09 23:20:04   

                      ------------------------------------------------------------------------------
2025-04-09 23:20:04     Calculation 6 (Frequency: 27.752 GHz, Theta: 0, Phi: 0)


                      ------------------------------------------------------------------------------
2025-04-09 23:20:52     Matrix setup time        :	0 s
                        Solver setup             :	45 s
                        Degrees of freedom       :	453272
                        Number of mesh cells     :	70831

                        Stimulation port         :	Zmin
                        Mode number              :	1
                        Accuracy                 :	5.11597e-14
                        Iterations               :	1
                        Solver time              :	0 s


                      ------------------------------------------------------------------------------
2025-04-09 23:20:52     Total time               :	47 s

                      ------------------------------------------------------------------------------
2025-04-09 23:20:52   

                      ------------------------------------------------------------------------------
2025-04-09 23:20:52     Calculation 7 (Frequency: 22.424 GHz, Theta: 0, Phi: 0)


                      ------------------------------------------------------------------------------
2025-04-09 23:21:39     Matrix setup time        :	0 s
                        Solver setup             :	44 s
                        Degrees of freedom       :	453272
                        Number of mesh cells     :	70831

                        Stimulation port         :	Zmin
                        Mode number              :	1
                        Accuracy                 :	2.23235e-14
                        Iterations               :	1
                        Solver time              :	0 s


                      ------------------------------------------------------------------------------
2025-04-09 23:21:39     Total time               :	46 s

                      ------------------------------------------------------------------------------
2025-04-09 23:21:39   

                      ------------------------------------------------------------------------------
2025-04-09 23:21:39     Calculation 8 (Frequency: 28.472 GHz, Theta: 0, Phi: 0)


                      ------------------------------------------------------------------------------
2025-04-09 23:22:24     Matrix setup time        :	0 s
                        Solver setup             :	43 s
                        Degrees of freedom       :	453272
                        Number of mesh cells     :	70831

                        Stimulation port         :	Zmin
                        Mode number              :	1
                        Accuracy                 :	2.85069e-14
                        Iterations               :	1
                        Solver time              :	0 s


                      ------------------------------------------------------------------------------
2025-04-09 23:22:25     Total time               :	45 s

                      ------------------------------------------------------------------------------
2025-04-09 23:22:25   

                      ------------------------------------------------------------------------------
2025-04-09 23:22:25     Calculation 9 (Frequency: 27.152 GHz, Theta: 0, Phi: 0)


                      ------------------------------------------------------------------------------
2025-04-09 23:23:09     Matrix setup time        :	0 s
                        Solver setup             :	42 s
                        Degrees of freedom       :	453272
                        Number of mesh cells     :	70831

                        Stimulation port         :	Zmin
                        Mode number              :	1
                        Accuracy                 :	7.30611e-14
                        Iterations               :	1
                        Solver time              :	0 s


                      ------------------------------------------------------------------------------
2025-04-09 23:23:10     Total time               :	44 s

                      ------------------------------------------------------------------------------
2025-04-09 23:23:10   

                      ------------------------------------------------------------------------------
2025-04-09 23:23:10     Calculation 10 (Frequency: 28.868 GHz, Theta: 0, Phi: 0)


                      ------------------------------------------------------------------------------
2025-04-09 23:23:55     Matrix setup time        :	0 s
                        Solver setup             :	43 s
                        Degrees of freedom       :	453272
                        Number of mesh cells     :	70831

                        Stimulation port         :	Zmin
                        Mode number              :	1
                        Accuracy                 :	4.00856e-14
                        Iterations               :	1
                        Solver time              :	0 s


                      ------------------------------------------------------------------------------
2025-04-09 23:23:55     Total time               :	45 s

                      ------------------------------------------------------------------------------
2025-04-09 23:23:55   

                      ------------------------------------------------------------------------------
2025-04-09 23:23:55     Calculation 11 (Frequency: 29.54 GHz, Theta: 0, Phi: 0)


                      ------------------------------------------------------------------------------
2025-04-09 23:24:40     Matrix setup time        :	0 s
                        Solver setup             :	43 s
                        Degrees of freedom       :	453272
                        Number of mesh cells     :	70831

                        Stimulation port         :	Zmin
                        Mode number              :	1
                        Accuracy                 :	2.3959e-14
                        Iterations               :	1
                        Solver time              :	0 s


                      ------------------------------------------------------------------------------
2025-04-09 23:24:41     Total time               :	44 s

                      ------------------------------------------------------------------------------
2025-04-09 23:24:41   

                      ------------------------------------------------------------------------------
2025-04-09 23:24:41     Calculation 12 (Frequency: 27.428 GHz, Theta: 0, Phi: 0)


                      ------------------------------------------------------------------------------
2025-04-09 23:25:26     Matrix setup time        :	0 s
                        Solver setup             :	43 s
                        Degrees of freedom       :	453272
                        Number of mesh cells     :	70831

                        Stimulation port         :	Zmin
                        Mode number              :	1
                        Accuracy                 :	6.04898e-14
                        Iterations               :	1
                        Solver time              :	0 s


                      ------------------------------------------------------------------------------
2025-04-09 23:25:26     Total time               :	45 s

                      ------------------------------------------------------------------------------
2025-04-09 23:25:26   

                      ------------------------------------------------------------------------------
2025-04-09 23:25:26     Calculation 13 (Frequency: 29.072 GHz, Theta: 0, Phi: 0)


                      ------------------------------------------------------------------------------
2025-04-09 23:26:13     Matrix setup time        :	0 s
                        Solver setup             :	45 s
                        Degrees of freedom       :	453272
                        Number of mesh cells     :	70831

                        Stimulation port         :	Zmin
                        Mode number              :	1
                        Accuracy                 :	5.18144e-14
                        Iterations               :	1
                        Solver time              :	0 s


                      ------------------------------------------------------------------------------
2025-04-09 23:26:14     Total time               :	47 s

                      ------------------------------------------------------------------------------
2025-04-09 23:26:14   

                      ------------------------------------------------------------------------------
2025-04-09 23:26:14     Calculation 14 (Frequency: 23.888 GHz, Theta: 0, Phi: 0)


                      ------------------------------------------------------------------------------
2025-04-09 23:26:40   *** Warning ***

2025-04-09 23:26:40   Low memory: Only 1.56 GB of 15.91 GB available.


                      ------------------------------------------------------------------------------
2025-04-09 23:27:01     Matrix setup time        :	0 s
                        Solver setup             :	45 s
                        Degrees of freedom       :	453272
                        Number of mesh cells     :	70831

                        Stimulation port         :	Zmin
                        Mode number              :	1
                        Accuracy                 :	3.22387e-14
                        Iterations               :	1
                        Solver time              :	0 s


                      ------------------------------------------------------------------------------
2025-04-09 23:27:02     Total time               :	47 s

                      ------------------------------------------------------------------------------
2025-04-09 23:27:02   

                      ------------------------------------------------------------------------------
2025-04-09 23:27:02     Calculation 15 (Frequency: 30.464 GHz, Theta: 0, Phi: 0)


                      ------------------------------------------------------------------------------
2025-04-09 23:27:49     Matrix setup time        :	0 s
                        Solver setup             :	45 s
                        Degrees of freedom       :	453272
                        Number of mesh cells     :	70831

                        Stimulation port         :	Zmin
                        Mode number              :	1
                        Accuracy                 :	2.56296e-14
                        Iterations               :	1
                        Solver time              :	0 s


                      ------------------------------------------------------------------------------
2025-04-09 23:27:49     Total time               :	47 s

                      ------------------------------------------------------------------------------
2025-04-09 23:27:49   

                      ------------------------------------------------------------------------------
2025-04-09 23:27:49     Calculation 16 (Frequency: 23.216 GHz, Theta: 0, Phi: 0)


                      ------------------------------------------------------------------------------
2025-04-09 23:28:38     Matrix setup time        :	0 s
                        Solver setup             :	47 s
                        Degrees of freedom       :	453272
                        Number of mesh cells     :	70831

                        Stimulation port         :	Zmin
                        Mode number              :	1
                        Accuracy                 :	2.23012e-14
                        Iterations               :	1
                        Solver time              :	0 s


                      ------------------------------------------------------------------------------
2025-04-09 23:28:39     Total time               :	49 s

                      ------------------------------------------------------------------------------
2025-04-09 23:28:39   

                      ------------------------------------------------------------------------------
2025-04-09 23:28:39     Calculation 17 (Frequency: 21.224 GHz, Theta: 0, Phi: 0)


                      ------------------------------------------------------------------------------
2025-04-09 23:29:26     Matrix setup time        :	0 s
                        Solver setup             :	46 s
                        Degrees of freedom       :	453272
                        Number of mesh cells     :	70831

                        Stimulation port         :	Zmin
                        Mode number              :	1
                        Accuracy                 :	4.10568e-14
                        Iterations               :	1
                        Solver time              :	0 s


                      ------------------------------------------------------------------------------
2025-04-09 23:29:27     Total time               :	48 s

                      ------------------------------------------------------------------------------
2025-04-09 23:29:27   

                      ------------------------------------------------------------------------------
2025-04-09 23:29:27     Calculation 18 (Frequency: 23.408 GHz, Theta: 0, Phi: 0)


                      ------------------------------------------------------------------------------
2025-04-09 23:30:13     Matrix setup time        :	0 s
                        Solver setup             :	44 s
                        Degrees of freedom       :	453272
                        Number of mesh cells     :	70831

                        Stimulation port         :	Zmin
                        Mode number              :	1
                        Accuracy                 :	1.82207e-14
                        Iterations               :	1
                        Solver time              :	0 s


                      ------------------------------------------------------------------------------
2025-04-09 23:30:14     Total time               :	46 s

                      ------------------------------------------------------------------------------
2025-04-09 23:30:14   

                      ------------------------------------------------------------------------------
2025-04-09 23:30:14     Calculation 19 (Frequency: 21.32 GHz, Theta: 0, Phi: 0)


                      ------------------------------------------------------------------------------
2025-04-09 23:31:02     Matrix setup time        :	0 s
                        Solver setup             :	46 s
                        Degrees of freedom       :	453272
                        Number of mesh cells     :	70831

                        Stimulation port         :	Zmin
                        Mode number              :	1
                        Accuracy                 :	4.97927e-14
                        Iterations               :	1
                        Solver time              :	0 s


                      ------------------------------------------------------------------------------
2025-04-09 23:31:03     Total time               :	49 s

                      ------------------------------------------------------------------------------
2025-04-09 23:31:03   

                      ------------------------------------------------------------------------------
2025-04-09 23:31:03     Calculation 20 (Frequency: 20.78 GHz, Theta: 0, Phi: 0)


                      ------------------------------------------------------------------------------
2025-04-09 23:31:49     Matrix setup time        :	0 s
                        Solver setup             :	44 s
                        Degrees of freedom       :	453272
                        Number of mesh cells     :	70831

                        Stimulation port         :	Zmin
                        Mode number              :	1
                        Accuracy                 :	3.27628e-14
                        Iterations               :	1
                        Solver time              :	0 s


                      ------------------------------------------------------------------------------
2025-04-09 23:31:50     Total time               :	46 s

                      ------------------------------------------------------------------------------
2025-04-09 23:31:50   

                      ------------------------------------------------------------------------------
2025-04-09 23:31:50     Calculation 21 (Frequency: 23.972 GHz, Theta: 0, Phi: 0)


                      ------------------------------------------------------------------------------
2025-04-09 23:32:35     Matrix setup time        :	0 s
                        Solver setup             :	44 s
                        Degrees of freedom       :	453272
                        Number of mesh cells     :	70831

                        Stimulation port         :	Zmin
                        Mode number              :	1
                        Accuracy                 :	2.35173e-14
                        Iterations               :	1
                        Solver time              :	0 s


                      ------------------------------------------------------------------------------
2025-04-09 23:32:36     Total time               :	46 s

                      ------------------------------------------------------------------------------
2025-04-09 23:32:36   

                      ------------------------------------------------------------------------------
2025-04-09 23:32:36     Calculation 22 (Frequency: 20.456 GHz, Theta: 0, Phi: 0)


                      ------------------------------------------------------------------------------
2025-04-09 23:33:23     Matrix setup time        :	0 s
                        Solver setup             :	45 s
                        Degrees of freedom       :	453272
                        Number of mesh cells     :	70831

                        Stimulation port         :	Zmin
                        Mode number              :	1
                        Accuracy                 :	3.5076e-14
                        Iterations               :	1
                        Solver time              :	0 s


                      ------------------------------------------------------------------------------
2025-04-09 23:33:24     Total time               :	47 s

                      ------------------------------------------------------------------------------
2025-04-09 23:33:24   

                      ------------------------------------------------------------------------------
2025-04-09 23:33:24     Calculation 23 (Frequency: 21.872 GHz, Theta: 0, Phi: 0)


                      ------------------------------------------------------------------------------
2025-04-09 23:34:08     Matrix setup time        :	0 s
                        Solver setup             :	42 s
                        Degrees of freedom       :	453272
                        Number of mesh cells     :	70831

                        Stimulation port         :	Zmin
                        Mode number              :	1
                        Accuracy                 :	5.03872e-14
                        Iterations               :	1
                        Solver time              :	0 s


                      ------------------------------------------------------------------------------
2025-04-09 23:34:08     Total time               :	44 s

                      ------------------------------------------------------------------------------
2025-04-09 23:34:08   

                      ------------------------------------------------------------------------------
2025-04-09 23:34:08     Calculation 24 (Frequency: 24.764 GHz, Theta: 0, Phi: 0)


                      ------------------------------------------------------------------------------
2025-04-09 23:34:52     Matrix setup time        :	0 s
                        Solver setup             :	41 s
                        Degrees of freedom       :	453272
                        Number of mesh cells     :	70831

                        Stimulation port         :	Zmin
                        Mode number              :	1
                        Accuracy                 :	2.16902e-14
                        Iterations               :	1
                        Solver time              :	0 s


                      ------------------------------------------------------------------------------
2025-04-09 23:34:52     Total time               :	43 s

                      ------------------------------------------------------------------------------
2025-04-09 23:34:52   

                      ------------------------------------------------------------------------------
2025-04-09 23:34:52     Calculation 25 (Frequency: 26.564 GHz, Theta: 0, Phi: 0)


                      ------------------------------------------------------------------------------
2025-04-09 23:35:37     Matrix setup time        :	0 s
                        Solver setup             :	42 s
                        Degrees of freedom       :	453272
                        Number of mesh cells     :	70831

                        Stimulation port         :	Zmin
                        Mode number              :	1
                        Accuracy                 :	4.28547e-14
                        Iterations               :	1
                        Solver time              :	0 s


                      ------------------------------------------------------------------------------
2025-04-09 23:35:37     Total time               :	44 s

                      ------------------------------------------------------------------------------
2025-04-09 23:35:37   

                      ------------------------------------------------------------------------------
2025-04-09 23:35:37     Calculation 26 (Frequency: 25.268 GHz, Theta: 0, Phi: 0)


                      ------------------------------------------------------------------------------
2025-04-09 23:36:24     Matrix setup time        :	0 s
                        Solver setup             :	45 s
                        Degrees of freedom       :	453272
                        Number of mesh cells     :	70831

                        Stimulation port         :	Zmin
                        Mode number              :	1
                        Accuracy                 :	4.01699e-14
                        Iterations               :	1
                        Solver time              :	0 s


                      ------------------------------------------------------------------------------
2025-04-09 23:36:25     Total time               :	47 s

                      ------------------------------------------------------------------------------
2025-04-09 23:36:25   

                      ------------------------------------------------------------------------------
2025-04-09 23:36:25     Calculation 27 (Frequency: 31.16 GHz, Theta: 0, Phi: 0)


                      ------------------------------------------------------------------------------
2025-04-09 23:36:51   *** Warning ***

2025-04-09 23:36:51   Low memory: Only 1.38 GB of 15.91 GB available.


                      ------------------------------------------------------------------------------
2025-04-09 23:37:10     Matrix setup time        :	0 s
                        Solver setup             :	43 s
                        Degrees of freedom       :	453272
                        Number of mesh cells     :	70831

                        Stimulation port         :	Zmin
                        Mode number              :	1
                        Accuracy                 :	2.97732e-14
                        Iterations               :	1
                        Solver time              :	0 s


                      ------------------------------------------------------------------------------
2025-04-09 23:37:10     Total time               :	44 s

                      ------------------------------------------------------------------------------
2025-04-09 23:37:10   

                      ------------------------------------------------------------------------------
2025-04-09 23:37:10     Calculation 28 (Frequency: 30.116 GHz, Theta: 0, Phi: 0)


                      ------------------------------------------------------------------------------
2025-04-09 23:37:56     Matrix setup time        :	0 s
                        Solver setup             :	44 s
                        Degrees of freedom       :	453272
                        Number of mesh cells     :	70831

                        Stimulation port         :	Zmin
                        Mode number              :	1
                        Accuracy                 :	3.76694e-14
                        Iterations               :	1
                        Solver time              :	0 s


                      ------------------------------------------------------------------------------
2025-04-09 23:37:57     Total time               :	46 s

                      ------------------------------------------------------------------------------
2025-04-09 23:37:57   

                      ------------------------------------------------------------------------------
2025-04-09 23:37:57     Calculation 29 (Frequency: 31.436 GHz, Theta: 0, Phi: 0)


                      ------------------------------------------------------------------------------
2025-04-09 23:38:43     Matrix setup time        :	0 s
                        Solver setup             :	44 s
                        Degrees of freedom       :	453272
                        Number of mesh cells     :	70831

                        Stimulation port         :	Zmin
                        Mode number              :	1
                        Accuracy                 :	6.67181e-14
                        Iterations               :	1
                        Solver time              :	0 s


                      ------------------------------------------------------------------------------
2025-04-09 23:38:44     Total time               :	46 s

                      ------------------------------------------------------------------------------
2025-04-09 23:38:44   

                      ------------------------------------------------------------------------------
2025-04-09 23:38:44     Calculation 30 (Frequency: 30.884 GHz, Theta: 0, Phi: 0)


                      ------------------------------------------------------------------------------
2025-04-09 23:39:30     Matrix setup time        :	0 s
                        Solver setup             :	44 s
                        Degrees of freedom       :	453272
                        Number of mesh cells     :	70831

                        Stimulation port         :	Zmin
                        Mode number              :	1
                        Accuracy                 :	2.92503e-14
                        Iterations               :	1
                        Solver time              :	0 s


                      ------------------------------------------------------------------------------
2025-04-09 23:39:30     Total time               :	46 s

                      ------------------------------------------------------------------------------
2025-04-09 23:39:30   

                      ------------------------------------------------------------------------------
2025-04-09 23:39:30     Calculation 31 (Frequency: 31.808 GHz, Theta: 0, Phi: 0)


                      ------------------------------------------------------------------------------
2025-04-09 23:40:16     Matrix setup time        :	0 s
                        Solver setup             :	44 s
                        Degrees of freedom       :	453272
                        Number of mesh cells     :	70831

                        Stimulation port         :	Zmin
                        Mode number              :	1
                        Accuracy                 :	2.62514e-14
                        Iterations               :	1
                        Solver time              :	0 s


                      ------------------------------------------------------------------------------
2025-04-09 23:40:17     Total time               :	46 s

                      ------------------------------------------------------------------------------
2025-04-09 23:40:17   

                      ------------------------------------------------------------------------------
2025-04-09 23:40:17   Finished the general purpose interpolative broadband frequency sweep:
                      All broadband sweep convergence criteria have been satisfied after
                      calculating 31 frequency samples:

                        Broadband sweep error threshold value :  0.01 (All S-Parameters) 
                        Number of error criterion checks      :  2 (All S-Parameters) 
                        Minimum number of samples             :  3
                        Number of data samples, linear        :  1001

                      ------------------------------------------------------------------------------
2025-04-09 23:40:17     Number of mesh cells     :	70831
                        Degrees of freedom       :	451494
                        Total Solver Time        :	1510 s	 (= 0 h, 25 m, 10 s)
                      ================================================================================



                      ------------------------------------------------------------------------------
2025-04-09 23:40:17     ----------------------------------------------------------------------------
                                            Peak memory used (kB)         Free physical memory (kB) 
                                                                          At begin     Minimum      
                        ----------------------------------------------------------------------------
                        Solver start        22040                         8103452      8102572      
                        Eq. system setup    7677884                       8097656      6981948      
                        Eq. system solve    7677884                       8049568      647336       
                        Mesh refinement     5188516                       7844316      7311508      
                        Solver run total    7677884                       8103456      647336       

                        Computer name       Tahsin
                        ----------------------------------------------------------------------------


                      ------------------------------------------------------------------------------
2025-04-09 23:40:17   Running postprocessing.

                      ------------------------------------------------------------------------------
2025-04-09 23:40:18   Postprocessing finished.

                      ------------------------------------------------------------------------------
