2025-03-26 00:37:25   *** Warning ***

                      Electric isotropic material [Copper (pure)] has a very high conductivity for
                      the given mesh. Depending on your configuration it may be better to use a lossy
                      metal type for this material. More...

                      ------------------------------------------------------------------------------
2025-03-26 00:37:29   *** Warning ***

2025-03-26 00:37:29   `tbbmalloc_proxy` cannot replace memory allocation routines (status:-1):
                      Success: free (ucrtbase.dll), byte pattern: <C7442410000000008B4424>
                      Fail: _msize (ucrtbase.dll), byte pattern: <E9ABFFFFFFCCCCCCCCCCCC>
                      The solver will continue with a reduced performance.

                      ------------------------------------------------------------------------------
2025-03-26 00:37:29   Units settings: 

                        Dimensions: mm
                        Frequency:  GHz
                        Time:       s

                      ------------------------------------------------------------------------------
2025-03-26 00:37:29   Boundary conditions: 

                        YZsymmetry: none
                        XZsymmetry: none
                        XYsymmetry: none

                        Xmin: unit cell
                        Xmax: unit cell

                        Ymin: unit cell
                        Ymax: unit cell

                        Zmin: expanded open
                        Zmax: expanded open

                      ------------------------------------------------------------------------------
2025-03-26 00:37:29   Order settings: 

                        Solver order   : 2nd (constant)
                        Curved elements: up to order 3 (automatic)

                      ------------------------------------------------------------------------------
2025-03-26 00:37:29   An iterative solver will be used first.

                      ------------------------------------------------------------------------------
2025-03-26 00:37:29     Mesh time                :	2 s


                      ------------------------------------------------------------------------------
2025-03-26 00:37:29   
                      ================================================================================
                      Frequency Domain Solver calculation cycle started

                      ------------------------------------------------------------------------------
2025-03-26 00:37:29   Solver started at: 2025-03-26 00:37:29 +0600

                        Module:  Frequency Domain: S-Parameter (Win 64)
                        Version: 2024.1 Release from 2023-10-16 (change 1181985)

                      ------------------------------------------------------------------------------
2025-03-26 00:37:29   The low frequency stabilization is not applied to periodic problems.

                      ------------------------------------------------------------------------------
2025-03-26 00:37:29     Calculation 1 of 1 (Frequency: 32 GHz, Theta: 0, Phi: 0)


                      ------------------------------------------------------------------------------
2025-03-26 00:37:29   The wavelength based mesh refinement has been applied to 0.6% of all mesh edges.

                      ------------------------------------------------------------------------------
2025-03-26 00:37:29   For some elements the curvature had to be reduced to maintain the quality of the mesh. More...

                      ------------------------------------------------------------------------------
2025-03-26 00:37:30   Adaptive mesh refinement pass 1

                      ------------------------------------------------------------------------------
2025-03-26 00:37:48   *** Warning ***

2025-03-26 00:37:48   Detected possible stagnation of the iterative solver (4.622026e-02 after 250 iterations.)
                      Please consider aborting the solver run, and check your simulation setup.  More...

                      ------------------------------------------------------------------------------
2025-03-26 00:37:56   *** Warning ***

2025-03-26 00:37:56   The solver stopped because the maximum number of iterations (500, used for automatic solver choice) has been reached.

                      ------------------------------------------------------------------------------
2025-03-26 00:37:56   Solving again, but with the direct solver. Please consider forcing the direct solver in the solver special settings, and
                      check your simulation setup (for instance source and material definitions.)

                      ------------------------------------------------------------------------------
2025-03-26 00:37:56   Low memory detected! The solver uses hard disk space to store data. This might reduce solver performance.

                      ------------------------------------------------------------------------------
2025-03-26 00:37:58   *** Warning ***

2025-03-26 00:37:58   Low memory: Only 751.09 MB of 7.40 GB available.


                      ------------------------------------------------------------------------------
2025-03-26 00:37:58     Matrix setup time        :	0 s
                        Solver setup             :	2 s
                        Degrees of freedom       :	31658
                        Number of mesh cells     :	4838

                        Stimulation port         :	Zmin
                        Mode number              :	1
                        Accuracy                 :	8.82151e-14
                        Iterations               :	1
                        Solver time              :	0 s


                      ------------------------------------------------------------------------------
2025-03-26 00:37:59   The input reflection seems to be large at 32 GHz, Theta: 0, Phi: 0. The adaptive mesh refinement at this sample will be 
                      stopped. A new mesh adaptation frequency has been added at 26 GHz.  More...

                      ------------------------------------------------------------------------------
2025-03-26 00:37:59   *** Warning ***

2025-03-26 00:37:59   At least one propagating Floquet mode is not considered at port Zmin. Please increase the number of modes at this port. 
                      More...

                      ------------------------------------------------------------------------------
2025-03-26 00:37:59   *** Warning ***

2025-03-26 00:37:59   At least one propagating Floquet mode is not considered at port Zmax. Please increase the number of modes at this port. 
                      More...

                      ------------------------------------------------------------------------------
2025-03-26 00:37:59     Total time               :	29 s

                      ------------------------------------------------------------------------------
2025-03-26 00:37:59   

                      ------------------------------------------------------------------------------
2025-03-26 00:37:59     Calculation 2 of 2 (Frequency: 26 GHz, Theta: 0, Phi: 0)


                      ------------------------------------------------------------------------------
2025-03-26 00:37:59   Adaptive mesh refinement pass 1

                      ------------------------------------------------------------------------------
2025-03-26 00:38:01     Matrix setup time        :	0 s
                        Solver setup             :	1 s
                        Degrees of freedom       :	31658
                        Number of mesh cells     :	4838

                        Stimulation port         :	Zmin
                        Mode number              :	1
                        Accuracy                 :	1.37962e-13
                        Iterations               :	1
                        Solver time              :	0 s


                      ------------------------------------------------------------------------------
2025-03-26 00:38:01   The input reflection seems to be large at 26 GHz, Theta: 0, Phi: 0. The adaptive mesh refinement at this sample will be 
                      stopped. A new mesh adaptation frequency has been added at 29 GHz.  More...

                      ------------------------------------------------------------------------------
2025-03-26 00:38:01     Total time               :	2 s

                      ------------------------------------------------------------------------------
2025-03-26 00:38:01   

                      ------------------------------------------------------------------------------
2025-03-26 00:38:01     Calculation 3 of 3 (Frequency: 29 GHz, Theta: 0, Phi: 0)


                      ------------------------------------------------------------------------------
2025-03-26 00:38:02   Adaptive mesh refinement pass 1

                      ------------------------------------------------------------------------------
2025-03-26 00:38:02   *** Error ***

2025-03-26 00:38:02   Error during construction of pre-conditioner. Not enough memory.

                      ------------------------------------------------------------------------------
2025-03-26 00:38:02   *** Error ***

2025-03-26 00:38:02   Could not compute matrix factorization.

                      ------------------------------------------------------------------------------
2025-03-26 00:38:02     Total time               :	0 s

                      ------------------------------------------------------------------------------
2025-03-26 00:38:02   

                      ------------------------------------------------------------------------------
2025-03-26 00:38:02     Number of mesh cells     :	4838
                        Degrees of freedom       :	31028
                        Total Solver Time        :	34 s
                      ================================================================================



                      ------------------------------------------------------------------------------
2025-03-26 00:38:02     ----------------------------------------------------------------------------
                                            Peak memory used (kB)         Free physical memory (kB) 
                                                                          At begin     Minimum      
                        ----------------------------------------------------------------------------
                        Solver start        22940                         993040       993040       
                        Eq. system setup    682276                        973892       696444       
                        Eq. system solve    682276                        945048       640988       
                        Mesh refinement     480684                        964580       963172       
                        Solver run total    682276                        993040       640988       

                        Computer name       MSI
                        ----------------------------------------------------------------------------


                      ------------------------------------------------------------------------------
2025-03-26 00:38:02   Running postprocessing.

                      ------------------------------------------------------------------------------
2025-03-26 00:38:02   *** Error ***

                      Error: Unable to initialize PP structure from S-Matrix information.

                      ------------------------------------------------------------------------------
2025-03-26 00:38:02   *** Error ***

                      Error while running S-parameter post processing.

                      ------------------------------------------------------------------------------
2025-03-26 00:38:03   Postprocessing finished.

                      ------------------------------------------------------------------------------
