2025-05-28 00:10:03   *** Warning ***

                      Electric isotropic material [Copper (pure)] has a very high conductivity for
                      the given mesh. Depending on your configuration it may be better to use a lossy
                      metal type for this material. More...

                      ------------------------------------------------------------------------------
2025-05-28 00:10:03   In order to get an optimal performance, hyperthreading is ignored for parallel
                      computations.

                      ------------------------------------------------------------------------------
2025-05-28 00:10:05   Units settings: 

                        Dimensions: mm
                        Frequency:  GHz
                        Time:       s

                      ------------------------------------------------------------------------------
2025-05-28 00:10:05   Boundary conditions: 

                        YZsymmetry: none
                        XZsymmetry: none
                        XYsymmetry: none

                        Xmin: unit cell
                        Xmax: unit cell

                        Ymin: unit cell
                        Ymax: unit cell

                        Zmin: expanded open
                        Zmax: expanded open

                      ------------------------------------------------------------------------------
2025-05-28 00:10:05   Order settings: 

                        Solver order   : 2nd (constant)
                        Curved elements: up to order 3 (automatic)

                      ------------------------------------------------------------------------------
2025-05-28 00:10:05   An iterative solver will be used first.

                      ------------------------------------------------------------------------------
2025-05-28 00:10:05     Mesh time                :	2 s


                      ------------------------------------------------------------------------------
2025-05-28 00:10:05   
                      ================================================================================
                      Frequency Domain Solver calculation cycle started

                      ------------------------------------------------------------------------------
2025-05-28 00:10:05   Solver started at: 2025-05-28 00:10:05 +0600

                        Module:  Frequency Domain: S-Parameter (Win 64)
                        Version: 2024.1 Release from 2023-10-16 (change 1181985)

                      ------------------------------------------------------------------------------
2025-05-28 00:10:05   The low frequency stabilization is not applied to periodic problems.

                      ------------------------------------------------------------------------------
2025-05-28 00:10:05     Calculation 1 of 1 (Frequency: 32 GHz, Theta: 0, Phi: 0)


                      ------------------------------------------------------------------------------
2025-05-28 00:10:05   The wavelength based mesh refinement has been applied to 5.2% of all mesh edges.

                      ------------------------------------------------------------------------------
2025-05-28 00:10:06   For some elements the curvature had to be reduced to maintain the quality of the mesh. More...

                      ------------------------------------------------------------------------------
2025-05-28 00:10:06   Adaptive mesh refinement pass 1

                      ------------------------------------------------------------------------------
2025-05-28 00:10:12   *** Warning ***

2025-05-28 00:10:12   Detected possible stagnation of the iterative solver (3.407223e-02 after 250 iterations.)
                      Please consider aborting the solver run, and check your simulation setup.  More...

                      ------------------------------------------------------------------------------
2025-05-28 00:10:19   *** Warning ***

2025-05-28 00:10:19   The solver stopped because the maximum number of iterations (500, used for automatic solver choice) has been reached.

                      ------------------------------------------------------------------------------
2025-05-28 00:10:19   Solving again, but with the direct solver. Please consider forcing the direct solver in the solver special settings, and
                      check your simulation setup (for instance source and material definitions.)

                      ------------------------------------------------------------------------------
2025-05-28 00:10:20     Matrix setup time        :	0 s
                        Degrees of freedom       :	35674
                        Number of mesh cells     :	5433

                        Stimulation port         :	Zmin
                        Mode number              :	1
                        Accuracy                 :	7.76625e-14
                        Iterations               :	1
                        Solver time              :	0 s


                      ------------------------------------------------------------------------------
2025-05-28 00:10:20   26% of all mesh edges seem to be longer than expected. The adaptive mesh refinement's growth limitation will therefore 
                      use 14049 instead of 3639 mesh cells as a reference.

                      ------------------------------------------------------------------------------
2025-05-28 00:10:20   The wavelength based mesh refinement has been applied to 0.3% of all mesh edges.

                      ------------------------------------------------------------------------------
2025-05-28 00:10:21   Adaptive mesh refinement pass 2

                      ------------------------------------------------------------------------------
2025-05-28 00:10:23     Matrix setup time        :	0 s
                        Solver setup             :	1 s
                        Degrees of freedom       :	73168
                        Number of mesh cells     :	11321

                        Stimulation port         :	Zmin
                        Mode number              :	1
                        Accuracy                 :	4.67643e-14
                        Iterations               :	1
                        Solver time              :	0 s


                      ------------------------------------------------------------------------------
2025-05-28 00:10:23     Delta calculation        
2025-05-28 00:10:23     All S-Parameters         :	0.0360367
2025-05-28 00:10:23   

                      ------------------------------------------------------------------------------
2025-05-28 00:10:24   For some elements the curvature had to be slightly reduced to maintain the quality of the mesh. More...

                      ------------------------------------------------------------------------------
2025-05-28 00:10:24   Adaptive mesh refinement pass 3

                      ------------------------------------------------------------------------------
2025-05-28 00:10:28     Matrix setup time        :	0 s
                        Solver setup             :	3 s
                        Degrees of freedom       :	112920
                        Number of mesh cells     :	17556

                        Stimulation port         :	Zmin
                        Mode number              :	1
                        Accuracy                 :	2.7232e-14
                        Iterations               :	1
                        Solver time              :	0 s


                      ------------------------------------------------------------------------------
2025-05-28 00:10:28     Delta calculation        
2025-05-28 00:10:28     All S-Parameters         :	0.010478
2025-05-28 00:10:28   

                      ------------------------------------------------------------------------------
2025-05-28 00:10:28   Mesh adaptation terminated because the desired accuracy limit is reached.

                      ------------------------------------------------------------------------------
2025-05-28 00:10:28   *** Warning ***

2025-05-28 00:10:28   At least one propagating Floquet mode is not considered at port Zmin. Please increase the number of modes at this port. 
                      More...

                      ------------------------------------------------------------------------------
2025-05-28 00:10:28   *** Warning ***

2025-05-28 00:10:28   At least one propagating Floquet mode is not considered at port Zmax. Please increase the number of modes at this port. 
                      More...

                      ------------------------------------------------------------------------------
2025-05-28 00:10:28     Total time               :	23 s

                      ------------------------------------------------------------------------------
2025-05-28 00:10:28   

                      ------------------------------------------------------------------------------
2025-05-28 00:10:28     Calculation 2 (Frequency: 20 GHz, Theta: 0, Phi: 0)


                      ------------------------------------------------------------------------------
2025-05-28 00:10:31     Matrix setup time        :	0 s
                        Solver setup             :	2 s
                        Degrees of freedom       :	112920
                        Number of mesh cells     :	17556

                        Stimulation port         :	Zmin
                        Mode number              :	1
                        Accuracy                 :	5.46769e-14
                        Iterations               :	1
                        Solver time              :	0 s


                      ------------------------------------------------------------------------------
2025-05-28 00:10:31     Total time               :	2 s

                      ------------------------------------------------------------------------------
2025-05-28 00:10:31   

                      ------------------------------------------------------------------------------
2025-05-28 00:10:31     Calculation 3 (Frequency: 26 GHz, Theta: 0, Phi: 0)


                      ------------------------------------------------------------------------------
2025-05-28 00:10:34     Matrix setup time        :	0 s
                        Solver setup             :	2 s
                        Degrees of freedom       :	112920
                        Number of mesh cells     :	17556

                        Stimulation port         :	Zmin
                        Mode number              :	1
                        Accuracy                 :	2.95646e-14
                        Iterations               :	1
                        Solver time              :	0 s


                      ------------------------------------------------------------------------------
2025-05-28 00:10:34     Total time               :	2 s

                      ------------------------------------------------------------------------------
2025-05-28 00:10:34   

                      ------------------------------------------------------------------------------
2025-05-28 00:10:34     Calculation 4 (Frequency: 29 GHz, Theta: 0, Phi: 0)


                      ------------------------------------------------------------------------------
2025-05-28 00:10:37     Matrix setup time        :	0 s
                        Solver setup             :	2 s
                        Degrees of freedom       :	112920
                        Number of mesh cells     :	17556

                        Stimulation port         :	Zmin
                        Mode number              :	1
                        Accuracy                 :	4.01527e-14
                        Iterations               :	1
                        Solver time              :	0 s


                      ------------------------------------------------------------------------------
2025-05-28 00:10:37     Total time               :	2 s

                      ------------------------------------------------------------------------------
2025-05-28 00:10:37   

                      ------------------------------------------------------------------------------
2025-05-28 00:10:37     Calculation 5 (Frequency: 23.312 GHz, Theta: 0, Phi: 0)


                      ------------------------------------------------------------------------------
2025-05-28 00:10:40     Matrix setup time        :	0 s
                        Solver setup             :	2 s
                        Degrees of freedom       :	112920
                        Number of mesh cells     :	17556

                        Stimulation port         :	Zmin
                        Mode number              :	1
                        Accuracy                 :	3.21235e-14
                        Iterations               :	1
                        Solver time              :	0 s


                      ------------------------------------------------------------------------------
2025-05-28 00:10:40     Total time               :	2 s

                      ------------------------------------------------------------------------------
2025-05-28 00:10:40   

                      ------------------------------------------------------------------------------
2025-05-28 00:10:40     Calculation 6 (Frequency: 27.356 GHz, Theta: 0, Phi: 0)


                      ------------------------------------------------------------------------------
2025-05-28 00:10:43     Matrix setup time        :	0 s
                        Solver setup             :	2 s
                        Degrees of freedom       :	112920
                        Number of mesh cells     :	17556

                        Stimulation port         :	Zmin
                        Mode number              :	1
                        Accuracy                 :	4.40164e-14
                        Iterations               :	1
                        Solver time              :	0 s


                      ------------------------------------------------------------------------------
2025-05-28 00:10:43     Total time               :	2 s

                      ------------------------------------------------------------------------------
2025-05-28 00:10:43   

                      ------------------------------------------------------------------------------
2025-05-28 00:10:43     Calculation 7 (Frequency: 24.452 GHz, Theta: 0, Phi: 0)


                      ------------------------------------------------------------------------------
2025-05-28 00:10:46     Matrix setup time        :	0 s
                        Solver setup             :	2 s
                        Degrees of freedom       :	112920
                        Number of mesh cells     :	17556

                        Stimulation port         :	Zmin
                        Mode number              :	1
                        Accuracy                 :	2.38523e-14
                        Iterations               :	1
                        Solver time              :	0 s


                      ------------------------------------------------------------------------------
2025-05-28 00:10:46     Total time               :	2 s

                      ------------------------------------------------------------------------------
2025-05-28 00:10:46   

                      ------------------------------------------------------------------------------
2025-05-28 00:10:46     Calculation 8 (Frequency: 28.028 GHz, Theta: 0, Phi: 0)


                      ------------------------------------------------------------------------------
2025-05-28 00:10:48     Matrix setup time        :	0 s
                        Solver setup             :	2 s
                        Degrees of freedom       :	112920
                        Number of mesh cells     :	17556

                        Stimulation port         :	Zmin
                        Mode number              :	1
                        Accuracy                 :	3.60392e-14
                        Iterations               :	1
                        Solver time              :	0 s


                      ------------------------------------------------------------------------------
2025-05-28 00:10:49     Total time               :	2 s

                      ------------------------------------------------------------------------------
2025-05-28 00:10:49   

                      ------------------------------------------------------------------------------
2025-05-28 00:10:49     Calculation 9 (Frequency: 30.68 GHz, Theta: 0, Phi: 0)


                      ------------------------------------------------------------------------------
2025-05-28 00:10:51     Matrix setup time        :	0 s
                        Solver setup             :	2 s
                        Degrees of freedom       :	112920
                        Number of mesh cells     :	17556

                        Stimulation port         :	Zmin
                        Mode number              :	1
                        Accuracy                 :	4.46119e-14
                        Iterations               :	1
                        Solver time              :	0 s


                      ------------------------------------------------------------------------------
2025-05-28 00:10:52     Total time               :	2 s

                      ------------------------------------------------------------------------------
2025-05-28 00:10:52   

                      ------------------------------------------------------------------------------
2025-05-28 00:10:52     Calculation 10 (Frequency: 21.344 GHz, Theta: 0, Phi: 0)


                      ------------------------------------------------------------------------------
2025-05-28 00:10:54     Matrix setup time        :	0 s
                        Solver setup             :	2 s
                        Degrees of freedom       :	112920
                        Number of mesh cells     :	17556

                        Stimulation port         :	Zmin
                        Mode number              :	1
                        Accuracy                 :	5.95641e-14
                        Iterations               :	1
                        Solver time              :	0 s


                      ------------------------------------------------------------------------------
2025-05-28 00:10:55     Total time               :	2 s

                      ------------------------------------------------------------------------------
2025-05-28 00:10:55   

                      ------------------------------------------------------------------------------
2025-05-28 00:10:55     Calculation 11 (Frequency: 31.568 GHz, Theta: 0, Phi: 0)


                      ------------------------------------------------------------------------------
2025-05-28 00:10:57     Matrix setup time        :	0 s
                        Solver setup             :	2 s
                        Degrees of freedom       :	112920
                        Number of mesh cells     :	17556

                        Stimulation port         :	Zmin
                        Mode number              :	1
                        Accuracy                 :	3.67249e-14
                        Iterations               :	1
                        Solver time              :	0 s


                      ------------------------------------------------------------------------------
2025-05-28 00:10:57     Total time               :	2 s

                      ------------------------------------------------------------------------------
2025-05-28 00:10:57   

                      ------------------------------------------------------------------------------
2025-05-28 00:10:57     Calculation 12 (Frequency: 21.428 GHz, Theta: 0, Phi: 0)


                      ------------------------------------------------------------------------------
2025-05-28 00:11:00     Matrix setup time        :	0 s
                        Solver setup             :	2 s
                        Degrees of freedom       :	112920
                        Number of mesh cells     :	17556

                        Stimulation port         :	Zmin
                        Mode number              :	1
                        Accuracy                 :	5.36431e-14
                        Iterations               :	1
                        Solver time              :	0 s


                      ------------------------------------------------------------------------------
2025-05-28 00:11:00     Total time               :	2 s

                      ------------------------------------------------------------------------------
2025-05-28 00:11:00   

                      ------------------------------------------------------------------------------
2025-05-28 00:11:00     Calculation 13 (Frequency: 20.984 GHz, Theta: 0, Phi: 0)


                      ------------------------------------------------------------------------------
2025-05-28 00:11:03     Matrix setup time        :	0 s
                        Solver setup             :	2 s
                        Degrees of freedom       :	112920
                        Number of mesh cells     :	17556

                        Stimulation port         :	Zmin
                        Mode number              :	1
                        Accuracy                 :	5.15301e-14
                        Iterations               :	1
                        Solver time              :	0 s


                      ------------------------------------------------------------------------------
2025-05-28 00:11:03     Total time               :	2 s

                      ------------------------------------------------------------------------------
2025-05-28 00:11:03   

                      ------------------------------------------------------------------------------
2025-05-28 00:11:03     Calculation 14 (Frequency: 22.016 GHz, Theta: 0, Phi: 0)


                      ------------------------------------------------------------------------------
2025-05-28 00:11:06     Matrix setup time        :	0 s
                        Solver setup             :	2 s
                        Degrees of freedom       :	112920
                        Number of mesh cells     :	17556

                        Stimulation port         :	Zmin
                        Mode number              :	1
                        Accuracy                 :	6.36637e-14
                        Iterations               :	1
                        Solver time              :	0 s


                      ------------------------------------------------------------------------------
2025-05-28 00:11:06     Total time               :	3 s

                      ------------------------------------------------------------------------------
2025-05-28 00:11:06   

                      ------------------------------------------------------------------------------
2025-05-28 00:11:06     Calculation 15 (Frequency: 20.348 GHz, Theta: 0, Phi: 0)


                      ------------------------------------------------------------------------------
2025-05-28 00:11:09     Matrix setup time        :	0 s
                        Solver setup             :	2 s
                        Degrees of freedom       :	112920
                        Number of mesh cells     :	17556

                        Stimulation port         :	Zmin
                        Mode number              :	1
                        Accuracy                 :	5.21418e-14
                        Iterations               :	1
                        Solver time              :	0 s


                      ------------------------------------------------------------------------------
2025-05-28 00:11:09     Total time               :	2 s

                      ------------------------------------------------------------------------------
2025-05-28 00:11:09   

                      ------------------------------------------------------------------------------
2025-05-28 00:11:09     Calculation 16 (Frequency: 22.364 GHz, Theta: 0, Phi: 0)


                      ------------------------------------------------------------------------------
2025-05-28 00:11:12     Matrix setup time        :	0 s
                        Solver setup             :	2 s
                        Degrees of freedom       :	112920
                        Number of mesh cells     :	17556

                        Stimulation port         :	Zmin
                        Mode number              :	1
                        Accuracy                 :	5.33851e-14
                        Iterations               :	1
                        Solver time              :	0 s


                      ------------------------------------------------------------------------------
2025-05-28 00:11:13     Total time               :	2 s

                      ------------------------------------------------------------------------------
2025-05-28 00:11:13   

                      ------------------------------------------------------------------------------
2025-05-28 00:11:13     Calculation 17 (Frequency: 21.884 GHz, Theta: 0, Phi: 0)


                      ------------------------------------------------------------------------------
2025-05-28 00:11:15     Matrix setup time        :	0 s
                        Solver setup             :	2 s
                        Degrees of freedom       :	112920
                        Number of mesh cells     :	17556

                        Stimulation port         :	Zmin
                        Mode number              :	1
                        Accuracy                 :	6.00127e-14
                        Iterations               :	1
                        Solver time              :	0 s


                      ------------------------------------------------------------------------------
2025-05-28 00:11:16     Total time               :	2 s

                      ------------------------------------------------------------------------------
2025-05-28 00:11:16   

                      ------------------------------------------------------------------------------
2025-05-28 00:11:16     Calculation 18 (Frequency: 22.628 GHz, Theta: 0, Phi: 0)


                      ------------------------------------------------------------------------------
2025-05-28 00:11:19     Matrix setup time        :	0 s
                        Solver setup             :	2 s
                        Degrees of freedom       :	112920
                        Number of mesh cells     :	17556

                        Stimulation port         :	Zmin
                        Mode number              :	1
                        Accuracy                 :	4.55203e-14
                        Iterations               :	1
                        Solver time              :	0 s


                      ------------------------------------------------------------------------------
2025-05-28 00:11:19     Total time               :	3 s

                      ------------------------------------------------------------------------------
2025-05-28 00:11:19   

                      ------------------------------------------------------------------------------
2025-05-28 00:11:19     Calculation 19 (Frequency: 23.684 GHz, Theta: 0, Phi: 0)


                      ------------------------------------------------------------------------------
2025-05-28 00:11:22     Matrix setup time        :	0 s
                        Solver setup             :	2 s
                        Degrees of freedom       :	112920
                        Number of mesh cells     :	17556

                        Stimulation port         :	Zmin
                        Mode number              :	1
                        Accuracy                 :	3.96961e-14
                        Iterations               :	1
                        Solver time              :	0 s


                      ------------------------------------------------------------------------------
2025-05-28 00:11:22     Total time               :	2 s

                      ------------------------------------------------------------------------------
2025-05-28 00:11:22   

                      ------------------------------------------------------------------------------
2025-05-28 00:11:22     Calculation 20 (Frequency: 21.572 GHz, Theta: 0, Phi: 0)


                      ------------------------------------------------------------------------------
2025-05-28 00:11:25     Matrix setup time        :	0 s
                        Solver setup             :	2 s
                        Degrees of freedom       :	112920
                        Number of mesh cells     :	17556

                        Stimulation port         :	Zmin
                        Mode number              :	1
                        Accuracy                 :	6.21952e-14
                        Iterations               :	1
                        Solver time              :	0 s


                      ------------------------------------------------------------------------------
2025-05-28 00:11:25     Total time               :	3 s

                      ------------------------------------------------------------------------------
2025-05-28 00:11:25   

                      ------------------------------------------------------------------------------
2025-05-28 00:11:25     Calculation 21 (Frequency: 23.924 GHz, Theta: 0, Phi: 0)


                      ------------------------------------------------------------------------------
2025-05-28 00:11:28     Matrix setup time        :	0 s
                        Solver setup             :	2 s
                        Degrees of freedom       :	112920
                        Number of mesh cells     :	17556

                        Stimulation port         :	Zmin
                        Mode number              :	1
                        Accuracy                 :	4.08835e-14
                        Iterations               :	1
                        Solver time              :	0 s


                      ------------------------------------------------------------------------------
2025-05-28 00:11:28     Total time               :	3 s

                      ------------------------------------------------------------------------------
2025-05-28 00:11:28   

                      ------------------------------------------------------------------------------
2025-05-28 00:11:28     Calculation 22 (Frequency: 29.936 GHz, Theta: 0, Phi: 0)


                      ------------------------------------------------------------------------------
2025-05-28 00:11:31     Matrix setup time        :	0 s
                        Solver setup             :	2 s
                        Degrees of freedom       :	112920
                        Number of mesh cells     :	17556

                        Stimulation port         :	Zmin
                        Mode number              :	1
                        Accuracy                 :	4.31713e-14
                        Iterations               :	1
                        Solver time              :	0 s


                      ------------------------------------------------------------------------------
2025-05-28 00:11:31     Total time               :	3 s

                      ------------------------------------------------------------------------------
2025-05-28 00:11:31   

                      ------------------------------------------------------------------------------
2025-05-28 00:11:31     Calculation 23 (Frequency: 31.04 GHz, Theta: 0, Phi: 0)


                      ------------------------------------------------------------------------------
2025-05-28 00:11:34     Matrix setup time        :	0 s
                        Solver setup             :	2 s
                        Degrees of freedom       :	112920
                        Number of mesh cells     :	17556

                        Stimulation port         :	Zmin
                        Mode number              :	1
                        Accuracy                 :	4.43261e-14
                        Iterations               :	1
                        Solver time              :	0 s


                      ------------------------------------------------------------------------------
2025-05-28 00:11:34     Total time               :	3 s

                      ------------------------------------------------------------------------------
2025-05-28 00:11:34   

                      ------------------------------------------------------------------------------
2025-05-28 00:11:34     Calculation 24 (Frequency: 29.528 GHz, Theta: 0, Phi: 0)


                      ------------------------------------------------------------------------------
2025-05-28 00:11:38     Matrix setup time        :	0 s
                        Solver setup             :	2 s
                        Degrees of freedom       :	112920
                        Number of mesh cells     :	17556

                        Stimulation port         :	Zmin
                        Mode number              :	1
                        Accuracy                 :	4.90219e-14
                        Iterations               :	1
                        Solver time              :	0 s


                      ------------------------------------------------------------------------------
2025-05-28 00:11:38     Total time               :	3 s

                      ------------------------------------------------------------------------------
2025-05-28 00:11:38   

                      ------------------------------------------------------------------------------
2025-05-28 00:11:38     Calculation 25 (Frequency: 31.316 GHz, Theta: 0, Phi: 0)


                      ------------------------------------------------------------------------------
2025-05-28 00:11:41     Matrix setup time        :	0 s
                        Solver setup             :	2 s
                        Degrees of freedom       :	112920
                        Number of mesh cells     :	17556

                        Stimulation port         :	Zmin
                        Mode number              :	1
                        Accuracy                 :	3.48041e-14
                        Iterations               :	1
                        Solver time              :	0 s


                      ------------------------------------------------------------------------------
2025-05-28 00:11:41     Total time               :	3 s

                      ------------------------------------------------------------------------------
2025-05-28 00:11:41   

                      ------------------------------------------------------------------------------
2025-05-28 00:11:41     Calculation 26 (Frequency: 29.312 GHz, Theta: 0, Phi: 0)


                      ------------------------------------------------------------------------------
2025-05-28 00:11:44     Matrix setup time        :	0 s
                        Solver setup             :	2 s
                        Degrees of freedom       :	112920
                        Number of mesh cells     :	17556

                        Stimulation port         :	Zmin
                        Mode number              :	1
                        Accuracy                 :	4.35612e-14
                        Iterations               :	1
                        Solver time              :	0 s


                      ------------------------------------------------------------------------------
2025-05-28 00:11:44     Total time               :	3 s

                      ------------------------------------------------------------------------------
2025-05-28 00:11:44   

                      ------------------------------------------------------------------------------
2025-05-28 00:11:44     Calculation 27 (Frequency: 28.604 GHz, Theta: 0, Phi: 0)


                      ------------------------------------------------------------------------------
2025-05-28 00:11:47     Matrix setup time        :	0 s
                        Solver setup             :	2 s
                        Degrees of freedom       :	112920
                        Number of mesh cells     :	17556

                        Stimulation port         :	Zmin
                        Mode number              :	1
                        Accuracy                 :	3.53835e-14
                        Iterations               :	1
                        Solver time              :	0 s


                      ------------------------------------------------------------------------------
2025-05-28 00:11:47     Total time               :	3 s

                      ------------------------------------------------------------------------------
2025-05-28 00:11:47   

                      ------------------------------------------------------------------------------
2025-05-28 00:11:47     Calculation 28 (Frequency: 26.552 GHz, Theta: 0, Phi: 0)


                      ------------------------------------------------------------------------------
2025-05-28 00:11:50     Matrix setup time        :	0 s
                        Solver setup             :	2 s
                        Degrees of freedom       :	112920
                        Number of mesh cells     :	17556

                        Stimulation port         :	Zmin
                        Mode number              :	1
                        Accuracy                 :	3.83227e-14
                        Iterations               :	1
                        Solver time              :	0 s


                      ------------------------------------------------------------------------------
2025-05-28 00:11:50     Total time               :	3 s

                      ------------------------------------------------------------------------------
2025-05-28 00:11:50   

                      ------------------------------------------------------------------------------
2025-05-28 00:11:50     Calculation 29 (Frequency: 25.256 GHz, Theta: 0, Phi: 0)


                      ------------------------------------------------------------------------------
2025-05-28 00:11:53     Matrix setup time        :	0 s
                        Solver setup             :	2 s
                        Degrees of freedom       :	112920
                        Number of mesh cells     :	17556

                        Stimulation port         :	Zmin
                        Mode number              :	1
                        Accuracy                 :	4.17062e-14
                        Iterations               :	1
                        Solver time              :	0 s


                      ------------------------------------------------------------------------------
2025-05-28 00:11:54     Total time               :	3 s

                      ------------------------------------------------------------------------------
2025-05-28 00:11:54   

                      ------------------------------------------------------------------------------
2025-05-28 00:11:54     Calculation 30 (Frequency: 26.78 GHz, Theta: 0, Phi: 0)


                      ------------------------------------------------------------------------------
2025-05-28 00:11:57     Matrix setup time        :	0 s
                        Solver setup             :	2 s
                        Degrees of freedom       :	112920
                        Number of mesh cells     :	17556

                        Stimulation port         :	Zmin
                        Mode number              :	1
                        Accuracy                 :	4.00314e-14
                        Iterations               :	1
                        Solver time              :	0 s


                      ------------------------------------------------------------------------------
2025-05-28 00:11:57     Total time               :	3 s

                      ------------------------------------------------------------------------------
2025-05-28 00:11:57   

                      ------------------------------------------------------------------------------
2025-05-28 00:11:57     Calculation 31 (Frequency: 26.396 GHz, Theta: 0, Phi: 0)


                      ------------------------------------------------------------------------------
2025-05-28 00:12:00     Matrix setup time        :	0 s
                        Solver setup             :	2 s
                        Degrees of freedom       :	112920
                        Number of mesh cells     :	17556

                        Stimulation port         :	Zmin
                        Mode number              :	1
                        Accuracy                 :	3.32388e-14
                        Iterations               :	1
                        Solver time              :	0 s


                      ------------------------------------------------------------------------------
2025-05-28 00:12:00     Total time               :	3 s

                      ------------------------------------------------------------------------------
2025-05-28 00:12:00   

                      ------------------------------------------------------------------------------
2025-05-28 00:12:00     Calculation 32 (Frequency: 27.74 GHz, Theta: 0, Phi: 0)


                      ------------------------------------------------------------------------------
2025-05-28 00:12:03     Matrix setup time        :	0 s
                        Solver setup             :	2 s
                        Degrees of freedom       :	112920
                        Number of mesh cells     :	17556

                        Stimulation port         :	Zmin
                        Mode number              :	1
                        Accuracy                 :	5.32402e-14
                        Iterations               :	1
                        Solver time              :	0 s


                      ------------------------------------------------------------------------------
2025-05-28 00:12:03     Total time               :	3 s

                      ------------------------------------------------------------------------------
2025-05-28 00:12:03   

                      ------------------------------------------------------------------------------
2025-05-28 00:12:03   Finished the general purpose interpolative broadband frequency sweep:
                      All broadband sweep convergence criteria have been satisfied after
                      calculating 32 frequency samples:

                        Broadband sweep error threshold value :  0.01 (All S-Parameters) 
                        Number of error criterion checks      :  2 (All S-Parameters) 
                        Minimum number of samples             :  3
                        Number of data samples, linear        :  1001

                      ------------------------------------------------------------------------------
2025-05-28 00:12:03     Number of mesh cells     :	17556
                        Degrees of freedom       :	112010
                        Total Solver Time        :	119 s	 (= 0 h, 01 m, 59 s)
                      ================================================================================



                      ------------------------------------------------------------------------------
2025-05-28 00:12:03     ----------------------------------------------------------------------------
                                            Peak memory used (kB)         Free physical memory (kB) 
                                                                          At begin     Minimum      
                        ----------------------------------------------------------------------------
                        Solver start        22344                         9150528      9149820      
                        Eq. system setup    1962360                       9127136      8411616      
                        Eq. system solve    1962360                       9065440      7238228      
                        Mesh refinement     1382796                       8889312      8554560      
                        Solver run total    1962360                       9150532      7238228      

                        Computer name       Tahsin
                        ----------------------------------------------------------------------------


                      ------------------------------------------------------------------------------
2025-05-28 00:12:03   Running postprocessing.

                      ------------------------------------------------------------------------------
2025-05-28 00:12:04   Postprocessing finished.

                      ------------------------------------------------------------------------------
