2025-06-14 19:06:12   *** Warning ***

                      Electric isotropic material [Copper (pure)] has a very high conductivity for
                      the given mesh. Depending on your configuration it may be better to use a lossy
                      metal type for this material. More...

                      ------------------------------------------------------------------------------
2025-06-14 19:06:12   In order to get an optimal performance, hyperthreading is ignored for parallel
                      computations.

                      ------------------------------------------------------------------------------
2025-06-14 19:06:14   Units settings: 

                        Dimensions: mm
                        Frequency:  GHz
                        Time:       s

                      ------------------------------------------------------------------------------
2025-06-14 19:06:14   Boundary conditions: 

                        YZsymmetry: none
                        XZsymmetry: none
                        XYsymmetry: none

                        Xmin: unit cell
                        Xmax: unit cell

                        Ymin: unit cell
                        Ymax: unit cell

                        Zmin: expanded open
                        Zmax: expanded open

                      ------------------------------------------------------------------------------
2025-06-14 19:06:14   Order settings: 

                        Solver order   : 2nd (constant)
                        Curved elements: up to order 3 (automatic)

                      ------------------------------------------------------------------------------
2025-06-14 19:06:14   An iterative solver will be used first.

                      ------------------------------------------------------------------------------
2025-06-14 19:06:14     Mesh time                :	2 s


                      ------------------------------------------------------------------------------
2025-06-14 19:06:14   
                      ================================================================================
                      Frequency Domain Solver calculation cycle started

                      ------------------------------------------------------------------------------
2025-06-14 19:06:14   Solver started at: 2025-06-14 19:06:14 +0800

                        Module:  Frequency Domain: S-Parameter (Win 64)
                        Version: 2024.1 Release from 2023-10-16 (change 1181985)

                      ------------------------------------------------------------------------------
2025-06-14 19:06:14   The low frequency stabilization is not applied to periodic problems.

                      ------------------------------------------------------------------------------
2025-06-14 19:06:14     Calculation 1 of 1 (Frequency: 32 GHz, Theta: 0, Phi: 0)


                      ------------------------------------------------------------------------------
2025-06-14 19:06:14   The wavelength based mesh refinement has been applied to 4.3% of all mesh edges.

                      ------------------------------------------------------------------------------
2025-06-14 19:06:14   For some elements the curvature had to be reduced to maintain the quality of the mesh. More...

                      ------------------------------------------------------------------------------
2025-06-14 19:06:14   Adaptive mesh refinement pass 1

                      ------------------------------------------------------------------------------
2025-06-14 19:06:21   *** Warning ***

2025-06-14 19:06:21   Detected possible stagnation of the iterative solver (5.492638e-02 after 250 iterations.)
                      Please consider aborting the solver run, and check your simulation setup.  More...

                      ------------------------------------------------------------------------------
2025-06-14 19:06:27   *** Warning ***

2025-06-14 19:06:27   The solver stopped because the maximum number of iterations (500, used for automatic solver choice) has been reached.

                      ------------------------------------------------------------------------------
2025-06-14 19:06:27   Solving again, but with the direct solver. Please consider forcing the direct solver in the solver special settings, and
                      check your simulation setup (for instance source and material definitions.)

                      ------------------------------------------------------------------------------
2025-06-14 19:06:28     Matrix setup time        :	0 s
                        Degrees of freedom       :	35032
                        Number of mesh cells     :	5333

                        Stimulation port         :	Zmin
                        Mode number              :	1
                        Accuracy                 :	1.06964e-13
                        Iterations               :	1
                        Solver time              :	0 s


                      ------------------------------------------------------------------------------
2025-06-14 19:06:28   27% of all mesh edges seem to be longer than expected. The adaptive mesh refinement's growth limitation will therefore 
                      use 14070 instead of 3637 mesh cells as a reference.

                      ------------------------------------------------------------------------------
2025-06-14 19:06:29   The wavelength based mesh refinement has been applied to 0.3% of all mesh edges.

                      ------------------------------------------------------------------------------
2025-06-14 19:06:30   Adaptive mesh refinement pass 2

                      ------------------------------------------------------------------------------
2025-06-14 19:06:31     Matrix setup time        :	0 s
                        Solver setup             :	1 s
                        Degrees of freedom       :	64150
                        Number of mesh cells     :	9907

                        Stimulation port         :	Zmin
                        Mode number              :	1
                        Accuracy                 :	5.8116e-14
                        Iterations               :	1
                        Solver time              :	0 s


                      ------------------------------------------------------------------------------
2025-06-14 19:06:32     Delta calculation        
2025-06-14 19:06:32     All S-Parameters         :	0.0891578
2025-06-14 19:06:32   

                      ------------------------------------------------------------------------------
2025-06-14 19:06:33   Adaptive mesh refinement pass 3

                      ------------------------------------------------------------------------------
2025-06-14 19:06:37     Matrix setup time        :	0 s
                        Solver setup             :	3 s
                        Degrees of freedom       :	116398
                        Number of mesh cells     :	18110

                        Stimulation port         :	Zmin
                        Mode number              :	1
                        Accuracy                 :	2.71287e-14
                        Iterations               :	1
                        Solver time              :	0 s


                      ------------------------------------------------------------------------------
2025-06-14 19:06:37     Delta calculation        
2025-06-14 19:06:37     All S-Parameters         :	0.0417517
2025-06-14 19:06:37   

                      ------------------------------------------------------------------------------
2025-06-14 19:06:39   Adaptive mesh refinement pass 4

                      ------------------------------------------------------------------------------
2025-06-14 19:06:48     Matrix setup time        :	0 s
                        Solver setup             :	7 s
                        Degrees of freedom       :	198062
                        Number of mesh cells     :	30884

                        Stimulation port         :	Zmin
                        Mode number              :	1
                        Accuracy                 :	2.7496e-14
                        Iterations               :	1
                        Solver time              :	0 s


                      ------------------------------------------------------------------------------
2025-06-14 19:06:48     Delta calculation        
2025-06-14 19:06:48     All S-Parameters         :	0.0184103
2025-06-14 19:06:48   

                      ------------------------------------------------------------------------------
2025-06-14 19:06:48   Mesh adaptation terminated because the desired accuracy limit is reached.

                      ------------------------------------------------------------------------------
2025-06-14 19:06:48   *** Warning ***

2025-06-14 19:06:48   At least one propagating Floquet mode is not considered at port Zmin. Please increase the number of modes at this port. 
                      More...

                      ------------------------------------------------------------------------------
2025-06-14 19:06:48   *** Warning ***

2025-06-14 19:06:48   At least one propagating Floquet mode is not considered at port Zmax. Please increase the number of modes at this port. 
                      More...

                      ------------------------------------------------------------------------------
2025-06-14 19:06:48     Total time               :	34 s

                      ------------------------------------------------------------------------------
2025-06-14 19:06:48   

                      ------------------------------------------------------------------------------
2025-06-14 19:06:48     Calculation 2 (Frequency: 20 GHz, Theta: 0, Phi: 0)


                      ------------------------------------------------------------------------------
2025-06-14 19:06:55     Matrix setup time        :	0 s
                        Solver setup             :	5 s
                        Degrees of freedom       :	198062
                        Number of mesh cells     :	30884

                        Stimulation port         :	Zmin
                        Mode number              :	1
                        Accuracy                 :	3.26112e-14
                        Iterations               :	1
                        Solver time              :	0 s


                      ------------------------------------------------------------------------------
2025-06-14 19:06:55     Total time               :	6 s

                      ------------------------------------------------------------------------------
2025-06-14 19:06:55   

                      ------------------------------------------------------------------------------
2025-06-14 19:06:55     Calculation 3 (Frequency: 26 GHz, Theta: 0, Phi: 0)


                      ------------------------------------------------------------------------------
2025-06-14 19:07:01     Matrix setup time        :	0 s
                        Solver setup             :	5 s
                        Degrees of freedom       :	198062
                        Number of mesh cells     :	30884

                        Stimulation port         :	Zmin
                        Mode number              :	1
                        Accuracy                 :	2.59251e-14
                        Iterations               :	1
                        Solver time              :	0 s


                      ------------------------------------------------------------------------------
2025-06-14 19:07:01     Total time               :	6 s

                      ------------------------------------------------------------------------------
2025-06-14 19:07:01   

                      ------------------------------------------------------------------------------
2025-06-14 19:07:02     Calculation 4 (Frequency: 29 GHz, Theta: 0, Phi: 0)


                      ------------------------------------------------------------------------------
2025-06-14 19:07:08     Matrix setup time        :	0 s
                        Solver setup             :	5 s
                        Degrees of freedom       :	198062
                        Number of mesh cells     :	30884

                        Stimulation port         :	Zmin
                        Mode number              :	1
                        Accuracy                 :	3.84309e-14
                        Iterations               :	1
                        Solver time              :	0 s


                      ------------------------------------------------------------------------------
2025-06-14 19:07:08     Total time               :	6 s

                      ------------------------------------------------------------------------------
2025-06-14 19:07:08   

                      ------------------------------------------------------------------------------
2025-06-14 19:07:08     Calculation 5 (Frequency: 24.128 GHz, Theta: 0, Phi: 0)


                      ------------------------------------------------------------------------------
2025-06-14 19:07:14     Matrix setup time        :	0 s
                        Solver setup             :	5 s
                        Degrees of freedom       :	198062
                        Number of mesh cells     :	30884

                        Stimulation port         :	Zmin
                        Mode number              :	1
                        Accuracy                 :	3.70413e-14
                        Iterations               :	1
                        Solver time              :	0 s


                      ------------------------------------------------------------------------------
2025-06-14 19:07:14     Total time               :	6 s

                      ------------------------------------------------------------------------------
2025-06-14 19:07:14   

                      ------------------------------------------------------------------------------
2025-06-14 19:07:14     Calculation 6 (Frequency: 28.076 GHz, Theta: 0, Phi: 0)


                      ------------------------------------------------------------------------------
2025-06-14 19:07:20     Matrix setup time        :	0 s
                        Solver setup             :	5 s
                        Degrees of freedom       :	198062
                        Number of mesh cells     :	30884

                        Stimulation port         :	Zmin
                        Mode number              :	1
                        Accuracy                 :	2.88288e-14
                        Iterations               :	1
                        Solver time              :	0 s


                      ------------------------------------------------------------------------------
2025-06-14 19:07:21     Total time               :	6 s

                      ------------------------------------------------------------------------------
2025-06-14 19:07:21   

                      ------------------------------------------------------------------------------
2025-06-14 19:07:21     Calculation 7 (Frequency: 23 GHz, Theta: 0, Phi: 0)


                      ------------------------------------------------------------------------------
2025-06-14 19:07:27     Matrix setup time        :	0 s
                        Solver setup             :	5 s
                        Degrees of freedom       :	198062
                        Number of mesh cells     :	30884

                        Stimulation port         :	Zmin
                        Mode number              :	1
                        Accuracy                 :	3.59484e-14
                        Iterations               :	1
                        Solver time              :	0 s


                      ------------------------------------------------------------------------------
2025-06-14 19:07:27     Total time               :	6 s

                      ------------------------------------------------------------------------------
2025-06-14 19:07:27   

                      ------------------------------------------------------------------------------
2025-06-14 19:07:27     Calculation 8 (Frequency: 27.404 GHz, Theta: 0, Phi: 0)


                      ------------------------------------------------------------------------------
2025-06-14 19:07:33     Matrix setup time        :	0 s
                        Solver setup             :	5 s
                        Degrees of freedom       :	198062
                        Number of mesh cells     :	30884

                        Stimulation port         :	Zmin
                        Mode number              :	1
                        Accuracy                 :	2.84031e-14
                        Iterations               :	1
                        Solver time              :	0 s


                      ------------------------------------------------------------------------------
2025-06-14 19:07:34     Total time               :	6 s

                      ------------------------------------------------------------------------------
2025-06-14 19:07:34   

                      ------------------------------------------------------------------------------
2025-06-14 19:07:34     Calculation 9 (Frequency: 29.432 GHz, Theta: 0, Phi: 0)


                      ------------------------------------------------------------------------------
2025-06-14 19:07:40     Matrix setup time        :	0 s
                        Solver setup             :	5 s
                        Degrees of freedom       :	198062
                        Number of mesh cells     :	30884

                        Stimulation port         :	Zmin
                        Mode number              :	1
                        Accuracy                 :	2.93648e-14
                        Iterations               :	1
                        Solver time              :	0 s


                      ------------------------------------------------------------------------------
2025-06-14 19:07:40     Total time               :	6 s

                      ------------------------------------------------------------------------------
2025-06-14 19:07:40   

                      ------------------------------------------------------------------------------
2025-06-14 19:07:40     Calculation 10 (Frequency: 28.724 GHz, Theta: 0, Phi: 0)


                      ------------------------------------------------------------------------------
2025-06-14 19:07:48     Matrix setup time        :	0 s
                        Solver setup             :	6 s
                        Degrees of freedom       :	198062
                        Number of mesh cells     :	30884

                        Stimulation port         :	Zmin
                        Mode number              :	1
                        Accuracy                 :	3.79025e-14
                        Iterations               :	1
                        Solver time              :	0 s


                      ------------------------------------------------------------------------------
2025-06-14 19:07:48     Total time               :	7 s

                      ------------------------------------------------------------------------------
2025-06-14 19:07:48   

                      ------------------------------------------------------------------------------
2025-06-14 19:07:48     Calculation 11 (Frequency: 29.168 GHz, Theta: 0, Phi: 0)


                      ------------------------------------------------------------------------------
2025-06-14 19:07:55     Matrix setup time        :	0 s
                        Solver setup             :	6 s
                        Degrees of freedom       :	198062
                        Number of mesh cells     :	30884

                        Stimulation port         :	Zmin
                        Mode number              :	1
                        Accuracy                 :	5.96487e-14
                        Iterations               :	1
                        Solver time              :	0 s


                      ------------------------------------------------------------------------------
2025-06-14 19:07:55     Total time               :	7 s

                      ------------------------------------------------------------------------------
2025-06-14 19:07:55   

                      ------------------------------------------------------------------------------
2025-06-14 19:07:55     Calculation 12 (Frequency: 29.804 GHz, Theta: 0, Phi: 0)


                      ------------------------------------------------------------------------------
2025-06-14 19:08:02     Matrix setup time        :	0 s
                        Solver setup             :	6 s
                        Degrees of freedom       :	198062
                        Number of mesh cells     :	30884

                        Stimulation port         :	Zmin
                        Mode number              :	1
                        Accuracy                 :	2.43246e-14
                        Iterations               :	1
                        Solver time              :	0 s


                      ------------------------------------------------------------------------------
2025-06-14 19:08:02     Total time               :	6 s

                      ------------------------------------------------------------------------------
2025-06-14 19:08:02   

                      ------------------------------------------------------------------------------
2025-06-14 19:08:02     Calculation 13 (Frequency: 21.548 GHz, Theta: 0, Phi: 0)


                      ------------------------------------------------------------------------------
2025-06-14 19:08:09     Matrix setup time        :	0 s
                        Solver setup             :	6 s
                        Degrees of freedom       :	198062
                        Number of mesh cells     :	30884

                        Stimulation port         :	Zmin
                        Mode number              :	1
                        Accuracy                 :	3.72079e-14
                        Iterations               :	1
                        Solver time              :	0 s


                      ------------------------------------------------------------------------------
2025-06-14 19:08:09     Total time               :	6 s

                      ------------------------------------------------------------------------------
2025-06-14 19:08:09   

                      ------------------------------------------------------------------------------
2025-06-14 19:08:09     Calculation 14 (Frequency: 30.74 GHz, Theta: 0, Phi: 0)


                      ------------------------------------------------------------------------------
2025-06-14 19:08:16     Matrix setup time        :	0 s
                        Solver setup             :	5 s
                        Degrees of freedom       :	198062
                        Number of mesh cells     :	30884

                        Stimulation port         :	Zmin
                        Mode number              :	1
                        Accuracy                 :	5.23653e-14
                        Iterations               :	1
                        Solver time              :	0 s


                      ------------------------------------------------------------------------------
2025-06-14 19:08:16     Total time               :	6 s

                      ------------------------------------------------------------------------------
2025-06-14 19:08:16   

                      ------------------------------------------------------------------------------
2025-06-14 19:08:16     Calculation 15 (Frequency: 21.248 GHz, Theta: 0, Phi: 0)


                      ------------------------------------------------------------------------------
2025-06-14 19:08:23     Matrix setup time        :	0 s
                        Solver setup             :	6 s
                        Degrees of freedom       :	198062
                        Number of mesh cells     :	30884

                        Stimulation port         :	Zmin
                        Mode number              :	1
                        Accuracy                 :	3.47933e-14
                        Iterations               :	1
                        Solver time              :	0 s


                      ------------------------------------------------------------------------------
2025-06-14 19:08:23     Total time               :	6 s

                      ------------------------------------------------------------------------------
2025-06-14 19:08:23   

                      ------------------------------------------------------------------------------
2025-06-14 19:08:23     Calculation 16 (Frequency: 21.992 GHz, Theta: 0, Phi: 0)


                      ------------------------------------------------------------------------------
2025-06-14 19:08:30     Matrix setup time        :	0 s
                        Solver setup             :	6 s
                        Degrees of freedom       :	198062
                        Number of mesh cells     :	30884

                        Stimulation port         :	Zmin
                        Mode number              :	1
                        Accuracy                 :	3.2518e-14
                        Iterations               :	1
                        Solver time              :	0 s


                      ------------------------------------------------------------------------------
2025-06-14 19:08:30     Total time               :	7 s

                      ------------------------------------------------------------------------------
2025-06-14 19:08:30   

                      ------------------------------------------------------------------------------
2025-06-14 19:08:30     Calculation 17 (Frequency: 20.732 GHz, Theta: 0, Phi: 0)


                      ------------------------------------------------------------------------------
2025-06-14 19:08:37     Matrix setup time        :	0 s
                        Solver setup             :	6 s
                        Degrees of freedom       :	198062
                        Number of mesh cells     :	30884

                        Stimulation port         :	Zmin
                        Mode number              :	1
                        Accuracy                 :	3.85257e-14
                        Iterations               :	1
                        Solver time              :	0 s


                      ------------------------------------------------------------------------------
2025-06-14 19:08:38     Total time               :	7 s

                      ------------------------------------------------------------------------------
2025-06-14 19:08:38   

                      ------------------------------------------------------------------------------
2025-06-14 19:08:38     Calculation 18 (Frequency: 22.376 GHz, Theta: 0, Phi: 0)


                      ------------------------------------------------------------------------------
2025-06-14 19:08:44     Matrix setup time        :	0 s
                        Solver setup             :	6 s
                        Degrees of freedom       :	198062
                        Number of mesh cells     :	30884

                        Stimulation port         :	Zmin
                        Mode number              :	1
                        Accuracy                 :	4.46888e-14
                        Iterations               :	1
                        Solver time              :	0 s


                      ------------------------------------------------------------------------------
2025-06-14 19:08:45     Total time               :	7 s

                      ------------------------------------------------------------------------------
2025-06-14 19:08:45   

                      ------------------------------------------------------------------------------
2025-06-14 19:08:45     Calculation 19 (Frequency: 24.776 GHz, Theta: 0, Phi: 0)


                      ------------------------------------------------------------------------------
2025-06-14 19:08:51     Matrix setup time        :	0 s
                        Solver setup             :	6 s
                        Degrees of freedom       :	198062
                        Number of mesh cells     :	30884

                        Stimulation port         :	Zmin
                        Mode number              :	1
                        Accuracy                 :	3.9224e-14
                        Iterations               :	1
                        Solver time              :	0 s


                      ------------------------------------------------------------------------------
2025-06-14 19:08:52     Total time               :	6 s

                      ------------------------------------------------------------------------------
2025-06-14 19:08:52   

                      ------------------------------------------------------------------------------
2025-06-14 19:08:52     Calculation 20 (Frequency: 22.592 GHz, Theta: 0, Phi: 0)


                      ------------------------------------------------------------------------------
2025-06-14 19:08:58     Matrix setup time        :	0 s
                        Solver setup             :	6 s
                        Degrees of freedom       :	198062
                        Number of mesh cells     :	30884

                        Stimulation port         :	Zmin
                        Mode number              :	1
                        Accuracy                 :	4.80382e-14
                        Iterations               :	1
                        Solver time              :	0 s


                      ------------------------------------------------------------------------------
2025-06-14 19:08:59     Total time               :	6 s

                      ------------------------------------------------------------------------------
2025-06-14 19:08:59   

                      ------------------------------------------------------------------------------
2025-06-14 19:08:59     Calculation 21 (Frequency: 24.788 GHz, Theta: 0, Phi: 0)


                      ------------------------------------------------------------------------------
2025-06-14 19:09:05     Matrix setup time        :	0 s
                        Solver setup             :	6 s
                        Degrees of freedom       :	198062
                        Number of mesh cells     :	30884

                        Stimulation port         :	Zmin
                        Mode number              :	1
                        Accuracy                 :	3.38246e-14
                        Iterations               :	1
                        Solver time              :	0 s


                      ------------------------------------------------------------------------------
2025-06-14 19:09:06     Total time               :	6 s

                      ------------------------------------------------------------------------------
2025-06-14 19:09:06   

                      ------------------------------------------------------------------------------
2025-06-14 19:09:06     Calculation 22 (Frequency: 24.728 GHz, Theta: 0, Phi: 0)


                      ------------------------------------------------------------------------------
2025-06-14 19:09:12     Matrix setup time        :	0 s
                        Solver setup             :	6 s
                        Degrees of freedom       :	198062
                        Number of mesh cells     :	30884

                        Stimulation port         :	Zmin
                        Mode number              :	1
                        Accuracy                 :	2.97345e-14
                        Iterations               :	1
                        Solver time              :	0 s


                      ------------------------------------------------------------------------------
2025-06-14 19:09:13     Total time               :	6 s

                      ------------------------------------------------------------------------------
2025-06-14 19:09:13   

                      ------------------------------------------------------------------------------
2025-06-14 19:09:13     Calculation 23 (Frequency: 25.1 GHz, Theta: 0, Phi: 0)


                      ------------------------------------------------------------------------------
2025-06-14 19:09:20     Matrix setup time        :	0 s
                        Solver setup             :	6 s
                        Degrees of freedom       :	198062
                        Number of mesh cells     :	30884

                        Stimulation port         :	Zmin
                        Mode number              :	1
                        Accuracy                 :	2.74568e-14
                        Iterations               :	1
                        Solver time              :	0 s


                      ------------------------------------------------------------------------------
2025-06-14 19:09:20     Total time               :	7 s

                      ------------------------------------------------------------------------------
2025-06-14 19:09:20   

                      ------------------------------------------------------------------------------
2025-06-14 19:09:20     Calculation 24 (Frequency: 26.492 GHz, Theta: 0, Phi: 0)


                      ------------------------------------------------------------------------------
2025-06-14 19:09:27     Matrix setup time        :	0 s
                        Solver setup             :	6 s
                        Degrees of freedom       :	198062
                        Number of mesh cells     :	30884

                        Stimulation port         :	Zmin
                        Mode number              :	1
                        Accuracy                 :	2.42742e-14
                        Iterations               :	1
                        Solver time              :	0 s


                      ------------------------------------------------------------------------------
2025-06-14 19:09:27     Total time               :	7 s

                      ------------------------------------------------------------------------------
2025-06-14 19:09:27   

                      ------------------------------------------------------------------------------
2025-06-14 19:09:27     Calculation 25 (Frequency: 31.364 GHz, Theta: 0, Phi: 0)


                      ------------------------------------------------------------------------------
2025-06-14 19:09:34     Matrix setup time        :	0 s
                        Solver setup             :	6 s
                        Degrees of freedom       :	198062
                        Number of mesh cells     :	30884

                        Stimulation port         :	Zmin
                        Mode number              :	1
                        Accuracy                 :	2.67653e-14
                        Iterations               :	1
                        Solver time              :	0 s


                      ------------------------------------------------------------------------------
2025-06-14 19:09:34     Total time               :	6 s

                      ------------------------------------------------------------------------------
2025-06-14 19:09:34   

                      ------------------------------------------------------------------------------
2025-06-14 19:09:34     Calculation 26 (Frequency: 26.864 GHz, Theta: 0, Phi: 0)


                      ------------------------------------------------------------------------------
2025-06-14 19:09:41     Matrix setup time        :	0 s
                        Solver setup             :	6 s
                        Degrees of freedom       :	198062
                        Number of mesh cells     :	30884

                        Stimulation port         :	Zmin
                        Mode number              :	1
                        Accuracy                 :	2.86582e-14
                        Iterations               :	1
                        Solver time              :	0 s


                      ------------------------------------------------------------------------------
2025-06-14 19:09:41     Total time               :	6 s

                      ------------------------------------------------------------------------------
2025-06-14 19:09:41   

                      ------------------------------------------------------------------------------
2025-06-14 19:09:41     Calculation 27 (Frequency: 30.38 GHz, Theta: 0, Phi: 0)


                      ------------------------------------------------------------------------------
2025-06-14 19:09:48     Matrix setup time        :	0 s
                        Solver setup             :	6 s
                        Degrees of freedom       :	198062
                        Number of mesh cells     :	30884

                        Stimulation port         :	Zmin
                        Mode number              :	1
                        Accuracy                 :	2.81152e-14
                        Iterations               :	1
                        Solver time              :	0 s


                      ------------------------------------------------------------------------------
2025-06-14 19:09:49     Total time               :	7 s

                      ------------------------------------------------------------------------------
2025-06-14 19:09:49   

                      ------------------------------------------------------------------------------
2025-06-14 19:09:49     Calculation 28 (Frequency: 30.968 GHz, Theta: 0, Phi: 0)


                      ------------------------------------------------------------------------------
2025-06-14 19:09:56     Matrix setup time        :	0 s
                        Solver setup             :	6 s
                        Degrees of freedom       :	198062
                        Number of mesh cells     :	30884

                        Stimulation port         :	Zmin
                        Mode number              :	1
                        Accuracy                 :	4.3596e-14
                        Iterations               :	1
                        Solver time              :	0 s


                      ------------------------------------------------------------------------------
2025-06-14 19:09:56     Total time               :	7 s

                      ------------------------------------------------------------------------------
2025-06-14 19:09:56   

                      ------------------------------------------------------------------------------
2025-06-14 19:09:56     Calculation 29 (Frequency: 27.068 GHz, Theta: 0, Phi: 0)


                      ------------------------------------------------------------------------------
2025-06-14 19:10:03     Matrix setup time        :	0 s
                        Solver setup             :	6 s
                        Degrees of freedom       :	198062
                        Number of mesh cells     :	30884

                        Stimulation port         :	Zmin
                        Mode number              :	1
                        Accuracy                 :	3.92649e-14
                        Iterations               :	1
                        Solver time              :	0 s


                      ------------------------------------------------------------------------------
2025-06-14 19:10:03     Total time               :	6 s

                      ------------------------------------------------------------------------------
2025-06-14 19:10:03   

                      ------------------------------------------------------------------------------
2025-06-14 19:10:03     Calculation 30 (Frequency: 27.752 GHz, Theta: 0, Phi: 0)


                      ------------------------------------------------------------------------------
2025-06-14 19:10:10     Matrix setup time        :	0 s
                        Solver setup             :	6 s
                        Degrees of freedom       :	198062
                        Number of mesh cells     :	30884

                        Stimulation port         :	Zmin
                        Mode number              :	1
                        Accuracy                 :	4.85145e-14
                        Iterations               :	1
                        Solver time              :	0 s


                      ------------------------------------------------------------------------------
2025-06-14 19:10:10     Total time               :	6 s

                      ------------------------------------------------------------------------------
2025-06-14 19:10:10   

                      ------------------------------------------------------------------------------
2025-06-14 19:10:10     Calculation 31 (Frequency: 23.84 GHz, Theta: 0, Phi: 0)


                      ------------------------------------------------------------------------------
2025-06-14 19:10:16     Matrix setup time        :	0 s
                        Solver setup             :	6 s
                        Degrees of freedom       :	198062
                        Number of mesh cells     :	30884

                        Stimulation port         :	Zmin
                        Mode number              :	1
                        Accuracy                 :	3.2415e-14
                        Iterations               :	1
                        Solver time              :	0 s


                      ------------------------------------------------------------------------------
2025-06-14 19:10:17     Total time               :	6 s

                      ------------------------------------------------------------------------------
2025-06-14 19:10:17   

                      ------------------------------------------------------------------------------
2025-06-14 19:10:17   Finished the general purpose interpolative broadband frequency sweep:
                      All broadband sweep convergence criteria have been satisfied after
                      calculating 31 frequency samples:

                        Broadband sweep error threshold value :  0.01 (All S-Parameters) 
                        Number of error criterion checks      :  2 (All S-Parameters) 
                        Minimum number of samples             :  3
                        Number of data samples, linear        :  1001

                      ------------------------------------------------------------------------------
2025-06-14 19:10:17     Number of mesh cells     :	30884
                        Degrees of freedom       :	196852
                        Total Solver Time        :	244 s	 (= 0 h, 04 m, 04 s)
                      ================================================================================



                      ------------------------------------------------------------------------------
2025-06-14 19:10:17     ----------------------------------------------------------------------------
                                            Peak memory used (kB)         Free physical memory (kB) 
                                                                          At begin     Minimum      
                        ----------------------------------------------------------------------------
                        Solver start        22288                         7870700      7869892      
                        Eq. system setup    3318916                       7856408      7357028      
                        Eq. system solve    3318916                       7815452      5040824      
                        Mesh refinement     1989532                       8083088      7600924      
                        Solver run total    3318916                       7870704      5040824      

                        Computer name       Tahsin
                        ----------------------------------------------------------------------------


                      ------------------------------------------------------------------------------
2025-06-14 19:10:17   Running postprocessing.

                      ------------------------------------------------------------------------------
2025-06-14 19:10:18   Postprocessing finished.

                      ------------------------------------------------------------------------------
