2025-06-09 16:52:42   *** Warning ***

                      Electric isotropic material [Copper (pure)] has a very high conductivity for
                      the given mesh. Depending on your configuration it may be better to use a lossy
                      metal type for this material. More...

                      ------------------------------------------------------------------------------
2025-06-09 16:52:42   In order to get an optimal performance, hyperthreading is ignored for parallel
                      computations.

                      ------------------------------------------------------------------------------
2025-06-09 16:52:45   Units settings: 

                        Dimensions: mm
                        Frequency:  GHz
                        Time:       s

                      ------------------------------------------------------------------------------
2025-06-09 16:52:45   Boundary conditions: 

                        YZsymmetry: none
                        XZsymmetry: none
                        XYsymmetry: none

                        Xmin: unit cell
                        Xmax: unit cell

                        Ymin: unit cell
                        Ymax: unit cell

                        Zmin: expanded open
                        Zmax: expanded open

                      ------------------------------------------------------------------------------
2025-06-09 16:52:45   Order settings: 

                        Solver order   : 2nd (constant)
                        Curved elements: up to order 3 (automatic)

                      ------------------------------------------------------------------------------
2025-06-09 16:52:45   An iterative solver will be used first.

                      ------------------------------------------------------------------------------
2025-06-09 16:52:45     Mesh time                :	2 s


                      ------------------------------------------------------------------------------
2025-06-09 16:52:45   
                      ================================================================================
                      Frequency Domain Solver calculation cycle started

                      ------------------------------------------------------------------------------
2025-06-09 16:52:45   Solver started at: 2025-06-09 16:52:45 +0600

                        Module:  Frequency Domain: S-Parameter (Win 64)
                        Version: 2024.1 Release from 2023-10-16 (change 1181985)

                      ------------------------------------------------------------------------------
2025-06-09 16:52:45   The low frequency stabilization is not applied to periodic problems.

                      ------------------------------------------------------------------------------
2025-06-09 16:52:45     Calculation 1 of 1 (Frequency: 32 GHz, Theta: 0, Phi: 0)


                      ------------------------------------------------------------------------------
2025-06-09 16:52:45   The wavelength based mesh refinement has been applied to 4.8% of all mesh edges.

                      ------------------------------------------------------------------------------
2025-06-09 16:52:45   For some elements the curvature had to be reduced to maintain the quality of the mesh. More...

                      ------------------------------------------------------------------------------
2025-06-09 16:52:45   Adaptive mesh refinement pass 1

                      ------------------------------------------------------------------------------
2025-06-09 16:52:52   *** Warning ***

2025-06-09 16:52:52   Detected possible stagnation of the iterative solver (4.188674e-02 after 250 iterations.)
                      Please consider aborting the solver run, and check your simulation setup.  More...

                      ------------------------------------------------------------------------------
2025-06-09 16:52:58   *** Warning ***

2025-06-09 16:52:58   The solver stopped because the maximum number of iterations (500, used for automatic solver choice) has been reached.

                      ------------------------------------------------------------------------------
2025-06-09 16:52:58   Solving again, but with the direct solver. Please consider forcing the direct solver in the solver special settings, and
                      check your simulation setup (for instance source and material definitions.)

                      ------------------------------------------------------------------------------
2025-06-09 16:52:59     Matrix setup time        :	0 s
                        Degrees of freedom       :	35300
                        Number of mesh cells     :	5374

                        Stimulation port         :	Zmin
                        Mode number              :	1
                        Accuracy                 :	9.09961e-14
                        Iterations               :	1
                        Solver time              :	0 s


                      ------------------------------------------------------------------------------
2025-06-09 16:52:59   27% of all mesh edges seem to be longer than expected. The adaptive mesh refinement's growth limitation will therefore 
                      use 14241 instead of 3623 mesh cells as a reference.

                      ------------------------------------------------------------------------------
2025-06-09 16:52:59   The wavelength based mesh refinement has been applied to 0.3% of all mesh edges.

                      ------------------------------------------------------------------------------
2025-06-09 16:53:00   Adaptive mesh refinement pass 2

                      ------------------------------------------------------------------------------
2025-06-09 16:53:02     Matrix setup time        :	0 s
                        Solver setup             :	1 s
                        Degrees of freedom       :	66630
                        Number of mesh cells     :	10292

                        Stimulation port         :	Zmin
                        Mode number              :	1
                        Accuracy                 :	5.78647e-14
                        Iterations               :	1
                        Solver time              :	0 s


                      ------------------------------------------------------------------------------
2025-06-09 16:53:02     Delta calculation        
2025-06-09 16:53:02     All S-Parameters         :	0.068862
2025-06-09 16:53:02   

                      ------------------------------------------------------------------------------
2025-06-09 16:53:03   For some elements the curvature had to be reduced to maintain the quality of the mesh. More...

                      ------------------------------------------------------------------------------
2025-06-09 16:53:03   Adaptive mesh refinement pass 3

                      ------------------------------------------------------------------------------
2025-06-09 16:53:08     Matrix setup time        :	0 s
                        Solver setup             :	3 s
                        Degrees of freedom       :	118858
                        Number of mesh cells     :	18480

                        Stimulation port         :	Zmin
                        Mode number              :	1
                        Accuracy                 :	3.65625e-14
                        Iterations               :	1
                        Solver time              :	0 s


                      ------------------------------------------------------------------------------
2025-06-09 16:53:08     Delta calculation        
2025-06-09 16:53:08     All S-Parameters         :	0.035767
2025-06-09 16:53:08   

                      ------------------------------------------------------------------------------
2025-06-09 16:53:10   For some elements the curvature had to be reduced to maintain the quality of the mesh. More...

                      ------------------------------------------------------------------------------
2025-06-09 16:53:10   Adaptive mesh refinement pass 4

                      ------------------------------------------------------------------------------
2025-06-09 16:53:19     Matrix setup time        :	0 s
                        Solver setup             :	7 s
                        Degrees of freedom       :	203278
                        Number of mesh cells     :	31650

                        Stimulation port         :	Zmin
                        Mode number              :	1
                        Accuracy                 :	2.40462e-14
                        Iterations               :	1
                        Solver time              :	0 s


                      ------------------------------------------------------------------------------
2025-06-09 16:53:19     Delta calculation        
2025-06-09 16:53:19     All S-Parameters         :	0.010485
2025-06-09 16:53:19   

                      ------------------------------------------------------------------------------
2025-06-09 16:53:19   Mesh adaptation terminated because the desired accuracy limit is reached.

                      ------------------------------------------------------------------------------
2025-06-09 16:53:19   *** Warning ***

2025-06-09 16:53:19   At least one propagating Floquet mode is not considered at port Zmin. Please increase the number of modes at this port. 
                      More...

                      ------------------------------------------------------------------------------
2025-06-09 16:53:19   *** Warning ***

2025-06-09 16:53:19   At least one propagating Floquet mode is not considered at port Zmax. Please increase the number of modes at this port. 
                      More...

                      ------------------------------------------------------------------------------
2025-06-09 16:53:19     Total time               :	34 s

                      ------------------------------------------------------------------------------
2025-06-09 16:53:19   

                      ------------------------------------------------------------------------------
2025-06-09 16:53:19     Calculation 2 (Frequency: 20 GHz, Theta: 0, Phi: 0)


                      ------------------------------------------------------------------------------
2025-06-09 16:53:26     Matrix setup time        :	0 s
                        Solver setup             :	5 s
                        Degrees of freedom       :	203278
                        Number of mesh cells     :	31650

                        Stimulation port         :	Zmin
                        Mode number              :	1
                        Accuracy                 :	3.14249e-14
                        Iterations               :	1
                        Solver time              :	0 s


                      ------------------------------------------------------------------------------
2025-06-09 16:53:26     Total time               :	6 s

                      ------------------------------------------------------------------------------
2025-06-09 16:53:26   

                      ------------------------------------------------------------------------------
2025-06-09 16:53:26     Calculation 3 (Frequency: 26 GHz, Theta: 0, Phi: 0)


                      ------------------------------------------------------------------------------
2025-06-09 16:53:33     Matrix setup time        :	0 s
                        Solver setup             :	5 s
                        Degrees of freedom       :	203278
                        Number of mesh cells     :	31650

                        Stimulation port         :	Zmin
                        Mode number              :	1
                        Accuracy                 :	5.69275e-14
                        Iterations               :	1
                        Solver time              :	0 s


                      ------------------------------------------------------------------------------
2025-06-09 16:53:33     Total time               :	6 s

                      ------------------------------------------------------------------------------
2025-06-09 16:53:33   

                      ------------------------------------------------------------------------------
2025-06-09 16:53:33     Calculation 4 (Frequency: 29 GHz, Theta: 0, Phi: 0)


                      ------------------------------------------------------------------------------
2025-06-09 16:53:40     Matrix setup time        :	0 s
                        Solver setup             :	6 s
                        Degrees of freedom       :	203278
                        Number of mesh cells     :	31650

                        Stimulation port         :	Zmin
                        Mode number              :	1
                        Accuracy                 :	4.2869e-14
                        Iterations               :	1
                        Solver time              :	0 s


                      ------------------------------------------------------------------------------
2025-06-09 16:53:40     Total time               :	7 s

                      ------------------------------------------------------------------------------
2025-06-09 16:53:40   

                      ------------------------------------------------------------------------------
2025-06-09 16:53:40     Calculation 5 (Frequency: 23.78 GHz, Theta: 0, Phi: 0)


                      ------------------------------------------------------------------------------
2025-06-09 16:53:47     Matrix setup time        :	0 s
                        Solver setup             :	6 s
                        Degrees of freedom       :	203278
                        Number of mesh cells     :	31650

                        Stimulation port         :	Zmin
                        Mode number              :	1
                        Accuracy                 :	2.27719e-14
                        Iterations               :	1
                        Solver time              :	0 s


                      ------------------------------------------------------------------------------
2025-06-09 16:53:47     Total time               :	6 s

                      ------------------------------------------------------------------------------
2025-06-09 16:53:47   

                      ------------------------------------------------------------------------------
2025-06-09 16:53:47     Calculation 6 (Frequency: 27.476 GHz, Theta: 0, Phi: 0)


                      ------------------------------------------------------------------------------
2025-06-09 16:53:54     Matrix setup time        :	0 s
                        Solver setup             :	5 s
                        Degrees of freedom       :	203278
                        Number of mesh cells     :	31650

                        Stimulation port         :	Zmin
                        Mode number              :	1
                        Accuracy                 :	2.28328e-14
                        Iterations               :	1
                        Solver time              :	0 s


                      ------------------------------------------------------------------------------
2025-06-09 16:53:54     Total time               :	6 s

                      ------------------------------------------------------------------------------
2025-06-09 16:53:54   

                      ------------------------------------------------------------------------------
2025-06-09 16:53:54     Calculation 7 (Frequency: 22.448 GHz, Theta: 0, Phi: 0)


                      ------------------------------------------------------------------------------
2025-06-09 16:54:01     Matrix setup time        :	0 s
                        Solver setup             :	6 s
                        Degrees of freedom       :	203278
                        Number of mesh cells     :	31650

                        Stimulation port         :	Zmin
                        Mode number              :	1
                        Accuracy                 :	3.57139e-14
                        Iterations               :	1
                        Solver time              :	0 s


                      ------------------------------------------------------------------------------
2025-06-09 16:54:01     Total time               :	7 s

                      ------------------------------------------------------------------------------
2025-06-09 16:54:01   

                      ------------------------------------------------------------------------------
2025-06-09 16:54:01     Calculation 8 (Frequency: 28.016 GHz, Theta: 0, Phi: 0)


                      ------------------------------------------------------------------------------
2025-06-09 16:54:09     Matrix setup time        :	0 s
                        Solver setup             :	6 s
                        Degrees of freedom       :	203278
                        Number of mesh cells     :	31650

                        Stimulation port         :	Zmin
                        Mode number              :	1
                        Accuracy                 :	2.77453e-14
                        Iterations               :	1
                        Solver time              :	0 s


                      ------------------------------------------------------------------------------
2025-06-09 16:54:09     Total time               :	7 s

                      ------------------------------------------------------------------------------
2025-06-09 16:54:09   

                      ------------------------------------------------------------------------------
2025-06-09 16:54:09     Calculation 9 (Frequency: 23.492 GHz, Theta: 0, Phi: 0)


                      ------------------------------------------------------------------------------
2025-06-09 16:54:16     Matrix setup time        :	0 s
                        Solver setup             :	6 s
                        Degrees of freedom       :	203278
                        Number of mesh cells     :	31650

                        Stimulation port         :	Zmin
                        Mode number              :	1
                        Accuracy                 :	1.84921e-14
                        Iterations               :	1
                        Solver time              :	0 s


                      ------------------------------------------------------------------------------
2025-06-09 16:54:16     Total time               :	7 s

                      ------------------------------------------------------------------------------
2025-06-09 16:54:16   

                      ------------------------------------------------------------------------------
2025-06-09 16:54:16     Calculation 10 (Frequency: 29.288 GHz, Theta: 0, Phi: 0)


                      ------------------------------------------------------------------------------
2025-06-09 16:54:24     Matrix setup time        :	0 s
                        Solver setup             :	6 s
                        Degrees of freedom       :	203278
                        Number of mesh cells     :	31650

                        Stimulation port         :	Zmin
                        Mode number              :	1
                        Accuracy                 :	3.18726e-14
                        Iterations               :	1
                        Solver time              :	0 s


                      ------------------------------------------------------------------------------
2025-06-09 16:54:24     Total time               :	7 s

                      ------------------------------------------------------------------------------
2025-06-09 16:54:24   

                      ------------------------------------------------------------------------------
2025-06-09 16:54:24     Calculation 11 (Frequency: 22.58 GHz, Theta: 0, Phi: 0)


                      ------------------------------------------------------------------------------
2025-06-09 16:54:32     Matrix setup time        :	0 s
                        Solver setup             :	6 s
                        Degrees of freedom       :	203278
                        Number of mesh cells     :	31650

                        Stimulation port         :	Zmin
                        Mode number              :	1
                        Accuracy                 :	2.60463e-14
                        Iterations               :	1
                        Solver time              :	0 s


                      ------------------------------------------------------------------------------
2025-06-09 16:54:32     Total time               :	7 s

                      ------------------------------------------------------------------------------
2025-06-09 16:54:32   

                      ------------------------------------------------------------------------------
2025-06-09 16:54:32     Calculation 12 (Frequency: 22.076 GHz, Theta: 0, Phi: 0)


                      ------------------------------------------------------------------------------
2025-06-09 16:54:39     Matrix setup time        :	0 s
                        Solver setup             :	6 s
                        Degrees of freedom       :	203278
                        Number of mesh cells     :	31650

                        Stimulation port         :	Zmin
                        Mode number              :	1
                        Accuracy                 :	3.72331e-14
                        Iterations               :	1
                        Solver time              :	0 s


                      ------------------------------------------------------------------------------
2025-06-09 16:54:39     Total time               :	7 s

                      ------------------------------------------------------------------------------
2025-06-09 16:54:39   

                      ------------------------------------------------------------------------------
2025-06-09 16:54:39     Calculation 13 (Frequency: 22.952 GHz, Theta: 0, Phi: 0)


                      ------------------------------------------------------------------------------
2025-06-09 16:54:46     Matrix setup time        :	0 s
                        Solver setup             :	6 s
                        Degrees of freedom       :	203278
                        Number of mesh cells     :	31650

                        Stimulation port         :	Zmin
                        Mode number              :	1
                        Accuracy                 :	2.65834e-14
                        Iterations               :	1
                        Solver time              :	0 s


                      ------------------------------------------------------------------------------
2025-06-09 16:54:47     Total time               :	7 s

                      ------------------------------------------------------------------------------
2025-06-09 16:54:47   

                      ------------------------------------------------------------------------------
2025-06-09 16:54:47     Calculation 14 (Frequency: 21.38 GHz, Theta: 0, Phi: 0)


                      ------------------------------------------------------------------------------
2025-06-09 16:54:54     Matrix setup time        :	0 s
                        Solver setup             :	6 s
                        Degrees of freedom       :	203278
                        Number of mesh cells     :	31650

                        Stimulation port         :	Zmin
                        Mode number              :	1
                        Accuracy                 :	3.19652e-14
                        Iterations               :	1
                        Solver time              :	0 s


                      ------------------------------------------------------------------------------
2025-06-09 16:54:54     Total time               :	7 s

                      ------------------------------------------------------------------------------
2025-06-09 16:54:54   

                      ------------------------------------------------------------------------------
2025-06-09 16:54:54     Calculation 15 (Frequency: 25.196 GHz, Theta: 0, Phi: 0)


                      ------------------------------------------------------------------------------
2025-06-09 16:55:01     Matrix setup time        :	0 s
                        Solver setup             :	6 s
                        Degrees of freedom       :	203278
                        Number of mesh cells     :	31650

                        Stimulation port         :	Zmin
                        Mode number              :	1
                        Accuracy                 :	2.32494e-14
                        Iterations               :	1
                        Solver time              :	0 s


                      ------------------------------------------------------------------------------
2025-06-09 16:55:01     Total time               :	7 s

                      ------------------------------------------------------------------------------
2025-06-09 16:55:01   

                      ------------------------------------------------------------------------------
2025-06-09 16:55:01     Calculation 16 (Frequency: 21.068 GHz, Theta: 0, Phi: 0)


                      ------------------------------------------------------------------------------
2025-06-09 16:55:08     Matrix setup time        :	0 s
                        Solver setup             :	6 s
                        Degrees of freedom       :	203278
                        Number of mesh cells     :	31650

                        Stimulation port         :	Zmin
                        Mode number              :	1
                        Accuracy                 :	3.06748e-14
                        Iterations               :	1
                        Solver time              :	0 s


                      ------------------------------------------------------------------------------
2025-06-09 16:55:08     Total time               :	7 s

                      ------------------------------------------------------------------------------
2025-06-09 16:55:08   

                      ------------------------------------------------------------------------------
2025-06-09 16:55:08     Calculation 17 (Frequency: 21.608 GHz, Theta: 0, Phi: 0)


                      ------------------------------------------------------------------------------
2025-06-09 16:55:15     Matrix setup time        :	0 s
                        Solver setup             :	6 s
                        Degrees of freedom       :	203278
                        Number of mesh cells     :	31650

                        Stimulation port         :	Zmin
                        Mode number              :	1
                        Accuracy                 :	3.32997e-14
                        Iterations               :	1
                        Solver time              :	0 s


                      ------------------------------------------------------------------------------
2025-06-09 16:55:16     Total time               :	7 s

                      ------------------------------------------------------------------------------
2025-06-09 16:55:16   

                      ------------------------------------------------------------------------------
2025-06-09 16:55:16     Calculation 18 (Frequency: 25.568 GHz, Theta: 0, Phi: 0)


                      ------------------------------------------------------------------------------
2025-06-09 16:55:23     Matrix setup time        :	0 s
                        Solver setup             :	6 s
                        Degrees of freedom       :	203278
                        Number of mesh cells     :	31650

                        Stimulation port         :	Zmin
                        Mode number              :	1
                        Accuracy                 :	4.0217e-14
                        Iterations               :	1
                        Solver time              :	0 s


                      ------------------------------------------------------------------------------
2025-06-09 16:55:23     Total time               :	7 s

                      ------------------------------------------------------------------------------
2025-06-09 16:55:23   

                      ------------------------------------------------------------------------------
2025-06-09 16:55:23     Calculation 19 (Frequency: 24.716 GHz, Theta: 0, Phi: 0)


                      ------------------------------------------------------------------------------
2025-06-09 16:55:30     Matrix setup time        :	0 s
                        Solver setup             :	6 s
                        Degrees of freedom       :	203278
                        Number of mesh cells     :	31650

                        Stimulation port         :	Zmin
                        Mode number              :	1
                        Accuracy                 :	2.2492e-14
                        Iterations               :	1
                        Solver time              :	0 s


                      ------------------------------------------------------------------------------
2025-06-09 16:55:31     Total time               :	7 s

                      ------------------------------------------------------------------------------
2025-06-09 16:55:31   

                      ------------------------------------------------------------------------------
2025-06-09 16:55:31     Calculation 20 (Frequency: 26.912 GHz, Theta: 0, Phi: 0)


                      ------------------------------------------------------------------------------
2025-06-09 16:55:38     Matrix setup time        :	0 s
                        Solver setup             :	6 s
                        Degrees of freedom       :	203278
                        Number of mesh cells     :	31650

                        Stimulation port         :	Zmin
                        Mode number              :	1
                        Accuracy                 :	3.92435e-14
                        Iterations               :	1
                        Solver time              :	0 s


                      ------------------------------------------------------------------------------
2025-06-09 16:55:38     Total time               :	7 s

                      ------------------------------------------------------------------------------
2025-06-09 16:55:38   

                      ------------------------------------------------------------------------------
2025-06-09 16:55:38     Calculation 21 (Frequency: 28.544 GHz, Theta: 0, Phi: 0)


                      ------------------------------------------------------------------------------
2025-06-09 16:55:46     Matrix setup time        :	0 s
                        Solver setup             :	7 s
                        Degrees of freedom       :	203278
                        Number of mesh cells     :	31650

                        Stimulation port         :	Zmin
                        Mode number              :	1
                        Accuracy                 :	3.50108e-14
                        Iterations               :	1
                        Solver time              :	0 s


                      ------------------------------------------------------------------------------
2025-06-09 16:55:46     Total time               :	8 s

                      ------------------------------------------------------------------------------
2025-06-09 16:55:46   

                      ------------------------------------------------------------------------------
2025-06-09 16:55:46     Calculation 22 (Frequency: 30.248 GHz, Theta: 0, Phi: 0)


                      ------------------------------------------------------------------------------
2025-06-09 16:55:54     Matrix setup time        :	0 s
                        Solver setup             :	7 s
                        Degrees of freedom       :	203278
                        Number of mesh cells     :	31650

                        Stimulation port         :	Zmin
                        Mode number              :	1
                        Accuracy                 :	3.84712e-14
                        Iterations               :	1
                        Solver time              :	0 s


                      ------------------------------------------------------------------------------
2025-06-09 16:55:54     Total time               :	7 s

                      ------------------------------------------------------------------------------
2025-06-09 16:55:54   

                      ------------------------------------------------------------------------------
2025-06-09 16:55:54     Calculation 23 (Frequency: 26.744 GHz, Theta: 0, Phi: 0)


                      ------------------------------------------------------------------------------
2025-06-09 16:56:02     Matrix setup time        :	0 s
                        Solver setup             :	6 s
                        Degrees of freedom       :	203278
                        Number of mesh cells     :	31650

                        Stimulation port         :	Zmin
                        Mode number              :	1
                        Accuracy                 :	4.5683e-14
                        Iterations               :	1
                        Solver time              :	0 s


                      ------------------------------------------------------------------------------
2025-06-09 16:56:02     Total time               :	7 s

                      ------------------------------------------------------------------------------
2025-06-09 16:56:02   

                      ------------------------------------------------------------------------------
2025-06-09 16:56:02     Calculation 24 (Frequency: 29.768 GHz, Theta: 0, Phi: 0)


                      ------------------------------------------------------------------------------
2025-06-09 16:56:10     Matrix setup time        :	0 s
                        Solver setup             :	7 s
                        Degrees of freedom       :	203278
                        Number of mesh cells     :	31650

                        Stimulation port         :	Zmin
                        Mode number              :	1
                        Accuracy                 :	2.04814e-14
                        Iterations               :	1
                        Solver time              :	0 s


                      ------------------------------------------------------------------------------
2025-06-09 16:56:10     Total time               :	8 s

                      ------------------------------------------------------------------------------
2025-06-09 16:56:10   

                      ------------------------------------------------------------------------------
2025-06-09 16:56:10     Calculation 25 (Frequency: 30.752 GHz, Theta: 0, Phi: 0)


                      ------------------------------------------------------------------------------
2025-06-09 16:56:18     Matrix setup time        :	0 s
                        Solver setup             :	6 s
                        Degrees of freedom       :	203278
                        Number of mesh cells     :	31650

                        Stimulation port         :	Zmin
                        Mode number              :	1
                        Accuracy                 :	3.80342e-14
                        Iterations               :	1
                        Solver time              :	0 s


                      ------------------------------------------------------------------------------
2025-06-09 16:56:18     Total time               :	7 s

                      ------------------------------------------------------------------------------
2025-06-09 16:56:18   

                      ------------------------------------------------------------------------------
2025-06-09 16:56:18     Calculation 26 (Frequency: 28.124 GHz, Theta: 0, Phi: 0)


                      ------------------------------------------------------------------------------
2025-06-09 16:56:25     Matrix setup time        :	0 s
                        Solver setup             :	6 s
                        Degrees of freedom       :	203278
                        Number of mesh cells     :	31650

                        Stimulation port         :	Zmin
                        Mode number              :	1
                        Accuracy                 :	3.31939e-14
                        Iterations               :	1
                        Solver time              :	0 s


                      ------------------------------------------------------------------------------
2025-06-09 16:56:26     Total time               :	7 s

                      ------------------------------------------------------------------------------
2025-06-09 16:56:26   

                      ------------------------------------------------------------------------------
2025-06-09 16:56:26     Calculation 27 (Frequency: 31.664 GHz, Theta: 0, Phi: 0)


                      ------------------------------------------------------------------------------
2025-06-09 16:56:33     Matrix setup time        :	0 s
                        Solver setup             :	7 s
                        Degrees of freedom       :	203278
                        Number of mesh cells     :	31650

                        Stimulation port         :	Zmin
                        Mode number              :	1
                        Accuracy                 :	3.21616e-14
                        Iterations               :	1
                        Solver time              :	0 s


                      ------------------------------------------------------------------------------
2025-06-09 16:56:34     Total time               :	7 s

                      ------------------------------------------------------------------------------
2025-06-09 16:56:34   

                      ------------------------------------------------------------------------------
2025-06-09 16:56:34     Calculation 28 (Frequency: 30.584 GHz, Theta: 0, Phi: 0)


                      ------------------------------------------------------------------------------
2025-06-09 16:56:41     Matrix setup time        :	0 s
                        Solver setup             :	7 s
                        Degrees of freedom       :	203278
                        Number of mesh cells     :	31650

                        Stimulation port         :	Zmin
                        Mode number              :	1
                        Accuracy                 :	2.80248e-14
                        Iterations               :	1
                        Solver time              :	0 s


                      ------------------------------------------------------------------------------
2025-06-09 16:56:42     Total time               :	7 s

                      ------------------------------------------------------------------------------
2025-06-09 16:56:42   

                      ------------------------------------------------------------------------------
2025-06-09 16:56:42     Calculation 29 (Frequency: 31.064 GHz, Theta: 0, Phi: 0)


                      ------------------------------------------------------------------------------
2025-06-09 16:56:50     Matrix setup time        :	0 s
                        Solver setup             :	7 s
                        Degrees of freedom       :	203278
                        Number of mesh cells     :	31650

                        Stimulation port         :	Zmin
                        Mode number              :	1
                        Accuracy                 :	2.51253e-14
                        Iterations               :	1
                        Solver time              :	0 s


                      ------------------------------------------------------------------------------
2025-06-09 16:56:50     Total time               :	7 s

                      ------------------------------------------------------------------------------
2025-06-09 16:56:50   

                      ------------------------------------------------------------------------------
2025-06-09 16:56:50     Calculation 30 (Frequency: 31.856 GHz, Theta: 0, Phi: 0)


                      ------------------------------------------------------------------------------
2025-06-09 16:56:58     Matrix setup time        :	0 s
                        Solver setup             :	7 s
                        Degrees of freedom       :	203278
                        Number of mesh cells     :	31650

                        Stimulation port         :	Zmin
                        Mode number              :	1
                        Accuracy                 :	2.75579e-14
                        Iterations               :	1
                        Solver time              :	0 s


                      ------------------------------------------------------------------------------
2025-06-09 16:56:58     Total time               :	7 s

                      ------------------------------------------------------------------------------
2025-06-09 16:56:58   

                      ------------------------------------------------------------------------------
2025-06-09 16:56:58   Finished the general purpose interpolative broadband frequency sweep:
                      All broadband sweep convergence criteria have been satisfied after
                      calculating 30 frequency samples:

                        Broadband sweep error threshold value :  0.01 (All S-Parameters) 
                        Number of error criterion checks      :  2 (All S-Parameters) 
                        Minimum number of samples             :  3
                        Number of data samples, linear        :  1001

                      ------------------------------------------------------------------------------
2025-06-09 16:56:58     Number of mesh cells     :	31650
                        Degrees of freedom       :	201840
                        Total Solver Time        :	254 s	 (= 0 h, 04 m, 14 s)
                      ================================================================================



                      ------------------------------------------------------------------------------
2025-06-09 16:56:58     ----------------------------------------------------------------------------
                                            Peak memory used (kB)         Free physical memory (kB) 
                                                                          At begin     Minimum      
                        ----------------------------------------------------------------------------
                        Solver start        22264                         8415004      8414312      
                        Eq. system setup    3432368                       8384624      7411264      
                        Eq. system solve    3432368                       8345488      4995192      
                        Mesh refinement     2050848                       8056104      7665724      
                        Solver run total    3432368                       8415008      4995192      

                        Computer name       Tahsin
                        ----------------------------------------------------------------------------


                      ------------------------------------------------------------------------------
2025-06-09 16:56:58   Running postprocessing.

                      ------------------------------------------------------------------------------
2025-06-09 16:56:59   Postprocessing finished.

                      ------------------------------------------------------------------------------
