2025-06-10 13:53:44   *** Warning ***

                      Electric isotropic material [Copper (pure)] has a very high conductivity for
                      the given mesh. Depending on your configuration it may be better to use a lossy
                      metal type for this material. More...

                      ------------------------------------------------------------------------------
2025-06-10 13:53:44   In order to get an optimal performance, hyperthreading is ignored for parallel
                      computations.

                      ------------------------------------------------------------------------------
2025-06-10 13:53:46   Units settings: 

                        Dimensions: mm
                        Frequency:  GHz
                        Time:       s

                      ------------------------------------------------------------------------------
2025-06-10 13:53:46   Boundary conditions: 

                        YZsymmetry: none
                        XZsymmetry: none
                        XYsymmetry: none

                        Xmin: unit cell
                        Xmax: unit cell

                        Ymin: unit cell
                        Ymax: unit cell

                        Zmin: expanded open
                        Zmax: expanded open

                      ------------------------------------------------------------------------------
2025-06-10 13:53:46   Order settings: 

                        Solver order   : 2nd (constant)
                        Curved elements: up to order 3 (automatic)

                      ------------------------------------------------------------------------------
2025-06-10 13:53:46   An iterative solver will be used first.

                      ------------------------------------------------------------------------------
2025-06-10 13:53:46     Mesh time                :	2 s


                      ------------------------------------------------------------------------------
2025-06-10 13:53:46   
                      ================================================================================
                      Frequency Domain Solver calculation cycle started

                      ------------------------------------------------------------------------------
2025-06-10 13:53:46   Solver started at: 2025-06-10 13:53:46 +0600

                        Module:  Frequency Domain: S-Parameter (Win 64)
                        Version: 2024.1 Release from 2023-10-16 (change 1181985)

                      ------------------------------------------------------------------------------
2025-06-10 13:53:46   The low frequency stabilization is not applied to periodic problems.

                      ------------------------------------------------------------------------------
2025-06-10 13:53:46     Calculation 1 of 1 (Frequency: 32 GHz, Theta: 0, Phi: 0)


                      ------------------------------------------------------------------------------
2025-06-10 13:53:46   The wavelength based mesh refinement has been applied to 4.7% of all mesh edges.

                      ------------------------------------------------------------------------------
2025-06-10 13:53:47   For some elements the curvature had to be reduced to maintain the quality of the mesh. More...

                      ------------------------------------------------------------------------------
2025-06-10 13:53:47   Adaptive mesh refinement pass 1

                      ------------------------------------------------------------------------------
2025-06-10 13:53:54   *** Warning ***

2025-06-10 13:53:54   Detected possible stagnation of the iterative solver (5.182668e-02 after 250 iterations.)
                      Please consider aborting the solver run, and check your simulation setup.  More...

                      ------------------------------------------------------------------------------
2025-06-10 13:54:02   *** Warning ***

2025-06-10 13:54:02   The solver stopped because the maximum number of iterations (500, used for automatic solver choice) has been reached.

                      ------------------------------------------------------------------------------
2025-06-10 13:54:02   Solving again, but with the direct solver. Please consider forcing the direct solver in the solver special settings, and
                      check your simulation setup (for instance source and material definitions.)

                      ------------------------------------------------------------------------------
2025-06-10 13:54:03     Matrix setup time        :	0 s
                        Degrees of freedom       :	35606
                        Number of mesh cells     :	5422

                        Stimulation port         :	Zmin
                        Mode number              :	1
                        Accuracy                 :	9.55122e-14
                        Iterations               :	1
                        Solver time              :	0 s


                      ------------------------------------------------------------------------------
2025-06-10 13:54:03   26% of all mesh edges seem to be longer than expected. The adaptive mesh refinement's growth limitation will therefore 
                      use 14180 instead of 3699 mesh cells as a reference.

                      ------------------------------------------------------------------------------
2025-06-10 13:54:03   The wavelength based mesh refinement has been applied to 0.2% of all mesh edges.

                      ------------------------------------------------------------------------------
2025-06-10 13:54:04   Adaptive mesh refinement pass 2

                      ------------------------------------------------------------------------------
2025-06-10 13:54:07     Matrix setup time        :	0 s
                        Solver setup             :	2 s
                        Degrees of freedom       :	67902
                        Number of mesh cells     :	10496

                        Stimulation port         :	Zmin
                        Mode number              :	1
                        Accuracy                 :	6.18673e-14
                        Iterations               :	1
                        Solver time              :	0 s


                      ------------------------------------------------------------------------------
2025-06-10 13:54:07     Delta calculation        
2025-06-10 13:54:07     All S-Parameters         :	0.0802549
2025-06-10 13:54:07   

                      ------------------------------------------------------------------------------
2025-06-10 13:54:09   Adaptive mesh refinement pass 3

                      ------------------------------------------------------------------------------
2025-06-10 13:54:10   Low memory detected! The solver uses hard disk space to store data. This might reduce solver performance.

                      ------------------------------------------------------------------------------
2025-06-10 13:54:19     Matrix setup time        :	0 s
                        Solver setup             :	9 s
                        Degrees of freedom       :	120508
                        Number of mesh cells     :	18744

                        Stimulation port         :	Zmin
                        Mode number              :	1
                        Accuracy                 :	2.69586e-14
                        Iterations               :	1
                        Solver time              :	0 s


                      ------------------------------------------------------------------------------
2025-06-10 13:54:20     Delta calculation        
2025-06-10 13:54:20     All S-Parameters         :	0.0381122
2025-06-10 13:54:20   

                      ------------------------------------------------------------------------------
2025-06-10 13:54:22   Adaptive mesh refinement pass 4

                      ------------------------------------------------------------------------------
2025-06-10 13:54:34   *** Warning ***

2025-06-10 13:54:34   Low memory: Only 759.34 MB of 7.91 GB available.


                      ------------------------------------------------------------------------------
2025-06-10 13:54:57     Matrix setup time        :	0 s
                        Solver setup             :	28 s
                        Degrees of freedom       :	200384
                        Number of mesh cells     :	31241

                        Stimulation port         :	Zmin
                        Mode number              :	1
                        Accuracy                 :	1.97521e-14
                        Iterations               :	1
                        Solver time              :	5 s


                      ------------------------------------------------------------------------------
2025-06-10 13:54:57     Delta calculation        
2025-06-10 13:54:57     All S-Parameters         :	0.00859637
2025-06-10 13:54:57   

                      ------------------------------------------------------------------------------
2025-06-10 13:54:57   Mesh adaptation terminated because the desired accuracy limit is reached.

                      ------------------------------------------------------------------------------
2025-06-10 13:54:57   *** Warning ***

2025-06-10 13:54:57   At least one propagating Floquet mode is not considered at port Zmin. Please increase the number of modes at this port. 
                      More...

                      ------------------------------------------------------------------------------
2025-06-10 13:54:57   *** Warning ***

2025-06-10 13:54:57   At least one propagating Floquet mode is not considered at port Zmax. Please increase the number of modes at this port. 
                      More...

                      ------------------------------------------------------------------------------
2025-06-10 13:54:57     Total time               :	70 s	 (= 0 h, 01 m, 10 s)

                      ------------------------------------------------------------------------------
2025-06-10 13:54:57   

                      ------------------------------------------------------------------------------
2025-06-10 13:54:57     Calculation 2 (Frequency: 20 GHz, Theta: 0, Phi: 0)


                      ------------------------------------------------------------------------------
2025-06-10 13:55:32     Matrix setup time        :	0 s
                        Solver setup             :	28 s
                        Degrees of freedom       :	200384
                        Number of mesh cells     :	31241

                        Stimulation port         :	Zmin
                        Mode number              :	1
                        Accuracy                 :	3.23195e-14
                        Iterations               :	1
                        Solver time              :	5 s


                      ------------------------------------------------------------------------------
2025-06-10 13:55:32     Total time               :	34 s

                      ------------------------------------------------------------------------------
2025-06-10 13:55:32   

                      ------------------------------------------------------------------------------
2025-06-10 13:55:32     Calculation 3 (Frequency: 26 GHz, Theta: 0, Phi: 0)


                      ------------------------------------------------------------------------------
2025-06-10 13:56:05     Matrix setup time        :	0 s
                        Solver setup             :	26 s
                        Degrees of freedom       :	200384
                        Number of mesh cells     :	31241

                        Stimulation port         :	Zmin
                        Mode number              :	1
                        Accuracy                 :	2.44664e-14
                        Iterations               :	1
                        Solver time              :	4 s


                      ------------------------------------------------------------------------------
2025-06-10 13:56:05     Total time               :	32 s

                      ------------------------------------------------------------------------------
2025-06-10 13:56:05   

                      ------------------------------------------------------------------------------
2025-06-10 13:56:05     Calculation 4 (Frequency: 29 GHz, Theta: 0, Phi: 0)


                      ------------------------------------------------------------------------------
2025-06-10 13:56:34     Matrix setup time        :	0 s
                        Solver setup             :	23 s
                        Degrees of freedom       :	200384
                        Number of mesh cells     :	31241

                        Stimulation port         :	Zmin
                        Mode number              :	1
                        Accuracy                 :	2.79707e-14
                        Iterations               :	1
                        Solver time              :	4 s


                      ------------------------------------------------------------------------------
2025-06-10 13:56:34     Total time               :	29 s

                      ------------------------------------------------------------------------------
2025-06-10 13:56:34   

                      ------------------------------------------------------------------------------
2025-06-10 13:56:34     Calculation 5 (Frequency: 23.852 GHz, Theta: 0, Phi: 0)


                      ------------------------------------------------------------------------------
2025-06-10 13:57:01     Matrix setup time        :	0 s
                        Solver setup             :	22 s
                        Degrees of freedom       :	200384
                        Number of mesh cells     :	31241

                        Stimulation port         :	Zmin
                        Mode number              :	1
                        Accuracy                 :	2.55219e-14
                        Iterations               :	1
                        Solver time              :	3 s


                      ------------------------------------------------------------------------------
2025-06-10 13:57:02     Total time               :	27 s

                      ------------------------------------------------------------------------------
2025-06-10 13:57:02   

                      ------------------------------------------------------------------------------
2025-06-10 13:57:02     Calculation 6 (Frequency: 27.392 GHz, Theta: 0, Phi: 0)


                      ------------------------------------------------------------------------------
2025-06-10 13:57:23     Matrix setup time        :	0 s
                        Solver setup             :	20 s
                        Degrees of freedom       :	200384
                        Number of mesh cells     :	31241

                        Stimulation port         :	Zmin
                        Mode number              :	1
                        Accuracy                 :	4.52532e-14
                        Iterations               :	1
                        Solver time              :	0 s


                      ------------------------------------------------------------------------------
2025-06-10 13:57:24     Total time               :	22 s

                      ------------------------------------------------------------------------------
2025-06-10 13:57:24   

                      ------------------------------------------------------------------------------
2025-06-10 13:57:24     Calculation 7 (Frequency: 22.46 GHz, Theta: 0, Phi: 0)


                      ------------------------------------------------------------------------------
2025-06-10 13:57:45     Matrix setup time        :	0 s
                        Solver setup             :	19 s
                        Degrees of freedom       :	200384
                        Number of mesh cells     :	31241

                        Stimulation port         :	Zmin
                        Mode number              :	1
                        Accuracy                 :	3.56465e-14
                        Iterations               :	1
                        Solver time              :	0 s


                      ------------------------------------------------------------------------------
2025-06-10 13:57:45     Total time               :	21 s

                      ------------------------------------------------------------------------------
2025-06-10 13:57:45   

                      ------------------------------------------------------------------------------
2025-06-10 13:57:45     Calculation 8 (Frequency: 27.98 GHz, Theta: 0, Phi: 0)


                      ------------------------------------------------------------------------------
2025-06-10 13:58:06     Matrix setup time        :	0 s
                        Solver setup             :	19 s
                        Degrees of freedom       :	200384
                        Number of mesh cells     :	31241

                        Stimulation port         :	Zmin
                        Mode number              :	1
                        Accuracy                 :	3.23932e-14
                        Iterations               :	1
                        Solver time              :	0 s


                      ------------------------------------------------------------------------------
2025-06-10 13:58:07     Total time               :	21 s

                      ------------------------------------------------------------------------------
2025-06-10 13:58:07   

                      ------------------------------------------------------------------------------
2025-06-10 13:58:07     Calculation 9 (Frequency: 24.584 GHz, Theta: 0, Phi: 0)


                      ------------------------------------------------------------------------------
2025-06-10 13:58:28     Matrix setup time        :	0 s
                        Solver setup             :	19 s
                        Degrees of freedom       :	200384
                        Number of mesh cells     :	31241

                        Stimulation port         :	Zmin
                        Mode number              :	1
                        Accuracy                 :	1.62539e-14
                        Iterations               :	1
                        Solver time              :	0 s


                      ------------------------------------------------------------------------------
2025-06-10 13:58:28     Total time               :	21 s

                      ------------------------------------------------------------------------------
2025-06-10 13:58:28   

                      ------------------------------------------------------------------------------
2025-06-10 13:58:28     Calculation 10 (Frequency: 29.6 GHz, Theta: 0, Phi: 0)


                      ------------------------------------------------------------------------------
2025-06-10 13:58:52     Matrix setup time        :	0 s
                        Solver setup             :	21 s
                        Degrees of freedom       :	200384
                        Number of mesh cells     :	31241

                        Stimulation port         :	Zmin
                        Mode number              :	1
                        Accuracy                 :	2.81373e-14
                        Iterations               :	1
                        Solver time              :	1 s


                      ------------------------------------------------------------------------------
2025-06-10 13:58:52     Total time               :	24 s

                      ------------------------------------------------------------------------------
2025-06-10 13:58:52   

                      ------------------------------------------------------------------------------
2025-06-10 13:58:53     Calculation 11 (Frequency: 21.656 GHz, Theta: 0, Phi: 0)


                      ------------------------------------------------------------------------------
2025-06-10 13:59:15     Matrix setup time        :	0 s
                        Solver setup             :	20 s
                        Degrees of freedom       :	200384
                        Number of mesh cells     :	31241

                        Stimulation port         :	Zmin
                        Mode number              :	1
                        Accuracy                 :	3.79463e-14
                        Iterations               :	1
                        Solver time              :	1 s


                      ------------------------------------------------------------------------------
2025-06-10 13:59:16     Total time               :	22 s

                      ------------------------------------------------------------------------------
2025-06-10 13:59:16   

                      ------------------------------------------------------------------------------
2025-06-10 13:59:16     Calculation 12 (Frequency: 22.976 GHz, Theta: 0, Phi: 0)


                      ------------------------------------------------------------------------------
2025-06-10 13:59:36     Matrix setup time        :	0 s
                        Solver setup             :	18 s
                        Degrees of freedom       :	200384
                        Number of mesh cells     :	31241

                        Stimulation port         :	Zmin
                        Mode number              :	1
                        Accuracy                 :	2.74561e-14
                        Iterations               :	1
                        Solver time              :	0 s


                      ------------------------------------------------------------------------------
2025-06-10 13:59:36     Total time               :	20 s

                      ------------------------------------------------------------------------------
2025-06-10 13:59:36   

                      ------------------------------------------------------------------------------
2025-06-10 13:59:36     Calculation 13 (Frequency: 20.876 GHz, Theta: 0, Phi: 0)


                      ------------------------------------------------------------------------------
2025-06-10 13:59:55     Matrix setup time        :	0 s
                        Solver setup             :	17 s
                        Degrees of freedom       :	200384
                        Number of mesh cells     :	31241

                        Stimulation port         :	Zmin
                        Mode number              :	1
                        Accuracy                 :	3.25693e-14
                        Iterations               :	1
                        Solver time              :	0 s


                      ------------------------------------------------------------------------------
2025-06-10 13:59:55     Total time               :	19 s

                      ------------------------------------------------------------------------------
2025-06-10 13:59:55   

                      ------------------------------------------------------------------------------
2025-06-10 13:59:55     Calculation 14 (Frequency: 22.016 GHz, Theta: 0, Phi: 0)


                      ------------------------------------------------------------------------------
2025-06-10 14:00:15     Matrix setup time        :	0 s
                        Solver setup             :	18 s
                        Degrees of freedom       :	200384
                        Number of mesh cells     :	31241

                        Stimulation port         :	Zmin
                        Mode number              :	1
                        Accuracy                 :	3.8201e-14
                        Iterations               :	1
                        Solver time              :	0 s


                      ------------------------------------------------------------------------------
2025-06-10 14:00:16     Total time               :	20 s

                      ------------------------------------------------------------------------------
2025-06-10 14:00:16   

                      ------------------------------------------------------------------------------
2025-06-10 14:00:16     Calculation 15 (Frequency: 21.308 GHz, Theta: 0, Phi: 0)


                      ------------------------------------------------------------------------------
2025-06-10 14:00:36     Matrix setup time        :	0 s
                        Solver setup             :	19 s
                        Degrees of freedom       :	200384
                        Number of mesh cells     :	31241

                        Stimulation port         :	Zmin
                        Mode number              :	1
                        Accuracy                 :	4.33895e-14
                        Iterations               :	1
                        Solver time              :	0 s


                      ------------------------------------------------------------------------------
2025-06-10 14:00:37     Total time               :	20 s

                      ------------------------------------------------------------------------------
2025-06-10 14:00:37   

                      ------------------------------------------------------------------------------
2025-06-10 14:00:37     Calculation 16 (Frequency: 27.5 GHz, Theta: 0, Phi: 0)


                      ------------------------------------------------------------------------------
2025-06-10 14:00:58     Matrix setup time        :	0 s
                        Solver setup             :	19 s
                        Degrees of freedom       :	200384
                        Number of mesh cells     :	31241

                        Stimulation port         :	Zmin
                        Mode number              :	1
                        Accuracy                 :	4.13647e-14
                        Iterations               :	1
                        Solver time              :	0 s


                      ------------------------------------------------------------------------------
2025-06-10 14:00:58     Total time               :	20 s

                      ------------------------------------------------------------------------------
2025-06-10 14:00:58   

                      ------------------------------------------------------------------------------
2025-06-10 14:00:58     Calculation 17 (Frequency: 24.476 GHz, Theta: 0, Phi: 0)


                      ------------------------------------------------------------------------------
2025-06-10 14:01:18     Matrix setup time        :	0 s
                        Solver setup             :	18 s
                        Degrees of freedom       :	200384
                        Number of mesh cells     :	31241

                        Stimulation port         :	Zmin
                        Mode number              :	1
                        Accuracy                 :	3.13202e-14
                        Iterations               :	1
                        Solver time              :	0 s


                      ------------------------------------------------------------------------------
2025-06-10 14:01:18     Total time               :	20 s

                      ------------------------------------------------------------------------------
2025-06-10 14:01:18   

                      ------------------------------------------------------------------------------
2025-06-10 14:01:18     Calculation 18 (Frequency: 23.192 GHz, Theta: 0, Phi: 0)


                      ------------------------------------------------------------------------------
2025-06-10 14:01:39     Matrix setup time        :	0 s
                        Solver setup             :	19 s
                        Degrees of freedom       :	200384
                        Number of mesh cells     :	31241

                        Stimulation port         :	Zmin
                        Mode number              :	1
                        Accuracy                 :	2.32372e-14
                        Iterations               :	1
                        Solver time              :	0 s


                      ------------------------------------------------------------------------------
2025-06-10 14:01:40     Total time               :	21 s

                      ------------------------------------------------------------------------------
2025-06-10 14:01:40   

                      ------------------------------------------------------------------------------
2025-06-10 14:01:40     Calculation 19 (Frequency: 27.86 GHz, Theta: 0, Phi: 0)


                      ------------------------------------------------------------------------------
2025-06-10 14:02:00     Matrix setup time        :	0 s
                        Solver setup             :	19 s
                        Degrees of freedom       :	200384
                        Number of mesh cells     :	31241

                        Stimulation port         :	Zmin
                        Mode number              :	1
                        Accuracy                 :	3.99387e-14
                        Iterations               :	1
                        Solver time              :	0 s


                      ------------------------------------------------------------------------------
2025-06-10 14:02:00     Total time               :	20 s

                      ------------------------------------------------------------------------------
2025-06-10 14:02:00   

                      ------------------------------------------------------------------------------
2025-06-10 14:02:00     Calculation 20 (Frequency: 28.508 GHz, Theta: 0, Phi: 0)


                      ------------------------------------------------------------------------------
2025-06-10 14:02:20     Matrix setup time        :	0 s
                        Solver setup             :	18 s
                        Degrees of freedom       :	200384
                        Number of mesh cells     :	31241

                        Stimulation port         :	Zmin
                        Mode number              :	1
                        Accuracy                 :	2.88023e-14
                        Iterations               :	1
                        Solver time              :	0 s


                      ------------------------------------------------------------------------------
2025-06-10 14:02:20     Total time               :	20 s

                      ------------------------------------------------------------------------------
2025-06-10 14:02:20   

                      ------------------------------------------------------------------------------
2025-06-10 14:02:20     Calculation 21 (Frequency: 26.588 GHz, Theta: 0, Phi: 0)


                      ------------------------------------------------------------------------------
2025-06-10 14:02:40     Matrix setup time        :	0 s
                        Solver setup             :	18 s
                        Degrees of freedom       :	200384
                        Number of mesh cells     :	31241

                        Stimulation port         :	Zmin
                        Mode number              :	1
                        Accuracy                 :	2.75967e-14
                        Iterations               :	1
                        Solver time              :	0 s


                      ------------------------------------------------------------------------------
2025-06-10 14:02:41     Total time               :	19 s

                      ------------------------------------------------------------------------------
2025-06-10 14:02:41   

                      ------------------------------------------------------------------------------
2025-06-10 14:02:41     Calculation 22 (Frequency: 25.256 GHz, Theta: 0, Phi: 0)


                      ------------------------------------------------------------------------------
2025-06-10 14:03:01     Matrix setup time        :	0 s
                        Solver setup             :	18 s
                        Degrees of freedom       :	200384
                        Number of mesh cells     :	31241

                        Stimulation port         :	Zmin
                        Mode number              :	1
                        Accuracy                 :	2.63058e-14
                        Iterations               :	1
                        Solver time              :	0 s


                      ------------------------------------------------------------------------------
2025-06-10 14:03:01     Total time               :	20 s

                      ------------------------------------------------------------------------------
2025-06-10 14:03:01   

                      ------------------------------------------------------------------------------
2025-06-10 14:03:01     Calculation 23 (Frequency: 26.876 GHz, Theta: 0, Phi: 0)


                      ------------------------------------------------------------------------------
2025-06-10 14:03:20     Matrix setup time        :	0 s
                        Solver setup             :	18 s
                        Degrees of freedom       :	200384
                        Number of mesh cells     :	31241

                        Stimulation port         :	Zmin
                        Mode number              :	1
                        Accuracy                 :	6.10192e-14
                        Iterations               :	1
                        Solver time              :	0 s


                      ------------------------------------------------------------------------------
2025-06-10 14:03:21     Total time               :	19 s

                      ------------------------------------------------------------------------------
2025-06-10 14:03:21   

                      ------------------------------------------------------------------------------
2025-06-10 14:03:21     Calculation 24 (Frequency: 30.38 GHz, Theta: 0, Phi: 0)


                      ------------------------------------------------------------------------------
2025-06-10 14:03:39     Matrix setup time        :	0 s
                        Solver setup             :	17 s
                        Degrees of freedom       :	200384
                        Number of mesh cells     :	31241

                        Stimulation port         :	Zmin
                        Mode number              :	1
                        Accuracy                 :	2.59095e-14
                        Iterations               :	1
                        Solver time              :	0 s


                      ------------------------------------------------------------------------------
2025-06-10 14:03:39     Total time               :	18 s

                      ------------------------------------------------------------------------------
2025-06-10 14:03:39   

                      ------------------------------------------------------------------------------
2025-06-10 14:03:40     Calculation 25 (Frequency: 29.396 GHz, Theta: 0, Phi: 0)


                      ------------------------------------------------------------------------------
2025-06-10 14:03:59     Matrix setup time        :	0 s
                        Solver setup             :	18 s
                        Degrees of freedom       :	200384
                        Number of mesh cells     :	31241

                        Stimulation port         :	Zmin
                        Mode number              :	1
                        Accuracy                 :	4.06374e-14
                        Iterations               :	1
                        Solver time              :	0 s


                      ------------------------------------------------------------------------------
2025-06-10 14:03:59     Total time               :	19 s

                      ------------------------------------------------------------------------------
2025-06-10 14:03:59   

                      ------------------------------------------------------------------------------
2025-06-10 14:03:59     Calculation 26 (Frequency: 31.064 GHz, Theta: 0, Phi: 0)


                      ------------------------------------------------------------------------------
2025-06-10 14:04:18     Matrix setup time        :	0 s
                        Solver setup             :	17 s
                        Degrees of freedom       :	200384
                        Number of mesh cells     :	31241

                        Stimulation port         :	Zmin
                        Mode number              :	1
                        Accuracy                 :	2.78633e-14
                        Iterations               :	1
                        Solver time              :	0 s


                      ------------------------------------------------------------------------------
2025-06-10 14:04:18     Total time               :	18 s

                      ------------------------------------------------------------------------------
2025-06-10 14:04:18   

                      ------------------------------------------------------------------------------
2025-06-10 14:04:18     Calculation 27 (Frequency: 30.164 GHz, Theta: 0, Phi: 0)


                      ------------------------------------------------------------------------------
2025-06-10 14:04:35   *** Warning ***

2025-06-10 14:04:35   Low memory: Only 782.70 MB of 7.91 GB available.


                      ------------------------------------------------------------------------------
2025-06-10 14:04:36     Matrix setup time        :	0 s
                        Solver setup             :	17 s
                        Degrees of freedom       :	200384
                        Number of mesh cells     :	31241

                        Stimulation port         :	Zmin
                        Mode number              :	1
                        Accuracy                 :	4.62296e-14
                        Iterations               :	1
                        Solver time              :	0 s


                      ------------------------------------------------------------------------------
2025-06-10 14:04:36     Total time               :	18 s

                      ------------------------------------------------------------------------------
2025-06-10 14:04:36   

                      ------------------------------------------------------------------------------
2025-06-10 14:04:36     Calculation 28 (Frequency: 31.208 GHz, Theta: 0, Phi: 0)


                      ------------------------------------------------------------------------------
2025-06-10 14:04:54     Matrix setup time        :	0 s
                        Solver setup             :	16 s
                        Degrees of freedom       :	200384
                        Number of mesh cells     :	31241

                        Stimulation port         :	Zmin
                        Mode number              :	1
                        Accuracy                 :	2.52969e-14
                        Iterations               :	1
                        Solver time              :	0 s


                      ------------------------------------------------------------------------------
2025-06-10 14:04:54     Total time               :	17 s

                      ------------------------------------------------------------------------------
2025-06-10 14:04:54   

                      ------------------------------------------------------------------------------
2025-06-10 14:04:54     Calculation 29 (Frequency: 30.788 GHz, Theta: 0, Phi: 0)


                      ------------------------------------------------------------------------------
2025-06-10 14:05:12     Matrix setup time        :	0 s
                        Solver setup             :	16 s
                        Degrees of freedom       :	200384
                        Number of mesh cells     :	31241

                        Stimulation port         :	Zmin
                        Mode number              :	1
                        Accuracy                 :	2.69932e-14
                        Iterations               :	1
                        Solver time              :	0 s


                      ------------------------------------------------------------------------------
2025-06-10 14:05:12     Total time               :	17 s

                      ------------------------------------------------------------------------------
2025-06-10 14:05:12   

                      ------------------------------------------------------------------------------
2025-06-10 14:05:12     Calculation 30 (Frequency: 31.724 GHz, Theta: 0, Phi: 0)


                      ------------------------------------------------------------------------------
2025-06-10 14:05:30     Matrix setup time        :	0 s
                        Solver setup             :	16 s
                        Degrees of freedom       :	200384
                        Number of mesh cells     :	31241

                        Stimulation port         :	Zmin
                        Mode number              :	1
                        Accuracy                 :	2.08619e-14
                        Iterations               :	1
                        Solver time              :	0 s


                      ------------------------------------------------------------------------------
2025-06-10 14:05:30     Total time               :	17 s

                      ------------------------------------------------------------------------------
2025-06-10 14:05:30   

                      ------------------------------------------------------------------------------
2025-06-10 14:05:30   Finished the general purpose interpolative broadband frequency sweep:
                      All broadband sweep convergence criteria have been satisfied after
                      calculating 30 frequency samples:

                        Broadband sweep error threshold value :  0.01 (All S-Parameters) 
                        Number of error criterion checks      :  2 (All S-Parameters) 
                        Minimum number of samples             :  3
                        Number of data samples, linear        :  1001

                      ------------------------------------------------------------------------------
2025-06-10 14:05:30     Number of mesh cells     :	31241
                        Degrees of freedom       :	199094
                        Total Solver Time        :	705 s	 (= 0 h, 11 m, 45 s)
                      ================================================================================



                      ------------------------------------------------------------------------------
2025-06-10 14:05:30     ----------------------------------------------------------------------------
                                            Peak memory used (kB)         Free physical memory (kB) 
                                                                          At begin     Minimum      
                        ----------------------------------------------------------------------------
                        Solver start        22256                         2693540      2693312      
                        Eq. system setup    2980780                       2680280      2137020      
                        Eq. system solve    2980780                       2630768      409684       
                        Mesh refinement     1950452                       2513352      2160236      
                        Solver run total    2980780                       2693544      409684       

                        Computer name       Tahsin
                        ----------------------------------------------------------------------------


                      ------------------------------------------------------------------------------
2025-06-10 14:05:31   Running postprocessing.

                      ------------------------------------------------------------------------------
2025-06-10 14:05:32   Postprocessing finished.

                      ------------------------------------------------------------------------------
