2025-04-13 11:29:30   *** Warning ***

                      Electric isotropic material [Copper (pure)] has a very high conductivity for
                      the given mesh. Depending on your configuration it may be better to use a lossy
                      metal type for this material. More...

                      ------------------------------------------------------------------------------
2025-04-13 11:29:30   In order to get an optimal performance, hyperthreading is ignored for parallel
                      computations.

                      ------------------------------------------------------------------------------
2025-04-13 11:29:33   Units settings: 

                        Dimensions: mm
                        Frequency:  GHz
                        Time:       s

                      ------------------------------------------------------------------------------
2025-04-13 11:29:33   Boundary conditions: 

                        YZsymmetry: none
                        XZsymmetry: none
                        XYsymmetry: none

                        Xmin: unit cell
                        Xmax: unit cell

                        Ymin: unit cell
                        Ymax: unit cell

                        Zmin: expanded open
                        Zmax: expanded open

                      ------------------------------------------------------------------------------
2025-04-13 11:29:33   Order settings: 

                        Solver order   : 2nd (constant)
                        Curved elements: up to order 3 (automatic)

                      ------------------------------------------------------------------------------
2025-04-13 11:29:33   An iterative solver will be used first.

                      ------------------------------------------------------------------------------
2025-04-13 11:29:33     Mesh time                :	2 s


                      ------------------------------------------------------------------------------
2025-04-13 11:29:33   
                      ================================================================================
                      Frequency Domain Solver calculation cycle started

                      ------------------------------------------------------------------------------
2025-04-13 11:29:33   Solver started at: 2025-04-13 11:29:33 +0600

                        Module:  Frequency Domain: S-Parameter (Win 64)
                        Version: 2024.1 Release from 2023-10-16 (change 1181985)

                      ------------------------------------------------------------------------------
2025-04-13 11:29:33   The low frequency stabilization is not applied to periodic problems.

                      ------------------------------------------------------------------------------
2025-04-13 11:29:33     Calculation 1 of 1 (Frequency: 32 GHz, Theta: 0, Phi: 0)


                      ------------------------------------------------------------------------------
2025-04-13 11:29:33   The wavelength based mesh refinement has been applied to 6.0% of all mesh edges.

                      ------------------------------------------------------------------------------
2025-04-13 11:29:33   Adaptive mesh refinement pass 1

                      ------------------------------------------------------------------------------
2025-04-13 11:29:40   *** Warning ***

2025-04-13 11:29:40   Detected possible stagnation of the iterative solver (4.790698e-02 after 250 iterations.)
                      Please consider aborting the solver run, and check your simulation setup.  More...

                      ------------------------------------------------------------------------------
2025-04-13 11:29:47   *** Warning ***

2025-04-13 11:29:47   The solver stopped because the maximum number of iterations (500, used for automatic solver choice) has been reached.

                      ------------------------------------------------------------------------------
2025-04-13 11:29:47   Solving again, but with the direct solver. Please consider forcing the direct solver in the solver special settings, and
                      check your simulation setup (for instance source and material definitions.)

                      ------------------------------------------------------------------------------
2025-04-13 11:29:48     Matrix setup time        :	0 s
                        Degrees of freedom       :	38960
                        Number of mesh cells     :	5946

                        Stimulation port         :	Zmin
                        Mode number              :	1
                        Accuracy                 :	7.08504e-14
                        Iterations               :	1
                        Solver time              :	0 s


                      ------------------------------------------------------------------------------
2025-04-13 11:29:48   23% of all mesh edges seem to be longer than expected. The adaptive mesh refinement's growth limitation will therefore 
                      use 14191 instead of 3782 mesh cells as a reference.

                      ------------------------------------------------------------------------------
2025-04-13 11:29:50   Adaptive mesh refinement pass 2

                      ------------------------------------------------------------------------------
2025-04-13 11:29:52     Matrix setup time        :	0 s
                        Solver setup             :	1 s
                        Degrees of freedom       :	72240
                        Number of mesh cells     :	11164

                        Stimulation port         :	Zmin
                        Mode number              :	1
                        Accuracy                 :	4.82764e-14
                        Iterations               :	1
                        Solver time              :	0 s


                      ------------------------------------------------------------------------------
2025-04-13 11:29:52     Delta calculation        
2025-04-13 11:29:52     All S-Parameters         :	0.0159343
2025-04-13 11:29:52   

                      ------------------------------------------------------------------------------
2025-04-13 11:29:53   For some elements the curvature had to be reduced to maintain the quality of the mesh. More...

                      ------------------------------------------------------------------------------
2025-04-13 11:29:54   Adaptive mesh refinement pass 3

                      ------------------------------------------------------------------------------
2025-04-13 11:29:58     Matrix setup time        :	0 s
                        Solver setup             :	4 s
                        Degrees of freedom       :	120588
                        Number of mesh cells     :	18743

                        Stimulation port         :	Zmin
                        Mode number              :	1
                        Accuracy                 :	3.47826e-14
                        Iterations               :	1
                        Solver time              :	0 s


                      ------------------------------------------------------------------------------
2025-04-13 11:29:58     Delta calculation        
2025-04-13 11:29:58     All S-Parameters         :	0.0222498
2025-04-13 11:29:58   

                      ------------------------------------------------------------------------------
2025-04-13 11:30:00   Adaptive mesh refinement pass 4

                      ------------------------------------------------------------------------------
2025-04-13 11:30:09     Matrix setup time        :	0 s
                        Solver setup             :	7 s
                        Degrees of freedom       :	188440
                        Number of mesh cells     :	29340

                        Stimulation port         :	Zmin
                        Mode number              :	1
                        Accuracy                 :	2.36549e-14
                        Iterations               :	1
                        Solver time              :	0 s


                      ------------------------------------------------------------------------------
2025-04-13 11:30:09     Delta calculation        
2025-04-13 11:30:09     All S-Parameters         :	0.0024877
2025-04-13 11:30:09   

                      ------------------------------------------------------------------------------
2025-04-13 11:30:09   Mesh adaptation terminated because the desired accuracy limit is reached.

                      ------------------------------------------------------------------------------
2025-04-13 11:30:09   *** Warning ***

2025-04-13 11:30:09   At least one propagating Floquet mode is not considered at port Zmin. Please increase the number of modes at this port. 
                      More...

                      ------------------------------------------------------------------------------
2025-04-13 11:30:09   *** Warning ***

2025-04-13 11:30:09   At least one propagating Floquet mode is not considered at port Zmax. Please increase the number of modes at this port. 
                      More...

                      ------------------------------------------------------------------------------
2025-04-13 11:30:09     Total time               :	36 s

                      ------------------------------------------------------------------------------
2025-04-13 11:30:09   

                      ------------------------------------------------------------------------------
2025-04-13 11:30:09     Calculation 2 (Frequency: 20 GHz, Theta: 0, Phi: 0)


                      ------------------------------------------------------------------------------
2025-04-13 11:30:17     Matrix setup time        :	0 s
                        Solver setup             :	7 s
                        Degrees of freedom       :	188440
                        Number of mesh cells     :	29340

                        Stimulation port         :	Zmin
                        Mode number              :	1
                        Accuracy                 :	3.30946e-14
                        Iterations               :	1
                        Solver time              :	0 s


                      ------------------------------------------------------------------------------
2025-04-13 11:30:17     Total time               :	7 s

                      ------------------------------------------------------------------------------
2025-04-13 11:30:17   

                      ------------------------------------------------------------------------------
2025-04-13 11:30:17     Calculation 3 (Frequency: 26 GHz, Theta: 0, Phi: 0)


                      ------------------------------------------------------------------------------
2025-04-13 11:30:24     Matrix setup time        :	0 s
                        Solver setup             :	6 s
                        Degrees of freedom       :	188440
                        Number of mesh cells     :	29340

                        Stimulation port         :	Zmin
                        Mode number              :	1
                        Accuracy                 :	2.16472e-14
                        Iterations               :	1
                        Solver time              :	0 s


                      ------------------------------------------------------------------------------
2025-04-13 11:30:24     Total time               :	6 s

                      ------------------------------------------------------------------------------
2025-04-13 11:30:24   

                      ------------------------------------------------------------------------------
2025-04-13 11:30:24     Calculation 4 (Frequency: 29 GHz, Theta: 0, Phi: 0)


                      ------------------------------------------------------------------------------
2025-04-13 11:30:31     Matrix setup time        :	0 s
                        Solver setup             :	6 s
                        Degrees of freedom       :	188440
                        Number of mesh cells     :	29340

                        Stimulation port         :	Zmin
                        Mode number              :	1
                        Accuracy                 :	3.336e-14
                        Iterations               :	1
                        Solver time              :	0 s


                      ------------------------------------------------------------------------------
2025-04-13 11:30:31     Total time               :	7 s

                      ------------------------------------------------------------------------------
2025-04-13 11:30:31   

                      ------------------------------------------------------------------------------
2025-04-13 11:30:31     Calculation 5 (Frequency: 23.228 GHz, Theta: 0, Phi: 0)


                      ------------------------------------------------------------------------------
2025-04-13 11:30:39     Matrix setup time        :	0 s
                        Solver setup             :	6 s
                        Degrees of freedom       :	188440
                        Number of mesh cells     :	29340

                        Stimulation port         :	Zmin
                        Mode number              :	1
                        Accuracy                 :	4.88984e-14
                        Iterations               :	1
                        Solver time              :	0 s


                      ------------------------------------------------------------------------------
2025-04-13 11:30:39     Total time               :	7 s

                      ------------------------------------------------------------------------------
2025-04-13 11:30:39   

                      ------------------------------------------------------------------------------
2025-04-13 11:30:39     Calculation 6 (Frequency: 27.32 GHz, Theta: 0, Phi: 0)


                      ------------------------------------------------------------------------------
2025-04-13 11:30:46     Matrix setup time        :	0 s
                        Solver setup             :	6 s
                        Degrees of freedom       :	188440
                        Number of mesh cells     :	29340

                        Stimulation port         :	Zmin
                        Mode number              :	1
                        Accuracy                 :	3.43548e-14
                        Iterations               :	1
                        Solver time              :	0 s


                      ------------------------------------------------------------------------------
2025-04-13 11:30:47     Total time               :	7 s

                      ------------------------------------------------------------------------------
2025-04-13 11:30:47   

                      ------------------------------------------------------------------------------
2025-04-13 11:30:47     Calculation 7 (Frequency: 24.656 GHz, Theta: 0, Phi: 0)


                      ------------------------------------------------------------------------------
2025-04-13 11:30:54     Matrix setup time        :	0 s
                        Solver setup             :	6 s
                        Degrees of freedom       :	188440
                        Number of mesh cells     :	29340

                        Stimulation port         :	Zmin
                        Mode number              :	1
                        Accuracy                 :	3.48604e-14
                        Iterations               :	1
                        Solver time              :	0 s


                      ------------------------------------------------------------------------------
2025-04-13 11:30:54     Total time               :	7 s

                      ------------------------------------------------------------------------------
2025-04-13 11:30:54   

                      ------------------------------------------------------------------------------
2025-04-13 11:30:54     Calculation 8 (Frequency: 27.56 GHz, Theta: 0, Phi: 0)


                      ------------------------------------------------------------------------------
2025-04-13 11:31:01     Matrix setup time        :	0 s
                        Solver setup             :	6 s
                        Degrees of freedom       :	188440
                        Number of mesh cells     :	29340

                        Stimulation port         :	Zmin
                        Mode number              :	1
                        Accuracy                 :	3.10525e-14
                        Iterations               :	1
                        Solver time              :	0 s


                      ------------------------------------------------------------------------------
2025-04-13 11:31:02     Total time               :	7 s

                      ------------------------------------------------------------------------------
2025-04-13 11:31:02   

                      ------------------------------------------------------------------------------
2025-04-13 11:31:02     Calculation 9 (Frequency: 30.14 GHz, Theta: 0, Phi: 0)


                      ------------------------------------------------------------------------------
2025-04-13 11:31:09     Matrix setup time        :	0 s
                        Solver setup             :	6 s
                        Degrees of freedom       :	188440
                        Number of mesh cells     :	29340

                        Stimulation port         :	Zmin
                        Mode number              :	1
                        Accuracy                 :	3.0834e-14
                        Iterations               :	1
                        Solver time              :	0 s


                      ------------------------------------------------------------------------------
2025-04-13 11:31:09     Total time               :	7 s

                      ------------------------------------------------------------------------------
2025-04-13 11:31:09   

                      ------------------------------------------------------------------------------
2025-04-13 11:31:09     Calculation 10 (Frequency: 28.184 GHz, Theta: 0, Phi: 0)


                      ------------------------------------------------------------------------------
2025-04-13 11:31:16     Matrix setup time        :	0 s
                        Solver setup             :	6 s
                        Degrees of freedom       :	188440
                        Number of mesh cells     :	29340

                        Stimulation port         :	Zmin
                        Mode number              :	1
                        Accuracy                 :	4.29714e-14
                        Iterations               :	1
                        Solver time              :	0 s


                      ------------------------------------------------------------------------------
2025-04-13 11:31:16     Total time               :	7 s

                      ------------------------------------------------------------------------------
2025-04-13 11:31:16   

                      ------------------------------------------------------------------------------
2025-04-13 11:31:16     Calculation 11 (Frequency: 29.828 GHz, Theta: 0, Phi: 0)


                      ------------------------------------------------------------------------------
2025-04-13 11:31:23     Matrix setup time        :	0 s
                        Solver setup             :	6 s
                        Degrees of freedom       :	188440
                        Number of mesh cells     :	29340

                        Stimulation port         :	Zmin
                        Mode number              :	1
                        Accuracy                 :	3.08878e-14
                        Iterations               :	1
                        Solver time              :	0 s


                      ------------------------------------------------------------------------------
2025-04-13 11:31:24     Total time               :	7 s

                      ------------------------------------------------------------------------------
2025-04-13 11:31:24   

                      ------------------------------------------------------------------------------
2025-04-13 11:31:24     Calculation 12 (Frequency: 28.556 GHz, Theta: 0, Phi: 0)


                      ------------------------------------------------------------------------------
2025-04-13 11:31:31     Matrix setup time        :	0 s
                        Solver setup             :	6 s
                        Degrees of freedom       :	188440
                        Number of mesh cells     :	29340

                        Stimulation port         :	Zmin
                        Mode number              :	1
                        Accuracy                 :	4.59908e-14
                        Iterations               :	1
                        Solver time              :	0 s


                      ------------------------------------------------------------------------------
2025-04-13 11:31:31     Total time               :	7 s

                      ------------------------------------------------------------------------------
2025-04-13 11:31:31   

                      ------------------------------------------------------------------------------
2025-04-13 11:31:31     Calculation 13 (Frequency: 26.708 GHz, Theta: 0, Phi: 0)


                      ------------------------------------------------------------------------------
2025-04-13 11:31:38     Matrix setup time        :	0 s
                        Solver setup             :	6 s
                        Degrees of freedom       :	188440
                        Number of mesh cells     :	29340

                        Stimulation port         :	Zmin
                        Mode number              :	1
                        Accuracy                 :	2.62386e-14
                        Iterations               :	1
                        Solver time              :	0 s


                      ------------------------------------------------------------------------------
2025-04-13 11:31:38     Total time               :	7 s

                      ------------------------------------------------------------------------------
2025-04-13 11:31:38   

                      ------------------------------------------------------------------------------
2025-04-13 11:31:38     Calculation 14 (Frequency: 31.016 GHz, Theta: 0, Phi: 0)


                      ------------------------------------------------------------------------------
2025-04-13 11:31:45     Matrix setup time        :	0 s
                        Solver setup             :	6 s
                        Degrees of freedom       :	188440
                        Number of mesh cells     :	29340

                        Stimulation port         :	Zmin
                        Mode number              :	1
                        Accuracy                 :	2.87497e-14
                        Iterations               :	1
                        Solver time              :	0 s


                      ------------------------------------------------------------------------------
2025-04-13 11:31:45     Total time               :	6 s

                      ------------------------------------------------------------------------------
2025-04-13 11:31:45   

                      ------------------------------------------------------------------------------
2025-04-13 11:31:45     Calculation 15 (Frequency: 26.384 GHz, Theta: 0, Phi: 0)


                      ------------------------------------------------------------------------------
2025-04-13 11:31:53     Matrix setup time        :	0 s
                        Solver setup             :	6 s
                        Degrees of freedom       :	188440
                        Number of mesh cells     :	29340

                        Stimulation port         :	Zmin
                        Mode number              :	1
                        Accuracy                 :	3.60279e-14
                        Iterations               :	1
                        Solver time              :	0 s


                      ------------------------------------------------------------------------------
2025-04-13 11:31:53     Total time               :	7 s

                      ------------------------------------------------------------------------------
2025-04-13 11:31:53   

                      ------------------------------------------------------------------------------
2025-04-13 11:31:53     Calculation 16 (Frequency: 22.208 GHz, Theta: 0, Phi: 0)


                      ------------------------------------------------------------------------------
2025-04-13 11:32:00     Matrix setup time        :	0 s
                        Solver setup             :	6 s
                        Degrees of freedom       :	188440
                        Number of mesh cells     :	29340

                        Stimulation port         :	Zmin
                        Mode number              :	1
                        Accuracy                 :	4.64577e-14
                        Iterations               :	1
                        Solver time              :	0 s


                      ------------------------------------------------------------------------------
2025-04-13 11:32:00     Total time               :	7 s

                      ------------------------------------------------------------------------------
2025-04-13 11:32:00   

                      ------------------------------------------------------------------------------
2025-04-13 11:32:00     Calculation 17 (Frequency: 23.648 GHz, Theta: 0, Phi: 0)


                      ------------------------------------------------------------------------------
2025-04-13 11:32:07     Matrix setup time        :	0 s
                        Solver setup             :	6 s
                        Degrees of freedom       :	188440
                        Number of mesh cells     :	29340

                        Stimulation port         :	Zmin
                        Mode number              :	1
                        Accuracy                 :	4.0772e-14
                        Iterations               :	1
                        Solver time              :	0 s


                      ------------------------------------------------------------------------------
2025-04-13 11:32:08     Total time               :	7 s

                      ------------------------------------------------------------------------------
2025-04-13 11:32:08   

                      ------------------------------------------------------------------------------
2025-04-13 11:32:08     Calculation 18 (Frequency: 21.932 GHz, Theta: 0, Phi: 0)


                      ------------------------------------------------------------------------------
2025-04-13 11:32:15     Matrix setup time        :	0 s
                        Solver setup             :	6 s
                        Degrees of freedom       :	188440
                        Number of mesh cells     :	29340

                        Stimulation port         :	Zmin
                        Mode number              :	1
                        Accuracy                 :	4.87294e-14
                        Iterations               :	1
                        Solver time              :	0 s


                      ------------------------------------------------------------------------------
2025-04-13 11:32:15     Total time               :	7 s

                      ------------------------------------------------------------------------------
2025-04-13 11:32:15   

                      ------------------------------------------------------------------------------
2025-04-13 11:32:15     Calculation 19 (Frequency: 22.604 GHz, Theta: 0, Phi: 0)


                      ------------------------------------------------------------------------------
2025-04-13 11:32:22     Matrix setup time        :	0 s
                        Solver setup             :	6 s
                        Degrees of freedom       :	188440
                        Number of mesh cells     :	29340

                        Stimulation port         :	Zmin
                        Mode number              :	1
                        Accuracy                 :	4.20919e-14
                        Iterations               :	1
                        Solver time              :	0 s


                      ------------------------------------------------------------------------------
2025-04-13 11:32:22     Total time               :	7 s

                      ------------------------------------------------------------------------------
2025-04-13 11:32:22   

                      ------------------------------------------------------------------------------
2025-04-13 11:32:22     Calculation 20 (Frequency: 21.224 GHz, Theta: 0, Phi: 0)


                      ------------------------------------------------------------------------------
2025-04-13 11:32:29     Matrix setup time        :	0 s
                        Solver setup             :	6 s
                        Degrees of freedom       :	188440
                        Number of mesh cells     :	29340

                        Stimulation port         :	Zmin
                        Mode number              :	1
                        Accuracy                 :	5.4472e-14
                        Iterations               :	1
                        Solver time              :	0 s


                      ------------------------------------------------------------------------------
2025-04-13 11:32:29     Total time               :	7 s

                      ------------------------------------------------------------------------------
2025-04-13 11:32:29   

                      ------------------------------------------------------------------------------
2025-04-13 11:32:29     Calculation 21 (Frequency: 22.376 GHz, Theta: 0, Phi: 0)


                      ------------------------------------------------------------------------------
2025-04-13 11:32:36     Matrix setup time        :	0 s
                        Solver setup             :	6 s
                        Degrees of freedom       :	188440
                        Number of mesh cells     :	29340

                        Stimulation port         :	Zmin
                        Mode number              :	1
                        Accuracy                 :	4.2559e-14
                        Iterations               :	1
                        Solver time              :	0 s


                      ------------------------------------------------------------------------------
2025-04-13 11:32:37     Total time               :	7 s

                      ------------------------------------------------------------------------------
2025-04-13 11:32:37   

                      ------------------------------------------------------------------------------
2025-04-13 11:32:37     Calculation 22 (Frequency: 20.732 GHz, Theta: 0, Phi: 0)


                      ------------------------------------------------------------------------------
2025-04-13 11:32:44     Matrix setup time        :	0 s
                        Solver setup             :	6 s
                        Degrees of freedom       :	188440
                        Number of mesh cells     :	29340

                        Stimulation port         :	Zmin
                        Mode number              :	1
                        Accuracy                 :	5.23985e-14
                        Iterations               :	1
                        Solver time              :	0 s


                      ------------------------------------------------------------------------------
2025-04-13 11:32:44     Total time               :	7 s

                      ------------------------------------------------------------------------------
2025-04-13 11:32:44   

                      ------------------------------------------------------------------------------
2025-04-13 11:32:44     Calculation 23 (Frequency: 21.5 GHz, Theta: 0, Phi: 0)


                      ------------------------------------------------------------------------------
2025-04-13 11:32:51     Matrix setup time        :	0 s
                        Solver setup             :	6 s
                        Degrees of freedom       :	188440
                        Number of mesh cells     :	29340

                        Stimulation port         :	Zmin
                        Mode number              :	1
                        Accuracy                 :	5.3833e-14
                        Iterations               :	1
                        Solver time              :	0 s


                      ------------------------------------------------------------------------------
2025-04-13 11:32:51     Total time               :	7 s

                      ------------------------------------------------------------------------------
2025-04-13 11:32:51   

                      ------------------------------------------------------------------------------
2025-04-13 11:32:51     Calculation 24 (Frequency: 27.992 GHz, Theta: 0, Phi: 0)


                      ------------------------------------------------------------------------------
2025-04-13 11:32:58     Matrix setup time        :	0 s
                        Solver setup             :	6 s
                        Degrees of freedom       :	188440
                        Number of mesh cells     :	29340

                        Stimulation port         :	Zmin
                        Mode number              :	1
                        Accuracy                 :	3.67725e-14
                        Iterations               :	1
                        Solver time              :	0 s


                      ------------------------------------------------------------------------------
2025-04-13 11:32:58     Total time               :	7 s

                      ------------------------------------------------------------------------------
2025-04-13 11:32:58   

                      ------------------------------------------------------------------------------
2025-04-13 11:32:58     Calculation 25 (Frequency: 26.972 GHz, Theta: 0, Phi: 0)


                      ------------------------------------------------------------------------------
2025-04-13 11:33:06     Matrix setup time        :	0 s
                        Solver setup             :	6 s
                        Degrees of freedom       :	188440
                        Number of mesh cells     :	29340

                        Stimulation port         :	Zmin
                        Mode number              :	1
                        Accuracy                 :	2.87194e-14
                        Iterations               :	1
                        Solver time              :	0 s


                      ------------------------------------------------------------------------------
2025-04-13 11:33:06     Total time               :	7 s

                      ------------------------------------------------------------------------------
2025-04-13 11:33:06   

                      ------------------------------------------------------------------------------
2025-04-13 11:33:06     Calculation 26 (Frequency: 28.472 GHz, Theta: 0, Phi: 0)


                      ------------------------------------------------------------------------------
2025-04-13 11:33:13     Matrix setup time        :	0 s
                        Solver setup             :	6 s
                        Degrees of freedom       :	188440
                        Number of mesh cells     :	29340

                        Stimulation port         :	Zmin
                        Mode number              :	1
                        Accuracy                 :	3.79902e-14
                        Iterations               :	1
                        Solver time              :	0 s


                      ------------------------------------------------------------------------------
2025-04-13 11:33:13     Total time               :	7 s

                      ------------------------------------------------------------------------------
2025-04-13 11:33:13   

                      ------------------------------------------------------------------------------
2025-04-13 11:33:13     Calculation 27 (Frequency: 31.46 GHz, Theta: 0, Phi: 0)


                      ------------------------------------------------------------------------------
2025-04-13 11:33:20     Matrix setup time        :	0 s
                        Solver setup             :	6 s
                        Degrees of freedom       :	188440
                        Number of mesh cells     :	29340

                        Stimulation port         :	Zmin
                        Mode number              :	1
                        Accuracy                 :	3.48036e-14
                        Iterations               :	1
                        Solver time              :	0 s


                      ------------------------------------------------------------------------------
2025-04-13 11:33:20     Total time               :	7 s

                      ------------------------------------------------------------------------------
2025-04-13 11:33:20   

                      ------------------------------------------------------------------------------
2025-04-13 11:33:20     Calculation 28 (Frequency: 24.752 GHz, Theta: 0, Phi: 0)


                      ------------------------------------------------------------------------------
2025-04-13 11:33:28     Matrix setup time        :	0 s
                        Solver setup             :	6 s
                        Degrees of freedom       :	188440
                        Number of mesh cells     :	29340

                        Stimulation port         :	Zmin
                        Mode number              :	1
                        Accuracy                 :	3.57387e-14
                        Iterations               :	1
                        Solver time              :	0 s


                      ------------------------------------------------------------------------------
2025-04-13 11:33:28     Total time               :	7 s

                      ------------------------------------------------------------------------------
2025-04-13 11:33:28   

                      ------------------------------------------------------------------------------
2025-04-13 11:33:28     Calculation 29 (Frequency: 30.524 GHz, Theta: 0, Phi: 0)


                      ------------------------------------------------------------------------------
2025-04-13 11:33:35     Matrix setup time        :	0 s
                        Solver setup             :	7 s
                        Degrees of freedom       :	188440
                        Number of mesh cells     :	29340

                        Stimulation port         :	Zmin
                        Mode number              :	1
                        Accuracy                 :	3.32366e-14
                        Iterations               :	1
                        Solver time              :	0 s


                      ------------------------------------------------------------------------------
2025-04-13 11:33:36     Total time               :	7 s

                      ------------------------------------------------------------------------------
2025-04-13 11:33:36   

                      ------------------------------------------------------------------------------
2025-04-13 11:33:36   Finished the general purpose interpolative broadband frequency sweep:
                      All broadband sweep convergence criteria have been satisfied after
                      calculating 29 frequency samples:

                        Broadband sweep error threshold value :  0.01 (All S-Parameters) 
                        Number of error criterion checks      :  2 (All S-Parameters) 
                        Minimum number of samples             :  3
                        Number of data samples, linear        :  1001

                      ------------------------------------------------------------------------------
2025-04-13 11:33:36     Number of mesh cells     :	29340
                        Degrees of freedom       :	187210
                        Total Solver Time        :	244 s	 (= 0 h, 04 m, 04 s)
                      ================================================================================



                      ------------------------------------------------------------------------------
2025-04-13 11:33:36     ----------------------------------------------------------------------------
                                            Peak memory used (kB)         Free physical memory (kB) 
                                                                          At begin     Minimum      
                        ----------------------------------------------------------------------------
                        Solver start        21984                         8736112      8735292      
                        Eq. system setup    3300520                       8738188      7458380      
                        Eq. system solve    3300520                       8704320      5153960      
                        Mesh refinement     2180548                       8620304      7471100      
                        Solver run total    3300520                       8736116      5153960      

                        Computer name       Tahsin
                        ----------------------------------------------------------------------------


                      ------------------------------------------------------------------------------
2025-04-13 11:33:36   Running postprocessing.

                      ------------------------------------------------------------------------------
2025-04-13 11:33:36   Postprocessing finished.

                      ------------------------------------------------------------------------------
