2025-04-14 00:01:03   *** Warning ***

                      Electric isotropic material [Copper (pure)] has a very high conductivity for
                      the given mesh. Depending on your configuration it may be better to use a lossy
                      metal type for this material. More...

                      ------------------------------------------------------------------------------
2025-04-14 00:01:03   In order to get an optimal performance, hyperthreading is ignored for parallel
                      computations.

                      ------------------------------------------------------------------------------
2025-04-14 00:01:05   Units settings: 

                        Dimensions: mm
                        Frequency:  GHz
                        Time:       s

                      ------------------------------------------------------------------------------
2025-04-14 00:01:05   Boundary conditions: 

                        YZsymmetry: none
                        XZsymmetry: none
                        XYsymmetry: none

                        Xmin: unit cell
                        Xmax: unit cell

                        Ymin: unit cell
                        Ymax: unit cell

                        Zmin: expanded open
                        Zmax: expanded open

                      ------------------------------------------------------------------------------
2025-04-14 00:01:05   Order settings: 

                        Solver order   : 2nd (constant)
                        Curved elements: up to order 3 (automatic)

                      ------------------------------------------------------------------------------
2025-04-14 00:01:05   An iterative solver will be used first.

                      ------------------------------------------------------------------------------
2025-04-14 00:01:05     Mesh time                :	1 s


                      ------------------------------------------------------------------------------
2025-04-14 00:01:05   
                      ================================================================================
                      Frequency Domain Solver calculation cycle started

                      ------------------------------------------------------------------------------
2025-04-14 00:01:05   Solver started at: 2025-04-14 00:01:05 +0600

                        Module:  Frequency Domain: S-Parameter (Win 64)
                        Version: 2024.1 Release from 2023-10-16 (change 1181985)

                      ------------------------------------------------------------------------------
2025-04-14 00:01:05   The low frequency stabilization is not applied to periodic problems.

                      ------------------------------------------------------------------------------
2025-04-14 00:01:05     Calculation 1 of 1 (Frequency: 32 GHz, Theta: 0, Phi: 0)


                      ------------------------------------------------------------------------------
2025-04-14 00:01:05   The wavelength based mesh refinement has been applied to 5.4% of all mesh edges.

                      ------------------------------------------------------------------------------
2025-04-14 00:01:05   For some elements the curvature had to be reduced to maintain the quality of the mesh. More...

                      ------------------------------------------------------------------------------
2025-04-14 00:01:05   Adaptive mesh refinement pass 1

                      ------------------------------------------------------------------------------
2025-04-14 00:01:11   *** Warning ***

2025-04-14 00:01:11   Detected possible stagnation of the iterative solver (3.900695e-02 after 250 iterations.)
                      Please consider aborting the solver run, and check your simulation setup.  More...

                      ------------------------------------------------------------------------------
2025-04-14 00:01:17   *** Warning ***

2025-04-14 00:01:17   The solver stopped because the maximum number of iterations (500, used for automatic solver choice) has been reached.

                      ------------------------------------------------------------------------------
2025-04-14 00:01:17   Solving again, but with the direct solver. Please consider forcing the direct solver in the solver special settings, and
                      check your simulation setup (for instance source and material definitions.)

                      ------------------------------------------------------------------------------
2025-04-14 00:01:18     Matrix setup time        :	0 s
                        Degrees of freedom       :	36198
                        Number of mesh cells     :	5516

                        Stimulation port         :	Zmin
                        Mode number              :	1
                        Accuracy                 :	8.16805e-14
                        Iterations               :	1
                        Solver time              :	0 s


                      ------------------------------------------------------------------------------
2025-04-14 00:01:18   26% of all mesh edges seem to be longer than expected. The adaptive mesh refinement's growth limitation will therefore 
                      use 14204 instead of 3627 mesh cells as a reference.

                      ------------------------------------------------------------------------------
2025-04-14 00:01:18   The wavelength based mesh refinement has been applied to 0.2% of all mesh edges.

                      ------------------------------------------------------------------------------
2025-04-14 00:01:19   For some elements the curvature had to be reduced to maintain the quality of the mesh. More...

                      ------------------------------------------------------------------------------
2025-04-14 00:01:19   Adaptive mesh refinement pass 2

                      ------------------------------------------------------------------------------
2025-04-14 00:01:21     Matrix setup time        :	0 s
                        Solver setup             :	2 s
                        Degrees of freedom       :	78274
                        Number of mesh cells     :	12127

                        Stimulation port         :	Zmin
                        Mode number              :	1
                        Accuracy                 :	3.94084e-14
                        Iterations               :	1
                        Solver time              :	0 s


                      ------------------------------------------------------------------------------
2025-04-14 00:01:22     Delta calculation        
2025-04-14 00:01:22     All S-Parameters         :	0.0235998
2025-04-14 00:01:22   

                      ------------------------------------------------------------------------------
2025-04-14 00:01:22   The input reflection seems to be large at 32 GHz, Theta: 0, Phi: 0. The adaptive mesh refinement at this sample will be 
                      stopped. A new mesh adaptation frequency has been added at 26 GHz.  More...

                      ------------------------------------------------------------------------------
2025-04-14 00:01:22   *** Warning ***

2025-04-14 00:01:22   At least one propagating Floquet mode is not considered at port Zmin. Please increase the number of modes at this port. 
                      More...

                      ------------------------------------------------------------------------------
2025-04-14 00:01:22   *** Warning ***

2025-04-14 00:01:22   At least one propagating Floquet mode is not considered at port Zmax. Please increase the number of modes at this port. 
                      More...

                      ------------------------------------------------------------------------------
2025-04-14 00:01:22     Total time               :	16 s

                      ------------------------------------------------------------------------------
2025-04-14 00:01:22   

                      ------------------------------------------------------------------------------
2025-04-14 00:01:22     Calculation 2 of 2 (Frequency: 26 GHz, Theta: 0, Phi: 0)


                      ------------------------------------------------------------------------------
2025-04-14 00:01:22   Adaptive mesh refinement pass 1

                      ------------------------------------------------------------------------------
2025-04-14 00:01:24     Matrix setup time        :	0 s
                        Solver setup             :	1 s
                        Degrees of freedom       :	78274
                        Number of mesh cells     :	12127

                        Stimulation port         :	Zmin
                        Mode number              :	1
                        Accuracy                 :	4.22932e-14
                        Iterations               :	1
                        Solver time              :	0 s


                      ------------------------------------------------------------------------------
2025-04-14 00:01:25   Adaptive mesh refinement pass 2

                      ------------------------------------------------------------------------------
2025-04-14 00:01:29     Matrix setup time        :	0 s
                        Solver setup             :	3 s
                        Degrees of freedom       :	119902
                        Number of mesh cells     :	18655

                        Stimulation port         :	Zmin
                        Mode number              :	1
                        Accuracy                 :	2.16425e-14
                        Iterations               :	1
                        Solver time              :	0 s


                      ------------------------------------------------------------------------------
2025-04-14 00:01:29     Delta calculation        
2025-04-14 00:01:29     All S-Parameters         :	0.0484818
2025-04-14 00:01:29   

                      ------------------------------------------------------------------------------
2025-04-14 00:01:31   Adaptive mesh refinement pass 3

                      ------------------------------------------------------------------------------
2025-04-14 00:01:38     Matrix setup time        :	0 s
                        Solver setup             :	6 s
                        Degrees of freedom       :	195018
                        Number of mesh cells     :	30370

                        Stimulation port         :	Zmin
                        Mode number              :	1
                        Accuracy                 :	3.88476e-14
                        Iterations               :	1
                        Solver time              :	0 s


                      ------------------------------------------------------------------------------
2025-04-14 00:01:38     Delta calculation        
2025-04-14 00:01:38     All S-Parameters         :	0.0293183
2025-04-14 00:01:38   

                      ------------------------------------------------------------------------------
2025-04-14 00:01:41   Adaptive mesh refinement pass 4

                      ------------------------------------------------------------------------------
2025-04-14 00:01:56     Matrix setup time        :	1 s
                        Solver setup             :	13 s
                        Degrees of freedom       :	300600
                        Number of mesh cells     :	46859

                        Stimulation port         :	Zmin
                        Mode number              :	1
                        Accuracy                 :	4.05067e-14
                        Iterations               :	1
                        Solver time              :	0 s


                      ------------------------------------------------------------------------------
2025-04-14 00:01:56     Delta calculation        
2025-04-14 00:01:56     All S-Parameters         :	0.0175042
2025-04-14 00:01:56   

                      ------------------------------------------------------------------------------
2025-04-14 00:01:56   Mesh adaptation terminated because the desired accuracy limit is reached.

                      ------------------------------------------------------------------------------
2025-04-14 00:01:57     Total time               :	34 s

                      ------------------------------------------------------------------------------
2025-04-14 00:01:57   

                      ------------------------------------------------------------------------------
2025-04-14 00:01:57     Calculation 1 (Frequency: 32 GHz, Theta: 0, Phi: 0)


                      ------------------------------------------------------------------------------
2025-04-14 00:02:09     Matrix setup time        :	0 s
                        Solver setup             :	11 s
                        Degrees of freedom       :	300600
                        Number of mesh cells     :	46859

                        Stimulation port         :	Zmin
                        Mode number              :	1
                        Accuracy                 :	3.11814e-14
                        Iterations               :	1
                        Solver time              :	0 s


                      ------------------------------------------------------------------------------
2025-04-14 00:02:09     Total time               :	12 s

                      ------------------------------------------------------------------------------
2025-04-14 00:02:09   

                      ------------------------------------------------------------------------------
2025-04-14 00:02:09     Calculation 3 (Frequency: 20 GHz, Theta: 0, Phi: 0)


                      ------------------------------------------------------------------------------
2025-04-14 00:02:21     Matrix setup time        :	0 s
                        Solver setup             :	11 s
                        Degrees of freedom       :	300600
                        Number of mesh cells     :	46859

                        Stimulation port         :	Zmin
                        Mode number              :	1
                        Accuracy                 :	6.09158e-14
                        Iterations               :	1
                        Solver time              :	0 s


                      ------------------------------------------------------------------------------
2025-04-14 00:02:22     Total time               :	12 s

                      ------------------------------------------------------------------------------
2025-04-14 00:02:22   

                      ------------------------------------------------------------------------------
2025-04-14 00:02:22     Calculation 4 (Frequency: 29 GHz, Theta: 0, Phi: 0)


                      ------------------------------------------------------------------------------
2025-04-14 00:02:34     Matrix setup time        :	0 s
                        Solver setup             :	11 s
                        Degrees of freedom       :	300600
                        Number of mesh cells     :	46859

                        Stimulation port         :	Zmin
                        Mode number              :	1
                        Accuracy                 :	4.04485e-14
                        Iterations               :	1
                        Solver time              :	0 s


                      ------------------------------------------------------------------------------
2025-04-14 00:02:34     Total time               :	12 s

                      ------------------------------------------------------------------------------
2025-04-14 00:02:34   

                      ------------------------------------------------------------------------------
2025-04-14 00:02:34     Calculation 5 (Frequency: 23.144 GHz, Theta: 0, Phi: 0)


                      ------------------------------------------------------------------------------
2025-04-14 00:02:46     Matrix setup time        :	0 s
                        Solver setup             :	10 s
                        Degrees of freedom       :	300600
                        Number of mesh cells     :	46859

                        Stimulation port         :	Zmin
                        Mode number              :	1
                        Accuracy                 :	3.84837e-14
                        Iterations               :	1
                        Solver time              :	0 s


                      ------------------------------------------------------------------------------
2025-04-14 00:02:46     Total time               :	11 s

                      ------------------------------------------------------------------------------
2025-04-14 00:02:46   

                      ------------------------------------------------------------------------------
2025-04-14 00:02:46     Calculation 6 (Frequency: 27.212 GHz, Theta: 0, Phi: 0)


                      ------------------------------------------------------------------------------
2025-04-14 00:02:58     Matrix setup time        :	0 s
                        Solver setup             :	10 s
                        Degrees of freedom       :	300600
                        Number of mesh cells     :	46859

                        Stimulation port         :	Zmin
                        Mode number              :	1
                        Accuracy                 :	7.08272e-14
                        Iterations               :	1
                        Solver time              :	0 s


                      ------------------------------------------------------------------------------
2025-04-14 00:02:58     Total time               :	11 s

                      ------------------------------------------------------------------------------
2025-04-14 00:02:58   

                      ------------------------------------------------------------------------------
2025-04-14 00:02:58     Calculation 7 (Frequency: 24.5 GHz, Theta: 0, Phi: 0)


                      ------------------------------------------------------------------------------
2025-04-14 00:03:12     Matrix setup time        :	0 s
                        Solver setup             :	12 s
                        Degrees of freedom       :	300600
                        Number of mesh cells     :	46859

                        Stimulation port         :	Zmin
                        Mode number              :	1
                        Accuracy                 :	2.50836e-13
                        Iterations               :	1
                        Solver time              :	0 s


                      ------------------------------------------------------------------------------
2025-04-14 00:03:12     Total time               :	13 s

                      ------------------------------------------------------------------------------
2025-04-14 00:03:12   

                      ------------------------------------------------------------------------------
2025-04-14 00:03:12     Calculation 8 (Frequency: 28.196 GHz, Theta: 0, Phi: 0)


                      ------------------------------------------------------------------------------
2025-04-14 00:03:25     Matrix setup time        :	0 s
                        Solver setup             :	11 s
                        Degrees of freedom       :	300600
                        Number of mesh cells     :	46859

                        Stimulation port         :	Zmin
                        Mode number              :	1
                        Accuracy                 :	5.21402e-14
                        Iterations               :	1
                        Solver time              :	0 s


                      ------------------------------------------------------------------------------
2025-04-14 00:03:25     Total time               :	13 s

                      ------------------------------------------------------------------------------
2025-04-14 00:03:25   

                      ------------------------------------------------------------------------------
2025-04-14 00:03:25     Calculation 9 (Frequency: 29.948 GHz, Theta: 0, Phi: 0)


                      ------------------------------------------------------------------------------
2025-04-14 00:03:38     Matrix setup time        :	0 s
                        Solver setup             :	11 s
                        Degrees of freedom       :	300600
                        Number of mesh cells     :	46859

                        Stimulation port         :	Zmin
                        Mode number              :	1
                        Accuracy                 :	3.27929e-14
                        Iterations               :	1
                        Solver time              :	0 s


                      ------------------------------------------------------------------------------
2025-04-14 00:03:38     Total time               :	13 s

                      ------------------------------------------------------------------------------
2025-04-14 00:03:38   

                      ------------------------------------------------------------------------------
2025-04-14 00:03:38     Calculation 10 (Frequency: 21.344 GHz, Theta: 0, Phi: 0)


                      ------------------------------------------------------------------------------
2025-04-14 00:03:51     Matrix setup time        :	0 s
                        Solver setup             :	12 s
                        Degrees of freedom       :	300600
                        Number of mesh cells     :	46859

                        Stimulation port         :	Zmin
                        Mode number              :	1
                        Accuracy                 :	5.30895e-14
                        Iterations               :	1
                        Solver time              :	0 s


                      ------------------------------------------------------------------------------
2025-04-14 00:03:52     Total time               :	13 s

                      ------------------------------------------------------------------------------
2025-04-14 00:03:52   

                      ------------------------------------------------------------------------------
2025-04-14 00:03:52     Calculation 11 (Frequency: 31.256 GHz, Theta: 0, Phi: 0)


                      ------------------------------------------------------------------------------
2025-04-14 00:04:05     Matrix setup time        :	0 s
                        Solver setup             :	12 s
                        Degrees of freedom       :	300600
                        Number of mesh cells     :	46859

                        Stimulation port         :	Zmin
                        Mode number              :	1
                        Accuracy                 :	2.40503e-14
                        Iterations               :	1
                        Solver time              :	0 s


                      ------------------------------------------------------------------------------
2025-04-14 00:04:05     Total time               :	13 s

                      ------------------------------------------------------------------------------
2025-04-14 00:04:05   

                      ------------------------------------------------------------------------------
2025-04-14 00:04:05     Calculation 12 (Frequency: 21.428 GHz, Theta: 0, Phi: 0)


                      ------------------------------------------------------------------------------
2025-04-14 00:04:18     Matrix setup time        :	0 s
                        Solver setup             :	12 s
                        Degrees of freedom       :	300600
                        Number of mesh cells     :	46859

                        Stimulation port         :	Zmin
                        Mode number              :	1
                        Accuracy                 :	4.71084e-14
                        Iterations               :	1
                        Solver time              :	0 s


                      ------------------------------------------------------------------------------
2025-04-14 00:04:18     Total time               :	13 s

                      ------------------------------------------------------------------------------
2025-04-14 00:04:18   

                      ------------------------------------------------------------------------------
2025-04-14 00:04:18     Calculation 13 (Frequency: 20.984 GHz, Theta: 0, Phi: 0)


                      ------------------------------------------------------------------------------
2025-04-14 00:04:32     Matrix setup time        :	0 s
                        Solver setup             :	12 s
                        Degrees of freedom       :	300600
                        Number of mesh cells     :	46859

                        Stimulation port         :	Zmin
                        Mode number              :	1
                        Accuracy                 :	3.95677e-14
                        Iterations               :	1
                        Solver time              :	0 s


                      ------------------------------------------------------------------------------
2025-04-14 00:04:32     Total time               :	13 s

                      ------------------------------------------------------------------------------
2025-04-14 00:04:32   

                      ------------------------------------------------------------------------------
2025-04-14 00:04:32     Calculation 14 (Frequency: 21.956 GHz, Theta: 0, Phi: 0)


                      ------------------------------------------------------------------------------
2025-04-14 00:04:46     Matrix setup time        :	0 s
                        Solver setup             :	12 s
                        Degrees of freedom       :	300600
                        Number of mesh cells     :	46859

                        Stimulation port         :	Zmin
                        Mode number              :	1
                        Accuracy                 :	4.48294e-14
                        Iterations               :	1
                        Solver time              :	0 s


                      ------------------------------------------------------------------------------
2025-04-14 00:04:46     Total time               :	13 s

                      ------------------------------------------------------------------------------
2025-04-14 00:04:46   

                      ------------------------------------------------------------------------------
2025-04-14 00:04:46     Calculation 15 (Frequency: 20.336 GHz, Theta: 0, Phi: 0)


                      ------------------------------------------------------------------------------
2025-04-14 00:04:59     Matrix setup time        :	0 s
                        Solver setup             :	12 s
                        Degrees of freedom       :	300600
                        Number of mesh cells     :	46859

                        Stimulation port         :	Zmin
                        Mode number              :	1
                        Accuracy                 :	5.9807e-14
                        Iterations               :	1
                        Solver time              :	0 s


                      ------------------------------------------------------------------------------
2025-04-14 00:05:00     Total time               :	13 s

                      ------------------------------------------------------------------------------
2025-04-14 00:05:00   

                      ------------------------------------------------------------------------------
2025-04-14 00:05:00     Calculation 16 (Frequency: 22.16 GHz, Theta: 0, Phi: 0)


                      ------------------------------------------------------------------------------
2025-04-14 00:05:13     Matrix setup time        :	0 s
                        Solver setup             :	12 s
                        Degrees of freedom       :	300600
                        Number of mesh cells     :	46859

                        Stimulation port         :	Zmin
                        Mode number              :	1
                        Accuracy                 :	3.51488e-14
                        Iterations               :	1
                        Solver time              :	0 s


                      ------------------------------------------------------------------------------
2025-04-14 00:05:13     Total time               :	13 s

                      ------------------------------------------------------------------------------
2025-04-14 00:05:13   

                      ------------------------------------------------------------------------------
2025-04-14 00:05:13     Calculation 17 (Frequency: 24.308 GHz, Theta: 0, Phi: 0)


                      ------------------------------------------------------------------------------
2025-04-14 00:05:27     Matrix setup time        :	0 s
                        Solver setup             :	12 s
                        Degrees of freedom       :	300600
                        Number of mesh cells     :	46859

                        Stimulation port         :	Zmin
                        Mode number              :	1
                        Accuracy                 :	8.26201e-14
                        Iterations               :	1
                        Solver time              :	0 s


                      ------------------------------------------------------------------------------
2025-04-14 00:05:27     Total time               :	13 s

                      ------------------------------------------------------------------------------
2025-04-14 00:05:27   

                      ------------------------------------------------------------------------------
2025-04-14 00:05:27     Calculation 18 (Frequency: 30.872 GHz, Theta: 0, Phi: 0)


                      ------------------------------------------------------------------------------
2025-04-14 00:05:41     Matrix setup time        :	0 s
                        Solver setup             :	12 s
                        Degrees of freedom       :	300600
                        Number of mesh cells     :	46859

                        Stimulation port         :	Zmin
                        Mode number              :	1
                        Accuracy                 :	3.27322e-14
                        Iterations               :	1
                        Solver time              :	0 s


                      ------------------------------------------------------------------------------
2025-04-14 00:05:41     Total time               :	13 s

                      ------------------------------------------------------------------------------
2025-04-14 00:05:41   

                      ------------------------------------------------------------------------------
2025-04-14 00:05:41     Calculation 19 (Frequency: 23.72 GHz, Theta: 0, Phi: 0)


                      ------------------------------------------------------------------------------
2025-04-14 00:05:55     Matrix setup time        :	0 s
                        Solver setup             :	12 s
                        Degrees of freedom       :	300600
                        Number of mesh cells     :	46859

                        Stimulation port         :	Zmin
                        Mode number              :	1
                        Accuracy                 :	9.85943e-14
                        Iterations               :	1
                        Solver time              :	0 s


                      ------------------------------------------------------------------------------
2025-04-14 00:05:55     Total time               :	13 s

                      ------------------------------------------------------------------------------
2025-04-14 00:05:55   

                      ------------------------------------------------------------------------------
2025-04-14 00:05:55     Calculation 20 (Frequency: 30.428 GHz, Theta: 0, Phi: 0)


                      ------------------------------------------------------------------------------
2025-04-14 00:06:08     Matrix setup time        :	0 s
                        Solver setup             :	12 s
                        Degrees of freedom       :	300600
                        Number of mesh cells     :	46859

                        Stimulation port         :	Zmin
                        Mode number              :	1
                        Accuracy                 :	3.48018e-14
                        Iterations               :	1
                        Solver time              :	0 s


                      ------------------------------------------------------------------------------
2025-04-14 00:06:08     Total time               :	13 s

                      ------------------------------------------------------------------------------
2025-04-14 00:06:08   

                      ------------------------------------------------------------------------------
2025-04-14 00:06:08     Calculation 21 (Frequency: 27.128 GHz, Theta: 0, Phi: 0)


                      ------------------------------------------------------------------------------
2025-04-14 00:06:21     Matrix setup time        :	0 s
                        Solver setup             :	11 s
                        Degrees of freedom       :	300600
                        Number of mesh cells     :	46859

                        Stimulation port         :	Zmin
                        Mode number              :	1
                        Accuracy                 :	2.90048e-14
                        Iterations               :	1
                        Solver time              :	0 s


                      ------------------------------------------------------------------------------
2025-04-14 00:06:22     Total time               :	13 s

                      ------------------------------------------------------------------------------
2025-04-14 00:06:22   

                      ------------------------------------------------------------------------------
2025-04-14 00:06:22     Calculation 22 (Frequency: 29.444 GHz, Theta: 0, Phi: 0)


                      ------------------------------------------------------------------------------
2025-04-14 00:06:34     Matrix setup time        :	0 s
                        Solver setup             :	11 s
                        Degrees of freedom       :	300600
                        Number of mesh cells     :	46859

                        Stimulation port         :	Zmin
                        Mode number              :	1
                        Accuracy                 :	6.3001e-14
                        Iterations               :	1
                        Solver time              :	0 s


                      ------------------------------------------------------------------------------
2025-04-14 00:06:35     Total time               :	13 s

                      ------------------------------------------------------------------------------
2025-04-14 00:06:35   

                      ------------------------------------------------------------------------------
2025-04-14 00:06:35     Calculation 23 (Frequency: 26.816 GHz, Theta: 0, Phi: 0)


                      ------------------------------------------------------------------------------
2025-04-14 00:06:48     Matrix setup time        :	0 s
                        Solver setup             :	12 s
                        Degrees of freedom       :	300600
                        Number of mesh cells     :	46859

                        Stimulation port         :	Zmin
                        Mode number              :	1
                        Accuracy                 :	3.59569e-14
                        Iterations               :	1
                        Solver time              :	0 s


                      ------------------------------------------------------------------------------
2025-04-14 00:06:49     Total time               :	13 s

                      ------------------------------------------------------------------------------
2025-04-14 00:06:49   

                      ------------------------------------------------------------------------------
2025-04-14 00:06:49     Calculation 24 (Frequency: 28.592 GHz, Theta: 0, Phi: 0)


                      ------------------------------------------------------------------------------
2025-04-14 00:07:01     Matrix setup time        :	0 s
                        Solver setup             :	11 s
                        Degrees of freedom       :	300600
                        Number of mesh cells     :	46859

                        Stimulation port         :	Zmin
                        Mode number              :	1
                        Accuracy                 :	4.98732e-14
                        Iterations               :	1
                        Solver time              :	0 s


                      ------------------------------------------------------------------------------
2025-04-14 00:07:02     Total time               :	12 s

                      ------------------------------------------------------------------------------
2025-04-14 00:07:02   

                      ------------------------------------------------------------------------------
2025-04-14 00:07:02     Calculation 25 (Frequency: 30.212 GHz, Theta: 0, Phi: 0)


                      ------------------------------------------------------------------------------
2025-04-14 00:07:15     Matrix setup time        :	0 s
                        Solver setup             :	12 s
                        Degrees of freedom       :	300600
                        Number of mesh cells     :	46859

                        Stimulation port         :	Zmin
                        Mode number              :	1
                        Accuracy                 :	5.16536e-14
                        Iterations               :	1
                        Solver time              :	0 s


                      ------------------------------------------------------------------------------
2025-04-14 00:07:15     Total time               :	13 s

                      ------------------------------------------------------------------------------
2025-04-14 00:07:15   

                      ------------------------------------------------------------------------------
2025-04-14 00:07:15     Calculation 26 (Frequency: 25.568 GHz, Theta: 0, Phi: 0)


                      ------------------------------------------------------------------------------
2025-04-14 00:07:29     Matrix setup time        :	0 s
                        Solver setup             :	12 s
                        Degrees of freedom       :	300600
                        Number of mesh cells     :	46859

                        Stimulation port         :	Zmin
                        Mode number              :	1
                        Accuracy                 :	3.16112e-14
                        Iterations               :	1
                        Solver time              :	0 s


                      ------------------------------------------------------------------------------
2025-04-14 00:07:29     Total time               :	13 s

                      ------------------------------------------------------------------------------
2025-04-14 00:07:29   

                      ------------------------------------------------------------------------------
2025-04-14 00:07:29     Calculation 27 (Frequency: 26.108 GHz, Theta: 0, Phi: 0)


                      ------------------------------------------------------------------------------
2025-04-14 00:07:42     Matrix setup time        :	0 s
                        Solver setup             :	12 s
                        Degrees of freedom       :	300600
                        Number of mesh cells     :	46859

                        Stimulation port         :	Zmin
                        Mode number              :	1
                        Accuracy                 :	3.7773e-14
                        Iterations               :	1
                        Solver time              :	0 s


                      ------------------------------------------------------------------------------
2025-04-14 00:07:43     Total time               :	13 s

                      ------------------------------------------------------------------------------
2025-04-14 00:07:43   

                      ------------------------------------------------------------------------------
2025-04-14 00:07:43     Calculation 28 (Frequency: 25.04 GHz, Theta: 0, Phi: 0)


                      ------------------------------------------------------------------------------
2025-04-14 00:07:55     Matrix setup time        :	0 s
                        Solver setup             :	11 s
                        Degrees of freedom       :	300600
                        Number of mesh cells     :	46859

                        Stimulation port         :	Zmin
                        Mode number              :	1
                        Accuracy                 :	3.25962e-14
                        Iterations               :	1
                        Solver time              :	0 s


                      ------------------------------------------------------------------------------
2025-04-14 00:07:56     Total time               :	12 s

                      ------------------------------------------------------------------------------
2025-04-14 00:07:56   

                      ------------------------------------------------------------------------------
2025-04-14 00:07:56     Calculation 29 (Frequency: 27.848 GHz, Theta: 0, Phi: 0)


                      ------------------------------------------------------------------------------
2025-04-14 00:08:08     Matrix setup time        :	0 s
                        Solver setup             :	11 s
                        Degrees of freedom       :	300600
                        Number of mesh cells     :	46859

                        Stimulation port         :	Zmin
                        Mode number              :	1
                        Accuracy                 :	2.47349e-14
                        Iterations               :	1
                        Solver time              :	0 s


                      ------------------------------------------------------------------------------
2025-04-14 00:08:09     Total time               :	12 s

                      ------------------------------------------------------------------------------
2025-04-14 00:08:09   

                      ------------------------------------------------------------------------------
2025-04-14 00:08:09   Finished the general purpose interpolative broadband frequency sweep:
                      All broadband sweep convergence criteria have been satisfied after
                      calculating 29 frequency samples:

                        Broadband sweep error threshold value :  0.01 (All S-Parameters) 
                        Number of error criterion checks      :  2 (All S-Parameters) 
                        Minimum number of samples             :  3
                        Number of data samples, linear        :  1001

                      ------------------------------------------------------------------------------
2025-04-14 00:08:09     Number of mesh cells     :	46859
                        Degrees of freedom       :	298970
                        Total Solver Time        :	424 s	 (= 0 h, 07 m, 04 s)
                      ================================================================================



                      ------------------------------------------------------------------------------
2025-04-14 00:08:09     ----------------------------------------------------------------------------
                                            Peak memory used (kB)         Free physical memory (kB) 
                                                                          At begin     Minimum      
                        ----------------------------------------------------------------------------
                        Solver start        21716                         9848196      9847452      
                        Eq. system setup    5143488                       9830492      8192044      
                        Eq. system solve    5143488                       9783676      4287640      
                        Mesh refinement     3203036                       9637048      9003628      
                        Solver run total    5143488                       9848200      4287640      

                        Computer name       Tahsin
                        ----------------------------------------------------------------------------


                      ------------------------------------------------------------------------------
2025-04-14 00:08:09   Running postprocessing.

                      ------------------------------------------------------------------------------
2025-04-14 00:08:10   Postprocessing finished.

                      ------------------------------------------------------------------------------
