2025-06-14 17:57:37   *** Warning ***

                      Electric isotropic material [Copper (pure)] has a very high conductivity for
                      the given mesh. Depending on your configuration it may be better to use a lossy
                      metal type for this material. More...

                      ------------------------------------------------------------------------------
2025-06-14 17:57:37   In order to get an optimal performance, hyperthreading is ignored for parallel
                      computations.

                      ------------------------------------------------------------------------------
2025-06-14 17:57:39   Units settings: 

                        Dimensions: mm
                        Frequency:  GHz
                        Time:       s

                      ------------------------------------------------------------------------------
2025-06-14 17:57:39   Boundary conditions: 

                        YZsymmetry: none
                        XZsymmetry: none
                        XYsymmetry: none

                        Xmin: unit cell
                        Xmax: unit cell

                        Ymin: unit cell
                        Ymax: unit cell

                        Zmin: expanded open
                        Zmax: expanded open

                      ------------------------------------------------------------------------------
2025-06-14 17:57:39   Order settings: 

                        Solver order   : 2nd (constant)
                        Curved elements: up to order 3 (automatic)

                      ------------------------------------------------------------------------------
2025-06-14 17:57:39   An iterative solver will be used first.

                      ------------------------------------------------------------------------------
2025-06-14 17:57:39     Mesh time                :	2 s


                      ------------------------------------------------------------------------------
2025-06-14 17:57:39   
                      ================================================================================
                      Frequency Domain Solver calculation cycle started

                      ------------------------------------------------------------------------------
2025-06-14 17:57:39   Solver started at: 2025-06-14 17:57:39 +0800

                        Module:  Frequency Domain: S-Parameter (Win 64)
                        Version: 2024.1 Release from 2023-10-16 (change 1181985)

                      ------------------------------------------------------------------------------
2025-06-14 17:57:39   The low frequency stabilization is not applied to periodic problems.

                      ------------------------------------------------------------------------------
2025-06-14 17:57:39     Calculation 1 of 1 (Frequency: 32 GHz, Theta: 0, Phi: 0)


                      ------------------------------------------------------------------------------
2025-06-14 17:57:39   The wavelength based mesh refinement has been applied to 5.1% of all mesh edges.

                      ------------------------------------------------------------------------------
2025-06-14 17:57:40   For some elements the curvature had to be reduced to maintain the quality of the mesh. More...

                      ------------------------------------------------------------------------------
2025-06-14 17:57:40   Adaptive mesh refinement pass 1

                      ------------------------------------------------------------------------------
2025-06-14 17:57:47   *** Warning ***

2025-06-14 17:57:47   Detected possible stagnation of the iterative solver (4.870388e-02 after 250 iterations.)
                      Please consider aborting the solver run, and check your simulation setup.  More...

                      ------------------------------------------------------------------------------
2025-06-14 17:57:52   *** Warning ***

2025-06-14 17:57:52   The solver stopped because the maximum number of iterations (500, used for automatic solver choice) has been reached.

                      ------------------------------------------------------------------------------
2025-06-14 17:57:52   Solving again, but with the direct solver. Please consider forcing the direct solver in the solver special settings, and
                      check your simulation setup (for instance source and material definitions.)

                      ------------------------------------------------------------------------------
2025-06-14 17:57:53     Matrix setup time        :	0 s
                        Degrees of freedom       :	35406
                        Number of mesh cells     :	5390

                        Stimulation port         :	Zmin
                        Mode number              :	1
                        Accuracy                 :	9.34171e-14
                        Iterations               :	1
                        Solver time              :	0 s


                      ------------------------------------------------------------------------------
2025-06-14 17:57:53   27% of all mesh edges seem to be longer than expected. The adaptive mesh refinement's growth limitation will therefore 
                      use 14154 instead of 3572 mesh cells as a reference.

                      ------------------------------------------------------------------------------
2025-06-14 17:57:53   The wavelength based mesh refinement has been applied to 0.3% of all mesh edges.

                      ------------------------------------------------------------------------------
2025-06-14 17:57:54   For some elements the curvature had to be reduced to maintain the quality of the mesh. More...

                      ------------------------------------------------------------------------------
2025-06-14 17:57:54   Adaptive mesh refinement pass 2

                      ------------------------------------------------------------------------------
2025-06-14 17:57:57     Matrix setup time        :	0 s
                        Solver setup             :	1 s
                        Degrees of freedom       :	70032
                        Number of mesh cells     :	10830

                        Stimulation port         :	Zmin
                        Mode number              :	1
                        Accuracy                 :	5.28189e-14
                        Iterations               :	1
                        Solver time              :	0 s


                      ------------------------------------------------------------------------------
2025-06-14 17:57:57     Delta calculation        
2025-06-14 17:57:57     All S-Parameters         :	0.0482918
2025-06-14 17:57:57   

                      ------------------------------------------------------------------------------
2025-06-14 17:57:58   Adaptive mesh refinement pass 3

                      ------------------------------------------------------------------------------
2025-06-14 17:58:03     Matrix setup time        :	0 s
                        Solver setup             :	4 s
                        Degrees of freedom       :	118328
                        Number of mesh cells     :	18399

                        Stimulation port         :	Zmin
                        Mode number              :	1
                        Accuracy                 :	3.44569e-14
                        Iterations               :	1
                        Solver time              :	0 s


                      ------------------------------------------------------------------------------
2025-06-14 17:58:03     Delta calculation        
2025-06-14 17:58:03     All S-Parameters         :	0.0200906
2025-06-14 17:58:03   

                      ------------------------------------------------------------------------------
2025-06-14 17:58:04   For some elements the curvature had to be reduced to maintain the quality of the mesh. More...

                      ------------------------------------------------------------------------------
2025-06-14 17:58:05   Adaptive mesh refinement pass 4

                      ------------------------------------------------------------------------------
2025-06-14 17:58:14     Matrix setup time        :	0 s
                        Solver setup             :	8 s
                        Degrees of freedom       :	194884
                        Number of mesh cells     :	30345

                        Stimulation port         :	Zmin
                        Mode number              :	1
                        Accuracy                 :	2.40134e-14
                        Iterations               :	1
                        Solver time              :	0 s


                      ------------------------------------------------------------------------------
2025-06-14 17:58:14     Delta calculation        
2025-06-14 17:58:14     All S-Parameters         :	0.0157002
2025-06-14 17:58:14   

                      ------------------------------------------------------------------------------
2025-06-14 17:58:14   Mesh adaptation terminated because the desired accuracy limit is reached.

                      ------------------------------------------------------------------------------
2025-06-14 17:58:14   *** Warning ***

2025-06-14 17:58:14   At least one propagating Floquet mode is not considered at port Zmin. Please increase the number of modes at this port. 
                      More...

                      ------------------------------------------------------------------------------
2025-06-14 17:58:14   *** Warning ***

2025-06-14 17:58:14   At least one propagating Floquet mode is not considered at port Zmax. Please increase the number of modes at this port. 
                      More...

                      ------------------------------------------------------------------------------
2025-06-14 17:58:14     Total time               :	35 s

                      ------------------------------------------------------------------------------
2025-06-14 17:58:14   

                      ------------------------------------------------------------------------------
2025-06-14 17:58:15     Calculation 2 (Frequency: 20 GHz, Theta: 0, Phi: 0)


                      ------------------------------------------------------------------------------
2025-06-14 17:58:22     Matrix setup time        :	0 s
                        Solver setup             :	7 s
                        Degrees of freedom       :	194884
                        Number of mesh cells     :	30345

                        Stimulation port         :	Zmin
                        Mode number              :	1
                        Accuracy                 :	3.08899e-14
                        Iterations               :	1
                        Solver time              :	0 s


                      ------------------------------------------------------------------------------
2025-06-14 17:58:22     Total time               :	7 s

                      ------------------------------------------------------------------------------
2025-06-14 17:58:22   

                      ------------------------------------------------------------------------------
2025-06-14 17:58:22     Calculation 3 (Frequency: 26 GHz, Theta: 0, Phi: 0)


                      ------------------------------------------------------------------------------
2025-06-14 17:58:30     Matrix setup time        :	0 s
                        Solver setup             :	6 s
                        Degrees of freedom       :	194884
                        Number of mesh cells     :	30345

                        Stimulation port         :	Zmin
                        Mode number              :	1
                        Accuracy                 :	2.35395e-14
                        Iterations               :	1
                        Solver time              :	0 s


                      ------------------------------------------------------------------------------
2025-06-14 17:58:30     Total time               :	7 s

                      ------------------------------------------------------------------------------
2025-06-14 17:58:30   

                      ------------------------------------------------------------------------------
2025-06-14 17:58:30     Calculation 4 (Frequency: 29 GHz, Theta: 0, Phi: 0)


                      ------------------------------------------------------------------------------
2025-06-14 17:58:37     Matrix setup time        :	0 s
                        Solver setup             :	6 s
                        Degrees of freedom       :	194884
                        Number of mesh cells     :	30345

                        Stimulation port         :	Zmin
                        Mode number              :	1
                        Accuracy                 :	2.93221e-14
                        Iterations               :	1
                        Solver time              :	0 s


                      ------------------------------------------------------------------------------
2025-06-14 17:58:38     Total time               :	7 s

                      ------------------------------------------------------------------------------
2025-06-14 17:58:38   

                      ------------------------------------------------------------------------------
2025-06-14 17:58:38     Calculation 5 (Frequency: 23.12 GHz, Theta: 0, Phi: 0)


                      ------------------------------------------------------------------------------
2025-06-14 17:58:45     Matrix setup time        :	0 s
                        Solver setup             :	6 s
                        Degrees of freedom       :	194884
                        Number of mesh cells     :	30345

                        Stimulation port         :	Zmin
                        Mode number              :	1
                        Accuracy                 :	2.14098e-14
                        Iterations               :	1
                        Solver time              :	0 s


                      ------------------------------------------------------------------------------
2025-06-14 17:58:45     Total time               :	7 s

                      ------------------------------------------------------------------------------
2025-06-14 17:58:45   

                      ------------------------------------------------------------------------------
2025-06-14 17:58:45     Calculation 6 (Frequency: 27.596 GHz, Theta: 0, Phi: 0)


                      ------------------------------------------------------------------------------
2025-06-14 17:58:53     Matrix setup time        :	0 s
                        Solver setup             :	6 s
                        Degrees of freedom       :	194884
                        Number of mesh cells     :	30345

                        Stimulation port         :	Zmin
                        Mode number              :	1
                        Accuracy                 :	2.70919e-14
                        Iterations               :	1
                        Solver time              :	0 s


                      ------------------------------------------------------------------------------
2025-06-14 17:58:53     Total time               :	7 s

                      ------------------------------------------------------------------------------
2025-06-14 17:58:53   

                      ------------------------------------------------------------------------------
2025-06-14 17:58:53     Calculation 7 (Frequency: 24.332 GHz, Theta: 0, Phi: 0)


                      ------------------------------------------------------------------------------
2025-06-14 17:59:01     Matrix setup time        :	0 s
                        Solver setup             :	7 s
                        Degrees of freedom       :	194884
                        Number of mesh cells     :	30345

                        Stimulation port         :	Zmin
                        Mode number              :	1
                        Accuracy                 :	2.70233e-14
                        Iterations               :	1
                        Solver time              :	0 s


                      ------------------------------------------------------------------------------
2025-06-14 17:59:01     Total time               :	8 s

                      ------------------------------------------------------------------------------
2025-06-14 17:59:01   

                      ------------------------------------------------------------------------------
2025-06-14 17:59:01     Calculation 8 (Frequency: 28.664 GHz, Theta: 0, Phi: 0)


                      ------------------------------------------------------------------------------
2025-06-14 17:59:09     Matrix setup time        :	0 s
                        Solver setup             :	7 s
                        Degrees of freedom       :	194884
                        Number of mesh cells     :	30345

                        Stimulation port         :	Zmin
                        Mode number              :	1
                        Accuracy                 :	2.37806e-14
                        Iterations               :	1
                        Solver time              :	0 s


                      ------------------------------------------------------------------------------
2025-06-14 17:59:09     Total time               :	7 s

                      ------------------------------------------------------------------------------
2025-06-14 17:59:09   

                      ------------------------------------------------------------------------------
2025-06-14 17:59:09     Calculation 9 (Frequency: 29.648 GHz, Theta: 0, Phi: 0)


                      ------------------------------------------------------------------------------
2025-06-14 17:59:17     Matrix setup time        :	0 s
                        Solver setup             :	7 s
                        Degrees of freedom       :	194884
                        Number of mesh cells     :	30345

                        Stimulation port         :	Zmin
                        Mode number              :	1
                        Accuracy                 :	2.49443e-14
                        Iterations               :	1
                        Solver time              :	0 s


                      ------------------------------------------------------------------------------
2025-06-14 17:59:17     Total time               :	8 s

                      ------------------------------------------------------------------------------
2025-06-14 17:59:17   

                      ------------------------------------------------------------------------------
2025-06-14 17:59:17     Calculation 10 (Frequency: 28.304 GHz, Theta: 0, Phi: 0)


                      ------------------------------------------------------------------------------
2025-06-14 17:59:25     Matrix setup time        :	0 s
                        Solver setup             :	6 s
                        Degrees of freedom       :	194884
                        Number of mesh cells     :	30345

                        Stimulation port         :	Zmin
                        Mode number              :	1
                        Accuracy                 :	2.27247e-14
                        Iterations               :	1
                        Solver time              :	0 s


                      ------------------------------------------------------------------------------
2025-06-14 17:59:25     Total time               :	7 s

                      ------------------------------------------------------------------------------
2025-06-14 17:59:25   

                      ------------------------------------------------------------------------------
2025-06-14 17:59:25     Calculation 11 (Frequency: 29.324 GHz, Theta: 0, Phi: 0)


                      ------------------------------------------------------------------------------
2025-06-14 17:59:33     Matrix setup time        :	0 s
                        Solver setup             :	6 s
                        Degrees of freedom       :	194884
                        Number of mesh cells     :	30345

                        Stimulation port         :	Zmin
                        Mode number              :	1
                        Accuracy                 :	2.98317e-14
                        Iterations               :	1
                        Solver time              :	0 s


                      ------------------------------------------------------------------------------
2025-06-14 17:59:33     Total time               :	7 s

                      ------------------------------------------------------------------------------
2025-06-14 17:59:33   

                      ------------------------------------------------------------------------------
2025-06-14 17:59:33     Calculation 12 (Frequency: 30.44 GHz, Theta: 0, Phi: 0)


                      ------------------------------------------------------------------------------
2025-06-14 17:59:40     Matrix setup time        :	0 s
                        Solver setup             :	6 s
                        Degrees of freedom       :	194884
                        Number of mesh cells     :	30345

                        Stimulation port         :	Zmin
                        Mode number              :	1
                        Accuracy                 :	3.23596e-14
                        Iterations               :	1
                        Solver time              :	0 s


                      ------------------------------------------------------------------------------
2025-06-14 17:59:41     Total time               :	7 s

                      ------------------------------------------------------------------------------
2025-06-14 17:59:41   

                      ------------------------------------------------------------------------------
2025-06-14 17:59:41     Calculation 13 (Frequency: 21.368 GHz, Theta: 0, Phi: 0)


                      ------------------------------------------------------------------------------
2025-06-14 17:59:48     Matrix setup time        :	0 s
                        Solver setup             :	6 s
                        Degrees of freedom       :	194884
                        Number of mesh cells     :	30345

                        Stimulation port         :	Zmin
                        Mode number              :	1
                        Accuracy                 :	4.17308e-14
                        Iterations               :	1
                        Solver time              :	0 s


                      ------------------------------------------------------------------------------
2025-06-14 17:59:49     Total time               :	7 s

                      ------------------------------------------------------------------------------
2025-06-14 17:59:49   

                      ------------------------------------------------------------------------------
2025-06-14 17:59:49     Calculation 14 (Frequency: 31.004 GHz, Theta: 0, Phi: 0)


                      ------------------------------------------------------------------------------
2025-06-14 17:59:56     Matrix setup time        :	0 s
                        Solver setup             :	6 s
                        Degrees of freedom       :	194884
                        Number of mesh cells     :	30345

                        Stimulation port         :	Zmin
                        Mode number              :	1
                        Accuracy                 :	2.73894e-14
                        Iterations               :	1
                        Solver time              :	0 s


                      ------------------------------------------------------------------------------
2025-06-14 17:59:56     Total time               :	7 s

                      ------------------------------------------------------------------------------
2025-06-14 17:59:56   

                      ------------------------------------------------------------------------------
2025-06-14 17:59:56     Calculation 15 (Frequency: 21.56 GHz, Theta: 0, Phi: 0)


                      ------------------------------------------------------------------------------
2025-06-14 18:00:04     Matrix setup time        :	0 s
                        Solver setup             :	7 s
                        Degrees of freedom       :	194884
                        Number of mesh cells     :	30345

                        Stimulation port         :	Zmin
                        Mode number              :	1
                        Accuracy                 :	4.14656e-14
                        Iterations               :	1
                        Solver time              :	0 s


                      ------------------------------------------------------------------------------
2025-06-14 18:00:04     Total time               :	8 s

                      ------------------------------------------------------------------------------
2025-06-14 18:00:04   

                      ------------------------------------------------------------------------------
2025-06-14 18:00:04     Calculation 16 (Frequency: 21.044 GHz, Theta: 0, Phi: 0)


                      ------------------------------------------------------------------------------
2025-06-14 18:00:12     Matrix setup time        :	0 s
                        Solver setup             :	7 s
                        Degrees of freedom       :	194884
                        Number of mesh cells     :	30345

                        Stimulation port         :	Zmin
                        Mode number              :	1
                        Accuracy                 :	3.50279e-14
                        Iterations               :	1
                        Solver time              :	0 s


                      ------------------------------------------------------------------------------
2025-06-14 18:00:13     Total time               :	8 s

                      ------------------------------------------------------------------------------
2025-06-14 18:00:13   

                      ------------------------------------------------------------------------------
2025-06-14 18:00:13     Calculation 17 (Frequency: 31.46 GHz, Theta: 0, Phi: 0)


                      ------------------------------------------------------------------------------
2025-06-14 18:00:21     Matrix setup time        :	0 s
                        Solver setup             :	7 s
                        Degrees of freedom       :	194884
                        Number of mesh cells     :	30345

                        Stimulation port         :	Zmin
                        Mode number              :	1
                        Accuracy                 :	2.61051e-14
                        Iterations               :	1
                        Solver time              :	0 s


                      ------------------------------------------------------------------------------
2025-06-14 18:00:21     Total time               :	8 s

                      ------------------------------------------------------------------------------
2025-06-14 18:00:21   

                      ------------------------------------------------------------------------------
2025-06-14 18:00:21     Calculation 18 (Frequency: 30.116 GHz, Theta: 0, Phi: 0)


                      ------------------------------------------------------------------------------
2025-06-14 18:00:30     Matrix setup time        :	0 s
                        Solver setup             :	8 s
                        Degrees of freedom       :	194884
                        Number of mesh cells     :	30345

                        Stimulation port         :	Zmin
                        Mode number              :	1
                        Accuracy                 :	6.63777e-14
                        Iterations               :	1
                        Solver time              :	0 s


                      ------------------------------------------------------------------------------
2025-06-14 18:00:30     Total time               :	9 s

                      ------------------------------------------------------------------------------
2025-06-14 18:00:30   

                      ------------------------------------------------------------------------------
2025-06-14 18:00:30     Calculation 19 (Frequency: 20.324 GHz, Theta: 0, Phi: 0)


                      ------------------------------------------------------------------------------
2025-06-14 18:00:39     Matrix setup time        :	0 s
                        Solver setup             :	8 s
                        Degrees of freedom       :	194884
                        Number of mesh cells     :	30345

                        Stimulation port         :	Zmin
                        Mode number              :	1
                        Accuracy                 :	3.8709e-14
                        Iterations               :	1
                        Solver time              :	0 s


                      ------------------------------------------------------------------------------
2025-06-14 18:00:40     Total time               :	8 s

                      ------------------------------------------------------------------------------
2025-06-14 18:00:40   

                      ------------------------------------------------------------------------------
2025-06-14 18:00:40     Calculation 20 (Frequency: 22.316 GHz, Theta: 0, Phi: 0)


                      ------------------------------------------------------------------------------
2025-06-14 18:00:48     Matrix setup time        :	0 s
                        Solver setup             :	8 s
                        Degrees of freedom       :	194884
                        Number of mesh cells     :	30345

                        Stimulation port         :	Zmin
                        Mode number              :	1
                        Accuracy                 :	4.99381e-14
                        Iterations               :	1
                        Solver time              :	0 s


                      ------------------------------------------------------------------------------
2025-06-14 18:00:49     Total time               :	8 s

                      ------------------------------------------------------------------------------
2025-06-14 18:00:49   

                      ------------------------------------------------------------------------------
2025-06-14 18:00:49     Calculation 21 (Frequency: 23.492 GHz, Theta: 0, Phi: 0)


                      ------------------------------------------------------------------------------
2025-06-14 18:00:57     Matrix setup time        :	0 s
                        Solver setup             :	7 s
                        Degrees of freedom       :	194884
                        Number of mesh cells     :	30345

                        Stimulation port         :	Zmin
                        Mode number              :	1
                        Accuracy                 :	2.82159e-14
                        Iterations               :	1
                        Solver time              :	0 s


                      ------------------------------------------------------------------------------
2025-06-14 18:00:58     Total time               :	8 s

                      ------------------------------------------------------------------------------
2025-06-14 18:00:58   

                      ------------------------------------------------------------------------------
2025-06-14 18:00:58     Calculation 22 (Frequency: 22.04 GHz, Theta: 0, Phi: 0)


                      ------------------------------------------------------------------------------
2025-06-14 18:01:06     Matrix setup time        :	0 s
                        Solver setup             :	7 s
                        Degrees of freedom       :	194884
                        Number of mesh cells     :	30345

                        Stimulation port         :	Zmin
                        Mode number              :	1
                        Accuracy                 :	4.38572e-14
                        Iterations               :	1
                        Solver time              :	0 s


                      ------------------------------------------------------------------------------
2025-06-14 18:01:07     Total time               :	8 s

                      ------------------------------------------------------------------------------
2025-06-14 18:01:07   

                      ------------------------------------------------------------------------------
2025-06-14 18:01:07     Calculation 23 (Frequency: 22.556 GHz, Theta: 0, Phi: 0)


                      ------------------------------------------------------------------------------
2025-06-14 18:01:15     Matrix setup time        :	0 s
                        Solver setup             :	7 s
                        Degrees of freedom       :	194884
                        Number of mesh cells     :	30345

                        Stimulation port         :	Zmin
                        Mode number              :	1
                        Accuracy                 :	3.64941e-14
                        Iterations               :	1
                        Solver time              :	0 s


                      ------------------------------------------------------------------------------
2025-06-14 18:01:15     Total time               :	8 s

                      ------------------------------------------------------------------------------
2025-06-14 18:01:15   

                      ------------------------------------------------------------------------------
2025-06-14 18:01:15     Calculation 24 (Frequency: 26.612 GHz, Theta: 0, Phi: 0)


                      ------------------------------------------------------------------------------
2025-06-14 18:01:24     Matrix setup time        :	0 s
                        Solver setup             :	7 s
                        Degrees of freedom       :	194884
                        Number of mesh cells     :	30345

                        Stimulation port         :	Zmin
                        Mode number              :	1
                        Accuracy                 :	3.84158e-14
                        Iterations               :	1
                        Solver time              :	0 s


                      ------------------------------------------------------------------------------
2025-06-14 18:01:24     Total time               :	8 s

                      ------------------------------------------------------------------------------
2025-06-14 18:01:24   

                      ------------------------------------------------------------------------------
2025-06-14 18:01:24     Calculation 25 (Frequency: 23.828 GHz, Theta: 0, Phi: 0)


                      ------------------------------------------------------------------------------
2025-06-14 18:01:33     Matrix setup time        :	0 s
                        Solver setup             :	7 s
                        Degrees of freedom       :	194884
                        Number of mesh cells     :	30345

                        Stimulation port         :	Zmin
                        Mode number              :	1
                        Accuracy                 :	2.60458e-14
                        Iterations               :	1
                        Solver time              :	0 s


                      ------------------------------------------------------------------------------
2025-06-14 18:01:33     Total time               :	8 s

                      ------------------------------------------------------------------------------
2025-06-14 18:01:33   

                      ------------------------------------------------------------------------------
2025-06-14 18:01:33   Finished the general purpose interpolative broadband frequency sweep:
                      All broadband sweep convergence criteria have been satisfied after
                      calculating 25 frequency samples:

                        Broadband sweep error threshold value :  0.01 (All S-Parameters) 
                        Number of error criterion checks      :  2 (All S-Parameters) 
                        Minimum number of samples             :  3
                        Number of data samples, linear        :  1001

                      ------------------------------------------------------------------------------
2025-06-14 18:01:33     Number of mesh cells     :	30345
                        Degrees of freedom       :	193534
                        Total Solver Time        :	235 s	 (= 0 h, 03 m, 55 s)
                      ================================================================================



                      ------------------------------------------------------------------------------
2025-06-14 18:01:33     ----------------------------------------------------------------------------
                                            Peak memory used (kB)         Free physical memory (kB) 
                                                                          At begin     Minimum      
                        ----------------------------------------------------------------------------
                        Solver start        22256                         9016948      9015796      
                        Eq. system setup    3546532                       9017656      7910236      
                        Eq. system solve    3546532                       8973368      5504740      
                        Mesh refinement     1870372                       8671464      8512440      
                        Solver run total    3546532                       9016952      5504740      

                        Computer name       Tahsin
                        ----------------------------------------------------------------------------


                      ------------------------------------------------------------------------------
2025-06-14 18:01:33   Running postprocessing.

                      ------------------------------------------------------------------------------
2025-06-14 18:01:34   Postprocessing finished.

                      ------------------------------------------------------------------------------
