2025-04-05 13:48:21   *** Warning ***

                      Electric isotropic material [Copper (pure)] has a very high conductivity for
                      the given mesh. Depending on your configuration it may be better to use a lossy
                      metal type for this material. More...

                      ------------------------------------------------------------------------------
2025-04-05 13:48:21   In order to get an optimal performance, hyperthreading is ignored for parallel
                      computations.

                      ------------------------------------------------------------------------------
2025-04-05 13:48:24   Units settings: 

                        Dimensions: mm
                        Frequency:  GHz
                        Time:       s

                      ------------------------------------------------------------------------------
2025-04-05 13:48:24   Boundary conditions: 

                        YZsymmetry: none
                        XZsymmetry: none
                        XYsymmetry: none

                        Xmin: unit cell
                        Xmax: unit cell

                        Ymin: unit cell
                        Ymax: unit cell

                        Zmin: expanded open
                        Zmax: expanded open

                      ------------------------------------------------------------------------------
2025-04-05 13:48:24   Order settings: 

                        Solver order   : 2nd (constant)
                        Curved elements: up to order 3 (automatic)

                      ------------------------------------------------------------------------------
2025-04-05 13:48:24   An iterative solver will be used first.

                      ------------------------------------------------------------------------------
2025-04-05 13:48:24     Mesh time                :	2 s


                      ------------------------------------------------------------------------------
2025-04-05 13:48:24   
                      ================================================================================
                      Frequency Domain Solver calculation cycle started

                      ------------------------------------------------------------------------------
2025-04-05 13:48:24   Solver started at: 2025-04-05 13:48:24 +0600

                        Module:  Frequency Domain: S-Parameter (Win 64)
                        Version: 2024.1 Release from 2023-10-16 (change 1181985)

                      ------------------------------------------------------------------------------
2025-04-05 13:48:24   The low frequency stabilization is not applied to periodic problems.

                      ------------------------------------------------------------------------------
2025-04-05 13:48:24     Calculation 1 of 1 (Frequency: 32 GHz, Theta: 0, Phi: 0)


                      ------------------------------------------------------------------------------
2025-04-05 13:48:24   The wavelength based mesh refinement has been applied to 6.4% of all mesh edges.

                      ------------------------------------------------------------------------------
2025-04-05 13:48:24   For some elements the curvature had to be slightly reduced to maintain the quality of the mesh. More...

                      ------------------------------------------------------------------------------
2025-04-05 13:48:24   Adaptive mesh refinement pass 1

                      ------------------------------------------------------------------------------
2025-04-05 13:48:31   *** Warning ***

2025-04-05 13:48:31   Detected possible stagnation of the iterative solver (4.600604e-02 after 250 iterations.)
                      Please consider aborting the solver run, and check your simulation setup.  More...

                      ------------------------------------------------------------------------------
2025-04-05 13:48:38   *** Warning ***

2025-04-05 13:48:38   The solver stopped because the maximum number of iterations (500, used for automatic solver choice) has been reached.

                      ------------------------------------------------------------------------------
2025-04-05 13:48:38   Solving again, but with the direct solver. Please consider forcing the direct solver in the solver special settings, and
                      check your simulation setup (for instance source and material definitions.)

                      ------------------------------------------------------------------------------
2025-04-05 13:48:39     Matrix setup time        :	0 s
                        Degrees of freedom       :	40748
                        Number of mesh cells     :	6228

                        Stimulation port         :	Zmin
                        Mode number              :	1
                        Accuracy                 :	6.94294e-14
                        Iterations               :	1
                        Solver time              :	0 s


                      ------------------------------------------------------------------------------
2025-04-05 13:48:39   20% of all mesh edges seem to be longer than expected. The adaptive mesh refinement's growth limitation will therefore 
                      use 14024 instead of 3844 mesh cells as a reference.

                      ------------------------------------------------------------------------------
2025-04-05 13:48:39   The wavelength based mesh refinement has been applied to 0.2% of all mesh edges.

                      ------------------------------------------------------------------------------
2025-04-05 13:48:40   For some elements the curvature had to be slightly reduced to maintain the quality of the mesh. More...

                      ------------------------------------------------------------------------------
2025-04-05 13:48:40   Adaptive mesh refinement pass 2

                      ------------------------------------------------------------------------------
2025-04-05 13:48:43     Matrix setup time        :	0 s
                        Solver setup             :	2 s
                        Degrees of freedom       :	79476
                        Number of mesh cells     :	12303

                        Stimulation port         :	Zmin
                        Mode number              :	1
                        Accuracy                 :	4.3287e-14
                        Iterations               :	1
                        Solver time              :	0 s


                      ------------------------------------------------------------------------------
2025-04-05 13:48:43     Delta calculation        
2025-04-05 13:48:43     All S-Parameters         :	0.0136565
2025-04-05 13:48:43   

                      ------------------------------------------------------------------------------
2025-04-05 13:48:44   For some elements the curvature had to be slightly reduced to maintain the quality of the mesh. More...

                      ------------------------------------------------------------------------------
2025-04-05 13:48:44   Adaptive mesh refinement pass 3

                      ------------------------------------------------------------------------------
2025-04-05 13:48:49     Matrix setup time        :	0 s
                        Solver setup             :	4 s
                        Degrees of freedom       :	128266
                        Number of mesh cells     :	19941

                        Stimulation port         :	Zmin
                        Mode number              :	1
                        Accuracy                 :	3.67787e-14
                        Iterations               :	1
                        Solver time              :	0 s


                      ------------------------------------------------------------------------------
2025-04-05 13:48:49     Delta calculation        
2025-04-05 13:48:49     All S-Parameters         :	0.0117159
2025-04-05 13:48:49   

                      ------------------------------------------------------------------------------
2025-04-05 13:48:49   Mesh adaptation terminated because the desired accuracy limit is reached.

                      ------------------------------------------------------------------------------
2025-04-05 13:48:49   *** Warning ***

2025-04-05 13:48:49   At least one propagating Floquet mode is not considered at port Zmin. Please increase the number of modes at this port. 
                      More...

                      ------------------------------------------------------------------------------
2025-04-05 13:48:49   *** Warning ***

2025-04-05 13:48:49   At least one propagating Floquet mode is not considered at port Zmax. Please increase the number of modes at this port. 
                      More...

                      ------------------------------------------------------------------------------
2025-04-05 13:48:49     Total time               :	25 s

                      ------------------------------------------------------------------------------
2025-04-05 13:48:49   

                      ------------------------------------------------------------------------------
2025-04-05 13:48:49     Calculation 2 (Frequency: 20 GHz, Theta: 0, Phi: 0)


                      ------------------------------------------------------------------------------
2025-04-05 13:48:53     Matrix setup time        :	0 s
                        Solver setup             :	3 s
                        Degrees of freedom       :	128266
                        Number of mesh cells     :	19941

                        Stimulation port         :	Zmin
                        Mode number              :	1
                        Accuracy                 :	5.29871e-14
                        Iterations               :	1
                        Solver time              :	0 s


                      ------------------------------------------------------------------------------
2025-04-05 13:48:53     Total time               :	3 s

                      ------------------------------------------------------------------------------
2025-04-05 13:48:53   

                      ------------------------------------------------------------------------------
2025-04-05 13:48:53     Calculation 3 (Frequency: 26 GHz, Theta: 0, Phi: 0)


                      ------------------------------------------------------------------------------
2025-04-05 13:48:57     Matrix setup time        :	0 s
                        Solver setup             :	3 s
                        Degrees of freedom       :	128266
                        Number of mesh cells     :	19941

                        Stimulation port         :	Zmin
                        Mode number              :	1
                        Accuracy                 :	4.7509e-14
                        Iterations               :	1
                        Solver time              :	0 s


                      ------------------------------------------------------------------------------
2025-04-05 13:48:57     Total time               :	3 s

                      ------------------------------------------------------------------------------
2025-04-05 13:48:57   

                      ------------------------------------------------------------------------------
2025-04-05 13:48:57     Calculation 4 (Frequency: 29 GHz, Theta: 0, Phi: 0)


                      ------------------------------------------------------------------------------
2025-04-05 13:49:00     Matrix setup time        :	0 s
                        Solver setup             :	3 s
                        Degrees of freedom       :	128266
                        Number of mesh cells     :	19941

                        Stimulation port         :	Zmin
                        Mode number              :	1
                        Accuracy                 :	5.43905e-14
                        Iterations               :	1
                        Solver time              :	0 s


                      ------------------------------------------------------------------------------
2025-04-05 13:49:00     Total time               :	3 s

                      ------------------------------------------------------------------------------
2025-04-05 13:49:00   

                      ------------------------------------------------------------------------------
2025-04-05 13:49:01     Calculation 5 (Frequency: 23.3 GHz, Theta: 0, Phi: 0)


                      ------------------------------------------------------------------------------
2025-04-05 13:49:04     Matrix setup time        :	0 s
                        Solver setup             :	3 s
                        Degrees of freedom       :	128266
                        Number of mesh cells     :	19941

                        Stimulation port         :	Zmin
                        Mode number              :	1
                        Accuracy                 :	4.52615e-14
                        Iterations               :	1
                        Solver time              :	0 s


                      ------------------------------------------------------------------------------
2025-04-05 13:49:05     Total time               :	4 s

                      ------------------------------------------------------------------------------
2025-04-05 13:49:05   

                      ------------------------------------------------------------------------------
2025-04-05 13:49:05     Calculation 6 (Frequency: 27.092 GHz, Theta: 0, Phi: 0)


                      ------------------------------------------------------------------------------
2025-04-05 13:49:09     Matrix setup time        :	0 s
                        Solver setup             :	3 s
                        Degrees of freedom       :	128266
                        Number of mesh cells     :	19941

                        Stimulation port         :	Zmin
                        Mode number              :	1
                        Accuracy                 :	4.99105e-14
                        Iterations               :	1
                        Solver time              :	0 s


                      ------------------------------------------------------------------------------
2025-04-05 13:49:09     Total time               :	3 s

                      ------------------------------------------------------------------------------
2025-04-05 13:49:09   

                      ------------------------------------------------------------------------------
2025-04-05 13:49:09     Calculation 7 (Frequency: 24.716 GHz, Theta: 0, Phi: 0)


                      ------------------------------------------------------------------------------
2025-04-05 13:49:12     Matrix setup time        :	0 s
                        Solver setup             :	3 s
                        Degrees of freedom       :	128266
                        Number of mesh cells     :	19941

                        Stimulation port         :	Zmin
                        Mode number              :	1
                        Accuracy                 :	3.90374e-14
                        Iterations               :	1
                        Solver time              :	0 s


                      ------------------------------------------------------------------------------
2025-04-05 13:49:12     Total time               :	3 s

                      ------------------------------------------------------------------------------
2025-04-05 13:49:12   

                      ------------------------------------------------------------------------------
2025-04-05 13:49:12     Calculation 8 (Frequency: 27.5 GHz, Theta: 0, Phi: 0)


                      ------------------------------------------------------------------------------
2025-04-05 13:49:16     Matrix setup time        :	0 s
                        Solver setup             :	3 s
                        Degrees of freedom       :	128266
                        Number of mesh cells     :	19941

                        Stimulation port         :	Zmin
                        Mode number              :	1
                        Accuracy                 :	4.06427e-14
                        Iterations               :	1
                        Solver time              :	0 s


                      ------------------------------------------------------------------------------
2025-04-05 13:49:16     Total time               :	3 s

                      ------------------------------------------------------------------------------
2025-04-05 13:49:16   

                      ------------------------------------------------------------------------------
2025-04-05 13:49:16     Calculation 9 (Frequency: 25.532 GHz, Theta: 0, Phi: 0)


                      ------------------------------------------------------------------------------
2025-04-05 13:49:20     Matrix setup time        :	0 s
                        Solver setup             :	3 s
                        Degrees of freedom       :	128266
                        Number of mesh cells     :	19941

                        Stimulation port         :	Zmin
                        Mode number              :	1
                        Accuracy                 :	3.6644e-14
                        Iterations               :	1
                        Solver time              :	0 s


                      ------------------------------------------------------------------------------
2025-04-05 13:49:20     Total time               :	3 s

                      ------------------------------------------------------------------------------
2025-04-05 13:49:20   

                      ------------------------------------------------------------------------------
2025-04-05 13:49:20     Calculation 10 (Frequency: 29.852 GHz, Theta: 0, Phi: 0)


                      ------------------------------------------------------------------------------
2025-04-05 13:49:24     Matrix setup time        :	0 s
                        Solver setup             :	3 s
                        Degrees of freedom       :	128266
                        Number of mesh cells     :	19941

                        Stimulation port         :	Zmin
                        Mode number              :	1
                        Accuracy                 :	5.6562e-14
                        Iterations               :	1
                        Solver time              :	0 s


                      ------------------------------------------------------------------------------
2025-04-05 13:49:24     Total time               :	4 s

                      ------------------------------------------------------------------------------
2025-04-05 13:49:24   

                      ------------------------------------------------------------------------------
2025-04-05 13:49:24     Calculation 11 (Frequency: 25.412 GHz, Theta: 0, Phi: 0)


                      ------------------------------------------------------------------------------
2025-04-05 13:49:28     Matrix setup time        :	0 s
                        Solver setup             :	3 s
                        Degrees of freedom       :	128266
                        Number of mesh cells     :	19941

                        Stimulation port         :	Zmin
                        Mode number              :	1
                        Accuracy                 :	3.1068e-14
                        Iterations               :	1
                        Solver time              :	0 s


                      ------------------------------------------------------------------------------
2025-04-05 13:49:28     Total time               :	3 s

                      ------------------------------------------------------------------------------
2025-04-05 13:49:28   

                      ------------------------------------------------------------------------------
2025-04-05 13:49:28     Calculation 12 (Frequency: 30.476 GHz, Theta: 0, Phi: 0)


                      ------------------------------------------------------------------------------
2025-04-05 13:49:32     Matrix setup time        :	0 s
                        Solver setup             :	3 s
                        Degrees of freedom       :	128266
                        Number of mesh cells     :	19941

                        Stimulation port         :	Zmin
                        Mode number              :	1
                        Accuracy                 :	4.35835e-14
                        Iterations               :	1
                        Solver time              :	0 s


                      ------------------------------------------------------------------------------
2025-04-05 13:49:32     Total time               :	3 s

                      ------------------------------------------------------------------------------
2025-04-05 13:49:32   

                      ------------------------------------------------------------------------------
2025-04-05 13:49:32     Calculation 13 (Frequency: 29.636 GHz, Theta: 0, Phi: 0)


                      ------------------------------------------------------------------------------
2025-04-05 13:49:36     Matrix setup time        :	0 s
                        Solver setup             :	3 s
                        Degrees of freedom       :	128266
                        Number of mesh cells     :	19941

                        Stimulation port         :	Zmin
                        Mode number              :	1
                        Accuracy                 :	5.11873e-14
                        Iterations               :	1
                        Solver time              :	0 s


                      ------------------------------------------------------------------------------
2025-04-05 13:49:36     Total time               :	3 s

                      ------------------------------------------------------------------------------
2025-04-05 13:49:36   

                      ------------------------------------------------------------------------------
2025-04-05 13:49:36     Calculation 14 (Frequency: 31.088 GHz, Theta: 0, Phi: 0)


                      ------------------------------------------------------------------------------
2025-04-05 13:49:40     Matrix setup time        :	0 s
                        Solver setup             :	3 s
                        Degrees of freedom       :	128266
                        Number of mesh cells     :	19941

                        Stimulation port         :	Zmin
                        Mode number              :	1
                        Accuracy                 :	3.72205e-14
                        Iterations               :	1
                        Solver time              :	0 s


                      ------------------------------------------------------------------------------
2025-04-05 13:49:40     Total time               :	3 s

                      ------------------------------------------------------------------------------
2025-04-05 13:49:40   

                      ------------------------------------------------------------------------------
2025-04-05 13:49:40     Calculation 15 (Frequency: 29.504 GHz, Theta: 0, Phi: 0)


                      ------------------------------------------------------------------------------
2025-04-05 13:49:44     Matrix setup time        :	0 s
                        Solver setup             :	3 s
                        Degrees of freedom       :	128266
                        Number of mesh cells     :	19941

                        Stimulation port         :	Zmin
                        Mode number              :	1
                        Accuracy                 :	4.94343e-14
                        Iterations               :	1
                        Solver time              :	0 s


                      ------------------------------------------------------------------------------
2025-04-05 13:49:45     Total time               :	4 s

                      ------------------------------------------------------------------------------
2025-04-05 13:49:45   

                      ------------------------------------------------------------------------------
2025-04-05 13:49:45     Calculation 16 (Frequency: 28.232 GHz, Theta: 0, Phi: 0)


                      ------------------------------------------------------------------------------
2025-04-05 13:49:49     Matrix setup time        :	0 s
                        Solver setup             :	3 s
                        Degrees of freedom       :	128266
                        Number of mesh cells     :	19941

                        Stimulation port         :	Zmin
                        Mode number              :	1
                        Accuracy                 :	4.86806e-14
                        Iterations               :	1
                        Solver time              :	0 s


                      ------------------------------------------------------------------------------
2025-04-05 13:49:49     Total time               :	4 s

                      ------------------------------------------------------------------------------
2025-04-05 13:49:49   

                      ------------------------------------------------------------------------------
2025-04-05 13:49:49     Calculation 17 (Frequency: 20.996 GHz, Theta: 0, Phi: 0)


                      ------------------------------------------------------------------------------
2025-04-05 13:49:53     Matrix setup time        :	0 s
                        Solver setup             :	3 s
                        Degrees of freedom       :	128266
                        Number of mesh cells     :	19941

                        Stimulation port         :	Zmin
                        Mode number              :	1
                        Accuracy                 :	5.68276e-14
                        Iterations               :	1
                        Solver time              :	0 s


                      ------------------------------------------------------------------------------
2025-04-05 13:49:53     Total time               :	4 s

                      ------------------------------------------------------------------------------
2025-04-05 13:49:53   

                      ------------------------------------------------------------------------------
2025-04-05 13:49:53     Calculation 18 (Frequency: 28.028 GHz, Theta: 0, Phi: 0)


                      ------------------------------------------------------------------------------
2025-04-05 13:49:57     Matrix setup time        :	0 s
                        Solver setup             :	3 s
                        Degrees of freedom       :	128266
                        Number of mesh cells     :	19941

                        Stimulation port         :	Zmin
                        Mode number              :	1
                        Accuracy                 :	4.64834e-14
                        Iterations               :	1
                        Solver time              :	0 s


                      ------------------------------------------------------------------------------
2025-04-05 13:49:57     Total time               :	4 s

                      ------------------------------------------------------------------------------
2025-04-05 13:49:57   

                      ------------------------------------------------------------------------------
2025-04-05 13:49:57     Calculation 19 (Frequency: 20.876 GHz, Theta: 0, Phi: 0)


                      ------------------------------------------------------------------------------
2025-04-05 13:50:01     Matrix setup time        :	0 s
                        Solver setup             :	3 s
                        Degrees of freedom       :	128266
                        Number of mesh cells     :	19941

                        Stimulation port         :	Zmin
                        Mode number              :	1
                        Accuracy                 :	5.0285e-14
                        Iterations               :	1
                        Solver time              :	0 s


                      ------------------------------------------------------------------------------
2025-04-05 13:50:01     Total time               :	3 s

                      ------------------------------------------------------------------------------
2025-04-05 13:50:01   

                      ------------------------------------------------------------------------------
2025-04-05 13:50:01     Calculation 20 (Frequency: 21.896 GHz, Theta: 0, Phi: 0)


                      ------------------------------------------------------------------------------
2025-04-05 13:50:05     Matrix setup time        :	0 s
                        Solver setup             :	3 s
                        Degrees of freedom       :	128266
                        Number of mesh cells     :	19941

                        Stimulation port         :	Zmin
                        Mode number              :	1
                        Accuracy                 :	6.08809e-14
                        Iterations               :	1
                        Solver time              :	0 s


                      ------------------------------------------------------------------------------
2025-04-05 13:50:05     Total time               :	3 s

                      ------------------------------------------------------------------------------
2025-04-05 13:50:05   

                      ------------------------------------------------------------------------------
2025-04-05 13:50:05     Calculation 21 (Frequency: 28.532 GHz, Theta: 0, Phi: 0)


                      ------------------------------------------------------------------------------
2025-04-05 13:50:09     Matrix setup time        :	0 s
                        Solver setup             :	3 s
                        Degrees of freedom       :	128266
                        Number of mesh cells     :	19941

                        Stimulation port         :	Zmin
                        Mode number              :	1
                        Accuracy                 :	4.68635e-14
                        Iterations               :	1
                        Solver time              :	0 s


                      ------------------------------------------------------------------------------
2025-04-05 13:50:10     Total time               :	4 s

                      ------------------------------------------------------------------------------
2025-04-05 13:50:10   

                      ------------------------------------------------------------------------------
2025-04-05 13:50:10     Calculation 22 (Frequency: 22.556 GHz, Theta: 0, Phi: 0)


                      ------------------------------------------------------------------------------
2025-04-05 13:50:14     Matrix setup time        :	0 s
                        Solver setup             :	3 s
                        Degrees of freedom       :	128266
                        Number of mesh cells     :	19941

                        Stimulation port         :	Zmin
                        Mode number              :	1
                        Accuracy                 :	4.28709e-14
                        Iterations               :	1
                        Solver time              :	0 s


                      ------------------------------------------------------------------------------
2025-04-05 13:50:14     Total time               :	4 s

                      ------------------------------------------------------------------------------
2025-04-05 13:50:14   

                      ------------------------------------------------------------------------------
2025-04-05 13:50:14     Calculation 23 (Frequency: 23.588 GHz, Theta: 0, Phi: 0)


                      ------------------------------------------------------------------------------
2025-04-05 13:50:18     Matrix setup time        :	0 s
                        Solver setup             :	3 s
                        Degrees of freedom       :	128266
                        Number of mesh cells     :	19941

                        Stimulation port         :	Zmin
                        Mode number              :	1
                        Accuracy                 :	4.38058e-14
                        Iterations               :	1
                        Solver time              :	0 s


                      ------------------------------------------------------------------------------
2025-04-05 13:50:18     Total time               :	4 s

                      ------------------------------------------------------------------------------
2025-04-05 13:50:18   

                      ------------------------------------------------------------------------------
2025-04-05 13:50:18     Calculation 24 (Frequency: 23.096 GHz, Theta: 0, Phi: 0)


                      ------------------------------------------------------------------------------
2025-04-05 13:50:22     Matrix setup time        :	0 s
                        Solver setup             :	3 s
                        Degrees of freedom       :	128266
                        Number of mesh cells     :	19941

                        Stimulation port         :	Zmin
                        Mode number              :	1
                        Accuracy                 :	3.86713e-14
                        Iterations               :	1
                        Solver time              :	0 s


                      ------------------------------------------------------------------------------
2025-04-05 13:50:22     Total time               :	4 s

                      ------------------------------------------------------------------------------
2025-04-05 13:50:22   

                      ------------------------------------------------------------------------------
2025-04-05 13:50:23     Calculation 25 (Frequency: 22.088 GHz, Theta: 0, Phi: 0)


                      ------------------------------------------------------------------------------
2025-04-05 13:50:27     Matrix setup time        :	0 s
                        Solver setup             :	3 s
                        Degrees of freedom       :	128266
                        Number of mesh cells     :	19941

                        Stimulation port         :	Zmin
                        Mode number              :	1
                        Accuracy                 :	5.58102e-14
                        Iterations               :	1
                        Solver time              :	0 s


                      ------------------------------------------------------------------------------
2025-04-05 13:50:27     Total time               :	4 s

                      ------------------------------------------------------------------------------
2025-04-05 13:50:27   

                      ------------------------------------------------------------------------------
2025-04-05 13:50:27     Calculation 26 (Frequency: 21.548 GHz, Theta: 0, Phi: 0)


                      ------------------------------------------------------------------------------
2025-04-05 13:50:31     Matrix setup time        :	0 s
                        Solver setup             :	3 s
                        Degrees of freedom       :	128266
                        Number of mesh cells     :	19941

                        Stimulation port         :	Zmin
                        Mode number              :	1
                        Accuracy                 :	8.03067e-14
                        Iterations               :	1
                        Solver time              :	0 s


                      ------------------------------------------------------------------------------
2025-04-05 13:50:31     Total time               :	4 s

                      ------------------------------------------------------------------------------
2025-04-05 13:50:31   

                      ------------------------------------------------------------------------------
2025-04-05 13:50:31     Calculation 27 (Frequency: 24.188 GHz, Theta: 0, Phi: 0)


                      ------------------------------------------------------------------------------
2025-04-05 13:50:35     Matrix setup time        :	0 s
                        Solver setup             :	3 s
                        Degrees of freedom       :	128266
                        Number of mesh cells     :	19941

                        Stimulation port         :	Zmin
                        Mode number              :	1
                        Accuracy                 :	3.45815e-14
                        Iterations               :	1
                        Solver time              :	0 s


                      ------------------------------------------------------------------------------
2025-04-05 13:50:36     Total time               :	4 s

                      ------------------------------------------------------------------------------
2025-04-05 13:50:36   

                      ------------------------------------------------------------------------------
2025-04-05 13:50:36     Calculation 28 (Frequency: 26.408 GHz, Theta: 0, Phi: 0)


                      ------------------------------------------------------------------------------
2025-04-05 13:50:40     Matrix setup time        :	0 s
                        Solver setup             :	3 s
                        Degrees of freedom       :	128266
                        Number of mesh cells     :	19941

                        Stimulation port         :	Zmin
                        Mode number              :	1
                        Accuracy                 :	4.03592e-14
                        Iterations               :	1
                        Solver time              :	0 s


                      ------------------------------------------------------------------------------
2025-04-05 13:50:40     Total time               :	4 s

                      ------------------------------------------------------------------------------
2025-04-05 13:50:40   

                      ------------------------------------------------------------------------------
2025-04-05 13:50:40     Calculation 29 (Frequency: 27.272 GHz, Theta: 0, Phi: 0)


                      ------------------------------------------------------------------------------
2025-04-05 13:50:44     Matrix setup time        :	0 s
                        Solver setup             :	3 s
                        Degrees of freedom       :	128266
                        Number of mesh cells     :	19941

                        Stimulation port         :	Zmin
                        Mode number              :	1
                        Accuracy                 :	4.05168e-14
                        Iterations               :	1
                        Solver time              :	0 s


                      ------------------------------------------------------------------------------
2025-04-05 13:50:44     Total time               :	4 s

                      ------------------------------------------------------------------------------
2025-04-05 13:50:44   

                      ------------------------------------------------------------------------------
2025-04-05 13:50:44   Finished the general purpose interpolative broadband frequency sweep:
                      All broadband sweep convergence criteria have been satisfied after
                      calculating 29 frequency samples:

                        Broadband sweep error threshold value :  0.01 (All S-Parameters) 
                        Number of error criterion checks      :  2 (All S-Parameters) 
                        Minimum number of samples             :  3
                        Number of data samples, linear        :  1001

                      ------------------------------------------------------------------------------
2025-04-05 13:50:44     Number of mesh cells     :	19941
                        Degrees of freedom       :	127226
                        Total Solver Time        :	141 s	 (= 0 h, 02 m, 21 s)
                      ================================================================================



                      ------------------------------------------------------------------------------
2025-04-05 13:50:44     ----------------------------------------------------------------------------
                                            Peak memory used (kB)         Free physical memory (kB) 
                                                                          At begin     Minimum      
                        ----------------------------------------------------------------------------
                        Solver start        21712                         7710580      7709744      
                        Eq. system setup    2265628                       7691160      6922732      
                        Eq. system solve    2265660                       7642524      5485152      
                        Mesh refinement     1479300                       7535656      7182704      
                        Solver run total    2265660                       7710584      5485152      

                        Computer name       Tahsin
                        ----------------------------------------------------------------------------


                      ------------------------------------------------------------------------------
2025-04-05 13:50:44   Running postprocessing.

                      ------------------------------------------------------------------------------
2025-04-05 13:50:45   Postprocessing finished.

                      ------------------------------------------------------------------------------
