2025-04-05 13:51:46   *** Warning ***

                      Electric isotropic material [Copper (pure)] has a very high conductivity for
                      the given mesh. Depending on your configuration it may be better to use a lossy
                      metal type for this material. More...

                      ------------------------------------------------------------------------------
2025-04-05 13:51:46   In order to get an optimal performance, hyperthreading is ignored for parallel
                      computations.

                      ------------------------------------------------------------------------------
2025-04-05 13:51:48   Units settings: 

                        Dimensions: mm
                        Frequency:  GHz
                        Time:       s

                      ------------------------------------------------------------------------------
2025-04-05 13:51:48   Boundary conditions: 

                        YZsymmetry: none
                        XZsymmetry: none
                        XYsymmetry: none

                        Xmin: unit cell
                        Xmax: unit cell

                        Ymin: unit cell
                        Ymax: unit cell

                        Zmin: expanded open
                        Zmax: expanded open

                      ------------------------------------------------------------------------------
2025-04-05 13:51:48   Order settings: 

                        Solver order   : 2nd (constant)
                        Curved elements: up to order 3 (automatic)

                      ------------------------------------------------------------------------------
2025-04-05 13:51:48   An iterative solver will be used first.

                      ------------------------------------------------------------------------------
2025-04-05 13:51:48     Mesh time                :	1 s


                      ------------------------------------------------------------------------------
2025-04-05 13:51:48   
                      ================================================================================
                      Frequency Domain Solver calculation cycle started

                      ------------------------------------------------------------------------------
2025-04-05 13:51:48   Solver started at: 2025-04-05 13:51:48 +0600

                        Module:  Frequency Domain: S-Parameter (Win 64)
                        Version: 2024.1 Release from 2023-10-16 (change 1181985)

                      ------------------------------------------------------------------------------
2025-04-05 13:51:48   The low frequency stabilization is not applied to periodic problems.

                      ------------------------------------------------------------------------------
2025-04-05 13:51:48     Calculation 1 of 1 (Frequency: 32 GHz, Theta: 0, Phi: 0)


                      ------------------------------------------------------------------------------
2025-04-05 13:51:48   The wavelength based mesh refinement has been applied to 6.2% of all mesh edges.

                      ------------------------------------------------------------------------------
2025-04-05 13:51:49   For some elements the curvature had to be reduced to maintain the quality of the mesh. More...

                      ------------------------------------------------------------------------------
2025-04-05 13:51:49   Adaptive mesh refinement pass 1

                      ------------------------------------------------------------------------------
2025-04-05 13:51:55   *** Warning ***

2025-04-05 13:51:55   Detected possible stagnation of the iterative solver (5.274000e-02 after 250 iterations.)
                      Please consider aborting the solver run, and check your simulation setup.  More...

                      ------------------------------------------------------------------------------
2025-04-05 13:52:02   *** Warning ***

2025-04-05 13:52:02   The solver stopped because the maximum number of iterations (500, used for automatic solver choice) has been reached.

                      ------------------------------------------------------------------------------
2025-04-05 13:52:02   Solving again, but with the direct solver. Please consider forcing the direct solver in the solver special settings, and
                      check your simulation setup (for instance source and material definitions.)

                      ------------------------------------------------------------------------------
2025-04-05 13:52:03     Matrix setup time        :	0 s
                        Degrees of freedom       :	40928
                        Number of mesh cells     :	6257

                        Stimulation port         :	Zmin
                        Mode number              :	1
                        Accuracy                 :	6.7461e-14
                        Iterations               :	1
                        Solver time              :	0 s


                      ------------------------------------------------------------------------------
2025-04-05 13:52:03   20% of all mesh edges seem to be longer than expected. The adaptive mesh refinement's growth limitation will therefore 
                      use 14049 instead of 3940 mesh cells as a reference.

                      ------------------------------------------------------------------------------
2025-04-05 13:52:03   The wavelength based mesh refinement has been applied to 0.1% of all mesh edges.

                      ------------------------------------------------------------------------------
2025-04-05 13:52:04   For some elements the curvature had to be reduced to maintain the quality of the mesh. More...

                      ------------------------------------------------------------------------------
2025-04-05 13:52:04   Adaptive mesh refinement pass 2

                      ------------------------------------------------------------------------------
2025-04-05 13:52:07     Matrix setup time        :	0 s
                        Solver setup             :	2 s
                        Degrees of freedom       :	82522
                        Number of mesh cells     :	12778

                        Stimulation port         :	Zmin
                        Mode number              :	1
                        Accuracy                 :	4.37374e-14
                        Iterations               :	1
                        Solver time              :	0 s


                      ------------------------------------------------------------------------------
2025-04-05 13:52:07     Delta calculation        
2025-04-05 13:52:07     All S-Parameters         :	0.0210337
2025-04-05 13:52:07   

                      ------------------------------------------------------------------------------
2025-04-05 13:52:08   For some elements the curvature had to be reduced to maintain the quality of the mesh. More...

                      ------------------------------------------------------------------------------
2025-04-05 13:52:08   Adaptive mesh refinement pass 3

                      ------------------------------------------------------------------------------
2025-04-05 13:52:14     Matrix setup time        :	0 s
                        Solver setup             :	4 s
                        Degrees of freedom       :	142704
                        Number of mesh cells     :	22189

                        Stimulation port         :	Zmin
                        Mode number              :	1
                        Accuracy                 :	2.93114e-14
                        Iterations               :	1
                        Solver time              :	0 s


                      ------------------------------------------------------------------------------
2025-04-05 13:52:14     Delta calculation        
2025-04-05 13:52:14     All S-Parameters         :	0.0149902
2025-04-05 13:52:14   

                      ------------------------------------------------------------------------------
2025-04-05 13:52:14   Mesh adaptation terminated because the desired accuracy limit is reached.

                      ------------------------------------------------------------------------------
2025-04-05 13:52:14   *** Warning ***

2025-04-05 13:52:14   At least one propagating Floquet mode is not considered at port Zmin. Please increase the number of modes at this port. 
                      More...

                      ------------------------------------------------------------------------------
2025-04-05 13:52:14   *** Warning ***

2025-04-05 13:52:14   At least one propagating Floquet mode is not considered at port Zmax. Please increase the number of modes at this port. 
                      More...

                      ------------------------------------------------------------------------------
2025-04-05 13:52:14     Total time               :	26 s

                      ------------------------------------------------------------------------------
2025-04-05 13:52:14   

                      ------------------------------------------------------------------------------
2025-04-05 13:52:14     Calculation 2 (Frequency: 20 GHz, Theta: 0, Phi: 0)


                      ------------------------------------------------------------------------------
2025-04-05 13:52:18     Matrix setup time        :	0 s
                        Solver setup             :	3 s
                        Degrees of freedom       :	142704
                        Number of mesh cells     :	22189

                        Stimulation port         :	Zmin
                        Mode number              :	1
                        Accuracy                 :	4.60556e-14
                        Iterations               :	1
                        Solver time              :	0 s


                      ------------------------------------------------------------------------------
2025-04-05 13:52:19     Total time               :	4 s

                      ------------------------------------------------------------------------------
2025-04-05 13:52:19   

                      ------------------------------------------------------------------------------
2025-04-05 13:52:19     Calculation 3 (Frequency: 26 GHz, Theta: 0, Phi: 0)


                      ------------------------------------------------------------------------------
2025-04-05 13:52:23     Matrix setup time        :	0 s
                        Solver setup             :	3 s
                        Degrees of freedom       :	142704
                        Number of mesh cells     :	22189

                        Stimulation port         :	Zmin
                        Mode number              :	1
                        Accuracy                 :	7.24696e-14
                        Iterations               :	1
                        Solver time              :	0 s


                      ------------------------------------------------------------------------------
2025-04-05 13:52:23     Total time               :	4 s

                      ------------------------------------------------------------------------------
2025-04-05 13:52:23   

                      ------------------------------------------------------------------------------
2025-04-05 13:52:23     Calculation 4 (Frequency: 29 GHz, Theta: 0, Phi: 0)


                      ------------------------------------------------------------------------------
2025-04-05 13:52:27     Matrix setup time        :	0 s
                        Solver setup             :	3 s
                        Degrees of freedom       :	142704
                        Number of mesh cells     :	22189

                        Stimulation port         :	Zmin
                        Mode number              :	1
                        Accuracy                 :	5.19312e-14
                        Iterations               :	1
                        Solver time              :	0 s


                      ------------------------------------------------------------------------------
2025-04-05 13:52:27     Total time               :	4 s

                      ------------------------------------------------------------------------------
2025-04-05 13:52:27   

                      ------------------------------------------------------------------------------
2025-04-05 13:52:27     Calculation 5 (Frequency: 23.324 GHz, Theta: 0, Phi: 0)


                      ------------------------------------------------------------------------------
2025-04-05 13:52:31     Matrix setup time        :	0 s
                        Solver setup             :	3 s
                        Degrees of freedom       :	142704
                        Number of mesh cells     :	22189

                        Stimulation port         :	Zmin
                        Mode number              :	1
                        Accuracy                 :	3.61735e-14
                        Iterations               :	1
                        Solver time              :	0 s


                      ------------------------------------------------------------------------------
2025-04-05 13:52:31     Total time               :	4 s

                      ------------------------------------------------------------------------------
2025-04-05 13:52:31   

                      ------------------------------------------------------------------------------
2025-04-05 13:52:31     Calculation 6 (Frequency: 27.14 GHz, Theta: 0, Phi: 0)


                      ------------------------------------------------------------------------------
2025-04-05 13:52:35     Matrix setup time        :	0 s
                        Solver setup             :	3 s
                        Degrees of freedom       :	142704
                        Number of mesh cells     :	22189

                        Stimulation port         :	Zmin
                        Mode number              :	1
                        Accuracy                 :	3.27861e-14
                        Iterations               :	1
                        Solver time              :	0 s


                      ------------------------------------------------------------------------------
2025-04-05 13:52:36     Total time               :	4 s

                      ------------------------------------------------------------------------------
2025-04-05 13:52:36   

                      ------------------------------------------------------------------------------
2025-04-05 13:52:36     Calculation 7 (Frequency: 24.608 GHz, Theta: 0, Phi: 0)


                      ------------------------------------------------------------------------------
2025-04-05 13:52:40     Matrix setup time        :	0 s
                        Solver setup             :	3 s
                        Degrees of freedom       :	142704
                        Number of mesh cells     :	22189

                        Stimulation port         :	Zmin
                        Mode number              :	1
                        Accuracy                 :	2.89268e-14
                        Iterations               :	1
                        Solver time              :	0 s


                      ------------------------------------------------------------------------------
2025-04-05 13:52:40     Total time               :	4 s

                      ------------------------------------------------------------------------------
2025-04-05 13:52:40   

                      ------------------------------------------------------------------------------
2025-04-05 13:52:40     Calculation 8 (Frequency: 27.632 GHz, Theta: 0, Phi: 0)


                      ------------------------------------------------------------------------------
2025-04-05 13:52:44     Matrix setup time        :	0 s
                        Solver setup             :	3 s
                        Degrees of freedom       :	142704
                        Number of mesh cells     :	22189

                        Stimulation port         :	Zmin
                        Mode number              :	1
                        Accuracy                 :	4.89525e-14
                        Iterations               :	1
                        Solver time              :	0 s


                      ------------------------------------------------------------------------------
2025-04-05 13:52:44     Total time               :	4 s

                      ------------------------------------------------------------------------------
2025-04-05 13:52:44   

                      ------------------------------------------------------------------------------
2025-04-05 13:52:44     Calculation 9 (Frequency: 25.4 GHz, Theta: 0, Phi: 0)


                      ------------------------------------------------------------------------------
2025-04-05 13:52:48     Matrix setup time        :	0 s
                        Solver setup             :	3 s
                        Degrees of freedom       :	142704
                        Number of mesh cells     :	22189

                        Stimulation port         :	Zmin
                        Mode number              :	1
                        Accuracy                 :	2.59642e-14
                        Iterations               :	1
                        Solver time              :	0 s


                      ------------------------------------------------------------------------------
2025-04-05 13:52:48     Total time               :	4 s

                      ------------------------------------------------------------------------------
2025-04-05 13:52:48   

                      ------------------------------------------------------------------------------
2025-04-05 13:52:48     Calculation 10 (Frequency: 26.252 GHz, Theta: 0, Phi: 0)


                      ------------------------------------------------------------------------------
2025-04-05 13:52:53     Matrix setup time        :	0 s
                        Solver setup             :	3 s
                        Degrees of freedom       :	142704
                        Number of mesh cells     :	22189

                        Stimulation port         :	Zmin
                        Mode number              :	1
                        Accuracy                 :	5.06424e-14
                        Iterations               :	1
                        Solver time              :	0 s


                      ------------------------------------------------------------------------------
2025-04-05 13:52:53     Total time               :	4 s

                      ------------------------------------------------------------------------------
2025-04-05 13:52:53   

                      ------------------------------------------------------------------------------
2025-04-05 13:52:53     Calculation 11 (Frequency: 27.416 GHz, Theta: 0, Phi: 0)


                      ------------------------------------------------------------------------------
2025-04-05 13:52:57     Matrix setup time        :	0 s
                        Solver setup             :	3 s
                        Degrees of freedom       :	142704
                        Number of mesh cells     :	22189

                        Stimulation port         :	Zmin
                        Mode number              :	1
                        Accuracy                 :	4.38281e-14
                        Iterations               :	1
                        Solver time              :	0 s


                      ------------------------------------------------------------------------------
2025-04-05 13:52:57     Total time               :	4 s

                      ------------------------------------------------------------------------------
2025-04-05 13:52:57   

                      ------------------------------------------------------------------------------
2025-04-05 13:52:57     Calculation 12 (Frequency: 27.92 GHz, Theta: 0, Phi: 0)


                      ------------------------------------------------------------------------------
2025-04-05 13:53:01     Matrix setup time        :	0 s
                        Solver setup             :	3 s
                        Degrees of freedom       :	142704
                        Number of mesh cells     :	22189

                        Stimulation port         :	Zmin
                        Mode number              :	1
                        Accuracy                 :	5.84349e-14
                        Iterations               :	1
                        Solver time              :	0 s


                      ------------------------------------------------------------------------------
2025-04-05 13:53:02     Total time               :	4 s

                      ------------------------------------------------------------------------------
2025-04-05 13:53:02   

                      ------------------------------------------------------------------------------
2025-04-05 13:53:02     Calculation 13 (Frequency: 26.6 GHz, Theta: 0, Phi: 0)


                      ------------------------------------------------------------------------------
2025-04-05 13:53:06     Matrix setup time        :	0 s
                        Solver setup             :	3 s
                        Degrees of freedom       :	142704
                        Number of mesh cells     :	22189

                        Stimulation port         :	Zmin
                        Mode number              :	1
                        Accuracy                 :	3.70924e-14
                        Iterations               :	1
                        Solver time              :	0 s


                      ------------------------------------------------------------------------------
2025-04-05 13:53:06     Total time               :	4 s

                      ------------------------------------------------------------------------------
2025-04-05 13:53:06   

                      ------------------------------------------------------------------------------
2025-04-05 13:53:06     Calculation 14 (Frequency: 28.196 GHz, Theta: 0, Phi: 0)


                      ------------------------------------------------------------------------------
2025-04-05 13:53:10     Matrix setup time        :	0 s
                        Solver setup             :	3 s
                        Degrees of freedom       :	142704
                        Number of mesh cells     :	22189

                        Stimulation port         :	Zmin
                        Mode number              :	1
                        Accuracy                 :	4.5612e-14
                        Iterations               :	1
                        Solver time              :	0 s


                      ------------------------------------------------------------------------------
2025-04-05 13:53:10     Total time               :	4 s

                      ------------------------------------------------------------------------------
2025-04-05 13:53:10   

                      ------------------------------------------------------------------------------
2025-04-05 13:53:10     Calculation 15 (Frequency: 29.924 GHz, Theta: 0, Phi: 0)


                      ------------------------------------------------------------------------------
2025-04-05 13:53:15     Matrix setup time        :	0 s
                        Solver setup             :	3 s
                        Degrees of freedom       :	142704
                        Number of mesh cells     :	22189

                        Stimulation port         :	Zmin
                        Mode number              :	1
                        Accuracy                 :	5.69908e-14
                        Iterations               :	1
                        Solver time              :	0 s


                      ------------------------------------------------------------------------------
2025-04-05 13:53:15     Total time               :	4 s

                      ------------------------------------------------------------------------------
2025-04-05 13:53:15   

                      ------------------------------------------------------------------------------
2025-04-05 13:53:15     Calculation 16 (Frequency: 28.484 GHz, Theta: 0, Phi: 0)


                      ------------------------------------------------------------------------------
2025-04-05 13:53:19     Matrix setup time        :	0 s
                        Solver setup             :	3 s
                        Degrees of freedom       :	142704
                        Number of mesh cells     :	22189

                        Stimulation port         :	Zmin
                        Mode number              :	1
                        Accuracy                 :	4.00877e-14
                        Iterations               :	1
                        Solver time              :	0 s


                      ------------------------------------------------------------------------------
2025-04-05 13:53:19     Total time               :	4 s

                      ------------------------------------------------------------------------------
2025-04-05 13:53:19   

                      ------------------------------------------------------------------------------
2025-04-05 13:53:19     Calculation 17 (Frequency: 30.776 GHz, Theta: 0, Phi: 0)


                      ------------------------------------------------------------------------------
2025-04-05 13:53:24     Matrix setup time        :	0 s
                        Solver setup             :	3 s
                        Degrees of freedom       :	142704
                        Number of mesh cells     :	22189

                        Stimulation port         :	Zmin
                        Mode number              :	1
                        Accuracy                 :	3.86494e-14
                        Iterations               :	1
                        Solver time              :	0 s


                      ------------------------------------------------------------------------------
2025-04-05 13:53:24     Total time               :	4 s

                      ------------------------------------------------------------------------------
2025-04-05 13:53:24   

                      ------------------------------------------------------------------------------
2025-04-05 13:53:24     Calculation 18 (Frequency: 29.564 GHz, Theta: 0, Phi: 0)


                      ------------------------------------------------------------------------------
2025-04-05 13:53:28     Matrix setup time        :	0 s
                        Solver setup             :	3 s
                        Degrees of freedom       :	142704
                        Number of mesh cells     :	22189

                        Stimulation port         :	Zmin
                        Mode number              :	1
                        Accuracy                 :	5.29802e-14
                        Iterations               :	1
                        Solver time              :	0 s


                      ------------------------------------------------------------------------------
2025-04-05 13:53:28     Total time               :	4 s

                      ------------------------------------------------------------------------------
2025-04-05 13:53:28   

                      ------------------------------------------------------------------------------
2025-04-05 13:53:28     Calculation 19 (Frequency: 31.076 GHz, Theta: 0, Phi: 0)


                      ------------------------------------------------------------------------------
2025-04-05 13:53:33     Matrix setup time        :	0 s
                        Solver setup             :	3 s
                        Degrees of freedom       :	142704
                        Number of mesh cells     :	22189

                        Stimulation port         :	Zmin
                        Mode number              :	1
                        Accuracy                 :	3.15541e-14
                        Iterations               :	1
                        Solver time              :	0 s


                      ------------------------------------------------------------------------------
2025-04-05 13:53:33     Total time               :	4 s

                      ------------------------------------------------------------------------------
2025-04-05 13:53:33   

                      ------------------------------------------------------------------------------
2025-04-05 13:53:33     Calculation 20 (Frequency: 30.38 GHz, Theta: 0, Phi: 0)


                      ------------------------------------------------------------------------------
2025-04-05 13:53:37     Matrix setup time        :	0 s
                        Solver setup             :	3 s
                        Degrees of freedom       :	142704
                        Number of mesh cells     :	22189

                        Stimulation port         :	Zmin
                        Mode number              :	1
                        Accuracy                 :	4.11097e-14
                        Iterations               :	1
                        Solver time              :	0 s


                      ------------------------------------------------------------------------------
2025-04-05 13:53:38     Total time               :	4 s

                      ------------------------------------------------------------------------------
2025-04-05 13:53:38   

                      ------------------------------------------------------------------------------
2025-04-05 13:53:38     Calculation 21 (Frequency: 31.676 GHz, Theta: 0, Phi: 0)


                      ------------------------------------------------------------------------------
2025-04-05 13:53:42     Matrix setup time        :	0 s
                        Solver setup             :	3 s
                        Degrees of freedom       :	142704
                        Number of mesh cells     :	22189

                        Stimulation port         :	Zmin
                        Mode number              :	1
                        Accuracy                 :	2.97927e-14
                        Iterations               :	1
                        Solver time              :	0 s


                      ------------------------------------------------------------------------------
2025-04-05 13:53:42     Total time               :	4 s

                      ------------------------------------------------------------------------------
2025-04-05 13:53:42   

                      ------------------------------------------------------------------------------
2025-04-05 13:53:42   Finished the general purpose interpolative broadband frequency sweep:
                      All broadband sweep convergence criteria have been satisfied after
                      calculating 21 frequency samples:

                        Broadband sweep error threshold value :  0.01 (All S-Parameters) 
                        Number of error criterion checks      :  2 (All S-Parameters) 
                        Minimum number of samples             :  3
                        Number of data samples, linear        :  1001

                      ------------------------------------------------------------------------------
2025-04-05 13:53:42     Number of mesh cells     :	22189
                        Degrees of freedom       :	141542
                        Total Solver Time        :	114 s	 (= 0 h, 01 m, 54 s)
                      ================================================================================



                      ------------------------------------------------------------------------------
2025-04-05 13:53:42     ----------------------------------------------------------------------------
                                            Peak memory used (kB)         Free physical memory (kB) 
                                                                          At begin     Minimum      
                        ----------------------------------------------------------------------------
                        Solver start        21844                         7376704      7376116      
                        Eq. system setup    2483400                       7342360      6587044      
                        Eq. system solve    2485440                       7298044      4952200      
                        Mesh refinement     1527896                       7097936      6731556      
                        Solver run total    2485440                       7376708      4952200      

                        Computer name       Tahsin
                        ----------------------------------------------------------------------------


                      ------------------------------------------------------------------------------
2025-04-05 13:53:42   Running postprocessing.

                      ------------------------------------------------------------------------------
2025-04-05 13:53:43   Postprocessing finished.

                      ------------------------------------------------------------------------------
