2025-06-14 18:48:49   *** Warning ***

                      Electric isotropic material [Copper (pure)] has a very high conductivity for
                      the given mesh. Depending on your configuration it may be better to use a lossy
                      metal type for this material. More...

                      ------------------------------------------------------------------------------
2025-06-14 18:48:49   In order to get an optimal performance, hyperthreading is ignored for parallel
                      computations.

                      ------------------------------------------------------------------------------
2025-06-14 18:48:51   Units settings: 

                        Dimensions: mm
                        Frequency:  GHz
                        Time:       s

                      ------------------------------------------------------------------------------
2025-06-14 18:48:51   Boundary conditions: 

                        YZsymmetry: none
                        XZsymmetry: none
                        XYsymmetry: none

                        Xmin: unit cell
                        Xmax: unit cell

                        Ymin: unit cell
                        Ymax: unit cell

                        Zmin: expanded open
                        Zmax: expanded open

                      ------------------------------------------------------------------------------
2025-06-14 18:48:51   Order settings: 

                        Solver order   : 2nd (constant)
                        Curved elements: up to order 3 (automatic)

                      ------------------------------------------------------------------------------
2025-06-14 18:48:51   An iterative solver will be used first.

                      ------------------------------------------------------------------------------
2025-06-14 18:48:51     Mesh time                :	2 s


                      ------------------------------------------------------------------------------
2025-06-14 18:48:51   
                      ================================================================================
                      Frequency Domain Solver calculation cycle started

                      ------------------------------------------------------------------------------
2025-06-14 18:48:51   Solver started at: 2025-06-14 18:48:51 +0800

                        Module:  Frequency Domain: S-Parameter (Win 64)
                        Version: 2024.1 Release from 2023-10-16 (change 1181985)

                      ------------------------------------------------------------------------------
2025-06-14 18:48:51   The low frequency stabilization is not applied to periodic problems.

                      ------------------------------------------------------------------------------
2025-06-14 18:48:51     Calculation 1 of 1 (Frequency: 32 GHz, Theta: 0, Phi: 0)


                      ------------------------------------------------------------------------------
2025-06-14 18:48:51   The wavelength based mesh refinement has been applied to 4.3% of all mesh edges.

                      ------------------------------------------------------------------------------
2025-06-14 18:48:52   For some elements the curvature had to be reduced to maintain the quality of the mesh. More...

                      ------------------------------------------------------------------------------
2025-06-14 18:48:52   Adaptive mesh refinement pass 1

                      ------------------------------------------------------------------------------
2025-06-14 18:48:58   *** Warning ***

2025-06-14 18:48:58   Detected possible stagnation of the iterative solver (5.297126e-02 after 250 iterations.)
                      Please consider aborting the solver run, and check your simulation setup.  More...

                      ------------------------------------------------------------------------------
2025-06-14 18:49:04   *** Warning ***

2025-06-14 18:49:04   The solver stopped because the maximum number of iterations (500, used for automatic solver choice) has been reached.

                      ------------------------------------------------------------------------------
2025-06-14 18:49:04   Solving again, but with the direct solver. Please consider forcing the direct solver in the solver special settings, and
                      check your simulation setup (for instance source and material definitions.)

                      ------------------------------------------------------------------------------
2025-06-14 18:49:05     Matrix setup time        :	0 s
                        Degrees of freedom       :	34814
                        Number of mesh cells     :	5299

                        Stimulation port         :	Zmin
                        Mode number              :	1
                        Accuracy                 :	9.69087e-14
                        Iterations               :	1
                        Solver time              :	0 s


                      ------------------------------------------------------------------------------
2025-06-14 18:49:05   28% of all mesh edges seem to be longer than expected. The adaptive mesh refinement's growth limitation will therefore 
                      use 14267 instead of 3647 mesh cells as a reference.

                      ------------------------------------------------------------------------------
2025-06-14 18:49:05   The wavelength based mesh refinement has been applied to 0.3% of all mesh edges.

                      ------------------------------------------------------------------------------
2025-06-14 18:49:06   Adaptive mesh refinement pass 2

                      ------------------------------------------------------------------------------
2025-06-14 18:49:09     Matrix setup time        :	0 s
                        Solver setup             :	1 s
                        Degrees of freedom       :	66376
                        Number of mesh cells     :	10254

                        Stimulation port         :	Zmin
                        Mode number              :	1
                        Accuracy                 :	5.67798e-14
                        Iterations               :	1
                        Solver time              :	0 s


                      ------------------------------------------------------------------------------
2025-06-14 18:49:09     Delta calculation        
2025-06-14 18:49:09     All S-Parameters         :	0.0932439
2025-06-14 18:49:09   

                      ------------------------------------------------------------------------------
2025-06-14 18:49:10   Adaptive mesh refinement pass 3

                      ------------------------------------------------------------------------------
2025-06-14 18:49:14     Matrix setup time        :	0 s
                        Solver setup             :	3 s
                        Degrees of freedom       :	123618
                        Number of mesh cells     :	19233

                        Stimulation port         :	Zmin
                        Mode number              :	1
                        Accuracy                 :	2.86292e-14
                        Iterations               :	1
                        Solver time              :	0 s


                      ------------------------------------------------------------------------------
2025-06-14 18:49:14     Delta calculation        
2025-06-14 18:49:14     All S-Parameters         :	0.0291878
2025-06-14 18:49:14   

                      ------------------------------------------------------------------------------
2025-06-14 18:49:17   Adaptive mesh refinement pass 4

                      ------------------------------------------------------------------------------
2025-06-14 18:49:29     Matrix setup time        :	0 s
                        Solver setup             :	11 s
                        Degrees of freedom       :	208600
                        Number of mesh cells     :	32514

                        Stimulation port         :	Zmin
                        Mode number              :	1
                        Accuracy                 :	3.77069e-14
                        Iterations               :	1
                        Solver time              :	0 s


                      ------------------------------------------------------------------------------
2025-06-14 18:49:29     Delta calculation        
2025-06-14 18:49:29     All S-Parameters         :	0.0119168
2025-06-14 18:49:29   

                      ------------------------------------------------------------------------------
2025-06-14 18:49:29   Mesh adaptation terminated because the desired accuracy limit is reached.

                      ------------------------------------------------------------------------------
2025-06-14 18:49:30   *** Warning ***

2025-06-14 18:49:30   At least one propagating Floquet mode is not considered at port Zmin. Please increase the number of modes at this port. 
                      More...

                      ------------------------------------------------------------------------------
2025-06-14 18:49:30   *** Warning ***

2025-06-14 18:49:30   At least one propagating Floquet mode is not considered at port Zmax. Please increase the number of modes at this port. 
                      More...

                      ------------------------------------------------------------------------------
2025-06-14 18:49:30     Total time               :	38 s

                      ------------------------------------------------------------------------------
2025-06-14 18:49:30   

                      ------------------------------------------------------------------------------
2025-06-14 18:49:30     Calculation 2 (Frequency: 20 GHz, Theta: 0, Phi: 0)


                      ------------------------------------------------------------------------------
2025-06-14 18:49:39     Matrix setup time        :	0 s
                        Solver setup             :	9 s
                        Degrees of freedom       :	208600
                        Number of mesh cells     :	32514

                        Stimulation port         :	Zmin
                        Mode number              :	1
                        Accuracy                 :	3.45205e-14
                        Iterations               :	1
                        Solver time              :	0 s


                      ------------------------------------------------------------------------------
2025-06-14 18:49:40     Total time               :	9 s

                      ------------------------------------------------------------------------------
2025-06-14 18:49:40   

                      ------------------------------------------------------------------------------
2025-06-14 18:49:40     Calculation 3 (Frequency: 26 GHz, Theta: 0, Phi: 0)


                      ------------------------------------------------------------------------------
2025-06-14 18:49:49     Matrix setup time        :	0 s
                        Solver setup             :	9 s
                        Degrees of freedom       :	208600
                        Number of mesh cells     :	32514

                        Stimulation port         :	Zmin
                        Mode number              :	1
                        Accuracy                 :	2.72674e-14
                        Iterations               :	1
                        Solver time              :	0 s


                      ------------------------------------------------------------------------------
2025-06-14 18:49:50     Total time               :	9 s

                      ------------------------------------------------------------------------------
2025-06-14 18:49:50   

                      ------------------------------------------------------------------------------
2025-06-14 18:49:50     Calculation 4 (Frequency: 29 GHz, Theta: 0, Phi: 0)


                      ------------------------------------------------------------------------------
2025-06-14 18:50:00     Matrix setup time        :	0 s
                        Solver setup             :	9 s
                        Degrees of freedom       :	208600
                        Number of mesh cells     :	32514

                        Stimulation port         :	Zmin
                        Mode number              :	1
                        Accuracy                 :	3.57454e-14
                        Iterations               :	1
                        Solver time              :	0 s


                      ------------------------------------------------------------------------------
2025-06-14 18:50:00     Total time               :	10 s

                      ------------------------------------------------------------------------------
2025-06-14 18:50:00   

                      ------------------------------------------------------------------------------
2025-06-14 18:50:00     Calculation 5 (Frequency: 23.924 GHz, Theta: 0, Phi: 0)


                      ------------------------------------------------------------------------------
2025-06-14 18:50:09     Matrix setup time        :	0 s
                        Solver setup             :	8 s
                        Degrees of freedom       :	208600
                        Number of mesh cells     :	32514

                        Stimulation port         :	Zmin
                        Mode number              :	1
                        Accuracy                 :	2.69019e-14
                        Iterations               :	1
                        Solver time              :	0 s


                      ------------------------------------------------------------------------------
2025-06-14 18:50:10     Total time               :	9 s

                      ------------------------------------------------------------------------------
2025-06-14 18:50:10   

                      ------------------------------------------------------------------------------
2025-06-14 18:50:10     Calculation 6 (Frequency: 27.956 GHz, Theta: 0, Phi: 0)


                      ------------------------------------------------------------------------------
2025-06-14 18:50:19     Matrix setup time        :	0 s
                        Solver setup             :	8 s
                        Degrees of freedom       :	208600
                        Number of mesh cells     :	32514

                        Stimulation port         :	Zmin
                        Mode number              :	1
                        Accuracy                 :	4.01161e-14
                        Iterations               :	1
                        Solver time              :	0 s


                      ------------------------------------------------------------------------------
2025-06-14 18:50:19     Total time               :	9 s

                      ------------------------------------------------------------------------------
2025-06-14 18:50:19   

                      ------------------------------------------------------------------------------
2025-06-14 18:50:19     Calculation 7 (Frequency: 22.82 GHz, Theta: 0, Phi: 0)


                      ------------------------------------------------------------------------------
2025-06-14 18:50:28     Matrix setup time        :	0 s
                        Solver setup             :	8 s
                        Degrees of freedom       :	208600
                        Number of mesh cells     :	32514

                        Stimulation port         :	Zmin
                        Mode number              :	1
                        Accuracy                 :	2.9418e-14
                        Iterations               :	1
                        Solver time              :	0 s


                      ------------------------------------------------------------------------------
2025-06-14 18:50:28     Total time               :	8 s

                      ------------------------------------------------------------------------------
2025-06-14 18:50:28   

                      ------------------------------------------------------------------------------
2025-06-14 18:50:28     Calculation 8 (Frequency: 28.292 GHz, Theta: 0, Phi: 0)


                      ------------------------------------------------------------------------------
2025-06-14 18:50:37     Matrix setup time        :	0 s
                        Solver setup             :	8 s
                        Degrees of freedom       :	208600
                        Number of mesh cells     :	32514

                        Stimulation port         :	Zmin
                        Mode number              :	1
                        Accuracy                 :	2.52463e-14
                        Iterations               :	1
                        Solver time              :	0 s


                      ------------------------------------------------------------------------------
2025-06-14 18:50:37     Total time               :	8 s

                      ------------------------------------------------------------------------------
2025-06-14 18:50:37   

                      ------------------------------------------------------------------------------
2025-06-14 18:50:37     Calculation 9 (Frequency: 27.188 GHz, Theta: 0, Phi: 0)


                      ------------------------------------------------------------------------------
2025-06-14 18:50:46     Matrix setup time        :	0 s
                        Solver setup             :	8 s
                        Degrees of freedom       :	208600
                        Number of mesh cells     :	32514

                        Stimulation port         :	Zmin
                        Mode number              :	1
                        Accuracy                 :	3.43374e-14
                        Iterations               :	1
                        Solver time              :	0 s


                      ------------------------------------------------------------------------------
2025-06-14 18:50:46     Total time               :	8 s

                      ------------------------------------------------------------------------------
2025-06-14 18:50:46   

                      ------------------------------------------------------------------------------
2025-06-14 18:50:46     Calculation 10 (Frequency: 29.264 GHz, Theta: 0, Phi: 0)


                      ------------------------------------------------------------------------------
2025-06-14 18:50:55     Matrix setup time        :	0 s
                        Solver setup             :	8 s
                        Degrees of freedom       :	208600
                        Number of mesh cells     :	32514

                        Stimulation port         :	Zmin
                        Mode number              :	1
                        Accuracy                 :	3.20416e-14
                        Iterations               :	1
                        Solver time              :	0 s


                      ------------------------------------------------------------------------------
2025-06-14 18:50:55     Total time               :	8 s

                      ------------------------------------------------------------------------------
2025-06-14 18:50:55   

                      ------------------------------------------------------------------------------
2025-06-14 18:50:55     Calculation 11 (Frequency: 28.808 GHz, Theta: 0, Phi: 0)


                      ------------------------------------------------------------------------------
2025-06-14 18:51:04     Matrix setup time        :	0 s
                        Solver setup             :	8 s
                        Degrees of freedom       :	208600
                        Number of mesh cells     :	32514

                        Stimulation port         :	Zmin
                        Mode number              :	1
                        Accuracy                 :	3.14329e-14
                        Iterations               :	1
                        Solver time              :	0 s


                      ------------------------------------------------------------------------------
2025-06-14 18:51:04     Total time               :	8 s

                      ------------------------------------------------------------------------------
2025-06-14 18:51:04   

                      ------------------------------------------------------------------------------
2025-06-14 18:51:04     Calculation 12 (Frequency: 29.936 GHz, Theta: 0, Phi: 0)


                      ------------------------------------------------------------------------------
2025-06-14 18:51:13     Matrix setup time        :	0 s
                        Solver setup             :	8 s
                        Degrees of freedom       :	208600
                        Number of mesh cells     :	32514

                        Stimulation port         :	Zmin
                        Mode number              :	1
                        Accuracy                 :	3.55937e-14
                        Iterations               :	1
                        Solver time              :	0 s


                      ------------------------------------------------------------------------------
2025-06-14 18:51:14     Total time               :	9 s

                      ------------------------------------------------------------------------------
2025-06-14 18:51:14   

                      ------------------------------------------------------------------------------
2025-06-14 18:51:14     Calculation 13 (Frequency: 21.44 GHz, Theta: 0, Phi: 0)


                      ------------------------------------------------------------------------------
2025-06-14 18:51:22     Matrix setup time        :	0 s
                        Solver setup             :	8 s
                        Degrees of freedom       :	208600
                        Number of mesh cells     :	32514

                        Stimulation port         :	Zmin
                        Mode number              :	1
                        Accuracy                 :	4.21778e-14
                        Iterations               :	1
                        Solver time              :	0 s


                      ------------------------------------------------------------------------------
2025-06-14 18:51:23     Total time               :	8 s

                      ------------------------------------------------------------------------------
2025-06-14 18:51:23   

                      ------------------------------------------------------------------------------
2025-06-14 18:51:23     Calculation 14 (Frequency: 30.236 GHz, Theta: 0, Phi: 0)


                      ------------------------------------------------------------------------------
2025-06-14 18:51:32     Matrix setup time        :	0 s
                        Solver setup             :	8 s
                        Degrees of freedom       :	208600
                        Number of mesh cells     :	32514

                        Stimulation port         :	Zmin
                        Mode number              :	1
                        Accuracy                 :	3.851e-14
                        Iterations               :	1
                        Solver time              :	0 s


                      ------------------------------------------------------------------------------
2025-06-14 18:51:32     Total time               :	9 s

                      ------------------------------------------------------------------------------
2025-06-14 18:51:32   

                      ------------------------------------------------------------------------------
2025-06-14 18:51:32     Calculation 15 (Frequency: 21.272 GHz, Theta: 0, Phi: 0)


                      ------------------------------------------------------------------------------
2025-06-14 18:51:41     Matrix setup time        :	0 s
                        Solver setup             :	8 s
                        Degrees of freedom       :	208600
                        Number of mesh cells     :	32514

                        Stimulation port         :	Zmin
                        Mode number              :	1
                        Accuracy                 :	4.59936e-14
                        Iterations               :	1
                        Solver time              :	0 s


                      ------------------------------------------------------------------------------
2025-06-14 18:51:41     Total time               :	8 s

                      ------------------------------------------------------------------------------
2025-06-14 18:51:41   

                      ------------------------------------------------------------------------------
2025-06-14 18:51:41     Calculation 16 (Frequency: 21.908 GHz, Theta: 0, Phi: 0)


                      ------------------------------------------------------------------------------
2025-06-14 18:51:50     Matrix setup time        :	0 s
                        Solver setup             :	8 s
                        Degrees of freedom       :	208600
                        Number of mesh cells     :	32514

                        Stimulation port         :	Zmin
                        Mode number              :	1
                        Accuracy                 :	3.99549e-14
                        Iterations               :	1
                        Solver time              :	0 s


                      ------------------------------------------------------------------------------
2025-06-14 18:51:50     Total time               :	9 s

                      ------------------------------------------------------------------------------
2025-06-14 18:51:50   

                      ------------------------------------------------------------------------------
2025-06-14 18:51:50     Calculation 17 (Frequency: 20.768 GHz, Theta: 0, Phi: 0)


                      ------------------------------------------------------------------------------
2025-06-14 18:51:59     Matrix setup time        :	0 s
                        Solver setup             :	8 s
                        Degrees of freedom       :	208600
                        Number of mesh cells     :	32514

                        Stimulation port         :	Zmin
                        Mode number              :	1
                        Accuracy                 :	3.5703e-14
                        Iterations               :	1
                        Solver time              :	0 s


                      ------------------------------------------------------------------------------
2025-06-14 18:51:59     Total time               :	9 s

                      ------------------------------------------------------------------------------
2025-06-14 18:51:59   

                      ------------------------------------------------------------------------------
2025-06-14 18:51:59     Calculation 18 (Frequency: 22.232 GHz, Theta: 0, Phi: 0)


                      ------------------------------------------------------------------------------
2025-06-14 18:52:08     Matrix setup time        :	0 s
                        Solver setup             :	8 s
                        Degrees of freedom       :	208600
                        Number of mesh cells     :	32514

                        Stimulation port         :	Zmin
                        Mode number              :	1
                        Accuracy                 :	4.63394e-14
                        Iterations               :	1
                        Solver time              :	0 s


                      ------------------------------------------------------------------------------
2025-06-14 18:52:09     Total time               :	9 s

                      ------------------------------------------------------------------------------
2025-06-14 18:52:09   

                      ------------------------------------------------------------------------------
2025-06-14 18:52:09     Calculation 19 (Frequency: 31.196 GHz, Theta: 0, Phi: 0)


                      ------------------------------------------------------------------------------
2025-06-14 18:52:18     Matrix setup time        :	0 s
                        Solver setup             :	8 s
                        Degrees of freedom       :	208600
                        Number of mesh cells     :	32514

                        Stimulation port         :	Zmin
                        Mode number              :	1
                        Accuracy                 :	3.27314e-14
                        Iterations               :	1
                        Solver time              :	0 s


                      ------------------------------------------------------------------------------
2025-06-14 18:52:18     Total time               :	9 s

                      ------------------------------------------------------------------------------
2025-06-14 18:52:18   

                      ------------------------------------------------------------------------------
2025-06-14 18:52:18     Calculation 20 (Frequency: 29.588 GHz, Theta: 0, Phi: 0)


                      ------------------------------------------------------------------------------
2025-06-14 18:52:27     Matrix setup time        :	0 s
                        Solver setup             :	8 s
                        Degrees of freedom       :	208600
                        Number of mesh cells     :	32514

                        Stimulation port         :	Zmin
                        Mode number              :	1
                        Accuracy                 :	2.77108e-14
                        Iterations               :	1
                        Solver time              :	0 s


                      ------------------------------------------------------------------------------
2025-06-14 18:52:27     Total time               :	9 s

                      ------------------------------------------------------------------------------
2025-06-14 18:52:27   

                      ------------------------------------------------------------------------------
2025-06-14 18:52:27     Calculation 21 (Frequency: 31.604 GHz, Theta: 0, Phi: 0)


                      ------------------------------------------------------------------------------
2025-06-14 18:52:37     Matrix setup time        :	0 s
                        Solver setup             :	8 s
                        Degrees of freedom       :	208600
                        Number of mesh cells     :	32514

                        Stimulation port         :	Zmin
                        Mode number              :	1
                        Accuracy                 :	2.54034e-14
                        Iterations               :	1
                        Solver time              :	0 s


                      ------------------------------------------------------------------------------
2025-06-14 18:52:37     Total time               :	9 s

                      ------------------------------------------------------------------------------
2025-06-14 18:52:37   

                      ------------------------------------------------------------------------------
2025-06-14 18:52:37     Calculation 22 (Frequency: 30.824 GHz, Theta: 0, Phi: 0)


                      ------------------------------------------------------------------------------
2025-06-14 18:52:46     Matrix setup time        :	0 s
                        Solver setup             :	8 s
                        Degrees of freedom       :	208600
                        Number of mesh cells     :	32514

                        Stimulation port         :	Zmin
                        Mode number              :	1
                        Accuracy                 :	3.00676e-14
                        Iterations               :	1
                        Solver time              :	0 s


                      ------------------------------------------------------------------------------
2025-06-14 18:52:46     Total time               :	9 s

                      ------------------------------------------------------------------------------
2025-06-14 18:52:46   

                      ------------------------------------------------------------------------------
2025-06-14 18:52:46     Calculation 23 (Frequency: 29.132 GHz, Theta: 0, Phi: 0)


                      ------------------------------------------------------------------------------
2025-06-14 18:52:55     Matrix setup time        :	0 s
                        Solver setup             :	8 s
                        Degrees of freedom       :	208600
                        Number of mesh cells     :	32514

                        Stimulation port         :	Zmin
                        Mode number              :	1
                        Accuracy                 :	6.14332e-14
                        Iterations               :	1
                        Solver time              :	0 s


                      ------------------------------------------------------------------------------
2025-06-14 18:52:56     Total time               :	9 s

                      ------------------------------------------------------------------------------
2025-06-14 18:52:56   

                      ------------------------------------------------------------------------------
2025-06-14 18:52:56     Calculation 24 (Frequency: 26.732 GHz, Theta: 0, Phi: 0)


                      ------------------------------------------------------------------------------
2025-06-14 18:53:05     Matrix setup time        :	0 s
                        Solver setup             :	8 s
                        Degrees of freedom       :	208600
                        Number of mesh cells     :	32514

                        Stimulation port         :	Zmin
                        Mode number              :	1
                        Accuracy                 :	2.48833e-14
                        Iterations               :	1
                        Solver time              :	0 s


                      ------------------------------------------------------------------------------
2025-06-14 18:53:05     Total time               :	9 s

                      ------------------------------------------------------------------------------
2025-06-14 18:53:05   

                      ------------------------------------------------------------------------------
2025-06-14 18:53:05     Calculation 25 (Frequency: 25.232 GHz, Theta: 0, Phi: 0)


                      ------------------------------------------------------------------------------
2025-06-14 18:53:15     Matrix setup time        :	0 s
                        Solver setup             :	8 s
                        Degrees of freedom       :	208600
                        Number of mesh cells     :	32514

                        Stimulation port         :	Zmin
                        Mode number              :	1
                        Accuracy                 :	2.58722e-14
                        Iterations               :	1
                        Solver time              :	0 s


                      ------------------------------------------------------------------------------
2025-06-14 18:53:15     Total time               :	9 s

                      ------------------------------------------------------------------------------
2025-06-14 18:53:15   

                      ------------------------------------------------------------------------------
2025-06-14 18:53:15     Calculation 26 (Frequency: 26.888 GHz, Theta: 0, Phi: 0)


                      ------------------------------------------------------------------------------
2025-06-14 18:53:24     Matrix setup time        :	0 s
                        Solver setup             :	8 s
                        Degrees of freedom       :	208600
                        Number of mesh cells     :	32514

                        Stimulation port         :	Zmin
                        Mode number              :	1
                        Accuracy                 :	4.0357e-14
                        Iterations               :	1
                        Solver time              :	0 s


                      ------------------------------------------------------------------------------
2025-06-14 18:53:24     Total time               :	9 s

                      ------------------------------------------------------------------------------
2025-06-14 18:53:24   

                      ------------------------------------------------------------------------------
2025-06-14 18:53:24     Calculation 27 (Frequency: 24.824 GHz, Theta: 0, Phi: 0)


                      ------------------------------------------------------------------------------
2025-06-14 18:53:33     Matrix setup time        :	0 s
                        Solver setup             :	8 s
                        Degrees of freedom       :	208600
                        Number of mesh cells     :	32514

                        Stimulation port         :	Zmin
                        Mode number              :	1
                        Accuracy                 :	2.99848e-14
                        Iterations               :	1
                        Solver time              :	0 s


                      ------------------------------------------------------------------------------
2025-06-14 18:53:34     Total time               :	9 s

                      ------------------------------------------------------------------------------
2025-06-14 18:53:34   

                      ------------------------------------------------------------------------------
2025-06-14 18:53:34     Calculation 28 (Frequency: 23.408 GHz, Theta: 0, Phi: 0)


                      ------------------------------------------------------------------------------
2025-06-14 18:53:43     Matrix setup time        :	0 s
                        Solver setup             :	8 s
                        Degrees of freedom       :	208600
                        Number of mesh cells     :	32514

                        Stimulation port         :	Zmin
                        Mode number              :	1
                        Accuracy                 :	2.20114e-14
                        Iterations               :	1
                        Solver time              :	0 s


                      ------------------------------------------------------------------------------
2025-06-14 18:53:43     Total time               :	9 s

                      ------------------------------------------------------------------------------
2025-06-14 18:53:43   

                      ------------------------------------------------------------------------------
2025-06-14 18:53:43     Calculation 29 (Frequency: 22.52 GHz, Theta: 0, Phi: 0)


                      ------------------------------------------------------------------------------
2025-06-14 18:53:53     Matrix setup time        :	0 s
                        Solver setup             :	8 s
                        Degrees of freedom       :	208600
                        Number of mesh cells     :	32514

                        Stimulation port         :	Zmin
                        Mode number              :	1
                        Accuracy                 :	3.42261e-14
                        Iterations               :	1
                        Solver time              :	0 s


                      ------------------------------------------------------------------------------
2025-06-14 18:53:53     Total time               :	9 s

                      ------------------------------------------------------------------------------
2025-06-14 18:53:53   

                      ------------------------------------------------------------------------------
2025-06-14 18:53:53     Calculation 30 (Frequency: 20.204 GHz, Theta: 0, Phi: 0)


                      ------------------------------------------------------------------------------
2025-06-14 18:54:02     Matrix setup time        :	0 s
                        Solver setup             :	8 s
                        Degrees of freedom       :	208600
                        Number of mesh cells     :	32514

                        Stimulation port         :	Zmin
                        Mode number              :	1
                        Accuracy                 :	3.30714e-14
                        Iterations               :	1
                        Solver time              :	0 s


                      ------------------------------------------------------------------------------
2025-06-14 18:54:02     Total time               :	9 s

                      ------------------------------------------------------------------------------
2025-06-14 18:54:02   

                      ------------------------------------------------------------------------------
2025-06-14 18:54:02     Calculation 31 (Frequency: 24.152 GHz, Theta: 0, Phi: 0)


                      ------------------------------------------------------------------------------
2025-06-14 18:54:12     Matrix setup time        :	0 s
                        Solver setup             :	9 s
                        Degrees of freedom       :	208600
                        Number of mesh cells     :	32514

                        Stimulation port         :	Zmin
                        Mode number              :	1
                        Accuracy                 :	1.9581e-14
                        Iterations               :	1
                        Solver time              :	0 s


                      ------------------------------------------------------------------------------
2025-06-14 18:54:12     Total time               :	9 s

                      ------------------------------------------------------------------------------
2025-06-14 18:54:12   

                      ------------------------------------------------------------------------------
2025-06-14 18:54:12   Finished the general purpose interpolative broadband frequency sweep:
                      All broadband sweep convergence criteria have been satisfied after
                      calculating 31 frequency samples:

                        Broadband sweep error threshold value :  0.01 (All S-Parameters) 
                        Number of error criterion checks      :  2 (All S-Parameters) 
                        Minimum number of samples             :  3
                        Number of data samples, linear        :  1001

                      ------------------------------------------------------------------------------
2025-06-14 18:54:12     Number of mesh cells     :	32514
                        Degrees of freedom       :	207300
                        Total Solver Time        :	322 s	 (= 0 h, 05 m, 22 s)
                      ================================================================================



                      ------------------------------------------------------------------------------
2025-06-14 18:54:13     ----------------------------------------------------------------------------
                                            Peak memory used (kB)         Free physical memory (kB) 
                                                                          At begin     Minimum      
                        ----------------------------------------------------------------------------
                        Solver start        22248                         9022976      9021948      
                        Eq. system setup    3964352                       9074884      7496400      
                        Eq. system solve    3964352                       9043244      4731336      
                        Mesh refinement     1832748                       8894188      8384452      
                        Solver run total    3964352                       9022980      4731336      

                        Computer name       Tahsin
                        ----------------------------------------------------------------------------


                      ------------------------------------------------------------------------------
2025-06-14 18:54:13   Running postprocessing.

                      ------------------------------------------------------------------------------
2025-06-14 18:54:13   Postprocessing finished.

                      ------------------------------------------------------------------------------
