2025-04-05 20:39:47   *** Warning ***

                      Electric isotropic material [Copper (pure)] has a very high conductivity for
                      the given mesh. Depending on your configuration it may be better to use a lossy
                      metal type for this material. More...

                      ------------------------------------------------------------------------------
2025-04-05 20:39:47   In order to get an optimal performance, hyperthreading is ignored for parallel
                      computations.

                      ------------------------------------------------------------------------------
2025-04-05 20:39:50   Units settings: 

                        Dimensions: mm
                        Frequency:  GHz
                        Time:       s

                      ------------------------------------------------------------------------------
2025-04-05 20:39:50   Boundary conditions: 

                        YZsymmetry: none
                        XZsymmetry: none
                        XYsymmetry: none

                        Xmin: unit cell
                        Xmax: unit cell

                        Ymin: unit cell
                        Ymax: unit cell

                        Zmin: expanded open
                        Zmax: expanded open

                      ------------------------------------------------------------------------------
2025-04-05 20:39:50   Order settings: 

                        Solver order   : 2nd (constant)
                        Curved elements: up to order 3 (automatic)

                      ------------------------------------------------------------------------------
2025-04-05 20:39:50   An iterative solver will be used first.

                      ------------------------------------------------------------------------------
2025-04-05 20:39:50     Mesh time                :	2 s


                      ------------------------------------------------------------------------------
2025-04-05 20:39:50   
                      ================================================================================
                      Frequency Domain Solver calculation cycle started

                      ------------------------------------------------------------------------------
2025-04-05 20:39:50   Solver started at: 2025-04-05 20:39:50 +0600

                        Module:  Frequency Domain: S-Parameter (Win 64)
                        Version: 2024.1 Release from 2023-10-16 (change 1181985)

                      ------------------------------------------------------------------------------
2025-04-05 20:39:50   The low frequency stabilization is not applied to periodic problems.

                      ------------------------------------------------------------------------------
2025-04-05 20:39:50     Calculation 1 of 1 (Frequency: 32 GHz, Theta: 0, Phi: 0)


                      ------------------------------------------------------------------------------
2025-04-05 20:39:50   The wavelength based mesh refinement has been applied to 4.8% of all mesh edges.

                      ------------------------------------------------------------------------------
2025-04-05 20:39:50   For some elements the curvature had to be reduced to maintain the quality of the mesh. More...

                      ------------------------------------------------------------------------------
2025-04-05 20:39:50   Adaptive mesh refinement pass 1

                      ------------------------------------------------------------------------------
2025-04-05 20:39:57   *** Warning ***

2025-04-05 20:39:57   Detected possible stagnation of the iterative solver (5.140872e-02 after 250 iterations.)
                      Please consider aborting the solver run, and check your simulation setup.  More...

                      ------------------------------------------------------------------------------
2025-04-05 20:40:04   *** Warning ***

2025-04-05 20:40:04   The solver stopped because the maximum number of iterations (500, used for automatic solver choice) has been reached.

                      ------------------------------------------------------------------------------
2025-04-05 20:40:04   Solving again, but with the direct solver. Please consider forcing the direct solver in the solver special settings, and
                      check your simulation setup (for instance source and material definitions.)

                      ------------------------------------------------------------------------------
2025-04-05 20:40:05     Matrix setup time        :	0 s
                        Degrees of freedom       :	38120
                        Number of mesh cells     :	5818

                        Stimulation port         :	Zmin
                        Mode number              :	1
                        Accuracy                 :	9.17218e-14
                        Iterations               :	1
                        Solver time              :	0 s


                      ------------------------------------------------------------------------------
2025-04-05 20:40:05   23% of all mesh edges seem to be longer than expected. The adaptive mesh refinement's growth limitation will therefore 
                      use 14095 instead of 3939 mesh cells as a reference.

                      ------------------------------------------------------------------------------
2025-04-05 20:40:05   The wavelength based mesh refinement has been applied to 0.2% of all mesh edges.

                      ------------------------------------------------------------------------------
2025-04-05 20:40:06   For some elements the curvature had to be reduced to maintain the quality of the mesh. More...

                      ------------------------------------------------------------------------------
2025-04-05 20:40:06   Adaptive mesh refinement pass 2

                      ------------------------------------------------------------------------------
2025-04-05 20:40:08     Matrix setup time        :	0 s
                        Solver setup             :	2 s
                        Degrees of freedom       :	77184
                        Number of mesh cells     :	11957

                        Stimulation port         :	Zmin
                        Mode number              :	1
                        Accuracy                 :	6.15078e-14
                        Iterations               :	1
                        Solver time              :	0 s


                      ------------------------------------------------------------------------------
2025-04-05 20:40:08     Delta calculation        
2025-04-05 20:40:08     All S-Parameters         :	0.100571
2025-04-05 20:40:08   

                      ------------------------------------------------------------------------------
2025-04-05 20:40:10   For some elements the curvature had to be slightly reduced to maintain the quality of the mesh. More...

                      ------------------------------------------------------------------------------
2025-04-05 20:40:10   Adaptive mesh refinement pass 3

                      ------------------------------------------------------------------------------
2025-04-05 20:40:16     Matrix setup time        :	0 s
                        Solver setup             :	4 s
                        Degrees of freedom       :	134994
                        Number of mesh cells     :	21024

                        Stimulation port         :	Zmin
                        Mode number              :	1
                        Accuracy                 :	5.26514e-14
                        Iterations               :	1
                        Solver time              :	0 s


                      ------------------------------------------------------------------------------
2025-04-05 20:40:16     Delta calculation        
2025-04-05 20:40:16     All S-Parameters         :	0.0451198
2025-04-05 20:40:16   

                      ------------------------------------------------------------------------------
2025-04-05 20:40:18   For some elements the curvature had to be slightly reduced to maintain the quality of the mesh. More...

                      ------------------------------------------------------------------------------
2025-04-05 20:40:18   Adaptive mesh refinement pass 4

                      ------------------------------------------------------------------------------
2025-04-05 20:40:30     Matrix setup time        :	0 s
                        Solver setup             :	10 s
                        Degrees of freedom       :	213238
                        Number of mesh cells     :	33241

                        Stimulation port         :	Zmin
                        Mode number              :	1
                        Accuracy                 :	3.7588e-14
                        Iterations               :	1
                        Solver time              :	0 s


                      ------------------------------------------------------------------------------
2025-04-05 20:40:30     Delta calculation        
2025-04-05 20:40:30     All S-Parameters         :	0.0221559
2025-04-05 20:40:30   

                      ------------------------------------------------------------------------------
2025-04-05 20:40:33   For some elements the curvature had to be slightly reduced to maintain the quality of the mesh. More...

                      ------------------------------------------------------------------------------
2025-04-05 20:40:33   Adaptive mesh refinement pass 5

                      ------------------------------------------------------------------------------
2025-04-05 20:40:52     Matrix setup time        :	1 s
                        Solver setup             :	16 s
                        Degrees of freedom       :	325106
                        Number of mesh cells     :	50737

                        Stimulation port         :	Zmin
                        Mode number              :	1
                        Accuracy                 :	3.56774e-14
                        Iterations               :	1
                        Solver time              :	0 s


                      ------------------------------------------------------------------------------
2025-04-05 20:40:52     Delta calculation        
2025-04-05 20:40:52     All S-Parameters         :	0.00934008
2025-04-05 20:40:52   

                      ------------------------------------------------------------------------------
2025-04-05 20:40:52   Mesh adaptation terminated because the desired accuracy limit is reached.

                      ------------------------------------------------------------------------------
2025-04-05 20:40:52   *** Warning ***

2025-04-05 20:40:52   At least one propagating Floquet mode is not considered at port Zmin. Please increase the number of modes at this port. 
                      More...

                      ------------------------------------------------------------------------------
2025-04-05 20:40:52   *** Warning ***

2025-04-05 20:40:52   At least one propagating Floquet mode is not considered at port Zmax. Please increase the number of modes at this port. 
                      More...

                      ------------------------------------------------------------------------------
2025-04-05 20:40:52     Total time               :	62 s	 (= 0 h, 01 m, 02 s)

                      ------------------------------------------------------------------------------
2025-04-05 20:40:52   

                      ------------------------------------------------------------------------------
2025-04-05 20:40:52     Calculation 2 (Frequency: 20 GHz, Theta: 0, Phi: 0)


                      ------------------------------------------------------------------------------
2025-04-05 20:41:07     Matrix setup time        :	0 s
                        Solver setup             :	14 s
                        Degrees of freedom       :	325106
                        Number of mesh cells     :	50737

                        Stimulation port         :	Zmin
                        Mode number              :	1
                        Accuracy                 :	2.6687e-14
                        Iterations               :	1
                        Solver time              :	0 s


                      ------------------------------------------------------------------------------
2025-04-05 20:41:08     Total time               :	15 s

                      ------------------------------------------------------------------------------
2025-04-05 20:41:08   

                      ------------------------------------------------------------------------------
2025-04-05 20:41:08     Calculation 3 (Frequency: 26 GHz, Theta: 0, Phi: 0)


                      ------------------------------------------------------------------------------
2025-04-05 20:41:23     Matrix setup time        :	0 s
                        Solver setup             :	14 s
                        Degrees of freedom       :	325106
                        Number of mesh cells     :	50737

                        Stimulation port         :	Zmin
                        Mode number              :	1
                        Accuracy                 :	2.48222e-14
                        Iterations               :	1
                        Solver time              :	0 s


                      ------------------------------------------------------------------------------
2025-04-05 20:41:23     Total time               :	15 s

                      ------------------------------------------------------------------------------
2025-04-05 20:41:23   

                      ------------------------------------------------------------------------------
2025-04-05 20:41:23     Calculation 4 (Frequency: 29 GHz, Theta: 0, Phi: 0)


                      ------------------------------------------------------------------------------
2025-04-05 20:41:39     Matrix setup time        :	0 s
                        Solver setup             :	14 s
                        Degrees of freedom       :	325106
                        Number of mesh cells     :	50737

                        Stimulation port         :	Zmin
                        Mode number              :	1
                        Accuracy                 :	5.70931e-14
                        Iterations               :	1
                        Solver time              :	0 s


                      ------------------------------------------------------------------------------
2025-04-05 20:41:39     Total time               :	15 s

                      ------------------------------------------------------------------------------
2025-04-05 20:41:39   

                      ------------------------------------------------------------------------------
2025-04-05 20:41:39     Calculation 5 (Frequency: 23.528 GHz, Theta: 0, Phi: 0)


                      ------------------------------------------------------------------------------
2025-04-05 20:41:54     Matrix setup time        :	0 s
                        Solver setup             :	14 s
                        Degrees of freedom       :	325106
                        Number of mesh cells     :	50737

                        Stimulation port         :	Zmin
                        Mode number              :	1
                        Accuracy                 :	2.42469e-14
                        Iterations               :	1
                        Solver time              :	0 s


                      ------------------------------------------------------------------------------
2025-04-05 20:41:55     Total time               :	15 s

                      ------------------------------------------------------------------------------
2025-04-05 20:41:55   

                      ------------------------------------------------------------------------------
2025-04-05 20:41:55     Calculation 6 (Frequency: 27.704 GHz, Theta: 0, Phi: 0)


                      ------------------------------------------------------------------------------
2025-04-05 20:42:10     Matrix setup time        :	0 s
                        Solver setup             :	14 s
                        Degrees of freedom       :	325106
                        Number of mesh cells     :	50737

                        Stimulation port         :	Zmin
                        Mode number              :	1
                        Accuracy                 :	2.86574e-14
                        Iterations               :	1
                        Solver time              :	0 s


                      ------------------------------------------------------------------------------
2025-04-05 20:42:10     Total time               :	15 s

                      ------------------------------------------------------------------------------
2025-04-05 20:42:10   

                      ------------------------------------------------------------------------------
2025-04-05 20:42:10     Calculation 7 (Frequency: 22.352 GHz, Theta: 0, Phi: 0)


                      ------------------------------------------------------------------------------
2025-04-05 20:42:26     Matrix setup time        :	0 s
                        Solver setup             :	14 s
                        Degrees of freedom       :	325106
                        Number of mesh cells     :	50737

                        Stimulation port         :	Zmin
                        Mode number              :	1
                        Accuracy                 :	2.69408e-14
                        Iterations               :	1
                        Solver time              :	0 s


                      ------------------------------------------------------------------------------
2025-04-05 20:42:26     Total time               :	15 s

                      ------------------------------------------------------------------------------
2025-04-05 20:42:26   

                      ------------------------------------------------------------------------------
2025-04-05 20:42:26     Calculation 8 (Frequency: 27.308 GHz, Theta: 0, Phi: 0)


                      ------------------------------------------------------------------------------
2025-04-05 20:42:42     Matrix setup time        :	0 s
                        Solver setup             :	14 s
                        Degrees of freedom       :	325106
                        Number of mesh cells     :	50737

                        Stimulation port         :	Zmin
                        Mode number              :	1
                        Accuracy                 :	2.77305e-14
                        Iterations               :	1
                        Solver time              :	0 s


                      ------------------------------------------------------------------------------
2025-04-05 20:42:42     Total time               :	16 s

                      ------------------------------------------------------------------------------
2025-04-05 20:42:42   

                      ------------------------------------------------------------------------------
2025-04-05 20:42:42     Calculation 9 (Frequency: 22.868 GHz, Theta: 0, Phi: 0)


                      ------------------------------------------------------------------------------
2025-04-05 20:42:57     Matrix setup time        :	0 s
                        Solver setup             :	14 s
                        Degrees of freedom       :	325106
                        Number of mesh cells     :	50737

                        Stimulation port         :	Zmin
                        Mode number              :	1
                        Accuracy                 :	2.80229e-14
                        Iterations               :	1
                        Solver time              :	0 s


                      ------------------------------------------------------------------------------
2025-04-05 20:42:58     Total time               :	15 s

                      ------------------------------------------------------------------------------
2025-04-05 20:42:58   

                      ------------------------------------------------------------------------------
2025-04-05 20:42:58     Calculation 10 (Frequency: 29.636 GHz, Theta: 0, Phi: 0)


                      ------------------------------------------------------------------------------
2025-04-05 20:43:13     Matrix setup time        :	0 s
                        Solver setup             :	14 s
                        Degrees of freedom       :	325106
                        Number of mesh cells     :	50737

                        Stimulation port         :	Zmin
                        Mode number              :	1
                        Accuracy                 :	2.16911e-14
                        Iterations               :	1
                        Solver time              :	0 s


                      ------------------------------------------------------------------------------
2025-04-05 20:43:14     Total time               :	15 s

                      ------------------------------------------------------------------------------
2025-04-05 20:43:14   

                      ------------------------------------------------------------------------------
2025-04-05 20:43:14     Calculation 11 (Frequency: 21.488 GHz, Theta: 0, Phi: 0)


                      ------------------------------------------------------------------------------
2025-04-05 20:43:30     Matrix setup time        :	0 s
                        Solver setup             :	14 s
                        Degrees of freedom       :	325106
                        Number of mesh cells     :	50737

                        Stimulation port         :	Zmin
                        Mode number              :	1
                        Accuracy                 :	3.17273e-14
                        Iterations               :	1
                        Solver time              :	0 s


                      ------------------------------------------------------------------------------
2025-04-05 20:43:30     Total time               :	15 s

                      ------------------------------------------------------------------------------
2025-04-05 20:43:30   

                      ------------------------------------------------------------------------------
2025-04-05 20:43:30     Calculation 12 (Frequency: 25.088 GHz, Theta: 0, Phi: 0)


                      ------------------------------------------------------------------------------
2025-04-05 20:43:45     Matrix setup time        :	0 s
                        Solver setup             :	14 s
                        Degrees of freedom       :	325106
                        Number of mesh cells     :	50737

                        Stimulation port         :	Zmin
                        Mode number              :	1
                        Accuracy                 :	2.84126e-14
                        Iterations               :	1
                        Solver time              :	0 s


                      ------------------------------------------------------------------------------
2025-04-05 20:43:46     Total time               :	15 s

                      ------------------------------------------------------------------------------
2025-04-05 20:43:46   

                      ------------------------------------------------------------------------------
2025-04-05 20:43:46     Calculation 13 (Frequency: 20.732 GHz, Theta: 0, Phi: 0)


                      ------------------------------------------------------------------------------
2025-04-05 20:44:01     Matrix setup time        :	0 s
                        Solver setup             :	14 s
                        Degrees of freedom       :	325106
                        Number of mesh cells     :	50737

                        Stimulation port         :	Zmin
                        Mode number              :	1
                        Accuracy                 :	2.64394e-14
                        Iterations               :	1
                        Solver time              :	0 s


                      ------------------------------------------------------------------------------
2025-04-05 20:44:01     Total time               :	15 s

                      ------------------------------------------------------------------------------
2025-04-05 20:44:01   

                      ------------------------------------------------------------------------------
2025-04-05 20:44:01     Calculation 14 (Frequency: 30.68 GHz, Theta: 0, Phi: 0)


                      ------------------------------------------------------------------------------
2025-04-05 20:44:17     Matrix setup time        :	0 s
                        Solver setup             :	14 s
                        Degrees of freedom       :	325106
                        Number of mesh cells     :	50737

                        Stimulation port         :	Zmin
                        Mode number              :	1
                        Accuracy                 :	2.35292e-14
                        Iterations               :	1
                        Solver time              :	0 s


                      ------------------------------------------------------------------------------
2025-04-05 20:44:17     Total time               :	15 s

                      ------------------------------------------------------------------------------
2025-04-05 20:44:17   

                      ------------------------------------------------------------------------------
2025-04-05 20:44:17     Calculation 15 (Frequency: 25.556 GHz, Theta: 0, Phi: 0)


                      ------------------------------------------------------------------------------
2025-04-05 20:44:33     Matrix setup time        :	0 s
                        Solver setup             :	14 s
                        Degrees of freedom       :	325106
                        Number of mesh cells     :	50737

                        Stimulation port         :	Zmin
                        Mode number              :	1
                        Accuracy                 :	2.63718e-14
                        Iterations               :	1
                        Solver time              :	0 s


                      ------------------------------------------------------------------------------
2025-04-05 20:44:33     Total time               :	15 s

                      ------------------------------------------------------------------------------
2025-04-05 20:44:33   

                      ------------------------------------------------------------------------------
2025-04-05 20:44:33     Calculation 16 (Frequency: 30.284 GHz, Theta: 0, Phi: 0)


                      ------------------------------------------------------------------------------
2025-04-05 20:44:49     Matrix setup time        :	0 s
                        Solver setup             :	14 s
                        Degrees of freedom       :	325106
                        Number of mesh cells     :	50737

                        Stimulation port         :	Zmin
                        Mode number              :	1
                        Accuracy                 :	3.73816e-14
                        Iterations               :	1
                        Solver time              :	0 s


                      ------------------------------------------------------------------------------
2025-04-05 20:44:49     Total time               :	15 s

                      ------------------------------------------------------------------------------
2025-04-05 20:44:49   

                      ------------------------------------------------------------------------------
2025-04-05 20:44:49     Calculation 17 (Frequency: 31.292 GHz, Theta: 0, Phi: 0)


                      ------------------------------------------------------------------------------
2025-04-05 20:45:05     Matrix setup time        :	0 s
                        Solver setup             :	14 s
                        Degrees of freedom       :	325106
                        Number of mesh cells     :	50737

                        Stimulation port         :	Zmin
                        Mode number              :	1
                        Accuracy                 :	3.91279e-14
                        Iterations               :	1
                        Solver time              :	0 s


                      ------------------------------------------------------------------------------
2025-04-05 20:45:05     Total time               :	15 s

                      ------------------------------------------------------------------------------
2025-04-05 20:45:05   

                      ------------------------------------------------------------------------------
2025-04-05 20:45:05     Calculation 18 (Frequency: 29.876 GHz, Theta: 0, Phi: 0)


                      ------------------------------------------------------------------------------
2025-04-05 20:45:21     Matrix setup time        :	0 s
                        Solver setup             :	15 s
                        Degrees of freedom       :	325106
                        Number of mesh cells     :	50737

                        Stimulation port         :	Zmin
                        Mode number              :	1
                        Accuracy                 :	3.03835e-14
                        Iterations               :	1
                        Solver time              :	0 s


                      ------------------------------------------------------------------------------
2025-04-05 20:45:22     Total time               :	16 s

                      ------------------------------------------------------------------------------
2025-04-05 20:45:22   

                      ------------------------------------------------------------------------------
2025-04-05 20:45:22     Calculation 19 (Frequency: 28.4 GHz, Theta: 0, Phi: 0)


                      ------------------------------------------------------------------------------
2025-04-05 20:45:38     Matrix setup time        :	0 s
                        Solver setup             :	15 s
                        Degrees of freedom       :	325106
                        Number of mesh cells     :	50737

                        Stimulation port         :	Zmin
                        Mode number              :	1
                        Accuracy                 :	3.02766e-14
                        Iterations               :	1
                        Solver time              :	0 s


                      ------------------------------------------------------------------------------
2025-04-05 20:45:39     Total time               :	16 s

                      ------------------------------------------------------------------------------
2025-04-05 20:45:39   

                      ------------------------------------------------------------------------------
2025-04-05 20:45:39     Calculation 20 (Frequency: 30.548 GHz, Theta: 0, Phi: 0)


                      ------------------------------------------------------------------------------
2025-04-05 20:45:54     Matrix setup time        :	0 s
                        Solver setup             :	14 s
                        Degrees of freedom       :	325106
                        Number of mesh cells     :	50737

                        Stimulation port         :	Zmin
                        Mode number              :	1
                        Accuracy                 :	3.40091e-14
                        Iterations               :	1
                        Solver time              :	0 s


                      ------------------------------------------------------------------------------
2025-04-05 20:45:55     Total time               :	15 s

                      ------------------------------------------------------------------------------
2025-04-05 20:45:55   

                      ------------------------------------------------------------------------------
2025-04-05 20:45:55     Calculation 21 (Frequency: 28.712 GHz, Theta: 0, Phi: 0)


                      ------------------------------------------------------------------------------
2025-04-05 20:46:11     Matrix setup time        :	0 s
                        Solver setup             :	15 s
                        Degrees of freedom       :	325106
                        Number of mesh cells     :	50737

                        Stimulation port         :	Zmin
                        Mode number              :	1
                        Accuracy                 :	3.24511e-14
                        Iterations               :	1
                        Solver time              :	0 s


                      ------------------------------------------------------------------------------
2025-04-05 20:46:11     Total time               :	16 s

                      ------------------------------------------------------------------------------
2025-04-05 20:46:11   

                      ------------------------------------------------------------------------------
2025-04-05 20:46:11     Calculation 22 (Frequency: 28.088 GHz, Theta: 0, Phi: 0)


                      ------------------------------------------------------------------------------
2025-04-05 20:46:28     Matrix setup time        :	0 s
                        Solver setup             :	15 s
                        Degrees of freedom       :	325106
                        Number of mesh cells     :	50737

                        Stimulation port         :	Zmin
                        Mode number              :	1
                        Accuracy                 :	2.58536e-14
                        Iterations               :	1
                        Solver time              :	0 s


                      ------------------------------------------------------------------------------
2025-04-05 20:46:28     Total time               :	16 s

                      ------------------------------------------------------------------------------
2025-04-05 20:46:28   

                      ------------------------------------------------------------------------------
2025-04-05 20:46:28     Calculation 23 (Frequency: 27.512 GHz, Theta: 0, Phi: 0)


                      ------------------------------------------------------------------------------
2025-04-05 20:46:44     Matrix setup time        :	0 s
                        Solver setup             :	15 s
                        Degrees of freedom       :	325106
                        Number of mesh cells     :	50737

                        Stimulation port         :	Zmin
                        Mode number              :	1
                        Accuracy                 :	3.31774e-14
                        Iterations               :	1
                        Solver time              :	0 s


                      ------------------------------------------------------------------------------
2025-04-05 20:46:44     Total time               :	16 s

                      ------------------------------------------------------------------------------
2025-04-05 20:46:44   

                      ------------------------------------------------------------------------------
2025-04-05 20:46:44     Calculation 24 (Frequency: 26.78 GHz, Theta: 0, Phi: 0)


                      ------------------------------------------------------------------------------
2025-04-05 20:47:00     Matrix setup time        :	0 s
                        Solver setup             :	15 s
                        Degrees of freedom       :	325106
                        Number of mesh cells     :	50737

                        Stimulation port         :	Zmin
                        Mode number              :	1
                        Accuracy                 :	3.8552e-14
                        Iterations               :	1
                        Solver time              :	0 s


                      ------------------------------------------------------------------------------
2025-04-05 20:47:01     Total time               :	16 s

                      ------------------------------------------------------------------------------
2025-04-05 20:47:01   

                      ------------------------------------------------------------------------------
2025-04-05 20:47:01     Calculation 25 (Frequency: 20.396 GHz, Theta: 0, Phi: 0)


                      ------------------------------------------------------------------------------
2025-04-05 20:47:17     Matrix setup time        :	0 s
                        Solver setup             :	14 s
                        Degrees of freedom       :	325106
                        Number of mesh cells     :	50737

                        Stimulation port         :	Zmin
                        Mode number              :	1
                        Accuracy                 :	3.52841e-14
                        Iterations               :	1
                        Solver time              :	0 s


                      ------------------------------------------------------------------------------
2025-04-05 20:47:17     Total time               :	16 s

                      ------------------------------------------------------------------------------
2025-04-05 20:47:17   

                      ------------------------------------------------------------------------------
2025-04-05 20:47:17     Calculation 26 (Frequency: 21.008 GHz, Theta: 0, Phi: 0)


                      ------------------------------------------------------------------------------
2025-04-05 20:47:33     Matrix setup time        :	0 s
                        Solver setup             :	15 s
                        Degrees of freedom       :	325106
                        Number of mesh cells     :	50737

                        Stimulation port         :	Zmin
                        Mode number              :	1
                        Accuracy                 :	3.403e-14
                        Iterations               :	1
                        Solver time              :	0 s


                      ------------------------------------------------------------------------------
2025-04-05 20:47:34     Total time               :	16 s

                      ------------------------------------------------------------------------------
2025-04-05 20:47:34   

                      ------------------------------------------------------------------------------
2025-04-05 20:47:34     Calculation 27 (Frequency: 21.788 GHz, Theta: 0, Phi: 0)


                      ------------------------------------------------------------------------------
2025-04-05 20:47:50     Matrix setup time        :	0 s
                        Solver setup             :	14 s
                        Degrees of freedom       :	325106
                        Number of mesh cells     :	50737

                        Stimulation port         :	Zmin
                        Mode number              :	1
                        Accuracy                 :	4.4871e-14
                        Iterations               :	1
                        Solver time              :	0 s


                      ------------------------------------------------------------------------------
2025-04-05 20:47:50     Total time               :	16 s

                      ------------------------------------------------------------------------------
2025-04-05 20:47:50   

                      ------------------------------------------------------------------------------
2025-04-05 20:47:50     Calculation 28 (Frequency: 24.728 GHz, Theta: 0, Phi: 0)


                      ------------------------------------------------------------------------------
2025-04-05 20:48:06     Matrix setup time        :	0 s
                        Solver setup             :	14 s
                        Degrees of freedom       :	325106
                        Number of mesh cells     :	50737

                        Stimulation port         :	Zmin
                        Mode number              :	1
                        Accuracy                 :	2.7634e-14
                        Iterations               :	1
                        Solver time              :	0 s


                      ------------------------------------------------------------------------------
2025-04-05 20:48:06     Total time               :	16 s

                      ------------------------------------------------------------------------------
2025-04-05 20:48:06   

                      ------------------------------------------------------------------------------
2025-04-05 20:48:06     Calculation 29 (Frequency: 25.196 GHz, Theta: 0, Phi: 0)


                      ------------------------------------------------------------------------------
2025-04-05 20:48:22     Matrix setup time        :	0 s
                        Solver setup             :	15 s
                        Degrees of freedom       :	325106
                        Number of mesh cells     :	50737

                        Stimulation port         :	Zmin
                        Mode number              :	1
                        Accuracy                 :	2.48895e-14
                        Iterations               :	1
                        Solver time              :	0 s


                      ------------------------------------------------------------------------------
2025-04-05 20:48:23     Total time               :	16 s

                      ------------------------------------------------------------------------------
2025-04-05 20:48:23   

                      ------------------------------------------------------------------------------
2025-04-05 20:48:23   Finished the general purpose interpolative broadband frequency sweep:
                      All broadband sweep convergence criteria have been satisfied after
                      calculating 29 frequency samples:

                        Broadband sweep error threshold value :  0.01 (All S-Parameters) 
                        Number of error criterion checks      :  2 (All S-Parameters) 
                        Minimum number of samples             :  3
                        Number of data samples, linear        :  1001

                      ------------------------------------------------------------------------------
2025-04-05 20:48:23     Number of mesh cells     :	50737
                        Degrees of freedom       :	323522
                        Total Solver Time        :	514 s	 (= 0 h, 08 m, 34 s)
                      ================================================================================



                      ------------------------------------------------------------------------------
2025-04-05 20:48:23     ----------------------------------------------------------------------------
                                            Peak memory used (kB)         Free physical memory (kB) 
                                                                          At begin     Minimum      
                        ----------------------------------------------------------------------------
                        Solver start        21744                         7730680      7728712      
                        Eq. system setup    5720940                       7720024      6796216      
                        Eq. system solve    5720940                       7671868      2403300      
                        Mesh refinement     3867316                       7547868      7105404      
                        Solver run total    5720940                       7730684      2403300      

                        Computer name       Tahsin
                        ----------------------------------------------------------------------------


                      ------------------------------------------------------------------------------
2025-04-05 20:48:23   Running postprocessing.

                      ------------------------------------------------------------------------------
2025-04-05 20:48:24   Postprocessing finished.

                      ------------------------------------------------------------------------------
