2025-06-09 15:49:34   *** Warning ***

                      Electric isotropic material [Copper (pure)] has a very high conductivity for
                      the given mesh. Depending on your configuration it may be better to use a lossy
                      metal type for this material. More...

                      ------------------------------------------------------------------------------
2025-06-09 15:49:34   In order to get an optimal performance, hyperthreading is ignored for parallel
                      computations.

                      ------------------------------------------------------------------------------
2025-06-09 15:49:36   Units settings: 

                        Dimensions: mm
                        Frequency:  GHz
                        Time:       s

                      ------------------------------------------------------------------------------
2025-06-09 15:49:36   Boundary conditions: 

                        YZsymmetry: none
                        XZsymmetry: none
                        XYsymmetry: none

                        Xmin: unit cell
                        Xmax: unit cell

                        Ymin: unit cell
                        Ymax: unit cell

                        Zmin: expanded open
                        Zmax: expanded open

                      ------------------------------------------------------------------------------
2025-06-09 15:49:36   Order settings: 

                        Solver order   : 2nd (constant)
                        Curved elements: up to order 3 (automatic)

                      ------------------------------------------------------------------------------
2025-06-09 15:49:36   An iterative solver will be used first.

                      ------------------------------------------------------------------------------
2025-06-09 15:49:36     Mesh time                :	2 s


                      ------------------------------------------------------------------------------
2025-06-09 15:49:36   
                      ================================================================================
                      Frequency Domain Solver calculation cycle started

                      ------------------------------------------------------------------------------
2025-06-09 15:49:36   Solver started at: 2025-06-09 15:49:36 +0600

                        Module:  Frequency Domain: S-Parameter (Win 64)
                        Version: 2024.1 Release from 2023-10-16 (change 1181985)

                      ------------------------------------------------------------------------------
2025-06-09 15:49:36   The low frequency stabilization is not applied to periodic problems.

                      ------------------------------------------------------------------------------
2025-06-09 15:49:36     Calculation 1 of 1 (Frequency: 32 GHz, Theta: 0, Phi: 0)


                      ------------------------------------------------------------------------------
2025-06-09 15:49:37   The wavelength based mesh refinement has been applied to 4.8% of all mesh edges.

                      ------------------------------------------------------------------------------
2025-06-09 15:49:37   For some elements the curvature had to be reduced to maintain the quality of the mesh. More...

                      ------------------------------------------------------------------------------
2025-06-09 15:49:37   Adaptive mesh refinement pass 1

                      ------------------------------------------------------------------------------
2025-06-09 15:49:44   *** Warning ***

2025-06-09 15:49:44   Detected possible stagnation of the iterative solver (5.059027e-02 after 250 iterations.)
                      Please consider aborting the solver run, and check your simulation setup.  More...

                      ------------------------------------------------------------------------------
2025-06-09 15:49:51   *** Warning ***

2025-06-09 15:49:51   The solver stopped because the maximum number of iterations (500, used for automatic solver choice) has been reached.

                      ------------------------------------------------------------------------------
2025-06-09 15:49:51   Solving again, but with the direct solver. Please consider forcing the direct solver in the solver special settings, and
                      check your simulation setup (for instance source and material definitions.)

                      ------------------------------------------------------------------------------
2025-06-09 15:49:51     Matrix setup time        :	0 s
                        Degrees of freedom       :	35432
                        Number of mesh cells     :	5394

                        Stimulation port         :	Zmin
                        Mode number              :	1
                        Accuracy                 :	9.40034e-14
                        Iterations               :	1
                        Solver time              :	0 s


                      ------------------------------------------------------------------------------
2025-06-09 15:49:52   26% of all mesh edges seem to be longer than expected. The adaptive mesh refinement's growth limitation will therefore 
                      use 14040 instead of 3626 mesh cells as a reference.

                      ------------------------------------------------------------------------------
2025-06-09 15:49:52   The wavelength based mesh refinement has been applied to 0.2% of all mesh edges.

                      ------------------------------------------------------------------------------
2025-06-09 15:49:52   Adaptive mesh refinement pass 2

                      ------------------------------------------------------------------------------
2025-06-09 15:49:55     Matrix setup time        :	0 s
                        Solver setup             :	1 s
                        Degrees of freedom       :	67636
                        Number of mesh cells     :	10453

                        Stimulation port         :	Zmin
                        Mode number              :	1
                        Accuracy                 :	5.60103e-14
                        Iterations               :	1
                        Solver time              :	0 s


                      ------------------------------------------------------------------------------
2025-06-09 15:49:55     Delta calculation        
2025-06-09 15:49:55     All S-Parameters         :	0.0691211
2025-06-09 15:49:55   

                      ------------------------------------------------------------------------------
2025-06-09 15:49:55   The wavelength based mesh refinement has been applied to 0.1% of all mesh edges.

                      ------------------------------------------------------------------------------
2025-06-09 15:49:56   Adaptive mesh refinement pass 3

                      ------------------------------------------------------------------------------
2025-06-09 15:50:00     Matrix setup time        :	0 s
                        Solver setup             :	3 s
                        Degrees of freedom       :	117420
                        Number of mesh cells     :	18242

                        Stimulation port         :	Zmin
                        Mode number              :	1
                        Accuracy                 :	2.72126e-14
                        Iterations               :	1
                        Solver time              :	0 s


                      ------------------------------------------------------------------------------
2025-06-09 15:50:00     Delta calculation        
2025-06-09 15:50:00     All S-Parameters         :	0.0269868
2025-06-09 15:50:00   

                      ------------------------------------------------------------------------------
2025-06-09 15:50:02   For some elements the curvature had to be slightly reduced to maintain the quality of the mesh. More...

                      ------------------------------------------------------------------------------
2025-06-09 15:50:02   Adaptive mesh refinement pass 4

                      ------------------------------------------------------------------------------
2025-06-09 15:50:14     Matrix setup time        :	0 s
                        Solver setup             :	10 s
                        Degrees of freedom       :	203852
                        Number of mesh cells     :	31728

                        Stimulation port         :	Zmin
                        Mode number              :	1
                        Accuracy                 :	6.37248e-14
                        Iterations               :	1
                        Solver time              :	0 s


                      ------------------------------------------------------------------------------
2025-06-09 15:50:14     Delta calculation        
2025-06-09 15:50:14     All S-Parameters         :	0.0131323
2025-06-09 15:50:14   

                      ------------------------------------------------------------------------------
2025-06-09 15:50:14   Mesh adaptation terminated because the desired accuracy limit is reached.

                      ------------------------------------------------------------------------------
2025-06-09 15:50:14   *** Warning ***

2025-06-09 15:50:14   At least one propagating Floquet mode is not considered at port Zmin. Please increase the number of modes at this port. 
                      More...

                      ------------------------------------------------------------------------------
2025-06-09 15:50:14   *** Warning ***

2025-06-09 15:50:14   At least one propagating Floquet mode is not considered at port Zmax. Please increase the number of modes at this port. 
                      More...

                      ------------------------------------------------------------------------------
2025-06-09 15:50:15     Total time               :	37 s

                      ------------------------------------------------------------------------------
2025-06-09 15:50:15   

                      ------------------------------------------------------------------------------
2025-06-09 15:50:15     Calculation 2 (Frequency: 20 GHz, Theta: 0, Phi: 0)


                      ------------------------------------------------------------------------------
2025-06-09 15:50:24     Matrix setup time        :	0 s
                        Solver setup             :	8 s
                        Degrees of freedom       :	203852
                        Number of mesh cells     :	31728

                        Stimulation port         :	Zmin
                        Mode number              :	1
                        Accuracy                 :	4.99934e-14
                        Iterations               :	1
                        Solver time              :	0 s


                      ------------------------------------------------------------------------------
2025-06-09 15:50:24     Total time               :	9 s

                      ------------------------------------------------------------------------------
2025-06-09 15:50:24   

                      ------------------------------------------------------------------------------
2025-06-09 15:50:24     Calculation 3 (Frequency: 26 GHz, Theta: 0, Phi: 0)


                      ------------------------------------------------------------------------------
2025-06-09 15:50:33     Matrix setup time        :	0 s
                        Solver setup             :	8 s
                        Degrees of freedom       :	203852
                        Number of mesh cells     :	31728

                        Stimulation port         :	Zmin
                        Mode number              :	1
                        Accuracy                 :	2.85796e-14
                        Iterations               :	1
                        Solver time              :	0 s


                      ------------------------------------------------------------------------------
2025-06-09 15:50:33     Total time               :	9 s

                      ------------------------------------------------------------------------------
2025-06-09 15:50:33   

                      ------------------------------------------------------------------------------
2025-06-09 15:50:33     Calculation 4 (Frequency: 29 GHz, Theta: 0, Phi: 0)


                      ------------------------------------------------------------------------------
2025-06-09 15:50:43     Matrix setup time        :	0 s
                        Solver setup             :	8 s
                        Degrees of freedom       :	203852
                        Number of mesh cells     :	31728

                        Stimulation port         :	Zmin
                        Mode number              :	1
                        Accuracy                 :	3.57595e-14
                        Iterations               :	1
                        Solver time              :	0 s


                      ------------------------------------------------------------------------------
2025-06-09 15:50:43     Total time               :	9 s

                      ------------------------------------------------------------------------------
2025-06-09 15:50:43   

                      ------------------------------------------------------------------------------
2025-06-09 15:50:43     Calculation 5 (Frequency: 23.612 GHz, Theta: 0, Phi: 0)


                      ------------------------------------------------------------------------------
2025-06-09 15:50:52     Matrix setup time        :	0 s
                        Solver setup             :	8 s
                        Degrees of freedom       :	203852
                        Number of mesh cells     :	31728

                        Stimulation port         :	Zmin
                        Mode number              :	1
                        Accuracy                 :	2.47539e-14
                        Iterations               :	1
                        Solver time              :	0 s


                      ------------------------------------------------------------------------------
2025-06-09 15:50:52     Total time               :	9 s

                      ------------------------------------------------------------------------------
2025-06-09 15:50:52   

                      ------------------------------------------------------------------------------
2025-06-09 15:50:52     Calculation 6 (Frequency: 27.56 GHz, Theta: 0, Phi: 0)


                      ------------------------------------------------------------------------------
2025-06-09 15:51:02     Matrix setup time        :	0 s
                        Solver setup             :	8 s
                        Degrees of freedom       :	203852
                        Number of mesh cells     :	31728

                        Stimulation port         :	Zmin
                        Mode number              :	1
                        Accuracy                 :	2.99917e-14
                        Iterations               :	1
                        Solver time              :	0 s


                      ------------------------------------------------------------------------------
2025-06-09 15:51:02     Total time               :	9 s

                      ------------------------------------------------------------------------------
2025-06-09 15:51:02   

                      ------------------------------------------------------------------------------
2025-06-09 15:51:02     Calculation 7 (Frequency: 22.388 GHz, Theta: 0, Phi: 0)


                      ------------------------------------------------------------------------------
2025-06-09 15:51:12     Matrix setup time        :	0 s
                        Solver setup             :	8 s
                        Degrees of freedom       :	203852
                        Number of mesh cells     :	31728

                        Stimulation port         :	Zmin
                        Mode number              :	1
                        Accuracy                 :	4.2494e-14
                        Iterations               :	1
                        Solver time              :	0 s


                      ------------------------------------------------------------------------------
2025-06-09 15:51:12     Total time               :	9 s

                      ------------------------------------------------------------------------------
2025-06-09 15:51:12   

                      ------------------------------------------------------------------------------
2025-06-09 15:51:12     Calculation 8 (Frequency: 28.052 GHz, Theta: 0, Phi: 0)


                      ------------------------------------------------------------------------------
2025-06-09 15:51:22     Matrix setup time        :	0 s
                        Solver setup             :	8 s
                        Degrees of freedom       :	203852
                        Number of mesh cells     :	31728

                        Stimulation port         :	Zmin
                        Mode number              :	1
                        Accuracy                 :	3.20661e-14
                        Iterations               :	1
                        Solver time              :	0 s


                      ------------------------------------------------------------------------------
2025-06-09 15:51:22     Total time               :	9 s

                      ------------------------------------------------------------------------------
2025-06-09 15:51:22   

                      ------------------------------------------------------------------------------
2025-06-09 15:51:22     Calculation 9 (Frequency: 23.228 GHz, Theta: 0, Phi: 0)


                      ------------------------------------------------------------------------------
2025-06-09 15:51:31     Matrix setup time        :	0 s
                        Solver setup             :	8 s
                        Degrees of freedom       :	203852
                        Number of mesh cells     :	31728

                        Stimulation port         :	Zmin
                        Mode number              :	1
                        Accuracy                 :	2.70286e-14
                        Iterations               :	1
                        Solver time              :	0 s


                      ------------------------------------------------------------------------------
2025-06-09 15:51:31     Total time               :	9 s

                      ------------------------------------------------------------------------------
2025-06-09 15:51:31   

                      ------------------------------------------------------------------------------
2025-06-09 15:51:31     Calculation 10 (Frequency: 29.216 GHz, Theta: 0, Phi: 0)


                      ------------------------------------------------------------------------------
2025-06-09 15:51:40     Matrix setup time        :	0 s
                        Solver setup             :	8 s
                        Degrees of freedom       :	203852
                        Number of mesh cells     :	31728

                        Stimulation port         :	Zmin
                        Mode number              :	1
                        Accuracy                 :	4.01999e-14
                        Iterations               :	1
                        Solver time              :	0 s


                      ------------------------------------------------------------------------------
2025-06-09 15:51:41     Total time               :	9 s

                      ------------------------------------------------------------------------------
2025-06-09 15:51:41   

                      ------------------------------------------------------------------------------
2025-06-09 15:51:41     Calculation 11 (Frequency: 21.992 GHz, Theta: 0, Phi: 0)


                      ------------------------------------------------------------------------------
2025-06-09 15:51:50     Matrix setup time        :	0 s
                        Solver setup             :	8 s
                        Degrees of freedom       :	203852
                        Number of mesh cells     :	31728

                        Stimulation port         :	Zmin
                        Mode number              :	1
                        Accuracy                 :	6.27704e-14
                        Iterations               :	1
                        Solver time              :	0 s


                      ------------------------------------------------------------------------------
2025-06-09 15:51:50     Total time               :	9 s

                      ------------------------------------------------------------------------------
2025-06-09 15:51:50   

                      ------------------------------------------------------------------------------
2025-06-09 15:51:50     Calculation 12 (Frequency: 22.616 GHz, Theta: 0, Phi: 0)


                      ------------------------------------------------------------------------------
2025-06-09 15:51:59     Matrix setup time        :	0 s
                        Solver setup             :	8 s
                        Degrees of freedom       :	203852
                        Number of mesh cells     :	31728

                        Stimulation port         :	Zmin
                        Mode number              :	1
                        Accuracy                 :	4.06809e-14
                        Iterations               :	1
                        Solver time              :	0 s


                      ------------------------------------------------------------------------------
2025-06-09 15:51:59     Total time               :	9 s

                      ------------------------------------------------------------------------------
2025-06-09 15:51:59   

                      ------------------------------------------------------------------------------
2025-06-09 15:51:59     Calculation 13 (Frequency: 21.56 GHz, Theta: 0, Phi: 0)


                      ------------------------------------------------------------------------------
2025-06-09 15:52:09     Matrix setup time        :	0 s
                        Solver setup             :	8 s
                        Degrees of freedom       :	203852
                        Number of mesh cells     :	31728

                        Stimulation port         :	Zmin
                        Mode number              :	1
                        Accuracy                 :	4.31144e-14
                        Iterations               :	1
                        Solver time              :	0 s


                      ------------------------------------------------------------------------------
2025-06-09 15:52:09     Total time               :	9 s

                      ------------------------------------------------------------------------------
2025-06-09 15:52:09   

                      ------------------------------------------------------------------------------
2025-06-09 15:52:09     Calculation 14 (Frequency: 24.884 GHz, Theta: 0, Phi: 0)


                      ------------------------------------------------------------------------------
2025-06-09 15:52:18     Matrix setup time        :	0 s
                        Solver setup             :	8 s
                        Degrees of freedom       :	203852
                        Number of mesh cells     :	31728

                        Stimulation port         :	Zmin
                        Mode number              :	1
                        Accuracy                 :	2.3296e-14
                        Iterations               :	1
                        Solver time              :	0 s


                      ------------------------------------------------------------------------------
2025-06-09 15:52:18     Total time               :	9 s

                      ------------------------------------------------------------------------------
2025-06-09 15:52:18   

                      ------------------------------------------------------------------------------
2025-06-09 15:52:18     Calculation 15 (Frequency: 20.864 GHz, Theta: 0, Phi: 0)


                      ------------------------------------------------------------------------------
2025-06-09 15:52:28     Matrix setup time        :	0 s
                        Solver setup             :	9 s
                        Degrees of freedom       :	203852
                        Number of mesh cells     :	31728

                        Stimulation port         :	Zmin
                        Mode number              :	1
                        Accuracy                 :	3.30797e-14
                        Iterations               :	1
                        Solver time              :	0 s


                      ------------------------------------------------------------------------------
2025-06-09 15:52:29     Total time               :	10 s

                      ------------------------------------------------------------------------------
2025-06-09 15:52:29   

                      ------------------------------------------------------------------------------
2025-06-09 15:52:29     Calculation 16 (Frequency: 21.74 GHz, Theta: 0, Phi: 0)


                      ------------------------------------------------------------------------------
2025-06-09 15:52:38     Matrix setup time        :	0 s
                        Solver setup             :	8 s
                        Degrees of freedom       :	203852
                        Number of mesh cells     :	31728

                        Stimulation port         :	Zmin
                        Mode number              :	1
                        Accuracy                 :	4.2795e-14
                        Iterations               :	1
                        Solver time              :	0 s


                      ------------------------------------------------------------------------------
2025-06-09 15:52:38     Total time               :	9 s

                      ------------------------------------------------------------------------------
2025-06-09 15:52:38   

                      ------------------------------------------------------------------------------
2025-06-09 15:52:38     Calculation 17 (Frequency: 20.24 GHz, Theta: 0, Phi: 0)


                      ------------------------------------------------------------------------------
2025-06-09 15:52:48     Matrix setup time        :	0 s
                        Solver setup             :	8 s
                        Degrees of freedom       :	203852
                        Number of mesh cells     :	31728

                        Stimulation port         :	Zmin
                        Mode number              :	1
                        Accuracy                 :	3.54769e-14
                        Iterations               :	1
                        Solver time              :	0 s


                      ------------------------------------------------------------------------------
2025-06-09 15:52:48     Total time               :	9 s

                      ------------------------------------------------------------------------------
2025-06-09 15:52:48   

                      ------------------------------------------------------------------------------
2025-06-09 15:52:48     Calculation 18 (Frequency: 30.392 GHz, Theta: 0, Phi: 0)


                      ------------------------------------------------------------------------------
2025-06-09 15:52:58     Matrix setup time        :	0 s
                        Solver setup             :	9 s
                        Degrees of freedom       :	203852
                        Number of mesh cells     :	31728

                        Stimulation port         :	Zmin
                        Mode number              :	1
                        Accuracy                 :	4.04214e-14
                        Iterations               :	1
                        Solver time              :	0 s


                      ------------------------------------------------------------------------------
2025-06-09 15:52:58     Total time               :	10 s

                      ------------------------------------------------------------------------------
2025-06-09 15:52:58   

                      ------------------------------------------------------------------------------
2025-06-09 15:52:58     Calculation 19 (Frequency: 28.592 GHz, Theta: 0, Phi: 0)


                      ------------------------------------------------------------------------------
2025-06-09 15:53:09     Matrix setup time        :	0 s
                        Solver setup             :	9 s
                        Degrees of freedom       :	203852
                        Number of mesh cells     :	31728

                        Stimulation port         :	Zmin
                        Mode number              :	1
                        Accuracy                 :	4.44504e-14
                        Iterations               :	1
                        Solver time              :	0 s


                      ------------------------------------------------------------------------------
2025-06-09 15:53:09     Total time               :	10 s

                      ------------------------------------------------------------------------------
2025-06-09 15:53:09   

                      ------------------------------------------------------------------------------
2025-06-09 15:53:09     Calculation 20 (Frequency: 29.888 GHz, Theta: 0, Phi: 0)


                      ------------------------------------------------------------------------------
2025-06-09 15:53:19     Matrix setup time        :	0 s
                        Solver setup             :	9 s
                        Degrees of freedom       :	203852
                        Number of mesh cells     :	31728

                        Stimulation port         :	Zmin
                        Mode number              :	1
                        Accuracy                 :	4.52541e-14
                        Iterations               :	1
                        Solver time              :	0 s


                      ------------------------------------------------------------------------------
2025-06-09 15:53:19     Total time               :	10 s

                      ------------------------------------------------------------------------------
2025-06-09 15:53:19   

                      ------------------------------------------------------------------------------
2025-06-09 15:53:19     Calculation 21 (Frequency: 31.244 GHz, Theta: 0, Phi: 0)


                      ------------------------------------------------------------------------------
2025-06-09 15:53:29     Matrix setup time        :	0 s
                        Solver setup             :	9 s
                        Degrees of freedom       :	203852
                        Number of mesh cells     :	31728

                        Stimulation port         :	Zmin
                        Mode number              :	1
                        Accuracy                 :	2.84538e-14
                        Iterations               :	1
                        Solver time              :	0 s


                      ------------------------------------------------------------------------------
2025-06-09 15:53:30     Total time               :	10 s

                      ------------------------------------------------------------------------------
2025-06-09 15:53:30   

                      ------------------------------------------------------------------------------
2025-06-09 15:53:30     Calculation 22 (Frequency: 24.368 GHz, Theta: 0, Phi: 0)


                      ------------------------------------------------------------------------------
2025-06-09 15:53:40     Matrix setup time        :	0 s
                        Solver setup             :	9 s
                        Degrees of freedom       :	203852
                        Number of mesh cells     :	31728

                        Stimulation port         :	Zmin
                        Mode number              :	1
                        Accuracy                 :	4.54107e-14
                        Iterations               :	1
                        Solver time              :	0 s


                      ------------------------------------------------------------------------------
2025-06-09 15:53:40     Total time               :	10 s

                      ------------------------------------------------------------------------------
2025-06-09 15:53:40   

                      ------------------------------------------------------------------------------
2025-06-09 15:53:40     Calculation 23 (Frequency: 31.736 GHz, Theta: 0, Phi: 0)


                      ------------------------------------------------------------------------------
2025-06-09 15:53:50     Matrix setup time        :	0 s
                        Solver setup             :	9 s
                        Degrees of freedom       :	203852
                        Number of mesh cells     :	31728

                        Stimulation port         :	Zmin
                        Mode number              :	1
                        Accuracy                 :	4.7439e-14
                        Iterations               :	1
                        Solver time              :	0 s


                      ------------------------------------------------------------------------------
2025-06-09 15:53:50     Total time               :	10 s

                      ------------------------------------------------------------------------------
2025-06-09 15:53:50   

                      ------------------------------------------------------------------------------
2025-06-09 15:53:50     Calculation 24 (Frequency: 23.804 GHz, Theta: 0, Phi: 0)


                      ------------------------------------------------------------------------------
2025-06-09 15:54:01     Matrix setup time        :	0 s
                        Solver setup             :	9 s
                        Degrees of freedom       :	203852
                        Number of mesh cells     :	31728

                        Stimulation port         :	Zmin
                        Mode number              :	1
                        Accuracy                 :	5.9704e-14
                        Iterations               :	1
                        Solver time              :	0 s


                      ------------------------------------------------------------------------------
2025-06-09 15:54:01     Total time               :	10 s

                      ------------------------------------------------------------------------------
2025-06-09 15:54:01   

                      ------------------------------------------------------------------------------
2025-06-09 15:54:01     Calculation 25 (Frequency: 30.74 GHz, Theta: 0, Phi: 0)


                      ------------------------------------------------------------------------------
2025-06-09 15:54:12     Matrix setup time        :	0 s
                        Solver setup             :	9 s
                        Degrees of freedom       :	203852
                        Number of mesh cells     :	31728

                        Stimulation port         :	Zmin
                        Mode number              :	1
                        Accuracy                 :	5.83425e-14
                        Iterations               :	1
                        Solver time              :	0 s


                      ------------------------------------------------------------------------------
2025-06-09 15:54:12     Total time               :	10 s

                      ------------------------------------------------------------------------------
2025-06-09 15:54:12   

                      ------------------------------------------------------------------------------
2025-06-09 15:54:12     Calculation 26 (Frequency: 30.248 GHz, Theta: 0, Phi: 0)


                      ------------------------------------------------------------------------------
2025-06-09 15:54:22     Matrix setup time        :	0 s
                        Solver setup             :	9 s
                        Degrees of freedom       :	203852
                        Number of mesh cells     :	31728

                        Stimulation port         :	Zmin
                        Mode number              :	1
                        Accuracy                 :	3.70589e-14
                        Iterations               :	1
                        Solver time              :	0 s


                      ------------------------------------------------------------------------------
2025-06-09 15:54:22     Total time               :	9 s

                      ------------------------------------------------------------------------------
2025-06-09 15:54:22   

                      ------------------------------------------------------------------------------
2025-06-09 15:54:22     Calculation 27 (Frequency: 30.56 GHz, Theta: 0, Phi: 0)


                      ------------------------------------------------------------------------------
2025-06-09 15:54:32     Matrix setup time        :	0 s
                        Solver setup             :	9 s
                        Degrees of freedom       :	203852
                        Number of mesh cells     :	31728

                        Stimulation port         :	Zmin
                        Mode number              :	1
                        Accuracy                 :	3.48557e-14
                        Iterations               :	1
                        Solver time              :	0 s


                      ------------------------------------------------------------------------------
2025-06-09 15:54:32     Total time               :	10 s

                      ------------------------------------------------------------------------------
2025-06-09 15:54:32   

                      ------------------------------------------------------------------------------
2025-06-09 15:54:32     Calculation 28 (Frequency: 25.052 GHz, Theta: 0, Phi: 0)


                      ------------------------------------------------------------------------------
2025-06-09 15:54:42     Matrix setup time        :	0 s
                        Solver setup             :	9 s
                        Degrees of freedom       :	203852
                        Number of mesh cells     :	31728

                        Stimulation port         :	Zmin
                        Mode number              :	1
                        Accuracy                 :	2.83647e-14
                        Iterations               :	1
                        Solver time              :	0 s


                      ------------------------------------------------------------------------------
2025-06-09 15:54:42     Total time               :	10 s

                      ------------------------------------------------------------------------------
2025-06-09 15:54:42   

                      ------------------------------------------------------------------------------
2025-06-09 15:54:42     Calculation 29 (Frequency: 24.836 GHz, Theta: 0, Phi: 0)


                      ------------------------------------------------------------------------------
2025-06-09 15:54:53     Matrix setup time        :	0 s
                        Solver setup             :	9 s
                        Degrees of freedom       :	203852
                        Number of mesh cells     :	31728

                        Stimulation port         :	Zmin
                        Mode number              :	1
                        Accuracy                 :	2.18816e-14
                        Iterations               :	1
                        Solver time              :	0 s


                      ------------------------------------------------------------------------------
2025-06-09 15:54:53     Total time               :	10 s

                      ------------------------------------------------------------------------------
2025-06-09 15:54:53   

                      ------------------------------------------------------------------------------
2025-06-09 15:54:53     Calculation 30 (Frequency: 26.708 GHz, Theta: 0, Phi: 0)


                      ------------------------------------------------------------------------------
2025-06-09 15:55:03     Matrix setup time        :	0 s
                        Solver setup             :	9 s
                        Degrees of freedom       :	203852
                        Number of mesh cells     :	31728

                        Stimulation port         :	Zmin
                        Mode number              :	1
                        Accuracy                 :	3.83625e-14
                        Iterations               :	1
                        Solver time              :	0 s


                      ------------------------------------------------------------------------------
2025-06-09 15:55:03     Total time               :	10 s

                      ------------------------------------------------------------------------------
2025-06-09 15:55:03   

                      ------------------------------------------------------------------------------
2025-06-09 15:55:03     Calculation 31 (Frequency: 27.932 GHz, Theta: 0, Phi: 0)


                      ------------------------------------------------------------------------------
2025-06-09 15:55:13     Matrix setup time        :	0 s
                        Solver setup             :	8 s
                        Degrees of freedom       :	203852
                        Number of mesh cells     :	31728

                        Stimulation port         :	Zmin
                        Mode number              :	1
                        Accuracy                 :	3.80645e-14
                        Iterations               :	1
                        Solver time              :	0 s


                      ------------------------------------------------------------------------------
2025-06-09 15:55:13     Total time               :	9 s

                      ------------------------------------------------------------------------------
2025-06-09 15:55:13   

                      ------------------------------------------------------------------------------
2025-06-09 15:55:13     Calculation 32 (Frequency: 27.008 GHz, Theta: 0, Phi: 0)


                      ------------------------------------------------------------------------------
2025-06-09 15:55:24     Matrix setup time        :	0 s
                        Solver setup             :	9 s
                        Degrees of freedom       :	203852
                        Number of mesh cells     :	31728

                        Stimulation port         :	Zmin
                        Mode number              :	1
                        Accuracy                 :	3.24183e-14
                        Iterations               :	1
                        Solver time              :	0 s


                      ------------------------------------------------------------------------------
2025-06-09 15:55:24     Total time               :	10 s

                      ------------------------------------------------------------------------------
2025-06-09 15:55:24   

                      ------------------------------------------------------------------------------
2025-06-09 15:55:24   Finished the general purpose interpolative broadband frequency sweep:
                      All broadband sweep convergence criteria have been satisfied after
                      calculating 32 frequency samples:

                        Broadband sweep error threshold value :  0.01 (All S-Parameters) 
                        Number of error criterion checks      :  2 (All S-Parameters) 
                        Minimum number of samples             :  3
                        Number of data samples, linear        :  1001

                      ------------------------------------------------------------------------------
2025-06-09 15:55:24     Number of mesh cells     :	31728
                        Degrees of freedom       :	202424
                        Total Solver Time        :	349 s	 (= 0 h, 05 m, 49 s)
                      ================================================================================



                      ------------------------------------------------------------------------------
2025-06-09 15:55:24     ----------------------------------------------------------------------------
                                            Peak memory used (kB)         Free physical memory (kB) 
                                                                          At begin     Minimum      
                        ----------------------------------------------------------------------------
                        Solver start        22304                         8880584      8879748      
                        Eq. system setup    3752972                       8865356      7930904      
                        Eq. system solve    3752972                       8828072      5170532      
                        Mesh refinement     2035936                       8615904      8020756      
                        Solver run total    3752972                       8880588      5170532      

                        Computer name       Tahsin
                        ----------------------------------------------------------------------------


                      ------------------------------------------------------------------------------
2025-06-09 15:55:24   Running postprocessing.

                      ------------------------------------------------------------------------------
2025-06-09 15:55:25   Postprocessing finished.

                      ------------------------------------------------------------------------------
