2025-06-10 21:06:36   *** Warning ***

                      Electric isotropic material [Copper (pure)] has a very high conductivity for
                      the given mesh. Depending on your configuration it may be better to use a lossy
                      metal type for this material. More...

                      ------------------------------------------------------------------------------
2025-06-10 21:06:36   In order to get an optimal performance, hyperthreading is ignored for parallel
                      computations.

                      ------------------------------------------------------------------------------
2025-06-10 21:06:38   Units settings: 

                        Dimensions: mm
                        Frequency:  GHz
                        Time:       s

                      ------------------------------------------------------------------------------
2025-06-10 21:06:38   Boundary conditions: 

                        YZsymmetry: none
                        XZsymmetry: none
                        XYsymmetry: none

                        Xmin: unit cell
                        Xmax: unit cell

                        Ymin: unit cell
                        Ymax: unit cell

                        Zmin: expanded open
                        Zmax: expanded open

                      ------------------------------------------------------------------------------
2025-06-10 21:06:38   Order settings: 

                        Solver order   : 2nd (constant)
                        Curved elements: up to order 3 (automatic)

                      ------------------------------------------------------------------------------
2025-06-10 21:06:38   An iterative solver will be used first.

                      ------------------------------------------------------------------------------
2025-06-10 21:06:38     Mesh time                :	2 s


                      ------------------------------------------------------------------------------
2025-06-10 21:06:38   
                      ================================================================================
                      Frequency Domain Solver calculation cycle started

                      ------------------------------------------------------------------------------
2025-06-10 21:06:38   Solver started at: 2025-06-10 21:06:38 +0600

                        Module:  Frequency Domain: S-Parameter (Win 64)
                        Version: 2024.1 Release from 2023-10-16 (change 1181985)

                      ------------------------------------------------------------------------------
2025-06-10 21:06:38   The low frequency stabilization is not applied to periodic problems.

                      ------------------------------------------------------------------------------
2025-06-10 21:06:38     Calculation 1 of 1 (Frequency: 32 GHz, Theta: 0, Phi: 0)


                      ------------------------------------------------------------------------------
2025-06-10 21:06:39   The wavelength based mesh refinement has been applied to 4.4% of all mesh edges.

                      ------------------------------------------------------------------------------
2025-06-10 21:06:39   For some elements the curvature had to be reduced to maintain the quality of the mesh. More...

                      ------------------------------------------------------------------------------
2025-06-10 21:06:39   Adaptive mesh refinement pass 1

                      ------------------------------------------------------------------------------
2025-06-10 21:06:46   *** Warning ***

2025-06-10 21:06:46   Detected possible stagnation of the iterative solver (4.495573e-02 after 250 iterations.)
                      Please consider aborting the solver run, and check your simulation setup.  More...

                      ------------------------------------------------------------------------------
2025-06-10 21:06:52   *** Warning ***

2025-06-10 21:06:52   The solver stopped because the maximum number of iterations (500, used for automatic solver choice) has been reached.

                      ------------------------------------------------------------------------------
2025-06-10 21:06:52   Solving again, but with the direct solver. Please consider forcing the direct solver in the solver special settings, and
                      check your simulation setup (for instance source and material definitions.)

                      ------------------------------------------------------------------------------
2025-06-10 21:06:52     Matrix setup time        :	0 s
                        Degrees of freedom       :	35810
                        Number of mesh cells     :	5455

                        Stimulation port         :	Zmin
                        Mode number              :	1
                        Accuracy                 :	8.77071e-14
                        Iterations               :	1
                        Solver time              :	0 s


                      ------------------------------------------------------------------------------
2025-06-10 21:06:53   26% of all mesh edges seem to be longer than expected. The adaptive mesh refinement's growth limitation will therefore 
                      use 14096 instead of 3782 mesh cells as a reference.

                      ------------------------------------------------------------------------------
2025-06-10 21:06:53   The wavelength based mesh refinement has been applied to 0.2% of all mesh edges.

                      ------------------------------------------------------------------------------
2025-06-10 21:06:53   Adaptive mesh refinement pass 2

                      ------------------------------------------------------------------------------
2025-06-10 21:06:55     Matrix setup time        :	0 s
                        Solver setup             :	1 s
                        Degrees of freedom       :	65654
                        Number of mesh cells     :	10144

                        Stimulation port         :	Zmin
                        Mode number              :	1
                        Accuracy                 :	6.1849e-14
                        Iterations               :	1
                        Solver time              :	0 s


                      ------------------------------------------------------------------------------
2025-06-10 21:06:56     Delta calculation        
2025-06-10 21:06:56     All S-Parameters         :	0.0810156
2025-06-10 21:06:56   

                      ------------------------------------------------------------------------------
2025-06-10 21:06:57   For some elements the curvature had to be slightly reduced to maintain the quality of the mesh. More...

                      ------------------------------------------------------------------------------
2025-06-10 21:06:57   Adaptive mesh refinement pass 3

                      ------------------------------------------------------------------------------
2025-06-10 21:07:02     Matrix setup time        :	0 s
                        Solver setup             :	4 s
                        Degrees of freedom       :	119494
                        Number of mesh cells     :	18585

                        Stimulation port         :	Zmin
                        Mode number              :	1
                        Accuracy                 :	3.35529e-14
                        Iterations               :	1
                        Solver time              :	0 s


                      ------------------------------------------------------------------------------
2025-06-10 21:07:02     Delta calculation        
2025-06-10 21:07:02     All S-Parameters         :	0.0331791
2025-06-10 21:07:02   

                      ------------------------------------------------------------------------------
2025-06-10 21:07:04   Adaptive mesh refinement pass 4

                      ------------------------------------------------------------------------------
2025-06-10 21:07:12     Matrix setup time        :	0 s
                        Solver setup             :	7 s
                        Degrees of freedom       :	195466
                        Number of mesh cells     :	30447

                        Stimulation port         :	Zmin
                        Mode number              :	1
                        Accuracy                 :	1.85587e-14
                        Iterations               :	1
                        Solver time              :	0 s


                      ------------------------------------------------------------------------------
2025-06-10 21:07:12     Delta calculation        
2025-06-10 21:07:12     All S-Parameters         :	0.00739089
2025-06-10 21:07:12   

                      ------------------------------------------------------------------------------
2025-06-10 21:07:12   Mesh adaptation terminated because the desired accuracy limit is reached.

                      ------------------------------------------------------------------------------
2025-06-10 21:07:12   *** Warning ***

2025-06-10 21:07:12   At least one propagating Floquet mode is not considered at port Zmin. Please increase the number of modes at this port. 
                      More...

                      ------------------------------------------------------------------------------
2025-06-10 21:07:12   *** Warning ***

2025-06-10 21:07:12   At least one propagating Floquet mode is not considered at port Zmax. Please increase the number of modes at this port. 
                      More...

                      ------------------------------------------------------------------------------
2025-06-10 21:07:12     Total time               :	33 s

                      ------------------------------------------------------------------------------
2025-06-10 21:07:12   

                      ------------------------------------------------------------------------------
2025-06-10 21:07:13     Calculation 2 (Frequency: 20 GHz, Theta: 0, Phi: 0)


                      ------------------------------------------------------------------------------
2025-06-10 21:07:19     Matrix setup time        :	0 s
                        Solver setup             :	5 s
                        Degrees of freedom       :	195466
                        Number of mesh cells     :	30447

                        Stimulation port         :	Zmin
                        Mode number              :	1
                        Accuracy                 :	3.2821e-14
                        Iterations               :	1
                        Solver time              :	0 s


                      ------------------------------------------------------------------------------
2025-06-10 21:07:19     Total time               :	6 s

                      ------------------------------------------------------------------------------
2025-06-10 21:07:19   

                      ------------------------------------------------------------------------------
2025-06-10 21:07:19     Calculation 3 (Frequency: 26 GHz, Theta: 0, Phi: 0)


                      ------------------------------------------------------------------------------
2025-06-10 21:07:25     Matrix setup time        :	0 s
                        Solver setup             :	5 s
                        Degrees of freedom       :	195466
                        Number of mesh cells     :	30447

                        Stimulation port         :	Zmin
                        Mode number              :	1
                        Accuracy                 :	4.14069e-14
                        Iterations               :	1
                        Solver time              :	0 s


                      ------------------------------------------------------------------------------
2025-06-10 21:07:25     Total time               :	6 s

                      ------------------------------------------------------------------------------
2025-06-10 21:07:25   

                      ------------------------------------------------------------------------------
2025-06-10 21:07:25     Calculation 4 (Frequency: 29 GHz, Theta: 0, Phi: 0)


                      ------------------------------------------------------------------------------
2025-06-10 21:07:31     Matrix setup time        :	0 s
                        Solver setup             :	5 s
                        Degrees of freedom       :	195466
                        Number of mesh cells     :	30447

                        Stimulation port         :	Zmin
                        Mode number              :	1
                        Accuracy                 :	4.39841e-14
                        Iterations               :	1
                        Solver time              :	0 s


                      ------------------------------------------------------------------------------
2025-06-10 21:07:32     Total time               :	6 s

                      ------------------------------------------------------------------------------
2025-06-10 21:07:32   

                      ------------------------------------------------------------------------------
2025-06-10 21:07:32     Calculation 5 (Frequency: 23.804 GHz, Theta: 0, Phi: 0)


                      ------------------------------------------------------------------------------
2025-06-10 21:07:38     Matrix setup time        :	0 s
                        Solver setup             :	5 s
                        Degrees of freedom       :	195466
                        Number of mesh cells     :	30447

                        Stimulation port         :	Zmin
                        Mode number              :	1
                        Accuracy                 :	2.59547e-14
                        Iterations               :	1
                        Solver time              :	0 s


                      ------------------------------------------------------------------------------
2025-06-10 21:07:38     Total time               :	6 s

                      ------------------------------------------------------------------------------
2025-06-10 21:07:38   

                      ------------------------------------------------------------------------------
2025-06-10 21:07:38     Calculation 6 (Frequency: 27.332 GHz, Theta: 0, Phi: 0)


                      ------------------------------------------------------------------------------
2025-06-10 21:07:44     Matrix setup time        :	0 s
                        Solver setup             :	5 s
                        Degrees of freedom       :	195466
                        Number of mesh cells     :	30447

                        Stimulation port         :	Zmin
                        Mode number              :	1
                        Accuracy                 :	2.28887e-14
                        Iterations               :	1
                        Solver time              :	0 s


                      ------------------------------------------------------------------------------
2025-06-10 21:07:44     Total time               :	6 s

                      ------------------------------------------------------------------------------
2025-06-10 21:07:44   

                      ------------------------------------------------------------------------------
2025-06-10 21:07:44     Calculation 7 (Frequency: 22.424 GHz, Theta: 0, Phi: 0)


                      ------------------------------------------------------------------------------
2025-06-10 21:07:51     Matrix setup time        :	0 s
                        Solver setup             :	5 s
                        Degrees of freedom       :	195466
                        Number of mesh cells     :	30447

                        Stimulation port         :	Zmin
                        Mode number              :	1
                        Accuracy                 :	3.64513e-14
                        Iterations               :	1
                        Solver time              :	0 s


                      ------------------------------------------------------------------------------
2025-06-10 21:07:51     Total time               :	6 s

                      ------------------------------------------------------------------------------
2025-06-10 21:07:51   

                      ------------------------------------------------------------------------------
2025-06-10 21:07:51     Calculation 8 (Frequency: 27.944 GHz, Theta: 0, Phi: 0)


                      ------------------------------------------------------------------------------
2025-06-10 21:07:57     Matrix setup time        :	0 s
                        Solver setup             :	5 s
                        Degrees of freedom       :	195466
                        Number of mesh cells     :	30447

                        Stimulation port         :	Zmin
                        Mode number              :	1
                        Accuracy                 :	3.09453e-14
                        Iterations               :	1
                        Solver time              :	0 s


                      ------------------------------------------------------------------------------
2025-06-10 21:07:57     Total time               :	6 s

                      ------------------------------------------------------------------------------
2025-06-10 21:07:57   

                      ------------------------------------------------------------------------------
2025-06-10 21:07:57     Calculation 9 (Frequency: 23.396 GHz, Theta: 0, Phi: 0)


                      ------------------------------------------------------------------------------
2025-06-10 21:08:04     Matrix setup time        :	0 s
                        Solver setup             :	5 s
                        Degrees of freedom       :	195466
                        Number of mesh cells     :	30447

                        Stimulation port         :	Zmin
                        Mode number              :	1
                        Accuracy                 :	4.90466e-14
                        Iterations               :	1
                        Solver time              :	0 s


                      ------------------------------------------------------------------------------
2025-06-10 21:08:04     Total time               :	6 s

                      ------------------------------------------------------------------------------
2025-06-10 21:08:04   

                      ------------------------------------------------------------------------------
2025-06-10 21:08:04     Calculation 10 (Frequency: 29.468 GHz, Theta: 0, Phi: 0)


                      ------------------------------------------------------------------------------
2025-06-10 21:08:10     Matrix setup time        :	0 s
                        Solver setup             :	5 s
                        Degrees of freedom       :	195466
                        Number of mesh cells     :	30447

                        Stimulation port         :	Zmin
                        Mode number              :	1
                        Accuracy                 :	3.33385e-14
                        Iterations               :	1
                        Solver time              :	0 s


                      ------------------------------------------------------------------------------
2025-06-10 21:08:10     Total time               :	6 s

                      ------------------------------------------------------------------------------
2025-06-10 21:08:10   

                      ------------------------------------------------------------------------------
2025-06-10 21:08:10     Calculation 11 (Frequency: 22.016 GHz, Theta: 0, Phi: 0)


                      ------------------------------------------------------------------------------
2025-06-10 21:08:16     Matrix setup time        :	0 s
                        Solver setup             :	5 s
                        Degrees of freedom       :	195466
                        Number of mesh cells     :	30447

                        Stimulation port         :	Zmin
                        Mode number              :	1
                        Accuracy                 :	4.22004e-14
                        Iterations               :	1
                        Solver time              :	0 s


                      ------------------------------------------------------------------------------
2025-06-10 21:08:17     Total time               :	6 s

                      ------------------------------------------------------------------------------
2025-06-10 21:08:17   

                      ------------------------------------------------------------------------------
2025-06-10 21:08:17     Calculation 12 (Frequency: 22.676 GHz, Theta: 0, Phi: 0)


                      ------------------------------------------------------------------------------
2025-06-10 21:08:23     Matrix setup time        :	0 s
                        Solver setup             :	5 s
                        Degrees of freedom       :	195466
                        Number of mesh cells     :	30447

                        Stimulation port         :	Zmin
                        Mode number              :	1
                        Accuracy                 :	3.871e-14
                        Iterations               :	1
                        Solver time              :	0 s


                      ------------------------------------------------------------------------------
2025-06-10 21:08:23     Total time               :	6 s

                      ------------------------------------------------------------------------------
2025-06-10 21:08:23   

                      ------------------------------------------------------------------------------
2025-06-10 21:08:23     Calculation 13 (Frequency: 21.26 GHz, Theta: 0, Phi: 0)


                      ------------------------------------------------------------------------------
2025-06-10 21:08:30     Matrix setup time        :	0 s
                        Solver setup             :	5 s
                        Degrees of freedom       :	195466
                        Number of mesh cells     :	30447

                        Stimulation port         :	Zmin
                        Mode number              :	1
                        Accuracy                 :	3.00591e-14
                        Iterations               :	1
                        Solver time              :	0 s


                      ------------------------------------------------------------------------------
2025-06-10 21:08:30     Total time               :	6 s

                      ------------------------------------------------------------------------------
2025-06-10 21:08:30   

                      ------------------------------------------------------------------------------
2025-06-10 21:08:30     Calculation 14 (Frequency: 28.484 GHz, Theta: 0, Phi: 0)


                      ------------------------------------------------------------------------------
2025-06-10 21:08:36     Matrix setup time        :	0 s
                        Solver setup             :	5 s
                        Degrees of freedom       :	195466
                        Number of mesh cells     :	30447

                        Stimulation port         :	Zmin
                        Mode number              :	1
                        Accuracy                 :	2.95913e-14
                        Iterations               :	1
                        Solver time              :	0 s


                      ------------------------------------------------------------------------------
2025-06-10 21:08:36     Total time               :	6 s

                      ------------------------------------------------------------------------------
2025-06-10 21:08:36   

                      ------------------------------------------------------------------------------
2025-06-10 21:08:36     Calculation 15 (Frequency: 20.528 GHz, Theta: 0, Phi: 0)


                      ------------------------------------------------------------------------------
2025-06-10 21:08:43     Matrix setup time        :	0 s
                        Solver setup             :	5 s
                        Degrees of freedom       :	195466
                        Number of mesh cells     :	30447

                        Stimulation port         :	Zmin
                        Mode number              :	1
                        Accuracy                 :	3.15344e-14
                        Iterations               :	1
                        Solver time              :	0 s


                      ------------------------------------------------------------------------------
2025-06-10 21:08:43     Total time               :	6 s

                      ------------------------------------------------------------------------------
2025-06-10 21:08:43   

                      ------------------------------------------------------------------------------
2025-06-10 21:08:43     Calculation 16 (Frequency: 22.136 GHz, Theta: 0, Phi: 0)


                      ------------------------------------------------------------------------------
2025-06-10 21:08:49     Matrix setup time        :	0 s
                        Solver setup             :	5 s
                        Degrees of freedom       :	195466
                        Number of mesh cells     :	30447

                        Stimulation port         :	Zmin
                        Mode number              :	1
                        Accuracy                 :	4.92227e-14
                        Iterations               :	1
                        Solver time              :	0 s


                      ------------------------------------------------------------------------------
2025-06-10 21:08:50     Total time               :	6 s

                      ------------------------------------------------------------------------------
2025-06-10 21:08:50   

                      ------------------------------------------------------------------------------
2025-06-10 21:08:50     Calculation 17 (Frequency: 21.716 GHz, Theta: 0, Phi: 0)


                      ------------------------------------------------------------------------------
2025-06-10 21:08:56     Matrix setup time        :	0 s
                        Solver setup             :	5 s
                        Degrees of freedom       :	195466
                        Number of mesh cells     :	30447

                        Stimulation port         :	Zmin
                        Mode number              :	1
                        Accuracy                 :	4.46308e-14
                        Iterations               :	1
                        Solver time              :	0 s


                      ------------------------------------------------------------------------------
2025-06-10 21:08:56     Total time               :	6 s

                      ------------------------------------------------------------------------------
2025-06-10 21:08:56   

                      ------------------------------------------------------------------------------
2025-06-10 21:08:56     Calculation 18 (Frequency: 24.392 GHz, Theta: 0, Phi: 0)


                      ------------------------------------------------------------------------------
2025-06-10 21:09:03     Matrix setup time        :	0 s
                        Solver setup             :	6 s
                        Degrees of freedom       :	195466
                        Number of mesh cells     :	30447

                        Stimulation port         :	Zmin
                        Mode number              :	1
                        Accuracy                 :	3.00443e-14
                        Iterations               :	1
                        Solver time              :	0 s


                      ------------------------------------------------------------------------------
2025-06-10 21:09:03     Total time               :	6 s

                      ------------------------------------------------------------------------------
2025-06-10 21:09:03   

                      ------------------------------------------------------------------------------
2025-06-10 21:09:03     Calculation 19 (Frequency: 30.908 GHz, Theta: 0, Phi: 0)


                      ------------------------------------------------------------------------------
2025-06-10 21:09:10     Matrix setup time        :	0 s
                        Solver setup             :	5 s
                        Degrees of freedom       :	195466
                        Number of mesh cells     :	30447

                        Stimulation port         :	Zmin
                        Mode number              :	1
                        Accuracy                 :	2.68664e-14
                        Iterations               :	1
                        Solver time              :	0 s


                      ------------------------------------------------------------------------------
2025-06-10 21:09:10     Total time               :	6 s

                      ------------------------------------------------------------------------------
2025-06-10 21:09:10   

                      ------------------------------------------------------------------------------
2025-06-10 21:09:10     Calculation 20 (Frequency: 28.892 GHz, Theta: 0, Phi: 0)


                      ------------------------------------------------------------------------------
2025-06-10 21:09:17     Matrix setup time        :	0 s
                        Solver setup             :	5 s
                        Degrees of freedom       :	195466
                        Number of mesh cells     :	30447

                        Stimulation port         :	Zmin
                        Mode number              :	1
                        Accuracy                 :	2.19004e-14
                        Iterations               :	1
                        Solver time              :	0 s


                      ------------------------------------------------------------------------------
2025-06-10 21:09:17     Total time               :	6 s

                      ------------------------------------------------------------------------------
2025-06-10 21:09:17   

                      ------------------------------------------------------------------------------
2025-06-10 21:09:17     Calculation 21 (Frequency: 31.364 GHz, Theta: 0, Phi: 0)


                      ------------------------------------------------------------------------------
2025-06-10 21:09:24     Matrix setup time        :	0 s
                        Solver setup             :	6 s
                        Degrees of freedom       :	195466
                        Number of mesh cells     :	30447

                        Stimulation port         :	Zmin
                        Mode number              :	1
                        Accuracy                 :	2.23645e-14
                        Iterations               :	1
                        Solver time              :	0 s


                      ------------------------------------------------------------------------------
2025-06-10 21:09:24     Total time               :	6 s

                      ------------------------------------------------------------------------------
2025-06-10 21:09:24   

                      ------------------------------------------------------------------------------
2025-06-10 21:09:24     Calculation 22 (Frequency: 30.14 GHz, Theta: 0, Phi: 0)


                      ------------------------------------------------------------------------------
2025-06-10 21:09:31     Matrix setup time        :	0 s
                        Solver setup             :	6 s
                        Degrees of freedom       :	195466
                        Number of mesh cells     :	30447

                        Stimulation port         :	Zmin
                        Mode number              :	1
                        Accuracy                 :	4.76887e-14
                        Iterations               :	1
                        Solver time              :	0 s


                      ------------------------------------------------------------------------------
2025-06-10 21:09:31     Total time               :	6 s

                      ------------------------------------------------------------------------------
2025-06-10 21:09:31   

                      ------------------------------------------------------------------------------
2025-06-10 21:09:31     Calculation 23 (Frequency: 23.9 GHz, Theta: 0, Phi: 0)


                      ------------------------------------------------------------------------------
2025-06-10 21:09:38     Matrix setup time        :	0 s
                        Solver setup             :	6 s
                        Degrees of freedom       :	195466
                        Number of mesh cells     :	30447

                        Stimulation port         :	Zmin
                        Mode number              :	1
                        Accuracy                 :	2.67992e-14
                        Iterations               :	1
                        Solver time              :	0 s


                      ------------------------------------------------------------------------------
2025-06-10 21:09:38     Total time               :	7 s

                      ------------------------------------------------------------------------------
2025-06-10 21:09:38   

                      ------------------------------------------------------------------------------
2025-06-10 21:09:38     Calculation 24 (Frequency: 29.78 GHz, Theta: 0, Phi: 0)


                      ------------------------------------------------------------------------------
2025-06-10 21:09:45     Matrix setup time        :	0 s
                        Solver setup             :	6 s
                        Degrees of freedom       :	195466
                        Number of mesh cells     :	30447

                        Stimulation port         :	Zmin
                        Mode number              :	1
                        Accuracy                 :	2.60645e-14
                        Iterations               :	1
                        Solver time              :	0 s


                      ------------------------------------------------------------------------------
2025-06-10 21:09:45     Total time               :	6 s

                      ------------------------------------------------------------------------------
2025-06-10 21:09:45   

                      ------------------------------------------------------------------------------
2025-06-10 21:09:45     Calculation 25 (Frequency: 30.428 GHz, Theta: 0, Phi: 0)


                      ------------------------------------------------------------------------------
2025-06-10 21:09:53     Matrix setup time        :	0 s
                        Solver setup             :	6 s
                        Degrees of freedom       :	195466
                        Number of mesh cells     :	30447

                        Stimulation port         :	Zmin
                        Mode number              :	1
                        Accuracy                 :	3.41837e-14
                        Iterations               :	1
                        Solver time              :	0 s


                      ------------------------------------------------------------------------------
2025-06-10 21:09:53     Total time               :	7 s

                      ------------------------------------------------------------------------------
2025-06-10 21:09:53   

                      ------------------------------------------------------------------------------
2025-06-10 21:09:53     Calculation 26 (Frequency: 27.668 GHz, Theta: 0, Phi: 0)


                      ------------------------------------------------------------------------------
2025-06-10 21:10:00     Matrix setup time        :	0 s
                        Solver setup             :	6 s
                        Degrees of freedom       :	195466
                        Number of mesh cells     :	30447

                        Stimulation port         :	Zmin
                        Mode number              :	1
                        Accuracy                 :	5.50612e-14
                        Iterations               :	1
                        Solver time              :	0 s


                      ------------------------------------------------------------------------------
2025-06-10 21:10:00     Total time               :	7 s

                      ------------------------------------------------------------------------------
2025-06-10 21:10:00   

                      ------------------------------------------------------------------------------
2025-06-10 21:10:00     Calculation 27 (Frequency: 26.96 GHz, Theta: 0, Phi: 0)


                      ------------------------------------------------------------------------------
2025-06-10 21:10:08     Matrix setup time        :	0 s
                        Solver setup             :	6 s
                        Degrees of freedom       :	195466
                        Number of mesh cells     :	30447

                        Stimulation port         :	Zmin
                        Mode number              :	1
                        Accuracy                 :	3.96114e-14
                        Iterations               :	1
                        Solver time              :	0 s


                      ------------------------------------------------------------------------------
2025-06-10 21:10:08     Total time               :	7 s

                      ------------------------------------------------------------------------------
2025-06-10 21:10:08   

                      ------------------------------------------------------------------------------
2025-06-10 21:10:08     Calculation 28 (Frequency: 24.98 GHz, Theta: 0, Phi: 0)


                      ------------------------------------------------------------------------------
2025-06-10 21:10:15     Matrix setup time        :	0 s
                        Solver setup             :	6 s
                        Degrees of freedom       :	195466
                        Number of mesh cells     :	30447

                        Stimulation port         :	Zmin
                        Mode number              :	1
                        Accuracy                 :	2.75453e-14
                        Iterations               :	1
                        Solver time              :	0 s


                      ------------------------------------------------------------------------------
2025-06-10 21:10:16     Total time               :	7 s

                      ------------------------------------------------------------------------------
2025-06-10 21:10:16   

                      ------------------------------------------------------------------------------
2025-06-10 21:10:16     Calculation 29 (Frequency: 26.672 GHz, Theta: 0, Phi: 0)


                      ------------------------------------------------------------------------------
2025-06-10 21:10:24     Matrix setup time        :	0 s
                        Solver setup             :	7 s
                        Degrees of freedom       :	195466
                        Number of mesh cells     :	30447

                        Stimulation port         :	Zmin
                        Mode number              :	1
                        Accuracy                 :	3.49631e-14
                        Iterations               :	1
                        Solver time              :	0 s


                      ------------------------------------------------------------------------------
2025-06-10 21:10:24     Total time               :	8 s

                      ------------------------------------------------------------------------------
2025-06-10 21:10:24   

                      ------------------------------------------------------------------------------
2025-06-10 21:10:24     Calculation 30 (Frequency: 25.316 GHz, Theta: 0, Phi: 0)


                      ------------------------------------------------------------------------------
2025-06-10 21:10:38     Matrix setup time        :	0 s
                        Solver setup             :	12 s
                        Degrees of freedom       :	195466
                        Number of mesh cells     :	30447

                        Stimulation port         :	Zmin
                        Mode number              :	1
                        Accuracy                 :	2.95543e-14
                        Iterations               :	1
                        Solver time              :	0 s


                      ------------------------------------------------------------------------------
2025-06-10 21:10:38     Total time               :	13 s

                      ------------------------------------------------------------------------------
2025-06-10 21:10:38   

                      ------------------------------------------------------------------------------
2025-06-10 21:10:38   Finished the general purpose interpolative broadband frequency sweep:
                      All broadband sweep convergence criteria have been satisfied after
                      calculating 30 frequency samples:

                        Broadband sweep error threshold value :  0.01 (All S-Parameters) 
                        Number of error criterion checks      :  2 (All S-Parameters) 
                        Minimum number of samples             :  3
                        Number of data samples, linear        :  1001

                      ------------------------------------------------------------------------------
2025-06-10 21:10:38     Number of mesh cells     :	30447
                        Degrees of freedom       :	194146
                        Total Solver Time        :	241 s	 (= 0 h, 04 m, 01 s)
                      ================================================================================



                      ------------------------------------------------------------------------------
2025-06-10 21:10:38     ----------------------------------------------------------------------------
                                            Peak memory used (kB)         Free physical memory (kB) 
                                                                          At begin     Minimum      
                        ----------------------------------------------------------------------------
                        Solver start        22240                         8841232      8840476      
                        Eq. system setup    3301952                       8835424      7527640      
                        Eq. system solve    3301952                       8792664      5038828      
                        Mesh refinement     2187460                       8597880      8130724      
                        Solver run total    3301952                       8841236      5038828      

                        Computer name       Tahsin
                        ----------------------------------------------------------------------------


                      ------------------------------------------------------------------------------
2025-06-10 21:10:38   Running postprocessing.

                      ------------------------------------------------------------------------------
2025-06-10 21:10:39   Postprocessing finished.

                      ------------------------------------------------------------------------------
