2025-03-29 00:41:04   *** Warning ***

                      Electric isotropic material [Copper (pure)] has a very high conductivity for
                      the given mesh. Depending on your configuration it may be better to use a lossy
                      metal type for this material. More...

                      ------------------------------------------------------------------------------
2025-03-29 00:41:04   In order to get an optimal performance, hyperthreading is ignored for parallel
                      computations.

                      ------------------------------------------------------------------------------
2025-03-29 00:41:07   Units settings: 

                        Dimensions: mm
                        Frequency:  GHz
                        Time:       s

                      ------------------------------------------------------------------------------
2025-03-29 00:41:07   Boundary conditions: 

                        YZsymmetry: none
                        XZsymmetry: none
                        XYsymmetry: none

                        Xmin: unit cell
                        Xmax: unit cell

                        Ymin: unit cell
                        Ymax: unit cell

                        Zmin: expanded open
                        Zmax: expanded open

                      ------------------------------------------------------------------------------
2025-03-29 00:41:07   Order settings: 

                        Solver order   : 2nd (constant)
                        Curved elements: up to order 3 (automatic)

                      ------------------------------------------------------------------------------
2025-03-29 00:41:07   An iterative solver will be used first.

                      ------------------------------------------------------------------------------
2025-03-29 00:41:07     Mesh time                :	2 s


                      ------------------------------------------------------------------------------
2025-03-29 00:41:07   
                      ================================================================================
                      Frequency Domain Solver calculation cycle started

                      ------------------------------------------------------------------------------
2025-03-29 00:41:07   Solver started at: 2025-03-29 00:41:07 +0600

                        Module:  Frequency Domain: S-Parameter (Win 64)
                        Version: 2024.1 Release from 2023-10-16 (change 1181985)

                      ------------------------------------------------------------------------------
2025-03-29 00:41:07   The low frequency stabilization is not applied to periodic problems.

                      ------------------------------------------------------------------------------
2025-03-29 00:41:07     Calculation 1 of 1 (Frequency: 32 GHz, Theta: 0, Phi: 0)


                      ------------------------------------------------------------------------------
2025-03-29 00:41:07   The wavelength based mesh refinement has been applied to 4.3% of all mesh edges.

                      ------------------------------------------------------------------------------
2025-03-29 00:41:08   For some elements the curvature had to be reduced to maintain the quality of the mesh. More...

                      ------------------------------------------------------------------------------
2025-03-29 00:41:08   Adaptive mesh refinement pass 1

                      ------------------------------------------------------------------------------
2025-03-29 00:41:15   *** Warning ***

2025-03-29 00:41:15   Detected possible stagnation of the iterative solver (6.127649e-02 after 250 iterations.)
                      Please consider aborting the solver run, and check your simulation setup.  More...

                      ------------------------------------------------------------------------------
2025-03-29 00:41:21   *** Warning ***

2025-03-29 00:41:21   The solver stopped because the maximum number of iterations (500, used for automatic solver choice) has been reached.

                      ------------------------------------------------------------------------------
2025-03-29 00:41:21   Solving again, but with the direct solver. Please consider forcing the direct solver in the solver special settings, and
                      check your simulation setup (for instance source and material definitions.)

                      ------------------------------------------------------------------------------
2025-03-29 00:41:22     Matrix setup time        :	0 s
                        Degrees of freedom       :	39126
                        Number of mesh cells     :	5982

                        Stimulation port         :	Zmin
                        Mode number              :	1
                        Accuracy                 :	1.17907e-13
                        Iterations               :	1
                        Solver time              :	0 s


                      ------------------------------------------------------------------------------
2025-03-29 00:41:22   21% of all mesh edges seem to be longer than expected. The adaptive mesh refinement's growth limitation will therefore 
                      use 13593 instead of 4216 mesh cells as a reference.

                      ------------------------------------------------------------------------------
2025-03-29 00:41:23   The wavelength based mesh refinement has been applied to 0.2% of all mesh edges.

                      ------------------------------------------------------------------------------
2025-03-29 00:41:23   For some elements the curvature had to be reduced to maintain the quality of the mesh. More...

                      ------------------------------------------------------------------------------
2025-03-29 00:41:24   Adaptive mesh refinement pass 2

                      ------------------------------------------------------------------------------
2025-03-29 00:41:26     Matrix setup time        :	0 s
                        Solver setup             :	1 s
                        Degrees of freedom       :	70740
                        Number of mesh cells     :	10937

                        Stimulation port         :	Zmin
                        Mode number              :	1
                        Accuracy                 :	6.93659e-14
                        Iterations               :	1
                        Solver time              :	0 s


                      ------------------------------------------------------------------------------
2025-03-29 00:41:26     Delta calculation        
2025-03-29 00:41:26     All S-Parameters         :	0.0695347
2025-03-29 00:41:26   

                      ------------------------------------------------------------------------------
2025-03-29 00:41:27   For some elements the curvature had to be reduced to maintain the quality of the mesh. More...

                      ------------------------------------------------------------------------------
2025-03-29 00:41:27   Adaptive mesh refinement pass 3

                      ------------------------------------------------------------------------------
2025-03-29 00:41:31     Matrix setup time        :	0 s
                        Solver setup             :	3 s
                        Degrees of freedom       :	121866
                        Number of mesh cells     :	18970

                        Stimulation port         :	Zmin
                        Mode number              :	1
                        Accuracy                 :	6.17089e-14
                        Iterations               :	1
                        Solver time              :	0 s


                      ------------------------------------------------------------------------------
2025-03-29 00:41:31     Delta calculation        
2025-03-29 00:41:31     All S-Parameters         :	0.0921037
2025-03-29 00:41:31   

                      ------------------------------------------------------------------------------
2025-03-29 00:41:33   For some elements the curvature had to be reduced to maintain the quality of the mesh. More...

                      ------------------------------------------------------------------------------
2025-03-29 00:41:33   Adaptive mesh refinement pass 4

                      ------------------------------------------------------------------------------
2025-03-29 00:41:40     Matrix setup time        :	0 s
                        Solver setup             :	5 s
                        Degrees of freedom       :	181652
                        Number of mesh cells     :	28371

                        Stimulation port         :	Zmin
                        Mode number              :	1
                        Accuracy                 :	4.19026e-14
                        Iterations               :	1
                        Solver time              :	0 s


                      ------------------------------------------------------------------------------
2025-03-29 00:41:40     Delta calculation        
2025-03-29 00:41:40     All S-Parameters         :	0.113928
2025-03-29 00:41:40   

                      ------------------------------------------------------------------------------
2025-03-29 00:41:43   For some elements the curvature had to be slightly reduced to maintain the quality of the mesh. More...

                      ------------------------------------------------------------------------------
2025-03-29 00:41:43   Adaptive mesh refinement pass 5

                      ------------------------------------------------------------------------------
2025-03-29 00:41:53     Matrix setup time        :	0 s
                        Solver setup             :	8 s
                        Degrees of freedom       :	269476
                        Number of mesh cells     :	42158

                        Stimulation port         :	Zmin
                        Mode number              :	1
                        Accuracy                 :	3.62055e-14
                        Iterations               :	1
                        Solver time              :	0 s


                      ------------------------------------------------------------------------------
2025-03-29 00:41:54     Delta calculation        
2025-03-29 00:41:54     All S-Parameters         :	0.075416
2025-03-29 00:41:54   

                      ------------------------------------------------------------------------------
2025-03-29 00:41:58   Adaptive mesh refinement pass 6

                      ------------------------------------------------------------------------------
2025-03-29 00:42:11   *** Warning ***

2025-03-29 00:42:11   Low memory: Only 1.49 GB of 15.91 GB available.


                      ------------------------------------------------------------------------------
2025-03-29 00:42:21     Matrix setup time        :	1 s
                        Solver setup             :	21 s
                        Degrees of freedom       :	405070
                        Number of mesh cells     :	63356

                        Stimulation port         :	Zmin
                        Mode number              :	1
                        Accuracy                 :	3.38754e-14
                        Iterations               :	1
                        Solver time              :	0 s


                      ------------------------------------------------------------------------------
2025-03-29 00:42:21     Delta calculation        
2025-03-29 00:42:21     All S-Parameters         :	0.0317187
2025-03-29 00:42:21   

                      ------------------------------------------------------------------------------
2025-03-29 00:42:26   For some elements the curvature had to be slightly reduced to maintain the quality of the mesh. More...

                      ------------------------------------------------------------------------------
2025-03-29 00:42:27   Adaptive mesh refinement pass 7

                      ------------------------------------------------------------------------------
2025-03-29 00:42:34   Low memory detected! The solver uses hard disk space to store data. This might reduce solver performance.

                      ------------------------------------------------------------------------------
2025-03-29 00:43:49     Matrix setup time        :	1 s
                        Solver setup             :	70 s
                        Degrees of freedom       :	564126
                        Number of mesh cells     :	88279

                        Stimulation port         :	Zmin
                        Mode number              :	1
                        Accuracy                 :	3.29842e-14
                        Iterations               :	1
                        Solver time              :	9 s


                      ------------------------------------------------------------------------------
2025-03-29 00:43:50     Delta calculation        
2025-03-29 00:43:50     All S-Parameters         :	0.0235566
2025-03-29 00:43:50   

                      ------------------------------------------------------------------------------
2025-03-29 00:43:57   Adaptive mesh refinement pass 8

                      ------------------------------------------------------------------------------
2025-03-29 00:45:52     Matrix setup time        :	2 s
                        Solver setup             :	94 s
                        Degrees of freedom       :	733208
                        Number of mesh cells     :	114757

                        Stimulation port         :	Zmin
                        Mode number              :	1
                        Accuracy                 :	4.86622e-14
                        Iterations               :	1
                        Solver time              :	17 s


                      ------------------------------------------------------------------------------
2025-03-29 00:45:53     Delta calculation        
2025-03-29 00:45:53     All S-Parameters         :	0.0108878
2025-03-29 00:45:53   

                      ------------------------------------------------------------------------------
2025-03-29 00:45:53   Mesh adaptation terminated because the desired accuracy limit is reached.

                      ------------------------------------------------------------------------------
2025-03-29 00:45:53   *** Warning ***

2025-03-29 00:45:53   At least one propagating Floquet mode is not considered at port Zmin. Please increase the number of modes at this port. 
                      More...

                      ------------------------------------------------------------------------------
2025-03-29 00:45:53   *** Warning ***

2025-03-29 00:45:53   At least one propagating Floquet mode is not considered at port Zmax. Please increase the number of modes at this port. 
                      More...

                      ------------------------------------------------------------------------------
2025-03-29 00:45:53     Total time               :	285 s	 (= 0 h, 04 m, 45 s)

                      ------------------------------------------------------------------------------
2025-03-29 00:45:53   

                      ------------------------------------------------------------------------------
2025-03-29 00:45:53     Calculation 2 (Frequency: 20 GHz, Theta: 0, Phi: 0)


                      ------------------------------------------------------------------------------
2025-03-29 00:47:28     Matrix setup time        :	1 s
                        Solver setup             :	79 s
                        Degrees of freedom       :	733208
                        Number of mesh cells     :	114757

                        Stimulation port         :	Zmin
                        Mode number              :	1
                        Accuracy                 :	5.95498e-14
                        Iterations               :	1
                        Solver time              :	14 s


                      ------------------------------------------------------------------------------
2025-03-29 00:47:30     Total time               :	95 s	 (= 0 h, 01 m, 35 s)

                      ------------------------------------------------------------------------------
2025-03-29 00:47:30   

                      ------------------------------------------------------------------------------
2025-03-29 00:47:30     Calculation 3 (Frequency: 26 GHz, Theta: 0, Phi: 0)


                      ------------------------------------------------------------------------------
2025-03-29 00:48:55     Matrix setup time        :	1 s
                        Solver setup             :	74 s
                        Degrees of freedom       :	733208
                        Number of mesh cells     :	114757

                        Stimulation port         :	Zmin
                        Mode number              :	1
                        Accuracy                 :	5.9176e-14
                        Iterations               :	1
                        Solver time              :	10 s


                      ------------------------------------------------------------------------------
2025-03-29 00:48:57     Total time               :	86 s	 (= 0 h, 01 m, 26 s)

                      ------------------------------------------------------------------------------
2025-03-29 00:48:57   

                      ------------------------------------------------------------------------------
2025-03-29 00:48:57     Calculation 4 (Frequency: 29 GHz, Theta: 0, Phi: 0)


                      ------------------------------------------------------------------------------
2025-03-29 00:50:20     Matrix setup time        :	1 s
                        Solver setup             :	73 s
                        Degrees of freedom       :	733208
                        Number of mesh cells     :	114757

                        Stimulation port         :	Zmin
                        Mode number              :	1
                        Accuracy                 :	4.11943e-14
                        Iterations               :	1
                        Solver time              :	7 s


                      ------------------------------------------------------------------------------
2025-03-29 00:50:21     Total time               :	84 s	 (= 0 h, 01 m, 24 s)

                      ------------------------------------------------------------------------------
2025-03-29 00:50:21   

                      ------------------------------------------------------------------------------
2025-03-29 00:50:21     Calculation 5 (Frequency: 24.944 GHz, Theta: 0, Phi: 0)


                      ------------------------------------------------------------------------------
2025-03-29 00:51:37     Matrix setup time        :	1 s
                        Solver setup             :	68 s
                        Degrees of freedom       :	733208
                        Number of mesh cells     :	114757

                        Stimulation port         :	Zmin
                        Mode number              :	1
                        Accuracy                 :	2.91697e-14
                        Iterations               :	1
                        Solver time              :	6 s


                      ------------------------------------------------------------------------------
2025-03-29 00:51:38     Total time               :	76 s	 (= 0 h, 01 m, 16 s)

                      ------------------------------------------------------------------------------
2025-03-29 00:51:38   

                      ------------------------------------------------------------------------------
2025-03-29 00:51:38     Calculation 6 (Frequency: 28.208 GHz, Theta: 0, Phi: 0)


                      ------------------------------------------------------------------------------
2025-03-29 00:52:15   *** Warning ***

2025-03-29 00:52:15   Low memory: Only 1.30 GB of 15.91 GB available.


                      ------------------------------------------------------------------------------
2025-03-29 00:52:55     Matrix setup time        :	1 s
                        Solver setup             :	70 s
                        Degrees of freedom       :	733208
                        Number of mesh cells     :	114757

                        Stimulation port         :	Zmin
                        Mode number              :	1
                        Accuracy                 :	3.5148e-14
                        Iterations               :	1
                        Solver time              :	4 s


                      ------------------------------------------------------------------------------
2025-03-29 00:52:56     Total time               :	77 s	 (= 0 h, 01 m, 17 s)

                      ------------------------------------------------------------------------------
2025-03-29 00:52:56   

                      ------------------------------------------------------------------------------
2025-03-29 00:52:56     Calculation 7 (Frequency: 21.812 GHz, Theta: 0, Phi: 0)


                      ------------------------------------------------------------------------------
2025-03-29 00:54:07     Matrix setup time        :	1 s
                        Solver setup             :	66 s
                        Degrees of freedom       :	733208
                        Number of mesh cells     :	114757

                        Stimulation port         :	Zmin
                        Mode number              :	1
                        Accuracy                 :	5.74513e-14
                        Iterations               :	1
                        Solver time              :	3 s


                      ------------------------------------------------------------------------------
2025-03-29 00:54:08     Total time               :	71 s	 (= 0 h, 01 m, 11 s)

                      ------------------------------------------------------------------------------
2025-03-29 00:54:08   

                      ------------------------------------------------------------------------------
2025-03-29 00:54:08     Calculation 8 (Frequency: 30.272 GHz, Theta: 0, Phi: 0)


                      ------------------------------------------------------------------------------
2025-03-29 00:55:16     Matrix setup time        :	1 s
                        Solver setup             :	65 s
                        Degrees of freedom       :	733208
                        Number of mesh cells     :	114757

                        Stimulation port         :	Zmin
                        Mode number              :	1
                        Accuracy                 :	4.36701e-14
                        Iterations               :	1
                        Solver time              :	1 s


                      ------------------------------------------------------------------------------
2025-03-29 00:55:17     Total time               :	68 s	 (= 0 h, 01 m, 08 s)

                      ------------------------------------------------------------------------------
2025-03-29 00:55:17   

                      ------------------------------------------------------------------------------
2025-03-29 00:55:17     Calculation 9 (Frequency: 27.68 GHz, Theta: 0, Phi: 0)


                      ------------------------------------------------------------------------------
2025-03-29 00:56:21     Matrix setup time        :	1 s
                        Solver setup             :	61 s
                        Degrees of freedom       :	733208
                        Number of mesh cells     :	114757

                        Stimulation port         :	Zmin
                        Mode number              :	1
                        Accuracy                 :	7.03367e-14
                        Iterations               :	1
                        Solver time              :	0 s


                      ------------------------------------------------------------------------------
2025-03-29 00:56:22     Total time               :	64 s	 (= 0 h, 01 m, 04 s)

                      ------------------------------------------------------------------------------
2025-03-29 00:56:22   

                      ------------------------------------------------------------------------------
2025-03-29 00:56:22     Calculation 10 (Frequency: 29.648 GHz, Theta: 0, Phi: 0)


                      ------------------------------------------------------------------------------
2025-03-29 00:57:26     Matrix setup time        :	1 s
                        Solver setup             :	61 s
                        Degrees of freedom       :	733208
                        Number of mesh cells     :	114757

                        Stimulation port         :	Zmin
                        Mode number              :	1
                        Accuracy                 :	3.4753e-14
                        Iterations               :	1
                        Solver time              :	0 s


                      ------------------------------------------------------------------------------
2025-03-29 00:57:27     Total time               :	64 s	 (= 0 h, 01 m, 04 s)

                      ------------------------------------------------------------------------------
2025-03-29 00:57:27   

                      ------------------------------------------------------------------------------
2025-03-29 00:57:27     Calculation 11 (Frequency: 30.68 GHz, Theta: 0, Phi: 0)


                      ------------------------------------------------------------------------------
2025-03-29 00:58:33     Matrix setup time        :	1 s
                        Solver setup             :	63 s
                        Degrees of freedom       :	733208
                        Number of mesh cells     :	114757

                        Stimulation port         :	Zmin
                        Mode number              :	1
                        Accuracy                 :	4.17963e-14
                        Iterations               :	1
                        Solver time              :	0 s


                      ------------------------------------------------------------------------------
2025-03-29 00:58:34     Total time               :	67 s	 (= 0 h, 01 m, 07 s)

                      ------------------------------------------------------------------------------
2025-03-29 00:58:34   

                      ------------------------------------------------------------------------------
2025-03-29 00:58:34     Calculation 12 (Frequency: 28.484 GHz, Theta: 0, Phi: 0)


                      ------------------------------------------------------------------------------
2025-03-29 00:59:43     Matrix setup time        :	1 s
                        Solver setup             :	65 s
                        Degrees of freedom       :	733208
                        Number of mesh cells     :	114757

                        Stimulation port         :	Zmin
                        Mode number              :	1
                        Accuracy                 :	5.41626e-14
                        Iterations               :	1
                        Solver time              :	2 s


                      ------------------------------------------------------------------------------
2025-03-29 00:59:44     Total time               :	69 s	 (= 0 h, 01 m, 09 s)

                      ------------------------------------------------------------------------------
2025-03-29 00:59:44   

                      ------------------------------------------------------------------------------
2025-03-29 00:59:44     Calculation 13 (Frequency: 29.912 GHz, Theta: 0, Phi: 0)


                      ------------------------------------------------------------------------------
2025-03-29 01:00:53     Matrix setup time        :	1 s
                        Solver setup             :	65 s
                        Degrees of freedom       :	733208
                        Number of mesh cells     :	114757

                        Stimulation port         :	Zmin
                        Mode number              :	1
                        Accuracy                 :	4.37655e-14
                        Iterations               :	1
                        Solver time              :	1 s


                      ------------------------------------------------------------------------------
2025-03-29 01:00:54     Total time               :	69 s	 (= 0 h, 01 m, 09 s)

                      ------------------------------------------------------------------------------
2025-03-29 01:00:54   

                      ------------------------------------------------------------------------------
2025-03-29 01:00:54     Calculation 14 (Frequency: 26.888 GHz, Theta: 0, Phi: 0)


                      ------------------------------------------------------------------------------
2025-03-29 01:02:02     Matrix setup time        :	1 s
                        Solver setup             :	65 s
                        Degrees of freedom       :	733208
                        Number of mesh cells     :	114757

                        Stimulation port         :	Zmin
                        Mode number              :	1
                        Accuracy                 :	4.06229e-14
                        Iterations               :	1
                        Solver time              :	2 s


                      ------------------------------------------------------------------------------
2025-03-29 01:02:03     Total time               :	69 s	 (= 0 h, 01 m, 09 s)

                      ------------------------------------------------------------------------------
2025-03-29 01:02:03   

                      ------------------------------------------------------------------------------
2025-03-29 01:02:04     Calculation 15 (Frequency: 23.96 GHz, Theta: 0, Phi: 0)


                      ------------------------------------------------------------------------------
2025-03-29 01:02:37   *** Warning ***

2025-03-29 01:02:37   Low memory: Only 1.27 GB of 15.91 GB available.


                      ------------------------------------------------------------------------------
2025-03-29 01:03:15     Matrix setup time        :	1 s
                        Solver setup             :	66 s
                        Degrees of freedom       :	733208
                        Number of mesh cells     :	114757

                        Stimulation port         :	Zmin
                        Mode number              :	1
                        Accuracy                 :	2.19489e-14
                        Iterations               :	1
                        Solver time              :	3 s


                      ------------------------------------------------------------------------------
2025-03-29 01:03:17     Total time               :	72 s	 (= 0 h, 01 m, 12 s)

                      ------------------------------------------------------------------------------
2025-03-29 01:03:17   

                      ------------------------------------------------------------------------------
2025-03-29 01:03:17     Calculation 16 (Frequency: 25.256 GHz, Theta: 0, Phi: 0)


                      ------------------------------------------------------------------------------
2025-03-29 01:04:27     Matrix setup time        :	1 s
                        Solver setup             :	66 s
                        Degrees of freedom       :	733208
                        Number of mesh cells     :	114757

                        Stimulation port         :	Zmin
                        Mode number              :	1
                        Accuracy                 :	4.3708e-14
                        Iterations               :	1
                        Solver time              :	2 s


                      ------------------------------------------------------------------------------
2025-03-29 01:04:28     Total time               :	71 s	 (= 0 h, 01 m, 11 s)

                      ------------------------------------------------------------------------------
2025-03-29 01:04:28   

                      ------------------------------------------------------------------------------
2025-03-29 01:04:29     Calculation 17 (Frequency: 29.336 GHz, Theta: 0, Phi: 0)


                      ------------------------------------------------------------------------------
2025-03-29 01:05:36     Matrix setup time        :	1 s
                        Solver setup             :	65 s
                        Degrees of freedom       :	733208
                        Number of mesh cells     :	114757

                        Stimulation port         :	Zmin
                        Mode number              :	1
                        Accuracy                 :	3.1191e-14
                        Iterations               :	1
                        Solver time              :	1 s


                      ------------------------------------------------------------------------------
2025-03-29 01:05:38     Total time               :	68 s	 (= 0 h, 01 m, 08 s)

                      ------------------------------------------------------------------------------
2025-03-29 01:05:38   

                      ------------------------------------------------------------------------------
2025-03-29 01:05:38     Calculation 18 (Frequency: 22.844 GHz, Theta: 0, Phi: 0)


                      ------------------------------------------------------------------------------
2025-03-29 01:06:44     Matrix setup time        :	1 s
                        Solver setup             :	64 s
                        Degrees of freedom       :	733208
                        Number of mesh cells     :	114757

                        Stimulation port         :	Zmin
                        Mode number              :	1
                        Accuracy                 :	2.85576e-14
                        Iterations               :	1
                        Solver time              :	1 s


                      ------------------------------------------------------------------------------
2025-03-29 01:06:45     Total time               :	67 s	 (= 0 h, 01 m, 07 s)

                      ------------------------------------------------------------------------------
2025-03-29 01:06:45   

                      ------------------------------------------------------------------------------
2025-03-29 01:06:45     Calculation 19 (Frequency: 21.176 GHz, Theta: 0, Phi: 0)


                      ------------------------------------------------------------------------------
2025-03-29 01:07:57     Matrix setup time        :	1 s
                        Solver setup             :	68 s
                        Degrees of freedom       :	733208
                        Number of mesh cells     :	114757

                        Stimulation port         :	Zmin
                        Mode number              :	1
                        Accuracy                 :	8.47785e-14
                        Iterations               :	1
                        Solver time              :	1 s


                      ------------------------------------------------------------------------------
2025-03-29 01:07:58     Total time               :	72 s	 (= 0 h, 01 m, 12 s)

                      ------------------------------------------------------------------------------
2025-03-29 01:07:58   

                      ------------------------------------------------------------------------------
2025-03-29 01:07:58     Calculation 20 (Frequency: 22.244 GHz, Theta: 0, Phi: 0)


                      ------------------------------------------------------------------------------
2025-03-29 01:09:08     Matrix setup time        :	1 s
                        Solver setup             :	66 s
                        Degrees of freedom       :	733208
                        Number of mesh cells     :	114757

                        Stimulation port         :	Zmin
                        Mode number              :	1
                        Accuracy                 :	3.96514e-14
                        Iterations               :	1
                        Solver time              :	1 s


                      ------------------------------------------------------------------------------
2025-03-29 01:09:09     Total time               :	70 s	 (= 0 h, 01 m, 10 s)

                      ------------------------------------------------------------------------------
2025-03-29 01:09:09   

                      ------------------------------------------------------------------------------
2025-03-29 01:09:09     Calculation 21 (Frequency: 20.852 GHz, Theta: 0, Phi: 0)


                      ------------------------------------------------------------------------------
2025-03-29 01:10:17     Matrix setup time        :	1 s
                        Solver setup             :	65 s
                        Degrees of freedom       :	733208
                        Number of mesh cells     :	114757

                        Stimulation port         :	Zmin
                        Mode number              :	1
                        Accuracy                 :	8.9721e-14
                        Iterations               :	1
                        Solver time              :	1 s


                      ------------------------------------------------------------------------------
2025-03-29 01:10:19     Total time               :	68 s	 (= 0 h, 01 m, 08 s)

                      ------------------------------------------------------------------------------
2025-03-29 01:10:19   

                      ------------------------------------------------------------------------------
2025-03-29 01:10:19     Calculation 22 (Frequency: 21.332 GHz, Theta: 0, Phi: 0)


                      ------------------------------------------------------------------------------
2025-03-29 01:11:20     Matrix setup time        :	1 s
                        Solver setup             :	59 s
                        Degrees of freedom       :	733208
                        Number of mesh cells     :	114757

                        Stimulation port         :	Zmin
                        Mode number              :	1
                        Accuracy                 :	8.50768e-14
                        Iterations               :	1
                        Solver time              :	0 s


                      ------------------------------------------------------------------------------
2025-03-29 01:11:21     Total time               :	62 s	 (= 0 h, 01 m, 02 s)

                      ------------------------------------------------------------------------------
2025-03-29 01:11:21   

                      ------------------------------------------------------------------------------
2025-03-29 01:11:21     Calculation 23 (Frequency: 20.396 GHz, Theta: 0, Phi: 0)


                      ------------------------------------------------------------------------------
2025-03-29 01:12:27     Matrix setup time        :	1 s
                        Solver setup             :	63 s
                        Degrees of freedom       :	733208
                        Number of mesh cells     :	114757

                        Stimulation port         :	Zmin
                        Mode number              :	1
                        Accuracy                 :	7.33939e-14
                        Iterations               :	1
                        Solver time              :	0 s


                      ------------------------------------------------------------------------------
2025-03-29 01:12:28     Total time               :	66 s	 (= 0 h, 01 m, 06 s)

                      ------------------------------------------------------------------------------
2025-03-29 01:12:28   

                      ------------------------------------------------------------------------------
2025-03-29 01:12:28     Calculation 24 (Frequency: 31.304 GHz, Theta: 0, Phi: 0)


                      ------------------------------------------------------------------------------
2025-03-29 01:13:04   *** Warning ***

2025-03-29 01:13:04   Low memory: Only 1.50 GB of 15.91 GB available.


                      ------------------------------------------------------------------------------
2025-03-29 01:13:33     Matrix setup time        :	1 s
                        Solver setup             :	62 s
                        Degrees of freedom       :	733208
                        Number of mesh cells     :	114757

                        Stimulation port         :	Zmin
                        Mode number              :	1
                        Accuracy                 :	4.49666e-14
                        Iterations               :	1
                        Solver time              :	1 s


                      ------------------------------------------------------------------------------
2025-03-29 01:13:34     Total time               :	65 s	 (= 0 h, 01 m, 05 s)

                      ------------------------------------------------------------------------------
2025-03-29 01:13:34   

                      ------------------------------------------------------------------------------
2025-03-29 01:13:35     Calculation 25 (Frequency: 27.44 GHz, Theta: 0, Phi: 0)


                      ------------------------------------------------------------------------------
2025-03-29 01:14:40     Matrix setup time        :	1 s
                        Solver setup             :	62 s
                        Degrees of freedom       :	733208
                        Number of mesh cells     :	114757

                        Stimulation port         :	Zmin
                        Mode number              :	1
                        Accuracy                 :	3.29958e-14
                        Iterations               :	1
                        Solver time              :	1 s


                      ------------------------------------------------------------------------------
2025-03-29 01:14:41     Total time               :	65 s	 (= 0 h, 01 m, 05 s)

                      ------------------------------------------------------------------------------
2025-03-29 01:14:41   

                      ------------------------------------------------------------------------------
2025-03-29 01:14:41     Calculation 26 (Frequency: 31.1 GHz, Theta: 0, Phi: 0)


                      ------------------------------------------------------------------------------
2025-03-29 01:15:45     Matrix setup time        :	1 s
                        Solver setup             :	61 s
                        Degrees of freedom       :	733208
                        Number of mesh cells     :	114757

                        Stimulation port         :	Zmin
                        Mode number              :	1
                        Accuracy                 :	4.29823e-14
                        Iterations               :	1
                        Solver time              :	1 s


                      ------------------------------------------------------------------------------
2025-03-29 01:15:46     Total time               :	64 s	 (= 0 h, 01 m, 04 s)

                      ------------------------------------------------------------------------------
2025-03-29 01:15:46   

                      ------------------------------------------------------------------------------
2025-03-29 01:15:46     Calculation 27 (Frequency: 26.612 GHz, Theta: 0, Phi: 0)


                      ------------------------------------------------------------------------------
2025-03-29 01:16:45     Matrix setup time        :	1 s
                        Solver setup             :	57 s
                        Degrees of freedom       :	733208
                        Number of mesh cells     :	114757

                        Stimulation port         :	Zmin
                        Mode number              :	1
                        Accuracy                 :	7.39894e-14
                        Iterations               :	1
                        Solver time              :	0 s


                      ------------------------------------------------------------------------------
2025-03-29 01:16:46     Total time               :	59 s

                      ------------------------------------------------------------------------------
2025-03-29 01:16:46   

                      ------------------------------------------------------------------------------
2025-03-29 01:16:46     Calculation 28 (Frequency: 31.784 GHz, Theta: 0, Phi: 0)


                      ------------------------------------------------------------------------------
2025-03-29 01:17:46     Matrix setup time        :	1 s
                        Solver setup             :	58 s
                        Degrees of freedom       :	733208
                        Number of mesh cells     :	114757

                        Stimulation port         :	Zmin
                        Mode number              :	1
                        Accuracy                 :	3.16541e-14
                        Iterations               :	1
                        Solver time              :	0 s


                      ------------------------------------------------------------------------------
2025-03-29 01:17:47     Total time               :	60 s	 (= 0 h, 01 m, 00 s)

                      ------------------------------------------------------------------------------
2025-03-29 01:17:47   

                      ------------------------------------------------------------------------------
2025-03-29 01:17:47     Calculation 29 (Frequency: 28.016 GHz, Theta: 0, Phi: 0)


                      ------------------------------------------------------------------------------
2025-03-29 01:18:53     Matrix setup time        :	1 s
                        Solver setup             :	62 s
                        Degrees of freedom       :	733208
                        Number of mesh cells     :	114757

                        Stimulation port         :	Zmin
                        Mode number              :	1
                        Accuracy                 :	4.41744e-14
                        Iterations               :	1
                        Solver time              :	1 s


                      ------------------------------------------------------------------------------
2025-03-29 01:18:54     Total time               :	66 s	 (= 0 h, 01 m, 06 s)

                      ------------------------------------------------------------------------------
2025-03-29 01:18:54   

                      ------------------------------------------------------------------------------
2025-03-29 01:18:54   Finished the general purpose interpolative broadband frequency sweep:
                      All broadband sweep convergence criteria have been satisfied after
                      calculating 29 frequency samples:

                        Broadband sweep error threshold value :  0.01 (All S-Parameters) 
                        Number of error criterion checks      :  2 (All S-Parameters) 
                        Minimum number of samples             :  3
                        Number of data samples, linear        :  1001

                      ------------------------------------------------------------------------------
2025-03-29 01:18:54     Number of mesh cells     :	114757
                        Degrees of freedom       :	731174
                        Total Solver Time        :	2267 s	 (= 0 h, 37 m, 47 s)
                      ================================================================================



                      ------------------------------------------------------------------------------
2025-03-29 01:18:55     ----------------------------------------------------------------------------
                                            Peak memory used (kB)         Free physical memory (kB) 
                                                                          At begin     Minimum      
                        ----------------------------------------------------------------------------
                        Solver start        21688                         7364072      7363636      
                        Eq. system setup    11141628                      7351508      6765400      
                        Eq. system solve    11141628                      7306648      278980       
                        Mesh refinement     7258984                       7127300      6626312      
                        Solver run total    11141628                      7364076      278980       

                        Computer name       Tahsin
                        ----------------------------------------------------------------------------


                      ------------------------------------------------------------------------------
2025-03-29 01:18:55   Running postprocessing.

                      ------------------------------------------------------------------------------
2025-03-29 01:18:58   Postprocessing finished.

                      ------------------------------------------------------------------------------
