2025-06-13 22:17:44   *** Warning ***

                      Electric isotropic material [Copper (pure)] has a very high conductivity for
                      the given mesh. Depending on your configuration it may be better to use a lossy
                      metal type for this material. More...

                      ------------------------------------------------------------------------------
2025-06-13 22:17:44   In order to get an optimal performance, hyperthreading is ignored for parallel
                      computations.

                      ------------------------------------------------------------------------------
2025-06-13 22:17:46   Units settings: 

                        Dimensions: mm
                        Frequency:  GHz
                        Time:       s

                      ------------------------------------------------------------------------------
2025-06-13 22:17:46   Boundary conditions: 

                        YZsymmetry: none
                        XZsymmetry: none
                        XYsymmetry: none

                        Xmin: unit cell
                        Xmax: unit cell

                        Ymin: unit cell
                        Ymax: unit cell

                        Zmin: expanded open
                        Zmax: expanded open

                      ------------------------------------------------------------------------------
2025-06-13 22:17:46   Order settings: 

                        Solver order   : 2nd (constant)
                        Curved elements: up to order 3 (automatic)

                      ------------------------------------------------------------------------------
2025-06-13 22:17:46   An iterative solver will be used first.

                      ------------------------------------------------------------------------------
2025-06-13 22:17:46     Mesh time                :	2 s


                      ------------------------------------------------------------------------------
2025-06-13 22:17:46   
                      ================================================================================
                      Frequency Domain Solver calculation cycle started

                      ------------------------------------------------------------------------------
2025-06-13 22:17:46   Solver started at: 2025-06-13 22:17:46 +0800

                        Module:  Frequency Domain: S-Parameter (Win 64)
                        Version: 2024.1 Release from 2023-10-16 (change 1181985)

                      ------------------------------------------------------------------------------
2025-06-13 22:17:46   The low frequency stabilization is not applied to periodic problems.

                      ------------------------------------------------------------------------------
2025-06-13 22:17:47     Calculation 1 of 1 (Frequency: 32 GHz, Theta: 0, Phi: 0)


                      ------------------------------------------------------------------------------
2025-06-13 22:17:47   The wavelength based mesh refinement has been applied to 5.7% of all mesh edges.

                      ------------------------------------------------------------------------------
2025-06-13 22:17:47   For some elements the curvature had to be reduced to maintain the quality of the mesh. More...

                      ------------------------------------------------------------------------------
2025-06-13 22:17:47   Adaptive mesh refinement pass 1

                      ------------------------------------------------------------------------------
2025-06-13 22:17:54   *** Warning ***

2025-06-13 22:17:54   Detected possible stagnation of the iterative solver (4.665837e-02 after 250 iterations.)
                      Please consider aborting the solver run, and check your simulation setup.  More...

                      ------------------------------------------------------------------------------
2025-06-13 22:18:01   *** Warning ***

2025-06-13 22:18:01   The solver stopped because the maximum number of iterations (500, used for automatic solver choice) has been reached.

                      ------------------------------------------------------------------------------
2025-06-13 22:18:01   Solving again, but with the direct solver. Please consider forcing the direct solver in the solver special settings, and
                      check your simulation setup (for instance source and material definitions.)

                      ------------------------------------------------------------------------------
2025-06-13 22:18:03     Matrix setup time        :	0 s
                        Degrees of freedom       :	39538
                        Number of mesh cells     :	6040

                        Stimulation port         :	Zmin
                        Mode number              :	1
                        Accuracy                 :	7.14271e-14
                        Iterations               :	1
                        Solver time              :	0 s


                      ------------------------------------------------------------------------------
2025-06-13 22:18:03   22% of all mesh edges seem to be longer than expected. The adaptive mesh refinement's growth limitation will therefore 
                      use 14375 instead of 3866 mesh cells as a reference.

                      ------------------------------------------------------------------------------
2025-06-13 22:18:03   The wavelength based mesh refinement has been applied to 0.1% of all mesh edges.

                      ------------------------------------------------------------------------------
2025-06-13 22:18:03   For some elements the curvature had to be reduced to maintain the quality of the mesh. More...

                      ------------------------------------------------------------------------------
2025-06-13 22:18:04   Adaptive mesh refinement pass 2

                      ------------------------------------------------------------------------------
2025-06-13 22:18:06     Matrix setup time        :	0 s
                        Solver setup             :	1 s
                        Degrees of freedom       :	77376
                        Number of mesh cells     :	11985

                        Stimulation port         :	Zmin
                        Mode number              :	1
                        Accuracy                 :	3.83685e-14
                        Iterations               :	1
                        Solver time              :	0 s


                      ------------------------------------------------------------------------------
2025-06-13 22:18:06     Delta calculation        
2025-06-13 22:18:06     All S-Parameters         :	0.018518
2025-06-13 22:18:06   

                      ------------------------------------------------------------------------------
2025-06-13 22:18:07   Adaptive mesh refinement pass 3

                      ------------------------------------------------------------------------------
2025-06-13 22:18:12     Matrix setup time        :	0 s
                        Solver setup             :	4 s
                        Degrees of freedom       :	125774
                        Number of mesh cells     :	19560

                        Stimulation port         :	Zmin
                        Mode number              :	1
                        Accuracy                 :	3.16127e-14
                        Iterations               :	1
                        Solver time              :	0 s


                      ------------------------------------------------------------------------------
2025-06-13 22:18:12     Delta calculation        
2025-06-13 22:18:12     All S-Parameters         :	0.00748969
2025-06-13 22:18:12   

                      ------------------------------------------------------------------------------
2025-06-13 22:18:12   Mesh adaptation terminated because the desired accuracy limit is reached.

                      ------------------------------------------------------------------------------
2025-06-13 22:18:12   *** Warning ***

2025-06-13 22:18:12   At least one propagating Floquet mode is not considered at port Zmin. Please increase the number of modes at this port. 
                      More...

                      ------------------------------------------------------------------------------
2025-06-13 22:18:12   *** Warning ***

2025-06-13 22:18:12   At least one propagating Floquet mode is not considered at port Zmax. Please increase the number of modes at this port. 
                      More...

                      ------------------------------------------------------------------------------
2025-06-13 22:18:12     Total time               :	25 s

                      ------------------------------------------------------------------------------
2025-06-13 22:18:12   

                      ------------------------------------------------------------------------------
2025-06-13 22:18:12     Calculation 2 (Frequency: 20 GHz, Theta: 0, Phi: 0)


                      ------------------------------------------------------------------------------
2025-06-13 22:18:16     Matrix setup time        :	0 s
                        Solver setup             :	3 s
                        Degrees of freedom       :	125774
                        Number of mesh cells     :	19560

                        Stimulation port         :	Zmin
                        Mode number              :	1
                        Accuracy                 :	5.23217e-14
                        Iterations               :	1
                        Solver time              :	0 s


                      ------------------------------------------------------------------------------
2025-06-13 22:18:16     Total time               :	3 s

                      ------------------------------------------------------------------------------
2025-06-13 22:18:16   

                      ------------------------------------------------------------------------------
2025-06-13 22:18:16     Calculation 3 (Frequency: 26 GHz, Theta: 0, Phi: 0)


                      ------------------------------------------------------------------------------
2025-06-13 22:18:20     Matrix setup time        :	0 s
                        Solver setup             :	3 s
                        Degrees of freedom       :	125774
                        Number of mesh cells     :	19560

                        Stimulation port         :	Zmin
                        Mode number              :	1
                        Accuracy                 :	3.83952e-14
                        Iterations               :	1
                        Solver time              :	0 s


                      ------------------------------------------------------------------------------
2025-06-13 22:18:20     Total time               :	3 s

                      ------------------------------------------------------------------------------
2025-06-13 22:18:20   

                      ------------------------------------------------------------------------------
2025-06-13 22:18:20     Calculation 4 (Frequency: 29 GHz, Theta: 0, Phi: 0)


                      ------------------------------------------------------------------------------
2025-06-13 22:18:23     Matrix setup time        :	0 s
                        Solver setup             :	3 s
                        Degrees of freedom       :	125774
                        Number of mesh cells     :	19560

                        Stimulation port         :	Zmin
                        Mode number              :	1
                        Accuracy                 :	5.20151e-14
                        Iterations               :	1
                        Solver time              :	0 s


                      ------------------------------------------------------------------------------
2025-06-13 22:18:24     Total time               :	3 s

                      ------------------------------------------------------------------------------
2025-06-13 22:18:24   

                      ------------------------------------------------------------------------------
2025-06-13 22:18:24     Calculation 5 (Frequency: 23.612 GHz, Theta: 0, Phi: 0)


                      ------------------------------------------------------------------------------
2025-06-13 22:18:27     Matrix setup time        :	0 s
                        Solver setup             :	3 s
                        Degrees of freedom       :	125774
                        Number of mesh cells     :	19560

                        Stimulation port         :	Zmin
                        Mode number              :	1
                        Accuracy                 :	4.95475e-14
                        Iterations               :	1
                        Solver time              :	0 s


                      ------------------------------------------------------------------------------
2025-06-13 22:18:27     Total time               :	3 s

                      ------------------------------------------------------------------------------
2025-06-13 22:18:27   

                      ------------------------------------------------------------------------------
2025-06-13 22:18:27     Calculation 6 (Frequency: 27.404 GHz, Theta: 0, Phi: 0)


                      ------------------------------------------------------------------------------
2025-06-13 22:18:31     Matrix setup time        :	0 s
                        Solver setup             :	3 s
                        Degrees of freedom       :	125774
                        Number of mesh cells     :	19560

                        Stimulation port         :	Zmin
                        Mode number              :	1
                        Accuracy                 :	3.54137e-14
                        Iterations               :	1
                        Solver time              :	0 s


                      ------------------------------------------------------------------------------
2025-06-13 22:18:31     Total time               :	3 s

                      ------------------------------------------------------------------------------
2025-06-13 22:18:31   

                      ------------------------------------------------------------------------------
2025-06-13 22:18:31     Calculation 7 (Frequency: 22.328 GHz, Theta: 0, Phi: 0)


                      ------------------------------------------------------------------------------
2025-06-13 22:18:34     Matrix setup time        :	0 s
                        Solver setup             :	2 s
                        Degrees of freedom       :	125774
                        Number of mesh cells     :	19560

                        Stimulation port         :	Zmin
                        Mode number              :	1
                        Accuracy                 :	6.16661e-14
                        Iterations               :	1
                        Solver time              :	0 s


                      ------------------------------------------------------------------------------
2025-06-13 22:18:35     Total time               :	3 s

                      ------------------------------------------------------------------------------
2025-06-13 22:18:35   

                      ------------------------------------------------------------------------------
2025-06-13 22:18:35     Calculation 8 (Frequency: 24.68 GHz, Theta: 0, Phi: 0)


                      ------------------------------------------------------------------------------
2025-06-13 22:18:38     Matrix setup time        :	0 s
                        Solver setup             :	2 s
                        Degrees of freedom       :	125774
                        Number of mesh cells     :	19560

                        Stimulation port         :	Zmin
                        Mode number              :	1
                        Accuracy                 :	3.42977e-14
                        Iterations               :	1
                        Solver time              :	0 s


                      ------------------------------------------------------------------------------
2025-06-13 22:18:38     Total time               :	3 s

                      ------------------------------------------------------------------------------
2025-06-13 22:18:38   

                      ------------------------------------------------------------------------------
2025-06-13 22:18:38     Calculation 9 (Frequency: 23.216 GHz, Theta: 0, Phi: 0)


                      ------------------------------------------------------------------------------
2025-06-13 22:18:42     Matrix setup time        :	0 s
                        Solver setup             :	2 s
                        Degrees of freedom       :	125774
                        Number of mesh cells     :	19560

                        Stimulation port         :	Zmin
                        Mode number              :	1
                        Accuracy                 :	4.02909e-14
                        Iterations               :	1
                        Solver time              :	0 s


                      ------------------------------------------------------------------------------
2025-06-13 22:18:42     Total time               :	3 s

                      ------------------------------------------------------------------------------
2025-06-13 22:18:42   

                      ------------------------------------------------------------------------------
2025-06-13 22:18:42     Calculation 10 (Frequency: 21.716 GHz, Theta: 0, Phi: 0)


                      ------------------------------------------------------------------------------
2025-06-13 22:18:45     Matrix setup time        :	0 s
                        Solver setup             :	2 s
                        Degrees of freedom       :	125774
                        Number of mesh cells     :	19560

                        Stimulation port         :	Zmin
                        Mode number              :	1
                        Accuracy                 :	6.70007e-14
                        Iterations               :	1
                        Solver time              :	0 s


                      ------------------------------------------------------------------------------
2025-06-13 22:18:45     Total time               :	3 s

                      ------------------------------------------------------------------------------
2025-06-13 22:18:45   

                      ------------------------------------------------------------------------------
2025-06-13 22:18:45     Calculation 11 (Frequency: 28.844 GHz, Theta: 0, Phi: 0)


                      ------------------------------------------------------------------------------
2025-06-13 22:18:49     Matrix setup time        :	0 s
                        Solver setup             :	2 s
                        Degrees of freedom       :	125774
                        Number of mesh cells     :	19560

                        Stimulation port         :	Zmin
                        Mode number              :	1
                        Accuracy                 :	5.06786e-14
                        Iterations               :	1
                        Solver time              :	0 s


                      ------------------------------------------------------------------------------
2025-06-13 22:18:49     Total time               :	3 s

                      ------------------------------------------------------------------------------
2025-06-13 22:18:49   

                      ------------------------------------------------------------------------------
2025-06-13 22:18:49     Calculation 12 (Frequency: 29.996 GHz, Theta: 0, Phi: 0)


                      ------------------------------------------------------------------------------
2025-06-13 22:18:52     Matrix setup time        :	0 s
                        Solver setup             :	3 s
                        Degrees of freedom       :	125774
                        Number of mesh cells     :	19560

                        Stimulation port         :	Zmin
                        Mode number              :	1
                        Accuracy                 :	4.54817e-14
                        Iterations               :	1
                        Solver time              :	0 s


                      ------------------------------------------------------------------------------
2025-06-13 22:18:53     Total time               :	3 s

                      ------------------------------------------------------------------------------
2025-06-13 22:18:53   

                      ------------------------------------------------------------------------------
2025-06-13 22:18:53     Calculation 13 (Frequency: 28.28 GHz, Theta: 0, Phi: 0)


                      ------------------------------------------------------------------------------
2025-06-13 22:18:56     Matrix setup time        :	0 s
                        Solver setup             :	3 s
                        Degrees of freedom       :	125774
                        Number of mesh cells     :	19560

                        Stimulation port         :	Zmin
                        Mode number              :	1
                        Accuracy                 :	4.04299e-14
                        Iterations               :	1
                        Solver time              :	0 s


                      ------------------------------------------------------------------------------
2025-06-13 22:18:56     Total time               :	3 s

                      ------------------------------------------------------------------------------
2025-06-13 22:18:56   

                      ------------------------------------------------------------------------------
2025-06-13 22:18:56     Calculation 14 (Frequency: 29.384 GHz, Theta: 0, Phi: 0)


                      ------------------------------------------------------------------------------
2025-06-13 22:19:00     Matrix setup time        :	0 s
                        Solver setup             :	3 s
                        Degrees of freedom       :	125774
                        Number of mesh cells     :	19560

                        Stimulation port         :	Zmin
                        Mode number              :	1
                        Accuracy                 :	4.84352e-14
                        Iterations               :	1
                        Solver time              :	0 s


                      ------------------------------------------------------------------------------
2025-06-13 22:19:00     Total time               :	3 s

                      ------------------------------------------------------------------------------
2025-06-13 22:19:00   

                      ------------------------------------------------------------------------------
2025-06-13 22:19:00     Calculation 15 (Frequency: 30.5 GHz, Theta: 0, Phi: 0)


                      ------------------------------------------------------------------------------
2025-06-13 22:19:03     Matrix setup time        :	0 s
                        Solver setup             :	3 s
                        Degrees of freedom       :	125774
                        Number of mesh cells     :	19560

                        Stimulation port         :	Zmin
                        Mode number              :	1
                        Accuracy                 :	4.58975e-14
                        Iterations               :	1
                        Solver time              :	0 s


                      ------------------------------------------------------------------------------
2025-06-13 22:19:03     Total time               :	3 s

                      ------------------------------------------------------------------------------
2025-06-13 22:19:03   

                      ------------------------------------------------------------------------------
2025-06-13 22:19:03     Calculation 16 (Frequency: 27.8 GHz, Theta: 0, Phi: 0)


                      ------------------------------------------------------------------------------
2025-06-13 22:19:07     Matrix setup time        :	0 s
                        Solver setup             :	3 s
                        Degrees of freedom       :	125774
                        Number of mesh cells     :	19560

                        Stimulation port         :	Zmin
                        Mode number              :	1
                        Accuracy                 :	4.36712e-14
                        Iterations               :	1
                        Solver time              :	0 s


                      ------------------------------------------------------------------------------
2025-06-13 22:19:07     Total time               :	3 s

                      ------------------------------------------------------------------------------
2025-06-13 22:19:07   

                      ------------------------------------------------------------------------------
2025-06-13 22:19:07     Calculation 17 (Frequency: 31.46 GHz, Theta: 0, Phi: 0)


                      ------------------------------------------------------------------------------
2025-06-13 22:19:11     Matrix setup time        :	0 s
                        Solver setup             :	3 s
                        Degrees of freedom       :	125774
                        Number of mesh cells     :	19560

                        Stimulation port         :	Zmin
                        Mode number              :	1
                        Accuracy                 :	2.75435e-14
                        Iterations               :	1
                        Solver time              :	0 s


                      ------------------------------------------------------------------------------
2025-06-13 22:19:11     Total time               :	3 s

                      ------------------------------------------------------------------------------
2025-06-13 22:19:11   

                      ------------------------------------------------------------------------------
2025-06-13 22:19:11     Calculation 18 (Frequency: 26.6 GHz, Theta: 0, Phi: 0)


                      ------------------------------------------------------------------------------
2025-06-13 22:19:14     Matrix setup time        :	0 s
                        Solver setup             :	3 s
                        Degrees of freedom       :	125774
                        Number of mesh cells     :	19560

                        Stimulation port         :	Zmin
                        Mode number              :	1
                        Accuracy                 :	5.11214e-14
                        Iterations               :	1
                        Solver time              :	0 s


                      ------------------------------------------------------------------------------
2025-06-13 22:19:15     Total time               :	3 s

                      ------------------------------------------------------------------------------
2025-06-13 22:19:15   

                      ------------------------------------------------------------------------------
2025-06-13 22:19:15     Calculation 19 (Frequency: 29.852 GHz, Theta: 0, Phi: 0)


                      ------------------------------------------------------------------------------
2025-06-13 22:19:18     Matrix setup time        :	0 s
                        Solver setup             :	3 s
                        Degrees of freedom       :	125774
                        Number of mesh cells     :	19560

                        Stimulation port         :	Zmin
                        Mode number              :	1
                        Accuracy                 :	4.6266e-14
                        Iterations               :	1
                        Solver time              :	0 s


                      ------------------------------------------------------------------------------
2025-06-13 22:19:18     Total time               :	3 s

                      ------------------------------------------------------------------------------
2025-06-13 22:19:18   

                      ------------------------------------------------------------------------------
2025-06-13 22:19:18     Calculation 20 (Frequency: 30.872 GHz, Theta: 0, Phi: 0)


                      ------------------------------------------------------------------------------
2025-06-13 22:19:22     Matrix setup time        :	0 s
                        Solver setup             :	3 s
                        Degrees of freedom       :	125774
                        Number of mesh cells     :	19560

                        Stimulation port         :	Zmin
                        Mode number              :	1
                        Accuracy                 :	4.3977e-14
                        Iterations               :	1
                        Solver time              :	0 s


                      ------------------------------------------------------------------------------
2025-06-13 22:19:22     Total time               :	3 s

                      ------------------------------------------------------------------------------
2025-06-13 22:19:22   

                      ------------------------------------------------------------------------------
2025-06-13 22:19:22     Calculation 21 (Frequency: 31.808 GHz, Theta: 0, Phi: 0)


                      ------------------------------------------------------------------------------
2025-06-13 22:19:26     Matrix setup time        :	0 s
                        Solver setup             :	3 s
                        Degrees of freedom       :	125774
                        Number of mesh cells     :	19560

                        Stimulation port         :	Zmin
                        Mode number              :	1
                        Accuracy                 :	3.20831e-14
                        Iterations               :	1
                        Solver time              :	0 s


                      ------------------------------------------------------------------------------
2025-06-13 22:19:26     Total time               :	3 s

                      ------------------------------------------------------------------------------
2025-06-13 22:19:26   

                      ------------------------------------------------------------------------------
2025-06-13 22:19:26     Calculation 22 (Frequency: 22.724 GHz, Theta: 0, Phi: 0)


                      ------------------------------------------------------------------------------
2025-06-13 22:19:30     Matrix setup time        :	0 s
                        Solver setup             :	3 s
                        Degrees of freedom       :	125774
                        Number of mesh cells     :	19560

                        Stimulation port         :	Zmin
                        Mode number              :	1
                        Accuracy                 :	4.49908e-14
                        Iterations               :	1
                        Solver time              :	0 s


                      ------------------------------------------------------------------------------
2025-06-13 22:19:30     Total time               :	3 s

                      ------------------------------------------------------------------------------
2025-06-13 22:19:30   

                      ------------------------------------------------------------------------------
2025-06-13 22:19:30     Calculation 23 (Frequency: 22.208 GHz, Theta: 0, Phi: 0)


                      ------------------------------------------------------------------------------
2025-06-13 22:19:34     Matrix setup time        :	0 s
                        Solver setup             :	3 s
                        Degrees of freedom       :	125774
                        Number of mesh cells     :	19560

                        Stimulation port         :	Zmin
                        Mode number              :	1
                        Accuracy                 :	6.93925e-14
                        Iterations               :	1
                        Solver time              :	0 s


                      ------------------------------------------------------------------------------
2025-06-13 22:19:34     Total time               :	3 s

                      ------------------------------------------------------------------------------
2025-06-13 22:19:34   

                      ------------------------------------------------------------------------------
2025-06-13 22:19:34     Calculation 24 (Frequency: 21.344 GHz, Theta: 0, Phi: 0)


                      ------------------------------------------------------------------------------
2025-06-13 22:19:38     Matrix setup time        :	0 s
                        Solver setup             :	3 s
                        Degrees of freedom       :	125774
                        Number of mesh cells     :	19560

                        Stimulation port         :	Zmin
                        Mode number              :	1
                        Accuracy                 :	5.86034e-14
                        Iterations               :	1
                        Solver time              :	0 s


                      ------------------------------------------------------------------------------
2025-06-13 22:19:38     Total time               :	3 s

                      ------------------------------------------------------------------------------
2025-06-13 22:19:38   

                      ------------------------------------------------------------------------------
2025-06-13 22:19:38     Calculation 25 (Frequency: 21.872 GHz, Theta: 0, Phi: 0)


                      ------------------------------------------------------------------------------
2025-06-13 22:19:42     Matrix setup time        :	0 s
                        Solver setup             :	3 s
                        Degrees of freedom       :	125774
                        Number of mesh cells     :	19560

                        Stimulation port         :	Zmin
                        Mode number              :	1
                        Accuracy                 :	6.30838e-14
                        Iterations               :	1
                        Solver time              :	0 s


                      ------------------------------------------------------------------------------
2025-06-13 22:19:42     Total time               :	3 s

                      ------------------------------------------------------------------------------
2025-06-13 22:19:42   

                      ------------------------------------------------------------------------------
2025-06-13 22:19:42     Calculation 26 (Frequency: 20.552 GHz, Theta: 0, Phi: 0)


                      ------------------------------------------------------------------------------
2025-06-13 22:19:46     Matrix setup time        :	0 s
                        Solver setup             :	3 s
                        Degrees of freedom       :	125774
                        Number of mesh cells     :	19560

                        Stimulation port         :	Zmin
                        Mode number              :	1
                        Accuracy                 :	4.92163e-14
                        Iterations               :	1
                        Solver time              :	0 s


                      ------------------------------------------------------------------------------
2025-06-13 22:19:46     Total time               :	4 s

                      ------------------------------------------------------------------------------
2025-06-13 22:19:46   

                      ------------------------------------------------------------------------------
2025-06-13 22:19:46     Calculation 27 (Frequency: 23.912 GHz, Theta: 0, Phi: 0)


                      ------------------------------------------------------------------------------
2025-06-13 22:19:50     Matrix setup time        :	0 s
                        Solver setup             :	3 s
                        Degrees of freedom       :	125774
                        Number of mesh cells     :	19560

                        Stimulation port         :	Zmin
                        Mode number              :	1
                        Accuracy                 :	5.61722e-14
                        Iterations               :	1
                        Solver time              :	0 s


                      ------------------------------------------------------------------------------
2025-06-13 22:19:50     Total time               :	3 s

                      ------------------------------------------------------------------------------
2025-06-13 22:19:50   

                      ------------------------------------------------------------------------------
2025-06-13 22:19:50     Calculation 28 (Frequency: 26.408 GHz, Theta: 0, Phi: 0)


                      ------------------------------------------------------------------------------
2025-06-13 22:19:54     Matrix setup time        :	0 s
                        Solver setup             :	3 s
                        Degrees of freedom       :	125774
                        Number of mesh cells     :	19560

                        Stimulation port         :	Zmin
                        Mode number              :	1
                        Accuracy                 :	5.08522e-14
                        Iterations               :	1
                        Solver time              :	0 s


                      ------------------------------------------------------------------------------
2025-06-13 22:19:54     Total time               :	4 s

                      ------------------------------------------------------------------------------
2025-06-13 22:19:54   

                      ------------------------------------------------------------------------------
2025-06-13 22:19:54     Calculation 29 (Frequency: 25.172 GHz, Theta: 0, Phi: 0)


                      ------------------------------------------------------------------------------
2025-06-13 22:19:58     Matrix setup time        :	0 s
                        Solver setup             :	3 s
                        Degrees of freedom       :	125774
                        Number of mesh cells     :	19560

                        Stimulation port         :	Zmin
                        Mode number              :	1
                        Accuracy                 :	2.82761e-14
                        Iterations               :	1
                        Solver time              :	0 s


                      ------------------------------------------------------------------------------
2025-06-13 22:19:58     Total time               :	4 s

                      ------------------------------------------------------------------------------
2025-06-13 22:19:58   

                      ------------------------------------------------------------------------------
2025-06-13 22:19:58   Finished the general purpose interpolative broadband frequency sweep:
                      All broadband sweep convergence criteria have been satisfied after
                      calculating 29 frequency samples:

                        Broadband sweep error threshold value :  0.01 (All S-Parameters) 
                        Number of error criterion checks      :  2 (All S-Parameters) 
                        Minimum number of samples             :  3
                        Number of data samples, linear        :  1001

                      ------------------------------------------------------------------------------
2025-06-13 22:19:59     Number of mesh cells     :	19560
                        Degrees of freedom       :	124764
                        Total Solver Time        :	133 s	 (= 0 h, 02 m, 13 s)
                      ================================================================================



                      ------------------------------------------------------------------------------
2025-06-13 22:19:59     ----------------------------------------------------------------------------
                                            Peak memory used (kB)         Free physical memory (kB) 
                                                                          At begin     Minimum      
                        ----------------------------------------------------------------------------
                        Solver start        22308                         9403420      9402600      
                        Eq. system setup    2211328                       9427624      8749672      
                        Eq. system solve    2211328                       9387760      7365824      
                        Mesh refinement     1422988                       9236312      8890472      
                        Solver run total    2211328                       9403424      7365824      

                        Computer name       Tahsin
                        ----------------------------------------------------------------------------


                      ------------------------------------------------------------------------------
2025-06-13 22:19:59   Running postprocessing.

                      ------------------------------------------------------------------------------
2025-06-13 22:19:59   Postprocessing finished.

                      ------------------------------------------------------------------------------
