2025-06-13 23:01:09   *** Warning ***

                      Electric isotropic material [Copper (pure)] has a very high conductivity for
                      the given mesh. Depending on your configuration it may be better to use a lossy
                      metal type for this material. More...

                      ------------------------------------------------------------------------------
2025-06-13 23:01:09   In order to get an optimal performance, hyperthreading is ignored for parallel
                      computations.

                      ------------------------------------------------------------------------------
2025-06-13 23:01:11   Units settings: 

                        Dimensions: mm
                        Frequency:  GHz
                        Time:       s

                      ------------------------------------------------------------------------------
2025-06-13 23:01:11   Boundary conditions: 

                        YZsymmetry: none
                        XZsymmetry: none
                        XYsymmetry: none

                        Xmin: unit cell
                        Xmax: unit cell

                        Ymin: unit cell
                        Ymax: unit cell

                        Zmin: expanded open
                        Zmax: expanded open

                      ------------------------------------------------------------------------------
2025-06-13 23:01:11   Order settings: 

                        Solver order   : 2nd (constant)
                        Curved elements: up to order 3 (automatic)

                      ------------------------------------------------------------------------------
2025-06-13 23:01:11   An iterative solver will be used first.

                      ------------------------------------------------------------------------------
2025-06-13 23:01:11     Mesh time                :	2 s


                      ------------------------------------------------------------------------------
2025-06-13 23:01:11   
                      ================================================================================
                      Frequency Domain Solver calculation cycle started

                      ------------------------------------------------------------------------------
2025-06-13 23:01:11   Solver started at: 2025-06-13 23:01:11 +0800

                        Module:  Frequency Domain: S-Parameter (Win 64)
                        Version: 2024.1 Release from 2023-10-16 (change 1181985)

                      ------------------------------------------------------------------------------
2025-06-13 23:01:11   The low frequency stabilization is not applied to periodic problems.

                      ------------------------------------------------------------------------------
2025-06-13 23:01:11     Calculation 1 of 1 (Frequency: 32 GHz, Theta: 0, Phi: 0)


                      ------------------------------------------------------------------------------
2025-06-13 23:01:11   The wavelength based mesh refinement has been applied to 5.1% of all mesh edges.

                      ------------------------------------------------------------------------------
2025-06-13 23:01:11   For some elements the curvature had to be reduced to maintain the quality of the mesh. More...

                      ------------------------------------------------------------------------------
2025-06-13 23:01:12   Adaptive mesh refinement pass 1

                      ------------------------------------------------------------------------------
2025-06-13 23:01:18   *** Warning ***

2025-06-13 23:01:18   Detected possible stagnation of the iterative solver (5.105695e-02 after 250 iterations.)
                      Please consider aborting the solver run, and check your simulation setup.  More...

                      ------------------------------------------------------------------------------
2025-06-13 23:01:24   *** Warning ***

2025-06-13 23:01:24   The solver stopped because the maximum number of iterations (500, used for automatic solver choice) has been reached.

                      ------------------------------------------------------------------------------
2025-06-13 23:01:24   Solving again, but with the direct solver. Please consider forcing the direct solver in the solver special settings, and
                      check your simulation setup (for instance source and material definitions.)

                      ------------------------------------------------------------------------------
2025-06-13 23:01:25     Matrix setup time        :	0 s
                        Degrees of freedom       :	36574
                        Number of mesh cells     :	5576

                        Stimulation port         :	Zmin
                        Mode number              :	1
                        Accuracy                 :	8.8872e-14
                        Iterations               :	1
                        Solver time              :	0 s


                      ------------------------------------------------------------------------------
2025-06-13 23:01:25   26% of all mesh edges seem to be longer than expected. The adaptive mesh refinement's growth limitation will therefore 
                      use 14470 instead of 3671 mesh cells as a reference.

                      ------------------------------------------------------------------------------
2025-06-13 23:01:25   The wavelength based mesh refinement has been applied to 0.3% of all mesh edges.

                      ------------------------------------------------------------------------------
2025-06-13 23:01:26   Adaptive mesh refinement pass 2

                      ------------------------------------------------------------------------------
2025-06-13 23:01:29     Matrix setup time        :	0 s
                        Solver setup             :	2 s
                        Degrees of freedom       :	79346
                        Number of mesh cells     :	12290

                        Stimulation port         :	Zmin
                        Mode number              :	1
                        Accuracy                 :	3.94642e-14
                        Iterations               :	1
                        Solver time              :	0 s


                      ------------------------------------------------------------------------------
2025-06-13 23:01:29     Delta calculation        
2025-06-13 23:01:29     All S-Parameters         :	0.0293171
2025-06-13 23:01:29   

                      ------------------------------------------------------------------------------
2025-06-13 23:01:29   The input reflection seems to be large at 32 GHz, Theta: 0, Phi: 0. The adaptive mesh refinement at this sample will be 
                      stopped. A new mesh adaptation frequency has been added at 26 GHz.  More...

                      ------------------------------------------------------------------------------
2025-06-13 23:01:29   *** Warning ***

2025-06-13 23:01:29   At least one propagating Floquet mode is not considered at port Zmin. Please increase the number of modes at this port. 
                      More...

                      ------------------------------------------------------------------------------
2025-06-13 23:01:29   *** Warning ***

2025-06-13 23:01:29   At least one propagating Floquet mode is not considered at port Zmax. Please increase the number of modes at this port. 
                      More...

                      ------------------------------------------------------------------------------
2025-06-13 23:01:29     Total time               :	17 s

                      ------------------------------------------------------------------------------
2025-06-13 23:01:29   

                      ------------------------------------------------------------------------------
2025-06-13 23:01:29     Calculation 2 of 2 (Frequency: 26 GHz, Theta: 0, Phi: 0)


                      ------------------------------------------------------------------------------
2025-06-13 23:01:29   Adaptive mesh refinement pass 1

                      ------------------------------------------------------------------------------
2025-06-13 23:01:31     Matrix setup time        :	0 s
                        Solver setup             :	2 s
                        Degrees of freedom       :	79346
                        Number of mesh cells     :	12290

                        Stimulation port         :	Zmin
                        Mode number              :	1
                        Accuracy                 :	5.87003e-14
                        Iterations               :	1
                        Solver time              :	0 s


                      ------------------------------------------------------------------------------
2025-06-13 23:01:33   Adaptive mesh refinement pass 2

                      ------------------------------------------------------------------------------
2025-06-13 23:01:38     Matrix setup time        :	0 s
                        Solver setup             :	4 s
                        Degrees of freedom       :	119992
                        Number of mesh cells     :	18659

                        Stimulation port         :	Zmin
                        Mode number              :	1
                        Accuracy                 :	2.42235e-14
                        Iterations               :	1
                        Solver time              :	0 s


                      ------------------------------------------------------------------------------
2025-06-13 23:01:38     Delta calculation        
2025-06-13 23:01:38     All S-Parameters         :	0.0452829
2025-06-13 23:01:38   

                      ------------------------------------------------------------------------------
2025-06-13 23:01:40   For some elements the curvature had to be slightly reduced to maintain the quality of the mesh. More...

                      ------------------------------------------------------------------------------
2025-06-13 23:01:40   Adaptive mesh refinement pass 3

                      ------------------------------------------------------------------------------
2025-06-13 23:01:49     Matrix setup time        :	0 s
                        Solver setup             :	8 s
                        Degrees of freedom       :	193896
                        Number of mesh cells     :	30178

                        Stimulation port         :	Zmin
                        Mode number              :	1
                        Accuracy                 :	5.76747e-14
                        Iterations               :	1
                        Solver time              :	0 s


                      ------------------------------------------------------------------------------
2025-06-13 23:01:49     Delta calculation        
2025-06-13 23:01:49     All S-Parameters         :	0.0275042
2025-06-13 23:01:49   

                      ------------------------------------------------------------------------------
2025-06-13 23:01:53   Adaptive mesh refinement pass 4

                      ------------------------------------------------------------------------------
2025-06-13 23:02:09     Matrix setup time        :	1 s
                        Solver setup             :	14 s
                        Degrees of freedom       :	296132
                        Number of mesh cells     :	46092

                        Stimulation port         :	Zmin
                        Mode number              :	1
                        Accuracy                 :	1.73074e-14
                        Iterations               :	1
                        Solver time              :	0 s


                      ------------------------------------------------------------------------------
2025-06-13 23:02:09     Delta calculation        
2025-06-13 23:02:09     All S-Parameters         :	0.0329414
2025-06-13 23:02:09   

                      ------------------------------------------------------------------------------
2025-06-13 23:02:13   Adaptive mesh refinement pass 5

                      ------------------------------------------------------------------------------
2025-06-13 23:02:41     Matrix setup time        :	1 s
                        Solver setup             :	25 s
                        Degrees of freedom       :	419214
                        Number of mesh cells     :	65282

                        Stimulation port         :	Zmin
                        Mode number              :	1
                        Accuracy                 :	4.34815e-14
                        Iterations               :	1
                        Solver time              :	0 s


                      ------------------------------------------------------------------------------
2025-06-13 23:02:42     Delta calculation        
2025-06-13 23:02:42     All S-Parameters         :	0.0164446
2025-06-13 23:02:42   

                      ------------------------------------------------------------------------------
2025-06-13 23:02:42   Mesh adaptation terminated because the desired accuracy limit is reached.

                      ------------------------------------------------------------------------------
2025-06-13 23:02:42     Total time               :	72 s	 (= 0 h, 01 m, 12 s)

                      ------------------------------------------------------------------------------
2025-06-13 23:02:42   

                      ------------------------------------------------------------------------------
2025-06-13 23:02:42     Calculation 1 (Frequency: 32 GHz, Theta: 0, Phi: 0)


                      ------------------------------------------------------------------------------
2025-06-13 23:03:07     Matrix setup time        :	0 s
                        Solver setup             :	23 s
                        Degrees of freedom       :	419214
                        Number of mesh cells     :	65282

                        Stimulation port         :	Zmin
                        Mode number              :	1
                        Accuracy                 :	4.67285e-14
                        Iterations               :	1
                        Solver time              :	0 s


                      ------------------------------------------------------------------------------
2025-06-13 23:03:07     Total time               :	24 s

                      ------------------------------------------------------------------------------
2025-06-13 23:03:07   

                      ------------------------------------------------------------------------------
2025-06-13 23:03:07     Calculation 3 (Frequency: 20 GHz, Theta: 0, Phi: 0)


                      ------------------------------------------------------------------------------
2025-06-13 23:03:31     Matrix setup time        :	0 s
                        Solver setup             :	22 s
                        Degrees of freedom       :	419214
                        Number of mesh cells     :	65282

                        Stimulation port         :	Zmin
                        Mode number              :	1
                        Accuracy                 :	2.70515e-14
                        Iterations               :	1
                        Solver time              :	0 s


                      ------------------------------------------------------------------------------
2025-06-13 23:03:32     Total time               :	24 s

                      ------------------------------------------------------------------------------
2025-06-13 23:03:32   

                      ------------------------------------------------------------------------------
2025-06-13 23:03:32     Calculation 4 (Frequency: 29 GHz, Theta: 0, Phi: 0)


                      ------------------------------------------------------------------------------
2025-06-13 23:03:56     Matrix setup time        :	0 s
                        Solver setup             :	22 s
                        Degrees of freedom       :	419214
                        Number of mesh cells     :	65282

                        Stimulation port         :	Zmin
                        Mode number              :	1
                        Accuracy                 :	3.41016e-14
                        Iterations               :	1
                        Solver time              :	0 s


                      ------------------------------------------------------------------------------
2025-06-13 23:03:56     Total time               :	24 s

                      ------------------------------------------------------------------------------
2025-06-13 23:03:56   

                      ------------------------------------------------------------------------------
2025-06-13 23:03:56     Calculation 5 (Frequency: 23.816 GHz, Theta: 0, Phi: 0)


                      ------------------------------------------------------------------------------
2025-06-13 23:04:20     Matrix setup time        :	0 s
                        Solver setup             :	22 s
                        Degrees of freedom       :	419214
                        Number of mesh cells     :	65282

                        Stimulation port         :	Zmin
                        Mode number              :	1
                        Accuracy                 :	2.39121e-14
                        Iterations               :	1
                        Solver time              :	0 s


                      ------------------------------------------------------------------------------
2025-06-13 23:04:20     Total time               :	23 s

                      ------------------------------------------------------------------------------
2025-06-13 23:04:20   

                      ------------------------------------------------------------------------------
2025-06-13 23:04:20     Calculation 6 (Frequency: 27.26 GHz, Theta: 0, Phi: 0)


                      ------------------------------------------------------------------------------
2025-06-13 23:04:44     Matrix setup time        :	0 s
                        Solver setup             :	22 s
                        Degrees of freedom       :	419214
                        Number of mesh cells     :	65282

                        Stimulation port         :	Zmin
                        Mode number              :	1
                        Accuracy                 :	2.64596e-14
                        Iterations               :	1
                        Solver time              :	0 s


                      ------------------------------------------------------------------------------
2025-06-13 23:04:44     Total time               :	23 s

                      ------------------------------------------------------------------------------
2025-06-13 23:04:44   

                      ------------------------------------------------------------------------------
2025-06-13 23:04:44     Calculation 7 (Frequency: 22.772 GHz, Theta: 0, Phi: 0)


                      ------------------------------------------------------------------------------
2025-06-13 23:05:08     Matrix setup time        :	0 s
                        Solver setup             :	22 s
                        Degrees of freedom       :	419214
                        Number of mesh cells     :	65282

                        Stimulation port         :	Zmin
                        Mode number              :	1
                        Accuracy                 :	3.39507e-14
                        Iterations               :	1
                        Solver time              :	0 s


                      ------------------------------------------------------------------------------
2025-06-13 23:05:08     Total time               :	23 s

                      ------------------------------------------------------------------------------
2025-06-13 23:05:08   

                      ------------------------------------------------------------------------------
2025-06-13 23:05:08     Calculation 8 (Frequency: 28.136 GHz, Theta: 0, Phi: 0)


                      ------------------------------------------------------------------------------
2025-06-13 23:05:32     Matrix setup time        :	0 s
                        Solver setup             :	22 s
                        Degrees of freedom       :	419214
                        Number of mesh cells     :	65282

                        Stimulation port         :	Zmin
                        Mode number              :	1
                        Accuracy                 :	4.01665e-14
                        Iterations               :	1
                        Solver time              :	0 s


                      ------------------------------------------------------------------------------
2025-06-13 23:05:33     Total time               :	24 s

                      ------------------------------------------------------------------------------
2025-06-13 23:05:33   

                      ------------------------------------------------------------------------------
2025-06-13 23:05:33     Calculation 9 (Frequency: 22.316 GHz, Theta: 0, Phi: 0)


                      ------------------------------------------------------------------------------
2025-06-13 23:05:57     Matrix setup time        :	0 s
                        Solver setup             :	23 s
                        Degrees of freedom       :	419214
                        Number of mesh cells     :	65282

                        Stimulation port         :	Zmin
                        Mode number              :	1
                        Accuracy                 :	4.11112e-14
                        Iterations               :	1
                        Solver time              :	0 s


                      ------------------------------------------------------------------------------
2025-06-13 23:05:58     Total time               :	24 s

                      ------------------------------------------------------------------------------
2025-06-13 23:05:58   

                      ------------------------------------------------------------------------------
2025-06-13 23:05:58     Calculation 10 (Frequency: 28.4 GHz, Theta: 0, Phi: 0)


                      ------------------------------------------------------------------------------
2025-06-13 23:06:23     Matrix setup time        :	0 s
                        Solver setup             :	23 s
                        Degrees of freedom       :	419214
                        Number of mesh cells     :	65282

                        Stimulation port         :	Zmin
                        Mode number              :	1
                        Accuracy                 :	4.00426e-14
                        Iterations               :	1
                        Solver time              :	0 s


                      ------------------------------------------------------------------------------
2025-06-13 23:06:23     Total time               :	25 s

                      ------------------------------------------------------------------------------
2025-06-13 23:06:23   

                      ------------------------------------------------------------------------------
2025-06-13 23:06:23     Calculation 11 (Frequency: 22.484 GHz, Theta: 0, Phi: 0)


                      ------------------------------------------------------------------------------
2025-06-13 23:06:49     Matrix setup time        :	0 s
                        Solver setup             :	24 s
                        Degrees of freedom       :	419214
                        Number of mesh cells     :	65282

                        Stimulation port         :	Zmin
                        Mode number              :	1
                        Accuracy                 :	3.04435e-14
                        Iterations               :	1
                        Solver time              :	0 s


                      ------------------------------------------------------------------------------
2025-06-13 23:06:49     Total time               :	25 s

                      ------------------------------------------------------------------------------
2025-06-13 23:06:49   

                      ------------------------------------------------------------------------------
2025-06-13 23:06:49     Calculation 12 (Frequency: 29.348 GHz, Theta: 0, Phi: 0)


                      ------------------------------------------------------------------------------
2025-06-13 23:07:12     Matrix setup time        :	0 s
                        Solver setup             :	21 s
                        Degrees of freedom       :	419214
                        Number of mesh cells     :	65282

                        Stimulation port         :	Zmin
                        Mode number              :	1
                        Accuracy                 :	3.04031e-14
                        Iterations               :	1
                        Solver time              :	0 s


                      ------------------------------------------------------------------------------
2025-06-13 23:07:13     Total time               :	22 s

                      ------------------------------------------------------------------------------
2025-06-13 23:07:13   

                      ------------------------------------------------------------------------------
2025-06-13 23:07:13     Calculation 13 (Frequency: 20.744 GHz, Theta: 0, Phi: 0)


                      ------------------------------------------------------------------------------
2025-06-13 23:07:35     Matrix setup time        :	0 s
                        Solver setup             :	20 s
                        Degrees of freedom       :	419214
                        Number of mesh cells     :	65282

                        Stimulation port         :	Zmin
                        Mode number              :	1
                        Accuracy                 :	3.54418e-14
                        Iterations               :	1
                        Solver time              :	0 s


                      ------------------------------------------------------------------------------
2025-06-13 23:07:35     Total time               :	22 s

                      ------------------------------------------------------------------------------
2025-06-13 23:07:35   

                      ------------------------------------------------------------------------------
2025-06-13 23:07:35     Calculation 14 (Frequency: 28.94 GHz, Theta: 0, Phi: 0)


                      ------------------------------------------------------------------------------
2025-06-13 23:08:00     Matrix setup time        :	0 s
                        Solver setup             :	23 s
                        Degrees of freedom       :	419214
                        Number of mesh cells     :	65282

                        Stimulation port         :	Zmin
                        Mode number              :	1
                        Accuracy                 :	2.63707e-14
                        Iterations               :	1
                        Solver time              :	0 s


                      ------------------------------------------------------------------------------
2025-06-13 23:08:01     Total time               :	25 s

                      ------------------------------------------------------------------------------
2025-06-13 23:08:01   

                      ------------------------------------------------------------------------------
2025-06-13 23:08:01     Calculation 15 (Frequency: 20.384 GHz, Theta: 0, Phi: 0)


                      ------------------------------------------------------------------------------
2025-06-13 23:08:27     Matrix setup time        :	0 s
                        Solver setup             :	24 s
                        Degrees of freedom       :	419214
                        Number of mesh cells     :	65282

                        Stimulation port         :	Zmin
                        Mode number              :	1
                        Accuracy                 :	2.88169e-14
                        Iterations               :	1
                        Solver time              :	0 s


                      ------------------------------------------------------------------------------
2025-06-13 23:08:27     Total time               :	26 s

                      ------------------------------------------------------------------------------
2025-06-13 23:08:27   

                      ------------------------------------------------------------------------------
2025-06-13 23:08:27     Calculation 16 (Frequency: 27.644 GHz, Theta: 0, Phi: 0)


                      ------------------------------------------------------------------------------
2025-06-13 23:08:53     Matrix setup time        :	0 s
                        Solver setup             :	24 s
                        Degrees of freedom       :	419214
                        Number of mesh cells     :	65282

                        Stimulation port         :	Zmin
                        Mode number              :	1
                        Accuracy                 :	2.9182e-14
                        Iterations               :	1
                        Solver time              :	0 s


                      ------------------------------------------------------------------------------
2025-06-13 23:08:54     Total time               :	26 s

                      ------------------------------------------------------------------------------
2025-06-13 23:08:54   

                      ------------------------------------------------------------------------------
2025-06-13 23:08:54     Calculation 17 (Frequency: 21.56 GHz, Theta: 0, Phi: 0)


                      ------------------------------------------------------------------------------
2025-06-13 23:09:20     Matrix setup time        :	0 s
                        Solver setup             :	24 s
                        Degrees of freedom       :	419214
                        Number of mesh cells     :	65282

                        Stimulation port         :	Zmin
                        Mode number              :	1
                        Accuracy                 :	3.77231e-14
                        Iterations               :	1
                        Solver time              :	0 s


                      ------------------------------------------------------------------------------
2025-06-13 23:09:20     Total time               :	26 s

                      ------------------------------------------------------------------------------
2025-06-13 23:09:20   

                      ------------------------------------------------------------------------------
2025-06-13 23:09:21     Calculation 18 (Frequency: 26.384 GHz, Theta: 0, Phi: 0)


                      ------------------------------------------------------------------------------
2025-06-13 23:09:45     Matrix setup time        :	0 s
                        Solver setup             :	23 s
                        Degrees of freedom       :	419214
                        Number of mesh cells     :	65282

                        Stimulation port         :	Zmin
                        Mode number              :	1
                        Accuracy                 :	3.67416e-14
                        Iterations               :	1
                        Solver time              :	0 s


                      ------------------------------------------------------------------------------
2025-06-13 23:09:45     Total time               :	24 s

                      ------------------------------------------------------------------------------
2025-06-13 23:09:45   

                      ------------------------------------------------------------------------------
2025-06-13 23:09:45     Calculation 19 (Frequency: 30.152 GHz, Theta: 0, Phi: 0)


                      ------------------------------------------------------------------------------
2025-06-13 23:10:08     Matrix setup time        :	0 s
                        Solver setup             :	21 s
                        Degrees of freedom       :	419214
                        Number of mesh cells     :	65282

                        Stimulation port         :	Zmin
                        Mode number              :	1
                        Accuracy                 :	3.36691e-14
                        Iterations               :	1
                        Solver time              :	0 s


                      ------------------------------------------------------------------------------
2025-06-13 23:10:09     Total time               :	23 s

                      ------------------------------------------------------------------------------
2025-06-13 23:10:09   

                      ------------------------------------------------------------------------------
2025-06-13 23:10:09     Calculation 20 (Frequency: 24.776 GHz, Theta: 0, Phi: 0)


                      ------------------------------------------------------------------------------
2025-06-13 23:10:33     Matrix setup time        :	0 s
                        Solver setup             :	22 s
                        Degrees of freedom       :	419214
                        Number of mesh cells     :	65282

                        Stimulation port         :	Zmin
                        Mode number              :	1
                        Accuracy                 :	3.27921e-14
                        Iterations               :	1
                        Solver time              :	0 s


                      ------------------------------------------------------------------------------
2025-06-13 23:10:33     Total time               :	24 s

                      ------------------------------------------------------------------------------
2025-06-13 23:10:33   

                      ------------------------------------------------------------------------------
2025-06-13 23:10:33     Calculation 21 (Frequency: 31.1 GHz, Theta: 0, Phi: 0)


                      ------------------------------------------------------------------------------
2025-06-13 23:10:57     Matrix setup time        :	0 s
                        Solver setup             :	22 s
                        Degrees of freedom       :	419214
                        Number of mesh cells     :	65282

                        Stimulation port         :	Zmin
                        Mode number              :	1
                        Accuracy                 :	7.76241e-14
                        Iterations               :	1
                        Solver time              :	0 s


                      ------------------------------------------------------------------------------
2025-06-13 23:10:58     Total time               :	24 s

                      ------------------------------------------------------------------------------
2025-06-13 23:10:58   

                      ------------------------------------------------------------------------------
2025-06-13 23:10:58     Calculation 22 (Frequency: 23.504 GHz, Theta: 0, Phi: 0)


                      ------------------------------------------------------------------------------
2025-06-13 23:11:23     Matrix setup time        :	0 s
                        Solver setup             :	23 s
                        Degrees of freedom       :	419214
                        Number of mesh cells     :	65282

                        Stimulation port         :	Zmin
                        Mode number              :	1
                        Accuracy                 :	3.25049e-14
                        Iterations               :	1
                        Solver time              :	0 s


                      ------------------------------------------------------------------------------
2025-06-13 23:11:23     Total time               :	25 s

                      ------------------------------------------------------------------------------
2025-06-13 23:11:23   

                      ------------------------------------------------------------------------------
2025-06-13 23:11:23     Calculation 23 (Frequency: 30.644 GHz, Theta: 0, Phi: 0)


                      ------------------------------------------------------------------------------
2025-06-13 23:11:49     Matrix setup time        :	0 s
                        Solver setup             :	23 s
                        Degrees of freedom       :	419214
                        Number of mesh cells     :	65282

                        Stimulation port         :	Zmin
                        Mode number              :	1
                        Accuracy                 :	3.41118e-14
                        Iterations               :	1
                        Solver time              :	0 s


                      ------------------------------------------------------------------------------
2025-06-13 23:11:49     Total time               :	25 s

                      ------------------------------------------------------------------------------
2025-06-13 23:11:49   

                      ------------------------------------------------------------------------------
2025-06-13 23:11:49     Calculation 24 (Frequency: 31.448 GHz, Theta: 0, Phi: 0)


                      ------------------------------------------------------------------------------
2025-06-13 23:12:14     Matrix setup time        :	0 s
                        Solver setup             :	23 s
                        Degrees of freedom       :	419214
                        Number of mesh cells     :	65282

                        Stimulation port         :	Zmin
                        Mode number              :	1
                        Accuracy                 :	8.22686e-14
                        Iterations               :	1
                        Solver time              :	0 s


                      ------------------------------------------------------------------------------
2025-06-13 23:12:14     Total time               :	24 s

                      ------------------------------------------------------------------------------
2025-06-13 23:12:14   

                      ------------------------------------------------------------------------------
2025-06-13 23:12:14     Calculation 25 (Frequency: 30.884 GHz, Theta: 0, Phi: 0)


                      ------------------------------------------------------------------------------
2025-06-13 23:12:39     Matrix setup time        :	0 s
                        Solver setup             :	23 s
                        Degrees of freedom       :	419214
                        Number of mesh cells     :	65282

                        Stimulation port         :	Zmin
                        Mode number              :	1
                        Accuracy                 :	4.66668e-14
                        Iterations               :	1
                        Solver time              :	0 s


                      ------------------------------------------------------------------------------
2025-06-13 23:12:39     Total time               :	24 s

                      ------------------------------------------------------------------------------
2025-06-13 23:12:39   

                      ------------------------------------------------------------------------------
2025-06-13 23:12:39     Calculation 26 (Frequency: 30.416 GHz, Theta: 0, Phi: 0)


                      ------------------------------------------------------------------------------
2025-06-13 23:13:05     Matrix setup time        :	0 s
                        Solver setup             :	24 s
                        Degrees of freedom       :	419214
                        Number of mesh cells     :	65282

                        Stimulation port         :	Zmin
                        Mode number              :	1
                        Accuracy                 :	3.90592e-14
                        Iterations               :	1
                        Solver time              :	0 s


                      ------------------------------------------------------------------------------
2025-06-13 23:13:05     Total time               :	25 s

                      ------------------------------------------------------------------------------
2025-06-13 23:13:05   

                      ------------------------------------------------------------------------------
2025-06-13 23:13:05     Calculation 27 (Frequency: 21.86 GHz, Theta: 0, Phi: 0)


                      ------------------------------------------------------------------------------
2025-06-13 23:13:32     Matrix setup time        :	0 s
                        Solver setup             :	25 s
                        Degrees of freedom       :	419214
                        Number of mesh cells     :	65282

                        Stimulation port         :	Zmin
                        Mode number              :	1
                        Accuracy                 :	3.36326e-14
                        Iterations               :	1
                        Solver time              :	0 s


                      ------------------------------------------------------------------------------
2025-06-13 23:13:32     Total time               :	26 s

                      ------------------------------------------------------------------------------
2025-06-13 23:13:32   

                      ------------------------------------------------------------------------------
2025-06-13 23:13:32     Calculation 28 (Frequency: 26.744 GHz, Theta: 0, Phi: 0)


                      ------------------------------------------------------------------------------
2025-06-13 23:14:00     Matrix setup time        :	0 s
                        Solver setup             :	25 s
                        Degrees of freedom       :	419214
                        Number of mesh cells     :	65282

                        Stimulation port         :	Zmin
                        Mode number              :	1
                        Accuracy                 :	4.00335e-14
                        Iterations               :	1
                        Solver time              :	0 s


                      ------------------------------------------------------------------------------
2025-06-13 23:14:00     Total time               :	27 s

                      ------------------------------------------------------------------------------
2025-06-13 23:14:00   

                      ------------------------------------------------------------------------------
2025-06-13 23:14:00     Calculation 29 (Frequency: 25.664 GHz, Theta: 0, Phi: 0)


                      ------------------------------------------------------------------------------
2025-06-13 23:14:25     Matrix setup time        :	0 s
                        Solver setup             :	23 s
                        Degrees of freedom       :	419214
                        Number of mesh cells     :	65282

                        Stimulation port         :	Zmin
                        Mode number              :	1
                        Accuracy                 :	3.36237e-14
                        Iterations               :	1
                        Solver time              :	0 s


                      ------------------------------------------------------------------------------
2025-06-13 23:14:26     Total time               :	25 s

                      ------------------------------------------------------------------------------
2025-06-13 23:14:26   

                      ------------------------------------------------------------------------------
2025-06-13 23:14:26     Calculation 30 (Frequency: 24.38 GHz, Theta: 0, Phi: 0)


                      ------------------------------------------------------------------------------
2025-06-13 23:14:50     Matrix setup time        :	0 s
                        Solver setup             :	23 s
                        Degrees of freedom       :	419214
                        Number of mesh cells     :	65282

                        Stimulation port         :	Zmin
                        Mode number              :	1
                        Accuracy                 :	3.38105e-14
                        Iterations               :	1
                        Solver time              :	0 s


                      ------------------------------------------------------------------------------
2025-06-13 23:14:51     Total time               :	24 s

                      ------------------------------------------------------------------------------
2025-06-13 23:14:51   

                      ------------------------------------------------------------------------------
2025-06-13 23:14:51   Finished the general purpose interpolative broadband frequency sweep:
                      All broadband sweep convergence criteria have been satisfied after
                      calculating 30 frequency samples:

                        Broadband sweep error threshold value :  0.01 (All S-Parameters) 
                        Number of error criterion checks      :  2 (All S-Parameters) 
                        Minimum number of samples             :  3
                        Number of data samples, linear        :  1001

                      ------------------------------------------------------------------------------
2025-06-13 23:14:51     Number of mesh cells     :	65282
                        Degrees of freedom       :	416326
                        Total Solver Time        :	821 s	 (= 0 h, 13 m, 41 s)
                      ================================================================================



                      ------------------------------------------------------------------------------
2025-06-13 23:14:51     ----------------------------------------------------------------------------
                                            Peak memory used (kB)         Free physical memory (kB) 
                                                                          At begin     Minimum      
                        ----------------------------------------------------------------------------
                        Solver start        22236                         9505432      9504044      
                        Eq. system setup    7245548                       9501012      8183564      
                        Eq. system solve    7245548                       9454528      2419216      
                        Mesh refinement     4930640                       9283452      8503396      
                        Solver run total    7245548                       9505436      2419216      

                        Computer name       Tahsin
                        ----------------------------------------------------------------------------


                      ------------------------------------------------------------------------------
2025-06-13 23:14:51   Running postprocessing.

                      ------------------------------------------------------------------------------
2025-06-13 23:14:52   Postprocessing finished.

                      ------------------------------------------------------------------------------
