2025-04-05 12:50:57   *** Warning ***

                      Electric isotropic material [Copper (pure)] has a very high conductivity for
                      the given mesh. Depending on your configuration it may be better to use a lossy
                      metal type for this material. More...

                      ------------------------------------------------------------------------------
2025-04-05 12:50:57   In order to get an optimal performance, hyperthreading is ignored for parallel
                      computations.

                      ------------------------------------------------------------------------------
2025-04-05 12:50:59   Units settings: 

                        Dimensions: mm
                        Frequency:  GHz
                        Time:       s

                      ------------------------------------------------------------------------------
2025-04-05 12:50:59   Boundary conditions: 

                        YZsymmetry: none
                        XZsymmetry: none
                        XYsymmetry: none

                        Xmin: unit cell
                        Xmax: unit cell

                        Ymin: unit cell
                        Ymax: unit cell

                        Zmin: expanded open
                        Zmax: expanded open

                      ------------------------------------------------------------------------------
2025-04-05 12:50:59   Order settings: 

                        Solver order   : 2nd (constant)
                        Curved elements: up to order 3 (automatic)

                      ------------------------------------------------------------------------------
2025-04-05 12:50:59   An iterative solver will be used first.

                      ------------------------------------------------------------------------------
2025-04-05 12:50:59     Mesh time                :	1 s


                      ------------------------------------------------------------------------------
2025-04-05 12:51:00   
                      ================================================================================
                      Frequency Domain Solver calculation cycle started

                      ------------------------------------------------------------------------------
2025-04-05 12:51:00   Solver started at: 2025-04-05 12:51:00 +0600

                        Module:  Frequency Domain: S-Parameter (Win 64)
                        Version: 2024.1 Release from 2023-10-16 (change 1181985)

                      ------------------------------------------------------------------------------
2025-04-05 12:51:00   The low frequency stabilization is not applied to periodic problems.

                      ------------------------------------------------------------------------------
2025-04-05 12:51:00     Calculation 1 of 1 (Frequency: 32 GHz, Theta: 0, Phi: 0)


                      ------------------------------------------------------------------------------
2025-04-05 12:51:00   The wavelength based mesh refinement has been applied to 5.9% of all mesh edges.

                      ------------------------------------------------------------------------------
2025-04-05 12:51:00   For some elements the curvature had to be reduced to maintain the quality of the mesh. More...

                      ------------------------------------------------------------------------------
2025-04-05 12:51:00   Adaptive mesh refinement pass 1

                      ------------------------------------------------------------------------------
2025-04-05 12:51:07   *** Warning ***

2025-04-05 12:51:07   Detected possible stagnation of the iterative solver (5.179597e-02 after 250 iterations.)
                      Please consider aborting the solver run, and check your simulation setup.  More...

                      ------------------------------------------------------------------------------
2025-04-05 12:51:13   *** Warning ***

2025-04-05 12:51:13   The solver stopped because the maximum number of iterations (500, used for automatic solver choice) has been reached.

                      ------------------------------------------------------------------------------
2025-04-05 12:51:13   Solving again, but with the direct solver. Please consider forcing the direct solver in the solver special settings, and
                      check your simulation setup (for instance source and material definitions.)

                      ------------------------------------------------------------------------------
2025-04-05 12:51:15     Matrix setup time        :	0 s
                        Degrees of freedom       :	41444
                        Number of mesh cells     :	6338

                        Stimulation port         :	Zmin
                        Mode number              :	1
                        Accuracy                 :	6.64909e-14
                        Iterations               :	1
                        Solver time              :	0 s


                      ------------------------------------------------------------------------------
2025-04-05 12:51:15   20% of all mesh edges seem to be longer than expected. The adaptive mesh refinement's growth limitation will therefore 
                      use 14243 instead of 4086 mesh cells as a reference.

                      ------------------------------------------------------------------------------
2025-04-05 12:51:15   For some elements the curvature had to be reduced to maintain the quality of the mesh. More...

                      ------------------------------------------------------------------------------
2025-04-05 12:51:16   Adaptive mesh refinement pass 2

                      ------------------------------------------------------------------------------
2025-04-05 12:51:18     Matrix setup time        :	0 s
                        Solver setup             :	1 s
                        Degrees of freedom       :	79920
                        Number of mesh cells     :	12378

                        Stimulation port         :	Zmin
                        Mode number              :	1
                        Accuracy                 :	4.18406e-14
                        Iterations               :	1
                        Solver time              :	0 s


                      ------------------------------------------------------------------------------
2025-04-05 12:51:18     Delta calculation        
2025-04-05 12:51:18     All S-Parameters         :	0.0128994
2025-04-05 12:51:18   

                      ------------------------------------------------------------------------------
2025-04-05 12:51:19   For some elements the curvature had to be reduced to maintain the quality of the mesh. More...

                      ------------------------------------------------------------------------------
2025-04-05 12:51:20   Adaptive mesh refinement pass 3

                      ------------------------------------------------------------------------------
2025-04-05 12:51:25     Matrix setup time        :	0 s
                        Solver setup             :	4 s
                        Degrees of freedom       :	137508
                        Number of mesh cells     :	21368

                        Stimulation port         :	Zmin
                        Mode number              :	1
                        Accuracy                 :	2.45518e-14
                        Iterations               :	1
                        Solver time              :	0 s


                      ------------------------------------------------------------------------------
2025-04-05 12:51:25     Delta calculation        
2025-04-05 12:51:25     All S-Parameters         :	0.0152355
2025-04-05 12:51:25   

                      ------------------------------------------------------------------------------
2025-04-05 12:51:25   Mesh adaptation terminated because the desired accuracy limit is reached.

                      ------------------------------------------------------------------------------
2025-04-05 12:51:25   *** Warning ***

2025-04-05 12:51:25   At least one propagating Floquet mode is not considered at port Zmin. Please increase the number of modes at this port. 
                      More...

                      ------------------------------------------------------------------------------
2025-04-05 12:51:25   *** Warning ***

2025-04-05 12:51:25   At least one propagating Floquet mode is not considered at port Zmax. Please increase the number of modes at this port. 
                      More...

                      ------------------------------------------------------------------------------
2025-04-05 12:51:25     Total time               :	25 s

                      ------------------------------------------------------------------------------
2025-04-05 12:51:25   

                      ------------------------------------------------------------------------------
2025-04-05 12:51:25     Calculation 2 (Frequency: 20 GHz, Theta: 0, Phi: 0)


                      ------------------------------------------------------------------------------
2025-04-05 12:51:29     Matrix setup time        :	0 s
                        Solver setup             :	3 s
                        Degrees of freedom       :	137508
                        Number of mesh cells     :	21368

                        Stimulation port         :	Zmin
                        Mode number              :	1
                        Accuracy                 :	4.51283e-14
                        Iterations               :	1
                        Solver time              :	0 s


                      ------------------------------------------------------------------------------
2025-04-05 12:51:29     Total time               :	3 s

                      ------------------------------------------------------------------------------
2025-04-05 12:51:29   

                      ------------------------------------------------------------------------------
2025-04-05 12:51:29     Calculation 3 (Frequency: 26 GHz, Theta: 0, Phi: 0)


                      ------------------------------------------------------------------------------
2025-04-05 12:51:33     Matrix setup time        :	0 s
                        Solver setup             :	3 s
                        Degrees of freedom       :	137508
                        Number of mesh cells     :	21368

                        Stimulation port         :	Zmin
                        Mode number              :	1
                        Accuracy                 :	3.81987e-14
                        Iterations               :	1
                        Solver time              :	0 s


                      ------------------------------------------------------------------------------
2025-04-05 12:51:33     Total time               :	3 s

                      ------------------------------------------------------------------------------
2025-04-05 12:51:33   

                      ------------------------------------------------------------------------------
2025-04-05 12:51:33     Calculation 4 (Frequency: 29 GHz, Theta: 0, Phi: 0)


                      ------------------------------------------------------------------------------
2025-04-05 12:51:36     Matrix setup time        :	0 s
                        Solver setup             :	3 s
                        Degrees of freedom       :	137508
                        Number of mesh cells     :	21368

                        Stimulation port         :	Zmin
                        Mode number              :	1
                        Accuracy                 :	4.6101e-14
                        Iterations               :	1
                        Solver time              :	0 s


                      ------------------------------------------------------------------------------
2025-04-05 12:51:37     Total time               :	3 s

                      ------------------------------------------------------------------------------
2025-04-05 12:51:37   

                      ------------------------------------------------------------------------------
2025-04-05 12:51:37     Calculation 5 (Frequency: 23.348 GHz, Theta: 0, Phi: 0)


                      ------------------------------------------------------------------------------
2025-04-05 12:51:40     Matrix setup time        :	0 s
                        Solver setup             :	3 s
                        Degrees of freedom       :	137508
                        Number of mesh cells     :	21368

                        Stimulation port         :	Zmin
                        Mode number              :	1
                        Accuracy                 :	3.54394e-14
                        Iterations               :	1
                        Solver time              :	0 s


                      ------------------------------------------------------------------------------
2025-04-05 12:51:40     Total time               :	3 s

                      ------------------------------------------------------------------------------
2025-04-05 12:51:40   

                      ------------------------------------------------------------------------------
2025-04-05 12:51:40     Calculation 6 (Frequency: 27.176 GHz, Theta: 0, Phi: 0)


                      ------------------------------------------------------------------------------
2025-04-05 12:51:44     Matrix setup time        :	0 s
                        Solver setup             :	3 s
                        Degrees of freedom       :	137508
                        Number of mesh cells     :	21368

                        Stimulation port         :	Zmin
                        Mode number              :	1
                        Accuracy                 :	3.57449e-14
                        Iterations               :	1
                        Solver time              :	0 s


                      ------------------------------------------------------------------------------
2025-04-05 12:51:44     Total time               :	3 s

                      ------------------------------------------------------------------------------
2025-04-05 12:51:44   

                      ------------------------------------------------------------------------------
2025-04-05 12:51:44     Calculation 7 (Frequency: 24.38 GHz, Theta: 0, Phi: 0)


                      ------------------------------------------------------------------------------
2025-04-05 12:51:48     Matrix setup time        :	0 s
                        Solver setup             :	3 s
                        Degrees of freedom       :	137508
                        Number of mesh cells     :	21368

                        Stimulation port         :	Zmin
                        Mode number              :	1
                        Accuracy                 :	2.02246e-14
                        Iterations               :	1
                        Solver time              :	0 s


                      ------------------------------------------------------------------------------
2025-04-05 12:51:48     Total time               :	3 s

                      ------------------------------------------------------------------------------
2025-04-05 12:51:48   

                      ------------------------------------------------------------------------------
2025-04-05 12:51:48     Calculation 8 (Frequency: 27.752 GHz, Theta: 0, Phi: 0)


                      ------------------------------------------------------------------------------
2025-04-05 12:51:52     Matrix setup time        :	0 s
                        Solver setup             :	3 s
                        Degrees of freedom       :	137508
                        Number of mesh cells     :	21368

                        Stimulation port         :	Zmin
                        Mode number              :	1
                        Accuracy                 :	4.1942e-14
                        Iterations               :	1
                        Solver time              :	0 s


                      ------------------------------------------------------------------------------
2025-04-05 12:51:52     Total time               :	3 s

                      ------------------------------------------------------------------------------
2025-04-05 12:51:52   

                      ------------------------------------------------------------------------------
2025-04-05 12:51:52     Calculation 9 (Frequency: 25.232 GHz, Theta: 0, Phi: 0)


                      ------------------------------------------------------------------------------
2025-04-05 12:51:56     Matrix setup time        :	0 s
                        Solver setup             :	3 s
                        Degrees of freedom       :	137508
                        Number of mesh cells     :	21368

                        Stimulation port         :	Zmin
                        Mode number              :	1
                        Accuracy                 :	2.55382e-14
                        Iterations               :	1
                        Solver time              :	0 s


                      ------------------------------------------------------------------------------
2025-04-05 12:51:56     Total time               :	3 s

                      ------------------------------------------------------------------------------
2025-04-05 12:51:56   

                      ------------------------------------------------------------------------------
2025-04-05 12:51:56     Calculation 10 (Frequency: 26.132 GHz, Theta: 0, Phi: 0)


                      ------------------------------------------------------------------------------
2025-04-05 12:52:00     Matrix setup time        :	0 s
                        Solver setup             :	3 s
                        Degrees of freedom       :	137508
                        Number of mesh cells     :	21368

                        Stimulation port         :	Zmin
                        Mode number              :	1
                        Accuracy                 :	4.72794e-14
                        Iterations               :	1
                        Solver time              :	0 s


                      ------------------------------------------------------------------------------
2025-04-05 12:52:00     Total time               :	3 s

                      ------------------------------------------------------------------------------
2025-04-05 12:52:00   

                      ------------------------------------------------------------------------------
2025-04-05 12:52:00     Calculation 11 (Frequency: 25.772 GHz, Theta: 0, Phi: 0)


                      ------------------------------------------------------------------------------
2025-04-05 12:52:03     Matrix setup time        :	0 s
                        Solver setup             :	3 s
                        Degrees of freedom       :	137508
                        Number of mesh cells     :	21368

                        Stimulation port         :	Zmin
                        Mode number              :	1
                        Accuracy                 :	3.31933e-14
                        Iterations               :	1
                        Solver time              :	0 s


                      ------------------------------------------------------------------------------
2025-04-05 12:52:04     Total time               :	3 s

                      ------------------------------------------------------------------------------
2025-04-05 12:52:04   

                      ------------------------------------------------------------------------------
2025-04-05 12:52:04     Calculation 12 (Frequency: 26.504 GHz, Theta: 0, Phi: 0)


                      ------------------------------------------------------------------------------
2025-04-05 12:52:07     Matrix setup time        :	0 s
                        Solver setup             :	3 s
                        Degrees of freedom       :	137508
                        Number of mesh cells     :	21368

                        Stimulation port         :	Zmin
                        Mode number              :	1
                        Accuracy                 :	3.81384e-14
                        Iterations               :	1
                        Solver time              :	0 s


                      ------------------------------------------------------------------------------
2025-04-05 12:52:08     Total time               :	3 s

                      ------------------------------------------------------------------------------
2025-04-05 12:52:08   

                      ------------------------------------------------------------------------------
2025-04-05 12:52:08     Calculation 13 (Frequency: 23.996 GHz, Theta: 0, Phi: 0)


                      ------------------------------------------------------------------------------
2025-04-05 12:52:11     Matrix setup time        :	0 s
                        Solver setup             :	3 s
                        Degrees of freedom       :	137508
                        Number of mesh cells     :	21368

                        Stimulation port         :	Zmin
                        Mode number              :	1
                        Accuracy                 :	2.15523e-14
                        Iterations               :	1
                        Solver time              :	0 s


                      ------------------------------------------------------------------------------
2025-04-05 12:52:12     Total time               :	3 s

                      ------------------------------------------------------------------------------
2025-04-05 12:52:12   

                      ------------------------------------------------------------------------------
2025-04-05 12:52:12     Calculation 14 (Frequency: 27.608 GHz, Theta: 0, Phi: 0)


                      ------------------------------------------------------------------------------
2025-04-05 12:52:15     Matrix setup time        :	0 s
                        Solver setup             :	3 s
                        Degrees of freedom       :	137508
                        Number of mesh cells     :	21368

                        Stimulation port         :	Zmin
                        Mode number              :	1
                        Accuracy                 :	3.55454e-14
                        Iterations               :	1
                        Solver time              :	0 s


                      ------------------------------------------------------------------------------
2025-04-05 12:52:15     Total time               :	3 s

                      ------------------------------------------------------------------------------
2025-04-05 12:52:15   

                      ------------------------------------------------------------------------------
2025-04-05 12:52:15     Calculation 15 (Frequency: 30.668 GHz, Theta: 0, Phi: 0)


                      ------------------------------------------------------------------------------
2025-04-05 12:52:19     Matrix setup time        :	0 s
                        Solver setup             :	3 s
                        Degrees of freedom       :	137508
                        Number of mesh cells     :	21368

                        Stimulation port         :	Zmin
                        Mode number              :	1
                        Accuracy                 :	4.2372e-14
                        Iterations               :	1
                        Solver time              :	0 s


                      ------------------------------------------------------------------------------
2025-04-05 12:52:19     Total time               :	3 s

                      ------------------------------------------------------------------------------
2025-04-05 12:52:19   

                      ------------------------------------------------------------------------------
2025-04-05 12:52:19     Calculation 16 (Frequency: 28.352 GHz, Theta: 0, Phi: 0)


                      ------------------------------------------------------------------------------
2025-04-05 12:52:23     Matrix setup time        :	0 s
                        Solver setup             :	3 s
                        Degrees of freedom       :	137508
                        Number of mesh cells     :	21368

                        Stimulation port         :	Zmin
                        Mode number              :	1
                        Accuracy                 :	4.25568e-14
                        Iterations               :	1
                        Solver time              :	0 s


                      ------------------------------------------------------------------------------
2025-04-05 12:52:24     Total time               :	4 s

                      ------------------------------------------------------------------------------
2025-04-05 12:52:24   

                      ------------------------------------------------------------------------------
2025-04-05 12:52:24     Calculation 17 (Frequency: 30.464 GHz, Theta: 0, Phi: 0)


                      ------------------------------------------------------------------------------
2025-04-05 12:52:28     Matrix setup time        :	0 s
                        Solver setup             :	3 s
                        Degrees of freedom       :	137508
                        Number of mesh cells     :	21368

                        Stimulation port         :	Zmin
                        Mode number              :	1
                        Accuracy                 :	3.86692e-14
                        Iterations               :	1
                        Solver time              :	0 s


                      ------------------------------------------------------------------------------
2025-04-05 12:52:28     Total time               :	4 s

                      ------------------------------------------------------------------------------
2025-04-05 12:52:28   

                      ------------------------------------------------------------------------------
2025-04-05 12:52:28     Calculation 18 (Frequency: 30.944 GHz, Theta: 0, Phi: 0)


                      ------------------------------------------------------------------------------
2025-04-05 12:52:32     Matrix setup time        :	0 s
                        Solver setup             :	3 s
                        Degrees of freedom       :	137508
                        Number of mesh cells     :	21368

                        Stimulation port         :	Zmin
                        Mode number              :	1
                        Accuracy                 :	3.95403e-14
                        Iterations               :	1
                        Solver time              :	0 s


                      ------------------------------------------------------------------------------
2025-04-05 12:52:32     Total time               :	3 s

                      ------------------------------------------------------------------------------
2025-04-05 12:52:32   

                      ------------------------------------------------------------------------------
2025-04-05 12:52:32     Calculation 19 (Frequency: 29.624 GHz, Theta: 0, Phi: 0)


                      ------------------------------------------------------------------------------
2025-04-05 12:52:36     Matrix setup time        :	0 s
                        Solver setup             :	3 s
                        Degrees of freedom       :	137508
                        Number of mesh cells     :	21368

                        Stimulation port         :	Zmin
                        Mode number              :	1
                        Accuracy                 :	4.69434e-14
                        Iterations               :	1
                        Solver time              :	0 s


                      ------------------------------------------------------------------------------
2025-04-05 12:52:36     Total time               :	3 s

                      ------------------------------------------------------------------------------
2025-04-05 12:52:36   

                      ------------------------------------------------------------------------------
2025-04-05 12:52:36     Calculation 20 (Frequency: 31.508 GHz, Theta: 0, Phi: 0)


                      ------------------------------------------------------------------------------
2025-04-05 12:52:40     Matrix setup time        :	0 s
                        Solver setup             :	3 s
                        Degrees of freedom       :	137508
                        Number of mesh cells     :	21368

                        Stimulation port         :	Zmin
                        Mode number              :	1
                        Accuracy                 :	2.41293e-14
                        Iterations               :	1
                        Solver time              :	0 s


                      ------------------------------------------------------------------------------
2025-04-05 12:52:40     Total time               :	3 s

                      ------------------------------------------------------------------------------
2025-04-05 12:52:40   

                      ------------------------------------------------------------------------------
2025-04-05 12:52:40     Calculation 21 (Frequency: 30.08 GHz, Theta: 0, Phi: 0)


                      ------------------------------------------------------------------------------
2025-04-05 12:52:44     Matrix setup time        :	0 s
                        Solver setup             :	3 s
                        Degrees of freedom       :	137508
                        Number of mesh cells     :	21368

                        Stimulation port         :	Zmin
                        Mode number              :	1
                        Accuracy                 :	4.36094e-14
                        Iterations               :	1
                        Solver time              :	0 s


                      ------------------------------------------------------------------------------
2025-04-05 12:52:44     Total time               :	3 s

                      ------------------------------------------------------------------------------
2025-04-05 12:52:44   

                      ------------------------------------------------------------------------------
2025-04-05 12:52:44     Calculation 22 (Frequency: 21.368 GHz, Theta: 0, Phi: 0)


                      ------------------------------------------------------------------------------
2025-04-05 12:52:48     Matrix setup time        :	0 s
                        Solver setup             :	3 s
                        Degrees of freedom       :	137508
                        Number of mesh cells     :	21368

                        Stimulation port         :	Zmin
                        Mode number              :	1
                        Accuracy                 :	6.98001e-14
                        Iterations               :	1
                        Solver time              :	0 s


                      ------------------------------------------------------------------------------
2025-04-05 12:52:48     Total time               :	3 s

                      ------------------------------------------------------------------------------
2025-04-05 12:52:48   

                      ------------------------------------------------------------------------------
2025-04-05 12:52:48     Calculation 23 (Frequency: 23.732 GHz, Theta: 0, Phi: 0)


                      ------------------------------------------------------------------------------
2025-04-05 12:52:52     Matrix setup time        :	0 s
                        Solver setup             :	3 s
                        Degrees of freedom       :	137508
                        Number of mesh cells     :	21368

                        Stimulation port         :	Zmin
                        Mode number              :	1
                        Accuracy                 :	2.8716e-14
                        Iterations               :	1
                        Solver time              :	0 s


                      ------------------------------------------------------------------------------
2025-04-05 12:52:52     Total time               :	3 s

                      ------------------------------------------------------------------------------
2025-04-05 12:52:52   

                      ------------------------------------------------------------------------------
2025-04-05 12:52:52     Calculation 24 (Frequency: 21.152 GHz, Theta: 0, Phi: 0)


                      ------------------------------------------------------------------------------
2025-04-05 12:52:56     Matrix setup time        :	0 s
                        Solver setup             :	3 s
                        Degrees of freedom       :	137508
                        Number of mesh cells     :	21368

                        Stimulation port         :	Zmin
                        Mode number              :	1
                        Accuracy                 :	7.38166e-14
                        Iterations               :	1
                        Solver time              :	0 s


                      ------------------------------------------------------------------------------
2025-04-05 12:52:56     Total time               :	3 s

                      ------------------------------------------------------------------------------
2025-04-05 12:52:56   

                      ------------------------------------------------------------------------------
2025-04-05 12:52:56     Calculation 25 (Frequency: 21.86 GHz, Theta: 0, Phi: 0)


                      ------------------------------------------------------------------------------
2025-04-05 12:53:00     Matrix setup time        :	0 s
                        Solver setup             :	3 s
                        Degrees of freedom       :	137508
                        Number of mesh cells     :	21368

                        Stimulation port         :	Zmin
                        Mode number              :	1
                        Accuracy                 :	5.98482e-14
                        Iterations               :	1
                        Solver time              :	0 s


                      ------------------------------------------------------------------------------
2025-04-05 12:53:00     Total time               :	3 s

                      ------------------------------------------------------------------------------
2025-04-05 12:53:00   

                      ------------------------------------------------------------------------------
2025-04-05 12:53:00     Calculation 26 (Frequency: 20.732 GHz, Theta: 0, Phi: 0)


                      ------------------------------------------------------------------------------
2025-04-05 12:53:04     Matrix setup time        :	0 s
                        Solver setup             :	3 s
                        Degrees of freedom       :	137508
                        Number of mesh cells     :	21368

                        Stimulation port         :	Zmin
                        Mode number              :	1
                        Accuracy                 :	4.44978e-14
                        Iterations               :	1
                        Solver time              :	0 s


                      ------------------------------------------------------------------------------
2025-04-05 12:53:04     Total time               :	4 s

                      ------------------------------------------------------------------------------
2025-04-05 12:53:04   

                      ------------------------------------------------------------------------------
2025-04-05 12:53:04     Calculation 27 (Frequency: 22.088 GHz, Theta: 0, Phi: 0)


                      ------------------------------------------------------------------------------
2025-04-05 12:53:08     Matrix setup time        :	0 s
                        Solver setup             :	3 s
                        Degrees of freedom       :	137508
                        Number of mesh cells     :	21368

                        Stimulation port         :	Zmin
                        Mode number              :	1
                        Accuracy                 :	4.76116e-14
                        Iterations               :	1
                        Solver time              :	0 s


                      ------------------------------------------------------------------------------
2025-04-05 12:53:08     Total time               :	4 s

                      ------------------------------------------------------------------------------
2025-04-05 12:53:08   

                      ------------------------------------------------------------------------------
2025-04-05 12:53:08     Calculation 28 (Frequency: 21.608 GHz, Theta: 0, Phi: 0)


                      ------------------------------------------------------------------------------
2025-04-05 12:53:12     Matrix setup time        :	0 s
                        Solver setup             :	3 s
                        Degrees of freedom       :	137508
                        Number of mesh cells     :	21368

                        Stimulation port         :	Zmin
                        Mode number              :	1
                        Accuracy                 :	6.88745e-14
                        Iterations               :	1
                        Solver time              :	0 s


                      ------------------------------------------------------------------------------
2025-04-05 12:53:13     Total time               :	4 s

                      ------------------------------------------------------------------------------
2025-04-05 12:53:13   

                      ------------------------------------------------------------------------------
2025-04-05 12:53:13     Calculation 29 (Frequency: 20.252 GHz, Theta: 0, Phi: 0)


                      ------------------------------------------------------------------------------
2025-04-05 12:53:17     Matrix setup time        :	0 s
                        Solver setup             :	3 s
                        Degrees of freedom       :	137508
                        Number of mesh cells     :	21368

                        Stimulation port         :	Zmin
                        Mode number              :	1
                        Accuracy                 :	5.28417e-14
                        Iterations               :	1
                        Solver time              :	0 s


                      ------------------------------------------------------------------------------
2025-04-05 12:53:17     Total time               :	4 s

                      ------------------------------------------------------------------------------
2025-04-05 12:53:17   

                      ------------------------------------------------------------------------------
2025-04-05 12:53:17   Finished the general purpose interpolative broadband frequency sweep:
                      All broadband sweep convergence criteria have been satisfied after
                      calculating 29 frequency samples:

                        Broadband sweep error threshold value :  0.01 (All S-Parameters) 
                        Number of error criterion checks      :  2 (All S-Parameters) 
                        Minimum number of samples             :  3
                        Number of data samples, linear        :  1001

                      ------------------------------------------------------------------------------
2025-04-05 12:53:17     Number of mesh cells     :	21368
                        Degrees of freedom       :	136346
                        Total Solver Time        :	137 s	 (= 0 h, 02 m, 17 s)
                      ================================================================================



                      ------------------------------------------------------------------------------
2025-04-05 12:53:17     ----------------------------------------------------------------------------
                                            Peak memory used (kB)         Free physical memory (kB) 
                                                                          At begin     Minimum      
                        ----------------------------------------------------------------------------
                        Solver start        21996                         8363040      8362220      
                        Eq. system setup    2329872                       8353380      7458256      
                        Eq. system solve    2329872                       8308220      5974532      
                        Mesh refinement     1461488                       8135416      7788472      
                        Solver run total    2329872                       8363044      5974532      

                        Computer name       Tahsin
                        ----------------------------------------------------------------------------


                      ------------------------------------------------------------------------------
2025-04-05 12:53:17   Running postprocessing.

                      ------------------------------------------------------------------------------
2025-04-05 12:53:18   Postprocessing finished.

                      ------------------------------------------------------------------------------
