2025-06-15 20:15:46   *** Warning ***

                      Electric isotropic material [Copper (pure)] has a very high conductivity for
                      the given mesh. Depending on your configuration it may be better to use a lossy
                      metal type for this material. More...

                      ------------------------------------------------------------------------------
2025-06-15 20:15:46   In order to get an optimal performance, hyperthreading is ignored for parallel
                      computations.

                      ------------------------------------------------------------------------------
2025-06-15 20:15:48   Units settings: 

                        Dimensions: mm
                        Frequency:  GHz
                        Time:       s

                      ------------------------------------------------------------------------------
2025-06-15 20:15:48   Boundary conditions: 

                        YZsymmetry: none
                        XZsymmetry: none
                        XYsymmetry: none

                        Xmin: unit cell
                        Xmax: unit cell

                        Ymin: unit cell
                        Ymax: unit cell

                        Zmin: expanded open
                        Zmax: expanded open

                      ------------------------------------------------------------------------------
2025-06-15 20:15:48   Order settings: 

                        Solver order   : 2nd (constant)
                        Curved elements: up to order 3 (automatic)

                      ------------------------------------------------------------------------------
2025-06-15 20:15:49   An iterative solver will be used first.

                      ------------------------------------------------------------------------------
2025-06-15 20:15:49     Mesh time                :	1 s


                      ------------------------------------------------------------------------------
2025-06-15 20:15:49   
                      ================================================================================
                      Frequency Domain Solver calculation cycle started

                      ------------------------------------------------------------------------------
2025-06-15 20:15:49   Solver started at: 2025-06-15 20:15:49 +0800

                        Module:  Frequency Domain: S-Parameter (Win 64)
                        Version: 2024.1 Release from 2023-10-16 (change 1181985)

                      ------------------------------------------------------------------------------
2025-06-15 20:15:49   The low frequency stabilization is not applied to periodic problems.

                      ------------------------------------------------------------------------------
2025-06-15 20:15:49     Calculation 1 of 1 (Frequency: 32 GHz, Theta: 0, Phi: 0)


                      ------------------------------------------------------------------------------
2025-06-15 20:15:49   The wavelength based mesh refinement has been applied to 6.6% of all mesh edges.

                      ------------------------------------------------------------------------------
2025-06-15 20:15:49   Adaptive mesh refinement pass 1

                      ------------------------------------------------------------------------------
2025-06-15 20:15:57   *** Warning ***

2025-06-15 20:15:57   Detected possible stagnation of the iterative solver (4.611230e-02 after 250 iterations.)
                      Please consider aborting the solver run, and check your simulation setup.  More...

                      ------------------------------------------------------------------------------
2025-06-15 20:16:05   *** Warning ***

2025-06-15 20:16:05   The solver stopped because the maximum number of iterations (500, used for automatic solver choice) has been reached.

                      ------------------------------------------------------------------------------
2025-06-15 20:16:05   Solving again, but with the direct solver. Please consider forcing the direct solver in the solver special settings, and
                      check your simulation setup (for instance source and material definitions.)

                      ------------------------------------------------------------------------------
2025-06-15 20:16:06     Matrix setup time        :	0 s
                        Degrees of freedom       :	44964
                        Number of mesh cells     :	6839

                        Stimulation port         :	Zmin
                        Mode number              :	1
                        Accuracy                 :	5.45104e-14
                        Iterations               :	1
                        Solver time              :	0 s


                      ------------------------------------------------------------------------------
2025-06-15 20:16:06   20% of all mesh edges seem to be longer than expected. The adaptive mesh refinement's growth limitation will therefore 
                      use 15330 instead of 4394 mesh cells as a reference.

                      ------------------------------------------------------------------------------
2025-06-15 20:16:06   The wavelength based mesh refinement has been applied to 0.4% of all mesh edges.

                      ------------------------------------------------------------------------------
2025-06-15 20:16:07   For some elements the curvature had to be reduced to maintain the quality of the mesh. More...

                      ------------------------------------------------------------------------------
2025-06-15 20:16:07   Adaptive mesh refinement pass 2

                      ------------------------------------------------------------------------------
2025-06-15 20:16:10     Matrix setup time        :	0 s
                        Solver setup             :	2 s
                        Degrees of freedom       :	81508
                        Number of mesh cells     :	12577

                        Stimulation port         :	Zmin
                        Mode number              :	1
                        Accuracy                 :	3.72891e-14
                        Iterations               :	1
                        Solver time              :	0 s


                      ------------------------------------------------------------------------------
2025-06-15 20:16:10     Delta calculation        
2025-06-15 20:16:10     All S-Parameters         :	0.112635
2025-06-15 20:16:10   

                      ------------------------------------------------------------------------------
2025-06-15 20:16:12   Adaptive mesh refinement pass 3

                      ------------------------------------------------------------------------------
2025-06-15 20:16:17     Matrix setup time        :	0 s
                        Solver setup             :	4 s
                        Degrees of freedom       :	145616
                        Number of mesh cells     :	22579

                        Stimulation port         :	Zmin
                        Mode number              :	1
                        Accuracy                 :	2.7438e-14
                        Iterations               :	1
                        Solver time              :	0 s


                      ------------------------------------------------------------------------------
2025-06-15 20:16:17     Delta calculation        
2025-06-15 20:16:17     All S-Parameters         :	0.0311889
2025-06-15 20:16:17   

                      ------------------------------------------------------------------------------
2025-06-15 20:16:19   For some elements the curvature had to be slightly reduced to maintain the quality of the mesh. More...

                      ------------------------------------------------------------------------------
2025-06-15 20:16:20   Adaptive mesh refinement pass 4

                      ------------------------------------------------------------------------------
2025-06-15 20:16:31     Matrix setup time        :	0 s
                        Solver setup             :	9 s
                        Degrees of freedom       :	245504
                        Number of mesh cells     :	38097

                        Stimulation port         :	Zmin
                        Mode number              :	1
                        Accuracy                 :	3.40189e-14
                        Iterations               :	1
                        Solver time              :	0 s


                      ------------------------------------------------------------------------------
2025-06-15 20:16:31     Delta calculation        
2025-06-15 20:16:31     All S-Parameters         :	0.0120364
2025-06-15 20:16:31   

                      ------------------------------------------------------------------------------
2025-06-15 20:16:31   Mesh adaptation terminated because the desired accuracy limit is reached.

                      ------------------------------------------------------------------------------
2025-06-15 20:16:31   *** Warning ***

2025-06-15 20:16:31   At least one propagating Floquet mode is not considered at port Zmin. Please increase the number of modes at this port. 
                      More...

                      ------------------------------------------------------------------------------
2025-06-15 20:16:31   *** Warning ***

2025-06-15 20:16:31   At least one propagating Floquet mode is not considered at port Zmax. Please increase the number of modes at this port. 
                      More...

                      ------------------------------------------------------------------------------
2025-06-15 20:16:31     Total time               :	42 s

                      ------------------------------------------------------------------------------
2025-06-15 20:16:31   

                      ------------------------------------------------------------------------------
2025-06-15 20:16:31     Calculation 2 (Frequency: 20 GHz, Theta: 0, Phi: 0)


                      ------------------------------------------------------------------------------
2025-06-15 20:16:39     Matrix setup time        :	0 s
                        Solver setup             :	7 s
                        Degrees of freedom       :	245504
                        Number of mesh cells     :	38097

                        Stimulation port         :	Zmin
                        Mode number              :	1
                        Accuracy                 :	3.03734e-14
                        Iterations               :	1
                        Solver time              :	0 s


                      ------------------------------------------------------------------------------
2025-06-15 20:16:40     Total time               :	8 s

                      ------------------------------------------------------------------------------
2025-06-15 20:16:40   

                      ------------------------------------------------------------------------------
2025-06-15 20:16:40     Calculation 3 (Frequency: 26 GHz, Theta: 0, Phi: 0)


                      ------------------------------------------------------------------------------
2025-06-15 20:16:48     Matrix setup time        :	0 s
                        Solver setup             :	7 s
                        Degrees of freedom       :	245504
                        Number of mesh cells     :	38097

                        Stimulation port         :	Zmin
                        Mode number              :	1
                        Accuracy                 :	2.54957e-14
                        Iterations               :	1
                        Solver time              :	0 s


                      ------------------------------------------------------------------------------
2025-06-15 20:16:48     Total time               :	8 s

                      ------------------------------------------------------------------------------
2025-06-15 20:16:48   

                      ------------------------------------------------------------------------------
2025-06-15 20:16:48     Calculation 4 (Frequency: 29 GHz, Theta: 0, Phi: 0)


                      ------------------------------------------------------------------------------
2025-06-15 20:16:57     Matrix setup time        :	0 s
                        Solver setup             :	7 s
                        Degrees of freedom       :	245504
                        Number of mesh cells     :	38097

                        Stimulation port         :	Zmin
                        Mode number              :	1
                        Accuracy                 :	8.2971e-14
                        Iterations               :	1
                        Solver time              :	0 s


                      ------------------------------------------------------------------------------
2025-06-15 20:16:57     Total time               :	8 s

                      ------------------------------------------------------------------------------
2025-06-15 20:16:57   

                      ------------------------------------------------------------------------------
2025-06-15 20:16:57     Calculation 5 (Frequency: 24.032 GHz, Theta: 0, Phi: 0)


                      ------------------------------------------------------------------------------
2025-06-15 20:17:05     Matrix setup time        :	0 s
                        Solver setup             :	7 s
                        Degrees of freedom       :	245504
                        Number of mesh cells     :	38097

                        Stimulation port         :	Zmin
                        Mode number              :	1
                        Accuracy                 :	1.78923e-14
                        Iterations               :	1
                        Solver time              :	0 s


                      ------------------------------------------------------------------------------
2025-06-15 20:17:06     Total time               :	8 s

                      ------------------------------------------------------------------------------
2025-06-15 20:17:06   

                      ------------------------------------------------------------------------------
2025-06-15 20:17:06     Calculation 6 (Frequency: 27.38 GHz, Theta: 0, Phi: 0)


                      ------------------------------------------------------------------------------
2025-06-15 20:17:14     Matrix setup time        :	0 s
                        Solver setup             :	7 s
                        Degrees of freedom       :	245504
                        Number of mesh cells     :	38097

                        Stimulation port         :	Zmin
                        Mode number              :	1
                        Accuracy                 :	2.40929e-14
                        Iterations               :	1
                        Solver time              :	0 s


                      ------------------------------------------------------------------------------
2025-06-15 20:17:14     Total time               :	8 s

                      ------------------------------------------------------------------------------
2025-06-15 20:17:14   

                      ------------------------------------------------------------------------------
2025-06-15 20:17:14     Calculation 7 (Frequency: 24.944 GHz, Theta: 0, Phi: 0)


                      ------------------------------------------------------------------------------
2025-06-15 20:17:23     Matrix setup time        :	0 s
                        Solver setup             :	7 s
                        Degrees of freedom       :	245504
                        Number of mesh cells     :	38097

                        Stimulation port         :	Zmin
                        Mode number              :	1
                        Accuracy                 :	2.1047e-14
                        Iterations               :	1
                        Solver time              :	0 s


                      ------------------------------------------------------------------------------
2025-06-15 20:17:23     Total time               :	8 s

                      ------------------------------------------------------------------------------
2025-06-15 20:17:23   

                      ------------------------------------------------------------------------------
2025-06-15 20:17:23     Calculation 8 (Frequency: 30.188 GHz, Theta: 0, Phi: 0)


                      ------------------------------------------------------------------------------
2025-06-15 20:17:31     Matrix setup time        :	0 s
                        Solver setup             :	7 s
                        Degrees of freedom       :	245504
                        Number of mesh cells     :	38097

                        Stimulation port         :	Zmin
                        Mode number              :	1
                        Accuracy                 :	2.39596e-14
                        Iterations               :	1
                        Solver time              :	0 s


                      ------------------------------------------------------------------------------
2025-06-15 20:17:32     Total time               :	8 s

                      ------------------------------------------------------------------------------
2025-06-15 20:17:32   

                      ------------------------------------------------------------------------------
2025-06-15 20:17:32     Calculation 9 (Frequency: 28.508 GHz, Theta: 0, Phi: 0)


                      ------------------------------------------------------------------------------
2025-06-15 20:17:40     Matrix setup time        :	0 s
                        Solver setup             :	7 s
                        Degrees of freedom       :	245504
                        Number of mesh cells     :	38097

                        Stimulation port         :	Zmin
                        Mode number              :	1
                        Accuracy                 :	3.15553e-14
                        Iterations               :	1
                        Solver time              :	0 s


                      ------------------------------------------------------------------------------
2025-06-15 20:17:40     Total time               :	8 s

                      ------------------------------------------------------------------------------
2025-06-15 20:17:40   

                      ------------------------------------------------------------------------------
2025-06-15 20:17:40     Calculation 10 (Frequency: 21.68 GHz, Theta: 0, Phi: 0)


                      ------------------------------------------------------------------------------
2025-06-15 20:17:49     Matrix setup time        :	0 s
                        Solver setup             :	7 s
                        Degrees of freedom       :	245504
                        Number of mesh cells     :	38097

                        Stimulation port         :	Zmin
                        Mode number              :	1
                        Accuracy                 :	2.13561e-14
                        Iterations               :	1
                        Solver time              :	0 s


                      ------------------------------------------------------------------------------
2025-06-15 20:17:49     Total time               :	8 s

                      ------------------------------------------------------------------------------
2025-06-15 20:17:49   

                      ------------------------------------------------------------------------------
2025-06-15 20:17:49     Calculation 11 (Frequency: 25.484 GHz, Theta: 0, Phi: 0)


                      ------------------------------------------------------------------------------
2025-06-15 20:17:57     Matrix setup time        :	0 s
                        Solver setup             :	7 s
                        Degrees of freedom       :	245504
                        Number of mesh cells     :	38097

                        Stimulation port         :	Zmin
                        Mode number              :	1
                        Accuracy                 :	3.45866e-14
                        Iterations               :	1
                        Solver time              :	0 s


                      ------------------------------------------------------------------------------
2025-06-15 20:17:57     Total time               :	8 s

                      ------------------------------------------------------------------------------
2025-06-15 20:17:57   

                      ------------------------------------------------------------------------------
2025-06-15 20:17:57     Calculation 12 (Frequency: 24.344 GHz, Theta: 0, Phi: 0)


                      ------------------------------------------------------------------------------
2025-06-15 20:18:06     Matrix setup time        :	0 s
                        Solver setup             :	7 s
                        Degrees of freedom       :	245504
                        Number of mesh cells     :	38097

                        Stimulation port         :	Zmin
                        Mode number              :	1
                        Accuracy                 :	3.91655e-14
                        Iterations               :	1
                        Solver time              :	0 s


                      ------------------------------------------------------------------------------
2025-06-15 20:18:06     Total time               :	8 s

                      ------------------------------------------------------------------------------
2025-06-15 20:18:06   

                      ------------------------------------------------------------------------------
2025-06-15 20:18:06     Calculation 13 (Frequency: 25.184 GHz, Theta: 0, Phi: 0)


                      ------------------------------------------------------------------------------
2025-06-15 20:18:14     Matrix setup time        :	0 s
                        Solver setup             :	7 s
                        Degrees of freedom       :	245504
                        Number of mesh cells     :	38097

                        Stimulation port         :	Zmin
                        Mode number              :	1
                        Accuracy                 :	2.28055e-14
                        Iterations               :	1
                        Solver time              :	0 s


                      ------------------------------------------------------------------------------
2025-06-15 20:18:15     Total time               :	8 s

                      ------------------------------------------------------------------------------
2025-06-15 20:18:15   

                      ------------------------------------------------------------------------------
2025-06-15 20:18:15     Calculation 14 (Frequency: 24.752 GHz, Theta: 0, Phi: 0)


                      ------------------------------------------------------------------------------
2025-06-15 20:18:23     Matrix setup time        :	0 s
                        Solver setup             :	7 s
                        Degrees of freedom       :	245504
                        Number of mesh cells     :	38097

                        Stimulation port         :	Zmin
                        Mode number              :	1
                        Accuracy                 :	2.34101e-14
                        Iterations               :	1
                        Solver time              :	0 s


                      ------------------------------------------------------------------------------
2025-06-15 20:18:23     Total time               :	8 s

                      ------------------------------------------------------------------------------
2025-06-15 20:18:23   

                      ------------------------------------------------------------------------------
2025-06-15 20:18:23     Calculation 15 (Frequency: 20.636 GHz, Theta: 0, Phi: 0)


                      ------------------------------------------------------------------------------
2025-06-15 20:18:32     Matrix setup time        :	0 s
                        Solver setup             :	7 s
                        Degrees of freedom       :	245504
                        Number of mesh cells     :	38097

                        Stimulation port         :	Zmin
                        Mode number              :	1
                        Accuracy                 :	4.26009e-14
                        Iterations               :	1
                        Solver time              :	0 s


                      ------------------------------------------------------------------------------
2025-06-15 20:18:32     Total time               :	8 s

                      ------------------------------------------------------------------------------
2025-06-15 20:18:32   

                      ------------------------------------------------------------------------------
2025-06-15 20:18:32     Calculation 16 (Frequency: 22.556 GHz, Theta: 0, Phi: 0)


                      ------------------------------------------------------------------------------
2025-06-15 20:18:41     Matrix setup time        :	0 s
                        Solver setup             :	7 s
                        Degrees of freedom       :	245504
                        Number of mesh cells     :	38097

                        Stimulation port         :	Zmin
                        Mode number              :	1
                        Accuracy                 :	2.60351e-14
                        Iterations               :	1
                        Solver time              :	0 s


                      ------------------------------------------------------------------------------
2025-06-15 20:18:41     Total time               :	8 s

                      ------------------------------------------------------------------------------
2025-06-15 20:18:41   

                      ------------------------------------------------------------------------------
2025-06-15 20:18:41     Calculation 17 (Frequency: 20.168 GHz, Theta: 0, Phi: 0)


                      ------------------------------------------------------------------------------
2025-06-15 20:18:50     Matrix setup time        :	0 s
                        Solver setup             :	7 s
                        Degrees of freedom       :	245504
                        Number of mesh cells     :	38097

                        Stimulation port         :	Zmin
                        Mode number              :	1
                        Accuracy                 :	5.51288e-14
                        Iterations               :	1
                        Solver time              :	0 s


                      ------------------------------------------------------------------------------
2025-06-15 20:18:50     Total time               :	8 s

                      ------------------------------------------------------------------------------
2025-06-15 20:18:50   

                      ------------------------------------------------------------------------------
2025-06-15 20:18:50     Calculation 18 (Frequency: 22.664 GHz, Theta: 0, Phi: 0)


                      ------------------------------------------------------------------------------
2025-06-15 20:18:59     Matrix setup time        :	0 s
                        Solver setup             :	7 s
                        Degrees of freedom       :	245504
                        Number of mesh cells     :	38097

                        Stimulation port         :	Zmin
                        Mode number              :	1
                        Accuracy                 :	4.2062e-14
                        Iterations               :	1
                        Solver time              :	0 s


                      ------------------------------------------------------------------------------
2025-06-15 20:18:59     Total time               :	8 s

                      ------------------------------------------------------------------------------
2025-06-15 20:18:59   

                      ------------------------------------------------------------------------------
2025-06-15 20:18:59     Calculation 19 (Frequency: 22.124 GHz, Theta: 0, Phi: 0)


                      ------------------------------------------------------------------------------
2025-06-15 20:19:07     Matrix setup time        :	0 s
                        Solver setup             :	7 s
                        Degrees of freedom       :	245504
                        Number of mesh cells     :	38097

                        Stimulation port         :	Zmin
                        Mode number              :	1
                        Accuracy                 :	2.43882e-14
                        Iterations               :	1
                        Solver time              :	0 s


                      ------------------------------------------------------------------------------
2025-06-15 20:19:08     Total time               :	8 s

                      ------------------------------------------------------------------------------
2025-06-15 20:19:08   

                      ------------------------------------------------------------------------------
2025-06-15 20:19:08     Calculation 20 (Frequency: 29.696 GHz, Theta: 0, Phi: 0)


                      ------------------------------------------------------------------------------
2025-06-15 20:19:17     Matrix setup time        :	0 s
                        Solver setup             :	8 s
                        Degrees of freedom       :	245504
                        Number of mesh cells     :	38097

                        Stimulation port         :	Zmin
                        Mode number              :	1
                        Accuracy                 :	3.00652e-14
                        Iterations               :	1
                        Solver time              :	0 s


                      ------------------------------------------------------------------------------
2025-06-15 20:19:17     Total time               :	8 s

                      ------------------------------------------------------------------------------
2025-06-15 20:19:17   

                      ------------------------------------------------------------------------------
2025-06-15 20:19:17     Calculation 21 (Frequency: 27.848 GHz, Theta: 0, Phi: 0)


                      ------------------------------------------------------------------------------
2025-06-15 20:19:25     Matrix setup time        :	0 s
                        Solver setup             :	7 s
                        Degrees of freedom       :	245504
                        Number of mesh cells     :	38097

                        Stimulation port         :	Zmin
                        Mode number              :	1
                        Accuracy                 :	3.66352e-14
                        Iterations               :	1
                        Solver time              :	0 s


                      ------------------------------------------------------------------------------
2025-06-15 20:19:26     Total time               :	8 s

                      ------------------------------------------------------------------------------
2025-06-15 20:19:26   

                      ------------------------------------------------------------------------------
2025-06-15 20:19:26     Calculation 22 (Frequency: 28.82 GHz, Theta: 0, Phi: 0)


                      ------------------------------------------------------------------------------
2025-06-15 20:19:35     Matrix setup time        :	0 s
                        Solver setup             :	8 s
                        Degrees of freedom       :	245504
                        Number of mesh cells     :	38097

                        Stimulation port         :	Zmin
                        Mode number              :	1
                        Accuracy                 :	3.98921e-14
                        Iterations               :	1
                        Solver time              :	0 s


                      ------------------------------------------------------------------------------
2025-06-15 20:19:35     Total time               :	8 s

                      ------------------------------------------------------------------------------
2025-06-15 20:19:35   

                      ------------------------------------------------------------------------------
2025-06-15 20:19:35     Calculation 23 (Frequency: 27.116 GHz, Theta: 0, Phi: 0)


                      ------------------------------------------------------------------------------
2025-06-15 20:19:44     Matrix setup time        :	0 s
                        Solver setup             :	7 s
                        Degrees of freedom       :	245504
                        Number of mesh cells     :	38097

                        Stimulation port         :	Zmin
                        Mode number              :	1
                        Accuracy                 :	3.07651e-14
                        Iterations               :	1
                        Solver time              :	0 s


                      ------------------------------------------------------------------------------
2025-06-15 20:19:44     Total time               :	8 s

                      ------------------------------------------------------------------------------
2025-06-15 20:19:44   

                      ------------------------------------------------------------------------------
2025-06-15 20:19:44     Calculation 24 (Frequency: 27.596 GHz, Theta: 0, Phi: 0)


                      ------------------------------------------------------------------------------
2025-06-15 20:19:53     Matrix setup time        :	0 s
                        Solver setup             :	7 s
                        Degrees of freedom       :	245504
                        Number of mesh cells     :	38097

                        Stimulation port         :	Zmin
                        Mode number              :	1
                        Accuracy                 :	2.25205e-14
                        Iterations               :	1
                        Solver time              :	0 s


                      ------------------------------------------------------------------------------
2025-06-15 20:19:53     Total time               :	8 s

                      ------------------------------------------------------------------------------
2025-06-15 20:19:53   

                      ------------------------------------------------------------------------------
2025-06-15 20:19:53     Calculation 25 (Frequency: 26.924 GHz, Theta: 0, Phi: 0)


                      ------------------------------------------------------------------------------
2025-06-15 20:20:02     Matrix setup time        :	0 s
                        Solver setup             :	7 s
                        Degrees of freedom       :	245504
                        Number of mesh cells     :	38097

                        Stimulation port         :	Zmin
                        Mode number              :	1
                        Accuracy                 :	2.32831e-14
                        Iterations               :	1
                        Solver time              :	0 s


                      ------------------------------------------------------------------------------
2025-06-15 20:20:02     Total time               :	8 s

                      ------------------------------------------------------------------------------
2025-06-15 20:20:02   

                      ------------------------------------------------------------------------------
2025-06-15 20:20:02     Calculation 26 (Frequency: 27.2 GHz, Theta: 0, Phi: 0)


                      ------------------------------------------------------------------------------
2025-06-15 20:20:11     Matrix setup time        :	0 s
                        Solver setup             :	8 s
                        Degrees of freedom       :	245504
                        Number of mesh cells     :	38097

                        Stimulation port         :	Zmin
                        Mode number              :	1
                        Accuracy                 :	2.72558e-14
                        Iterations               :	1
                        Solver time              :	0 s


                      ------------------------------------------------------------------------------
2025-06-15 20:20:11     Total time               :	8 s

                      ------------------------------------------------------------------------------
2025-06-15 20:20:11   

                      ------------------------------------------------------------------------------
2025-06-15 20:20:11     Calculation 27 (Frequency: 26.312 GHz, Theta: 0, Phi: 0)


                      ------------------------------------------------------------------------------
2025-06-15 20:20:20     Matrix setup time        :	0 s
                        Solver setup             :	8 s
                        Degrees of freedom       :	245504
                        Number of mesh cells     :	38097

                        Stimulation port         :	Zmin
                        Mode number              :	1
                        Accuracy                 :	2.34427e-14
                        Iterations               :	1
                        Solver time              :	0 s


                      ------------------------------------------------------------------------------
2025-06-15 20:20:20     Total time               :	9 s

                      ------------------------------------------------------------------------------
2025-06-15 20:20:20   

                      ------------------------------------------------------------------------------
2025-06-15 20:20:20     Calculation 28 (Frequency: 21.344 GHz, Theta: 0, Phi: 0)


                      ------------------------------------------------------------------------------
2025-06-15 20:20:30     Matrix setup time        :	0 s
                        Solver setup             :	8 s
                        Degrees of freedom       :	245504
                        Number of mesh cells     :	38097

                        Stimulation port         :	Zmin
                        Mode number              :	1
                        Accuracy                 :	2.70637e-14
                        Iterations               :	1
                        Solver time              :	0 s


                      ------------------------------------------------------------------------------
2025-06-15 20:20:30     Total time               :	9 s

                      ------------------------------------------------------------------------------
2025-06-15 20:20:30   

                      ------------------------------------------------------------------------------
2025-06-15 20:20:30     Calculation 29 (Frequency: 23.408 GHz, Theta: 0, Phi: 0)


                      ------------------------------------------------------------------------------
2025-06-15 20:20:40     Matrix setup time        :	0 s
                        Solver setup             :	8 s
                        Degrees of freedom       :	245504
                        Number of mesh cells     :	38097

                        Stimulation port         :	Zmin
                        Mode number              :	1
                        Accuracy                 :	2.36679e-14
                        Iterations               :	1
                        Solver time              :	0 s


                      ------------------------------------------------------------------------------
2025-06-15 20:20:40     Total time               :	9 s

                      ------------------------------------------------------------------------------
2025-06-15 20:20:40   

                      ------------------------------------------------------------------------------
2025-06-15 20:20:40     Calculation 30 (Frequency: 29.36 GHz, Theta: 0, Phi: 0)


                      ------------------------------------------------------------------------------
2025-06-15 20:20:49     Matrix setup time        :	0 s
                        Solver setup             :	8 s
                        Degrees of freedom       :	245504
                        Number of mesh cells     :	38097

                        Stimulation port         :	Zmin
                        Mode number              :	1
                        Accuracy                 :	3.37416e-14
                        Iterations               :	1
                        Solver time              :	0 s


                      ------------------------------------------------------------------------------
2025-06-15 20:20:49     Total time               :	9 s

                      ------------------------------------------------------------------------------
2025-06-15 20:20:49   

                      ------------------------------------------------------------------------------
2025-06-15 20:20:49     Calculation 31 (Frequency: 29.804 GHz, Theta: 0, Phi: 0)


                      ------------------------------------------------------------------------------
2025-06-15 20:20:58     Matrix setup time        :	0 s
                        Solver setup             :	8 s
                        Degrees of freedom       :	245504
                        Number of mesh cells     :	38097

                        Stimulation port         :	Zmin
                        Mode number              :	1
                        Accuracy                 :	1.83851e-14
                        Iterations               :	1
                        Solver time              :	0 s


                      ------------------------------------------------------------------------------
2025-06-15 20:20:59     Total time               :	9 s

                      ------------------------------------------------------------------------------
2025-06-15 20:20:59   

                      ------------------------------------------------------------------------------
2025-06-15 20:20:59     Calculation 32 (Frequency: 30.656 GHz, Theta: 0, Phi: 0)


                      ------------------------------------------------------------------------------
2025-06-15 20:21:08     Matrix setup time        :	0 s
                        Solver setup             :	8 s
                        Degrees of freedom       :	245504
                        Number of mesh cells     :	38097

                        Stimulation port         :	Zmin
                        Mode number              :	1
                        Accuracy                 :	2.29946e-14
                        Iterations               :	1
                        Solver time              :	0 s


                      ------------------------------------------------------------------------------
2025-06-15 20:21:08     Total time               :	9 s

                      ------------------------------------------------------------------------------
2025-06-15 20:21:08   

                      ------------------------------------------------------------------------------
2025-06-15 20:21:08     Calculation 33 (Frequency: 23.54 GHz, Theta: 0, Phi: 0)


                      ------------------------------------------------------------------------------
2025-06-15 20:21:18     Matrix setup time        :	0 s
                        Solver setup             :	8 s
                        Degrees of freedom       :	245504
                        Number of mesh cells     :	38097

                        Stimulation port         :	Zmin
                        Mode number              :	1
                        Accuracy                 :	3.1754e-14
                        Iterations               :	1
                        Solver time              :	0 s


                      ------------------------------------------------------------------------------
2025-06-15 20:21:18     Total time               :	9 s

                      ------------------------------------------------------------------------------
2025-06-15 20:21:18   

                      ------------------------------------------------------------------------------
2025-06-15 20:21:18     Calculation 34 (Frequency: 23.204 GHz, Theta: 0, Phi: 0)


                      ------------------------------------------------------------------------------
2025-06-15 20:21:27     Matrix setup time        :	0 s
                        Solver setup             :	8 s
                        Degrees of freedom       :	245504
                        Number of mesh cells     :	38097

                        Stimulation port         :	Zmin
                        Mode number              :	1
                        Accuracy                 :	2.64812e-14
                        Iterations               :	1
                        Solver time              :	0 s


                      ------------------------------------------------------------------------------
2025-06-15 20:21:27     Total time               :	9 s

                      ------------------------------------------------------------------------------
2025-06-15 20:21:27   

                      ------------------------------------------------------------------------------
2025-06-15 20:21:27     Calculation 35 (Frequency: 31.388 GHz, Theta: 0, Phi: 0)


                      ------------------------------------------------------------------------------
2025-06-15 20:21:36     Matrix setup time        :	0 s
                        Solver setup             :	8 s
                        Degrees of freedom       :	245504
                        Number of mesh cells     :	38097

                        Stimulation port         :	Zmin
                        Mode number              :	1
                        Accuracy                 :	2.51276e-14
                        Iterations               :	1
                        Solver time              :	0 s


                      ------------------------------------------------------------------------------
2025-06-15 20:21:37     Total time               :	9 s

                      ------------------------------------------------------------------------------
2025-06-15 20:21:37   

                      ------------------------------------------------------------------------------
2025-06-15 20:21:37     Calculation 36 (Frequency: 21.068 GHz, Theta: 0, Phi: 0)


                      ------------------------------------------------------------------------------
2025-06-15 20:21:46     Matrix setup time        :	0 s
                        Solver setup             :	8 s
                        Degrees of freedom       :	245504
                        Number of mesh cells     :	38097

                        Stimulation port         :	Zmin
                        Mode number              :	1
                        Accuracy                 :	3.19669e-14
                        Iterations               :	1
                        Solver time              :	0 s


                      ------------------------------------------------------------------------------
2025-06-15 20:21:46     Total time               :	9 s

                      ------------------------------------------------------------------------------
2025-06-15 20:21:46   

                      ------------------------------------------------------------------------------
2025-06-15 20:21:46     Calculation 37 (Frequency: 21.38 GHz, Theta: 0, Phi: 0)


                      ------------------------------------------------------------------------------
2025-06-15 20:21:55     Matrix setup time        :	0 s
                        Solver setup             :	8 s
                        Degrees of freedom       :	245504
                        Number of mesh cells     :	38097

                        Stimulation port         :	Zmin
                        Mode number              :	1
                        Accuracy                 :	3.02569e-14
                        Iterations               :	1
                        Solver time              :	0 s


                      ------------------------------------------------------------------------------
2025-06-15 20:21:55     Total time               :	9 s

                      ------------------------------------------------------------------------------
2025-06-15 20:21:55   

                      ------------------------------------------------------------------------------
2025-06-15 20:21:55     Calculation 38 (Frequency: 30.044 GHz, Theta: 0, Phi: 0)


                      ------------------------------------------------------------------------------
2025-06-15 20:22:05     Matrix setup time        :	0 s
                        Solver setup             :	8 s
                        Degrees of freedom       :	245504
                        Number of mesh cells     :	38097

                        Stimulation port         :	Zmin
                        Mode number              :	1
                        Accuracy                 :	2.59216e-14
                        Iterations               :	1
                        Solver time              :	0 s


                      ------------------------------------------------------------------------------
2025-06-15 20:22:05     Total time               :	9 s

                      ------------------------------------------------------------------------------
2025-06-15 20:22:05   

                      ------------------------------------------------------------------------------
2025-06-15 20:22:05     Calculation 39 (Frequency: 31.016 GHz, Theta: 0, Phi: 0)


                      ------------------------------------------------------------------------------
2025-06-15 20:22:15     Matrix setup time        :	0 s
                        Solver setup             :	8 s
                        Degrees of freedom       :	245504
                        Number of mesh cells     :	38097

                        Stimulation port         :	Zmin
                        Mode number              :	1
                        Accuracy                 :	1.98476e-14
                        Iterations               :	1
                        Solver time              :	0 s


                      ------------------------------------------------------------------------------
2025-06-15 20:22:15     Total time               :	9 s

                      ------------------------------------------------------------------------------
2025-06-15 20:22:15   

                      ------------------------------------------------------------------------------
2025-06-15 20:22:15     Calculation 40 (Frequency: 31.748 GHz, Theta: 0, Phi: 0)


                      ------------------------------------------------------------------------------
2025-06-15 20:22:24     Matrix setup time        :	0 s
                        Solver setup             :	8 s
                        Degrees of freedom       :	245504
                        Number of mesh cells     :	38097

                        Stimulation port         :	Zmin
                        Mode number              :	1
                        Accuracy                 :	2.14826e-14
                        Iterations               :	1
                        Solver time              :	0 s


                      ------------------------------------------------------------------------------
2025-06-15 20:22:24     Total time               :	9 s

                      ------------------------------------------------------------------------------
2025-06-15 20:22:24   

                      ------------------------------------------------------------------------------
2025-06-15 20:22:24     Calculation 41 (Frequency: 31.232 GHz, Theta: 0, Phi: 0)


                      ------------------------------------------------------------------------------
2025-06-15 20:22:33     Matrix setup time        :	0 s
                        Solver setup             :	8 s
                        Degrees of freedom       :	245504
                        Number of mesh cells     :	38097

                        Stimulation port         :	Zmin
                        Mode number              :	1
                        Accuracy                 :	4.00025e-14
                        Iterations               :	1
                        Solver time              :	0 s


                      ------------------------------------------------------------------------------
2025-06-15 20:22:34     Total time               :	9 s

                      ------------------------------------------------------------------------------
2025-06-15 20:22:34   

                      ------------------------------------------------------------------------------
2025-06-15 20:22:34   Finished the general purpose interpolative broadband frequency sweep:
                      All broadband sweep convergence criteria have been satisfied after
                      calculating 41 frequency samples:

                        Broadband sweep error threshold value :  0.01 (All S-Parameters) 
                        Number of error criterion checks      :  2 (All S-Parameters) 
                        Minimum number of samples             :  3
                        Number of data samples, linear        :  1001

                      ------------------------------------------------------------------------------
2025-06-15 20:22:34     Number of mesh cells     :	38097
                        Degrees of freedom       :	243590
                        Total Solver Time        :	405 s	 (= 0 h, 06 m, 45 s)
                      ================================================================================



                      ------------------------------------------------------------------------------
2025-06-15 20:22:34     ----------------------------------------------------------------------------
                                            Peak memory used (kB)         Free physical memory (kB) 
                                                                          At begin     Minimum      
                        ----------------------------------------------------------------------------
                        Solver start        21936                         8530896      8530808      
                        Eq. system setup    4031808                       8504684      7389048      
                        Eq. system solve    4031808                       8452824      4418404      
                        Mesh refinement     2465512                       8266128      7788436      
                        Solver run total    4031808                       8530900      4418404      

                        Computer name       Tahsin
                        ----------------------------------------------------------------------------


                      ------------------------------------------------------------------------------
2025-06-15 20:22:34   Running postprocessing.

                      ------------------------------------------------------------------------------
2025-06-15 20:22:35   Postprocessing finished.

                      ------------------------------------------------------------------------------
