2025-04-04 20:57:08   *** Warning ***

                      Electric isotropic material [Copper (pure)] has a very high conductivity for
                      the given mesh. Depending on your configuration it may be better to use a lossy
                      metal type for this material. More...

                      ------------------------------------------------------------------------------
2025-04-04 20:57:08   In order to get an optimal performance, hyperthreading is ignored for parallel
                      computations.

                      ------------------------------------------------------------------------------
2025-04-04 20:57:10   Units settings: 

                        Dimensions: mm
                        Frequency:  GHz
                        Time:       s

                      ------------------------------------------------------------------------------
2025-04-04 20:57:10   Boundary conditions: 

                        YZsymmetry: none
                        XZsymmetry: none
                        XYsymmetry: none

                        Xmin: unit cell
                        Xmax: unit cell

                        Ymin: unit cell
                        Ymax: unit cell

                        Zmin: expanded open
                        Zmax: expanded open

                      ------------------------------------------------------------------------------
2025-04-04 20:57:10   Order settings: 

                        Solver order   : 2nd (constant)
                        Curved elements: up to order 3 (automatic)

                      ------------------------------------------------------------------------------
2025-04-04 20:57:10   An iterative solver will be used first.

                      ------------------------------------------------------------------------------
2025-04-04 20:57:10     Mesh time                :	1 s


                      ------------------------------------------------------------------------------
2025-04-04 20:57:10   
                      ================================================================================
                      Frequency Domain Solver calculation cycle started

                      ------------------------------------------------------------------------------
2025-04-04 20:57:10   Solver started at: 2025-04-04 20:57:10 +0600

                        Module:  Frequency Domain: S-Parameter (Win 64)
                        Version: 2024.1 Release from 2023-10-16 (change 1181985)

                      ------------------------------------------------------------------------------
2025-04-04 20:57:10   The low frequency stabilization is not applied to periodic problems.

                      ------------------------------------------------------------------------------
2025-04-04 20:57:10     Calculation 1 of 1 (Frequency: 32 GHz, Theta: 0, Phi: 0)


                      ------------------------------------------------------------------------------
2025-04-04 20:57:10   The wavelength based mesh refinement has been applied to 4.9% of all mesh edges.

                      ------------------------------------------------------------------------------
2025-04-04 20:57:11   For some elements the curvature had to be reduced to maintain the quality of the mesh. More...

                      ------------------------------------------------------------------------------
2025-04-04 20:57:11   Adaptive mesh refinement pass 1

                      ------------------------------------------------------------------------------
2025-04-04 20:57:17   *** Warning ***

2025-04-04 20:57:17   Detected possible stagnation of the iterative solver (5.388776e-02 after 250 iterations.)
                      Please consider aborting the solver run, and check your simulation setup.  More...

                      ------------------------------------------------------------------------------
2025-04-04 20:57:24   *** Warning ***

2025-04-04 20:57:24   The solver stopped because the maximum number of iterations (500, used for automatic solver choice) has been reached.

                      ------------------------------------------------------------------------------
2025-04-04 20:57:24   Solving again, but with the direct solver. Please consider forcing the direct solver in the solver special settings, and
                      check your simulation setup (for instance source and material definitions.)

                      ------------------------------------------------------------------------------
2025-04-04 20:57:25     Matrix setup time        :	0 s
                        Degrees of freedom       :	37484
                        Number of mesh cells     :	5720

                        Stimulation port         :	Zmin
                        Mode number              :	1
                        Accuracy                 :	9.45859e-14
                        Iterations               :	1
                        Solver time              :	0 s


                      ------------------------------------------------------------------------------
2025-04-04 20:57:25   23% of all mesh edges seem to be longer than expected. The adaptive mesh refinement's growth limitation will therefore 
                      use 13677 instead of 3895 mesh cells as a reference.

                      ------------------------------------------------------------------------------
2025-04-04 20:57:25   The wavelength based mesh refinement has been applied to 0.1% of all mesh edges.

                      ------------------------------------------------------------------------------
2025-04-04 20:57:26   For some elements the curvature had to be reduced to maintain the quality of the mesh. More...

                      ------------------------------------------------------------------------------
2025-04-04 20:57:26   Adaptive mesh refinement pass 2

                      ------------------------------------------------------------------------------
2025-04-04 20:57:28     Matrix setup time        :	0 s
                        Solver setup             :	1 s
                        Degrees of freedom       :	66896
                        Number of mesh cells     :	10337

                        Stimulation port         :	Zmin
                        Mode number              :	1
                        Accuracy                 :	5.86474e-14
                        Iterations               :	1
                        Solver time              :	0 s


                      ------------------------------------------------------------------------------
2025-04-04 20:57:28     Delta calculation        
2025-04-04 20:57:28     All S-Parameters         :	0.128447
2025-04-04 20:57:28   

                      ------------------------------------------------------------------------------
2025-04-04 20:57:29   For some elements the curvature had to be slightly reduced to maintain the quality of the mesh. More...

                      ------------------------------------------------------------------------------
2025-04-04 20:57:29   Adaptive mesh refinement pass 3

                      ------------------------------------------------------------------------------
2025-04-04 20:57:34     Matrix setup time        :	0 s
                        Solver setup             :	3 s
                        Degrees of freedom       :	116614
                        Number of mesh cells     :	18150

                        Stimulation port         :	Zmin
                        Mode number              :	1
                        Accuracy                 :	3.82268e-14
                        Iterations               :	1
                        Solver time              :	0 s


                      ------------------------------------------------------------------------------
2025-04-04 20:57:34     Delta calculation        
2025-04-04 20:57:34     All S-Parameters         :	0.0732212
2025-04-04 20:57:34   

                      ------------------------------------------------------------------------------
2025-04-04 20:57:36   For some elements the curvature had to be reduced to maintain the quality of the mesh. More...

                      ------------------------------------------------------------------------------
2025-04-04 20:57:36   Adaptive mesh refinement pass 4

                      ------------------------------------------------------------------------------
2025-04-04 20:57:45     Matrix setup time        :	0 s
                        Solver setup             :	7 s
                        Degrees of freedom       :	195172
                        Number of mesh cells     :	30436

                        Stimulation port         :	Zmin
                        Mode number              :	1
                        Accuracy                 :	2.07066e-14
                        Iterations               :	1
                        Solver time              :	0 s


                      ------------------------------------------------------------------------------
2025-04-04 20:57:45     Delta calculation        
2025-04-04 20:57:45     All S-Parameters         :	0.0419832
2025-04-04 20:57:45   

                      ------------------------------------------------------------------------------
2025-04-04 20:57:48   Adaptive mesh refinement pass 5

                      ------------------------------------------------------------------------------
2025-04-04 20:58:05     Matrix setup time        :	1 s
                        Solver setup             :	15 s
                        Degrees of freedom       :	307368
                        Number of mesh cells     :	47974

                        Stimulation port         :	Zmin
                        Mode number              :	1
                        Accuracy                 :	4.67027e-14
                        Iterations               :	1
                        Solver time              :	0 s


                      ------------------------------------------------------------------------------
2025-04-04 20:58:06     Delta calculation        
2025-04-04 20:58:06     All S-Parameters         :	0.021365
2025-04-04 20:58:06   

                      ------------------------------------------------------------------------------
2025-04-04 20:58:10   Adaptive mesh refinement pass 6

                      ------------------------------------------------------------------------------
2025-04-04 20:58:25   *** Warning ***

2025-04-04 20:58:25   Low memory: Only 1.29 GB of 15.91 GB available.


                      ------------------------------------------------------------------------------
2025-04-04 20:58:40     Matrix setup time        :	1 s
                        Solver setup             :	27 s
                        Degrees of freedom       :	442984
                        Number of mesh cells     :	69212

                        Stimulation port         :	Zmin
                        Mode number              :	1
                        Accuracy                 :	3.44643e-14
                        Iterations               :	1
                        Solver time              :	0 s


                      ------------------------------------------------------------------------------
2025-04-04 20:58:40     Delta calculation        
2025-04-04 20:58:40     All S-Parameters         :	0.0183885
2025-04-04 20:58:40   

                      ------------------------------------------------------------------------------
2025-04-04 20:58:40   Mesh adaptation terminated because the desired accuracy limit is reached.

                      ------------------------------------------------------------------------------
2025-04-04 20:58:40   *** Warning ***

2025-04-04 20:58:40   At least one propagating Floquet mode is not considered at port Zmin. Please increase the number of modes at this port. 
                      More...

                      ------------------------------------------------------------------------------
2025-04-04 20:58:40   *** Warning ***

2025-04-04 20:58:40   At least one propagating Floquet mode is not considered at port Zmax. Please increase the number of modes at this port. 
                      More...

                      ------------------------------------------------------------------------------
2025-04-04 20:58:40     Total time               :	89 s	 (= 0 h, 01 m, 29 s)

                      ------------------------------------------------------------------------------
2025-04-04 20:58:40   

                      ------------------------------------------------------------------------------
2025-04-04 20:58:41     Calculation 2 (Frequency: 20 GHz, Theta: 0, Phi: 0)


                      ------------------------------------------------------------------------------
2025-04-04 20:59:05     Matrix setup time        :	0 s
                        Solver setup             :	22 s
                        Degrees of freedom       :	442984
                        Number of mesh cells     :	69212

                        Stimulation port         :	Zmin
                        Mode number              :	1
                        Accuracy                 :	3.27134e-14
                        Iterations               :	1
                        Solver time              :	0 s


                      ------------------------------------------------------------------------------
2025-04-04 20:59:05     Total time               :	24 s

                      ------------------------------------------------------------------------------
2025-04-04 20:59:05   

                      ------------------------------------------------------------------------------
2025-04-04 20:59:05     Calculation 3 (Frequency: 26 GHz, Theta: 0, Phi: 0)


                      ------------------------------------------------------------------------------
2025-04-04 20:59:28     Matrix setup time        :	0 s
                        Solver setup             :	22 s
                        Degrees of freedom       :	442984
                        Number of mesh cells     :	69212

                        Stimulation port         :	Zmin
                        Mode number              :	1
                        Accuracy                 :	2.6901e-14
                        Iterations               :	1
                        Solver time              :	0 s


                      ------------------------------------------------------------------------------
2025-04-04 20:59:29     Total time               :	23 s

                      ------------------------------------------------------------------------------
2025-04-04 20:59:29   

                      ------------------------------------------------------------------------------
2025-04-04 20:59:29     Calculation 4 (Frequency: 29 GHz, Theta: 0, Phi: 0)


                      ------------------------------------------------------------------------------
2025-04-04 20:59:53     Matrix setup time        :	0 s
                        Solver setup             :	22 s
                        Degrees of freedom       :	442984
                        Number of mesh cells     :	69212

                        Stimulation port         :	Zmin
                        Mode number              :	1
                        Accuracy                 :	4.5961e-14
                        Iterations               :	1
                        Solver time              :	0 s


                      ------------------------------------------------------------------------------
2025-04-04 20:59:53     Total time               :	23 s

                      ------------------------------------------------------------------------------
2025-04-04 20:59:53   

                      ------------------------------------------------------------------------------
2025-04-04 20:59:53     Calculation 5 (Frequency: 24.584 GHz, Theta: 0, Phi: 0)


                      ------------------------------------------------------------------------------
2025-04-04 21:00:18     Matrix setup time        :	0 s
                        Solver setup             :	23 s
                        Degrees of freedom       :	442984
                        Number of mesh cells     :	69212

                        Stimulation port         :	Zmin
                        Mode number              :	1
                        Accuracy                 :	3.46863e-14
                        Iterations               :	1
                        Solver time              :	0 s


                      ------------------------------------------------------------------------------
2025-04-04 21:00:18     Total time               :	25 s

                      ------------------------------------------------------------------------------
2025-04-04 21:00:18   

                      ------------------------------------------------------------------------------
2025-04-04 21:00:18     Calculation 6 (Frequency: 27.8 GHz, Theta: 0, Phi: 0)


                      ------------------------------------------------------------------------------
2025-04-04 21:00:42     Matrix setup time        :	0 s
                        Solver setup             :	22 s
                        Degrees of freedom       :	442984
                        Number of mesh cells     :	69212

                        Stimulation port         :	Zmin
                        Mode number              :	1
                        Accuracy                 :	3.55085e-14
                        Iterations               :	1
                        Solver time              :	0 s


                      ------------------------------------------------------------------------------
2025-04-04 21:00:42     Total time               :	23 s

                      ------------------------------------------------------------------------------
2025-04-04 21:00:42   

                      ------------------------------------------------------------------------------
2025-04-04 21:00:42     Calculation 7 (Frequency: 22.28 GHz, Theta: 0, Phi: 0)


                      ------------------------------------------------------------------------------
2025-04-04 21:01:06     Matrix setup time        :	0 s
                        Solver setup             :	22 s
                        Degrees of freedom       :	442984
                        Number of mesh cells     :	69212

                        Stimulation port         :	Zmin
                        Mode number              :	1
                        Accuracy                 :	2.51243e-14
                        Iterations               :	1
                        Solver time              :	0 s


                      ------------------------------------------------------------------------------
2025-04-04 21:01:06     Total time               :	23 s

                      ------------------------------------------------------------------------------
2025-04-04 21:01:06   

                      ------------------------------------------------------------------------------
2025-04-04 21:01:06     Calculation 8 (Frequency: 28.328 GHz, Theta: 0, Phi: 0)


                      ------------------------------------------------------------------------------
2025-04-04 21:01:30     Matrix setup time        :	0 s
                        Solver setup             :	23 s
                        Degrees of freedom       :	442984
                        Number of mesh cells     :	69212

                        Stimulation port         :	Zmin
                        Mode number              :	1
                        Accuracy                 :	3.15308e-14
                        Iterations               :	1
                        Solver time              :	0 s


                      ------------------------------------------------------------------------------
2025-04-04 21:01:31     Total time               :	24 s

                      ------------------------------------------------------------------------------
2025-04-04 21:01:31   

                      ------------------------------------------------------------------------------
2025-04-04 21:01:31     Calculation 9 (Frequency: 23.072 GHz, Theta: 0, Phi: 0)


                      ------------------------------------------------------------------------------
2025-04-04 21:01:55     Matrix setup time        :	0 s
                        Solver setup             :	22 s
                        Degrees of freedom       :	442984
                        Number of mesh cells     :	69212

                        Stimulation port         :	Zmin
                        Mode number              :	1
                        Accuracy                 :	2.39207e-14
                        Iterations               :	1
                        Solver time              :	0 s


                      ------------------------------------------------------------------------------
2025-04-04 21:01:55     Total time               :	24 s

                      ------------------------------------------------------------------------------
2025-04-04 21:01:55   

                      ------------------------------------------------------------------------------
2025-04-04 21:01:55     Calculation 10 (Frequency: 26.996 GHz, Theta: 0, Phi: 0)


                      ------------------------------------------------------------------------------
2025-04-04 21:02:20     Matrix setup time        :	0 s
                        Solver setup             :	22 s
                        Degrees of freedom       :	442984
                        Number of mesh cells     :	69212

                        Stimulation port         :	Zmin
                        Mode number              :	1
                        Accuracy                 :	4.68508e-14
                        Iterations               :	1
                        Solver time              :	0 s


                      ------------------------------------------------------------------------------
2025-04-04 21:02:20     Total time               :	24 s

                      ------------------------------------------------------------------------------
2025-04-04 21:02:20   

                      ------------------------------------------------------------------------------
2025-04-04 21:02:20     Calculation 11 (Frequency: 28.772 GHz, Theta: 0, Phi: 0)


                      ------------------------------------------------------------------------------
2025-04-04 21:02:44     Matrix setup time        :	0 s
                        Solver setup             :	23 s
                        Degrees of freedom       :	442984
                        Number of mesh cells     :	69212

                        Stimulation port         :	Zmin
                        Mode number              :	1
                        Accuracy                 :	4.00614e-14
                        Iterations               :	1
                        Solver time              :	0 s


                      ------------------------------------------------------------------------------
2025-04-04 21:02:45     Total time               :	24 s

                      ------------------------------------------------------------------------------
2025-04-04 21:02:45   

                      ------------------------------------------------------------------------------
2025-04-04 21:02:45     Calculation 12 (Frequency: 29.624 GHz, Theta: 0, Phi: 0)


                      ------------------------------------------------------------------------------
2025-04-04 21:03:10     Matrix setup time        :	0 s
                        Solver setup             :	23 s
                        Degrees of freedom       :	442984
                        Number of mesh cells     :	69212

                        Stimulation port         :	Zmin
                        Mode number              :	1
                        Accuracy                 :	1.9847e-14
                        Iterations               :	1
                        Solver time              :	0 s


                      ------------------------------------------------------------------------------
2025-04-04 21:03:11     Total time               :	25 s

                      ------------------------------------------------------------------------------
2025-04-04 21:03:11   

                      ------------------------------------------------------------------------------
2025-04-04 21:03:11     Calculation 13 (Frequency: 21.032 GHz, Theta: 0, Phi: 0)


                      ------------------------------------------------------------------------------
2025-04-04 21:03:35     Matrix setup time        :	0 s
                        Solver setup             :	22 s
                        Degrees of freedom       :	442984
                        Number of mesh cells     :	69212

                        Stimulation port         :	Zmin
                        Mode number              :	1
                        Accuracy                 :	3.83301e-14
                        Iterations               :	1
                        Solver time              :	0 s


                      ------------------------------------------------------------------------------
2025-04-04 21:03:35     Total time               :	24 s

                      ------------------------------------------------------------------------------
2025-04-04 21:03:35   

                      ------------------------------------------------------------------------------
2025-04-04 21:03:35     Calculation 14 (Frequency: 30.5 GHz, Theta: 0, Phi: 0)


                      ------------------------------------------------------------------------------
2025-04-04 21:03:59     Matrix setup time        :	0 s
                        Solver setup             :	22 s
                        Degrees of freedom       :	442984
                        Number of mesh cells     :	69212

                        Stimulation port         :	Zmin
                        Mode number              :	1
                        Accuracy                 :	3.34384e-14
                        Iterations               :	1
                        Solver time              :	0 s


                      ------------------------------------------------------------------------------
2025-04-04 21:03:59     Total time               :	24 s

                      ------------------------------------------------------------------------------
2025-04-04 21:03:59   

                      ------------------------------------------------------------------------------
2025-04-04 21:03:59     Calculation 15 (Frequency: 20.9 GHz, Theta: 0, Phi: 0)


                      ------------------------------------------------------------------------------
2025-04-04 21:04:23     Matrix setup time        :	0 s
                        Solver setup             :	22 s
                        Degrees of freedom       :	442984
                        Number of mesh cells     :	69212

                        Stimulation port         :	Zmin
                        Mode number              :	1
                        Accuracy                 :	5.00677e-14
                        Iterations               :	1
                        Solver time              :	0 s


                      ------------------------------------------------------------------------------
2025-04-04 21:04:24     Total time               :	24 s

                      ------------------------------------------------------------------------------
2025-04-04 21:04:24   

                      ------------------------------------------------------------------------------
2025-04-04 21:04:24     Calculation 16 (Frequency: 29.972 GHz, Theta: 0, Phi: 0)


                      ------------------------------------------------------------------------------
2025-04-04 21:04:48     Matrix setup time        :	0 s
                        Solver setup             :	22 s
                        Degrees of freedom       :	442984
                        Number of mesh cells     :	69212

                        Stimulation port         :	Zmin
                        Mode number              :	1
                        Accuracy                 :	2.38697e-14
                        Iterations               :	1
                        Solver time              :	0 s


                      ------------------------------------------------------------------------------
2025-04-04 21:04:48     Total time               :	24 s

                      ------------------------------------------------------------------------------
2025-04-04 21:04:48   

                      ------------------------------------------------------------------------------
2025-04-04 21:04:48     Calculation 17 (Frequency: 30.944 GHz, Theta: 0, Phi: 0)


                      ------------------------------------------------------------------------------
2025-04-04 21:05:12     Matrix setup time        :	0 s
                        Solver setup             :	22 s
                        Degrees of freedom       :	442984
                        Number of mesh cells     :	69212

                        Stimulation port         :	Zmin
                        Mode number              :	1
                        Accuracy                 :	1.40971e-13
                        Iterations               :	1
                        Solver time              :	0 s


                      ------------------------------------------------------------------------------
2025-04-04 21:05:13     Total time               :	24 s

                      ------------------------------------------------------------------------------
2025-04-04 21:05:13   

                      ------------------------------------------------------------------------------
2025-04-04 21:05:13     Calculation 18 (Frequency: 21.476 GHz, Theta: 0, Phi: 0)


                      ------------------------------------------------------------------------------
2025-04-04 21:05:36     Matrix setup time        :	0 s
                        Solver setup             :	22 s
                        Degrees of freedom       :	442984
                        Number of mesh cells     :	69212

                        Stimulation port         :	Zmin
                        Mode number              :	1
                        Accuracy                 :	3.04935e-14
                        Iterations               :	1
                        Solver time              :	0 s


                      ------------------------------------------------------------------------------
2025-04-04 21:05:37     Total time               :	23 s

                      ------------------------------------------------------------------------------
2025-04-04 21:05:37   

                      ------------------------------------------------------------------------------
2025-04-04 21:05:37     Calculation 19 (Frequency: 20.456 GHz, Theta: 0, Phi: 0)


                      ------------------------------------------------------------------------------
2025-04-04 21:06:03     Matrix setup time        :	0 s
                        Solver setup             :	24 s
                        Degrees of freedom       :	442984
                        Number of mesh cells     :	69212

                        Stimulation port         :	Zmin
                        Mode number              :	1
                        Accuracy                 :	3.20419e-14
                        Iterations               :	1
                        Solver time              :	0 s


                      ------------------------------------------------------------------------------
2025-04-04 21:06:03     Total time               :	26 s

                      ------------------------------------------------------------------------------
2025-04-04 21:06:03   

                      ------------------------------------------------------------------------------
2025-04-04 21:06:03     Calculation 20 (Frequency: 30.092 GHz, Theta: 0, Phi: 0)


                      ------------------------------------------------------------------------------
2025-04-04 21:06:28     Matrix setup time        :	0 s
                        Solver setup             :	23 s
                        Degrees of freedom       :	442984
                        Number of mesh cells     :	69212

                        Stimulation port         :	Zmin
                        Mode number              :	1
                        Accuracy                 :	2.97136e-14
                        Iterations               :	1
                        Solver time              :	0 s


                      ------------------------------------------------------------------------------
2025-04-04 21:06:29     Total time               :	25 s

                      ------------------------------------------------------------------------------
2025-04-04 21:06:29   

                      ------------------------------------------------------------------------------
2025-04-04 21:06:29     Calculation 21 (Frequency: 31.34 GHz, Theta: 0, Phi: 0)


                      ------------------------------------------------------------------------------
2025-04-04 21:06:54     Matrix setup time        :	0 s
                        Solver setup             :	23 s
                        Degrees of freedom       :	442984
                        Number of mesh cells     :	69212

                        Stimulation port         :	Zmin
                        Mode number              :	1
                        Accuracy                 :	3.16207e-14
                        Iterations               :	1
                        Solver time              :	0 s


                      ------------------------------------------------------------------------------
2025-04-04 21:06:54     Total time               :	25 s

                      ------------------------------------------------------------------------------
2025-04-04 21:06:54   

                      ------------------------------------------------------------------------------
2025-04-04 21:06:54     Calculation 22 (Frequency: 28.028 GHz, Theta: 0, Phi: 0)


                      ------------------------------------------------------------------------------
2025-04-04 21:07:18     Matrix setup time        :	0 s
                        Solver setup             :	23 s
                        Degrees of freedom       :	442984
                        Number of mesh cells     :	69212

                        Stimulation port         :	Zmin
                        Mode number              :	1
                        Accuracy                 :	2.42132e-14
                        Iterations               :	1
                        Solver time              :	0 s


                      ------------------------------------------------------------------------------
2025-04-04 21:07:19     Total time               :	24 s

                      ------------------------------------------------------------------------------
2025-04-04 21:07:19   

                      ------------------------------------------------------------------------------
2025-04-04 21:07:19     Calculation 23 (Frequency: 27.596 GHz, Theta: 0, Phi: 0)


                      ------------------------------------------------------------------------------
2025-04-04 21:07:43     Matrix setup time        :	0 s
                        Solver setup             :	22 s
                        Degrees of freedom       :	442984
                        Number of mesh cells     :	69212

                        Stimulation port         :	Zmin
                        Mode number              :	1
                        Accuracy                 :	3.38495e-14
                        Iterations               :	1
                        Solver time              :	0 s


                      ------------------------------------------------------------------------------
2025-04-04 21:07:43     Total time               :	24 s

                      ------------------------------------------------------------------------------
2025-04-04 21:07:43   

                      ------------------------------------------------------------------------------
2025-04-04 21:07:43     Calculation 24 (Frequency: 31.748 GHz, Theta: 0, Phi: 0)


                      ------------------------------------------------------------------------------
2025-04-04 21:08:08     Matrix setup time        :	0 s
                        Solver setup             :	23 s
                        Degrees of freedom       :	442984
                        Number of mesh cells     :	69212

                        Stimulation port         :	Zmin
                        Mode number              :	1
                        Accuracy                 :	3.41649e-14
                        Iterations               :	1
                        Solver time              :	0 s


                      ------------------------------------------------------------------------------
2025-04-04 21:08:09     Total time               :	25 s

                      ------------------------------------------------------------------------------
2025-04-04 21:08:09   

                      ------------------------------------------------------------------------------
2025-04-04 21:08:09     Calculation 25 (Frequency: 27.428 GHz, Theta: 0, Phi: 0)


                      ------------------------------------------------------------------------------
2025-04-04 21:08:34     Matrix setup time        :	0 s
                        Solver setup             :	23 s
                        Degrees of freedom       :	442984
                        Number of mesh cells     :	69212

                        Stimulation port         :	Zmin
                        Mode number              :	1
                        Accuracy                 :	4.30368e-14
                        Iterations               :	1
                        Solver time              :	0 s


                      ------------------------------------------------------------------------------
2025-04-04 21:08:34     Total time               :	25 s

                      ------------------------------------------------------------------------------
2025-04-04 21:08:34   

                      ------------------------------------------------------------------------------
2025-04-04 21:08:34     Calculation 26 (Frequency: 22.376 GHz, Theta: 0, Phi: 0)


                      ------------------------------------------------------------------------------
2025-04-04 21:08:59     Matrix setup time        :	0 s
                        Solver setup             :	23 s
                        Degrees of freedom       :	442984
                        Number of mesh cells     :	69212

                        Stimulation port         :	Zmin
                        Mode number              :	1
                        Accuracy                 :	2.49083e-14
                        Iterations               :	1
                        Solver time              :	0 s


                      ------------------------------------------------------------------------------
2025-04-04 21:08:59     Total time               :	24 s

                      ------------------------------------------------------------------------------
2025-04-04 21:08:59   

                      ------------------------------------------------------------------------------
2025-04-04 21:08:59     Calculation 27 (Frequency: 25.208 GHz, Theta: 0, Phi: 0)


                      ------------------------------------------------------------------------------
2025-04-04 21:09:26     Matrix setup time        :	0 s
                        Solver setup             :	25 s
                        Degrees of freedom       :	442984
                        Number of mesh cells     :	69212

                        Stimulation port         :	Zmin
                        Mode number              :	1
                        Accuracy                 :	5.13231e-14
                        Iterations               :	1
                        Solver time              :	0 s


                      ------------------------------------------------------------------------------
2025-04-04 21:09:26     Total time               :	26 s

                      ------------------------------------------------------------------------------
2025-04-04 21:09:26   

                      ------------------------------------------------------------------------------
2025-04-04 21:09:26     Calculation 28 (Frequency: 26.576 GHz, Theta: 0, Phi: 0)


                      ------------------------------------------------------------------------------
2025-04-04 21:09:53     Matrix setup time        :	0 s
                        Solver setup             :	25 s
                        Degrees of freedom       :	442984
                        Number of mesh cells     :	69212

                        Stimulation port         :	Zmin
                        Mode number              :	1
                        Accuracy                 :	2.39855e-14
                        Iterations               :	1
                        Solver time              :	0 s


                      ------------------------------------------------------------------------------
2025-04-04 21:09:53     Total time               :	26 s

                      ------------------------------------------------------------------------------
2025-04-04 21:09:53   

                      ------------------------------------------------------------------------------
2025-04-04 21:09:53     Calculation 29 (Frequency: 21.884 GHz, Theta: 0, Phi: 0)


                      ------------------------------------------------------------------------------
2025-04-04 21:10:18     Matrix setup time        :	0 s
                        Solver setup             :	23 s
                        Degrees of freedom       :	442984
                        Number of mesh cells     :	69212

                        Stimulation port         :	Zmin
                        Mode number              :	1
                        Accuracy                 :	3.57617e-14
                        Iterations               :	1
                        Solver time              :	0 s


                      ------------------------------------------------------------------------------
2025-04-04 21:10:18     Total time               :	24 s

                      ------------------------------------------------------------------------------
2025-04-04 21:10:18   

                      ------------------------------------------------------------------------------
2025-04-04 21:10:18     Calculation 30 (Frequency: 25.028 GHz, Theta: 0, Phi: 0)


                      ------------------------------------------------------------------------------
2025-04-04 21:10:42     Matrix setup time        :	0 s
                        Solver setup             :	22 s
                        Degrees of freedom       :	442984
                        Number of mesh cells     :	69212

                        Stimulation port         :	Zmin
                        Mode number              :	1
                        Accuracy                 :	4.81896e-14
                        Iterations               :	1
                        Solver time              :	0 s


                      ------------------------------------------------------------------------------
2025-04-04 21:10:43     Total time               :	24 s

                      ------------------------------------------------------------------------------
2025-04-04 21:10:43   

                      ------------------------------------------------------------------------------
2025-04-04 21:10:43     Calculation 31 (Frequency: 23.984 GHz, Theta: 0, Phi: 0)


                      ------------------------------------------------------------------------------
2025-04-04 21:11:08     Matrix setup time        :	0 s
                        Solver setup             :	23 s
                        Degrees of freedom       :	442984
                        Number of mesh cells     :	69212

                        Stimulation port         :	Zmin
                        Mode number              :	1
                        Accuracy                 :	4.06002e-14
                        Iterations               :	1
                        Solver time              :	0 s


                      ------------------------------------------------------------------------------
2025-04-04 21:11:08     Total time               :	25 s

                      ------------------------------------------------------------------------------
2025-04-04 21:11:08   

                      ------------------------------------------------------------------------------
2025-04-04 21:11:08   Finished the general purpose interpolative broadband frequency sweep:
                      All broadband sweep convergence criteria have been satisfied after
                      calculating 31 frequency samples:

                        Broadband sweep error threshold value :  0.01 (All S-Parameters) 
                        Number of error criterion checks      :  2 (All S-Parameters) 
                        Minimum number of samples             :  3
                        Number of data samples, linear        :  1001

                      ------------------------------------------------------------------------------
2025-04-04 21:11:08     Number of mesh cells     :	69212
                        Degrees of freedom       :	441122
                        Total Solver Time        :	838 s	 (= 0 h, 13 m, 58 s)
                      ================================================================================



                      ------------------------------------------------------------------------------
2025-04-04 21:11:08     ----------------------------------------------------------------------------
                                            Peak memory used (kB)         Free physical memory (kB) 
                                                                          At begin     Minimum      
                        ----------------------------------------------------------------------------
                        Solver start        21656                         8882488      8881596      
                        Eq. system setup    7915116                       8884600      7596280      
                        Eq. system solve    7915116                       8841052      1300548      
                        Mesh refinement     5194564                       8523460      7779904      
                        Solver run total    7915116                       8882492      1300548      

                        Computer name       Tahsin
                        ----------------------------------------------------------------------------


                      ------------------------------------------------------------------------------
2025-04-04 21:11:08   Running postprocessing.

                      ------------------------------------------------------------------------------
2025-04-04 21:11:09   Postprocessing finished.

                      ------------------------------------------------------------------------------
