2025-04-05 14:33:59   *** Warning ***

                      Electric isotropic material [Copper (pure)] has a very high conductivity for
                      the given mesh. Depending on your configuration it may be better to use a lossy
                      metal type for this material. More...

                      ------------------------------------------------------------------------------
2025-04-05 14:33:59   In order to get an optimal performance, hyperthreading is ignored for parallel
                      computations.

                      ------------------------------------------------------------------------------
2025-04-05 14:34:01   Units settings: 

                        Dimensions: mm
                        Frequency:  GHz
                        Time:       s

                      ------------------------------------------------------------------------------
2025-04-05 14:34:01   Boundary conditions: 

                        YZsymmetry: none
                        XZsymmetry: none
                        XYsymmetry: none

                        Xmin: unit cell
                        Xmax: unit cell

                        Ymin: unit cell
                        Ymax: unit cell

                        Zmin: expanded open
                        Zmax: expanded open

                      ------------------------------------------------------------------------------
2025-04-05 14:34:01   Order settings: 

                        Solver order   : 2nd (constant)
                        Curved elements: up to order 3 (automatic)

                      ------------------------------------------------------------------------------
2025-04-05 14:34:01   An iterative solver will be used first.

                      ------------------------------------------------------------------------------
2025-04-05 14:34:01     Mesh time                :	2 s


                      ------------------------------------------------------------------------------
2025-04-05 14:34:01   
                      ================================================================================
                      Frequency Domain Solver calculation cycle started

                      ------------------------------------------------------------------------------
2025-04-05 14:34:01   Solver started at: 2025-04-05 14:34:01 +0600

                        Module:  Frequency Domain: S-Parameter (Win 64)
                        Version: 2024.1 Release from 2023-10-16 (change 1181985)

                      ------------------------------------------------------------------------------
2025-04-05 14:34:02   The low frequency stabilization is not applied to periodic problems.

                      ------------------------------------------------------------------------------
2025-04-05 14:34:02     Calculation 1 of 1 (Frequency: 32 GHz, Theta: 0, Phi: 0)


                      ------------------------------------------------------------------------------
2025-04-05 14:34:02   The wavelength based mesh refinement has been applied to 5.3% of all mesh edges.

                      ------------------------------------------------------------------------------
2025-04-05 14:34:02   For some elements the curvature had to be reduced to maintain the quality of the mesh. More...

                      ------------------------------------------------------------------------------
2025-04-05 14:34:02   Adaptive mesh refinement pass 1

                      ------------------------------------------------------------------------------
2025-04-05 14:34:10   *** Warning ***

2025-04-05 14:34:10   Detected possible stagnation of the iterative solver (5.358100e-02 after 250 iterations.)
                      Please consider aborting the solver run, and check your simulation setup.  More...

                      ------------------------------------------------------------------------------
2025-04-05 14:34:17   *** Warning ***

2025-04-05 14:34:17   The solver stopped because the maximum number of iterations (500, used for automatic solver choice) has been reached.

                      ------------------------------------------------------------------------------
2025-04-05 14:34:17   Solving again, but with the direct solver. Please consider forcing the direct solver in the solver special settings, and
                      check your simulation setup (for instance source and material definitions.)

                      ------------------------------------------------------------------------------
2025-04-05 14:34:18     Matrix setup time        :	0 s
                        Degrees of freedom       :	38614
                        Number of mesh cells     :	5894

                        Stimulation port         :	Zmin
                        Mode number              :	1
                        Accuracy                 :	7.6975e-14
                        Iterations               :	1
                        Solver time              :	0 s


                      ------------------------------------------------------------------------------
2025-04-05 14:34:18   23% of all mesh edges seem to be longer than expected. The adaptive mesh refinement's growth limitation will therefore 
                      use 14337 instead of 3921 mesh cells as a reference.

                      ------------------------------------------------------------------------------
2025-04-05 14:34:18   The wavelength based mesh refinement has been applied to 0.1% of all mesh edges.

                      ------------------------------------------------------------------------------
2025-04-05 14:34:19   For some elements the curvature had to be reduced to maintain the quality of the mesh. More...

                      ------------------------------------------------------------------------------
2025-04-05 14:34:19   Adaptive mesh refinement pass 2

                      ------------------------------------------------------------------------------
2025-04-05 14:34:22     Matrix setup time        :	0 s
                        Solver setup             :	2 s
                        Degrees of freedom       :	78326
                        Number of mesh cells     :	12132

                        Stimulation port         :	Zmin
                        Mode number              :	1
                        Accuracy                 :	5.47244e-14
                        Iterations               :	1
                        Solver time              :	0 s


                      ------------------------------------------------------------------------------
2025-04-05 14:34:22     Delta calculation        
2025-04-05 14:34:22     All S-Parameters         :	0.0614678
2025-04-05 14:34:22   

                      ------------------------------------------------------------------------------
2025-04-05 14:34:24   For some elements the curvature had to be slightly reduced to maintain the quality of the mesh. More...

                      ------------------------------------------------------------------------------
2025-04-05 14:34:24   Adaptive mesh refinement pass 3

                      ------------------------------------------------------------------------------
2025-04-05 14:34:30     Matrix setup time        :	0 s
                        Solver setup             :	4 s
                        Degrees of freedom       :	133378
                        Number of mesh cells     :	20760

                        Stimulation port         :	Zmin
                        Mode number              :	1
                        Accuracy                 :	2.35817e-14
                        Iterations               :	1
                        Solver time              :	0 s


                      ------------------------------------------------------------------------------
2025-04-05 14:34:30     Delta calculation        
2025-04-05 14:34:30     All S-Parameters         :	0.0265475
2025-04-05 14:34:30   

                      ------------------------------------------------------------------------------
2025-04-05 14:34:32   For some elements the curvature had to be slightly reduced to maintain the quality of the mesh. More...

                      ------------------------------------------------------------------------------
2025-04-05 14:34:32   Adaptive mesh refinement pass 4

                      ------------------------------------------------------------------------------
2025-04-05 14:34:45     Matrix setup time        :	0 s
                        Solver setup             :	11 s
                        Degrees of freedom       :	212938
                        Number of mesh cells     :	33181

                        Stimulation port         :	Zmin
                        Mode number              :	1
                        Accuracy                 :	4.20839e-14
                        Iterations               :	1
                        Solver time              :	0 s


                      ------------------------------------------------------------------------------
2025-04-05 14:34:45     Delta calculation        
2025-04-05 14:34:45     All S-Parameters         :	0.0200379
2025-04-05 14:34:45   

                      ------------------------------------------------------------------------------
2025-04-05 14:34:45   The input reflection seems to be large at 32 GHz, Theta: 0, Phi: 0. The adaptive mesh refinement at this sample will be 
                      stopped. A new mesh adaptation frequency has been added at 26 GHz.  More...

                      ------------------------------------------------------------------------------
2025-04-05 14:34:45   *** Warning ***

2025-04-05 14:34:45   At least one propagating Floquet mode is not considered at port Zmin. Please increase the number of modes at this port. 
                      More...

                      ------------------------------------------------------------------------------
2025-04-05 14:34:45   *** Warning ***

2025-04-05 14:34:45   At least one propagating Floquet mode is not considered at port Zmax. Please increase the number of modes at this port. 
                      More...

                      ------------------------------------------------------------------------------
2025-04-05 14:34:45     Total time               :	43 s

                      ------------------------------------------------------------------------------
2025-04-05 14:34:45   

                      ------------------------------------------------------------------------------
2025-04-05 14:34:45     Calculation 2 of 2 (Frequency: 26 GHz, Theta: 0, Phi: 0)


                      ------------------------------------------------------------------------------
2025-04-05 14:34:45   Adaptive mesh refinement pass 1

                      ------------------------------------------------------------------------------
2025-04-05 14:34:55     Matrix setup time        :	0 s
                        Solver setup             :	9 s
                        Degrees of freedom       :	212938
                        Number of mesh cells     :	33181

                        Stimulation port         :	Zmin
                        Mode number              :	1
                        Accuracy                 :	3.44191e-14
                        Iterations               :	1
                        Solver time              :	0 s


                      ------------------------------------------------------------------------------
2025-04-05 14:34:58   For some elements the curvature had to be slightly reduced to maintain the quality of the mesh. More...

                      ------------------------------------------------------------------------------
2025-04-05 14:34:59   Adaptive mesh refinement pass 2

                      ------------------------------------------------------------------------------
2025-04-05 14:35:03   Low memory detected! The solver uses hard disk space to store data. This might reduce solver performance.

                      ------------------------------------------------------------------------------
2025-04-05 14:35:18   *** Warning ***

2025-04-05 14:35:18   Low memory: Only 1.53 GB of 15.91 GB available.


                      ------------------------------------------------------------------------------
2025-04-05 14:35:32     Matrix setup time        :	1 s
                        Solver setup             :	31 s
                        Degrees of freedom       :	290872
                        Number of mesh cells     :	45362

                        Stimulation port         :	Zmin
                        Mode number              :	1
                        Accuracy                 :	3.56066e-14
                        Iterations               :	1
                        Solver time              :	0 s


                      ------------------------------------------------------------------------------
2025-04-05 14:35:33     Delta calculation        
2025-04-05 14:35:33     All S-Parameters         :	0.0163996
2025-04-05 14:35:33   

                      ------------------------------------------------------------------------------
2025-04-05 14:35:36   For some elements the curvature had to be slightly reduced to maintain the quality of the mesh. More...

                      ------------------------------------------------------------------------------
2025-04-05 14:35:37   Adaptive mesh refinement pass 3

                      ------------------------------------------------------------------------------
2025-04-05 14:36:37     Matrix setup time        :	1 s
                        Solver setup             :	52 s
                        Degrees of freedom       :	422258
                        Number of mesh cells     :	65864

                        Stimulation port         :	Zmin
                        Mode number              :	1
                        Accuracy                 :	3.50855e-14
                        Iterations               :	1
                        Solver time              :	5 s


                      ------------------------------------------------------------------------------
2025-04-05 14:36:37     Delta calculation        
2025-04-05 14:36:37     All S-Parameters         :	0.0179673
2025-04-05 14:36:37   

                      ------------------------------------------------------------------------------
2025-04-05 14:36:37   Mesh adaptation terminated because the desired accuracy limit is reached.

                      ------------------------------------------------------------------------------
2025-04-05 14:36:38     Total time               :	112 s	 (= 0 h, 01 m, 52 s)

                      ------------------------------------------------------------------------------
2025-04-05 14:36:38   

                      ------------------------------------------------------------------------------
2025-04-05 14:36:38     Calculation 1 (Frequency: 32 GHz, Theta: 0, Phi: 0)


                      ------------------------------------------------------------------------------
2025-04-05 14:37:35     Matrix setup time        :	0 s
                        Solver setup             :	51 s
                        Degrees of freedom       :	422258
                        Number of mesh cells     :	65864

                        Stimulation port         :	Zmin
                        Mode number              :	1
                        Accuracy                 :	1.8419e-14
                        Iterations               :	1
                        Solver time              :	5 s


                      ------------------------------------------------------------------------------
2025-04-05 14:37:36     Total time               :	58 s

                      ------------------------------------------------------------------------------
2025-04-05 14:37:36   

                      ------------------------------------------------------------------------------
2025-04-05 14:37:36     Calculation 3 (Frequency: 20 GHz, Theta: 0, Phi: 0)


                      ------------------------------------------------------------------------------
2025-04-05 14:38:25     Matrix setup time        :	0 s
                        Solver setup             :	45 s
                        Degrees of freedom       :	422258
                        Number of mesh cells     :	65864

                        Stimulation port         :	Zmin
                        Mode number              :	1
                        Accuracy                 :	3.27179e-14
                        Iterations               :	1
                        Solver time              :	2 s


                      ------------------------------------------------------------------------------
2025-04-05 14:38:26     Total time               :	49 s

                      ------------------------------------------------------------------------------
2025-04-05 14:38:26   

                      ------------------------------------------------------------------------------
2025-04-05 14:38:26     Calculation 4 (Frequency: 29 GHz, Theta: 0, Phi: 0)


                      ------------------------------------------------------------------------------
2025-04-05 14:39:14     Matrix setup time        :	0 s
                        Solver setup             :	46 s
                        Degrees of freedom       :	422258
                        Number of mesh cells     :	65864

                        Stimulation port         :	Zmin
                        Mode number              :	1
                        Accuracy                 :	4.15016e-14
                        Iterations               :	1
                        Solver time              :	1 s


                      ------------------------------------------------------------------------------
2025-04-05 14:39:15     Total time               :	49 s

                      ------------------------------------------------------------------------------
2025-04-05 14:39:15   

                      ------------------------------------------------------------------------------
2025-04-05 14:39:15     Calculation 5 (Frequency: 23.456 GHz, Theta: 0, Phi: 0)


                      ------------------------------------------------------------------------------
2025-04-05 14:39:56     Matrix setup time        :	0 s
                        Solver setup             :	39 s
                        Degrees of freedom       :	422258
                        Number of mesh cells     :	65864

                        Stimulation port         :	Zmin
                        Mode number              :	1
                        Accuracy                 :	3.53362e-14
                        Iterations               :	1
                        Solver time              :	0 s


                      ------------------------------------------------------------------------------
2025-04-05 14:39:57     Total time               :	41 s

                      ------------------------------------------------------------------------------
2025-04-05 14:39:57   

                      ------------------------------------------------------------------------------
2025-04-05 14:39:57     Calculation 6 (Frequency: 27.464 GHz, Theta: 0, Phi: 0)


                      ------------------------------------------------------------------------------
2025-04-05 14:40:38     Matrix setup time        :	0 s
                        Solver setup             :	40 s
                        Degrees of freedom       :	422258
                        Number of mesh cells     :	65864

                        Stimulation port         :	Zmin
                        Mode number              :	1
                        Accuracy                 :	3.58392e-14
                        Iterations               :	1
                        Solver time              :	0 s


                      ------------------------------------------------------------------------------
2025-04-05 14:40:39     Total time               :	42 s

                      ------------------------------------------------------------------------------
2025-04-05 14:40:39   

                      ------------------------------------------------------------------------------
2025-04-05 14:40:39     Calculation 7 (Frequency: 22.172 GHz, Theta: 0, Phi: 0)


                      ------------------------------------------------------------------------------
2025-04-05 14:41:20     Matrix setup time        :	0 s
                        Solver setup             :	39 s
                        Degrees of freedom       :	422258
                        Number of mesh cells     :	65864

                        Stimulation port         :	Zmin
                        Mode number              :	1
                        Accuracy                 :	2.73809e-14
                        Iterations               :	1
                        Solver time              :	0 s


                      ------------------------------------------------------------------------------
2025-04-05 14:41:20     Total time               :	40 s

                      ------------------------------------------------------------------------------
2025-04-05 14:41:20   

                      ------------------------------------------------------------------------------
2025-04-05 14:41:20     Calculation 8 (Frequency: 28.004 GHz, Theta: 0, Phi: 0)


                      ------------------------------------------------------------------------------
2025-04-05 14:42:00     Matrix setup time        :	0 s
                        Solver setup             :	38 s
                        Degrees of freedom       :	422258
                        Number of mesh cells     :	65864

                        Stimulation port         :	Zmin
                        Mode number              :	1
                        Accuracy                 :	3.25526e-14
                        Iterations               :	1
                        Solver time              :	0 s


                      ------------------------------------------------------------------------------
2025-04-05 14:42:00     Total time               :	39 s

                      ------------------------------------------------------------------------------
2025-04-05 14:42:00   

                      ------------------------------------------------------------------------------
2025-04-05 14:42:00     Calculation 9 (Frequency: 22.28 GHz, Theta: 0, Phi: 0)


                      ------------------------------------------------------------------------------
2025-04-05 14:42:41     Matrix setup time        :	0 s
                        Solver setup             :	39 s
                        Degrees of freedom       :	422258
                        Number of mesh cells     :	65864

                        Stimulation port         :	Zmin
                        Mode number              :	1
                        Accuracy                 :	2.77993e-14
                        Iterations               :	1
                        Solver time              :	0 s


                      ------------------------------------------------------------------------------
2025-04-05 14:42:42     Total time               :	41 s

                      ------------------------------------------------------------------------------
2025-04-05 14:42:42   

                      ------------------------------------------------------------------------------
2025-04-05 14:42:42     Calculation 10 (Frequency: 21.38 GHz, Theta: 0, Phi: 0)


                      ------------------------------------------------------------------------------
2025-04-05 14:43:24     Matrix setup time        :	0 s
                        Solver setup             :	40 s
                        Degrees of freedom       :	422258
                        Number of mesh cells     :	65864

                        Stimulation port         :	Zmin
                        Mode number              :	1
                        Accuracy                 :	3.05351e-14
                        Iterations               :	1
                        Solver time              :	0 s


                      ------------------------------------------------------------------------------
2025-04-05 14:43:24     Total time               :	42 s

                      ------------------------------------------------------------------------------
2025-04-05 14:43:24   

                      ------------------------------------------------------------------------------
2025-04-05 14:43:24     Calculation 11 (Frequency: 28.388 GHz, Theta: 0, Phi: 0)


                      ------------------------------------------------------------------------------
2025-04-05 14:44:07     Matrix setup time        :	0 s
                        Solver setup             :	40 s
                        Degrees of freedom       :	422258
                        Number of mesh cells     :	65864

                        Stimulation port         :	Zmin
                        Mode number              :	1
                        Accuracy                 :	5.2096e-14
                        Iterations               :	1
                        Solver time              :	0 s


                      ------------------------------------------------------------------------------
2025-04-05 14:44:07     Total time               :	42 s

                      ------------------------------------------------------------------------------
2025-04-05 14:44:07   

                      ------------------------------------------------------------------------------
2025-04-05 14:44:07     Calculation 12 (Frequency: 20.54 GHz, Theta: 0, Phi: 0)


                      ------------------------------------------------------------------------------
2025-04-05 14:44:50     Matrix setup time        :	0 s
                        Solver setup             :	40 s
                        Degrees of freedom       :	422258
                        Number of mesh cells     :	65864

                        Stimulation port         :	Zmin
                        Mode number              :	1
                        Accuracy                 :	2.64741e-14
                        Iterations               :	1
                        Solver time              :	0 s


                      ------------------------------------------------------------------------------
2025-04-05 14:44:50     Total time               :	42 s

                      ------------------------------------------------------------------------------
2025-04-05 14:44:50   

                      ------------------------------------------------------------------------------
2025-04-05 14:44:50     Calculation 13 (Frequency: 22.64 GHz, Theta: 0, Phi: 0)


                      ------------------------------------------------------------------------------
2025-04-05 14:45:18   *** Warning ***

2025-04-05 14:45:18   Low memory: Only 1.55 GB of 15.91 GB available.


                      ------------------------------------------------------------------------------
2025-04-05 14:45:33     Matrix setup time        :	0 s
                        Solver setup             :	40 s
                        Degrees of freedom       :	422258
                        Number of mesh cells     :	65864

                        Stimulation port         :	Zmin
                        Mode number              :	1
                        Accuracy                 :	9.08407e-14
                        Iterations               :	1
                        Solver time              :	0 s


                      ------------------------------------------------------------------------------
2025-04-05 14:45:33     Total time               :	42 s

                      ------------------------------------------------------------------------------
2025-04-05 14:45:33   

                      ------------------------------------------------------------------------------
2025-04-05 14:45:33     Calculation 14 (Frequency: 24.308 GHz, Theta: 0, Phi: 0)


                      ------------------------------------------------------------------------------
2025-04-05 14:46:16     Matrix setup time        :	0 s
                        Solver setup             :	41 s
                        Degrees of freedom       :	422258
                        Number of mesh cells     :	65864

                        Stimulation port         :	Zmin
                        Mode number              :	1
                        Accuracy                 :	2.5442e-14
                        Iterations               :	1
                        Solver time              :	0 s


                      ------------------------------------------------------------------------------
2025-04-05 14:46:17     Total time               :	43 s

                      ------------------------------------------------------------------------------
2025-04-05 14:46:17   

                      ------------------------------------------------------------------------------
2025-04-05 14:46:17     Calculation 15 (Frequency: 21.884 GHz, Theta: 0, Phi: 0)


                      ------------------------------------------------------------------------------
2025-04-05 14:47:00     Matrix setup time        :	0 s
                        Solver setup             :	41 s
                        Degrees of freedom       :	422258
                        Number of mesh cells     :	65864

                        Stimulation port         :	Zmin
                        Mode number              :	1
                        Accuracy                 :	4.92256e-14
                        Iterations               :	1
                        Solver time              :	0 s


                      ------------------------------------------------------------------------------
2025-04-05 14:47:00     Total time               :	43 s

                      ------------------------------------------------------------------------------
2025-04-05 14:47:00   

                      ------------------------------------------------------------------------------
2025-04-05 14:47:00     Calculation 16 (Frequency: 20.984 GHz, Theta: 0, Phi: 0)


                      ------------------------------------------------------------------------------
2025-04-05 14:47:41     Matrix setup time        :	0 s
                        Solver setup             :	39 s
                        Degrees of freedom       :	422258
                        Number of mesh cells     :	65864

                        Stimulation port         :	Zmin
                        Mode number              :	1
                        Accuracy                 :	2.97085e-14
                        Iterations               :	1
                        Solver time              :	0 s


                      ------------------------------------------------------------------------------
2025-04-05 14:47:41     Total time               :	41 s

                      ------------------------------------------------------------------------------
2025-04-05 14:47:41   

                      ------------------------------------------------------------------------------
2025-04-05 14:47:42     Calculation 17 (Frequency: 24.716 GHz, Theta: 0, Phi: 0)


                      ------------------------------------------------------------------------------
2025-04-05 14:48:22     Matrix setup time        :	0 s
                        Solver setup             :	38 s
                        Degrees of freedom       :	422258
                        Number of mesh cells     :	65864

                        Stimulation port         :	Zmin
                        Mode number              :	1
                        Accuracy                 :	2.17713e-14
                        Iterations               :	1
                        Solver time              :	0 s


                      ------------------------------------------------------------------------------
2025-04-05 14:48:22     Total time               :	40 s

                      ------------------------------------------------------------------------------
2025-04-05 14:48:22   

                      ------------------------------------------------------------------------------
2025-04-05 14:48:22     Calculation 18 (Frequency: 23.804 GHz, Theta: 0, Phi: 0)


                      ------------------------------------------------------------------------------
2025-04-05 14:49:04     Matrix setup time        :	0 s
                        Solver setup             :	40 s
                        Degrees of freedom       :	422258
                        Number of mesh cells     :	65864

                        Stimulation port         :	Zmin
                        Mode number              :	1
                        Accuracy                 :	3.81626e-14
                        Iterations               :	1
                        Solver time              :	0 s


                      ------------------------------------------------------------------------------
2025-04-05 14:49:05     Total time               :	42 s

                      ------------------------------------------------------------------------------
2025-04-05 14:49:05   

                      ------------------------------------------------------------------------------
2025-04-05 14:49:05     Calculation 19 (Frequency: 30.08 GHz, Theta: 0, Phi: 0)


                      ------------------------------------------------------------------------------
2025-04-05 14:49:47     Matrix setup time        :	0 s
                        Solver setup             :	41 s
                        Degrees of freedom       :	422258
                        Number of mesh cells     :	65864

                        Stimulation port         :	Zmin
                        Mode number              :	1
                        Accuracy                 :	4.6449e-14
                        Iterations               :	1
                        Solver time              :	0 s


                      ------------------------------------------------------------------------------
2025-04-05 14:49:48     Total time               :	42 s

                      ------------------------------------------------------------------------------
2025-04-05 14:49:48   

                      ------------------------------------------------------------------------------
2025-04-05 14:49:48     Calculation 20 (Frequency: 25.064 GHz, Theta: 0, Phi: 0)


                      ------------------------------------------------------------------------------
2025-04-05 14:50:31     Matrix setup time        :	0 s
                        Solver setup             :	41 s
                        Degrees of freedom       :	422258
                        Number of mesh cells     :	65864

                        Stimulation port         :	Zmin
                        Mode number              :	1
                        Accuracy                 :	1.95917e-14
                        Iterations               :	1
                        Solver time              :	0 s


                      ------------------------------------------------------------------------------
2025-04-05 14:50:32     Total time               :	43 s

                      ------------------------------------------------------------------------------
2025-04-05 14:50:32   

                      ------------------------------------------------------------------------------
2025-04-05 14:50:32     Calculation 21 (Frequency: 30.968 GHz, Theta: 0, Phi: 0)


                      ------------------------------------------------------------------------------
2025-04-05 14:51:15     Matrix setup time        :	0 s
                        Solver setup             :	42 s
                        Degrees of freedom       :	422258
                        Number of mesh cells     :	65864

                        Stimulation port         :	Zmin
                        Mode number              :	1
                        Accuracy                 :	2.54084e-14
                        Iterations               :	1
                        Solver time              :	0 s


                      ------------------------------------------------------------------------------
2025-04-05 14:51:16     Total time               :	44 s

                      ------------------------------------------------------------------------------
2025-04-05 14:51:16   

                      ------------------------------------------------------------------------------
2025-04-05 14:51:16     Calculation 22 (Frequency: 29.528 GHz, Theta: 0, Phi: 0)


                      ------------------------------------------------------------------------------
2025-04-05 14:51:55     Matrix setup time        :	0 s
                        Solver setup             :	38 s
                        Degrees of freedom       :	422258
                        Number of mesh cells     :	65864

                        Stimulation port         :	Zmin
                        Mode number              :	1
                        Accuracy                 :	3.47458e-14
                        Iterations               :	1
                        Solver time              :	0 s


                      ------------------------------------------------------------------------------
2025-04-05 14:51:56     Total time               :	39 s

                      ------------------------------------------------------------------------------
2025-04-05 14:51:56   

                      ------------------------------------------------------------------------------
2025-04-05 14:51:56     Calculation 23 (Frequency: 26.276 GHz, Theta: 0, Phi: 0)


                      ------------------------------------------------------------------------------
2025-04-05 14:52:39     Matrix setup time        :	0 s
                        Solver setup             :	41 s
                        Degrees of freedom       :	422258
                        Number of mesh cells     :	65864

                        Stimulation port         :	Zmin
                        Mode number              :	1
                        Accuracy                 :	4.23843e-14
                        Iterations               :	1
                        Solver time              :	0 s


                      ------------------------------------------------------------------------------
2025-04-05 14:52:39     Total time               :	43 s

                      ------------------------------------------------------------------------------
2025-04-05 14:52:39   

                      ------------------------------------------------------------------------------
2025-04-05 14:52:39     Calculation 24 (Frequency: 31.568 GHz, Theta: 0, Phi: 0)


                      ------------------------------------------------------------------------------
2025-04-05 14:53:21     Matrix setup time        :	0 s
                        Solver setup             :	40 s
                        Degrees of freedom       :	422258
                        Number of mesh cells     :	65864

                        Stimulation port         :	Zmin
                        Mode number              :	1
                        Accuracy                 :	2.48997e-14
                        Iterations               :	1
                        Solver time              :	0 s


                      ------------------------------------------------------------------------------
2025-04-05 14:53:22     Total time               :	42 s

                      ------------------------------------------------------------------------------
2025-04-05 14:53:22   

                      ------------------------------------------------------------------------------
2025-04-05 14:53:22     Calculation 25 (Frequency: 30.584 GHz, Theta: 0, Phi: 0)


                      ------------------------------------------------------------------------------
2025-04-05 14:54:03     Matrix setup time        :	0 s
                        Solver setup             :	39 s
                        Degrees of freedom       :	422258
                        Number of mesh cells     :	65864

                        Stimulation port         :	Zmin
                        Mode number              :	1
                        Accuracy                 :	2.57982e-14
                        Iterations               :	1
                        Solver time              :	0 s


                      ------------------------------------------------------------------------------
2025-04-05 14:54:03     Total time               :	41 s

                      ------------------------------------------------------------------------------
2025-04-05 14:54:03   

                      ------------------------------------------------------------------------------
2025-04-05 14:54:03     Calculation 26 (Frequency: 26.576 GHz, Theta: 0, Phi: 0)


                      ------------------------------------------------------------------------------
2025-04-05 14:54:45     Matrix setup time        :	0 s
                        Solver setup             :	39 s
                        Degrees of freedom       :	422258
                        Number of mesh cells     :	65864

                        Stimulation port         :	Zmin
                        Mode number              :	1
                        Accuracy                 :	3.93636e-14
                        Iterations               :	1
                        Solver time              :	0 s


                      ------------------------------------------------------------------------------
2025-04-05 14:54:45     Total time               :	41 s

                      ------------------------------------------------------------------------------
2025-04-05 14:54:45   

                      ------------------------------------------------------------------------------
2025-04-05 14:54:45     Calculation 27 (Frequency: 30.428 GHz, Theta: 0, Phi: 0)


                      ------------------------------------------------------------------------------
2025-04-05 14:55:26     Matrix setup time        :	0 s
                        Solver setup             :	39 s
                        Degrees of freedom       :	422258
                        Number of mesh cells     :	65864

                        Stimulation port         :	Zmin
                        Mode number              :	1
                        Accuracy                 :	3.41295e-14
                        Iterations               :	1
                        Solver time              :	0 s


                      ------------------------------------------------------------------------------
2025-04-05 14:55:27     Total time               :	41 s

                      ------------------------------------------------------------------------------
2025-04-05 14:55:27   

                      ------------------------------------------------------------------------------
2025-04-05 14:55:27     Calculation 28 (Frequency: 28.784 GHz, Theta: 0, Phi: 0)


                      ------------------------------------------------------------------------------
2025-04-05 14:56:08     Matrix setup time        :	0 s
                        Solver setup             :	40 s
                        Degrees of freedom       :	422258
                        Number of mesh cells     :	65864

                        Stimulation port         :	Zmin
                        Mode number              :	1
                        Accuracy                 :	3.52247e-14
                        Iterations               :	1
                        Solver time              :	0 s


                      ------------------------------------------------------------------------------
2025-04-05 14:56:09     Total time               :	41 s

                      ------------------------------------------------------------------------------
2025-04-05 14:56:09   

                      ------------------------------------------------------------------------------
2025-04-05 14:56:09     Calculation 29 (Frequency: 27.692 GHz, Theta: 0, Phi: 0)


                      ------------------------------------------------------------------------------
2025-04-05 14:56:49     Matrix setup time        :	0 s
                        Solver setup             :	39 s
                        Degrees of freedom       :	422258
                        Number of mesh cells     :	65864

                        Stimulation port         :	Zmin
                        Mode number              :	1
                        Accuracy                 :	6.88202e-14
                        Iterations               :	1
                        Solver time              :	0 s


                      ------------------------------------------------------------------------------
2025-04-05 14:56:50     Total time               :	40 s

                      ------------------------------------------------------------------------------
2025-04-05 14:56:50   

                      ------------------------------------------------------------------------------
2025-04-05 14:56:50   Finished the general purpose interpolative broadband frequency sweep:
                      All broadband sweep convergence criteria have been satisfied after
                      calculating 29 frequency samples:

                        Broadband sweep error threshold value :  0.01 (All S-Parameters) 
                        Number of error criterion checks      :  2 (All S-Parameters) 
                        Minimum number of samples             :  3
                        Number of data samples, linear        :  1001

                      ------------------------------------------------------------------------------
2025-04-05 14:56:50     Number of mesh cells     :	65864
                        Degrees of freedom       :	420096
                        Total Solver Time        :	1369 s	 (= 0 h, 22 m, 49 s)
                      ================================================================================



                      ------------------------------------------------------------------------------
2025-04-05 14:56:50     ----------------------------------------------------------------------------
                                            Peak memory used (kB)         Free physical memory (kB) 
                                                                          At begin     Minimum      
                        ----------------------------------------------------------------------------
                        Solver start        21864                         5665780      5665420      
                        Eq. system setup    7356508                       5642296      4771448      
                        Eq. system solve    7356508                       5597332      629324       
                        Mesh refinement     4672976                       5294360      4758616      
                        Solver run total    7356508                       5665784      629324       

                        Computer name       Tahsin
                        ----------------------------------------------------------------------------


                      ------------------------------------------------------------------------------
2025-04-05 14:56:50   Running postprocessing.

                      ------------------------------------------------------------------------------
2025-04-05 14:56:51   Postprocessing finished.

                      ------------------------------------------------------------------------------
