2025-06-14 01:39:45   *** Warning ***

                      Electric isotropic material [Copper (pure)] has a very high conductivity for
                      the given mesh. Depending on your configuration it may be better to use a lossy
                      metal type for this material. More...

                      ------------------------------------------------------------------------------
2025-06-14 01:39:45   In order to get an optimal performance, hyperthreading is ignored for parallel
                      computations.

                      ------------------------------------------------------------------------------
2025-06-14 01:39:47   Units settings: 

                        Dimensions: mm
                        Frequency:  GHz
                        Time:       s

                      ------------------------------------------------------------------------------
2025-06-14 01:39:47   Boundary conditions: 

                        YZsymmetry: none
                        XZsymmetry: none
                        XYsymmetry: none

                        Xmin: unit cell
                        Xmax: unit cell

                        Ymin: unit cell
                        Ymax: unit cell

                        Zmin: expanded open
                        Zmax: expanded open

                      ------------------------------------------------------------------------------
2025-06-14 01:39:47   Order settings: 

                        Solver order   : 2nd (constant)
                        Curved elements: up to order 3 (automatic)

                      ------------------------------------------------------------------------------
2025-06-14 01:39:47   An iterative solver will be used first.

                      ------------------------------------------------------------------------------
2025-06-14 01:39:47     Mesh time                :	2 s


                      ------------------------------------------------------------------------------
2025-06-14 01:39:47   
                      ================================================================================
                      Frequency Domain Solver calculation cycle started

                      ------------------------------------------------------------------------------
2025-06-14 01:39:47   Solver started at: 2025-06-14 01:39:47 +0800

                        Module:  Frequency Domain: S-Parameter (Win 64)
                        Version: 2024.1 Release from 2023-10-16 (change 1181985)

                      ------------------------------------------------------------------------------
2025-06-14 01:39:47   The low frequency stabilization is not applied to periodic problems.

                      ------------------------------------------------------------------------------
2025-06-14 01:39:47     Calculation 1 of 1 (Frequency: 32 GHz, Theta: 0, Phi: 0)


                      ------------------------------------------------------------------------------
2025-06-14 01:39:47   The wavelength based mesh refinement has been applied to 5.1% of all mesh edges.

                      ------------------------------------------------------------------------------
2025-06-14 01:39:48   Adaptive mesh refinement pass 1

                      ------------------------------------------------------------------------------
2025-06-14 01:39:55   *** Warning ***

2025-06-14 01:39:55   Detected possible stagnation of the iterative solver (5.749049e-02 after 250 iterations.)
                      Please consider aborting the solver run, and check your simulation setup.  More...

                      ------------------------------------------------------------------------------
2025-06-14 01:40:01   *** Warning ***

2025-06-14 01:40:01   The solver stopped because the maximum number of iterations (500, used for automatic solver choice) has been reached.

                      ------------------------------------------------------------------------------
2025-06-14 01:40:01   Solving again, but with the direct solver. Please consider forcing the direct solver in the solver special settings, and
                      check your simulation setup (for instance source and material definitions.)

                      ------------------------------------------------------------------------------
2025-06-14 01:40:02     Matrix setup time        :	0 s
                        Degrees of freedom       :	36272
                        Number of mesh cells     :	5528

                        Stimulation port         :	Zmin
                        Mode number              :	1
                        Accuracy                 :	8.39071e-14
                        Iterations               :	1
                        Solver time              :	0 s


                      ------------------------------------------------------------------------------
2025-06-14 01:40:02   26% of all mesh edges seem to be longer than expected. The adaptive mesh refinement's growth limitation will therefore 
                      use 14329 instead of 3677 mesh cells as a reference.

                      ------------------------------------------------------------------------------
2025-06-14 01:40:02   The wavelength based mesh refinement has been applied to 0.2% of all mesh edges.

                      ------------------------------------------------------------------------------
2025-06-14 01:40:03   For some elements the curvature had to be reduced to maintain the quality of the mesh. More...

                      ------------------------------------------------------------------------------
2025-06-14 01:40:03   Adaptive mesh refinement pass 2

                      ------------------------------------------------------------------------------
2025-06-14 01:40:05     Matrix setup time        :	0 s
                        Solver setup             :	2 s
                        Degrees of freedom       :	78730
                        Number of mesh cells     :	12201

                        Stimulation port         :	Zmin
                        Mode number              :	1
                        Accuracy                 :	4.66007e-14
                        Iterations               :	1
                        Solver time              :	0 s


                      ------------------------------------------------------------------------------
2025-06-14 01:40:06     Delta calculation        
2025-06-14 01:40:06     All S-Parameters         :	0.033593
2025-06-14 01:40:06   

                      ------------------------------------------------------------------------------
2025-06-14 01:40:06   The input reflection seems to be large at 32 GHz, Theta: 0, Phi: 0. The adaptive mesh refinement at this sample will be 
                      stopped. A new mesh adaptation frequency has been added at 26 GHz.  More...

                      ------------------------------------------------------------------------------
2025-06-14 01:40:06   *** Warning ***

2025-06-14 01:40:06   At least one propagating Floquet mode is not considered at port Zmin. Please increase the number of modes at this port. 
                      More...

                      ------------------------------------------------------------------------------
2025-06-14 01:40:06   *** Warning ***

2025-06-14 01:40:06   At least one propagating Floquet mode is not considered at port Zmax. Please increase the number of modes at this port. 
                      More...

                      ------------------------------------------------------------------------------
2025-06-14 01:40:06     Total time               :	18 s

                      ------------------------------------------------------------------------------
2025-06-14 01:40:06   

                      ------------------------------------------------------------------------------
2025-06-14 01:40:06     Calculation 2 of 2 (Frequency: 26 GHz, Theta: 0, Phi: 0)


                      ------------------------------------------------------------------------------
2025-06-14 01:40:06   Adaptive mesh refinement pass 1

                      ------------------------------------------------------------------------------
2025-06-14 01:40:07     Matrix setup time        :	0 s
                        Solver setup             :	1 s
                        Degrees of freedom       :	78730
                        Number of mesh cells     :	12201

                        Stimulation port         :	Zmin
                        Mode number              :	1
                        Accuracy                 :	4.57781e-14
                        Iterations               :	1
                        Solver time              :	0 s


                      ------------------------------------------------------------------------------
2025-06-14 01:40:09   For some elements the curvature had to be reduced to maintain the quality of the mesh. More...

                      ------------------------------------------------------------------------------
2025-06-14 01:40:09   Adaptive mesh refinement pass 2

                      ------------------------------------------------------------------------------
2025-06-14 01:40:14     Matrix setup time        :	0 s
                        Solver setup             :	4 s
                        Degrees of freedom       :	122846
                        Number of mesh cells     :	19118

                        Stimulation port         :	Zmin
                        Mode number              :	1
                        Accuracy                 :	2.9026e-14
                        Iterations               :	1
                        Solver time              :	0 s


                      ------------------------------------------------------------------------------
2025-06-14 01:40:14     Delta calculation        
2025-06-14 01:40:14     All S-Parameters         :	0.0521506
2025-06-14 01:40:14   

                      ------------------------------------------------------------------------------
2025-06-14 01:40:15   For some elements the curvature had to be reduced to maintain the quality of the mesh. More...

                      ------------------------------------------------------------------------------
2025-06-14 01:40:16   Adaptive mesh refinement pass 3

                      ------------------------------------------------------------------------------
2025-06-14 01:40:24     Matrix setup time        :	0 s
                        Solver setup             :	7 s
                        Degrees of freedom       :	190474
                        Number of mesh cells     :	29660

                        Stimulation port         :	Zmin
                        Mode number              :	1
                        Accuracy                 :	3.08116e-14
                        Iterations               :	1
                        Solver time              :	0 s


                      ------------------------------------------------------------------------------
2025-06-14 01:40:25     Delta calculation        
2025-06-14 01:40:25     All S-Parameters         :	0.0266028
2025-06-14 01:40:25   

                      ------------------------------------------------------------------------------
2025-06-14 01:40:27   For some elements the curvature had to be slightly reduced to maintain the quality of the mesh. More...

                      ------------------------------------------------------------------------------
2025-06-14 01:40:28   Adaptive mesh refinement pass 4

                      ------------------------------------------------------------------------------
2025-06-14 01:40:43     Matrix setup time        :	1 s
                        Solver setup             :	14 s
                        Degrees of freedom       :	298016
                        Number of mesh cells     :	46410

                        Stimulation port         :	Zmin
                        Mode number              :	1
                        Accuracy                 :	2.64136e-14
                        Iterations               :	1
                        Solver time              :	0 s


                      ------------------------------------------------------------------------------
2025-06-14 01:40:44     Delta calculation        
2025-06-14 01:40:44     All S-Parameters         :	0.0320223
2025-06-14 01:40:44   

                      ------------------------------------------------------------------------------
2025-06-14 01:40:48   Adaptive mesh refinement pass 5

                      ------------------------------------------------------------------------------
2025-06-14 01:41:19     Matrix setup time        :	1 s
                        Solver setup             :	28 s
                        Degrees of freedom       :	423696
                        Number of mesh cells     :	66035

                        Stimulation port         :	Zmin
                        Mode number              :	1
                        Accuracy                 :	3.42748e-14
                        Iterations               :	1
                        Solver time              :	0 s


                      ------------------------------------------------------------------------------
2025-06-14 01:41:19     Delta calculation        
2025-06-14 01:41:19     All S-Parameters         :	0.0123256
2025-06-14 01:41:19   

                      ------------------------------------------------------------------------------
2025-06-14 01:41:19   Mesh adaptation terminated because the desired accuracy limit is reached.

                      ------------------------------------------------------------------------------
2025-06-14 01:41:20     Total time               :	73 s	 (= 0 h, 01 m, 13 s)

                      ------------------------------------------------------------------------------
2025-06-14 01:41:20   

                      ------------------------------------------------------------------------------
2025-06-14 01:41:20     Calculation 1 (Frequency: 32 GHz, Theta: 0, Phi: 0)


                      ------------------------------------------------------------------------------
2025-06-14 01:41:46     Matrix setup time        :	0 s
                        Solver setup             :	25 s
                        Degrees of freedom       :	423696
                        Number of mesh cells     :	66035

                        Stimulation port         :	Zmin
                        Mode number              :	1
                        Accuracy                 :	5.3044e-14
                        Iterations               :	1
                        Solver time              :	0 s


                      ------------------------------------------------------------------------------
2025-06-14 01:41:47     Total time               :	26 s

                      ------------------------------------------------------------------------------
2025-06-14 01:41:47   

                      ------------------------------------------------------------------------------
2025-06-14 01:41:47     Calculation 3 (Frequency: 20 GHz, Theta: 0, Phi: 0)


                      ------------------------------------------------------------------------------
2025-06-14 01:42:13     Matrix setup time        :	0 s
                        Solver setup             :	25 s
                        Degrees of freedom       :	423696
                        Number of mesh cells     :	66035

                        Stimulation port         :	Zmin
                        Mode number              :	1
                        Accuracy                 :	2.98211e-14
                        Iterations               :	1
                        Solver time              :	0 s


                      ------------------------------------------------------------------------------
2025-06-14 01:42:13     Total time               :	26 s

                      ------------------------------------------------------------------------------
2025-06-14 01:42:13   

                      ------------------------------------------------------------------------------
2025-06-14 01:42:13     Calculation 4 (Frequency: 29 GHz, Theta: 0, Phi: 0)


                      ------------------------------------------------------------------------------
2025-06-14 01:42:40     Matrix setup time        :	0 s
                        Solver setup             :	24 s
                        Degrees of freedom       :	423696
                        Number of mesh cells     :	66035

                        Stimulation port         :	Zmin
                        Mode number              :	1
                        Accuracy                 :	4.15033e-14
                        Iterations               :	1
                        Solver time              :	0 s


                      ------------------------------------------------------------------------------
2025-06-14 01:42:40     Total time               :	26 s

                      ------------------------------------------------------------------------------
2025-06-14 01:42:40   

                      ------------------------------------------------------------------------------
2025-06-14 01:42:40     Calculation 5 (Frequency: 23.384 GHz, Theta: 0, Phi: 0)


                      ------------------------------------------------------------------------------
2025-06-14 01:43:06     Matrix setup time        :	0 s
                        Solver setup             :	24 s
                        Degrees of freedom       :	423696
                        Number of mesh cells     :	66035

                        Stimulation port         :	Zmin
                        Mode number              :	1
                        Accuracy                 :	2.75827e-14
                        Iterations               :	1
                        Solver time              :	0 s


                      ------------------------------------------------------------------------------
2025-06-14 01:43:07     Total time               :	26 s

                      ------------------------------------------------------------------------------
2025-06-14 01:43:07   

                      ------------------------------------------------------------------------------
2025-06-14 01:43:07     Calculation 6 (Frequency: 27.188 GHz, Theta: 0, Phi: 0)


                      ------------------------------------------------------------------------------
2025-06-14 01:43:35     Matrix setup time        :	0 s
                        Solver setup             :	26 s
                        Degrees of freedom       :	423696
                        Number of mesh cells     :	66035

                        Stimulation port         :	Zmin
                        Mode number              :	1
                        Accuracy                 :	2.38509e-14
                        Iterations               :	1
                        Solver time              :	0 s


                      ------------------------------------------------------------------------------
2025-06-14 01:43:35     Total time               :	28 s

                      ------------------------------------------------------------------------------
2025-06-14 01:43:35   

                      ------------------------------------------------------------------------------
2025-06-14 01:43:35     Calculation 7 (Frequency: 24.488 GHz, Theta: 0, Phi: 0)


                      ------------------------------------------------------------------------------
2025-06-14 01:44:02     Matrix setup time        :	0 s
                        Solver setup             :	25 s
                        Degrees of freedom       :	423696
                        Number of mesh cells     :	66035

                        Stimulation port         :	Zmin
                        Mode number              :	1
                        Accuracy                 :	2.49914e-14
                        Iterations               :	1
                        Solver time              :	0 s


                      ------------------------------------------------------------------------------
2025-06-14 01:44:02     Total time               :	26 s

                      ------------------------------------------------------------------------------
2025-06-14 01:44:02   

                      ------------------------------------------------------------------------------
2025-06-14 01:44:02     Calculation 8 (Frequency: 28.052 GHz, Theta: 0, Phi: 0)


                      ------------------------------------------------------------------------------
2025-06-14 01:44:28     Matrix setup time        :	0 s
                        Solver setup             :	24 s
                        Degrees of freedom       :	423696
                        Number of mesh cells     :	66035

                        Stimulation port         :	Zmin
                        Mode number              :	1
                        Accuracy                 :	3.11745e-14
                        Iterations               :	1
                        Solver time              :	0 s


                      ------------------------------------------------------------------------------
2025-06-14 01:44:29     Total time               :	26 s

                      ------------------------------------------------------------------------------
2025-06-14 01:44:29   

                      ------------------------------------------------------------------------------
2025-06-14 01:44:29     Calculation 9 (Frequency: 21.224 GHz, Theta: 0, Phi: 0)


                      ------------------------------------------------------------------------------
2025-06-14 01:44:56     Matrix setup time        :	0 s
                        Solver setup             :	26 s
                        Degrees of freedom       :	423696
                        Number of mesh cells     :	66035

                        Stimulation port         :	Zmin
                        Mode number              :	1
                        Accuracy                 :	2.9189e-14
                        Iterations               :	1
                        Solver time              :	0 s


                      ------------------------------------------------------------------------------
2025-06-14 01:44:57     Total time               :	27 s

                      ------------------------------------------------------------------------------
2025-06-14 01:44:57   

                      ------------------------------------------------------------------------------
2025-06-14 01:44:57     Calculation 10 (Frequency: 30.452 GHz, Theta: 0, Phi: 0)


                      ------------------------------------------------------------------------------
2025-06-14 01:45:23     Matrix setup time        :	0 s
                        Solver setup             :	25 s
                        Degrees of freedom       :	423696
                        Number of mesh cells     :	66035

                        Stimulation port         :	Zmin
                        Mode number              :	1
                        Accuracy                 :	3.69214e-14
                        Iterations               :	1
                        Solver time              :	0 s


                      ------------------------------------------------------------------------------
2025-06-14 01:45:24     Total time               :	26 s

                      ------------------------------------------------------------------------------
2025-06-14 01:45:24   

                      ------------------------------------------------------------------------------
2025-06-14 01:45:24     Calculation 11 (Frequency: 20.948 GHz, Theta: 0, Phi: 0)


                      ------------------------------------------------------------------------------
2025-06-14 01:45:48     Matrix setup time        :	0 s
                        Solver setup             :	23 s
                        Degrees of freedom       :	423696
                        Number of mesh cells     :	66035

                        Stimulation port         :	Zmin
                        Mode number              :	1
                        Accuracy                 :	3.31209e-14
                        Iterations               :	1
                        Solver time              :	0 s


                      ------------------------------------------------------------------------------
2025-06-14 01:45:49     Total time               :	25 s

                      ------------------------------------------------------------------------------
2025-06-14 01:45:49   

                      ------------------------------------------------------------------------------
2025-06-14 01:45:49     Calculation 12 (Frequency: 30.956 GHz, Theta: 0, Phi: 0)


                      ------------------------------------------------------------------------------
2025-06-14 01:46:15     Matrix setup time        :	0 s
                        Solver setup             :	25 s
                        Degrees of freedom       :	423696
                        Number of mesh cells     :	66035

                        Stimulation port         :	Zmin
                        Mode number              :	1
                        Accuracy                 :	2.67164e-14
                        Iterations               :	1
                        Solver time              :	0 s


                      ------------------------------------------------------------------------------
2025-06-14 01:46:16     Total time               :	26 s

                      ------------------------------------------------------------------------------
2025-06-14 01:46:16   

                      ------------------------------------------------------------------------------
2025-06-14 01:46:16     Calculation 13 (Frequency: 22.976 GHz, Theta: 0, Phi: 0)


                      ------------------------------------------------------------------------------
2025-06-14 01:46:43     Matrix setup time        :	0 s
                        Solver setup             :	25 s
                        Degrees of freedom       :	423696
                        Number of mesh cells     :	66035

                        Stimulation port         :	Zmin
                        Mode number              :	1
                        Accuracy                 :	3.36554e-14
                        Iterations               :	1
                        Solver time              :	0 s


                      ------------------------------------------------------------------------------
2025-06-14 01:46:43     Total time               :	27 s

                      ------------------------------------------------------------------------------
2025-06-14 01:46:43   

                      ------------------------------------------------------------------------------
2025-06-14 01:46:43     Calculation 14 (Frequency: 25.448 GHz, Theta: 0, Phi: 0)


                      ------------------------------------------------------------------------------
2025-06-14 01:47:10     Matrix setup time        :	0 s
                        Solver setup             :	25 s
                        Degrees of freedom       :	423696
                        Number of mesh cells     :	66035

                        Stimulation port         :	Zmin
                        Mode number              :	1
                        Accuracy                 :	2.35466e-14
                        Iterations               :	1
                        Solver time              :	0 s


                      ------------------------------------------------------------------------------
2025-06-14 01:47:10     Total time               :	27 s

                      ------------------------------------------------------------------------------
2025-06-14 01:47:10   

                      ------------------------------------------------------------------------------
2025-06-14 01:47:10     Calculation 15 (Frequency: 22.1 GHz, Theta: 0, Phi: 0)


                      ------------------------------------------------------------------------------
2025-06-14 01:47:38     Matrix setup time        :	0 s
                        Solver setup             :	26 s
                        Degrees of freedom       :	423696
                        Number of mesh cells     :	66035

                        Stimulation port         :	Zmin
                        Mode number              :	1
                        Accuracy                 :	4.42445e-14
                        Iterations               :	1
                        Solver time              :	0 s


                      ------------------------------------------------------------------------------
2025-06-14 01:47:38     Total time               :	27 s

                      ------------------------------------------------------------------------------
2025-06-14 01:47:38   

                      ------------------------------------------------------------------------------
2025-06-14 01:47:38     Calculation 16 (Frequency: 20.456 GHz, Theta: 0, Phi: 0)


                      ------------------------------------------------------------------------------
2025-06-14 01:48:04     Matrix setup time        :	0 s
                        Solver setup             :	24 s
                        Degrees of freedom       :	423696
                        Number of mesh cells     :	66035

                        Stimulation port         :	Zmin
                        Mode number              :	1
                        Accuracy                 :	2.69073e-14
                        Iterations               :	1
                        Solver time              :	0 s


                      ------------------------------------------------------------------------------
2025-06-14 01:48:04     Total time               :	25 s

                      ------------------------------------------------------------------------------
2025-06-14 01:48:04   

                      ------------------------------------------------------------------------------
2025-06-14 01:48:04     Calculation 17 (Frequency: 22.604 GHz, Theta: 0, Phi: 0)


                      ------------------------------------------------------------------------------
2025-06-14 01:48:29     Matrix setup time        :	0 s
                        Solver setup             :	23 s
                        Degrees of freedom       :	423696
                        Number of mesh cells     :	66035

                        Stimulation port         :	Zmin
                        Mode number              :	1
                        Accuracy                 :	4.33719e-14
                        Iterations               :	1
                        Solver time              :	0 s


                      ------------------------------------------------------------------------------
2025-06-14 01:48:30     Total time               :	25 s

                      ------------------------------------------------------------------------------
2025-06-14 01:48:30   

                      ------------------------------------------------------------------------------
2025-06-14 01:48:30     Calculation 18 (Frequency: 21.752 GHz, Theta: 0, Phi: 0)


                      ------------------------------------------------------------------------------
2025-06-14 01:48:55     Matrix setup time        :	0 s
                        Solver setup             :	24 s
                        Degrees of freedom       :	423696
                        Number of mesh cells     :	66035

                        Stimulation port         :	Zmin
                        Mode number              :	1
                        Accuracy                 :	3.29741e-14
                        Iterations               :	1
                        Solver time              :	0 s


                      ------------------------------------------------------------------------------
2025-06-14 01:48:56     Total time               :	25 s

                      ------------------------------------------------------------------------------
2025-06-14 01:48:56   

                      ------------------------------------------------------------------------------
2025-06-14 01:48:56     Calculation 19 (Frequency: 24.356 GHz, Theta: 0, Phi: 0)


                      ------------------------------------------------------------------------------
2025-06-14 01:49:21     Matrix setup time        :	0 s
                        Solver setup             :	24 s
                        Degrees of freedom       :	423696
                        Number of mesh cells     :	66035

                        Stimulation port         :	Zmin
                        Mode number              :	1
                        Accuracy                 :	2.93738e-14
                        Iterations               :	1
                        Solver time              :	0 s


                      ------------------------------------------------------------------------------
2025-06-14 01:49:22     Total time               :	25 s

                      ------------------------------------------------------------------------------
2025-06-14 01:49:22   

                      ------------------------------------------------------------------------------
2025-06-14 01:49:22     Calculation 20 (Frequency: 26.528 GHz, Theta: 0, Phi: 0)


                      ------------------------------------------------------------------------------
2025-06-14 01:49:47     Matrix setup time        :	0 s
                        Solver setup             :	24 s
                        Degrees of freedom       :	423696
                        Number of mesh cells     :	66035

                        Stimulation port         :	Zmin
                        Mode number              :	1
                        Accuracy                 :	3.94958e-14
                        Iterations               :	1
                        Solver time              :	0 s


                      ------------------------------------------------------------------------------
2025-06-14 01:49:48     Total time               :	25 s

                      ------------------------------------------------------------------------------
2025-06-14 01:49:48   

                      ------------------------------------------------------------------------------
2025-06-14 01:49:48     Calculation 21 (Frequency: 27.596 GHz, Theta: 0, Phi: 0)


                      ------------------------------------------------------------------------------
2025-06-14 01:50:13     Matrix setup time        :	0 s
                        Solver setup             :	24 s
                        Degrees of freedom       :	423696
                        Number of mesh cells     :	66035

                        Stimulation port         :	Zmin
                        Mode number              :	1
                        Accuracy                 :	4.97483e-14
                        Iterations               :	1
                        Solver time              :	0 s


                      ------------------------------------------------------------------------------
2025-06-14 01:50:14     Total time               :	25 s

                      ------------------------------------------------------------------------------
2025-06-14 01:50:14   

                      ------------------------------------------------------------------------------
2025-06-14 01:50:14     Calculation 22 (Frequency: 28.76 GHz, Theta: 0, Phi: 0)


                      ------------------------------------------------------------------------------
2025-06-14 01:50:39     Matrix setup time        :	0 s
                        Solver setup             :	24 s
                        Degrees of freedom       :	423696
                        Number of mesh cells     :	66035

                        Stimulation port         :	Zmin
                        Mode number              :	1
                        Accuracy                 :	2.56132e-14
                        Iterations               :	1
                        Solver time              :	0 s


                      ------------------------------------------------------------------------------
2025-06-14 01:50:40     Total time               :	26 s

                      ------------------------------------------------------------------------------
2025-06-14 01:50:40   

                      ------------------------------------------------------------------------------
2025-06-14 01:50:40     Calculation 23 (Frequency: 29.276 GHz, Theta: 0, Phi: 0)


                      ------------------------------------------------------------------------------
2025-06-14 01:51:06     Matrix setup time        :	0 s
                        Solver setup             :	24 s
                        Degrees of freedom       :	423696
                        Number of mesh cells     :	66035

                        Stimulation port         :	Zmin
                        Mode number              :	1
                        Accuracy                 :	3.82031e-14
                        Iterations               :	1
                        Solver time              :	0 s


                      ------------------------------------------------------------------------------
2025-06-14 01:51:06     Total time               :	25 s

                      ------------------------------------------------------------------------------
2025-06-14 01:51:06   

                      ------------------------------------------------------------------------------
2025-06-14 01:51:06     Calculation 24 (Frequency: 31.58 GHz, Theta: 0, Phi: 0)


                      ------------------------------------------------------------------------------
2025-06-14 01:51:32     Matrix setup time        :	0 s
                        Solver setup             :	24 s
                        Degrees of freedom       :	423696
                        Number of mesh cells     :	66035

                        Stimulation port         :	Zmin
                        Mode number              :	1
                        Accuracy                 :	2.16392e-14
                        Iterations               :	1
                        Solver time              :	0 s


                      ------------------------------------------------------------------------------
2025-06-14 01:51:33     Total time               :	26 s

                      ------------------------------------------------------------------------------
2025-06-14 01:51:33   

                      ------------------------------------------------------------------------------
2025-06-14 01:51:33     Calculation 25 (Frequency: 30.716 GHz, Theta: 0, Phi: 0)


                      ------------------------------------------------------------------------------
2025-06-14 01:51:58     Matrix setup time        :	0 s
                        Solver setup             :	24 s
                        Degrees of freedom       :	423696
                        Number of mesh cells     :	66035

                        Stimulation port         :	Zmin
                        Mode number              :	1
                        Accuracy                 :	2.37043e-14
                        Iterations               :	1
                        Solver time              :	0 s


                      ------------------------------------------------------------------------------
2025-06-14 01:51:59     Total time               :	26 s

                      ------------------------------------------------------------------------------
2025-06-14 01:51:59   

                      ------------------------------------------------------------------------------
2025-06-14 01:51:59     Calculation 26 (Frequency: 30.2 GHz, Theta: 0, Phi: 0)


                      ------------------------------------------------------------------------------
2025-06-14 01:52:24     Matrix setup time        :	0 s
                        Solver setup             :	24 s
                        Degrees of freedom       :	423696
                        Number of mesh cells     :	66035

                        Stimulation port         :	Zmin
                        Mode number              :	1
                        Accuracy                 :	4.67568e-14
                        Iterations               :	1
                        Solver time              :	0 s


                      ------------------------------------------------------------------------------
2025-06-14 01:52:25     Total time               :	25 s

                      ------------------------------------------------------------------------------
2025-06-14 01:52:25   

                      ------------------------------------------------------------------------------
2025-06-14 01:52:25     Calculation 27 (Frequency: 30.572 GHz, Theta: 0, Phi: 0)


                      ------------------------------------------------------------------------------
2025-06-14 01:52:52     Matrix setup time        :	0 s
                        Solver setup             :	25 s
                        Degrees of freedom       :	423696
                        Number of mesh cells     :	66035

                        Stimulation port         :	Zmin
                        Mode number              :	1
                        Accuracy                 :	3.94719e-14
                        Iterations               :	1
                        Solver time              :	0 s


                      ------------------------------------------------------------------------------
2025-06-14 01:52:52     Total time               :	27 s

                      ------------------------------------------------------------------------------
2025-06-14 01:52:52   

                      ------------------------------------------------------------------------------
2025-06-14 01:52:52   Finished the general purpose interpolative broadband frequency sweep:
                      All broadband sweep convergence criteria have been satisfied after
                      calculating 27 frequency samples:

                        Broadband sweep error threshold value :  0.01 (All S-Parameters) 
                        Number of error criterion checks      :  2 (All S-Parameters) 
                        Minimum number of samples             :  3
                        Number of data samples, linear        :  1001

                      ------------------------------------------------------------------------------
2025-06-14 01:52:52     Number of mesh cells     :	66035
                        Degrees of freedom       :	421098
                        Total Solver Time        :	786 s	 (= 0 h, 13 m, 06 s)
                      ================================================================================



                      ------------------------------------------------------------------------------
2025-06-14 01:52:53     ----------------------------------------------------------------------------
                                            Peak memory used (kB)         Free physical memory (kB) 
                                                                          At begin     Minimum      
                        ----------------------------------------------------------------------------
                        Solver start        22316                         9005244      9004412      
                        Eq. system setup    7310908                       8989212      7924300      
                        Eq. system solve    7310908                       8950844      1837188      
                        Mesh refinement     4730956                       8830972      8256684      
                        Solver run total    7310908                       9005248      1837188      

                        Computer name       Tahsin
                        ----------------------------------------------------------------------------


                      ------------------------------------------------------------------------------
2025-06-14 01:52:53   Running postprocessing.

                      ------------------------------------------------------------------------------
2025-06-14 01:52:54   Postprocessing finished.

                      ------------------------------------------------------------------------------
