2025-06-15 16:48:24   *** Warning ***

                      Electric isotropic material [Copper (pure)] has a very high conductivity for
                      the given mesh. Depending on your configuration it may be better to use a lossy
                      metal type for this material. More...

                      ------------------------------------------------------------------------------
2025-06-15 16:48:24   In order to get an optimal performance, hyperthreading is ignored for parallel
                      computations.

                      ------------------------------------------------------------------------------
2025-06-15 16:48:26   Units settings: 

                        Dimensions: mm
                        Frequency:  GHz
                        Time:       s

                      ------------------------------------------------------------------------------
2025-06-15 16:48:26   Boundary conditions: 

                        YZsymmetry: none
                        XZsymmetry: none
                        XYsymmetry: none

                        Xmin: unit cell
                        Xmax: unit cell

                        Ymin: unit cell
                        Ymax: unit cell

                        Zmin: expanded open
                        Zmax: expanded open

                      ------------------------------------------------------------------------------
2025-06-15 16:48:26   Order settings: 

                        Solver order   : 2nd (constant)
                        Curved elements: up to order 3 (automatic)

                      ------------------------------------------------------------------------------
2025-06-15 16:48:26   An iterative solver will be used first.

                      ------------------------------------------------------------------------------
2025-06-15 16:48:26     Mesh time                :	2 s


                      ------------------------------------------------------------------------------
2025-06-15 16:48:26   
                      ================================================================================
                      Frequency Domain Solver calculation cycle started

                      ------------------------------------------------------------------------------
2025-06-15 16:48:26   Solver started at: 2025-06-15 16:48:26 +0600

                        Module:  Frequency Domain: S-Parameter (Win 64)
                        Version: 2024.1 Release from 2023-10-16 (change 1181985)

                      ------------------------------------------------------------------------------
2025-06-15 16:48:26   The low frequency stabilization is not applied to periodic problems.

                      ------------------------------------------------------------------------------
2025-06-15 16:48:26     Calculation 1 of 1 (Frequency: 32 GHz, Theta: 0, Phi: 0)


                      ------------------------------------------------------------------------------
2025-06-15 16:48:26   The wavelength based mesh refinement has been applied to 7.2% of all mesh edges.

                      ------------------------------------------------------------------------------
2025-06-15 16:48:27   Adaptive mesh refinement pass 1

                      ------------------------------------------------------------------------------
2025-06-15 16:48:35   *** Warning ***

2025-06-15 16:48:35   Detected possible stagnation of the iterative solver (5.550444e-02 after 250 iterations.)
                      Please consider aborting the solver run, and check your simulation setup.  More...

                      ------------------------------------------------------------------------------
2025-06-15 16:48:44   *** Warning ***

2025-06-15 16:48:44   The solver stopped because the maximum number of iterations (500, used for automatic solver choice) has been reached.

                      ------------------------------------------------------------------------------
2025-06-15 16:48:44   Solving again, but with the direct solver. Please consider forcing the direct solver in the solver special settings, and
                      check your simulation setup (for instance source and material definitions.)

                      ------------------------------------------------------------------------------
2025-06-15 16:48:45     Matrix setup time        :	0 s
                        Degrees of freedom       :	45266
                        Number of mesh cells     :	6885

                        Stimulation port         :	Zmin
                        Mode number              :	1
                        Accuracy                 :	5.65304e-14
                        Iterations               :	1
                        Solver time              :	0 s


                      ------------------------------------------------------------------------------
2025-06-15 16:48:45   20% of all mesh edges seem to be longer than expected. The adaptive mesh refinement's growth limitation will therefore 
                      use 15286 instead of 4294 mesh cells as a reference.

                      ------------------------------------------------------------------------------
2025-06-15 16:48:45   The wavelength based mesh refinement has been applied to 0.4% of all mesh edges.

                      ------------------------------------------------------------------------------
2025-06-15 16:48:46   For some elements the curvature had to be slightly reduced to maintain the quality of the mesh. More...

                      ------------------------------------------------------------------------------
2025-06-15 16:48:46   Adaptive mesh refinement pass 2

                      ------------------------------------------------------------------------------
2025-06-15 16:48:49     Matrix setup time        :	0 s
                        Solver setup             :	2 s
                        Degrees of freedom       :	83610
                        Number of mesh cells     :	12908

                        Stimulation port         :	Zmin
                        Mode number              :	1
                        Accuracy                 :	3.86711e-14
                        Iterations               :	1
                        Solver time              :	0 s


                      ------------------------------------------------------------------------------
2025-06-15 16:48:49     Delta calculation        
2025-06-15 16:48:49     All S-Parameters         :	0.134202
2025-06-15 16:48:49   

                      ------------------------------------------------------------------------------
2025-06-15 16:48:50   The wavelength based mesh refinement has been applied to 0.1% of all mesh edges.

                      ------------------------------------------------------------------------------
2025-06-15 16:48:51   Adaptive mesh refinement pass 3

                      ------------------------------------------------------------------------------
2025-06-15 16:48:58     Matrix setup time        :	0 s
                        Solver setup             :	6 s
                        Degrees of freedom       :	149388
                        Number of mesh cells     :	23158

                        Stimulation port         :	Zmin
                        Mode number              :	1
                        Accuracy                 :	2.90737e-14
                        Iterations               :	1
                        Solver time              :	0 s


                      ------------------------------------------------------------------------------
2025-06-15 16:48:58     Delta calculation        
2025-06-15 16:48:58     All S-Parameters         :	0.0240717
2025-06-15 16:48:58   

                      ------------------------------------------------------------------------------
2025-06-15 16:49:01   For some elements the curvature had to be reduced to maintain the quality of the mesh. More...

                      ------------------------------------------------------------------------------
2025-06-15 16:49:01   Adaptive mesh refinement pass 4

                      ------------------------------------------------------------------------------
2025-06-15 16:49:15     Matrix setup time        :	0 s
                        Solver setup             :	12 s
                        Degrees of freedom       :	246674
                        Number of mesh cells     :	38317

                        Stimulation port         :	Zmin
                        Mode number              :	1
                        Accuracy                 :	2.20963e-14
                        Iterations               :	1
                        Solver time              :	0 s


                      ------------------------------------------------------------------------------
2025-06-15 16:49:16     Delta calculation        
2025-06-15 16:49:16     All S-Parameters         :	0.0138134
2025-06-15 16:49:16   

                      ------------------------------------------------------------------------------
2025-06-15 16:49:16   Mesh adaptation terminated because the desired accuracy limit is reached.

                      ------------------------------------------------------------------------------
2025-06-15 16:49:16   *** Warning ***

2025-06-15 16:49:16   At least one propagating Floquet mode is not considered at port Zmin. Please increase the number of modes at this port. 
                      More...

                      ------------------------------------------------------------------------------
2025-06-15 16:49:16   *** Warning ***

2025-06-15 16:49:16   At least one propagating Floquet mode is not considered at port Zmax. Please increase the number of modes at this port. 
                      More...

                      ------------------------------------------------------------------------------
2025-06-15 16:49:16     Total time               :	49 s

                      ------------------------------------------------------------------------------
2025-06-15 16:49:16   

                      ------------------------------------------------------------------------------
2025-06-15 16:49:16     Calculation 2 (Frequency: 20 GHz, Theta: 0, Phi: 0)


                      ------------------------------------------------------------------------------
2025-06-15 16:49:28     Matrix setup time        :	0 s
                        Solver setup             :	10 s
                        Degrees of freedom       :	246674
                        Number of mesh cells     :	38317

                        Stimulation port         :	Zmin
                        Mode number              :	1
                        Accuracy                 :	3.1119e-14
                        Iterations               :	1
                        Solver time              :	0 s


                      ------------------------------------------------------------------------------
2025-06-15 16:49:28     Total time               :	12 s

                      ------------------------------------------------------------------------------
2025-06-15 16:49:28   

                      ------------------------------------------------------------------------------
2025-06-15 16:49:28     Calculation 3 (Frequency: 26 GHz, Theta: 0, Phi: 0)


                      ------------------------------------------------------------------------------
2025-06-15 16:49:39     Matrix setup time        :	0 s
                        Solver setup             :	10 s
                        Degrees of freedom       :	246674
                        Number of mesh cells     :	38317

                        Stimulation port         :	Zmin
                        Mode number              :	1
                        Accuracy                 :	3.02277e-14
                        Iterations               :	1
                        Solver time              :	0 s


                      ------------------------------------------------------------------------------
2025-06-15 16:49:40     Total time               :	11 s

                      ------------------------------------------------------------------------------
2025-06-15 16:49:40   

                      ------------------------------------------------------------------------------
2025-06-15 16:49:40     Calculation 4 (Frequency: 29 GHz, Theta: 0, Phi: 0)


                      ------------------------------------------------------------------------------
2025-06-15 16:49:51     Matrix setup time        :	0 s
                        Solver setup             :	9 s
                        Degrees of freedom       :	246674
                        Number of mesh cells     :	38317

                        Stimulation port         :	Zmin
                        Mode number              :	1
                        Accuracy                 :	1.87284e-14
                        Iterations               :	1
                        Solver time              :	0 s


                      ------------------------------------------------------------------------------
2025-06-15 16:49:51     Total time               :	11 s

                      ------------------------------------------------------------------------------
2025-06-15 16:49:51   

                      ------------------------------------------------------------------------------
2025-06-15 16:49:51     Calculation 5 (Frequency: 24.152 GHz, Theta: 0, Phi: 0)


                      ------------------------------------------------------------------------------
2025-06-15 16:50:01     Matrix setup time        :	0 s
                        Solver setup             :	9 s
                        Degrees of freedom       :	246674
                        Number of mesh cells     :	38317

                        Stimulation port         :	Zmin
                        Mode number              :	1
                        Accuracy                 :	3.79994e-14
                        Iterations               :	1
                        Solver time              :	0 s


                      ------------------------------------------------------------------------------
2025-06-15 16:50:02     Total time               :	10 s

                      ------------------------------------------------------------------------------
2025-06-15 16:50:02   

                      ------------------------------------------------------------------------------
2025-06-15 16:50:02     Calculation 6 (Frequency: 27.368 GHz, Theta: 0, Phi: 0)


                      ------------------------------------------------------------------------------
2025-06-15 16:50:13     Matrix setup time        :	0 s
                        Solver setup             :	10 s
                        Degrees of freedom       :	246674
                        Number of mesh cells     :	38317

                        Stimulation port         :	Zmin
                        Mode number              :	1
                        Accuracy                 :	2.24279e-14
                        Iterations               :	1
                        Solver time              :	0 s


                      ------------------------------------------------------------------------------
2025-06-15 16:50:13     Total time               :	11 s

                      ------------------------------------------------------------------------------
2025-06-15 16:50:13   

                      ------------------------------------------------------------------------------
2025-06-15 16:50:13     Calculation 7 (Frequency: 25.064 GHz, Theta: 0, Phi: 0)


                      ------------------------------------------------------------------------------
2025-06-15 16:50:24     Matrix setup time        :	0 s
                        Solver setup             :	9 s
                        Degrees of freedom       :	246674
                        Number of mesh cells     :	38317

                        Stimulation port         :	Zmin
                        Mode number              :	1
                        Accuracy                 :	3.17408e-14
                        Iterations               :	1
                        Solver time              :	0 s


                      ------------------------------------------------------------------------------
2025-06-15 16:50:24     Total time               :	10 s

                      ------------------------------------------------------------------------------
2025-06-15 16:50:24   

                      ------------------------------------------------------------------------------
2025-06-15 16:50:24     Calculation 8 (Frequency: 23.168 GHz, Theta: 0, Phi: 0)


                      ------------------------------------------------------------------------------
2025-06-15 16:50:35     Matrix setup time        :	0 s
                        Solver setup             :	9 s
                        Degrees of freedom       :	246674
                        Number of mesh cells     :	38317

                        Stimulation port         :	Zmin
                        Mode number              :	1
                        Accuracy                 :	2.59249e-14
                        Iterations               :	1
                        Solver time              :	0 s


                      ------------------------------------------------------------------------------
2025-06-15 16:50:35     Total time               :	10 s

                      ------------------------------------------------------------------------------
2025-06-15 16:50:35   

                      ------------------------------------------------------------------------------
2025-06-15 16:50:35     Calculation 9 (Frequency: 31.1 GHz, Theta: 0, Phi: 0)


                      ------------------------------------------------------------------------------
2025-06-15 16:50:46     Matrix setup time        :	0 s
                        Solver setup             :	9 s
                        Degrees of freedom       :	246674
                        Number of mesh cells     :	38317

                        Stimulation port         :	Zmin
                        Mode number              :	1
                        Accuracy                 :	2.69676e-14
                        Iterations               :	1
                        Solver time              :	0 s


                      ------------------------------------------------------------------------------
2025-06-15 16:50:46     Total time               :	10 s

                      ------------------------------------------------------------------------------
2025-06-15 16:50:46   

                      ------------------------------------------------------------------------------
2025-06-15 16:50:46     Calculation 10 (Frequency: 26.696 GHz, Theta: 0, Phi: 0)


                      ------------------------------------------------------------------------------
2025-06-15 16:50:57     Matrix setup time        :	0 s
                        Solver setup             :	10 s
                        Degrees of freedom       :	246674
                        Number of mesh cells     :	38317

                        Stimulation port         :	Zmin
                        Mode number              :	1
                        Accuracy                 :	2.34531e-14
                        Iterations               :	1
                        Solver time              :	0 s


                      ------------------------------------------------------------------------------
2025-06-15 16:50:57     Total time               :	11 s

                      ------------------------------------------------------------------------------
2025-06-15 16:50:57   

                      ------------------------------------------------------------------------------
2025-06-15 16:50:57     Calculation 11 (Frequency: 25.436 GHz, Theta: 0, Phi: 0)


                      ------------------------------------------------------------------------------
2025-06-15 16:51:08     Matrix setup time        :	0 s
                        Solver setup             :	9 s
                        Degrees of freedom       :	246674
                        Number of mesh cells     :	38317

                        Stimulation port         :	Zmin
                        Mode number              :	1
                        Accuracy                 :	2.73813e-14
                        Iterations               :	1
                        Solver time              :	0 s


                      ------------------------------------------------------------------------------
2025-06-15 16:51:08     Total time               :	10 s

                      ------------------------------------------------------------------------------
2025-06-15 16:51:08   

                      ------------------------------------------------------------------------------
2025-06-15 16:51:08     Calculation 12 (Frequency: 26.288 GHz, Theta: 0, Phi: 0)


                      ------------------------------------------------------------------------------
2025-06-15 16:51:19     Matrix setup time        :	0 s
                        Solver setup             :	9 s
                        Degrees of freedom       :	246674
                        Number of mesh cells     :	38317

                        Stimulation port         :	Zmin
                        Mode number              :	1
                        Accuracy                 :	2.6622e-14
                        Iterations               :	1
                        Solver time              :	0 s


                      ------------------------------------------------------------------------------
2025-06-15 16:51:19     Total time               :	10 s

                      ------------------------------------------------------------------------------
2025-06-15 16:51:19   

                      ------------------------------------------------------------------------------
2025-06-15 16:51:19     Calculation 13 (Frequency: 24.62 GHz, Theta: 0, Phi: 0)


                      ------------------------------------------------------------------------------
2025-06-15 16:51:30     Matrix setup time        :	0 s
                        Solver setup             :	9 s
                        Degrees of freedom       :	246674
                        Number of mesh cells     :	38317

                        Stimulation port         :	Zmin
                        Mode number              :	1
                        Accuracy                 :	2.75734e-14
                        Iterations               :	1
                        Solver time              :	0 s


                      ------------------------------------------------------------------------------
2025-06-15 16:51:30     Total time               :	10 s

                      ------------------------------------------------------------------------------
2025-06-15 16:51:30   

                      ------------------------------------------------------------------------------
2025-06-15 16:51:30     Calculation 14 (Frequency: 26.684 GHz, Theta: 0, Phi: 0)


                      ------------------------------------------------------------------------------
2025-06-15 16:51:40     Matrix setup time        :	0 s
                        Solver setup             :	9 s
                        Degrees of freedom       :	246674
                        Number of mesh cells     :	38317

                        Stimulation port         :	Zmin
                        Mode number              :	1
                        Accuracy                 :	2.33877e-14
                        Iterations               :	1
                        Solver time              :	0 s


                      ------------------------------------------------------------------------------
2025-06-15 16:51:41     Total time               :	10 s

                      ------------------------------------------------------------------------------
2025-06-15 16:51:41   

                      ------------------------------------------------------------------------------
2025-06-15 16:51:41     Calculation 15 (Frequency: 25.64 GHz, Theta: 0, Phi: 0)


                      ------------------------------------------------------------------------------
2025-06-15 16:51:51     Matrix setup time        :	0 s
                        Solver setup             :	9 s
                        Degrees of freedom       :	246674
                        Number of mesh cells     :	38317

                        Stimulation port         :	Zmin
                        Mode number              :	1
                        Accuracy                 :	2.8119e-14
                        Iterations               :	1
                        Solver time              :	0 s


                      ------------------------------------------------------------------------------
2025-06-15 16:51:51     Total time               :	10 s

                      ------------------------------------------------------------------------------
2025-06-15 16:51:51   

                      ------------------------------------------------------------------------------
2025-06-15 16:51:51     Calculation 16 (Frequency: 31.568 GHz, Theta: 0, Phi: 0)


                      ------------------------------------------------------------------------------
2025-06-15 16:52:02     Matrix setup time        :	0 s
                        Solver setup             :	9 s
                        Degrees of freedom       :	246674
                        Number of mesh cells     :	38317

                        Stimulation port         :	Zmin
                        Mode number              :	1
                        Accuracy                 :	1.68902e-14
                        Iterations               :	1
                        Solver time              :	0 s


                      ------------------------------------------------------------------------------
2025-06-15 16:52:02     Total time               :	10 s

                      ------------------------------------------------------------------------------
2025-06-15 16:52:02   

                      ------------------------------------------------------------------------------
2025-06-15 16:52:02     Calculation 17 (Frequency: 30.524 GHz, Theta: 0, Phi: 0)


                      ------------------------------------------------------------------------------
2025-06-15 16:52:13     Matrix setup time        :	0 s
                        Solver setup             :	9 s
                        Degrees of freedom       :	246674
                        Number of mesh cells     :	38317

                        Stimulation port         :	Zmin
                        Mode number              :	1
                        Accuracy                 :	2.61733e-14
                        Iterations               :	1
                        Solver time              :	0 s


                      ------------------------------------------------------------------------------
2025-06-15 16:52:13     Total time               :	10 s

                      ------------------------------------------------------------------------------
2025-06-15 16:52:13   

                      ------------------------------------------------------------------------------
2025-06-15 16:52:13     Calculation 18 (Frequency: 28.472 GHz, Theta: 0, Phi: 0)


                      ------------------------------------------------------------------------------
2025-06-15 16:52:24     Matrix setup time        :	0 s
                        Solver setup             :	10 s
                        Degrees of freedom       :	246674
                        Number of mesh cells     :	38317

                        Stimulation port         :	Zmin
                        Mode number              :	1
                        Accuracy                 :	2.25138e-14
                        Iterations               :	1
                        Solver time              :	0 s


                      ------------------------------------------------------------------------------
2025-06-15 16:52:25     Total time               :	11 s

                      ------------------------------------------------------------------------------
2025-06-15 16:52:25   

                      ------------------------------------------------------------------------------
2025-06-15 16:52:25     Calculation 19 (Frequency: 29.876 GHz, Theta: 0, Phi: 0)


                      ------------------------------------------------------------------------------
2025-06-15 16:52:36     Matrix setup time        :	0 s
                        Solver setup             :	10 s
                        Degrees of freedom       :	246674
                        Number of mesh cells     :	38317

                        Stimulation port         :	Zmin
                        Mode number              :	1
                        Accuracy                 :	2.87425e-14
                        Iterations               :	1
                        Solver time              :	0 s


                      ------------------------------------------------------------------------------
2025-06-15 16:52:36     Total time               :	11 s

                      ------------------------------------------------------------------------------
2025-06-15 16:52:36   

                      ------------------------------------------------------------------------------
2025-06-15 16:52:36     Calculation 20 (Frequency: 22.592 GHz, Theta: 0, Phi: 0)


                      ------------------------------------------------------------------------------
2025-06-15 16:52:48     Matrix setup time        :	0 s
                        Solver setup             :	11 s
                        Degrees of freedom       :	246674
                        Number of mesh cells     :	38317

                        Stimulation port         :	Zmin
                        Mode number              :	1
                        Accuracy                 :	1.52551e-14
                        Iterations               :	1
                        Solver time              :	0 s


                      ------------------------------------------------------------------------------
2025-06-15 16:52:48     Total time               :	12 s

                      ------------------------------------------------------------------------------
2025-06-15 16:52:48   

                      ------------------------------------------------------------------------------
2025-06-15 16:52:48     Calculation 21 (Frequency: 30.644 GHz, Theta: 0, Phi: 0)


                      ------------------------------------------------------------------------------
2025-06-15 16:53:01     Matrix setup time        :	0 s
                        Solver setup             :	11 s
                        Degrees of freedom       :	246674
                        Number of mesh cells     :	38317

                        Stimulation port         :	Zmin
                        Mode number              :	1
                        Accuracy                 :	1.97233e-14
                        Iterations               :	1
                        Solver time              :	0 s


                      ------------------------------------------------------------------------------
2025-06-15 16:53:01     Total time               :	12 s

                      ------------------------------------------------------------------------------
2025-06-15 16:53:01   

                      ------------------------------------------------------------------------------
2025-06-15 16:53:01     Calculation 22 (Frequency: 22.088 GHz, Theta: 0, Phi: 0)


                      ------------------------------------------------------------------------------
2025-06-15 16:53:13     Matrix setup time        :	0 s
                        Solver setup             :	10 s
                        Degrees of freedom       :	246674
                        Number of mesh cells     :	38317

                        Stimulation port         :	Zmin
                        Mode number              :	1
                        Accuracy                 :	1.42014e-14
                        Iterations               :	1
                        Solver time              :	0 s


                      ------------------------------------------------------------------------------
2025-06-15 16:53:13     Total time               :	11 s

                      ------------------------------------------------------------------------------
2025-06-15 16:53:13   

                      ------------------------------------------------------------------------------
2025-06-15 16:53:13     Calculation 23 (Frequency: 23.912 GHz, Theta: 0, Phi: 0)


                      ------------------------------------------------------------------------------
2025-06-15 16:53:25     Matrix setup time        :	0 s
                        Solver setup             :	11 s
                        Degrees of freedom       :	246674
                        Number of mesh cells     :	38317

                        Stimulation port         :	Zmin
                        Mode number              :	1
                        Accuracy                 :	2.49633e-14
                        Iterations               :	1
                        Solver time              :	0 s


                      ------------------------------------------------------------------------------
2025-06-15 16:53:25     Total time               :	12 s

                      ------------------------------------------------------------------------------
2025-06-15 16:53:25   

                      ------------------------------------------------------------------------------
2025-06-15 16:53:25     Calculation 24 (Frequency: 21.056 GHz, Theta: 0, Phi: 0)


                      ------------------------------------------------------------------------------
2025-06-15 16:53:37     Matrix setup time        :	0 s
                        Solver setup             :	11 s
                        Degrees of freedom       :	246674
                        Number of mesh cells     :	38317

                        Stimulation port         :	Zmin
                        Mode number              :	1
                        Accuracy                 :	2.20755e-14
                        Iterations               :	1
                        Solver time              :	0 s


                      ------------------------------------------------------------------------------
2025-06-15 16:53:37     Total time               :	12 s

                      ------------------------------------------------------------------------------
2025-06-15 16:53:37   

                      ------------------------------------------------------------------------------
2025-06-15 16:53:37     Calculation 25 (Frequency: 24.056 GHz, Theta: 0, Phi: 0)


                      ------------------------------------------------------------------------------
2025-06-15 16:53:48     Matrix setup time        :	0 s
                        Solver setup             :	10 s
                        Degrees of freedom       :	246674
                        Number of mesh cells     :	38317

                        Stimulation port         :	Zmin
                        Mode number              :	1
                        Accuracy                 :	2.48193e-14
                        Iterations               :	1
                        Solver time              :	0 s


                      ------------------------------------------------------------------------------
2025-06-15 16:53:49     Total time               :	10 s

                      ------------------------------------------------------------------------------
2025-06-15 16:53:49   

                      ------------------------------------------------------------------------------
2025-06-15 16:53:49     Calculation 26 (Frequency: 23.648 GHz, Theta: 0, Phi: 0)


                      ------------------------------------------------------------------------------
2025-06-15 16:54:00     Matrix setup time        :	0 s
                        Solver setup             :	10 s
                        Degrees of freedom       :	246674
                        Number of mesh cells     :	38317

                        Stimulation port         :	Zmin
                        Mode number              :	1
                        Accuracy                 :	2.79567e-14
                        Iterations               :	1
                        Solver time              :	0 s


                      ------------------------------------------------------------------------------
2025-06-15 16:54:00     Total time               :	11 s

                      ------------------------------------------------------------------------------
2025-06-15 16:54:00   

                      ------------------------------------------------------------------------------
2025-06-15 16:54:00     Calculation 27 (Frequency: 31.892 GHz, Theta: 0, Phi: 0)


                      ------------------------------------------------------------------------------
2025-06-15 16:54:11     Matrix setup time        :	0 s
                        Solver setup             :	10 s
                        Degrees of freedom       :	246674
                        Number of mesh cells     :	38317

                        Stimulation port         :	Zmin
                        Mode number              :	1
                        Accuracy                 :	2.90192e-14
                        Iterations               :	1
                        Solver time              :	0 s


                      ------------------------------------------------------------------------------
2025-06-15 16:54:11     Total time               :	11 s

                      ------------------------------------------------------------------------------
2025-06-15 16:54:11   

                      ------------------------------------------------------------------------------
2025-06-15 16:54:11     Calculation 28 (Frequency: 20.468 GHz, Theta: 0, Phi: 0)


                      ------------------------------------------------------------------------------
2025-06-15 16:54:22     Matrix setup time        :	0 s
                        Solver setup             :	10 s
                        Degrees of freedom       :	246674
                        Number of mesh cells     :	38317

                        Stimulation port         :	Zmin
                        Mode number              :	1
                        Accuracy                 :	2.01018e-14
                        Iterations               :	1
                        Solver time              :	0 s


                      ------------------------------------------------------------------------------
2025-06-15 16:54:22     Total time               :	11 s

                      ------------------------------------------------------------------------------
2025-06-15 16:54:22   

                      ------------------------------------------------------------------------------
2025-06-15 16:54:22     Calculation 29 (Frequency: 21.392 GHz, Theta: 0, Phi: 0)


                      ------------------------------------------------------------------------------
2025-06-15 16:54:33     Matrix setup time        :	0 s
                        Solver setup             :	10 s
                        Degrees of freedom       :	246674
                        Number of mesh cells     :	38317

                        Stimulation port         :	Zmin
                        Mode number              :	1
                        Accuracy                 :	1.81304e-14
                        Iterations               :	1
                        Solver time              :	0 s


                      ------------------------------------------------------------------------------
2025-06-15 16:54:33     Total time               :	11 s

                      ------------------------------------------------------------------------------
2025-06-15 16:54:33   

                      ------------------------------------------------------------------------------
2025-06-15 16:54:33     Calculation 30 (Frequency: 20.204 GHz, Theta: 0, Phi: 0)


                      ------------------------------------------------------------------------------
2025-06-15 16:54:44     Matrix setup time        :	0 s
                        Solver setup             :	10 s
                        Degrees of freedom       :	246674
                        Number of mesh cells     :	38317

                        Stimulation port         :	Zmin
                        Mode number              :	1
                        Accuracy                 :	2.59217e-14
                        Iterations               :	1
                        Solver time              :	0 s


                      ------------------------------------------------------------------------------
2025-06-15 16:54:45     Total time               :	11 s

                      ------------------------------------------------------------------------------
2025-06-15 16:54:45   

                      ------------------------------------------------------------------------------
2025-06-15 16:54:45     Calculation 31 (Frequency: 21.56 GHz, Theta: 0, Phi: 0)


                      ------------------------------------------------------------------------------
2025-06-15 16:54:55     Matrix setup time        :	0 s
                        Solver setup             :	10 s
                        Degrees of freedom       :	246674
                        Number of mesh cells     :	38317

                        Stimulation port         :	Zmin
                        Mode number              :	1
                        Accuracy                 :	1.5506e-14
                        Iterations               :	1
                        Solver time              :	0 s


                      ------------------------------------------------------------------------------
2025-06-15 16:54:56     Total time               :	10 s

                      ------------------------------------------------------------------------------
2025-06-15 16:54:56   

                      ------------------------------------------------------------------------------
2025-06-15 16:54:56     Calculation 32 (Frequency: 20.96 GHz, Theta: 0, Phi: 0)


                      ------------------------------------------------------------------------------
2025-06-15 16:55:07     Matrix setup time        :	0 s
                        Solver setup             :	10 s
                        Degrees of freedom       :	246674
                        Number of mesh cells     :	38317

                        Stimulation port         :	Zmin
                        Mode number              :	1
                        Accuracy                 :	2.62099e-14
                        Iterations               :	1
                        Solver time              :	0 s


                      ------------------------------------------------------------------------------
2025-06-15 16:55:07     Total time               :	11 s

                      ------------------------------------------------------------------------------
2025-06-15 16:55:07   

                      ------------------------------------------------------------------------------
2025-06-15 16:55:07     Calculation 33 (Frequency: 28.016 GHz, Theta: 0, Phi: 0)


                      ------------------------------------------------------------------------------
2025-06-15 16:55:18     Matrix setup time        :	0 s
                        Solver setup             :	10 s
                        Degrees of freedom       :	246674
                        Number of mesh cells     :	38317

                        Stimulation port         :	Zmin
                        Mode number              :	1
                        Accuracy                 :	3.03855e-14
                        Iterations               :	1
                        Solver time              :	0 s


                      ------------------------------------------------------------------------------
2025-06-15 16:55:18     Total time               :	11 s

                      ------------------------------------------------------------------------------
2025-06-15 16:55:18   

                      ------------------------------------------------------------------------------
2025-06-15 16:55:18     Calculation 34 (Frequency: 28.676 GHz, Theta: 0, Phi: 0)


                      ------------------------------------------------------------------------------
2025-06-15 16:55:29     Matrix setup time        :	0 s
                        Solver setup             :	10 s
                        Degrees of freedom       :	246674
                        Number of mesh cells     :	38317

                        Stimulation port         :	Zmin
                        Mode number              :	1
                        Accuracy                 :	3.36925e-14
                        Iterations               :	1
                        Solver time              :	0 s


                      ------------------------------------------------------------------------------
2025-06-15 16:55:29     Total time               :	11 s

                      ------------------------------------------------------------------------------
2025-06-15 16:55:29   

                      ------------------------------------------------------------------------------
2025-06-15 16:55:29     Calculation 35 (Frequency: 29.48 GHz, Theta: 0, Phi: 0)


                      ------------------------------------------------------------------------------
2025-06-15 16:55:40     Matrix setup time        :	0 s
                        Solver setup             :	10 s
                        Degrees of freedom       :	246674
                        Number of mesh cells     :	38317

                        Stimulation port         :	Zmin
                        Mode number              :	1
                        Accuracy                 :	2.39037e-14
                        Iterations               :	1
                        Solver time              :	0 s


                      ------------------------------------------------------------------------------
2025-06-15 16:55:41     Total time               :	11 s

                      ------------------------------------------------------------------------------
2025-06-15 16:55:41   

                      ------------------------------------------------------------------------------
2025-06-15 16:55:41     Calculation 36 (Frequency: 29.996 GHz, Theta: 0, Phi: 0)


                      ------------------------------------------------------------------------------
2025-06-15 16:55:51     Matrix setup time        :	0 s
                        Solver setup             :	10 s
                        Degrees of freedom       :	246674
                        Number of mesh cells     :	38317

                        Stimulation port         :	Zmin
                        Mode number              :	1
                        Accuracy                 :	1.98131e-14
                        Iterations               :	1
                        Solver time              :	0 s


                      ------------------------------------------------------------------------------
2025-06-15 16:55:52     Total time               :	11 s

                      ------------------------------------------------------------------------------
2025-06-15 16:55:52   

                      ------------------------------------------------------------------------------
2025-06-15 16:55:52     Calculation 37 (Frequency: 29.768 GHz, Theta: 0, Phi: 0)


                      ------------------------------------------------------------------------------
2025-06-15 16:56:03     Matrix setup time        :	0 s
                        Solver setup             :	10 s
                        Degrees of freedom       :	246674
                        Number of mesh cells     :	38317

                        Stimulation port         :	Zmin
                        Mode number              :	1
                        Accuracy                 :	3.63441e-14
                        Iterations               :	1
                        Solver time              :	0 s


                      ------------------------------------------------------------------------------
2025-06-15 16:56:03     Total time               :	10 s

                      ------------------------------------------------------------------------------
2025-06-15 16:56:03   

                      ------------------------------------------------------------------------------
2025-06-15 16:56:03     Calculation 38 (Frequency: 30.212 GHz, Theta: 0, Phi: 0)


                      ------------------------------------------------------------------------------
2025-06-15 16:56:14     Matrix setup time        :	0 s
                        Solver setup             :	10 s
                        Degrees of freedom       :	246674
                        Number of mesh cells     :	38317

                        Stimulation port         :	Zmin
                        Mode number              :	1
                        Accuracy                 :	3.67811e-14
                        Iterations               :	1
                        Solver time              :	0 s


                      ------------------------------------------------------------------------------
2025-06-15 16:56:14     Total time               :	11 s

                      ------------------------------------------------------------------------------
2025-06-15 16:56:14   

                      ------------------------------------------------------------------------------
2025-06-15 16:56:14     Calculation 39 (Frequency: 27.716 GHz, Theta: 0, Phi: 0)


                      ------------------------------------------------------------------------------
2025-06-15 16:56:25     Matrix setup time        :	0 s
                        Solver setup             :	10 s
                        Degrees of freedom       :	246674
                        Number of mesh cells     :	38317

                        Stimulation port         :	Zmin
                        Mode number              :	1
                        Accuracy                 :	2.79747e-14
                        Iterations               :	1
                        Solver time              :	0 s


                      ------------------------------------------------------------------------------
2025-06-15 16:56:25     Total time               :	10 s

                      ------------------------------------------------------------------------------
2025-06-15 16:56:25   

                      ------------------------------------------------------------------------------
2025-06-15 16:56:25     Calculation 40 (Frequency: 27.176 GHz, Theta: 0, Phi: 0)


                      ------------------------------------------------------------------------------
2025-06-15 16:56:36     Matrix setup time        :	0 s
                        Solver setup             :	10 s
                        Degrees of freedom       :	246674
                        Number of mesh cells     :	38317

                        Stimulation port         :	Zmin
                        Mode number              :	1
                        Accuracy                 :	3.49925e-14
                        Iterations               :	1
                        Solver time              :	0 s


                      ------------------------------------------------------------------------------
2025-06-15 16:56:37     Total time               :	11 s

                      ------------------------------------------------------------------------------
2025-06-15 16:56:37   

                      ------------------------------------------------------------------------------
2025-06-15 16:56:37     Calculation 41 (Frequency: 20.768 GHz, Theta: 0, Phi: 0)


                      ------------------------------------------------------------------------------
2025-06-15 16:56:47     Matrix setup time        :	0 s
                        Solver setup             :	10 s
                        Degrees of freedom       :	246674
                        Number of mesh cells     :	38317

                        Stimulation port         :	Zmin
                        Mode number              :	1
                        Accuracy                 :	2.4848e-14
                        Iterations               :	1
                        Solver time              :	0 s


                      ------------------------------------------------------------------------------
2025-06-15 16:56:48     Total time               :	11 s

                      ------------------------------------------------------------------------------
2025-06-15 16:56:48   

                      ------------------------------------------------------------------------------
2025-06-15 16:56:48   Finished the general purpose interpolative broadband frequency sweep:
                      All broadband sweep convergence criteria have been satisfied after
                      calculating 41 frequency samples:

                        Broadband sweep error threshold value :  0.01 (All S-Parameters) 
                        Number of error criterion checks      :  2 (All S-Parameters) 
                        Minimum number of samples             :  3
                        Number of data samples, linear        :  1001

                      ------------------------------------------------------------------------------
2025-06-15 16:56:48     Number of mesh cells     :	38317
                        Degrees of freedom       :	245000
                        Total Solver Time        :	503 s	 (= 0 h, 08 m, 23 s)
                      ================================================================================



                      ------------------------------------------------------------------------------
2025-06-15 16:56:48     ----------------------------------------------------------------------------
                                            Peak memory used (kB)         Free physical memory (kB) 
                                                                          At begin     Minimum      
                        ----------------------------------------------------------------------------
                        Solver start        21952                         8073008      8072828      
                        Eq. system setup    4489376                       8067136      6831420      
                        Eq. system solve    4489376                       8017964      3421840      
                        Mesh refinement     2353112                       7832664      7589320      
                        Solver run total    4489376                       8073012      3421840      

                        Computer name       Tahsin
                        ----------------------------------------------------------------------------


                      ------------------------------------------------------------------------------
2025-06-15 16:56:48   Running postprocessing.

                      ------------------------------------------------------------------------------
2025-06-15 16:56:49   Postprocessing finished.

                      ------------------------------------------------------------------------------
