2025-04-13 12:53:01   *** Warning ***

                      Electric isotropic material [Copper (pure)] has a very high conductivity for
                      the given mesh. Depending on your configuration it may be better to use a lossy
                      metal type for this material. More...

                      ------------------------------------------------------------------------------
2025-04-13 12:53:01   In order to get an optimal performance, hyperthreading is ignored for parallel
                      computations.

                      ------------------------------------------------------------------------------
2025-04-13 12:53:03   Units settings: 

                        Dimensions: mm
                        Frequency:  GHz
                        Time:       s

                      ------------------------------------------------------------------------------
2025-04-13 12:53:03   Boundary conditions: 

                        YZsymmetry: none
                        XZsymmetry: none
                        XYsymmetry: none

                        Xmin: unit cell
                        Xmax: unit cell

                        Ymin: unit cell
                        Ymax: unit cell

                        Zmin: expanded open
                        Zmax: expanded open

                      ------------------------------------------------------------------------------
2025-04-13 12:53:03   Order settings: 

                        Solver order   : 2nd (constant)
                        Curved elements: up to order 3 (automatic)

                      ------------------------------------------------------------------------------
2025-04-13 12:53:03   An iterative solver will be used first.

                      ------------------------------------------------------------------------------
2025-04-13 12:53:03     Mesh time                :	1 s


                      ------------------------------------------------------------------------------
2025-04-13 12:53:03   
                      ================================================================================
                      Frequency Domain Solver calculation cycle started

                      ------------------------------------------------------------------------------
2025-04-13 12:53:03   Solver started at: 2025-04-13 12:53:03 +0600

                        Module:  Frequency Domain: S-Parameter (Win 64)
                        Version: 2024.1 Release from 2023-10-16 (change 1181985)

                      ------------------------------------------------------------------------------
2025-04-13 12:53:03   The low frequency stabilization is not applied to periodic problems.

                      ------------------------------------------------------------------------------
2025-04-13 12:53:03     Calculation 1 of 1 (Frequency: 32 GHz, Theta: 0, Phi: 0)


                      ------------------------------------------------------------------------------
2025-04-13 12:53:03   The wavelength based mesh refinement has been applied to 4.9% of all mesh edges.

                      ------------------------------------------------------------------------------
2025-04-13 12:53:03   For some elements the curvature had to be reduced to maintain the quality of the mesh. More...

                      ------------------------------------------------------------------------------
2025-04-13 12:53:03   Adaptive mesh refinement pass 1

                      ------------------------------------------------------------------------------
2025-04-13 12:53:09   *** Warning ***

2025-04-13 12:53:09   Detected possible stagnation of the iterative solver (5.057706e-02 after 250 iterations.)
                      Please consider aborting the solver run, and check your simulation setup.  More...

                      ------------------------------------------------------------------------------
2025-04-13 12:53:15   *** Warning ***

2025-04-13 12:53:15   The solver stopped because the maximum number of iterations (500, used for automatic solver choice) has been reached.

                      ------------------------------------------------------------------------------
2025-04-13 12:53:15   Solving again, but with the direct solver. Please consider forcing the direct solver in the solver special settings, and
                      check your simulation setup (for instance source and material definitions.)

                      ------------------------------------------------------------------------------
2025-04-13 12:53:16     Matrix setup time        :	0 s
                        Degrees of freedom       :	36582
                        Number of mesh cells     :	5577

                        Stimulation port         :	Zmin
                        Mode number              :	1
                        Accuracy                 :	7.45153e-14
                        Iterations               :	1
                        Solver time              :	0 s


                      ------------------------------------------------------------------------------
2025-04-13 12:53:16   26% of all mesh edges seem to be longer than expected. The adaptive mesh refinement's growth limitation will therefore 
                      use 14523 instead of 3729 mesh cells as a reference.

                      ------------------------------------------------------------------------------
2025-04-13 12:53:16   The wavelength based mesh refinement has been applied to 0.1% of all mesh edges.

                      ------------------------------------------------------------------------------
2025-04-13 12:53:17   For some elements the curvature had to be reduced to maintain the quality of the mesh. More...

                      ------------------------------------------------------------------------------
2025-04-13 12:53:17   Adaptive mesh refinement pass 2

                      ------------------------------------------------------------------------------
2025-04-13 12:53:19     Matrix setup time        :	0 s
                        Solver setup             :	1 s
                        Degrees of freedom       :	75316
                        Number of mesh cells     :	11664

                        Stimulation port         :	Zmin
                        Mode number              :	1
                        Accuracy                 :	4.18146e-14
                        Iterations               :	1
                        Solver time              :	0 s


                      ------------------------------------------------------------------------------
2025-04-13 12:53:19     Delta calculation        
2025-04-13 12:53:19     All S-Parameters         :	0.0138188
2025-04-13 12:53:19   

                      ------------------------------------------------------------------------------
2025-04-13 12:53:19   The wavelength based mesh refinement has been applied to 0.1% of all mesh edges.

                      ------------------------------------------------------------------------------
2025-04-13 12:53:20   For some elements the curvature had to be slightly reduced to maintain the quality of the mesh. More...

                      ------------------------------------------------------------------------------
2025-04-13 12:53:20   Adaptive mesh refinement pass 3

                      ------------------------------------------------------------------------------
2025-04-13 12:53:25     Matrix setup time        :	0 s
                        Solver setup             :	3 s
                        Degrees of freedom       :	129528
                        Number of mesh cells     :	20145

                        Stimulation port         :	Zmin
                        Mode number              :	1
                        Accuracy                 :	3.08292e-14
                        Iterations               :	1
                        Solver time              :	0 s


                      ------------------------------------------------------------------------------
2025-04-13 12:53:25     Delta calculation        
2025-04-13 12:53:25     All S-Parameters         :	0.0125535
2025-04-13 12:53:25   

                      ------------------------------------------------------------------------------
2025-04-13 12:53:25   Mesh adaptation terminated because the desired accuracy limit is reached.

                      ------------------------------------------------------------------------------
2025-04-13 12:53:25   *** Warning ***

2025-04-13 12:53:25   At least one propagating Floquet mode is not considered at port Zmin. Please increase the number of modes at this port. 
                      More...

                      ------------------------------------------------------------------------------
2025-04-13 12:53:25   *** Warning ***

2025-04-13 12:53:25   At least one propagating Floquet mode is not considered at port Zmax. Please increase the number of modes at this port. 
                      More...

                      ------------------------------------------------------------------------------
2025-04-13 12:53:25     Total time               :	21 s

                      ------------------------------------------------------------------------------
2025-04-13 12:53:25   

                      ------------------------------------------------------------------------------
2025-04-13 12:53:25     Calculation 2 (Frequency: 20 GHz, Theta: 0, Phi: 0)


                      ------------------------------------------------------------------------------
2025-04-13 12:53:28     Matrix setup time        :	0 s
                        Solver setup             :	2 s
                        Degrees of freedom       :	129528
                        Number of mesh cells     :	20145

                        Stimulation port         :	Zmin
                        Mode number              :	1
                        Accuracy                 :	3.9787e-14
                        Iterations               :	1
                        Solver time              :	0 s


                      ------------------------------------------------------------------------------
2025-04-13 12:53:28     Total time               :	3 s

                      ------------------------------------------------------------------------------
2025-04-13 12:53:28   

                      ------------------------------------------------------------------------------
2025-04-13 12:53:28     Calculation 3 (Frequency: 26 GHz, Theta: 0, Phi: 0)


                      ------------------------------------------------------------------------------
2025-04-13 12:53:31     Matrix setup time        :	0 s
                        Solver setup             :	2 s
                        Degrees of freedom       :	129528
                        Number of mesh cells     :	20145

                        Stimulation port         :	Zmin
                        Mode number              :	1
                        Accuracy                 :	2.78561e-14
                        Iterations               :	1
                        Solver time              :	0 s


                      ------------------------------------------------------------------------------
2025-04-13 12:53:31     Total time               :	3 s

                      ------------------------------------------------------------------------------
2025-04-13 12:53:31   

                      ------------------------------------------------------------------------------
2025-04-13 12:53:31     Calculation 4 (Frequency: 29 GHz, Theta: 0, Phi: 0)


                      ------------------------------------------------------------------------------
2025-04-13 12:53:35     Matrix setup time        :	0 s
                        Solver setup             :	2 s
                        Degrees of freedom       :	129528
                        Number of mesh cells     :	20145

                        Stimulation port         :	Zmin
                        Mode number              :	1
                        Accuracy                 :	4.57326e-14
                        Iterations               :	1
                        Solver time              :	0 s


                      ------------------------------------------------------------------------------
2025-04-13 12:53:35     Total time               :	3 s

                      ------------------------------------------------------------------------------
2025-04-13 12:53:35   

                      ------------------------------------------------------------------------------
2025-04-13 12:53:35     Calculation 5 (Frequency: 23.348 GHz, Theta: 0, Phi: 0)


                      ------------------------------------------------------------------------------
2025-04-13 12:53:38     Matrix setup time        :	0 s
                        Solver setup             :	2 s
                        Degrees of freedom       :	129528
                        Number of mesh cells     :	20145

                        Stimulation port         :	Zmin
                        Mode number              :	1
                        Accuracy                 :	3.28754e-14
                        Iterations               :	1
                        Solver time              :	0 s


                      ------------------------------------------------------------------------------
2025-04-13 12:53:38     Total time               :	3 s

                      ------------------------------------------------------------------------------
2025-04-13 12:53:38   

                      ------------------------------------------------------------------------------
2025-04-13 12:53:38     Calculation 6 (Frequency: 27.392 GHz, Theta: 0, Phi: 0)


                      ------------------------------------------------------------------------------
2025-04-13 12:53:41     Matrix setup time        :	0 s
                        Solver setup             :	2 s
                        Degrees of freedom       :	129528
                        Number of mesh cells     :	20145

                        Stimulation port         :	Zmin
                        Mode number              :	1
                        Accuracy                 :	3.46569e-14
                        Iterations               :	1
                        Solver time              :	0 s


                      ------------------------------------------------------------------------------
2025-04-13 12:53:41     Total time               :	3 s

                      ------------------------------------------------------------------------------
2025-04-13 12:53:41   

                      ------------------------------------------------------------------------------
2025-04-13 12:53:41     Calculation 7 (Frequency: 24.608 GHz, Theta: 0, Phi: 0)


                      ------------------------------------------------------------------------------
2025-04-13 12:53:44     Matrix setup time        :	0 s
                        Solver setup             :	2 s
                        Degrees of freedom       :	129528
                        Number of mesh cells     :	20145

                        Stimulation port         :	Zmin
                        Mode number              :	1
                        Accuracy                 :	3.96018e-14
                        Iterations               :	1
                        Solver time              :	0 s


                      ------------------------------------------------------------------------------
2025-04-13 12:53:44     Total time               :	3 s

                      ------------------------------------------------------------------------------
2025-04-13 12:53:44   

                      ------------------------------------------------------------------------------
2025-04-13 12:53:44     Calculation 8 (Frequency: 27.824 GHz, Theta: 0, Phi: 0)


                      ------------------------------------------------------------------------------
2025-04-13 12:53:47     Matrix setup time        :	0 s
                        Solver setup             :	2 s
                        Degrees of freedom       :	129528
                        Number of mesh cells     :	20145

                        Stimulation port         :	Zmin
                        Mode number              :	1
                        Accuracy                 :	3.66796e-14
                        Iterations               :	1
                        Solver time              :	0 s


                      ------------------------------------------------------------------------------
2025-04-13 12:53:47     Total time               :	3 s

                      ------------------------------------------------------------------------------
2025-04-13 12:53:47   

                      ------------------------------------------------------------------------------
2025-04-13 12:53:47     Calculation 9 (Frequency: 30.104 GHz, Theta: 0, Phi: 0)


                      ------------------------------------------------------------------------------
2025-04-13 12:53:51     Matrix setup time        :	0 s
                        Solver setup             :	2 s
                        Degrees of freedom       :	129528
                        Number of mesh cells     :	20145

                        Stimulation port         :	Zmin
                        Mode number              :	1
                        Accuracy                 :	4.03832e-14
                        Iterations               :	1
                        Solver time              :	0 s


                      ------------------------------------------------------------------------------
2025-04-13 12:53:51     Total time               :	3 s

                      ------------------------------------------------------------------------------
2025-04-13 12:53:51   

                      ------------------------------------------------------------------------------
2025-04-13 12:53:51     Calculation 10 (Frequency: 28.304 GHz, Theta: 0, Phi: 0)


                      ------------------------------------------------------------------------------
2025-04-13 12:53:54     Matrix setup time        :	0 s
                        Solver setup             :	2 s
                        Degrees of freedom       :	129528
                        Number of mesh cells     :	20145

                        Stimulation port         :	Zmin
                        Mode number              :	1
                        Accuracy                 :	3.97011e-14
                        Iterations               :	1
                        Solver time              :	0 s


                      ------------------------------------------------------------------------------
2025-04-13 12:53:54     Total time               :	3 s

                      ------------------------------------------------------------------------------
2025-04-13 12:53:54   

                      ------------------------------------------------------------------------------
2025-04-13 12:53:54     Calculation 11 (Frequency: 30.38 GHz, Theta: 0, Phi: 0)


                      ------------------------------------------------------------------------------
2025-04-13 12:53:57     Matrix setup time        :	0 s
                        Solver setup             :	2 s
                        Degrees of freedom       :	129528
                        Number of mesh cells     :	20145

                        Stimulation port         :	Zmin
                        Mode number              :	1
                        Accuracy                 :	3.73316e-14
                        Iterations               :	1
                        Solver time              :	0 s


                      ------------------------------------------------------------------------------
2025-04-13 12:53:57     Total time               :	3 s

                      ------------------------------------------------------------------------------
2025-04-13 12:53:57   

                      ------------------------------------------------------------------------------
2025-04-13 12:53:57     Calculation 12 (Frequency: 28.628 GHz, Theta: 0, Phi: 0)


                      ------------------------------------------------------------------------------
2025-04-13 12:54:00     Matrix setup time        :	0 s
                        Solver setup             :	2 s
                        Degrees of freedom       :	129528
                        Number of mesh cells     :	20145

                        Stimulation port         :	Zmin
                        Mode number              :	1
                        Accuracy                 :	4.18757e-14
                        Iterations               :	1
                        Solver time              :	0 s


                      ------------------------------------------------------------------------------
2025-04-13 12:54:00     Total time               :	3 s

                      ------------------------------------------------------------------------------
2025-04-13 12:54:00   

                      ------------------------------------------------------------------------------
2025-04-13 12:54:00     Calculation 13 (Frequency: 26.744 GHz, Theta: 0, Phi: 0)


                      ------------------------------------------------------------------------------
2025-04-13 12:54:04     Matrix setup time        :	0 s
                        Solver setup             :	2 s
                        Degrees of freedom       :	129528
                        Number of mesh cells     :	20145

                        Stimulation port         :	Zmin
                        Mode number              :	1
                        Accuracy                 :	3.24679e-14
                        Iterations               :	1
                        Solver time              :	0 s


                      ------------------------------------------------------------------------------
2025-04-13 12:54:04     Total time               :	3 s

                      ------------------------------------------------------------------------------
2025-04-13 12:54:04   

                      ------------------------------------------------------------------------------
2025-04-13 12:54:04     Calculation 14 (Frequency: 31.04 GHz, Theta: 0, Phi: 0)


                      ------------------------------------------------------------------------------
2025-04-13 12:54:07     Matrix setup time        :	0 s
                        Solver setup             :	2 s
                        Degrees of freedom       :	129528
                        Number of mesh cells     :	20145

                        Stimulation port         :	Zmin
                        Mode number              :	1
                        Accuracy                 :	3.5342e-14
                        Iterations               :	1
                        Solver time              :	0 s


                      ------------------------------------------------------------------------------
2025-04-13 12:54:07     Total time               :	3 s

                      ------------------------------------------------------------------------------
2025-04-13 12:54:07   

                      ------------------------------------------------------------------------------
2025-04-13 12:54:07     Calculation 15 (Frequency: 26.516 GHz, Theta: 0, Phi: 0)


                      ------------------------------------------------------------------------------
2025-04-13 12:54:10     Matrix setup time        :	0 s
                        Solver setup             :	2 s
                        Degrees of freedom       :	129528
                        Number of mesh cells     :	20145

                        Stimulation port         :	Zmin
                        Mode number              :	1
                        Accuracy                 :	4.02887e-14
                        Iterations               :	1
                        Solver time              :	0 s


                      ------------------------------------------------------------------------------
2025-04-13 12:54:10     Total time               :	3 s

                      ------------------------------------------------------------------------------
2025-04-13 12:54:10   

                      ------------------------------------------------------------------------------
2025-04-13 12:54:10     Calculation 16 (Frequency: 30.716 GHz, Theta: 0, Phi: 0)


                      ------------------------------------------------------------------------------
2025-04-13 12:54:14     Matrix setup time        :	0 s
                        Solver setup             :	2 s
                        Degrees of freedom       :	129528
                        Number of mesh cells     :	20145

                        Stimulation port         :	Zmin
                        Mode number              :	1
                        Accuracy                 :	3.34665e-14
                        Iterations               :	1
                        Solver time              :	0 s


                      ------------------------------------------------------------------------------
2025-04-13 12:54:14     Total time               :	3 s

                      ------------------------------------------------------------------------------
2025-04-13 12:54:14   

                      ------------------------------------------------------------------------------
2025-04-13 12:54:14     Calculation 17 (Frequency: 31.364 GHz, Theta: 0, Phi: 0)


                      ------------------------------------------------------------------------------
2025-04-13 12:54:17     Matrix setup time        :	0 s
                        Solver setup             :	2 s
                        Degrees of freedom       :	129528
                        Number of mesh cells     :	20145

                        Stimulation port         :	Zmin
                        Mode number              :	1
                        Accuracy                 :	4.03929e-14
                        Iterations               :	1
                        Solver time              :	0 s


                      ------------------------------------------------------------------------------
2025-04-13 12:54:17     Total time               :	3 s

                      ------------------------------------------------------------------------------
2025-04-13 12:54:17   

                      ------------------------------------------------------------------------------
2025-04-13 12:54:17     Calculation 18 (Frequency: 29.396 GHz, Theta: 0, Phi: 0)


                      ------------------------------------------------------------------------------
2025-04-13 12:54:20     Matrix setup time        :	0 s
                        Solver setup             :	2 s
                        Degrees of freedom       :	129528
                        Number of mesh cells     :	20145

                        Stimulation port         :	Zmin
                        Mode number              :	1
                        Accuracy                 :	4.36701e-14
                        Iterations               :	1
                        Solver time              :	0 s


                      ------------------------------------------------------------------------------
2025-04-13 12:54:21     Total time               :	3 s

                      ------------------------------------------------------------------------------
2025-04-13 12:54:21   

                      ------------------------------------------------------------------------------
2025-04-13 12:54:21     Calculation 19 (Frequency: 28.868 GHz, Theta: 0, Phi: 0)


                      ------------------------------------------------------------------------------
2025-04-13 12:54:24     Matrix setup time        :	0 s
                        Solver setup             :	2 s
                        Degrees of freedom       :	129528
                        Number of mesh cells     :	20145

                        Stimulation port         :	Zmin
                        Mode number              :	1
                        Accuracy                 :	4.76281e-14
                        Iterations               :	1
                        Solver time              :	0 s


                      ------------------------------------------------------------------------------
2025-04-13 12:54:24     Total time               :	3 s

                      ------------------------------------------------------------------------------
2025-04-13 12:54:24   

                      ------------------------------------------------------------------------------
2025-04-13 12:54:24     Calculation 20 (Frequency: 21.764 GHz, Theta: 0, Phi: 0)


                      ------------------------------------------------------------------------------
2025-04-13 12:54:27     Matrix setup time        :	0 s
                        Solver setup             :	2 s
                        Degrees of freedom       :	129528
                        Number of mesh cells     :	20145

                        Stimulation port         :	Zmin
                        Mode number              :	1
                        Accuracy                 :	6.04576e-14
                        Iterations               :	1
                        Solver time              :	0 s


                      ------------------------------------------------------------------------------
2025-04-13 12:54:27     Total time               :	3 s

                      ------------------------------------------------------------------------------
2025-04-13 12:54:27   

                      ------------------------------------------------------------------------------
2025-04-13 12:54:27     Calculation 21 (Frequency: 23.876 GHz, Theta: 0, Phi: 0)


                      ------------------------------------------------------------------------------
2025-04-13 12:54:31     Matrix setup time        :	0 s
                        Solver setup             :	2 s
                        Degrees of freedom       :	129528
                        Number of mesh cells     :	20145

                        Stimulation port         :	Zmin
                        Mode number              :	1
                        Accuracy                 :	3.64678e-14
                        Iterations               :	1
                        Solver time              :	0 s


                      ------------------------------------------------------------------------------
2025-04-13 12:54:31     Total time               :	3 s

                      ------------------------------------------------------------------------------
2025-04-13 12:54:31   

                      ------------------------------------------------------------------------------
2025-04-13 12:54:31     Calculation 22 (Frequency: 21.692 GHz, Theta: 0, Phi: 0)


                      ------------------------------------------------------------------------------
2025-04-13 12:54:34     Matrix setup time        :	0 s
                        Solver setup             :	2 s
                        Degrees of freedom       :	129528
                        Number of mesh cells     :	20145

                        Stimulation port         :	Zmin
                        Mode number              :	1
                        Accuracy                 :	5.71116e-14
                        Iterations               :	1
                        Solver time              :	0 s


                      ------------------------------------------------------------------------------
2025-04-13 12:54:34     Total time               :	3 s

                      ------------------------------------------------------------------------------
2025-04-13 12:54:34   

                      ------------------------------------------------------------------------------
2025-04-13 12:54:34     Calculation 23 (Frequency: 21.896 GHz, Theta: 0, Phi: 0)


                      ------------------------------------------------------------------------------
2025-04-13 12:54:38     Matrix setup time        :	0 s
                        Solver setup             :	2 s
                        Degrees of freedom       :	129528
                        Number of mesh cells     :	20145

                        Stimulation port         :	Zmin
                        Mode number              :	1
                        Accuracy                 :	5.88137e-14
                        Iterations               :	1
                        Solver time              :	0 s


                      ------------------------------------------------------------------------------
2025-04-13 12:54:38     Total time               :	3 s

                      ------------------------------------------------------------------------------
2025-04-13 12:54:38   

                      ------------------------------------------------------------------------------
2025-04-13 12:54:38     Calculation 24 (Frequency: 21.524 GHz, Theta: 0, Phi: 0)


                      ------------------------------------------------------------------------------
2025-04-13 12:54:41     Matrix setup time        :	0 s
                        Solver setup             :	2 s
                        Degrees of freedom       :	129528
                        Number of mesh cells     :	20145

                        Stimulation port         :	Zmin
                        Mode number              :	1
                        Accuracy                 :	5.94589e-14
                        Iterations               :	1
                        Solver time              :	0 s


                      ------------------------------------------------------------------------------
2025-04-13 12:54:41     Total time               :	3 s

                      ------------------------------------------------------------------------------
2025-04-13 12:54:41   

                      ------------------------------------------------------------------------------
2025-04-13 12:54:41     Calculation 25 (Frequency: 22.184 GHz, Theta: 0, Phi: 0)


                      ------------------------------------------------------------------------------
2025-04-13 12:54:45     Matrix setup time        :	0 s
                        Solver setup             :	2 s
                        Degrees of freedom       :	129528
                        Number of mesh cells     :	20145

                        Stimulation port         :	Zmin
                        Mode number              :	1
                        Accuracy                 :	5.70847e-14
                        Iterations               :	1
                        Solver time              :	0 s


                      ------------------------------------------------------------------------------
2025-04-13 12:54:45     Total time               :	3 s

                      ------------------------------------------------------------------------------
2025-04-13 12:54:45   

                      ------------------------------------------------------------------------------
2025-04-13 12:54:45     Calculation 26 (Frequency: 23.72 GHz, Theta: 0, Phi: 0)


                      ------------------------------------------------------------------------------
2025-04-13 12:54:48     Matrix setup time        :	0 s
                        Solver setup             :	2 s
                        Degrees of freedom       :	129528
                        Number of mesh cells     :	20145

                        Stimulation port         :	Zmin
                        Mode number              :	1
                        Accuracy                 :	4.41947e-14
                        Iterations               :	1
                        Solver time              :	0 s


                      ------------------------------------------------------------------------------
2025-04-13 12:54:48     Total time               :	3 s

                      ------------------------------------------------------------------------------
2025-04-13 12:54:48   

                      ------------------------------------------------------------------------------
2025-04-13 12:54:48     Calculation 27 (Frequency: 20.516 GHz, Theta: 0, Phi: 0)


                      ------------------------------------------------------------------------------
2025-04-13 12:54:52     Matrix setup time        :	0 s
                        Solver setup             :	2 s
                        Degrees of freedom       :	129528
                        Number of mesh cells     :	20145

                        Stimulation port         :	Zmin
                        Mode number              :	1
                        Accuracy                 :	4.04327e-14
                        Iterations               :	1
                        Solver time              :	0 s


                      ------------------------------------------------------------------------------
2025-04-13 12:54:52     Total time               :	3 s

                      ------------------------------------------------------------------------------
2025-04-13 12:54:52   

                      ------------------------------------------------------------------------------
2025-04-13 12:54:52     Calculation 28 (Frequency: 25.112 GHz, Theta: 0, Phi: 0)


                      ------------------------------------------------------------------------------
2025-04-13 12:54:55     Matrix setup time        :	0 s
                        Solver setup             :	2 s
                        Degrees of freedom       :	129528
                        Number of mesh cells     :	20145

                        Stimulation port         :	Zmin
                        Mode number              :	1
                        Accuracy                 :	3.96429e-14
                        Iterations               :	1
                        Solver time              :	0 s


                      ------------------------------------------------------------------------------
2025-04-13 12:54:55     Total time               :	3 s

                      ------------------------------------------------------------------------------
2025-04-13 12:54:55   

                      ------------------------------------------------------------------------------
2025-04-13 12:54:55     Calculation 29 (Frequency: 24.392 GHz, Theta: 0, Phi: 0)


                      ------------------------------------------------------------------------------
2025-04-13 12:54:59     Matrix setup time        :	0 s
                        Solver setup             :	2 s
                        Degrees of freedom       :	129528
                        Number of mesh cells     :	20145

                        Stimulation port         :	Zmin
                        Mode number              :	1
                        Accuracy                 :	2.24406e-14
                        Iterations               :	1
                        Solver time              :	0 s


                      ------------------------------------------------------------------------------
2025-04-13 12:54:59     Total time               :	3 s

                      ------------------------------------------------------------------------------
2025-04-13 12:54:59   

                      ------------------------------------------------------------------------------
2025-04-13 12:54:59   Finished the general purpose interpolative broadband frequency sweep:
                      All broadband sweep convergence criteria have been satisfied after
                      calculating 29 frequency samples:

                        Broadband sweep error threshold value :  0.01 (All S-Parameters) 
                        Number of error criterion checks      :  2 (All S-Parameters) 
                        Minimum number of samples             :  3
                        Number of data samples, linear        :  1001

                      ------------------------------------------------------------------------------
2025-04-13 12:54:59     Number of mesh cells     :	20145
                        Degrees of freedom       :	128538
                        Total Solver Time        :	116 s	 (= 0 h, 01 m, 56 s)
                      ================================================================================



                      ------------------------------------------------------------------------------
2025-04-13 12:54:59     ----------------------------------------------------------------------------
                                            Peak memory used (kB)         Free physical memory (kB) 
                                                                          At begin     Minimum      
                        ----------------------------------------------------------------------------
                        Solver start        21692                         6627100      6627100      
                        Eq. system setup    2277904                       6611344      5860268      
                        Eq. system solve    2277904                       6566404      4423160      
                        Mesh refinement     1139676                       6387432      6291696      
                        Solver run total    2277904                       6627104      4423160      

                        Computer name       Tahsin
                        ----------------------------------------------------------------------------


                      ------------------------------------------------------------------------------
2025-04-13 12:54:59   Running postprocessing.

                      ------------------------------------------------------------------------------
2025-04-13 12:54:59   Postprocessing finished.

                      ------------------------------------------------------------------------------
