2025-04-13 22:41:17   *** Warning ***

                      Electric isotropic material [Copper (pure)] has a very high conductivity for
                      the given mesh. Depending on your configuration it may be better to use a lossy
                      metal type for this material. More...

                      ------------------------------------------------------------------------------
2025-04-13 22:41:17   In order to get an optimal performance, hyperthreading is ignored for parallel
                      computations.

                      ------------------------------------------------------------------------------
2025-04-13 22:41:19   Units settings: 

                        Dimensions: mm
                        Frequency:  GHz
                        Time:       s

                      ------------------------------------------------------------------------------
2025-04-13 22:41:19   Boundary conditions: 

                        YZsymmetry: none
                        XZsymmetry: none
                        XYsymmetry: none

                        Xmin: unit cell
                        Xmax: unit cell

                        Ymin: unit cell
                        Ymax: unit cell

                        Zmin: expanded open
                        Zmax: expanded open

                      ------------------------------------------------------------------------------
2025-04-13 22:41:19   Order settings: 

                        Solver order   : 2nd (constant)
                        Curved elements: up to order 3 (automatic)

                      ------------------------------------------------------------------------------
2025-04-13 22:41:19   An iterative solver will be used first.

                      ------------------------------------------------------------------------------
2025-04-13 22:41:19     Mesh time                :	1 s


                      ------------------------------------------------------------------------------
2025-04-13 22:41:19   
                      ================================================================================
                      Frequency Domain Solver calculation cycle started

                      ------------------------------------------------------------------------------
2025-04-13 22:41:19   Solver started at: 2025-04-13 22:41:19 +0800

                        Module:  Frequency Domain: S-Parameter (Win 64)
                        Version: 2024.1 Release from 2023-10-16 (change 1181985)

                      ------------------------------------------------------------------------------
2025-04-13 22:41:19   The low frequency stabilization is not applied to periodic problems.

                      ------------------------------------------------------------------------------
2025-04-13 22:41:19     Calculation 1 of 1 (Frequency: 32 GHz, Theta: 0, Phi: 0)


                      ------------------------------------------------------------------------------
2025-04-13 22:41:19   The wavelength based mesh refinement has been applied to 5.5% of all mesh edges.

                      ------------------------------------------------------------------------------
2025-04-13 22:41:20   For some elements the curvature had to be reduced to maintain the quality of the mesh. More...

                      ------------------------------------------------------------------------------
2025-04-13 22:41:20   Adaptive mesh refinement pass 1

                      ------------------------------------------------------------------------------
2025-04-13 22:41:26   *** Warning ***

2025-04-13 22:41:26   Detected possible stagnation of the iterative solver (3.412667e-02 after 250 iterations.)
                      Please consider aborting the solver run, and check your simulation setup.  More...

                      ------------------------------------------------------------------------------
2025-04-13 22:41:32   *** Warning ***

2025-04-13 22:41:32   The solver stopped because the maximum number of iterations (500, used for automatic solver choice) has been reached.

                      ------------------------------------------------------------------------------
2025-04-13 22:41:32   Solving again, but with the direct solver. Please consider forcing the direct solver in the solver special settings, and
                      check your simulation setup (for instance source and material definitions.)

                      ------------------------------------------------------------------------------
2025-04-13 22:41:33     Matrix setup time        :	0 s
                        Degrees of freedom       :	35814
                        Number of mesh cells     :	5455

                        Stimulation port         :	Zmin
                        Mode number              :	1
                        Accuracy                 :	7.80847e-14
                        Iterations               :	1
                        Solver time              :	0 s


                      ------------------------------------------------------------------------------
2025-04-13 22:41:33   27% of all mesh edges seem to be longer than expected. The adaptive mesh refinement's growth limitation will therefore 
                      use 14377 instead of 3564 mesh cells as a reference.

                      ------------------------------------------------------------------------------
2025-04-13 22:41:33   The wavelength based mesh refinement has been applied to 0.2% of all mesh edges.

                      ------------------------------------------------------------------------------
2025-04-13 22:41:34   Adaptive mesh refinement pass 2

                      ------------------------------------------------------------------------------
2025-04-13 22:41:36     Matrix setup time        :	0 s
                        Solver setup             :	2 s
                        Degrees of freedom       :	77058
                        Number of mesh cells     :	11936

                        Stimulation port         :	Zmin
                        Mode number              :	1
                        Accuracy                 :	3.7756e-14
                        Iterations               :	1
                        Solver time              :	0 s


                      ------------------------------------------------------------------------------
2025-04-13 22:41:36     Delta calculation        
2025-04-13 22:41:36     All S-Parameters         :	0.0259078
2025-04-13 22:41:36   

                      ------------------------------------------------------------------------------
2025-04-13 22:41:36   The input reflection seems to be large at 32 GHz, Theta: 0, Phi: 0. The adaptive mesh refinement at this sample will be 
                      stopped. A new mesh adaptation frequency has been added at 26 GHz.  More...

                      ------------------------------------------------------------------------------
2025-04-13 22:41:36   *** Warning ***

2025-04-13 22:41:36   At least one propagating Floquet mode is not considered at port Zmin. Please increase the number of modes at this port. 
                      More...

                      ------------------------------------------------------------------------------
2025-04-13 22:41:36   *** Warning ***

2025-04-13 22:41:36   At least one propagating Floquet mode is not considered at port Zmax. Please increase the number of modes at this port. 
                      More...

                      ------------------------------------------------------------------------------
2025-04-13 22:41:36     Total time               :	16 s

                      ------------------------------------------------------------------------------
2025-04-13 22:41:36   

                      ------------------------------------------------------------------------------
2025-04-13 22:41:36     Calculation 2 of 2 (Frequency: 26 GHz, Theta: 0, Phi: 0)


                      ------------------------------------------------------------------------------
2025-04-13 22:41:36   Adaptive mesh refinement pass 1

                      ------------------------------------------------------------------------------
2025-04-13 22:41:38     Matrix setup time        :	0 s
                        Solver setup             :	1 s
                        Degrees of freedom       :	77058
                        Number of mesh cells     :	11936

                        Stimulation port         :	Zmin
                        Mode number              :	1
                        Accuracy                 :	4.67232e-14
                        Iterations               :	1
                        Solver time              :	0 s


                      ------------------------------------------------------------------------------
2025-04-13 22:41:39   For some elements the curvature had to be reduced to maintain the quality of the mesh. More...

                      ------------------------------------------------------------------------------
2025-04-13 22:41:39   Adaptive mesh refinement pass 2

                      ------------------------------------------------------------------------------
2025-04-13 22:41:44     Matrix setup time        :	0 s
                        Solver setup             :	3 s
                        Degrees of freedom       :	119550
                        Number of mesh cells     :	18598

                        Stimulation port         :	Zmin
                        Mode number              :	1
                        Accuracy                 :	2.82521e-14
                        Iterations               :	1
                        Solver time              :	0 s


                      ------------------------------------------------------------------------------
2025-04-13 22:41:44     Delta calculation        
2025-04-13 22:41:44     All S-Parameters         :	0.0427057
2025-04-13 22:41:44   

                      ------------------------------------------------------------------------------
2025-04-13 22:41:46   Adaptive mesh refinement pass 3

                      ------------------------------------------------------------------------------
2025-04-13 22:41:55     Matrix setup time        :	0 s
                        Solver setup             :	8 s
                        Degrees of freedom       :	191136
                        Number of mesh cells     :	29760

                        Stimulation port         :	Zmin
                        Mode number              :	1
                        Accuracy                 :	2.6545e-14
                        Iterations               :	1
                        Solver time              :	0 s


                      ------------------------------------------------------------------------------
2025-04-13 22:41:55     Delta calculation        
2025-04-13 22:41:55     All S-Parameters         :	0.0302269
2025-04-13 22:41:55   

                      ------------------------------------------------------------------------------
2025-04-13 22:41:58   Adaptive mesh refinement pass 4

                      ------------------------------------------------------------------------------
2025-04-13 22:42:12     Matrix setup time        :	1 s
                        Solver setup             :	12 s
                        Degrees of freedom       :	296420
                        Number of mesh cells     :	46161

                        Stimulation port         :	Zmin
                        Mode number              :	1
                        Accuracy                 :	2.11641e-14
                        Iterations               :	1
                        Solver time              :	0 s


                      ------------------------------------------------------------------------------
2025-04-13 22:42:13     Delta calculation        
2025-04-13 22:42:13     All S-Parameters         :	0.0248848
2025-04-13 22:42:13   

                      ------------------------------------------------------------------------------
2025-04-13 22:42:17   Adaptive mesh refinement pass 5

                      ------------------------------------------------------------------------------
2025-04-13 22:42:43     Matrix setup time        :	1 s
                        Solver setup             :	24 s
                        Degrees of freedom       :	415604
                        Number of mesh cells     :	64751

                        Stimulation port         :	Zmin
                        Mode number              :	1
                        Accuracy                 :	1.95547e-14
                        Iterations               :	1
                        Solver time              :	0 s


                      ------------------------------------------------------------------------------
2025-04-13 22:42:43     Delta calculation        
2025-04-13 22:42:43     All S-Parameters         :	0.0120107
2025-04-13 22:42:43   

                      ------------------------------------------------------------------------------
2025-04-13 22:42:43   Mesh adaptation terminated because the desired accuracy limit is reached.

                      ------------------------------------------------------------------------------
2025-04-13 22:42:43     Total time               :	66 s	 (= 0 h, 01 m, 06 s)

                      ------------------------------------------------------------------------------
2025-04-13 22:42:43   

                      ------------------------------------------------------------------------------
2025-04-13 22:42:44     Calculation 1 (Frequency: 32 GHz, Theta: 0, Phi: 0)


                      ------------------------------------------------------------------------------
2025-04-13 22:43:05     Matrix setup time        :	0 s
                        Solver setup             :	20 s
                        Degrees of freedom       :	415604
                        Number of mesh cells     :	64751

                        Stimulation port         :	Zmin
                        Mode number              :	1
                        Accuracy                 :	2.90399e-14
                        Iterations               :	1
                        Solver time              :	0 s


                      ------------------------------------------------------------------------------
2025-04-13 22:43:06     Total time               :	21 s

                      ------------------------------------------------------------------------------
2025-04-13 22:43:06   

                      ------------------------------------------------------------------------------
2025-04-13 22:43:06     Calculation 3 (Frequency: 20 GHz, Theta: 0, Phi: 0)


                      ------------------------------------------------------------------------------
2025-04-13 22:43:27     Matrix setup time        :	0 s
                        Solver setup             :	20 s
                        Degrees of freedom       :	415604
                        Number of mesh cells     :	64751

                        Stimulation port         :	Zmin
                        Mode number              :	1
                        Accuracy                 :	3.75845e-14
                        Iterations               :	1
                        Solver time              :	0 s


                      ------------------------------------------------------------------------------
2025-04-13 22:43:28     Total time               :	22 s

                      ------------------------------------------------------------------------------
2025-04-13 22:43:28   

                      ------------------------------------------------------------------------------
2025-04-13 22:43:28     Calculation 4 (Frequency: 29 GHz, Theta: 0, Phi: 0)


                      ------------------------------------------------------------------------------
2025-04-13 22:43:50     Matrix setup time        :	0 s
                        Solver setup             :	20 s
                        Degrees of freedom       :	415604
                        Number of mesh cells     :	64751

                        Stimulation port         :	Zmin
                        Mode number              :	1
                        Accuracy                 :	4.15632e-14
                        Iterations               :	1
                        Solver time              :	0 s


                      ------------------------------------------------------------------------------
2025-04-13 22:43:50     Total time               :	22 s

                      ------------------------------------------------------------------------------
2025-04-13 22:43:50   

                      ------------------------------------------------------------------------------
2025-04-13 22:43:50     Calculation 5 (Frequency: 23.768 GHz, Theta: 0, Phi: 0)


                      ------------------------------------------------------------------------------
2025-04-13 22:44:12     Matrix setup time        :	0 s
                        Solver setup             :	20 s
                        Degrees of freedom       :	415604
                        Number of mesh cells     :	64751

                        Stimulation port         :	Zmin
                        Mode number              :	1
                        Accuracy                 :	5.42905e-14
                        Iterations               :	1
                        Solver time              :	0 s


                      ------------------------------------------------------------------------------
2025-04-13 22:44:13     Total time               :	22 s

                      ------------------------------------------------------------------------------
2025-04-13 22:44:13   

                      ------------------------------------------------------------------------------
2025-04-13 22:44:13     Calculation 6 (Frequency: 27.068 GHz, Theta: 0, Phi: 0)


                      ------------------------------------------------------------------------------
2025-04-13 22:44:35     Matrix setup time        :	0 s
                        Solver setup             :	20 s
                        Degrees of freedom       :	415604
                        Number of mesh cells     :	64751

                        Stimulation port         :	Zmin
                        Mode number              :	1
                        Accuracy                 :	3.80983e-14
                        Iterations               :	1
                        Solver time              :	0 s


                      ------------------------------------------------------------------------------
2025-04-13 22:44:35     Total time               :	22 s

                      ------------------------------------------------------------------------------
2025-04-13 22:44:35   

                      ------------------------------------------------------------------------------
2025-04-13 22:44:35     Calculation 7 (Frequency: 24.86 GHz, Theta: 0, Phi: 0)


                      ------------------------------------------------------------------------------
2025-04-13 22:44:57     Matrix setup time        :	0 s
                        Solver setup             :	20 s
                        Degrees of freedom       :	415604
                        Number of mesh cells     :	64751

                        Stimulation port         :	Zmin
                        Mode number              :	1
                        Accuracy                 :	2.69423e-14
                        Iterations               :	1
                        Solver time              :	0 s


                      ------------------------------------------------------------------------------
2025-04-13 22:44:58     Total time               :	22 s

                      ------------------------------------------------------------------------------
2025-04-13 22:44:58   

                      ------------------------------------------------------------------------------
2025-04-13 22:44:58     Calculation 8 (Frequency: 27.824 GHz, Theta: 0, Phi: 0)


                      ------------------------------------------------------------------------------
2025-04-13 22:45:20     Matrix setup time        :	0 s
                        Solver setup             :	20 s
                        Degrees of freedom       :	415604
                        Number of mesh cells     :	64751

                        Stimulation port         :	Zmin
                        Mode number              :	1
                        Accuracy                 :	4.33494e-14
                        Iterations               :	1
                        Solver time              :	0 s


                      ------------------------------------------------------------------------------
2025-04-13 22:45:20     Total time               :	21 s

                      ------------------------------------------------------------------------------
2025-04-13 22:45:20   

                      ------------------------------------------------------------------------------
2025-04-13 22:45:20     Calculation 9 (Frequency: 21.176 GHz, Theta: 0, Phi: 0)


                      ------------------------------------------------------------------------------
2025-04-13 22:45:42     Matrix setup time        :	0 s
                        Solver setup             :	20 s
                        Degrees of freedom       :	415604
                        Number of mesh cells     :	64751

                        Stimulation port         :	Zmin
                        Mode number              :	1
                        Accuracy                 :	6.09307e-14
                        Iterations               :	1
                        Solver time              :	0 s


                      ------------------------------------------------------------------------------
2025-04-13 22:45:43     Total time               :	22 s

                      ------------------------------------------------------------------------------
2025-04-13 22:45:43   

                      ------------------------------------------------------------------------------
2025-04-13 22:45:43     Calculation 10 (Frequency: 28.004 GHz, Theta: 0, Phi: 0)


                      ------------------------------------------------------------------------------
2025-04-13 22:46:05     Matrix setup time        :	0 s
                        Solver setup             :	21 s
                        Degrees of freedom       :	415604
                        Number of mesh cells     :	64751

                        Stimulation port         :	Zmin
                        Mode number              :	1
                        Accuracy                 :	3.47875e-14
                        Iterations               :	1
                        Solver time              :	0 s


                      ------------------------------------------------------------------------------
2025-04-13 22:46:05     Total time               :	22 s

                      ------------------------------------------------------------------------------
2025-04-13 22:46:05   

                      ------------------------------------------------------------------------------
2025-04-13 22:46:05     Calculation 11 (Frequency: 20.852 GHz, Theta: 0, Phi: 0)


                      ------------------------------------------------------------------------------
2025-04-13 22:46:27     Matrix setup time        :	0 s
                        Solver setup             :	20 s
                        Degrees of freedom       :	415604
                        Number of mesh cells     :	64751

                        Stimulation port         :	Zmin
                        Mode number              :	1
                        Accuracy                 :	5.75508e-14
                        Iterations               :	1
                        Solver time              :	0 s


                      ------------------------------------------------------------------------------
2025-04-13 22:46:28     Total time               :	22 s

                      ------------------------------------------------------------------------------
2025-04-13 22:46:28   

                      ------------------------------------------------------------------------------
2025-04-13 22:46:28     Calculation 12 (Frequency: 21.944 GHz, Theta: 0, Phi: 0)


                      ------------------------------------------------------------------------------
2025-04-13 22:46:50     Matrix setup time        :	0 s
                        Solver setup             :	20 s
                        Degrees of freedom       :	415604
                        Number of mesh cells     :	64751

                        Stimulation port         :	Zmin
                        Mode number              :	1
                        Accuracy                 :	5.57875e-14
                        Iterations               :	1
                        Solver time              :	0 s


                      ------------------------------------------------------------------------------
2025-04-13 22:46:50     Total time               :	22 s

                      ------------------------------------------------------------------------------
2025-04-13 22:46:50   

                      ------------------------------------------------------------------------------
2025-04-13 22:46:50     Calculation 13 (Frequency: 29.312 GHz, Theta: 0, Phi: 0)


                      ------------------------------------------------------------------------------
2025-04-13 22:47:13     Matrix setup time        :	0 s
                        Solver setup             :	20 s
                        Degrees of freedom       :	415604
                        Number of mesh cells     :	64751

                        Stimulation port         :	Zmin
                        Mode number              :	1
                        Accuracy                 :	4.16873e-14
                        Iterations               :	1
                        Solver time              :	0 s


                      ------------------------------------------------------------------------------
2025-04-13 22:47:13     Total time               :	22 s

                      ------------------------------------------------------------------------------
2025-04-13 22:47:13   

                      ------------------------------------------------------------------------------
2025-04-13 22:47:13     Calculation 14 (Frequency: 28.76 GHz, Theta: 0, Phi: 0)


                      ------------------------------------------------------------------------------
2025-04-13 22:47:36     Matrix setup time        :	0 s
                        Solver setup             :	21 s
                        Degrees of freedom       :	415604
                        Number of mesh cells     :	64751

                        Stimulation port         :	Zmin
                        Mode number              :	1
                        Accuracy                 :	3.07065e-14
                        Iterations               :	1
                        Solver time              :	0 s


                      ------------------------------------------------------------------------------
2025-04-13 22:47:36     Total time               :	22 s

                      ------------------------------------------------------------------------------
2025-04-13 22:47:36   

                      ------------------------------------------------------------------------------
2025-04-13 22:47:36     Calculation 15 (Frequency: 26.504 GHz, Theta: 0, Phi: 0)


                      ------------------------------------------------------------------------------
2025-04-13 22:47:58     Matrix setup time        :	0 s
                        Solver setup             :	20 s
                        Degrees of freedom       :	415604
                        Number of mesh cells     :	64751

                        Stimulation port         :	Zmin
                        Mode number              :	1
                        Accuracy                 :	4.01329e-14
                        Iterations               :	1
                        Solver time              :	0 s


                      ------------------------------------------------------------------------------
2025-04-13 22:47:59     Total time               :	22 s

                      ------------------------------------------------------------------------------
2025-04-13 22:47:59   

                      ------------------------------------------------------------------------------
2025-04-13 22:47:59     Calculation 16 (Frequency: 30.68 GHz, Theta: 0, Phi: 0)


                      ------------------------------------------------------------------------------
2025-04-13 22:48:21     Matrix setup time        :	0 s
                        Solver setup             :	21 s
                        Degrees of freedom       :	415604
                        Number of mesh cells     :	64751

                        Stimulation port         :	Zmin
                        Mode number              :	1
                        Accuracy                 :	6.6534e-14
                        Iterations               :	1
                        Solver time              :	0 s


                      ------------------------------------------------------------------------------
2025-04-13 22:48:22     Total time               :	22 s

                      ------------------------------------------------------------------------------
2025-04-13 22:48:22   

                      ------------------------------------------------------------------------------
2025-04-13 22:48:22     Calculation 17 (Frequency: 20.24 GHz, Theta: 0, Phi: 0)


                      ------------------------------------------------------------------------------
2025-04-13 22:48:44     Matrix setup time        :	0 s
                        Solver setup             :	21 s
                        Degrees of freedom       :	415604
                        Number of mesh cells     :	64751

                        Stimulation port         :	Zmin
                        Mode number              :	1
                        Accuracy                 :	8.19101e-14
                        Iterations               :	1
                        Solver time              :	0 s


                      ------------------------------------------------------------------------------
2025-04-13 22:48:45     Total time               :	22 s

                      ------------------------------------------------------------------------------
2025-04-13 22:48:45   

                      ------------------------------------------------------------------------------
2025-04-13 22:48:45     Calculation 18 (Frequency: 21.548 GHz, Theta: 0, Phi: 0)


                      ------------------------------------------------------------------------------
2025-04-13 22:49:07     Matrix setup time        :	0 s
                        Solver setup             :	21 s
                        Degrees of freedom       :	415604
                        Number of mesh cells     :	64751

                        Stimulation port         :	Zmin
                        Mode number              :	1
                        Accuracy                 :	6.89081e-14
                        Iterations               :	1
                        Solver time              :	0 s


                      ------------------------------------------------------------------------------
2025-04-13 22:49:08     Total time               :	22 s

                      ------------------------------------------------------------------------------
2025-04-13 22:49:08   

                      ------------------------------------------------------------------------------
2025-04-13 22:49:08     Calculation 19 (Frequency: 22.232 GHz, Theta: 0, Phi: 0)


                      ------------------------------------------------------------------------------
2025-04-13 22:49:30     Matrix setup time        :	0 s
                        Solver setup             :	21 s
                        Degrees of freedom       :	415604
                        Number of mesh cells     :	64751

                        Stimulation port         :	Zmin
                        Mode number              :	1
                        Accuracy                 :	4.31706e-14
                        Iterations               :	1
                        Solver time              :	0 s


                      ------------------------------------------------------------------------------
2025-04-13 22:49:31     Total time               :	22 s

                      ------------------------------------------------------------------------------
2025-04-13 22:49:31   

                      ------------------------------------------------------------------------------
2025-04-13 22:49:31     Calculation 20 (Frequency: 21.8 GHz, Theta: 0, Phi: 0)


                      ------------------------------------------------------------------------------
2025-04-13 22:49:54     Matrix setup time        :	0 s
                        Solver setup             :	21 s
                        Degrees of freedom       :	415604
                        Number of mesh cells     :	64751

                        Stimulation port         :	Zmin
                        Mode number              :	1
                        Accuracy                 :	4.33088e-14
                        Iterations               :	1
                        Solver time              :	0 s


                      ------------------------------------------------------------------------------
2025-04-13 22:49:54     Total time               :	23 s

                      ------------------------------------------------------------------------------
2025-04-13 22:49:54   

                      ------------------------------------------------------------------------------
2025-04-13 22:49:54     Calculation 21 (Frequency: 22.412 GHz, Theta: 0, Phi: 0)


                      ------------------------------------------------------------------------------
2025-04-13 22:50:17     Matrix setup time        :	0 s
                        Solver setup             :	21 s
                        Degrees of freedom       :	415604
                        Number of mesh cells     :	64751

                        Stimulation port         :	Zmin
                        Mode number              :	1
                        Accuracy                 :	3.61108e-14
                        Iterations               :	1
                        Solver time              :	0 s


                      ------------------------------------------------------------------------------
2025-04-13 22:50:18     Total time               :	23 s

                      ------------------------------------------------------------------------------
2025-04-13 22:50:18   

                      ------------------------------------------------------------------------------
2025-04-13 22:50:18     Calculation 22 (Frequency: 31.34 GHz, Theta: 0, Phi: 0)


                      ------------------------------------------------------------------------------
2025-04-13 22:50:41     Matrix setup time        :	0 s
                        Solver setup             :	21 s
                        Degrees of freedom       :	415604
                        Number of mesh cells     :	64751

                        Stimulation port         :	Zmin
                        Mode number              :	1
                        Accuracy                 :	4.57582e-14
                        Iterations               :	1
                        Solver time              :	0 s


                      ------------------------------------------------------------------------------
2025-04-13 22:50:41     Total time               :	23 s

                      ------------------------------------------------------------------------------
2025-04-13 22:50:41   

                      ------------------------------------------------------------------------------
2025-04-13 22:50:41     Calculation 23 (Frequency: 23.624 GHz, Theta: 0, Phi: 0)


                      ------------------------------------------------------------------------------
2025-04-13 22:51:04     Matrix setup time        :	0 s
                        Solver setup             :	21 s
                        Degrees of freedom       :	415604
                        Number of mesh cells     :	64751

                        Stimulation port         :	Zmin
                        Mode number              :	1
                        Accuracy                 :	3.06366e-14
                        Iterations               :	1
                        Solver time              :	0 s


                      ------------------------------------------------------------------------------
2025-04-13 22:51:05     Total time               :	23 s

                      ------------------------------------------------------------------------------
2025-04-13 22:51:05   

                      ------------------------------------------------------------------------------
2025-04-13 22:51:05     Calculation 24 (Frequency: 24.008 GHz, Theta: 0, Phi: 0)


                      ------------------------------------------------------------------------------
2025-04-13 22:51:27     Matrix setup time        :	0 s
                        Solver setup             :	21 s
                        Degrees of freedom       :	415604
                        Number of mesh cells     :	64751

                        Stimulation port         :	Zmin
                        Mode number              :	1
                        Accuracy                 :	2.72517e-14
                        Iterations               :	1
                        Solver time              :	0 s


                      ------------------------------------------------------------------------------
2025-04-13 22:51:28     Total time               :	23 s

                      ------------------------------------------------------------------------------
2025-04-13 22:51:28   

                      ------------------------------------------------------------------------------
2025-04-13 22:51:28     Calculation 25 (Frequency: 25.196 GHz, Theta: 0, Phi: 0)


                      ------------------------------------------------------------------------------
2025-04-13 22:51:50     Matrix setup time        :	0 s
                        Solver setup             :	21 s
                        Degrees of freedom       :	415604
                        Number of mesh cells     :	64751

                        Stimulation port         :	Zmin
                        Mode number              :	1
                        Accuracy                 :	3.31648e-14
                        Iterations               :	1
                        Solver time              :	0 s


                      ------------------------------------------------------------------------------
2025-04-13 22:51:51     Total time               :	22 s

                      ------------------------------------------------------------------------------
2025-04-13 22:51:51   

                      ------------------------------------------------------------------------------
2025-04-13 22:51:51     Calculation 26 (Frequency: 28.34 GHz, Theta: 0, Phi: 0)


                      ------------------------------------------------------------------------------
2025-04-13 22:52:14     Matrix setup time        :	0 s
                        Solver setup             :	21 s
                        Degrees of freedom       :	415604
                        Number of mesh cells     :	64751

                        Stimulation port         :	Zmin
                        Mode number              :	1
                        Accuracy                 :	5.25489e-14
                        Iterations               :	1
                        Solver time              :	0 s


                      ------------------------------------------------------------------------------
2025-04-13 22:52:14     Total time               :	23 s

                      ------------------------------------------------------------------------------
2025-04-13 22:52:14   

                      ------------------------------------------------------------------------------
2025-04-13 22:52:14     Calculation 27 (Frequency: 29.936 GHz, Theta: 0, Phi: 0)


                      ------------------------------------------------------------------------------
2025-04-13 22:52:38     Matrix setup time        :	0 s
                        Solver setup             :	21 s
                        Degrees of freedom       :	415604
                        Number of mesh cells     :	64751

                        Stimulation port         :	Zmin
                        Mode number              :	1
                        Accuracy                 :	3.99814e-14
                        Iterations               :	1
                        Solver time              :	0 s


                      ------------------------------------------------------------------------------
2025-04-13 22:52:38     Total time               :	23 s

                      ------------------------------------------------------------------------------
2025-04-13 22:52:38   

                      ------------------------------------------------------------------------------
2025-04-13 22:52:38     Calculation 28 (Frequency: 27.5 GHz, Theta: 0, Phi: 0)


                      ------------------------------------------------------------------------------
2025-04-13 22:53:01     Matrix setup time        :	0 s
                        Solver setup             :	21 s
                        Degrees of freedom       :	415604
                        Number of mesh cells     :	64751

                        Stimulation port         :	Zmin
                        Mode number              :	1
                        Accuracy                 :	4.89025e-14
                        Iterations               :	1
                        Solver time              :	0 s


                      ------------------------------------------------------------------------------
2025-04-13 22:53:01     Total time               :	23 s

                      ------------------------------------------------------------------------------
2025-04-13 22:53:01   

                      ------------------------------------------------------------------------------
2025-04-13 22:53:01   Finished the general purpose interpolative broadband frequency sweep:
                      All broadband sweep convergence criteria have been satisfied after
                      calculating 28 frequency samples:

                        Broadband sweep error threshold value :  0.01 (All S-Parameters) 
                        Number of error criterion checks      :  2 (All S-Parameters) 
                        Minimum number of samples             :  3
                        Number of data samples, linear        :  1001

                      ------------------------------------------------------------------------------
2025-04-13 22:53:02     Number of mesh cells     :	64751
                        Degrees of freedom       :	413024
                        Total Solver Time        :	702 s	 (= 0 h, 11 m, 42 s)
                      ================================================================================



                      ------------------------------------------------------------------------------
2025-04-13 22:53:02     ----------------------------------------------------------------------------
                                            Peak memory used (kB)         Free physical memory (kB) 
                                                                          At begin     Minimum      
                        ----------------------------------------------------------------------------
                        Solver start        21756                         9027976      9027928      
                        Eq. system setup    7716820                       9009324      7695556      
                        Eq. system solve    7716820                       8962948      1793524      
                        Mesh refinement     4618420                       8818828      8194544      
                        Solver run total    7716820                       9027980      1793524      

                        Computer name       Tahsin
                        ----------------------------------------------------------------------------


                      ------------------------------------------------------------------------------
2025-04-13 22:53:02   Running postprocessing.

                      ------------------------------------------------------------------------------
2025-04-13 22:53:02   Postprocessing finished.

                      ------------------------------------------------------------------------------
