2025-04-13 11:54:41   *** Warning ***

                      Electric isotropic material [Copper (pure)] has a very high conductivity for
                      the given mesh. Depending on your configuration it may be better to use a lossy
                      metal type for this material. More...

                      ------------------------------------------------------------------------------
2025-04-13 11:54:41   In order to get an optimal performance, hyperthreading is ignored for parallel
                      computations.

                      ------------------------------------------------------------------------------
2025-04-13 11:54:43   Units settings: 

                        Dimensions: mm
                        Frequency:  GHz
                        Time:       s

                      ------------------------------------------------------------------------------
2025-04-13 11:54:43   Boundary conditions: 

                        YZsymmetry: none
                        XZsymmetry: none
                        XYsymmetry: none

                        Xmin: unit cell
                        Xmax: unit cell

                        Ymin: unit cell
                        Ymax: unit cell

                        Zmin: expanded open
                        Zmax: expanded open

                      ------------------------------------------------------------------------------
2025-04-13 11:54:43   Order settings: 

                        Solver order   : 2nd (constant)
                        Curved elements: up to order 3 (automatic)

                      ------------------------------------------------------------------------------
2025-04-13 11:54:43   An iterative solver will be used first.

                      ------------------------------------------------------------------------------
2025-04-13 11:54:43     Mesh time                :	2 s


                      ------------------------------------------------------------------------------
2025-04-13 11:54:43   
                      ================================================================================
                      Frequency Domain Solver calculation cycle started

                      ------------------------------------------------------------------------------
2025-04-13 11:54:43   Solver started at: 2025-04-13 11:54:43 +0600

                        Module:  Frequency Domain: S-Parameter (Win 64)
                        Version: 2024.1 Release from 2023-10-16 (change 1181985)

                      ------------------------------------------------------------------------------
2025-04-13 11:54:44   The low frequency stabilization is not applied to periodic problems.

                      ------------------------------------------------------------------------------
2025-04-13 11:54:44     Calculation 1 of 1 (Frequency: 32 GHz, Theta: 0, Phi: 0)


                      ------------------------------------------------------------------------------
2025-04-13 11:54:44   The wavelength based mesh refinement has been applied to 6.1% of all mesh edges.

                      ------------------------------------------------------------------------------
2025-04-13 11:54:44   For some elements the curvature had to be reduced to maintain the quality of the mesh. More...

                      ------------------------------------------------------------------------------
2025-04-13 11:54:44   Adaptive mesh refinement pass 1

                      ------------------------------------------------------------------------------
2025-04-13 11:54:51   *** Warning ***

2025-04-13 11:54:51   Detected possible stagnation of the iterative solver (4.405397e-02 after 250 iterations.)
                      Please consider aborting the solver run, and check your simulation setup.  More...

                      ------------------------------------------------------------------------------
2025-04-13 11:54:57   *** Warning ***

2025-04-13 11:54:57   The solver stopped because the maximum number of iterations (500, used for automatic solver choice) has been reached.

                      ------------------------------------------------------------------------------
2025-04-13 11:54:57   Solving again, but with the direct solver. Please consider forcing the direct solver in the solver special settings, and
                      check your simulation setup (for instance source and material definitions.)

                      ------------------------------------------------------------------------------
2025-04-13 11:54:58     Matrix setup time        :	0 s
                        Degrees of freedom       :	39062
                        Number of mesh cells     :	5963

                        Stimulation port         :	Zmin
                        Mode number              :	1
                        Accuracy                 :	7.17363e-14
                        Iterations               :	1
                        Solver time              :	0 s


                      ------------------------------------------------------------------------------
2025-04-13 11:54:58   22% of all mesh edges seem to be longer than expected. The adaptive mesh refinement's growth limitation will therefore 
                      use 14132 instead of 3775 mesh cells as a reference.

                      ------------------------------------------------------------------------------
2025-04-13 11:54:58   The wavelength based mesh refinement has been applied to 0.1% of all mesh edges.

                      ------------------------------------------------------------------------------
2025-04-13 11:54:59   Adaptive mesh refinement pass 2

                      ------------------------------------------------------------------------------
2025-04-13 11:55:02     Matrix setup time        :	0 s
                        Solver setup             :	2 s
                        Degrees of freedom       :	77788
                        Number of mesh cells     :	12046

                        Stimulation port         :	Zmin
                        Mode number              :	1
                        Accuracy                 :	3.76577e-14
                        Iterations               :	1
                        Solver time              :	0 s


                      ------------------------------------------------------------------------------
2025-04-13 11:55:02     Delta calculation        
2025-04-13 11:55:02     All S-Parameters         :	0.0125307
2025-04-13 11:55:02   

                      ------------------------------------------------------------------------------
2025-04-13 11:55:03   For some elements the curvature had to be slightly reduced to maintain the quality of the mesh. More...

                      ------------------------------------------------------------------------------
2025-04-13 11:55:03   Adaptive mesh refinement pass 3

                      ------------------------------------------------------------------------------
2025-04-13 11:55:09     Matrix setup time        :	0 s
                        Solver setup             :	4 s
                        Degrees of freedom       :	132288
                        Number of mesh cells     :	20547

                        Stimulation port         :	Zmin
                        Mode number              :	1
                        Accuracy                 :	2.35631e-14
                        Iterations               :	1
                        Solver time              :	0 s


                      ------------------------------------------------------------------------------
2025-04-13 11:55:09     Delta calculation        
2025-04-13 11:55:09     All S-Parameters         :	0.018504
2025-04-13 11:55:09   

                      ------------------------------------------------------------------------------
2025-04-13 11:55:09   Mesh adaptation terminated because the desired accuracy limit is reached.

                      ------------------------------------------------------------------------------
2025-04-13 11:55:09   *** Warning ***

2025-04-13 11:55:09   At least one propagating Floquet mode is not considered at port Zmin. Please increase the number of modes at this port. 
                      More...

                      ------------------------------------------------------------------------------
2025-04-13 11:55:09   *** Warning ***

2025-04-13 11:55:09   At least one propagating Floquet mode is not considered at port Zmax. Please increase the number of modes at this port. 
                      More...

                      ------------------------------------------------------------------------------
2025-04-13 11:55:09     Total time               :	25 s

                      ------------------------------------------------------------------------------
2025-04-13 11:55:09   

                      ------------------------------------------------------------------------------
2025-04-13 11:55:09     Calculation 2 (Frequency: 20 GHz, Theta: 0, Phi: 0)


                      ------------------------------------------------------------------------------
2025-04-13 11:55:13     Matrix setup time        :	0 s
                        Solver setup             :	3 s
                        Degrees of freedom       :	132288
                        Number of mesh cells     :	20547

                        Stimulation port         :	Zmin
                        Mode number              :	1
                        Accuracy                 :	4.71652e-14
                        Iterations               :	1
                        Solver time              :	0 s


                      ------------------------------------------------------------------------------
2025-04-13 11:55:13     Total time               :	4 s

                      ------------------------------------------------------------------------------
2025-04-13 11:55:13   

                      ------------------------------------------------------------------------------
2025-04-13 11:55:13     Calculation 3 (Frequency: 26 GHz, Theta: 0, Phi: 0)


                      ------------------------------------------------------------------------------
2025-04-13 11:55:18     Matrix setup time        :	0 s
                        Solver setup             :	3 s
                        Degrees of freedom       :	132288
                        Number of mesh cells     :	20547

                        Stimulation port         :	Zmin
                        Mode number              :	1
                        Accuracy                 :	4.24074e-14
                        Iterations               :	1
                        Solver time              :	0 s


                      ------------------------------------------------------------------------------
2025-04-13 11:55:18     Total time               :	4 s

                      ------------------------------------------------------------------------------
2025-04-13 11:55:18   

                      ------------------------------------------------------------------------------
2025-04-13 11:55:18     Calculation 4 (Frequency: 29 GHz, Theta: 0, Phi: 0)


                      ------------------------------------------------------------------------------
2025-04-13 11:55:22     Matrix setup time        :	0 s
                        Solver setup             :	3 s
                        Degrees of freedom       :	132288
                        Number of mesh cells     :	20547

                        Stimulation port         :	Zmin
                        Mode number              :	1
                        Accuracy                 :	5.0449e-14
                        Iterations               :	1
                        Solver time              :	0 s


                      ------------------------------------------------------------------------------
2025-04-13 11:55:22     Total time               :	4 s

                      ------------------------------------------------------------------------------
2025-04-13 11:55:22   

                      ------------------------------------------------------------------------------
2025-04-13 11:55:22     Calculation 5 (Frequency: 23.264 GHz, Theta: 0, Phi: 0)


                      ------------------------------------------------------------------------------
2025-04-13 11:55:26     Matrix setup time        :	0 s
                        Solver setup             :	3 s
                        Degrees of freedom       :	132288
                        Number of mesh cells     :	20547

                        Stimulation port         :	Zmin
                        Mode number              :	1
                        Accuracy                 :	3.62202e-14
                        Iterations               :	1
                        Solver time              :	0 s


                      ------------------------------------------------------------------------------
2025-04-13 11:55:26     Total time               :	4 s

                      ------------------------------------------------------------------------------
2025-04-13 11:55:26   

                      ------------------------------------------------------------------------------
2025-04-13 11:55:26     Calculation 6 (Frequency: 27.356 GHz, Theta: 0, Phi: 0)


                      ------------------------------------------------------------------------------
2025-04-13 11:55:31     Matrix setup time        :	0 s
                        Solver setup             :	3 s
                        Degrees of freedom       :	132288
                        Number of mesh cells     :	20547

                        Stimulation port         :	Zmin
                        Mode number              :	1
                        Accuracy                 :	4.00868e-14
                        Iterations               :	1
                        Solver time              :	0 s


                      ------------------------------------------------------------------------------
2025-04-13 11:55:31     Total time               :	4 s

                      ------------------------------------------------------------------------------
2025-04-13 11:55:31   

                      ------------------------------------------------------------------------------
2025-04-13 11:55:31     Calculation 7 (Frequency: 24.644 GHz, Theta: 0, Phi: 0)


                      ------------------------------------------------------------------------------
2025-04-13 11:55:35     Matrix setup time        :	0 s
                        Solver setup             :	3 s
                        Degrees of freedom       :	132288
                        Number of mesh cells     :	20547

                        Stimulation port         :	Zmin
                        Mode number              :	1
                        Accuracy                 :	2.42712e-14
                        Iterations               :	1
                        Solver time              :	0 s


                      ------------------------------------------------------------------------------
2025-04-13 11:55:35     Total time               :	4 s

                      ------------------------------------------------------------------------------
2025-04-13 11:55:35   

                      ------------------------------------------------------------------------------
2025-04-13 11:55:35     Calculation 8 (Frequency: 27.668 GHz, Theta: 0, Phi: 0)


                      ------------------------------------------------------------------------------
2025-04-13 11:55:39     Matrix setup time        :	0 s
                        Solver setup             :	3 s
                        Degrees of freedom       :	132288
                        Number of mesh cells     :	20547

                        Stimulation port         :	Zmin
                        Mode number              :	1
                        Accuracy                 :	4.24918e-14
                        Iterations               :	1
                        Solver time              :	0 s


                      ------------------------------------------------------------------------------
2025-04-13 11:55:40     Total time               :	4 s

                      ------------------------------------------------------------------------------
2025-04-13 11:55:40   

                      ------------------------------------------------------------------------------
2025-04-13 11:55:40     Calculation 9 (Frequency: 30.428 GHz, Theta: 0, Phi: 0)


                      ------------------------------------------------------------------------------
2025-04-13 11:55:44     Matrix setup time        :	0 s
                        Solver setup             :	3 s
                        Degrees of freedom       :	132288
                        Number of mesh cells     :	20547

                        Stimulation port         :	Zmin
                        Mode number              :	1
                        Accuracy                 :	5.34738e-14
                        Iterations               :	1
                        Solver time              :	0 s


                      ------------------------------------------------------------------------------
2025-04-13 11:55:44     Total time               :	4 s

                      ------------------------------------------------------------------------------
2025-04-13 11:55:44   

                      ------------------------------------------------------------------------------
2025-04-13 11:55:44     Calculation 10 (Frequency: 28.208 GHz, Theta: 0, Phi: 0)


                      ------------------------------------------------------------------------------
2025-04-13 11:55:48     Matrix setup time        :	0 s
                        Solver setup             :	3 s
                        Degrees of freedom       :	132288
                        Number of mesh cells     :	20547

                        Stimulation port         :	Zmin
                        Mode number              :	1
                        Accuracy                 :	5.59233e-14
                        Iterations               :	1
                        Solver time              :	0 s


                      ------------------------------------------------------------------------------
2025-04-13 11:55:48     Total time               :	4 s

                      ------------------------------------------------------------------------------
2025-04-13 11:55:48   

                      ------------------------------------------------------------------------------
2025-04-13 11:55:48     Calculation 11 (Frequency: 30.272 GHz, Theta: 0, Phi: 0)


                      ------------------------------------------------------------------------------
2025-04-13 11:55:52     Matrix setup time        :	0 s
                        Solver setup             :	3 s
                        Degrees of freedom       :	132288
                        Number of mesh cells     :	20547

                        Stimulation port         :	Zmin
                        Mode number              :	1
                        Accuracy                 :	4.45498e-14
                        Iterations               :	1
                        Solver time              :	0 s


                      ------------------------------------------------------------------------------
2025-04-13 11:55:53     Total time               :	4 s

                      ------------------------------------------------------------------------------
2025-04-13 11:55:53   

                      ------------------------------------------------------------------------------
2025-04-13 11:55:53     Calculation 12 (Frequency: 31.244 GHz, Theta: 0, Phi: 0)


                      ------------------------------------------------------------------------------
2025-04-13 11:55:57     Matrix setup time        :	0 s
                        Solver setup             :	3 s
                        Degrees of freedom       :	132288
                        Number of mesh cells     :	20547

                        Stimulation port         :	Zmin
                        Mode number              :	1
                        Accuracy                 :	3.6873e-14
                        Iterations               :	1
                        Solver time              :	0 s


                      ------------------------------------------------------------------------------
2025-04-13 11:55:57     Total time               :	4 s

                      ------------------------------------------------------------------------------
2025-04-13 11:55:57   

                      ------------------------------------------------------------------------------
2025-04-13 11:55:57     Calculation 13 (Frequency: 27.956 GHz, Theta: 0, Phi: 0)


                      ------------------------------------------------------------------------------
2025-04-13 11:56:01     Matrix setup time        :	0 s
                        Solver setup             :	3 s
                        Degrees of freedom       :	132288
                        Number of mesh cells     :	20547

                        Stimulation port         :	Zmin
                        Mode number              :	1
                        Accuracy                 :	4.75515e-14
                        Iterations               :	1
                        Solver time              :	0 s


                      ------------------------------------------------------------------------------
2025-04-13 11:56:01     Total time               :	4 s

                      ------------------------------------------------------------------------------
2025-04-13 11:56:01   

                      ------------------------------------------------------------------------------
2025-04-13 11:56:01     Calculation 14 (Frequency: 28.556 GHz, Theta: 0, Phi: 0)


                      ------------------------------------------------------------------------------
2025-04-13 11:56:06     Matrix setup time        :	0 s
                        Solver setup             :	3 s
                        Degrees of freedom       :	132288
                        Number of mesh cells     :	20547

                        Stimulation port         :	Zmin
                        Mode number              :	1
                        Accuracy                 :	4.84234e-14
                        Iterations               :	1
                        Solver time              :	0 s


                      ------------------------------------------------------------------------------
2025-04-13 11:56:06     Total time               :	4 s

                      ------------------------------------------------------------------------------
2025-04-13 11:56:06   

                      ------------------------------------------------------------------------------
2025-04-13 11:56:06     Calculation 15 (Frequency: 26.504 GHz, Theta: 0, Phi: 0)


                      ------------------------------------------------------------------------------
2025-04-13 11:56:10     Matrix setup time        :	0 s
                        Solver setup             :	3 s
                        Degrees of freedom       :	132288
                        Number of mesh cells     :	20547

                        Stimulation port         :	Zmin
                        Mode number              :	1
                        Accuracy                 :	7.08038e-14
                        Iterations               :	1
                        Solver time              :	0 s


                      ------------------------------------------------------------------------------
2025-04-13 11:56:11     Total time               :	4 s

                      ------------------------------------------------------------------------------
2025-04-13 11:56:11   

                      ------------------------------------------------------------------------------
2025-04-13 11:56:11     Calculation 16 (Frequency: 21.584 GHz, Theta: 0, Phi: 0)


                      ------------------------------------------------------------------------------
2025-04-13 11:56:15     Matrix setup time        :	0 s
                        Solver setup             :	3 s
                        Degrees of freedom       :	132288
                        Number of mesh cells     :	20547

                        Stimulation port         :	Zmin
                        Mode number              :	1
                        Accuracy                 :	5.78516e-14
                        Iterations               :	1
                        Solver time              :	0 s


                      ------------------------------------------------------------------------------
2025-04-13 11:56:15     Total time               :	4 s

                      ------------------------------------------------------------------------------
2025-04-13 11:56:15   

                      ------------------------------------------------------------------------------
2025-04-13 11:56:15     Calculation 17 (Frequency: 26.276 GHz, Theta: 0, Phi: 0)


                      ------------------------------------------------------------------------------
2025-04-13 11:56:20     Matrix setup time        :	0 s
                        Solver setup             :	4 s
                        Degrees of freedom       :	132288
                        Number of mesh cells     :	20547

                        Stimulation port         :	Zmin
                        Mode number              :	1
                        Accuracy                 :	4.95085e-14
                        Iterations               :	1
                        Solver time              :	0 s


                      ------------------------------------------------------------------------------
2025-04-13 11:56:20     Total time               :	4 s

                      ------------------------------------------------------------------------------
2025-04-13 11:56:20   

                      ------------------------------------------------------------------------------
2025-04-13 11:56:20     Calculation 18 (Frequency: 21.164 GHz, Theta: 0, Phi: 0)


                      ------------------------------------------------------------------------------
2025-04-13 11:56:25     Matrix setup time        :	0 s
                        Solver setup             :	4 s
                        Degrees of freedom       :	132288
                        Number of mesh cells     :	20547

                        Stimulation port         :	Zmin
                        Mode number              :	1
                        Accuracy                 :	4.82002e-14
                        Iterations               :	1
                        Solver time              :	0 s


                      ------------------------------------------------------------------------------
2025-04-13 11:56:25     Total time               :	4 s

                      ------------------------------------------------------------------------------
2025-04-13 11:56:25   

                      ------------------------------------------------------------------------------
2025-04-13 11:56:25     Calculation 19 (Frequency: 21.908 GHz, Theta: 0, Phi: 0)


                      ------------------------------------------------------------------------------
2025-04-13 11:56:29     Matrix setup time        :	0 s
                        Solver setup             :	3 s
                        Degrees of freedom       :	132288
                        Number of mesh cells     :	20547

                        Stimulation port         :	Zmin
                        Mode number              :	1
                        Accuracy                 :	7.08815e-14
                        Iterations               :	1
                        Solver time              :	0 s


                      ------------------------------------------------------------------------------
2025-04-13 11:56:29     Total time               :	4 s

                      ------------------------------------------------------------------------------
2025-04-13 11:56:29   

                      ------------------------------------------------------------------------------
2025-04-13 11:56:29     Calculation 20 (Frequency: 20.744 GHz, Theta: 0, Phi: 0)


                      ------------------------------------------------------------------------------
2025-04-13 11:56:34     Matrix setup time        :	0 s
                        Solver setup             :	3 s
                        Degrees of freedom       :	132288
                        Number of mesh cells     :	20547

                        Stimulation port         :	Zmin
                        Mode number              :	1
                        Accuracy                 :	4.35099e-14
                        Iterations               :	1
                        Solver time              :	0 s


                      ------------------------------------------------------------------------------
2025-04-13 11:56:34     Total time               :	4 s

                      ------------------------------------------------------------------------------
2025-04-13 11:56:34   

                      ------------------------------------------------------------------------------
2025-04-13 11:56:34     Calculation 21 (Frequency: 22.124 GHz, Theta: 0, Phi: 0)


                      ------------------------------------------------------------------------------
2025-04-13 11:56:38     Matrix setup time        :	0 s
                        Solver setup             :	4 s
                        Degrees of freedom       :	132288
                        Number of mesh cells     :	20547

                        Stimulation port         :	Zmin
                        Mode number              :	1
                        Accuracy                 :	7.63003e-14
                        Iterations               :	1
                        Solver time              :	0 s


                      ------------------------------------------------------------------------------
2025-04-13 11:56:39     Total time               :	4 s

                      ------------------------------------------------------------------------------
2025-04-13 11:56:39   

                      ------------------------------------------------------------------------------
2025-04-13 11:56:39     Calculation 22 (Frequency: 26.936 GHz, Theta: 0, Phi: 0)


                      ------------------------------------------------------------------------------
2025-04-13 11:56:43     Matrix setup time        :	0 s
                        Solver setup             :	4 s
                        Degrees of freedom       :	132288
                        Number of mesh cells     :	20547

                        Stimulation port         :	Zmin
                        Mode number              :	1
                        Accuracy                 :	3.32395e-14
                        Iterations               :	1
                        Solver time              :	0 s


                      ------------------------------------------------------------------------------
2025-04-13 11:56:43     Total time               :	4 s

                      ------------------------------------------------------------------------------
2025-04-13 11:56:43   

                      ------------------------------------------------------------------------------
2025-04-13 11:56:43     Calculation 23 (Frequency: 29.54 GHz, Theta: 0, Phi: 0)


                      ------------------------------------------------------------------------------
2025-04-13 11:56:48     Matrix setup time        :	0 s
                        Solver setup             :	3 s
                        Degrees of freedom       :	132288
                        Number of mesh cells     :	20547

                        Stimulation port         :	Zmin
                        Mode number              :	1
                        Accuracy                 :	4.71957e-14
                        Iterations               :	1
                        Solver time              :	0 s


                      ------------------------------------------------------------------------------
2025-04-13 11:56:48     Total time               :	4 s

                      ------------------------------------------------------------------------------
2025-04-13 11:56:48   

                      ------------------------------------------------------------------------------
2025-04-13 11:56:48     Calculation 24 (Frequency: 23.732 GHz, Theta: 0, Phi: 0)


                      ------------------------------------------------------------------------------
2025-04-13 11:56:52     Matrix setup time        :	0 s
                        Solver setup             :	3 s
                        Degrees of freedom       :	132288
                        Number of mesh cells     :	20547

                        Stimulation port         :	Zmin
                        Mode number              :	1
                        Accuracy                 :	5.51257e-14
                        Iterations               :	1
                        Solver time              :	0 s


                      ------------------------------------------------------------------------------
2025-04-13 11:56:52     Total time               :	4 s

                      ------------------------------------------------------------------------------
2025-04-13 11:56:52   

                      ------------------------------------------------------------------------------
2025-04-13 11:56:52     Calculation 25 (Frequency: 22.676 GHz, Theta: 0, Phi: 0)


                      ------------------------------------------------------------------------------
2025-04-13 11:56:57     Matrix setup time        :	0 s
                        Solver setup             :	3 s
                        Degrees of freedom       :	132288
                        Number of mesh cells     :	20547

                        Stimulation port         :	Zmin
                        Mode number              :	1
                        Accuracy                 :	4.54701e-14
                        Iterations               :	1
                        Solver time              :	0 s


                      ------------------------------------------------------------------------------
2025-04-13 11:56:57     Total time               :	4 s

                      ------------------------------------------------------------------------------
2025-04-13 11:56:57   

                      ------------------------------------------------------------------------------
2025-04-13 11:56:57   Finished the general purpose interpolative broadband frequency sweep:
                      All broadband sweep convergence criteria have been satisfied after
                      calculating 25 frequency samples:

                        Broadband sweep error threshold value :  0.01 (All S-Parameters) 
                        Number of error criterion checks      :  2 (All S-Parameters) 
                        Minimum number of samples             :  3
                        Number of data samples, linear        :  1001

                      ------------------------------------------------------------------------------
2025-04-13 11:56:57     Number of mesh cells     :	20547
                        Degrees of freedom       :	131150
                        Total Solver Time        :	135 s	 (= 0 h, 02 m, 15 s)
                      ================================================================================



                      ------------------------------------------------------------------------------
2025-04-13 11:56:57     ----------------------------------------------------------------------------
                                            Peak memory used (kB)         Free physical memory (kB) 
                                                                          At begin     Minimum      
                        ----------------------------------------------------------------------------
                        Solver start        21996                         7518724      7518040      
                        Eq. system setup    2441344                       7482348      6743512      
                        Eq. system solve    2441344                       7431536      5158892      
                        Mesh refinement     1507492                       7492956      7189520      
                        Solver run total    2441344                       7518728      5158892      

                        Computer name       Tahsin
                        ----------------------------------------------------------------------------


                      ------------------------------------------------------------------------------
2025-04-13 11:56:57   Running postprocessing.

                      ------------------------------------------------------------------------------
2025-04-13 11:56:58   Postprocessing finished.

                      ------------------------------------------------------------------------------
