2025-04-10 00:08:52   *** Warning ***

                      Electric isotropic material [Copper (pure)] has a very high conductivity for
                      the given mesh. Depending on your configuration it may be better to use a lossy
                      metal type for this material. More...

                      ------------------------------------------------------------------------------
2025-04-10 00:08:52   In order to get an optimal performance, hyperthreading is ignored for parallel
                      computations.

                      ------------------------------------------------------------------------------
2025-04-10 00:08:54   Units settings: 

                        Dimensions: mm
                        Frequency:  GHz
                        Time:       s

                      ------------------------------------------------------------------------------
2025-04-10 00:08:54   Boundary conditions: 

                        YZsymmetry: none
                        XZsymmetry: none
                        XYsymmetry: none

                        Xmin: unit cell
                        Xmax: unit cell

                        Ymin: unit cell
                        Ymax: unit cell

                        Zmin: expanded open
                        Zmax: expanded open

                      ------------------------------------------------------------------------------
2025-04-10 00:08:54   Order settings: 

                        Solver order   : 2nd (constant)
                        Curved elements: up to order 3 (automatic)

                      ------------------------------------------------------------------------------
2025-04-10 00:08:54   An iterative solver will be used first.

                      ------------------------------------------------------------------------------
2025-04-10 00:08:54     Mesh time                :	2 s


                      ------------------------------------------------------------------------------
2025-04-10 00:08:54   
                      ================================================================================
                      Frequency Domain Solver calculation cycle started

                      ------------------------------------------------------------------------------
2025-04-10 00:08:54   Solver started at: 2025-04-10 00:08:54 +0600

                        Module:  Frequency Domain: S-Parameter (Win 64)
                        Version: 2024.1 Release from 2023-10-16 (change 1181985)

                      ------------------------------------------------------------------------------
2025-04-10 00:08:54   The low frequency stabilization is not applied to periodic problems.

                      ------------------------------------------------------------------------------
2025-04-10 00:08:54     Calculation 1 of 1 (Frequency: 32 GHz, Theta: 0, Phi: 0)


                      ------------------------------------------------------------------------------
2025-04-10 00:08:54   The wavelength based mesh refinement has been applied to 4.5% of all mesh edges.

                      ------------------------------------------------------------------------------
2025-04-10 00:08:55   For some elements the curvature had to be reduced to maintain the quality of the mesh. More...

                      ------------------------------------------------------------------------------
2025-04-10 00:08:55   Adaptive mesh refinement pass 1

                      ------------------------------------------------------------------------------
2025-04-10 00:09:01   *** Warning ***

2025-04-10 00:09:01   Detected possible stagnation of the iterative solver (5.197611e-02 after 250 iterations.)
                      Please consider aborting the solver run, and check your simulation setup.  More...

                      ------------------------------------------------------------------------------
2025-04-10 00:09:07   *** Warning ***

2025-04-10 00:09:07   The solver stopped because the maximum number of iterations (500, used for automatic solver choice) has been reached.

                      ------------------------------------------------------------------------------
2025-04-10 00:09:07   Solving again, but with the direct solver. Please consider forcing the direct solver in the solver special settings, and
                      check your simulation setup (for instance source and material definitions.)

                      ------------------------------------------------------------------------------
2025-04-10 00:09:08     Matrix setup time        :	0 s
                        Degrees of freedom       :	36936
                        Number of mesh cells     :	5633

                        Stimulation port         :	Zmin
                        Mode number              :	1
                        Accuracy                 :	1.00724e-13
                        Iterations               :	1
                        Solver time              :	0 s


                      ------------------------------------------------------------------------------
2025-04-10 00:09:08   23% of all mesh edges seem to be longer than expected. The adaptive mesh refinement's growth limitation will therefore 
                      use 13684 instead of 3904 mesh cells as a reference.

                      ------------------------------------------------------------------------------
2025-04-10 00:09:08   The wavelength based mesh refinement has been applied to 0.3% of all mesh edges.

                      ------------------------------------------------------------------------------
2025-04-10 00:09:09   For some elements the curvature had to be reduced to maintain the quality of the mesh. More...

                      ------------------------------------------------------------------------------
2025-04-10 00:09:09   Adaptive mesh refinement pass 2

                      ------------------------------------------------------------------------------
2025-04-10 00:09:11     Matrix setup time        :	0 s
                        Solver setup             :	1 s
                        Degrees of freedom       :	69478
                        Number of mesh cells     :	10739

                        Stimulation port         :	Zmin
                        Mode number              :	1
                        Accuracy                 :	6.25555e-14
                        Iterations               :	1
                        Solver time              :	0 s


                      ------------------------------------------------------------------------------
2025-04-10 00:09:12     Delta calculation        
2025-04-10 00:09:12     All S-Parameters         :	0.141586
2025-04-10 00:09:12   

                      ------------------------------------------------------------------------------
2025-04-10 00:09:13   For some elements the curvature had to be reduced to maintain the quality of the mesh. More...

                      ------------------------------------------------------------------------------
2025-04-10 00:09:13   Adaptive mesh refinement pass 3

                      ------------------------------------------------------------------------------
2025-04-10 00:09:17     Matrix setup time        :	0 s
                        Solver setup             :	3 s
                        Degrees of freedom       :	125934
                        Number of mesh cells     :	19605

                        Stimulation port         :	Zmin
                        Mode number              :	1
                        Accuracy                 :	3.64175e-14
                        Iterations               :	1
                        Solver time              :	0 s


                      ------------------------------------------------------------------------------
2025-04-10 00:09:18     Delta calculation        
2025-04-10 00:09:18     All S-Parameters         :	0.0792823
2025-04-10 00:09:18   

                      ------------------------------------------------------------------------------
2025-04-10 00:09:19   For some elements the curvature had to be slightly reduced to maintain the quality of the mesh. More...

                      ------------------------------------------------------------------------------
2025-04-10 00:09:20   Adaptive mesh refinement pass 4

                      ------------------------------------------------------------------------------
2025-04-10 00:09:28     Matrix setup time        :	0 s
                        Solver setup             :	7 s
                        Degrees of freedom       :	205772
                        Number of mesh cells     :	32110

                        Stimulation port         :	Zmin
                        Mode number              :	1
                        Accuracy                 :	2.08849e-14
                        Iterations               :	1
                        Solver time              :	0 s


                      ------------------------------------------------------------------------------
2025-04-10 00:09:29     Delta calculation        
2025-04-10 00:09:29     All S-Parameters         :	0.0522931
2025-04-10 00:09:29   

                      ------------------------------------------------------------------------------
2025-04-10 00:09:32   Adaptive mesh refinement pass 5

                      ------------------------------------------------------------------------------
2025-04-10 00:09:47     Matrix setup time        :	1 s
                        Solver setup             :	13 s
                        Degrees of freedom       :	295274
                        Number of mesh cells     :	46085

                        Stimulation port         :	Zmin
                        Mode number              :	1
                        Accuracy                 :	2.50462e-14
                        Iterations               :	1
                        Solver time              :	0 s


                      ------------------------------------------------------------------------------
2025-04-10 00:09:47     Delta calculation        
2025-04-10 00:09:47     All S-Parameters         :	0.0252002
2025-04-10 00:09:47   

                      ------------------------------------------------------------------------------
2025-04-10 00:09:51   Adaptive mesh refinement pass 6

                      ------------------------------------------------------------------------------
2025-04-10 00:09:57   Low memory detected! The solver uses hard disk space to store data. This might reduce solver performance.

                      ------------------------------------------------------------------------------
2025-04-10 00:10:22   *** Warning ***

2025-04-10 00:10:22   Low memory: Only 1.57 GB of 15.91 GB available.


                      ------------------------------------------------------------------------------
2025-04-10 00:10:42     Matrix setup time        :	1 s
                        Solver setup             :	48 s
                        Degrees of freedom       :	433656
                        Number of mesh cells     :	67725

                        Stimulation port         :	Zmin
                        Mode number              :	1
                        Accuracy                 :	3.79318e-14
                        Iterations               :	1
                        Solver time              :	0 s


                      ------------------------------------------------------------------------------
2025-04-10 00:10:43     Delta calculation        
2025-04-10 00:10:43     All S-Parameters         :	0.0135469
2025-04-10 00:10:43   

                      ------------------------------------------------------------------------------
2025-04-10 00:10:43   Mesh adaptation terminated because the desired accuracy limit is reached.

                      ------------------------------------------------------------------------------
2025-04-10 00:10:43   *** Warning ***

2025-04-10 00:10:43   At least one propagating Floquet mode is not considered at port Zmin. Please increase the number of modes at this port. 
                      More...

                      ------------------------------------------------------------------------------
2025-04-10 00:10:43   *** Warning ***

2025-04-10 00:10:43   At least one propagating Floquet mode is not considered at port Zmax. Please increase the number of modes at this port. 
                      More...

                      ------------------------------------------------------------------------------
2025-04-10 00:10:43     Total time               :	108 s	 (= 0 h, 01 m, 48 s)

                      ------------------------------------------------------------------------------
2025-04-10 00:10:43   

                      ------------------------------------------------------------------------------
2025-04-10 00:10:43     Calculation 2 (Frequency: 20 GHz, Theta: 0, Phi: 0)


                      ------------------------------------------------------------------------------
2025-04-10 00:11:26     Matrix setup time        :	0 s
                        Solver setup             :	41 s
                        Degrees of freedom       :	433656
                        Number of mesh cells     :	67725

                        Stimulation port         :	Zmin
                        Mode number              :	1
                        Accuracy                 :	3.66497e-14
                        Iterations               :	1
                        Solver time              :	0 s


                      ------------------------------------------------------------------------------
2025-04-10 00:11:26     Total time               :	42 s

                      ------------------------------------------------------------------------------
2025-04-10 00:11:26   

                      ------------------------------------------------------------------------------
2025-04-10 00:11:26     Calculation 3 (Frequency: 26 GHz, Theta: 0, Phi: 0)


                      ------------------------------------------------------------------------------
2025-04-10 00:12:11     Matrix setup time        :	0 s
                        Solver setup             :	43 s
                        Degrees of freedom       :	433656
                        Number of mesh cells     :	67725

                        Stimulation port         :	Zmin
                        Mode number              :	1
                        Accuracy                 :	3.42647e-14
                        Iterations               :	1
                        Solver time              :	0 s


                      ------------------------------------------------------------------------------
2025-04-10 00:12:11     Total time               :	44 s

                      ------------------------------------------------------------------------------
2025-04-10 00:12:11   

                      ------------------------------------------------------------------------------
2025-04-10 00:12:11     Calculation 4 (Frequency: 29 GHz, Theta: 0, Phi: 0)


                      ------------------------------------------------------------------------------
2025-04-10 00:12:57     Matrix setup time        :	0 s
                        Solver setup             :	44 s
                        Degrees of freedom       :	433656
                        Number of mesh cells     :	67725

                        Stimulation port         :	Zmin
                        Mode number              :	1
                        Accuracy                 :	5.36193e-14
                        Iterations               :	1
                        Solver time              :	0 s


                      ------------------------------------------------------------------------------
2025-04-10 00:12:58     Total time               :	46 s

                      ------------------------------------------------------------------------------
2025-04-10 00:12:58   

                      ------------------------------------------------------------------------------
2025-04-10 00:12:58     Calculation 5 (Frequency: 24.62 GHz, Theta: 0, Phi: 0)


                      ------------------------------------------------------------------------------
2025-04-10 00:13:43     Matrix setup time        :	0 s
                        Solver setup             :	43 s
                        Degrees of freedom       :	433656
                        Number of mesh cells     :	67725

                        Stimulation port         :	Zmin
                        Mode number              :	1
                        Accuracy                 :	2.2412e-14
                        Iterations               :	1
                        Solver time              :	0 s


                      ------------------------------------------------------------------------------
2025-04-10 00:13:43     Total time               :	44 s

                      ------------------------------------------------------------------------------
2025-04-10 00:13:43   

                      ------------------------------------------------------------------------------
2025-04-10 00:13:43     Calculation 6 (Frequency: 27.824 GHz, Theta: 0, Phi: 0)


                      ------------------------------------------------------------------------------
2025-04-10 00:14:27     Matrix setup time        :	0 s
                        Solver setup             :	41 s
                        Degrees of freedom       :	433656
                        Number of mesh cells     :	67725

                        Stimulation port         :	Zmin
                        Mode number              :	1
                        Accuracy                 :	2.98794e-14
                        Iterations               :	1
                        Solver time              :	0 s


                      ------------------------------------------------------------------------------
2025-04-10 00:14:27     Total time               :	43 s

                      ------------------------------------------------------------------------------
2025-04-10 00:14:27   

                      ------------------------------------------------------------------------------
2025-04-10 00:14:27     Calculation 7 (Frequency: 22.244 GHz, Theta: 0, Phi: 0)


                      ------------------------------------------------------------------------------
2025-04-10 00:15:13     Matrix setup time        :	0 s
                        Solver setup             :	44 s
                        Degrees of freedom       :	433656
                        Number of mesh cells     :	67725

                        Stimulation port         :	Zmin
                        Mode number              :	1
                        Accuracy                 :	3.94755e-14
                        Iterations               :	1
                        Solver time              :	0 s


                      ------------------------------------------------------------------------------
2025-04-10 00:15:14     Total time               :	46 s

                      ------------------------------------------------------------------------------
2025-04-10 00:15:14   

                      ------------------------------------------------------------------------------
2025-04-10 00:15:14     Calculation 8 (Frequency: 28.34 GHz, Theta: 0, Phi: 0)


                      ------------------------------------------------------------------------------
2025-04-10 00:16:01     Matrix setup time        :	0 s
                        Solver setup             :	44 s
                        Degrees of freedom       :	433656
                        Number of mesh cells     :	67725

                        Stimulation port         :	Zmin
                        Mode number              :	1
                        Accuracy                 :	5.04552e-14
                        Iterations               :	1
                        Solver time              :	0 s


                      ------------------------------------------------------------------------------
2025-04-10 00:16:01     Total time               :	47 s

                      ------------------------------------------------------------------------------
2025-04-10 00:16:01   

                      ------------------------------------------------------------------------------
2025-04-10 00:16:01     Calculation 9 (Frequency: 22.976 GHz, Theta: 0, Phi: 0)


                      ------------------------------------------------------------------------------
2025-04-10 00:16:47     Matrix setup time        :	0 s
                        Solver setup             :	43 s
                        Degrees of freedom       :	433656
                        Number of mesh cells     :	67725

                        Stimulation port         :	Zmin
                        Mode number              :	1
                        Accuracy                 :	2.82463e-14
                        Iterations               :	1
                        Solver time              :	0 s


                      ------------------------------------------------------------------------------
2025-04-10 00:16:47     Total time               :	45 s

                      ------------------------------------------------------------------------------
2025-04-10 00:16:47   

                      ------------------------------------------------------------------------------
2025-04-10 00:16:47     Calculation 10 (Frequency: 26.996 GHz, Theta: 0, Phi: 0)


                      ------------------------------------------------------------------------------
2025-04-10 00:17:32     Matrix setup time        :	0 s
                        Solver setup             :	43 s
                        Degrees of freedom       :	433656
                        Number of mesh cells     :	67725

                        Stimulation port         :	Zmin
                        Mode number              :	1
                        Accuracy                 :	4.35543e-14
                        Iterations               :	1
                        Solver time              :	0 s


                      ------------------------------------------------------------------------------
2025-04-10 00:17:33     Total time               :	45 s

                      ------------------------------------------------------------------------------
2025-04-10 00:17:33   

                      ------------------------------------------------------------------------------
2025-04-10 00:17:33     Calculation 11 (Frequency: 28.76 GHz, Theta: 0, Phi: 0)


                      ------------------------------------------------------------------------------
2025-04-10 00:18:18     Matrix setup time        :	0 s
                        Solver setup             :	43 s
                        Degrees of freedom       :	433656
                        Number of mesh cells     :	67725

                        Stimulation port         :	Zmin
                        Mode number              :	1
                        Accuracy                 :	2.71306e-14
                        Iterations               :	1
                        Solver time              :	0 s


                      ------------------------------------------------------------------------------
2025-04-10 00:18:18     Total time               :	44 s

                      ------------------------------------------------------------------------------
2025-04-10 00:18:18   

                      ------------------------------------------------------------------------------
2025-04-10 00:18:18     Calculation 12 (Frequency: 29.78 GHz, Theta: 0, Phi: 0)


                      ------------------------------------------------------------------------------
2025-04-10 00:19:03     Matrix setup time        :	0 s
                        Solver setup             :	43 s
                        Degrees of freedom       :	433656
                        Number of mesh cells     :	67725

                        Stimulation port         :	Zmin
                        Mode number              :	1
                        Accuracy                 :	4.45303e-14
                        Iterations               :	1
                        Solver time              :	0 s


                      ------------------------------------------------------------------------------
2025-04-10 00:19:04     Total time               :	45 s

                      ------------------------------------------------------------------------------
2025-04-10 00:19:04   

                      ------------------------------------------------------------------------------
2025-04-10 00:19:04     Calculation 13 (Frequency: 20.804 GHz, Theta: 0, Phi: 0)


                      ------------------------------------------------------------------------------
2025-04-10 00:19:50     Matrix setup time        :	0 s
                        Solver setup             :	44 s
                        Degrees of freedom       :	433656
                        Number of mesh cells     :	67725

                        Stimulation port         :	Zmin
                        Mode number              :	1
                        Accuracy                 :	4.56343e-14
                        Iterations               :	1
                        Solver time              :	0 s


                      ------------------------------------------------------------------------------
2025-04-10 00:19:50     Total time               :	46 s

                      ------------------------------------------------------------------------------
2025-04-10 00:19:50   

                      ------------------------------------------------------------------------------
2025-04-10 00:19:50     Calculation 14 (Frequency: 30.572 GHz, Theta: 0, Phi: 0)


                      ------------------------------------------------------------------------------
2025-04-10 00:20:22   *** Warning ***

2025-04-10 00:20:22   Low memory: Only 1.23 GB of 15.91 GB available.


                      ------------------------------------------------------------------------------
2025-04-10 00:20:35     Matrix setup time        :	0 s
                        Solver setup             :	42 s
                        Degrees of freedom       :	433656
                        Number of mesh cells     :	67725

                        Stimulation port         :	Zmin
                        Mode number              :	1
                        Accuracy                 :	2.63073e-14
                        Iterations               :	1
                        Solver time              :	0 s


                      ------------------------------------------------------------------------------
2025-04-10 00:20:35     Total time               :	44 s

                      ------------------------------------------------------------------------------
2025-04-10 00:20:35   

                      ------------------------------------------------------------------------------
2025-04-10 00:20:35     Calculation 15 (Frequency: 29.456 GHz, Theta: 0, Phi: 0)


                      ------------------------------------------------------------------------------
2025-04-10 00:21:21     Matrix setup time        :	0 s
                        Solver setup             :	43 s
                        Degrees of freedom       :	433656
                        Number of mesh cells     :	67725

                        Stimulation port         :	Zmin
                        Mode number              :	1
                        Accuracy                 :	2.07311e-14
                        Iterations               :	1
                        Solver time              :	0 s


                      ------------------------------------------------------------------------------
2025-04-10 00:21:21     Total time               :	45 s

                      ------------------------------------------------------------------------------
2025-04-10 00:21:21   

                      ------------------------------------------------------------------------------
2025-04-10 00:21:21     Calculation 16 (Frequency: 31.244 GHz, Theta: 0, Phi: 0)


                      ------------------------------------------------------------------------------
2025-04-10 00:22:06     Matrix setup time        :	0 s
                        Solver setup             :	43 s
                        Degrees of freedom       :	433656
                        Number of mesh cells     :	67725

                        Stimulation port         :	Zmin
                        Mode number              :	1
                        Accuracy                 :	2.25523e-14
                        Iterations               :	1
                        Solver time              :	0 s


                      ------------------------------------------------------------------------------
2025-04-10 00:22:07     Total time               :	45 s

                      ------------------------------------------------------------------------------
2025-04-10 00:22:07   

                      ------------------------------------------------------------------------------
2025-04-10 00:22:07     Calculation 17 (Frequency: 20.684 GHz, Theta: 0, Phi: 0)


                      ------------------------------------------------------------------------------
2025-04-10 00:22:53     Matrix setup time        :	0 s
                        Solver setup             :	44 s
                        Degrees of freedom       :	433656
                        Number of mesh cells     :	67725

                        Stimulation port         :	Zmin
                        Mode number              :	1
                        Accuracy                 :	3.84579e-14
                        Iterations               :	1
                        Solver time              :	0 s


                      ------------------------------------------------------------------------------
2025-04-10 00:22:54     Total time               :	46 s

                      ------------------------------------------------------------------------------
2025-04-10 00:22:54   

                      ------------------------------------------------------------------------------
2025-04-10 00:22:54     Calculation 18 (Frequency: 21.332 GHz, Theta: 0, Phi: 0)


                      ------------------------------------------------------------------------------
2025-04-10 00:23:40     Matrix setup time        :	0 s
                        Solver setup             :	44 s
                        Degrees of freedom       :	433656
                        Number of mesh cells     :	67725

                        Stimulation port         :	Zmin
                        Mode number              :	1
                        Accuracy                 :	5.43391e-14
                        Iterations               :	1
                        Solver time              :	0 s


                      ------------------------------------------------------------------------------
2025-04-10 00:23:40     Total time               :	46 s

                      ------------------------------------------------------------------------------
2025-04-10 00:23:40   

                      ------------------------------------------------------------------------------
2025-04-10 00:23:40     Calculation 19 (Frequency: 31.796 GHz, Theta: 0, Phi: 0)


                      ------------------------------------------------------------------------------
2025-04-10 00:24:25     Matrix setup time        :	0 s
                        Solver setup             :	43 s
                        Degrees of freedom       :	433656
                        Number of mesh cells     :	67725

                        Stimulation port         :	Zmin
                        Mode number              :	1
                        Accuracy                 :	1.87834e-14
                        Iterations               :	1
                        Solver time              :	0 s


                      ------------------------------------------------------------------------------
2025-04-10 00:24:26     Total time               :	45 s

                      ------------------------------------------------------------------------------
2025-04-10 00:24:26   

                      ------------------------------------------------------------------------------
2025-04-10 00:24:26     Calculation 20 (Frequency: 30.224 GHz, Theta: 0, Phi: 0)


                      ------------------------------------------------------------------------------
2025-04-10 00:25:12     Matrix setup time        :	0 s
                        Solver setup             :	44 s
                        Degrees of freedom       :	433656
                        Number of mesh cells     :	67725

                        Stimulation port         :	Zmin
                        Mode number              :	1
                        Accuracy                 :	3.20285e-14
                        Iterations               :	1
                        Solver time              :	0 s


                      ------------------------------------------------------------------------------
2025-04-10 00:25:13     Total time               :	46 s

                      ------------------------------------------------------------------------------
2025-04-10 00:25:13   

                      ------------------------------------------------------------------------------
2025-04-10 00:25:13     Calculation 21 (Frequency: 30.8 GHz, Theta: 0, Phi: 0)


                      ------------------------------------------------------------------------------
2025-04-10 00:25:59     Matrix setup time        :	0 s
                        Solver setup             :	44 s
                        Degrees of freedom       :	433656
                        Number of mesh cells     :	67725

                        Stimulation port         :	Zmin
                        Mode number              :	1
                        Accuracy                 :	3.88246e-14
                        Iterations               :	1
                        Solver time              :	0 s


                      ------------------------------------------------------------------------------
2025-04-10 00:26:00     Total time               :	46 s

                      ------------------------------------------------------------------------------
2025-04-10 00:26:00   

                      ------------------------------------------------------------------------------
2025-04-10 00:26:00     Calculation 22 (Frequency: 27.44 GHz, Theta: 0, Phi: 0)


                      ------------------------------------------------------------------------------
2025-04-10 00:26:46     Matrix setup time        :	0 s
                        Solver setup             :	44 s
                        Degrees of freedom       :	433656
                        Number of mesh cells     :	67725

                        Stimulation port         :	Zmin
                        Mode number              :	1
                        Accuracy                 :	3.68435e-14
                        Iterations               :	1
                        Solver time              :	0 s


                      ------------------------------------------------------------------------------
2025-04-10 00:26:46     Total time               :	46 s

                      ------------------------------------------------------------------------------
2025-04-10 00:26:46   

                      ------------------------------------------------------------------------------
2025-04-10 00:26:46     Calculation 23 (Frequency: 26.612 GHz, Theta: 0, Phi: 0)


                      ------------------------------------------------------------------------------
2025-04-10 00:27:32     Matrix setup time        :	0 s
                        Solver setup             :	43 s
                        Degrees of freedom       :	433656
                        Number of mesh cells     :	67725

                        Stimulation port         :	Zmin
                        Mode number              :	1
                        Accuracy                 :	3.81045e-14
                        Iterations               :	1
                        Solver time              :	0 s


                      ------------------------------------------------------------------------------
2025-04-10 00:27:33     Total time               :	45 s

                      ------------------------------------------------------------------------------
2025-04-10 00:27:33   

                      ------------------------------------------------------------------------------
2025-04-10 00:27:33     Calculation 24 (Frequency: 25.544 GHz, Theta: 0, Phi: 0)


                      ------------------------------------------------------------------------------
2025-04-10 00:28:20     Matrix setup time        :	0 s
                        Solver setup             :	46 s
                        Degrees of freedom       :	433656
                        Number of mesh cells     :	67725

                        Stimulation port         :	Zmin
                        Mode number              :	1
                        Accuracy                 :	3.62102e-14
                        Iterations               :	1
                        Solver time              :	0 s


                      ------------------------------------------------------------------------------
2025-04-10 00:28:21     Total time               :	47 s

                      ------------------------------------------------------------------------------
2025-04-10 00:28:21   

                      ------------------------------------------------------------------------------
2025-04-10 00:28:21     Calculation 25 (Frequency: 26.36 GHz, Theta: 0, Phi: 0)


                      ------------------------------------------------------------------------------
2025-04-10 00:29:08     Matrix setup time        :	0 s
                        Solver setup             :	45 s
                        Degrees of freedom       :	433656
                        Number of mesh cells     :	67725

                        Stimulation port         :	Zmin
                        Mode number              :	1
                        Accuracy                 :	5.44221e-14
                        Iterations               :	1
                        Solver time              :	0 s


                      ------------------------------------------------------------------------------
2025-04-10 00:29:08     Total time               :	47 s

                      ------------------------------------------------------------------------------
2025-04-10 00:29:08   

                      ------------------------------------------------------------------------------
2025-04-10 00:29:08     Calculation 26 (Frequency: 20.144 GHz, Theta: 0, Phi: 0)


                      ------------------------------------------------------------------------------
2025-04-10 00:29:56     Matrix setup time        :	0 s
                        Solver setup             :	46 s
                        Degrees of freedom       :	433656
                        Number of mesh cells     :	67725

                        Stimulation port         :	Zmin
                        Mode number              :	1
                        Accuracy                 :	3.79416e-14
                        Iterations               :	1
                        Solver time              :	0 s


                      ------------------------------------------------------------------------------
2025-04-10 00:29:57     Total time               :	48 s

                      ------------------------------------------------------------------------------
2025-04-10 00:29:57   

                      ------------------------------------------------------------------------------
2025-04-10 00:29:57     Calculation 27 (Frequency: 21.788 GHz, Theta: 0, Phi: 0)


                      ------------------------------------------------------------------------------
2025-04-10 00:30:44     Matrix setup time        :	0 s
                        Solver setup             :	45 s
                        Degrees of freedom       :	433656
                        Number of mesh cells     :	67725

                        Stimulation port         :	Zmin
                        Mode number              :	1
                        Accuracy                 :	4.31791e-14
                        Iterations               :	1
                        Solver time              :	0 s


                      ------------------------------------------------------------------------------
2025-04-10 00:30:44     Total time               :	47 s

                      ------------------------------------------------------------------------------
2025-04-10 00:30:44   

                      ------------------------------------------------------------------------------
2025-04-10 00:30:44     Calculation 28 (Frequency: 22.424 GHz, Theta: 0, Phi: 0)


                      ------------------------------------------------------------------------------
2025-04-10 00:31:31     Matrix setup time        :	0 s
                        Solver setup             :	45 s
                        Degrees of freedom       :	433656
                        Number of mesh cells     :	67725

                        Stimulation port         :	Zmin
                        Mode number              :	1
                        Accuracy                 :	6.63964e-14
                        Iterations               :	1
                        Solver time              :	0 s


                      ------------------------------------------------------------------------------
2025-04-10 00:31:32     Total time               :	47 s

                      ------------------------------------------------------------------------------
2025-04-10 00:31:32   

                      ------------------------------------------------------------------------------
2025-04-10 00:31:32     Calculation 29 (Frequency: 21.98 GHz, Theta: 0, Phi: 0)


                      ------------------------------------------------------------------------------
2025-04-10 00:32:19     Matrix setup time        :	0 s
                        Solver setup             :	45 s
                        Degrees of freedom       :	433656
                        Number of mesh cells     :	67725

                        Stimulation port         :	Zmin
                        Mode number              :	1
                        Accuracy                 :	4.70064e-14
                        Iterations               :	1
                        Solver time              :	0 s


                      ------------------------------------------------------------------------------
2025-04-10 00:32:19     Total time               :	47 s

                      ------------------------------------------------------------------------------
2025-04-10 00:32:19   

                      ------------------------------------------------------------------------------
2025-04-10 00:32:19   Finished the general purpose interpolative broadband frequency sweep:
                      All broadband sweep convergence criteria have been satisfied after
                      calculating 29 frequency samples:

                        Broadband sweep error threshold value :  0.01 (All S-Parameters) 
                        Number of error criterion checks      :  2 (All S-Parameters) 
                        Minimum number of samples             :  3
                        Number of data samples, linear        :  1001

                      ------------------------------------------------------------------------------
2025-04-10 00:32:19     Number of mesh cells     :	67725
                        Degrees of freedom       :	431720
                        Total Solver Time        :	1406 s	 (= 0 h, 23 m, 26 s)
                      ================================================================================



                      ------------------------------------------------------------------------------
2025-04-10 00:32:19     ----------------------------------------------------------------------------
                                            Peak memory used (kB)         Free physical memory (kB) 
                                                                          At begin     Minimum      
                        ----------------------------------------------------------------------------
                        Solver start        22064                         8474460      8473900      
                        Eq. system setup    7741272                       8466984      6830992      
                        Eq. system solve    7741272                       8422576      893584       
                        Mesh refinement     4992556                       8326704      7341824      
                        Solver run total    7741272                       8474528      893584       

                        Computer name       Tahsin
                        ----------------------------------------------------------------------------


                      ------------------------------------------------------------------------------
2025-04-10 00:32:20   Running postprocessing.

                      ------------------------------------------------------------------------------
2025-04-10 00:32:20   Postprocessing finished.

                      ------------------------------------------------------------------------------
