2025-04-13 12:21:26   *** Warning ***

                      Electric isotropic material [Copper (pure)] has a very high conductivity for
                      the given mesh. Depending on your configuration it may be better to use a lossy
                      metal type for this material. More...

                      ------------------------------------------------------------------------------
2025-04-13 12:21:26   In order to get an optimal performance, hyperthreading is ignored for parallel
                      computations.

                      ------------------------------------------------------------------------------
2025-04-13 12:21:28   Units settings: 

                        Dimensions: mm
                        Frequency:  GHz
                        Time:       s

                      ------------------------------------------------------------------------------
2025-04-13 12:21:28   Boundary conditions: 

                        YZsymmetry: none
                        XZsymmetry: none
                        XYsymmetry: none

                        Xmin: unit cell
                        Xmax: unit cell

                        Ymin: unit cell
                        Ymax: unit cell

                        Zmin: expanded open
                        Zmax: expanded open

                      ------------------------------------------------------------------------------
2025-04-13 12:21:28   Order settings: 

                        Solver order   : 2nd (constant)
                        Curved elements: up to order 3 (automatic)

                      ------------------------------------------------------------------------------
2025-04-13 12:21:28   An iterative solver will be used first.

                      ------------------------------------------------------------------------------
2025-04-13 12:21:28     Mesh time                :	2 s


                      ------------------------------------------------------------------------------
2025-04-13 12:21:28   
                      ================================================================================
                      Frequency Domain Solver calculation cycle started

                      ------------------------------------------------------------------------------
2025-04-13 12:21:28   Solver started at: 2025-04-13 12:21:28 +0600

                        Module:  Frequency Domain: S-Parameter (Win 64)
                        Version: 2024.1 Release from 2023-10-16 (change 1181985)

                      ------------------------------------------------------------------------------
2025-04-13 12:21:28   The low frequency stabilization is not applied to periodic problems.

                      ------------------------------------------------------------------------------
2025-04-13 12:21:28     Calculation 1 of 1 (Frequency: 32 GHz, Theta: 0, Phi: 0)


                      ------------------------------------------------------------------------------
2025-04-13 12:21:29   The wavelength based mesh refinement has been applied to 5.2% of all mesh edges.

                      ------------------------------------------------------------------------------
2025-04-13 12:21:29   For some elements the curvature had to be reduced to maintain the quality of the mesh. More...

                      ------------------------------------------------------------------------------
2025-04-13 12:21:29   Adaptive mesh refinement pass 1

                      ------------------------------------------------------------------------------
2025-04-13 12:21:36   *** Warning ***

2025-04-13 12:21:36   Detected possible stagnation of the iterative solver (4.432400e-02 after 250 iterations.)
                      Please consider aborting the solver run, and check your simulation setup.  More...

                      ------------------------------------------------------------------------------
2025-04-13 12:21:42   *** Warning ***

2025-04-13 12:21:42   The solver stopped because the maximum number of iterations (500, used for automatic solver choice) has been reached.

                      ------------------------------------------------------------------------------
2025-04-13 12:21:42   Solving again, but with the direct solver. Please consider forcing the direct solver in the solver special settings, and
                      check your simulation setup (for instance source and material definitions.)

                      ------------------------------------------------------------------------------
2025-04-13 12:21:43     Matrix setup time        :	0 s
                        Degrees of freedom       :	36190
                        Number of mesh cells     :	5515

                        Stimulation port         :	Zmin
                        Mode number              :	1
                        Accuracy                 :	6.83755e-14
                        Iterations               :	1
                        Solver time              :	0 s


                      ------------------------------------------------------------------------------
2025-04-13 12:21:43   26% of all mesh edges seem to be longer than expected. The adaptive mesh refinement's growth limitation will therefore 
                      use 14358 instead of 3645 mesh cells as a reference.

                      ------------------------------------------------------------------------------
2025-04-13 12:21:43   The wavelength based mesh refinement has been applied to 0.2% of all mesh edges.

                      ------------------------------------------------------------------------------
2025-04-13 12:21:44   For some elements the curvature had to be slightly reduced to maintain the quality of the mesh. More...

                      ------------------------------------------------------------------------------
2025-04-13 12:21:44   Adaptive mesh refinement pass 2

                      ------------------------------------------------------------------------------
2025-04-13 12:21:47     Matrix setup time        :	0 s
                        Solver setup             :	2 s
                        Degrees of freedom       :	75692
                        Number of mesh cells     :	11721

                        Stimulation port         :	Zmin
                        Mode number              :	1
                        Accuracy                 :	4.15232e-14
                        Iterations               :	1
                        Solver time              :	0 s


                      ------------------------------------------------------------------------------
2025-04-13 12:21:47     Delta calculation        
2025-04-13 12:21:47     All S-Parameters         :	0.0102232
2025-04-13 12:21:47   

                      ------------------------------------------------------------------------------
2025-04-13 12:21:48   Adaptive mesh refinement pass 3

                      ------------------------------------------------------------------------------
2025-04-13 12:21:54     Matrix setup time        :	0 s
                        Solver setup             :	4 s
                        Degrees of freedom       :	126244
                        Number of mesh cells     :	19623

                        Stimulation port         :	Zmin
                        Mode number              :	1
                        Accuracy                 :	3.12763e-14
                        Iterations               :	1
                        Solver time              :	0 s


                      ------------------------------------------------------------------------------
2025-04-13 12:21:54     Delta calculation        
2025-04-13 12:21:54     All S-Parameters         :	0.0130989
2025-04-13 12:21:54   

                      ------------------------------------------------------------------------------
2025-04-13 12:21:54   Mesh adaptation terminated because the desired accuracy limit is reached.

                      ------------------------------------------------------------------------------
2025-04-13 12:21:54   *** Warning ***

2025-04-13 12:21:54   At least one propagating Floquet mode is not considered at port Zmin. Please increase the number of modes at this port. 
                      More...

                      ------------------------------------------------------------------------------
2025-04-13 12:21:54   *** Warning ***

2025-04-13 12:21:54   At least one propagating Floquet mode is not considered at port Zmax. Please increase the number of modes at this port. 
                      More...

                      ------------------------------------------------------------------------------
2025-04-13 12:21:54     Total time               :	25 s

                      ------------------------------------------------------------------------------
2025-04-13 12:21:54   

                      ------------------------------------------------------------------------------
2025-04-13 12:21:54     Calculation 2 (Frequency: 20 GHz, Theta: 0, Phi: 0)


                      ------------------------------------------------------------------------------
2025-04-13 12:21:58     Matrix setup time        :	0 s
                        Solver setup             :	3 s
                        Degrees of freedom       :	126244
                        Number of mesh cells     :	19623

                        Stimulation port         :	Zmin
                        Mode number              :	1
                        Accuracy                 :	5.14184e-14
                        Iterations               :	1
                        Solver time              :	0 s


                      ------------------------------------------------------------------------------
2025-04-13 12:21:59     Total time               :	4 s

                      ------------------------------------------------------------------------------
2025-04-13 12:21:59   

                      ------------------------------------------------------------------------------
2025-04-13 12:21:59     Calculation 3 (Frequency: 26 GHz, Theta: 0, Phi: 0)


                      ------------------------------------------------------------------------------
2025-04-13 12:22:03     Matrix setup time        :	0 s
                        Solver setup             :	3 s
                        Degrees of freedom       :	126244
                        Number of mesh cells     :	19623

                        Stimulation port         :	Zmin
                        Mode number              :	1
                        Accuracy                 :	3.37149e-14
                        Iterations               :	1
                        Solver time              :	0 s


                      ------------------------------------------------------------------------------
2025-04-13 12:22:03     Total time               :	4 s

                      ------------------------------------------------------------------------------
2025-04-13 12:22:03   

                      ------------------------------------------------------------------------------
2025-04-13 12:22:03     Calculation 4 (Frequency: 29 GHz, Theta: 0, Phi: 0)


                      ------------------------------------------------------------------------------
2025-04-13 12:22:08     Matrix setup time        :	0 s
                        Solver setup             :	4 s
                        Degrees of freedom       :	126244
                        Number of mesh cells     :	19623

                        Stimulation port         :	Zmin
                        Mode number              :	1
                        Accuracy                 :	4.9095e-14
                        Iterations               :	1
                        Solver time              :	0 s


                      ------------------------------------------------------------------------------
2025-04-13 12:22:08     Total time               :	4 s

                      ------------------------------------------------------------------------------
2025-04-13 12:22:08   

                      ------------------------------------------------------------------------------
2025-04-13 12:22:08     Calculation 5 (Frequency: 23.288 GHz, Theta: 0, Phi: 0)


                      ------------------------------------------------------------------------------
2025-04-13 12:22:13     Matrix setup time        :	0 s
                        Solver setup             :	4 s
                        Degrees of freedom       :	126244
                        Number of mesh cells     :	19623

                        Stimulation port         :	Zmin
                        Mode number              :	1
                        Accuracy                 :	3.60175e-14
                        Iterations               :	1
                        Solver time              :	0 s


                      ------------------------------------------------------------------------------
2025-04-13 12:22:13     Total time               :	4 s

                      ------------------------------------------------------------------------------
2025-04-13 12:22:13   

                      ------------------------------------------------------------------------------
2025-04-13 12:22:13     Calculation 6 (Frequency: 27.368 GHz, Theta: 0, Phi: 0)


                      ------------------------------------------------------------------------------
2025-04-13 12:22:17     Matrix setup time        :	0 s
                        Solver setup             :	4 s
                        Degrees of freedom       :	126244
                        Number of mesh cells     :	19623

                        Stimulation port         :	Zmin
                        Mode number              :	1
                        Accuracy                 :	4.59722e-14
                        Iterations               :	1
                        Solver time              :	0 s


                      ------------------------------------------------------------------------------
2025-04-13 12:22:18     Total time               :	4 s

                      ------------------------------------------------------------------------------
2025-04-13 12:22:18   

                      ------------------------------------------------------------------------------
2025-04-13 12:22:18     Calculation 7 (Frequency: 24.632 GHz, Theta: 0, Phi: 0)


                      ------------------------------------------------------------------------------
2025-04-13 12:22:22     Matrix setup time        :	0 s
                        Solver setup             :	4 s
                        Degrees of freedom       :	126244
                        Number of mesh cells     :	19623

                        Stimulation port         :	Zmin
                        Mode number              :	1
                        Accuracy                 :	3.50626e-14
                        Iterations               :	1
                        Solver time              :	0 s


                      ------------------------------------------------------------------------------
2025-04-13 12:22:22     Total time               :	4 s

                      ------------------------------------------------------------------------------
2025-04-13 12:22:22   

                      ------------------------------------------------------------------------------
2025-04-13 12:22:22     Calculation 8 (Frequency: 27.668 GHz, Theta: 0, Phi: 0)


                      ------------------------------------------------------------------------------
2025-04-13 12:22:27     Matrix setup time        :	0 s
                        Solver setup             :	4 s
                        Degrees of freedom       :	126244
                        Number of mesh cells     :	19623

                        Stimulation port         :	Zmin
                        Mode number              :	1
                        Accuracy                 :	5.12252e-14
                        Iterations               :	1
                        Solver time              :	0 s


                      ------------------------------------------------------------------------------
2025-04-13 12:22:27     Total time               :	4 s

                      ------------------------------------------------------------------------------
2025-04-13 12:22:27   

                      ------------------------------------------------------------------------------
2025-04-13 12:22:27     Calculation 9 (Frequency: 29.552 GHz, Theta: 0, Phi: 0)


                      ------------------------------------------------------------------------------
2025-04-13 12:22:32     Matrix setup time        :	0 s
                        Solver setup             :	4 s
                        Degrees of freedom       :	126244
                        Number of mesh cells     :	19623

                        Stimulation port         :	Zmin
                        Mode number              :	1
                        Accuracy                 :	5.16056e-14
                        Iterations               :	1
                        Solver time              :	0 s


                      ------------------------------------------------------------------------------
2025-04-13 12:22:32     Total time               :	4 s

                      ------------------------------------------------------------------------------
2025-04-13 12:22:32   

                      ------------------------------------------------------------------------------
2025-04-13 12:22:32     Calculation 10 (Frequency: 28.22 GHz, Theta: 0, Phi: 0)


                      ------------------------------------------------------------------------------
2025-04-13 12:22:36     Matrix setup time        :	0 s
                        Solver setup             :	4 s
                        Degrees of freedom       :	126244
                        Number of mesh cells     :	19623

                        Stimulation port         :	Zmin
                        Mode number              :	1
                        Accuracy                 :	4.26751e-14
                        Iterations               :	1
                        Solver time              :	0 s


                      ------------------------------------------------------------------------------
2025-04-13 12:22:37     Total time               :	4 s

                      ------------------------------------------------------------------------------
2025-04-13 12:22:37   

                      ------------------------------------------------------------------------------
2025-04-13 12:22:37     Calculation 11 (Frequency: 29.876 GHz, Theta: 0, Phi: 0)


                      ------------------------------------------------------------------------------
2025-04-13 12:22:41     Matrix setup time        :	0 s
                        Solver setup             :	4 s
                        Degrees of freedom       :	126244
                        Number of mesh cells     :	19623

                        Stimulation port         :	Zmin
                        Mode number              :	1
                        Accuracy                 :	4.88213e-14
                        Iterations               :	1
                        Solver time              :	0 s


                      ------------------------------------------------------------------------------
2025-04-13 12:22:41     Total time               :	4 s

                      ------------------------------------------------------------------------------
2025-04-13 12:22:41   

                      ------------------------------------------------------------------------------
2025-04-13 12:22:41     Calculation 12 (Frequency: 28.964 GHz, Theta: 0, Phi: 0)


                      ------------------------------------------------------------------------------
2025-04-13 12:22:46     Matrix setup time        :	0 s
                        Solver setup             :	4 s
                        Degrees of freedom       :	126244
                        Number of mesh cells     :	19623

                        Stimulation port         :	Zmin
                        Mode number              :	1
                        Accuracy                 :	5.46685e-14
                        Iterations               :	1
                        Solver time              :	0 s


                      ------------------------------------------------------------------------------
2025-04-13 12:22:46     Total time               :	4 s

                      ------------------------------------------------------------------------------
2025-04-13 12:22:46   

                      ------------------------------------------------------------------------------
2025-04-13 12:22:46     Calculation 13 (Frequency: 26.648 GHz, Theta: 0, Phi: 0)


                      ------------------------------------------------------------------------------
2025-04-13 12:22:51     Matrix setup time        :	0 s
                        Solver setup             :	4 s
                        Degrees of freedom       :	126244
                        Number of mesh cells     :	19623

                        Stimulation port         :	Zmin
                        Mode number              :	1
                        Accuracy                 :	4.01265e-14
                        Iterations               :	1
                        Solver time              :	0 s


                      ------------------------------------------------------------------------------
2025-04-13 12:22:51     Total time               :	4 s

                      ------------------------------------------------------------------------------
2025-04-13 12:22:51   

                      ------------------------------------------------------------------------------
2025-04-13 12:22:51     Calculation 14 (Frequency: 30.86 GHz, Theta: 0, Phi: 0)


                      ------------------------------------------------------------------------------
2025-04-13 12:22:56     Matrix setup time        :	0 s
                        Solver setup             :	4 s
                        Degrees of freedom       :	126244
                        Number of mesh cells     :	19623

                        Stimulation port         :	Zmin
                        Mode number              :	1
                        Accuracy                 :	3.66193e-14
                        Iterations               :	1
                        Solver time              :	0 s


                      ------------------------------------------------------------------------------
2025-04-13 12:22:56     Total time               :	4 s

                      ------------------------------------------------------------------------------
2025-04-13 12:22:56   

                      ------------------------------------------------------------------------------
2025-04-13 12:22:56     Calculation 15 (Frequency: 26.408 GHz, Theta: 0, Phi: 0)


                      ------------------------------------------------------------------------------
2025-04-13 12:23:01     Matrix setup time        :	0 s
                        Solver setup             :	4 s
                        Degrees of freedom       :	126244
                        Number of mesh cells     :	19623

                        Stimulation port         :	Zmin
                        Mode number              :	1
                        Accuracy                 :	4.61634e-14
                        Iterations               :	1
                        Solver time              :	0 s


                      ------------------------------------------------------------------------------
2025-04-13 12:23:01     Total time               :	4 s

                      ------------------------------------------------------------------------------
2025-04-13 12:23:01   

                      ------------------------------------------------------------------------------
2025-04-13 12:23:01     Calculation 16 (Frequency: 31.592 GHz, Theta: 0, Phi: 0)


                      ------------------------------------------------------------------------------
2025-04-13 12:23:06     Matrix setup time        :	0 s
                        Solver setup             :	4 s
                        Degrees of freedom       :	126244
                        Number of mesh cells     :	19623

                        Stimulation port         :	Zmin
                        Mode number              :	1
                        Accuracy                 :	3.84091e-14
                        Iterations               :	1
                        Solver time              :	0 s


                      ------------------------------------------------------------------------------
2025-04-13 12:23:06     Total time               :	4 s

                      ------------------------------------------------------------------------------
2025-04-13 12:23:06   

                      ------------------------------------------------------------------------------
2025-04-13 12:23:06     Calculation 17 (Frequency: 28.472 GHz, Theta: 0, Phi: 0)


                      ------------------------------------------------------------------------------
2025-04-13 12:23:10     Matrix setup time        :	0 s
                        Solver setup             :	4 s
                        Degrees of freedom       :	126244
                        Number of mesh cells     :	19623

                        Stimulation port         :	Zmin
                        Mode number              :	1
                        Accuracy                 :	4.58032e-14
                        Iterations               :	1
                        Solver time              :	0 s


                      ------------------------------------------------------------------------------
2025-04-13 12:23:11     Total time               :	4 s

                      ------------------------------------------------------------------------------
2025-04-13 12:23:11   

                      ------------------------------------------------------------------------------
2025-04-13 12:23:11     Calculation 18 (Frequency: 24.38 GHz, Theta: 0, Phi: 0)


                      ------------------------------------------------------------------------------
2025-04-13 12:23:15     Matrix setup time        :	0 s
                        Solver setup             :	3 s
                        Degrees of freedom       :	126244
                        Number of mesh cells     :	19623

                        Stimulation port         :	Zmin
                        Mode number              :	1
                        Accuracy                 :	2.15255e-14
                        Iterations               :	1
                        Solver time              :	0 s


                      ------------------------------------------------------------------------------
2025-04-13 12:23:15     Total time               :	4 s

                      ------------------------------------------------------------------------------
2025-04-13 12:23:15   

                      ------------------------------------------------------------------------------
2025-04-13 12:23:15     Calculation 19 (Frequency: 25.496 GHz, Theta: 0, Phi: 0)


                      ------------------------------------------------------------------------------
2025-04-13 12:23:20     Matrix setup time        :	0 s
                        Solver setup             :	3 s
                        Degrees of freedom       :	126244
                        Number of mesh cells     :	19623

                        Stimulation port         :	Zmin
                        Mode number              :	1
                        Accuracy                 :	3.44186e-14
                        Iterations               :	1
                        Solver time              :	0 s


                      ------------------------------------------------------------------------------
2025-04-13 12:23:20     Total time               :	4 s

                      ------------------------------------------------------------------------------
2025-04-13 12:23:20   

                      ------------------------------------------------------------------------------
2025-04-13 12:23:20     Calculation 20 (Frequency: 21.656 GHz, Theta: 0, Phi: 0)


                      ------------------------------------------------------------------------------
2025-04-13 12:23:24     Matrix setup time        :	0 s
                        Solver setup             :	3 s
                        Degrees of freedom       :	126244
                        Number of mesh cells     :	19623

                        Stimulation port         :	Zmin
                        Mode number              :	1
                        Accuracy                 :	6.40449e-14
                        Iterations               :	1
                        Solver time              :	0 s


                      ------------------------------------------------------------------------------
2025-04-13 12:23:24     Total time               :	4 s

                      ------------------------------------------------------------------------------
2025-04-13 12:23:24   

                      ------------------------------------------------------------------------------
2025-04-13 12:23:24     Calculation 21 (Frequency: 24.452 GHz, Theta: 0, Phi: 0)


                      ------------------------------------------------------------------------------
2025-04-13 12:23:29     Matrix setup time        :	0 s
                        Solver setup             :	3 s
                        Degrees of freedom       :	126244
                        Number of mesh cells     :	19623

                        Stimulation port         :	Zmin
                        Mode number              :	1
                        Accuracy                 :	2.38836e-14
                        Iterations               :	1
                        Solver time              :	0 s


                      ------------------------------------------------------------------------------
2025-04-13 12:23:29     Total time               :	4 s

                      ------------------------------------------------------------------------------
2025-04-13 12:23:29   

                      ------------------------------------------------------------------------------
2025-04-13 12:23:29     Calculation 22 (Frequency: 21.512 GHz, Theta: 0, Phi: 0)


                      ------------------------------------------------------------------------------
2025-04-13 12:23:33     Matrix setup time        :	0 s
                        Solver setup             :	3 s
                        Degrees of freedom       :	126244
                        Number of mesh cells     :	19623

                        Stimulation port         :	Zmin
                        Mode number              :	1
                        Accuracy                 :	5.47852e-14
                        Iterations               :	1
                        Solver time              :	0 s


                      ------------------------------------------------------------------------------
2025-04-13 12:23:33     Total time               :	4 s

                      ------------------------------------------------------------------------------
2025-04-13 12:23:33   

                      ------------------------------------------------------------------------------
2025-04-13 12:23:33     Calculation 23 (Frequency: 21.872 GHz, Theta: 0, Phi: 0)


                      ------------------------------------------------------------------------------
2025-04-13 12:23:38     Matrix setup time        :	0 s
                        Solver setup             :	3 s
                        Degrees of freedom       :	126244
                        Number of mesh cells     :	19623

                        Stimulation port         :	Zmin
                        Mode number              :	1
                        Accuracy                 :	6.93834e-14
                        Iterations               :	1
                        Solver time              :	0 s


                      ------------------------------------------------------------------------------
2025-04-13 12:23:38     Total time               :	4 s

                      ------------------------------------------------------------------------------
2025-04-13 12:23:38   

                      ------------------------------------------------------------------------------
2025-04-13 12:23:38     Calculation 24 (Frequency: 21.188 GHz, Theta: 0, Phi: 0)


                      ------------------------------------------------------------------------------
2025-04-13 12:23:42     Matrix setup time        :	0 s
                        Solver setup             :	3 s
                        Degrees of freedom       :	126244
                        Number of mesh cells     :	19623

                        Stimulation port         :	Zmin
                        Mode number              :	1
                        Accuracy                 :	5.51814e-14
                        Iterations               :	1
                        Solver time              :	0 s


                      ------------------------------------------------------------------------------
2025-04-13 12:23:42     Total time               :	4 s

                      ------------------------------------------------------------------------------
2025-04-13 12:23:42   

                      ------------------------------------------------------------------------------
2025-04-13 12:23:42     Calculation 25 (Frequency: 22.352 GHz, Theta: 0, Phi: 0)


                      ------------------------------------------------------------------------------
2025-04-13 12:23:47     Matrix setup time        :	0 s
                        Solver setup             :	3 s
                        Degrees of freedom       :	126244
                        Number of mesh cells     :	19623

                        Stimulation port         :	Zmin
                        Mode number              :	1
                        Accuracy                 :	6.04338e-14
                        Iterations               :	1
                        Solver time              :	0 s


                      ------------------------------------------------------------------------------
2025-04-13 12:23:47     Total time               :	4 s

                      ------------------------------------------------------------------------------
2025-04-13 12:23:47   

                      ------------------------------------------------------------------------------
2025-04-13 12:23:47     Calculation 26 (Frequency: 23.792 GHz, Theta: 0, Phi: 0)


                      ------------------------------------------------------------------------------
2025-04-13 12:23:51     Matrix setup time        :	0 s
                        Solver setup             :	3 s
                        Degrees of freedom       :	126244
                        Number of mesh cells     :	19623

                        Stimulation port         :	Zmin
                        Mode number              :	1
                        Accuracy                 :	5.70881e-14
                        Iterations               :	1
                        Solver time              :	0 s


                      ------------------------------------------------------------------------------
2025-04-13 12:23:51     Total time               :	4 s

                      ------------------------------------------------------------------------------
2025-04-13 12:23:51   

                      ------------------------------------------------------------------------------
2025-04-13 12:23:51     Calculation 27 (Frequency: 30.104 GHz, Theta: 0, Phi: 0)


                      ------------------------------------------------------------------------------
2025-04-13 12:23:56     Matrix setup time        :	0 s
                        Solver setup             :	3 s
                        Degrees of freedom       :	126244
                        Number of mesh cells     :	19623

                        Stimulation port         :	Zmin
                        Mode number              :	1
                        Accuracy                 :	4.77224e-14
                        Iterations               :	1
                        Solver time              :	0 s


                      ------------------------------------------------------------------------------
2025-04-13 12:23:56     Total time               :	4 s

                      ------------------------------------------------------------------------------
2025-04-13 12:23:56   

                      ------------------------------------------------------------------------------
2025-04-13 12:23:56     Calculation 28 (Frequency: 31.136 GHz, Theta: 0, Phi: 0)


                      ------------------------------------------------------------------------------
2025-04-13 12:24:00     Matrix setup time        :	0 s
                        Solver setup             :	3 s
                        Degrees of freedom       :	126244
                        Number of mesh cells     :	19623

                        Stimulation port         :	Zmin
                        Mode number              :	1
                        Accuracy                 :	4.13179e-14
                        Iterations               :	1
                        Solver time              :	0 s


                      ------------------------------------------------------------------------------
2025-04-13 12:24:00     Total time               :	4 s

                      ------------------------------------------------------------------------------
2025-04-13 12:24:00   

                      ------------------------------------------------------------------------------
2025-04-13 12:24:00   Finished the general purpose interpolative broadband frequency sweep:
                      All broadband sweep convergence criteria have been satisfied after
                      calculating 28 frequency samples:

                        Broadband sweep error threshold value :  0.01 (All S-Parameters) 
                        Number of error criterion checks      :  2 (All S-Parameters) 
                        Minimum number of samples             :  3
                        Number of data samples, linear        :  1001

                      ------------------------------------------------------------------------------
2025-04-13 12:24:00     Number of mesh cells     :	19623
                        Degrees of freedom       :	125234
                        Total Solver Time        :	153 s	 (= 0 h, 02 m, 33 s)
                      ================================================================================



                      ------------------------------------------------------------------------------
2025-04-13 12:24:00     ----------------------------------------------------------------------------
                                            Peak memory used (kB)         Free physical memory (kB) 
                                                                          At begin     Minimum      
                        ----------------------------------------------------------------------------
                        Solver start        21740                         5572704      5572704      
                        Eq. system setup    2338400                       5556148      5007568      
                        Eq. system solve    2338400                       5506664      3553704      
                        Mesh refinement     1544012                       5347652      4999068      
                        Solver run total    2338400                       5572708      3553704      

                        Computer name       Tahsin
                        ----------------------------------------------------------------------------


                      ------------------------------------------------------------------------------
2025-04-13 12:24:01   Running postprocessing.

                      ------------------------------------------------------------------------------
2025-04-13 12:24:01   Postprocessing finished.

                      ------------------------------------------------------------------------------
