2025-06-14 21:33:59   *** Warning ***

                      Electric isotropic material [Copper (pure)] has a very high conductivity for
                      the given mesh. Depending on your configuration it may be better to use a lossy
                      metal type for this material. More...

                      ------------------------------------------------------------------------------
2025-06-14 21:33:59   In order to get an optimal performance, hyperthreading is ignored for parallel
                      computations.

                      ------------------------------------------------------------------------------
2025-06-14 21:34:01   Units settings: 

                        Dimensions: mm
                        Frequency:  GHz
                        Time:       s

                      ------------------------------------------------------------------------------
2025-06-14 21:34:01   Boundary conditions: 

                        YZsymmetry: none
                        XZsymmetry: none
                        XYsymmetry: none

                        Xmin: unit cell
                        Xmax: unit cell

                        Ymin: unit cell
                        Ymax: unit cell

                        Zmin: expanded open
                        Zmax: expanded open

                      ------------------------------------------------------------------------------
2025-06-14 21:34:01   Order settings: 

                        Solver order   : 2nd (constant)
                        Curved elements: up to order 3 (automatic)

                      ------------------------------------------------------------------------------
2025-06-14 21:34:01   An iterative solver will be used first.

                      ------------------------------------------------------------------------------
2025-06-14 21:34:01     Mesh time                :	2 s


                      ------------------------------------------------------------------------------
2025-06-14 21:34:01   
                      ================================================================================
                      Frequency Domain Solver calculation cycle started

                      ------------------------------------------------------------------------------
2025-06-14 21:34:01   Solver started at: 2025-06-14 21:34:01 +0800

                        Module:  Frequency Domain: S-Parameter (Win 64)
                        Version: 2024.1 Release from 2023-10-16 (change 1181985)

                      ------------------------------------------------------------------------------
2025-06-14 21:34:01   The low frequency stabilization is not applied to periodic problems.

                      ------------------------------------------------------------------------------
2025-06-14 21:34:01     Calculation 1 of 1 (Frequency: 32 GHz, Theta: 0, Phi: 0)


                      ------------------------------------------------------------------------------
2025-06-14 21:34:02   The wavelength based mesh refinement has been applied to 5.0% of all mesh edges.

                      ------------------------------------------------------------------------------
2025-06-14 21:34:02   For some elements the curvature had to be reduced to maintain the quality of the mesh. More...

                      ------------------------------------------------------------------------------
2025-06-14 21:34:02   Adaptive mesh refinement pass 1

                      ------------------------------------------------------------------------------
2025-06-14 21:34:09   *** Warning ***

2025-06-14 21:34:09   Detected possible stagnation of the iterative solver (5.093723e-02 after 250 iterations.)
                      Please consider aborting the solver run, and check your simulation setup.  More...

                      ------------------------------------------------------------------------------
2025-06-14 21:34:15   *** Warning ***

2025-06-14 21:34:15   The solver stopped because the maximum number of iterations (500, used for automatic solver choice) has been reached.

                      ------------------------------------------------------------------------------
2025-06-14 21:34:15   Solving again, but with the direct solver. Please consider forcing the direct solver in the solver special settings, and
                      check your simulation setup (for instance source and material definitions.)

                      ------------------------------------------------------------------------------
2025-06-14 21:34:16     Matrix setup time        :	0 s
                        Degrees of freedom       :	35716
                        Number of mesh cells     :	5439

                        Stimulation port         :	Zmin
                        Mode number              :	1
                        Accuracy                 :	1.28259e-13
                        Iterations               :	1
                        Solver time              :	0 s


                      ------------------------------------------------------------------------------
2025-06-14 21:34:16   28% of all mesh edges seem to be longer than expected. The adaptive mesh refinement's growth limitation will therefore 
                      use 14591 instead of 3683 mesh cells as a reference.

                      ------------------------------------------------------------------------------
2025-06-14 21:34:17   The wavelength based mesh refinement has been applied to 0.3% of all mesh edges.

                      ------------------------------------------------------------------------------
2025-06-14 21:34:17   For some elements the curvature had to be reduced to maintain the quality of the mesh. More...

                      ------------------------------------------------------------------------------
2025-06-14 21:34:17   Adaptive mesh refinement pass 2

                      ------------------------------------------------------------------------------
2025-06-14 21:34:19     Matrix setup time        :	0 s
                        Solver setup             :	1 s
                        Degrees of freedom       :	59618
                        Number of mesh cells     :	9193

                        Stimulation port         :	Zmin
                        Mode number              :	1
                        Accuracy                 :	7.21783e-14
                        Iterations               :	1
                        Solver time              :	0 s


                      ------------------------------------------------------------------------------
2025-06-14 21:34:19     Delta calculation        
2025-06-14 21:34:19     All S-Parameters         :	0.3451
2025-06-14 21:34:19   

                      ------------------------------------------------------------------------------
2025-06-14 21:34:20   For some elements the curvature had to be slightly reduced to maintain the quality of the mesh. More...

                      ------------------------------------------------------------------------------
2025-06-14 21:34:21   Adaptive mesh refinement pass 3

                      ------------------------------------------------------------------------------
2025-06-14 21:34:24     Matrix setup time        :	0 s
                        Solver setup             :	2 s
                        Degrees of freedom       :	104290
                        Number of mesh cells     :	16210

                        Stimulation port         :	Zmin
                        Mode number              :	1
                        Accuracy                 :	4.60501e-14
                        Iterations               :	1
                        Solver time              :	0 s


                      ------------------------------------------------------------------------------
2025-06-14 21:34:24     Delta calculation        
2025-06-14 21:34:24     All S-Parameters         :	0.0789363
2025-06-14 21:34:24   

                      ------------------------------------------------------------------------------
2025-06-14 21:34:26   For some elements the curvature had to be reduced to maintain the quality of the mesh. More...

                      ------------------------------------------------------------------------------
2025-06-14 21:34:26   Adaptive mesh refinement pass 4

                      ------------------------------------------------------------------------------
2025-06-14 21:34:32     Matrix setup time        :	0 s
                        Solver setup             :	5 s
                        Degrees of freedom       :	169600
                        Number of mesh cells     :	26460

                        Stimulation port         :	Zmin
                        Mode number              :	1
                        Accuracy                 :	2.9296e-14
                        Iterations               :	1
                        Solver time              :	0 s


                      ------------------------------------------------------------------------------
2025-06-14 21:34:33     Delta calculation        
2025-06-14 21:34:33     All S-Parameters         :	0.0354371
2025-06-14 21:34:33   

                      ------------------------------------------------------------------------------
2025-06-14 21:34:35   Adaptive mesh refinement pass 5

                      ------------------------------------------------------------------------------
2025-06-14 21:34:48     Matrix setup time        :	0 s
                        Solver setup             :	11 s
                        Degrees of freedom       :	258340
                        Number of mesh cells     :	40327

                        Stimulation port         :	Zmin
                        Mode number              :	1
                        Accuracy                 :	2.89279e-14
                        Iterations               :	1
                        Solver time              :	0 s


                      ------------------------------------------------------------------------------
2025-06-14 21:34:48     Delta calculation        
2025-06-14 21:34:48     All S-Parameters         :	0.0145102
2025-06-14 21:34:48   

                      ------------------------------------------------------------------------------
2025-06-14 21:34:48   Mesh adaptation terminated because the desired accuracy limit is reached.

                      ------------------------------------------------------------------------------
2025-06-14 21:34:48   *** Warning ***

2025-06-14 21:34:48   At least one propagating Floquet mode is not considered at port Zmin. Please increase the number of modes at this port. 
                      More...

                      ------------------------------------------------------------------------------
2025-06-14 21:34:48   *** Warning ***

2025-06-14 21:34:48   At least one propagating Floquet mode is not considered at port Zmax. Please increase the number of modes at this port. 
                      More...

                      ------------------------------------------------------------------------------
2025-06-14 21:34:48     Total time               :	46 s

                      ------------------------------------------------------------------------------
2025-06-14 21:34:48   

                      ------------------------------------------------------------------------------
2025-06-14 21:34:49     Calculation 2 (Frequency: 20 GHz, Theta: 0, Phi: 0)


                      ------------------------------------------------------------------------------
2025-06-14 21:34:58     Matrix setup time        :	0 s
                        Solver setup             :	9 s
                        Degrees of freedom       :	258340
                        Number of mesh cells     :	40327

                        Stimulation port         :	Zmin
                        Mode number              :	1
                        Accuracy                 :	2.93981e-14
                        Iterations               :	1
                        Solver time              :	0 s


                      ------------------------------------------------------------------------------
2025-06-14 21:34:59     Total time               :	10 s

                      ------------------------------------------------------------------------------
2025-06-14 21:34:59   

                      ------------------------------------------------------------------------------
2025-06-14 21:34:59     Calculation 3 (Frequency: 26 GHz, Theta: 0, Phi: 0)


                      ------------------------------------------------------------------------------
2025-06-14 21:35:09     Matrix setup time        :	0 s
                        Solver setup             :	8 s
                        Degrees of freedom       :	258340
                        Number of mesh cells     :	40327

                        Stimulation port         :	Zmin
                        Mode number              :	1
                        Accuracy                 :	3.04442e-14
                        Iterations               :	1
                        Solver time              :	0 s


                      ------------------------------------------------------------------------------
2025-06-14 21:35:09     Total time               :	9 s

                      ------------------------------------------------------------------------------
2025-06-14 21:35:09   

                      ------------------------------------------------------------------------------
2025-06-14 21:35:09     Calculation 4 (Frequency: 29 GHz, Theta: 0, Phi: 0)


                      ------------------------------------------------------------------------------
2025-06-14 21:35:19     Matrix setup time        :	0 s
                        Solver setup             :	9 s
                        Degrees of freedom       :	258340
                        Number of mesh cells     :	40327

                        Stimulation port         :	Zmin
                        Mode number              :	1
                        Accuracy                 :	2.60064e-14
                        Iterations               :	1
                        Solver time              :	0 s


                      ------------------------------------------------------------------------------
2025-06-14 21:35:19     Total time               :	10 s

                      ------------------------------------------------------------------------------
2025-06-14 21:35:19   

                      ------------------------------------------------------------------------------
2025-06-14 21:35:19     Calculation 5 (Frequency: 24.56 GHz, Theta: 0, Phi: 0)


                      ------------------------------------------------------------------------------
2025-06-14 21:35:29     Matrix setup time        :	0 s
                        Solver setup             :	9 s
                        Degrees of freedom       :	258340
                        Number of mesh cells     :	40327

                        Stimulation port         :	Zmin
                        Mode number              :	1
                        Accuracy                 :	2.1502e-14
                        Iterations               :	1
                        Solver time              :	0 s


                      ------------------------------------------------------------------------------
2025-06-14 21:35:30     Total time               :	10 s

                      ------------------------------------------------------------------------------
2025-06-14 21:35:30   

                      ------------------------------------------------------------------------------
2025-06-14 21:35:30     Calculation 6 (Frequency: 27.752 GHz, Theta: 0, Phi: 0)


                      ------------------------------------------------------------------------------
2025-06-14 21:35:39     Matrix setup time        :	0 s
                        Solver setup             :	8 s
                        Degrees of freedom       :	258340
                        Number of mesh cells     :	40327

                        Stimulation port         :	Zmin
                        Mode number              :	1
                        Accuracy                 :	4.79857e-14
                        Iterations               :	1
                        Solver time              :	0 s


                      ------------------------------------------------------------------------------
2025-06-14 21:35:39     Total time               :	9 s

                      ------------------------------------------------------------------------------
2025-06-14 21:35:39   

                      ------------------------------------------------------------------------------
2025-06-14 21:35:39     Calculation 7 (Frequency: 22.652 GHz, Theta: 0, Phi: 0)


                      ------------------------------------------------------------------------------
2025-06-14 21:35:49     Matrix setup time        :	0 s
                        Solver setup             :	8 s
                        Degrees of freedom       :	258340
                        Number of mesh cells     :	40327

                        Stimulation port         :	Zmin
                        Mode number              :	1
                        Accuracy                 :	3.11734e-14
                        Iterations               :	1
                        Solver time              :	0 s


                      ------------------------------------------------------------------------------
2025-06-14 21:35:49     Total time               :	9 s

                      ------------------------------------------------------------------------------
2025-06-14 21:35:49   

                      ------------------------------------------------------------------------------
2025-06-14 21:35:49     Calculation 8 (Frequency: 26.84 GHz, Theta: 0, Phi: 0)


                      ------------------------------------------------------------------------------
2025-06-14 21:35:59     Matrix setup time        :	0 s
                        Solver setup             :	8 s
                        Degrees of freedom       :	258340
                        Number of mesh cells     :	40327

                        Stimulation port         :	Zmin
                        Mode number              :	1
                        Accuracy                 :	2.62648e-14
                        Iterations               :	1
                        Solver time              :	0 s


                      ------------------------------------------------------------------------------
2025-06-14 21:35:59     Total time               :	9 s

                      ------------------------------------------------------------------------------
2025-06-14 21:35:59   

                      ------------------------------------------------------------------------------
2025-06-14 21:35:59     Calculation 9 (Frequency: 28.472 GHz, Theta: 0, Phi: 0)


                      ------------------------------------------------------------------------------
2025-06-14 21:36:08     Matrix setup time        :	0 s
                        Solver setup             :	8 s
                        Degrees of freedom       :	258340
                        Number of mesh cells     :	40327

                        Stimulation port         :	Zmin
                        Mode number              :	1
                        Accuracy                 :	3.0114e-14
                        Iterations               :	1
                        Solver time              :	0 s


                      ------------------------------------------------------------------------------
2025-06-14 21:36:09     Total time               :	9 s

                      ------------------------------------------------------------------------------
2025-06-14 21:36:09   

                      ------------------------------------------------------------------------------
2025-06-14 21:36:09     Calculation 10 (Frequency: 29.504 GHz, Theta: 0, Phi: 0)


                      ------------------------------------------------------------------------------
2025-06-14 21:36:19     Matrix setup time        :	0 s
                        Solver setup             :	9 s
                        Degrees of freedom       :	258340
                        Number of mesh cells     :	40327

                        Stimulation port         :	Zmin
                        Mode number              :	1
                        Accuracy                 :	3.37912e-14
                        Iterations               :	1
                        Solver time              :	0 s


                      ------------------------------------------------------------------------------
2025-06-14 21:36:19     Total time               :	10 s

                      ------------------------------------------------------------------------------
2025-06-14 21:36:19   

                      ------------------------------------------------------------------------------
2025-06-14 21:36:19     Calculation 11 (Frequency: 25.244 GHz, Theta: 0, Phi: 0)


                      ------------------------------------------------------------------------------
2025-06-14 21:36:29     Matrix setup time        :	0 s
                        Solver setup             :	9 s
                        Degrees of freedom       :	258340
                        Number of mesh cells     :	40327

                        Stimulation port         :	Zmin
                        Mode number              :	1
                        Accuracy                 :	3.42703e-14
                        Iterations               :	1
                        Solver time              :	0 s


                      ------------------------------------------------------------------------------
2025-06-14 21:36:30     Total time               :	10 s

                      ------------------------------------------------------------------------------
2025-06-14 21:36:30   

                      ------------------------------------------------------------------------------
2025-06-14 21:36:30     Calculation 12 (Frequency: 23.78 GHz, Theta: 0, Phi: 0)


                      ------------------------------------------------------------------------------
2025-06-14 21:36:39     Matrix setup time        :	0 s
                        Solver setup             :	9 s
                        Degrees of freedom       :	258340
                        Number of mesh cells     :	40327

                        Stimulation port         :	Zmin
                        Mode number              :	1
                        Accuracy                 :	1.93353e-14
                        Iterations               :	1
                        Solver time              :	0 s


                      ------------------------------------------------------------------------------
2025-06-14 21:36:40     Total time               :	9 s

                      ------------------------------------------------------------------------------
2025-06-14 21:36:40   

                      ------------------------------------------------------------------------------
2025-06-14 21:36:40     Calculation 13 (Frequency: 28.004 GHz, Theta: 0, Phi: 0)


                      ------------------------------------------------------------------------------
2025-06-14 21:36:49     Matrix setup time        :	0 s
                        Solver setup             :	8 s
                        Degrees of freedom       :	258340
                        Number of mesh cells     :	40327

                        Stimulation port         :	Zmin
                        Mode number              :	1
                        Accuracy                 :	3.54598e-14
                        Iterations               :	1
                        Solver time              :	0 s


                      ------------------------------------------------------------------------------
2025-06-14 21:36:50     Total time               :	9 s

                      ------------------------------------------------------------------------------
2025-06-14 21:36:50   

                      ------------------------------------------------------------------------------
2025-06-14 21:36:50     Calculation 14 (Frequency: 30.752 GHz, Theta: 0, Phi: 0)


                      ------------------------------------------------------------------------------
2025-06-14 21:37:00     Matrix setup time        :	0 s
                        Solver setup             :	9 s
                        Degrees of freedom       :	258340
                        Number of mesh cells     :	40327

                        Stimulation port         :	Zmin
                        Mode number              :	1
                        Accuracy                 :	3.0291e-14
                        Iterations               :	1
                        Solver time              :	0 s


                      ------------------------------------------------------------------------------
2025-06-14 21:37:00     Total time               :	10 s

                      ------------------------------------------------------------------------------
2025-06-14 21:37:00   

                      ------------------------------------------------------------------------------
2025-06-14 21:37:00     Calculation 15 (Frequency: 25.496 GHz, Theta: 0, Phi: 0)


                      ------------------------------------------------------------------------------
2025-06-14 21:37:10     Matrix setup time        :	0 s
                        Solver setup             :	9 s
                        Degrees of freedom       :	258340
                        Number of mesh cells     :	40327

                        Stimulation port         :	Zmin
                        Mode number              :	1
                        Accuracy                 :	1.92496e-14
                        Iterations               :	1
                        Solver time              :	0 s


                      ------------------------------------------------------------------------------
2025-06-14 21:37:10     Total time               :	10 s

                      ------------------------------------------------------------------------------
2025-06-14 21:37:10   

                      ------------------------------------------------------------------------------
2025-06-14 21:37:10     Calculation 16 (Frequency: 23.516 GHz, Theta: 0, Phi: 0)


                      ------------------------------------------------------------------------------
2025-06-14 21:37:20     Matrix setup time        :	0 s
                        Solver setup             :	8 s
                        Degrees of freedom       :	258340
                        Number of mesh cells     :	40327

                        Stimulation port         :	Zmin
                        Mode number              :	1
                        Accuracy                 :	3.07628e-14
                        Iterations               :	1
                        Solver time              :	0 s


                      ------------------------------------------------------------------------------
2025-06-14 21:37:20     Total time               :	9 s

                      ------------------------------------------------------------------------------
2025-06-14 21:37:20   

                      ------------------------------------------------------------------------------
2025-06-14 21:37:20     Calculation 17 (Frequency: 21.764 GHz, Theta: 0, Phi: 0)


                      ------------------------------------------------------------------------------
2025-06-14 21:37:30     Matrix setup time        :	0 s
                        Solver setup             :	9 s
                        Degrees of freedom       :	258340
                        Number of mesh cells     :	40327

                        Stimulation port         :	Zmin
                        Mode number              :	1
                        Accuracy                 :	3.46346e-14
                        Iterations               :	1
                        Solver time              :	0 s


                      ------------------------------------------------------------------------------
2025-06-14 21:37:30     Total time               :	10 s

                      ------------------------------------------------------------------------------
2025-06-14 21:37:30   

                      ------------------------------------------------------------------------------
2025-06-14 21:37:30     Calculation 18 (Frequency: 27.248 GHz, Theta: 0, Phi: 0)


                      ------------------------------------------------------------------------------
2025-06-14 21:37:40     Matrix setup time        :	0 s
                        Solver setup             :	9 s
                        Degrees of freedom       :	258340
                        Number of mesh cells     :	40327

                        Stimulation port         :	Zmin
                        Mode number              :	1
                        Accuracy                 :	2.05563e-14
                        Iterations               :	1
                        Solver time              :	0 s


                      ------------------------------------------------------------------------------
2025-06-14 21:37:41     Total time               :	9 s

                      ------------------------------------------------------------------------------
2025-06-14 21:37:41   

                      ------------------------------------------------------------------------------
2025-06-14 21:37:41     Calculation 19 (Frequency: 26.744 GHz, Theta: 0, Phi: 0)


                      ------------------------------------------------------------------------------
2025-06-14 21:37:51     Matrix setup time        :	0 s
                        Solver setup             :	9 s
                        Degrees of freedom       :	258340
                        Number of mesh cells     :	40327

                        Stimulation port         :	Zmin
                        Mode number              :	1
                        Accuracy                 :	2.11422e-14
                        Iterations               :	1
                        Solver time              :	0 s


                      ------------------------------------------------------------------------------
2025-06-14 21:37:51     Total time               :	10 s

                      ------------------------------------------------------------------------------
2025-06-14 21:37:51   

                      ------------------------------------------------------------------------------
2025-06-14 21:37:51     Calculation 20 (Frequency: 31.208 GHz, Theta: 0, Phi: 0)


                      ------------------------------------------------------------------------------
2025-06-14 21:38:01     Matrix setup time        :	0 s
                        Solver setup             :	9 s
                        Degrees of freedom       :	258340
                        Number of mesh cells     :	40327

                        Stimulation port         :	Zmin
                        Mode number              :	1
                        Accuracy                 :	3.73055e-14
                        Iterations               :	1
                        Solver time              :	0 s


                      ------------------------------------------------------------------------------
2025-06-14 21:38:01     Total time               :	10 s

                      ------------------------------------------------------------------------------
2025-06-14 21:38:01   

                      ------------------------------------------------------------------------------
2025-06-14 21:38:02     Calculation 21 (Frequency: 20.912 GHz, Theta: 0, Phi: 0)


                      ------------------------------------------------------------------------------
2025-06-14 21:38:12     Matrix setup time        :	0 s
                        Solver setup             :	9 s
                        Degrees of freedom       :	258340
                        Number of mesh cells     :	40327

                        Stimulation port         :	Zmin
                        Mode number              :	1
                        Accuracy                 :	4.32648e-14
                        Iterations               :	1
                        Solver time              :	0 s


                      ------------------------------------------------------------------------------
2025-06-14 21:38:12     Total time               :	10 s

                      ------------------------------------------------------------------------------
2025-06-14 21:38:12   

                      ------------------------------------------------------------------------------
2025-06-14 21:38:12     Calculation 22 (Frequency: 22.184 GHz, Theta: 0, Phi: 0)


                      ------------------------------------------------------------------------------
2025-06-14 21:38:22     Matrix setup time        :	0 s
                        Solver setup             :	9 s
                        Degrees of freedom       :	258340
                        Number of mesh cells     :	40327

                        Stimulation port         :	Zmin
                        Mode number              :	1
                        Accuracy                 :	3.19928e-14
                        Iterations               :	1
                        Solver time              :	0 s


                      ------------------------------------------------------------------------------
2025-06-14 21:38:23     Total time               :	10 s

                      ------------------------------------------------------------------------------
2025-06-14 21:38:23   

                      ------------------------------------------------------------------------------
2025-06-14 21:38:23     Calculation 23 (Frequency: 21.428 GHz, Theta: 0, Phi: 0)


                      ------------------------------------------------------------------------------
2025-06-14 21:38:33     Matrix setup time        :	0 s
                        Solver setup             :	9 s
                        Degrees of freedom       :	258340
                        Number of mesh cells     :	40327

                        Stimulation port         :	Zmin
                        Mode number              :	1
                        Accuracy                 :	3.57553e-14
                        Iterations               :	1
                        Solver time              :	0 s


                      ------------------------------------------------------------------------------
2025-06-14 21:38:34     Total time               :	10 s

                      ------------------------------------------------------------------------------
2025-06-14 21:38:34   

                      ------------------------------------------------------------------------------
2025-06-14 21:38:34     Calculation 24 (Frequency: 21.956 GHz, Theta: 0, Phi: 0)


                      ------------------------------------------------------------------------------
2025-06-14 21:38:44     Matrix setup time        :	0 s
                        Solver setup             :	9 s
                        Degrees of freedom       :	258340
                        Number of mesh cells     :	40327

                        Stimulation port         :	Zmin
                        Mode number              :	1
                        Accuracy                 :	3.14326e-14
                        Iterations               :	1
                        Solver time              :	0 s


                      ------------------------------------------------------------------------------
2025-06-14 21:38:44     Total time               :	10 s

                      ------------------------------------------------------------------------------
2025-06-14 21:38:44   

                      ------------------------------------------------------------------------------
2025-06-14 21:38:44     Calculation 25 (Frequency: 31.628 GHz, Theta: 0, Phi: 0)


                      ------------------------------------------------------------------------------
2025-06-14 21:38:55     Matrix setup time        :	0 s
                        Solver setup             :	9 s
                        Degrees of freedom       :	258340
                        Number of mesh cells     :	40327

                        Stimulation port         :	Zmin
                        Mode number              :	1
                        Accuracy                 :	2.56329e-14
                        Iterations               :	1
                        Solver time              :	0 s


                      ------------------------------------------------------------------------------
2025-06-14 21:38:55     Total time               :	10 s

                      ------------------------------------------------------------------------------
2025-06-14 21:38:55   

                      ------------------------------------------------------------------------------
2025-06-14 21:38:55     Calculation 26 (Frequency: 30.368 GHz, Theta: 0, Phi: 0)


                      ------------------------------------------------------------------------------
2025-06-14 21:39:05     Matrix setup time        :	0 s
                        Solver setup             :	9 s
                        Degrees of freedom       :	258340
                        Number of mesh cells     :	40327

                        Stimulation port         :	Zmin
                        Mode number              :	1
                        Accuracy                 :	3.43079e-14
                        Iterations               :	1
                        Solver time              :	0 s


                      ------------------------------------------------------------------------------
2025-06-14 21:39:05     Total time               :	10 s

                      ------------------------------------------------------------------------------
2025-06-14 21:39:05   

                      ------------------------------------------------------------------------------
2025-06-14 21:39:05     Calculation 27 (Frequency: 29.264 GHz, Theta: 0, Phi: 0)


                      ------------------------------------------------------------------------------
2025-06-14 21:39:16     Matrix setup time        :	0 s
                        Solver setup             :	9 s
                        Degrees of freedom       :	258340
                        Number of mesh cells     :	40327

                        Stimulation port         :	Zmin
                        Mode number              :	1
                        Accuracy                 :	2.71432e-14
                        Iterations               :	1
                        Solver time              :	0 s


                      ------------------------------------------------------------------------------
2025-06-14 21:39:16     Total time               :	10 s

                      ------------------------------------------------------------------------------
2025-06-14 21:39:16   

                      ------------------------------------------------------------------------------
2025-06-14 21:39:16     Calculation 28 (Frequency: 29.912 GHz, Theta: 0, Phi: 0)


                      ------------------------------------------------------------------------------
2025-06-14 21:39:26     Matrix setup time        :	0 s
                        Solver setup             :	9 s
                        Degrees of freedom       :	258340
                        Number of mesh cells     :	40327

                        Stimulation port         :	Zmin
                        Mode number              :	1
                        Accuracy                 :	3.07251e-14
                        Iterations               :	1
                        Solver time              :	0 s


                      ------------------------------------------------------------------------------
2025-06-14 21:39:26     Total time               :	10 s

                      ------------------------------------------------------------------------------
2025-06-14 21:39:26   

                      ------------------------------------------------------------------------------
2025-06-14 21:39:26     Calculation 29 (Frequency: 30.56 GHz, Theta: 0, Phi: 0)


                      ------------------------------------------------------------------------------
2025-06-14 21:39:36     Matrix setup time        :	0 s
                        Solver setup             :	9 s
                        Degrees of freedom       :	258340
                        Number of mesh cells     :	40327

                        Stimulation port         :	Zmin
                        Mode number              :	1
                        Accuracy                 :	2.77024e-14
                        Iterations               :	1
                        Solver time              :	0 s


                      ------------------------------------------------------------------------------
2025-06-14 21:39:36     Total time               :	10 s

                      ------------------------------------------------------------------------------
2025-06-14 21:39:36   

                      ------------------------------------------------------------------------------
2025-06-14 21:39:36   Finished the general purpose interpolative broadband frequency sweep:
                      All broadband sweep convergence criteria have been satisfied after
                      calculating 29 frequency samples:

                        Broadband sweep error threshold value :  0.01 (All S-Parameters) 
                        Number of error criterion checks      :  2 (All S-Parameters) 
                        Minimum number of samples             :  3
                        Number of data samples, linear        :  1001

                      ------------------------------------------------------------------------------
2025-06-14 21:39:36     Number of mesh cells     :	40327
                        Degrees of freedom       :	257090
                        Total Solver Time        :	336 s	 (= 0 h, 05 m, 36 s)
                      ================================================================================



                      ------------------------------------------------------------------------------
2025-06-14 21:39:37     ----------------------------------------------------------------------------
                                            Peak memory used (kB)         Free physical memory (kB) 
                                                                          At begin     Minimum      
                        ----------------------------------------------------------------------------
                        Solver start        22260                         8503760      8503004      
                        Eq. system setup    4041628                       8491704      7698272      
                        Eq. system solve    4041628                       8449692      4537308      
                        Mesh refinement     2493468                       8008908      7804308      
                        Solver run total    4041628                       8503764      4537308      

                        Computer name       Tahsin
                        ----------------------------------------------------------------------------


                      ------------------------------------------------------------------------------
2025-06-14 21:39:37   Running postprocessing.

                      ------------------------------------------------------------------------------
2025-06-14 21:39:37   Postprocessing finished.

                      ------------------------------------------------------------------------------
