2025-06-14 18:23:01   *** Warning ***

                      Electric isotropic material [Copper (pure)] has a very high conductivity for
                      the given mesh. Depending on your configuration it may be better to use a lossy
                      metal type for this material. More...

                      ------------------------------------------------------------------------------
2025-06-14 18:23:01   In order to get an optimal performance, hyperthreading is ignored for parallel
                      computations.

                      ------------------------------------------------------------------------------
2025-06-14 18:23:03   Units settings: 

                        Dimensions: mm
                        Frequency:  GHz
                        Time:       s

                      ------------------------------------------------------------------------------
2025-06-14 18:23:03   Boundary conditions: 

                        YZsymmetry: none
                        XZsymmetry: none
                        XYsymmetry: none

                        Xmin: unit cell
                        Xmax: unit cell

                        Ymin: unit cell
                        Ymax: unit cell

                        Zmin: expanded open
                        Zmax: expanded open

                      ------------------------------------------------------------------------------
2025-06-14 18:23:03   Order settings: 

                        Solver order   : 2nd (constant)
                        Curved elements: up to order 3 (automatic)

                      ------------------------------------------------------------------------------
2025-06-14 18:23:03   An iterative solver will be used first.

                      ------------------------------------------------------------------------------
2025-06-14 18:23:03     Mesh time                :	1 s


                      ------------------------------------------------------------------------------
2025-06-14 18:23:03   
                      ================================================================================
                      Frequency Domain Solver calculation cycle started

                      ------------------------------------------------------------------------------
2025-06-14 18:23:03   Solver started at: 2025-06-14 18:23:03 +0800

                        Module:  Frequency Domain: S-Parameter (Win 64)
                        Version: 2024.1 Release from 2023-10-16 (change 1181985)

                      ------------------------------------------------------------------------------
2025-06-14 18:23:03   The low frequency stabilization is not applied to periodic problems.

                      ------------------------------------------------------------------------------
2025-06-14 18:23:03     Calculation 1 of 1 (Frequency: 32 GHz, Theta: 0, Phi: 0)


                      ------------------------------------------------------------------------------
2025-06-14 18:23:03   The wavelength based mesh refinement has been applied to 4.5% of all mesh edges.

                      ------------------------------------------------------------------------------
2025-06-14 18:23:03   For some elements the curvature had to be reduced to maintain the quality of the mesh. More...

                      ------------------------------------------------------------------------------
2025-06-14 18:23:04   Adaptive mesh refinement pass 1

                      ------------------------------------------------------------------------------
2025-06-14 18:23:11   *** Warning ***

2025-06-14 18:23:11   Detected possible stagnation of the iterative solver (5.061758e-02 after 250 iterations.)
                      Please consider aborting the solver run, and check your simulation setup.  More...

                      ------------------------------------------------------------------------------
2025-06-14 18:23:18   *** Warning ***

2025-06-14 18:23:18   The solver stopped because the maximum number of iterations (500, used for automatic solver choice) has been reached.

                      ------------------------------------------------------------------------------
2025-06-14 18:23:18   Solving again, but with the direct solver. Please consider forcing the direct solver in the solver special settings, and
                      check your simulation setup (for instance source and material definitions.)

                      ------------------------------------------------------------------------------
2025-06-14 18:23:19     Matrix setup time        :	0 s
                        Degrees of freedom       :	35134
                        Number of mesh cells     :	5348

                        Stimulation port         :	Zmin
                        Mode number              :	1
                        Accuracy                 :	9.73549e-14
                        Iterations               :	1
                        Solver time              :	0 s


                      ------------------------------------------------------------------------------
2025-06-14 18:23:19   27% of all mesh edges seem to be longer than expected. The adaptive mesh refinement's growth limitation will therefore 
                      use 14279 instead of 3630 mesh cells as a reference.

                      ------------------------------------------------------------------------------
2025-06-14 18:23:19   The wavelength based mesh refinement has been applied to 0.3% of all mesh edges.

                      ------------------------------------------------------------------------------
2025-06-14 18:23:20   Adaptive mesh refinement pass 2

                      ------------------------------------------------------------------------------
2025-06-14 18:23:22     Matrix setup time        :	0 s
                        Solver setup             :	1 s
                        Degrees of freedom       :	67506
                        Number of mesh cells     :	10436

                        Stimulation port         :	Zmin
                        Mode number              :	1
                        Accuracy                 :	4.595e-14
                        Iterations               :	1
                        Solver time              :	0 s


                      ------------------------------------------------------------------------------
2025-06-14 18:23:22     Delta calculation        
2025-06-14 18:23:22     All S-Parameters         :	0.0761536
2025-06-14 18:23:22   

                      ------------------------------------------------------------------------------
2025-06-14 18:23:23   Adaptive mesh refinement pass 3

                      ------------------------------------------------------------------------------
2025-06-14 18:23:28     Matrix setup time        :	0 s
                        Solver setup             :	3 s
                        Degrees of freedom       :	117870
                        Number of mesh cells     :	18318

                        Stimulation port         :	Zmin
                        Mode number              :	1
                        Accuracy                 :	2.80138e-14
                        Iterations               :	1
                        Solver time              :	0 s


                      ------------------------------------------------------------------------------
2025-06-14 18:23:28     Delta calculation        
2025-06-14 18:23:28     All S-Parameters         :	0.0142544
2025-06-14 18:23:28   

                      ------------------------------------------------------------------------------
2025-06-14 18:23:28   Mesh adaptation terminated because the desired accuracy limit is reached.

                      ------------------------------------------------------------------------------
2025-06-14 18:23:28   *** Warning ***

2025-06-14 18:23:28   At least one propagating Floquet mode is not considered at port Zmin. Please increase the number of modes at this port. 
                      More...

                      ------------------------------------------------------------------------------
2025-06-14 18:23:28   *** Warning ***

2025-06-14 18:23:28   At least one propagating Floquet mode is not considered at port Zmax. Please increase the number of modes at this port. 
                      More...

                      ------------------------------------------------------------------------------
2025-06-14 18:23:28     Total time               :	25 s

                      ------------------------------------------------------------------------------
2025-06-14 18:23:28   

                      ------------------------------------------------------------------------------
2025-06-14 18:23:28     Calculation 2 (Frequency: 20 GHz, Theta: 0, Phi: 0)


                      ------------------------------------------------------------------------------
2025-06-14 18:23:32     Matrix setup time        :	0 s
                        Solver setup             :	2 s
                        Degrees of freedom       :	117870
                        Number of mesh cells     :	18318

                        Stimulation port         :	Zmin
                        Mode number              :	1
                        Accuracy                 :	4.88455e-14
                        Iterations               :	1
                        Solver time              :	0 s


                      ------------------------------------------------------------------------------
2025-06-14 18:23:32     Total time               :	3 s

                      ------------------------------------------------------------------------------
2025-06-14 18:23:32   

                      ------------------------------------------------------------------------------
2025-06-14 18:23:32     Calculation 3 (Frequency: 26 GHz, Theta: 0, Phi: 0)


                      ------------------------------------------------------------------------------
2025-06-14 18:23:35     Matrix setup time        :	0 s
                        Solver setup             :	2 s
                        Degrees of freedom       :	117870
                        Number of mesh cells     :	18318

                        Stimulation port         :	Zmin
                        Mode number              :	1
                        Accuracy                 :	2.50938e-14
                        Iterations               :	1
                        Solver time              :	0 s


                      ------------------------------------------------------------------------------
2025-06-14 18:23:35     Total time               :	3 s

                      ------------------------------------------------------------------------------
2025-06-14 18:23:35   

                      ------------------------------------------------------------------------------
2025-06-14 18:23:35     Calculation 4 (Frequency: 29 GHz, Theta: 0, Phi: 0)


                      ------------------------------------------------------------------------------
2025-06-14 18:23:39     Matrix setup time        :	0 s
                        Solver setup             :	2 s
                        Degrees of freedom       :	117870
                        Number of mesh cells     :	18318

                        Stimulation port         :	Zmin
                        Mode number              :	1
                        Accuracy                 :	3.99299e-14
                        Iterations               :	1
                        Solver time              :	0 s


                      ------------------------------------------------------------------------------
2025-06-14 18:23:39     Total time               :	3 s

                      ------------------------------------------------------------------------------
2025-06-14 18:23:39   

                      ------------------------------------------------------------------------------
2025-06-14 18:23:39     Calculation 5 (Frequency: 23.372 GHz, Theta: 0, Phi: 0)


                      ------------------------------------------------------------------------------
2025-06-14 18:23:42     Matrix setup time        :	0 s
                        Solver setup             :	2 s
                        Degrees of freedom       :	117870
                        Number of mesh cells     :	18318

                        Stimulation port         :	Zmin
                        Mode number              :	1
                        Accuracy                 :	3.33566e-14
                        Iterations               :	1
                        Solver time              :	0 s


                      ------------------------------------------------------------------------------
2025-06-14 18:23:42     Total time               :	3 s

                      ------------------------------------------------------------------------------
2025-06-14 18:23:42   

                      ------------------------------------------------------------------------------
2025-06-14 18:23:42     Calculation 6 (Frequency: 27.728 GHz, Theta: 0, Phi: 0)


                      ------------------------------------------------------------------------------
2025-06-14 18:23:46     Matrix setup time        :	0 s
                        Solver setup             :	2 s
                        Degrees of freedom       :	117870
                        Number of mesh cells     :	18318

                        Stimulation port         :	Zmin
                        Mode number              :	1
                        Accuracy                 :	3.32059e-14
                        Iterations               :	1
                        Solver time              :	0 s


                      ------------------------------------------------------------------------------
2025-06-14 18:23:46     Total time               :	3 s

                      ------------------------------------------------------------------------------
2025-06-14 18:23:46   

                      ------------------------------------------------------------------------------
2025-06-14 18:23:46     Calculation 7 (Frequency: 22.532 GHz, Theta: 0, Phi: 0)


                      ------------------------------------------------------------------------------
2025-06-14 18:23:49     Matrix setup time        :	0 s
                        Solver setup             :	2 s
                        Degrees of freedom       :	117870
                        Number of mesh cells     :	18318

                        Stimulation port         :	Zmin
                        Mode number              :	1
                        Accuracy                 :	4.89785e-14
                        Iterations               :	1
                        Solver time              :	0 s


                      ------------------------------------------------------------------------------
2025-06-14 18:23:49     Total time               :	3 s

                      ------------------------------------------------------------------------------
2025-06-14 18:23:49   

                      ------------------------------------------------------------------------------
2025-06-14 18:23:49     Calculation 8 (Frequency: 28.196 GHz, Theta: 0, Phi: 0)


                      ------------------------------------------------------------------------------
2025-06-14 18:23:53     Matrix setup time        :	0 s
                        Solver setup             :	2 s
                        Degrees of freedom       :	117870
                        Number of mesh cells     :	18318

                        Stimulation port         :	Zmin
                        Mode number              :	1
                        Accuracy                 :	3.72793e-14
                        Iterations               :	1
                        Solver time              :	0 s


                      ------------------------------------------------------------------------------
2025-06-14 18:23:53     Total time               :	3 s

                      ------------------------------------------------------------------------------
2025-06-14 18:23:53   

                      ------------------------------------------------------------------------------
2025-06-14 18:23:53     Calculation 9 (Frequency: 24.32 GHz, Theta: 0, Phi: 0)


                      ------------------------------------------------------------------------------
2025-06-14 18:23:56     Matrix setup time        :	0 s
                        Solver setup             :	2 s
                        Degrees of freedom       :	117870
                        Number of mesh cells     :	18318

                        Stimulation port         :	Zmin
                        Mode number              :	1
                        Accuracy                 :	2.61836e-14
                        Iterations               :	1
                        Solver time              :	0 s


                      ------------------------------------------------------------------------------
2025-06-14 18:23:57     Total time               :	3 s

                      ------------------------------------------------------------------------------
2025-06-14 18:23:57   

                      ------------------------------------------------------------------------------
2025-06-14 18:23:57     Calculation 10 (Frequency: 29.528 GHz, Theta: 0, Phi: 0)


                      ------------------------------------------------------------------------------
2025-06-14 18:24:00     Matrix setup time        :	0 s
                        Solver setup             :	3 s
                        Degrees of freedom       :	117870
                        Number of mesh cells     :	18318

                        Stimulation port         :	Zmin
                        Mode number              :	1
                        Accuracy                 :	3.82624e-14
                        Iterations               :	1
                        Solver time              :	0 s


                      ------------------------------------------------------------------------------
2025-06-14 18:24:00     Total time               :	3 s

                      ------------------------------------------------------------------------------
2025-06-14 18:24:00   

                      ------------------------------------------------------------------------------
2025-06-14 18:24:00     Calculation 11 (Frequency: 26.888 GHz, Theta: 0, Phi: 0)


                      ------------------------------------------------------------------------------
2025-06-14 18:24:04     Matrix setup time        :	0 s
                        Solver setup             :	3 s
                        Degrees of freedom       :	117870
                        Number of mesh cells     :	18318

                        Stimulation port         :	Zmin
                        Mode number              :	1
                        Accuracy                 :	3.15775e-14
                        Iterations               :	1
                        Solver time              :	0 s


                      ------------------------------------------------------------------------------
2025-06-14 18:24:04     Total time               :	3 s

                      ------------------------------------------------------------------------------
2025-06-14 18:24:04   

                      ------------------------------------------------------------------------------
2025-06-14 18:24:04     Calculation 12 (Frequency: 22.772 GHz, Theta: 0, Phi: 0)


                      ------------------------------------------------------------------------------
2025-06-14 18:24:07     Matrix setup time        :	0 s
                        Solver setup             :	2 s
                        Degrees of freedom       :	117870
                        Number of mesh cells     :	18318

                        Stimulation port         :	Zmin
                        Mode number              :	1
                        Accuracy                 :	4.06668e-14
                        Iterations               :	1
                        Solver time              :	0 s


                      ------------------------------------------------------------------------------
2025-06-14 18:24:07     Total time               :	3 s

                      ------------------------------------------------------------------------------
2025-06-14 18:24:07   

                      ------------------------------------------------------------------------------
2025-06-14 18:24:07     Calculation 13 (Frequency: 21.56 GHz, Theta: 0, Phi: 0)


                      ------------------------------------------------------------------------------
2025-06-14 18:24:11     Matrix setup time        :	0 s
                        Solver setup             :	2 s
                        Degrees of freedom       :	117870
                        Number of mesh cells     :	18318

                        Stimulation port         :	Zmin
                        Mode number              :	1
                        Accuracy                 :	5.43907e-14
                        Iterations               :	1
                        Solver time              :	0 s


                      ------------------------------------------------------------------------------
2025-06-14 18:24:11     Total time               :	3 s

                      ------------------------------------------------------------------------------
2025-06-14 18:24:11   

                      ------------------------------------------------------------------------------
2025-06-14 18:24:11     Calculation 14 (Frequency: 30.884 GHz, Theta: 0, Phi: 0)


                      ------------------------------------------------------------------------------
2025-06-14 18:24:14     Matrix setup time        :	0 s
                        Solver setup             :	2 s
                        Degrees of freedom       :	117870
                        Number of mesh cells     :	18318

                        Stimulation port         :	Zmin
                        Mode number              :	1
                        Accuracy                 :	4.82595e-14
                        Iterations               :	1
                        Solver time              :	0 s


                      ------------------------------------------------------------------------------
2025-06-14 18:24:14     Total time               :	3 s

                      ------------------------------------------------------------------------------
2025-06-14 18:24:14   

                      ------------------------------------------------------------------------------
2025-06-14 18:24:14     Calculation 15 (Frequency: 27.512 GHz, Theta: 0, Phi: 0)


                      ------------------------------------------------------------------------------
2025-06-14 18:24:18     Matrix setup time        :	0 s
                        Solver setup             :	2 s
                        Degrees of freedom       :	117870
                        Number of mesh cells     :	18318

                        Stimulation port         :	Zmin
                        Mode number              :	1
                        Accuracy                 :	2.94926e-14
                        Iterations               :	1
                        Solver time              :	0 s


                      ------------------------------------------------------------------------------
2025-06-14 18:24:18     Total time               :	3 s

                      ------------------------------------------------------------------------------
2025-06-14 18:24:18   

                      ------------------------------------------------------------------------------
2025-06-14 18:24:18     Calculation 16 (Frequency: 30.956 GHz, Theta: 0, Phi: 0)


                      ------------------------------------------------------------------------------
2025-06-14 18:24:21     Matrix setup time        :	0 s
                        Solver setup             :	2 s
                        Degrees of freedom       :	117870
                        Number of mesh cells     :	18318

                        Stimulation port         :	Zmin
                        Mode number              :	1
                        Accuracy                 :	3.39149e-14
                        Iterations               :	1
                        Solver time              :	0 s


                      ------------------------------------------------------------------------------
2025-06-14 18:24:21     Total time               :	3 s

                      ------------------------------------------------------------------------------
2025-06-14 18:24:21   

                      ------------------------------------------------------------------------------
2025-06-14 18:24:21     Calculation 17 (Frequency: 28.748 GHz, Theta: 0, Phi: 0)


                      ------------------------------------------------------------------------------
2025-06-14 18:24:25     Matrix setup time        :	0 s
                        Solver setup             :	2 s
                        Degrees of freedom       :	117870
                        Number of mesh cells     :	18318

                        Stimulation port         :	Zmin
                        Mode number              :	1
                        Accuracy                 :	3.65327e-14
                        Iterations               :	1
                        Solver time              :	0 s


                      ------------------------------------------------------------------------------
2025-06-14 18:24:25     Total time               :	3 s

                      ------------------------------------------------------------------------------
2025-06-14 18:24:25   

                      ------------------------------------------------------------------------------
2025-06-14 18:24:25     Calculation 18 (Frequency: 26.78 GHz, Theta: 0, Phi: 0)


                      ------------------------------------------------------------------------------
2025-06-14 18:24:28     Matrix setup time        :	0 s
                        Solver setup             :	3 s
                        Degrees of freedom       :	117870
                        Number of mesh cells     :	18318

                        Stimulation port         :	Zmin
                        Mode number              :	1
                        Accuracy                 :	3.78999e-14
                        Iterations               :	1
                        Solver time              :	0 s


                      ------------------------------------------------------------------------------
2025-06-14 18:24:28     Total time               :	3 s

                      ------------------------------------------------------------------------------
2025-06-14 18:24:28   

                      ------------------------------------------------------------------------------
2025-06-14 18:24:28     Calculation 19 (Frequency: 20.768 GHz, Theta: 0, Phi: 0)


                      ------------------------------------------------------------------------------
2025-06-14 18:24:32     Matrix setup time        :	0 s
                        Solver setup             :	2 s
                        Degrees of freedom       :	117870
                        Number of mesh cells     :	18318

                        Stimulation port         :	Zmin
                        Mode number              :	1
                        Accuracy                 :	4.9663e-14
                        Iterations               :	1
                        Solver time              :	0 s


                      ------------------------------------------------------------------------------
2025-06-14 18:24:32     Total time               :	3 s

                      ------------------------------------------------------------------------------
2025-06-14 18:24:32   

                      ------------------------------------------------------------------------------
2025-06-14 18:24:32     Calculation 20 (Frequency: 21.896 GHz, Theta: 0, Phi: 0)


                      ------------------------------------------------------------------------------
2025-06-14 18:24:35     Matrix setup time        :	0 s
                        Solver setup             :	2 s
                        Degrees of freedom       :	117870
                        Number of mesh cells     :	18318

                        Stimulation port         :	Zmin
                        Mode number              :	1
                        Accuracy                 :	5.29975e-14
                        Iterations               :	1
                        Solver time              :	0 s


                      ------------------------------------------------------------------------------
2025-06-14 18:24:36     Total time               :	3 s

                      ------------------------------------------------------------------------------
2025-06-14 18:24:36   

                      ------------------------------------------------------------------------------
2025-06-14 18:24:36     Calculation 21 (Frequency: 21.128 GHz, Theta: 0, Phi: 0)


                      ------------------------------------------------------------------------------
2025-06-14 18:24:39     Matrix setup time        :	0 s
                        Solver setup             :	2 s
                        Degrees of freedom       :	117870
                        Number of mesh cells     :	18318

                        Stimulation port         :	Zmin
                        Mode number              :	1
                        Accuracy                 :	5.2127e-14
                        Iterations               :	1
                        Solver time              :	0 s


                      ------------------------------------------------------------------------------
2025-06-14 18:24:39     Total time               :	3 s

                      ------------------------------------------------------------------------------
2025-06-14 18:24:39   

                      ------------------------------------------------------------------------------
2025-06-14 18:24:39     Calculation 22 (Frequency: 20.384 GHz, Theta: 0, Phi: 0)


                      ------------------------------------------------------------------------------
2025-06-14 18:24:43     Matrix setup time        :	0 s
                        Solver setup             :	3 s
                        Degrees of freedom       :	117870
                        Number of mesh cells     :	18318

                        Stimulation port         :	Zmin
                        Mode number              :	1
                        Accuracy                 :	4.89909e-14
                        Iterations               :	1
                        Solver time              :	0 s


                      ------------------------------------------------------------------------------
2025-06-14 18:24:43     Total time               :	3 s

                      ------------------------------------------------------------------------------
2025-06-14 18:24:43   

                      ------------------------------------------------------------------------------
2025-06-14 18:24:43     Calculation 23 (Frequency: 24.032 GHz, Theta: 0, Phi: 0)


                      ------------------------------------------------------------------------------
2025-06-14 18:24:46     Matrix setup time        :	0 s
                        Solver setup             :	3 s
                        Degrees of freedom       :	117870
                        Number of mesh cells     :	18318

                        Stimulation port         :	Zmin
                        Mode number              :	1
                        Accuracy                 :	3.98853e-14
                        Iterations               :	1
                        Solver time              :	0 s


                      ------------------------------------------------------------------------------
2025-06-14 18:24:46     Total time               :	3 s

                      ------------------------------------------------------------------------------
2025-06-14 18:24:46   

                      ------------------------------------------------------------------------------
2025-06-14 18:24:46   Finished the general purpose interpolative broadband frequency sweep:
                      All broadband sweep convergence criteria have been satisfied after
                      calculating 23 frequency samples:

                        Broadband sweep error threshold value :  0.01 (All S-Parameters) 
                        Number of error criterion checks      :  2 (All S-Parameters) 
                        Minimum number of samples             :  3
                        Number of data samples, linear        :  1001

                      ------------------------------------------------------------------------------
2025-06-14 18:24:46     Number of mesh cells     :	18318
                        Degrees of freedom       :	116860
                        Total Solver Time        :	104 s	 (= 0 h, 01 m, 44 s)
                      ================================================================================



                      ------------------------------------------------------------------------------
2025-06-14 18:24:46     ----------------------------------------------------------------------------
                                            Peak memory used (kB)         Free physical memory (kB) 
                                                                          At begin     Minimum      
                        ----------------------------------------------------------------------------
                        Solver start        22260                         9014544      8996508      
                        Eq. system setup    1825236                       8968968      8401888      
                        Eq. system solve    1825236                       8925856      7115864      
                        Mesh refinement     1039284                       8693052      8598328      
                        Solver run total    1825236                       9014548      7115864      

                        Computer name       Tahsin
                        ----------------------------------------------------------------------------


                      ------------------------------------------------------------------------------
2025-06-14 18:24:47   Running postprocessing.

                      ------------------------------------------------------------------------------
2025-06-14 18:24:47   Postprocessing finished.

                      ------------------------------------------------------------------------------
