2025-04-05 14:22:55   *** Warning ***

                      Electric isotropic material [Copper (pure)] has a very high conductivity for
                      the given mesh. Depending on your configuration it may be better to use a lossy
                      metal type for this material. More...

                      ------------------------------------------------------------------------------
2025-04-05 14:22:55   In order to get an optimal performance, hyperthreading is ignored for parallel
                      computations.

                      ------------------------------------------------------------------------------
2025-04-05 14:22:57   Units settings: 

                        Dimensions: mm
                        Frequency:  GHz
                        Time:       s

                      ------------------------------------------------------------------------------
2025-04-05 14:22:57   Boundary conditions: 

                        YZsymmetry: none
                        XZsymmetry: none
                        XYsymmetry: none

                        Xmin: unit cell
                        Xmax: unit cell

                        Ymin: unit cell
                        Ymax: unit cell

                        Zmin: expanded open
                        Zmax: expanded open

                      ------------------------------------------------------------------------------
2025-04-05 14:22:57   Order settings: 

                        Solver order   : 2nd (constant)
                        Curved elements: up to order 3 (automatic)

                      ------------------------------------------------------------------------------
2025-04-05 14:22:57   An iterative solver will be used first.

                      ------------------------------------------------------------------------------
2025-04-05 14:22:57     Mesh time                :	2 s


                      ------------------------------------------------------------------------------
2025-04-05 14:22:57   
                      ================================================================================
                      Frequency Domain Solver calculation cycle started

                      ------------------------------------------------------------------------------
2025-04-05 14:22:57   Solver started at: 2025-04-05 14:22:57 +0600

                        Module:  Frequency Domain: S-Parameter (Win 64)
                        Version: 2024.1 Release from 2023-10-16 (change 1181985)

                      ------------------------------------------------------------------------------
2025-04-05 14:22:58   The low frequency stabilization is not applied to periodic problems.

                      ------------------------------------------------------------------------------
2025-04-05 14:22:58     Calculation 1 of 1 (Frequency: 32 GHz, Theta: 0, Phi: 0)


                      ------------------------------------------------------------------------------
2025-04-05 14:22:58   The wavelength based mesh refinement has been applied to 5.6% of all mesh edges.

                      ------------------------------------------------------------------------------
2025-04-05 14:22:58   For some elements the curvature had to be reduced to maintain the quality of the mesh. More...

                      ------------------------------------------------------------------------------
2025-04-05 14:22:58   Adaptive mesh refinement pass 1

                      ------------------------------------------------------------------------------
2025-04-05 14:23:05   *** Warning ***

2025-04-05 14:23:05   Detected possible stagnation of the iterative solver (5.198975e-02 after 250 iterations.)
                      Please consider aborting the solver run, and check your simulation setup.  More...

                      ------------------------------------------------------------------------------
2025-04-05 14:23:12   *** Warning ***

2025-04-05 14:23:12   The solver stopped because the maximum number of iterations (500, used for automatic solver choice) has been reached.

                      ------------------------------------------------------------------------------
2025-04-05 14:23:12   Solving again, but with the direct solver. Please consider forcing the direct solver in the solver special settings, and
                      check your simulation setup (for instance source and material definitions.)

                      ------------------------------------------------------------------------------
2025-04-05 14:23:13     Matrix setup time        :	0 s
                        Degrees of freedom       :	39190
                        Number of mesh cells     :	5985

                        Stimulation port         :	Zmin
                        Mode number              :	1
                        Accuracy                 :	7.66213e-14
                        Iterations               :	1
                        Solver time              :	0 s


                      ------------------------------------------------------------------------------
2025-04-05 14:23:13   22% of all mesh edges seem to be longer than expected. The adaptive mesh refinement's growth limitation will therefore 
                      use 13954 instead of 3901 mesh cells as a reference.

                      ------------------------------------------------------------------------------
2025-04-05 14:23:13   The wavelength based mesh refinement has been applied to 0.1% of all mesh edges.

                      ------------------------------------------------------------------------------
2025-04-05 14:23:14   For some elements the curvature had to be reduced to maintain the quality of the mesh. More...

                      ------------------------------------------------------------------------------
2025-04-05 14:23:14   Adaptive mesh refinement pass 2

                      ------------------------------------------------------------------------------
2025-04-05 14:23:17     Matrix setup time        :	0 s
                        Solver setup             :	2 s
                        Degrees of freedom       :	81138
                        Number of mesh cells     :	12569

                        Stimulation port         :	Zmin
                        Mode number              :	1
                        Accuracy                 :	7.26925e-14
                        Iterations               :	1
                        Solver time              :	0 s


                      ------------------------------------------------------------------------------
2025-04-05 14:23:17     Delta calculation        
2025-04-05 14:23:17     All S-Parameters         :	0.0542578
2025-04-05 14:23:17   

                      ------------------------------------------------------------------------------
2025-04-05 14:23:18   For some elements the curvature had to be reduced to maintain the quality of the mesh. More...

                      ------------------------------------------------------------------------------
2025-04-05 14:23:19   Adaptive mesh refinement pass 3

                      ------------------------------------------------------------------------------
2025-04-05 14:23:24     Matrix setup time        :	0 s
                        Solver setup             :	4 s
                        Degrees of freedom       :	134366
                        Number of mesh cells     :	20901

                        Stimulation port         :	Zmin
                        Mode number              :	1
                        Accuracy                 :	2.7682e-14
                        Iterations               :	1
                        Solver time              :	0 s


                      ------------------------------------------------------------------------------
2025-04-05 14:23:24     Delta calculation        
2025-04-05 14:23:24     All S-Parameters         :	0.0135394
2025-04-05 14:23:24   

                      ------------------------------------------------------------------------------
2025-04-05 14:23:24   Mesh adaptation terminated because the desired accuracy limit is reached.

                      ------------------------------------------------------------------------------
2025-04-05 14:23:24   *** Warning ***

2025-04-05 14:23:24   At least one propagating Floquet mode is not considered at port Zmin. Please increase the number of modes at this port. 
                      More...

                      ------------------------------------------------------------------------------
2025-04-05 14:23:24   *** Warning ***

2025-04-05 14:23:24   At least one propagating Floquet mode is not considered at port Zmax. Please increase the number of modes at this port. 
                      More...

                      ------------------------------------------------------------------------------
2025-04-05 14:23:25     Total time               :	26 s

                      ------------------------------------------------------------------------------
2025-04-05 14:23:25   

                      ------------------------------------------------------------------------------
2025-04-05 14:23:25     Calculation 2 (Frequency: 20 GHz, Theta: 0, Phi: 0)


                      ------------------------------------------------------------------------------
2025-04-05 14:23:29     Matrix setup time        :	0 s
                        Solver setup             :	3 s
                        Degrees of freedom       :	134366
                        Number of mesh cells     :	20901

                        Stimulation port         :	Zmin
                        Mode number              :	1
                        Accuracy                 :	4.3376e-14
                        Iterations               :	1
                        Solver time              :	0 s


                      ------------------------------------------------------------------------------
2025-04-05 14:23:29     Total time               :	4 s

                      ------------------------------------------------------------------------------
2025-04-05 14:23:29   

                      ------------------------------------------------------------------------------
2025-04-05 14:23:29     Calculation 3 (Frequency: 26 GHz, Theta: 0, Phi: 0)


                      ------------------------------------------------------------------------------
2025-04-05 14:23:33     Matrix setup time        :	0 s
                        Solver setup             :	3 s
                        Degrees of freedom       :	134366
                        Number of mesh cells     :	20901

                        Stimulation port         :	Zmin
                        Mode number              :	1
                        Accuracy                 :	3.68469e-14
                        Iterations               :	1
                        Solver time              :	0 s


                      ------------------------------------------------------------------------------
2025-04-05 14:23:33     Total time               :	4 s

                      ------------------------------------------------------------------------------
2025-04-05 14:23:33   

                      ------------------------------------------------------------------------------
2025-04-05 14:23:33     Calculation 4 (Frequency: 29 GHz, Theta: 0, Phi: 0)


                      ------------------------------------------------------------------------------
2025-04-05 14:23:37     Matrix setup time        :	0 s
                        Solver setup             :	3 s
                        Degrees of freedom       :	134366
                        Number of mesh cells     :	20901

                        Stimulation port         :	Zmin
                        Mode number              :	1
                        Accuracy                 :	4.12147e-14
                        Iterations               :	1
                        Solver time              :	0 s


                      ------------------------------------------------------------------------------
2025-04-05 14:23:38     Total time               :	4 s

                      ------------------------------------------------------------------------------
2025-04-05 14:23:38   

                      ------------------------------------------------------------------------------
2025-04-05 14:23:38     Calculation 5 (Frequency: 23.456 GHz, Theta: 0, Phi: 0)


                      ------------------------------------------------------------------------------
2025-04-05 14:23:42     Matrix setup time        :	0 s
                        Solver setup             :	3 s
                        Degrees of freedom       :	134366
                        Number of mesh cells     :	20901

                        Stimulation port         :	Zmin
                        Mode number              :	1
                        Accuracy                 :	4.1299e-14
                        Iterations               :	1
                        Solver time              :	0 s


                      ------------------------------------------------------------------------------
2025-04-05 14:23:42     Total time               :	4 s

                      ------------------------------------------------------------------------------
2025-04-05 14:23:42   

                      ------------------------------------------------------------------------------
2025-04-05 14:23:42     Calculation 6 (Frequency: 27.404 GHz, Theta: 0, Phi: 0)


                      ------------------------------------------------------------------------------
2025-04-05 14:23:46     Matrix setup time        :	0 s
                        Solver setup             :	3 s
                        Degrees of freedom       :	134366
                        Number of mesh cells     :	20901

                        Stimulation port         :	Zmin
                        Mode number              :	1
                        Accuracy                 :	3.22334e-14
                        Iterations               :	1
                        Solver time              :	0 s


                      ------------------------------------------------------------------------------
2025-04-05 14:23:47     Total time               :	4 s

                      ------------------------------------------------------------------------------
2025-04-05 14:23:47   

                      ------------------------------------------------------------------------------
2025-04-05 14:23:47     Calculation 7 (Frequency: 24.728 GHz, Theta: 0, Phi: 0)


                      ------------------------------------------------------------------------------
2025-04-05 14:23:51     Matrix setup time        :	0 s
                        Solver setup             :	3 s
                        Degrees of freedom       :	134366
                        Number of mesh cells     :	20901

                        Stimulation port         :	Zmin
                        Mode number              :	1
                        Accuracy                 :	6.11136e-14
                        Iterations               :	1
                        Solver time              :	0 s


                      ------------------------------------------------------------------------------
2025-04-05 14:23:51     Total time               :	4 s

                      ------------------------------------------------------------------------------
2025-04-05 14:23:51   

                      ------------------------------------------------------------------------------
2025-04-05 14:23:51     Calculation 8 (Frequency: 27.344 GHz, Theta: 0, Phi: 0)


                      ------------------------------------------------------------------------------
2025-04-05 14:23:56     Matrix setup time        :	0 s
                        Solver setup             :	3 s
                        Degrees of freedom       :	134366
                        Number of mesh cells     :	20901

                        Stimulation port         :	Zmin
                        Mode number              :	1
                        Accuracy                 :	3.11824e-14
                        Iterations               :	1
                        Solver time              :	0 s


                      ------------------------------------------------------------------------------
2025-04-05 14:23:56     Total time               :	4 s

                      ------------------------------------------------------------------------------
2025-04-05 14:23:56   

                      ------------------------------------------------------------------------------
2025-04-05 14:23:56     Calculation 9 (Frequency: 25.34 GHz, Theta: 0, Phi: 0)


                      ------------------------------------------------------------------------------
2025-04-05 14:24:00     Matrix setup time        :	0 s
                        Solver setup             :	3 s
                        Degrees of freedom       :	134366
                        Number of mesh cells     :	20901

                        Stimulation port         :	Zmin
                        Mode number              :	1
                        Accuracy                 :	2.66944e-14
                        Iterations               :	1
                        Solver time              :	0 s


                      ------------------------------------------------------------------------------
2025-04-05 14:24:00     Total time               :	4 s

                      ------------------------------------------------------------------------------
2025-04-05 14:24:00   

                      ------------------------------------------------------------------------------
2025-04-05 14:24:00     Calculation 10 (Frequency: 21.716 GHz, Theta: 0, Phi: 0)


                      ------------------------------------------------------------------------------
2025-04-05 14:24:05     Matrix setup time        :	0 s
                        Solver setup             :	3 s
                        Degrees of freedom       :	134366
                        Number of mesh cells     :	20901

                        Stimulation port         :	Zmin
                        Mode number              :	1
                        Accuracy                 :	4.8612e-14
                        Iterations               :	1
                        Solver time              :	0 s


                      ------------------------------------------------------------------------------
2025-04-05 14:24:05     Total time               :	4 s

                      ------------------------------------------------------------------------------
2025-04-05 14:24:05   

                      ------------------------------------------------------------------------------
2025-04-05 14:24:05     Calculation 11 (Frequency: 25.748 GHz, Theta: 0, Phi: 0)


                      ------------------------------------------------------------------------------
2025-04-05 14:24:10     Matrix setup time        :	0 s
                        Solver setup             :	4 s
                        Degrees of freedom       :	134366
                        Number of mesh cells     :	20901

                        Stimulation port         :	Zmin
                        Mode number              :	1
                        Accuracy                 :	3.12497e-14
                        Iterations               :	1
                        Solver time              :	0 s


                      ------------------------------------------------------------------------------
2025-04-05 14:24:10     Total time               :	5 s

                      ------------------------------------------------------------------------------
2025-04-05 14:24:10   

                      ------------------------------------------------------------------------------
2025-04-05 14:24:10     Calculation 12 (Frequency: 22.064 GHz, Theta: 0, Phi: 0)


                      ------------------------------------------------------------------------------
2025-04-05 14:24:15     Matrix setup time        :	0 s
                        Solver setup             :	4 s
                        Degrees of freedom       :	134366
                        Number of mesh cells     :	20901

                        Stimulation port         :	Zmin
                        Mode number              :	1
                        Accuracy                 :	5.15949e-14
                        Iterations               :	1
                        Solver time              :	0 s


                      ------------------------------------------------------------------------------
2025-04-05 14:24:15     Total time               :	4 s

                      ------------------------------------------------------------------------------
2025-04-05 14:24:15   

                      ------------------------------------------------------------------------------
2025-04-05 14:24:15     Calculation 13 (Frequency: 21.152 GHz, Theta: 0, Phi: 0)


                      ------------------------------------------------------------------------------
2025-04-05 14:24:19     Matrix setup time        :	0 s
                        Solver setup             :	3 s
                        Degrees of freedom       :	134366
                        Number of mesh cells     :	20901

                        Stimulation port         :	Zmin
                        Mode number              :	1
                        Accuracy                 :	4.4973e-14
                        Iterations               :	1
                        Solver time              :	0 s


                      ------------------------------------------------------------------------------
2025-04-05 14:24:19     Total time               :	4 s

                      ------------------------------------------------------------------------------
2025-04-05 14:24:19   

                      ------------------------------------------------------------------------------
2025-04-05 14:24:19     Calculation 14 (Frequency: 26.36 GHz, Theta: 0, Phi: 0)


                      ------------------------------------------------------------------------------
2025-04-05 14:24:24     Matrix setup time        :	0 s
                        Solver setup             :	3 s
                        Degrees of freedom       :	134366
                        Number of mesh cells     :	20901

                        Stimulation port         :	Zmin
                        Mode number              :	1
                        Accuracy                 :	3.90232e-14
                        Iterations               :	1
                        Solver time              :	0 s


                      ------------------------------------------------------------------------------
2025-04-05 14:24:24     Total time               :	4 s

                      ------------------------------------------------------------------------------
2025-04-05 14:24:24   

                      ------------------------------------------------------------------------------
2025-04-05 14:24:24     Calculation 15 (Frequency: 20.756 GHz, Theta: 0, Phi: 0)


                      ------------------------------------------------------------------------------
2025-04-05 14:24:28     Matrix setup time        :	0 s
                        Solver setup             :	3 s
                        Degrees of freedom       :	134366
                        Number of mesh cells     :	20901

                        Stimulation port         :	Zmin
                        Mode number              :	1
                        Accuracy                 :	5.06094e-14
                        Iterations               :	1
                        Solver time              :	0 s


                      ------------------------------------------------------------------------------
2025-04-05 14:24:29     Total time               :	4 s

                      ------------------------------------------------------------------------------
2025-04-05 14:24:29   

                      ------------------------------------------------------------------------------
2025-04-05 14:24:29     Calculation 16 (Frequency: 28.436 GHz, Theta: 0, Phi: 0)


                      ------------------------------------------------------------------------------
2025-04-05 14:24:33     Matrix setup time        :	0 s
                        Solver setup             :	4 s
                        Degrees of freedom       :	134366
                        Number of mesh cells     :	20901

                        Stimulation port         :	Zmin
                        Mode number              :	1
                        Accuracy                 :	3.59165e-14
                        Iterations               :	1
                        Solver time              :	0 s


                      ------------------------------------------------------------------------------
2025-04-05 14:24:33     Total time               :	4 s

                      ------------------------------------------------------------------------------
2025-04-05 14:24:33   

                      ------------------------------------------------------------------------------
2025-04-05 14:24:33     Calculation 17 (Frequency: 26.732 GHz, Theta: 0, Phi: 0)


                      ------------------------------------------------------------------------------
2025-04-05 14:24:38     Matrix setup time        :	0 s
                        Solver setup             :	3 s
                        Degrees of freedom       :	134366
                        Number of mesh cells     :	20901

                        Stimulation port         :	Zmin
                        Mode number              :	1
                        Accuracy                 :	3.10273e-14
                        Iterations               :	1
                        Solver time              :	0 s


                      ------------------------------------------------------------------------------
2025-04-05 14:24:38     Total time               :	4 s

                      ------------------------------------------------------------------------------
2025-04-05 14:24:38   

                      ------------------------------------------------------------------------------
2025-04-05 14:24:38     Calculation 18 (Frequency: 28.22 GHz, Theta: 0, Phi: 0)


                      ------------------------------------------------------------------------------
2025-04-05 14:24:42     Matrix setup time        :	0 s
                        Solver setup             :	3 s
                        Degrees of freedom       :	134366
                        Number of mesh cells     :	20901

                        Stimulation port         :	Zmin
                        Mode number              :	1
                        Accuracy                 :	4.02433e-14
                        Iterations               :	1
                        Solver time              :	0 s


                      ------------------------------------------------------------------------------
2025-04-05 14:24:43     Total time               :	4 s

                      ------------------------------------------------------------------------------
2025-04-05 14:24:43   

                      ------------------------------------------------------------------------------
2025-04-05 14:24:43     Calculation 19 (Frequency: 30.776 GHz, Theta: 0, Phi: 0)


                      ------------------------------------------------------------------------------
2025-04-05 14:24:47     Matrix setup time        :	0 s
                        Solver setup             :	3 s
                        Degrees of freedom       :	134366
                        Number of mesh cells     :	20901

                        Stimulation port         :	Zmin
                        Mode number              :	1
                        Accuracy                 :	3.25117e-14
                        Iterations               :	1
                        Solver time              :	0 s


                      ------------------------------------------------------------------------------
2025-04-05 14:24:47     Total time               :	4 s

                      ------------------------------------------------------------------------------
2025-04-05 14:24:47   

                      ------------------------------------------------------------------------------
2025-04-05 14:24:47     Calculation 20 (Frequency: 27.716 GHz, Theta: 0, Phi: 0)


                      ------------------------------------------------------------------------------
2025-04-05 14:24:52     Matrix setup time        :	0 s
                        Solver setup             :	4 s
                        Degrees of freedom       :	134366
                        Number of mesh cells     :	20901

                        Stimulation port         :	Zmin
                        Mode number              :	1
                        Accuracy                 :	3.95339e-14
                        Iterations               :	1
                        Solver time              :	0 s


                      ------------------------------------------------------------------------------
2025-04-05 14:24:52     Total time               :	4 s

                      ------------------------------------------------------------------------------
2025-04-05 14:24:52   

                      ------------------------------------------------------------------------------
2025-04-05 14:24:52     Calculation 21 (Frequency: 31.412 GHz, Theta: 0, Phi: 0)


                      ------------------------------------------------------------------------------
2025-04-05 14:24:56     Matrix setup time        :	0 s
                        Solver setup             :	4 s
                        Degrees of freedom       :	134366
                        Number of mesh cells     :	20901

                        Stimulation port         :	Zmin
                        Mode number              :	1
                        Accuracy                 :	3.7056e-14
                        Iterations               :	1
                        Solver time              :	0 s


                      ------------------------------------------------------------------------------
2025-04-05 14:24:57     Total time               :	4 s

                      ------------------------------------------------------------------------------
2025-04-05 14:24:57   

                      ------------------------------------------------------------------------------
2025-04-05 14:24:57     Calculation 22 (Frequency: 30.236 GHz, Theta: 0, Phi: 0)


                      ------------------------------------------------------------------------------
2025-04-05 14:25:01     Matrix setup time        :	0 s
                        Solver setup             :	4 s
                        Degrees of freedom       :	134366
                        Number of mesh cells     :	20901

                        Stimulation port         :	Zmin
                        Mode number              :	1
                        Accuracy                 :	3.5615e-14
                        Iterations               :	1
                        Solver time              :	0 s


                      ------------------------------------------------------------------------------
2025-04-05 14:25:01     Total time               :	4 s

                      ------------------------------------------------------------------------------
2025-04-05 14:25:01   

                      ------------------------------------------------------------------------------
2025-04-05 14:25:01     Calculation 23 (Frequency: 20.372 GHz, Theta: 0, Phi: 0)


                      ------------------------------------------------------------------------------
2025-04-05 14:25:06     Matrix setup time        :	0 s
                        Solver setup             :	4 s
                        Degrees of freedom       :	134366
                        Number of mesh cells     :	20901

                        Stimulation port         :	Zmin
                        Mode number              :	1
                        Accuracy                 :	4.19823e-14
                        Iterations               :	1
                        Solver time              :	0 s


                      ------------------------------------------------------------------------------
2025-04-05 14:25:06     Total time               :	4 s

                      ------------------------------------------------------------------------------
2025-04-05 14:25:06   

                      ------------------------------------------------------------------------------
2025-04-05 14:25:06     Calculation 24 (Frequency: 28.676 GHz, Theta: 0, Phi: 0)


                      ------------------------------------------------------------------------------
2025-04-05 14:25:11     Matrix setup time        :	0 s
                        Solver setup             :	4 s
                        Degrees of freedom       :	134366
                        Number of mesh cells     :	20901

                        Stimulation port         :	Zmin
                        Mode number              :	1
                        Accuracy                 :	4.20017e-14
                        Iterations               :	1
                        Solver time              :	0 s


                      ------------------------------------------------------------------------------
2025-04-05 14:25:11     Total time               :	4 s

                      ------------------------------------------------------------------------------
2025-04-05 14:25:11   

                      ------------------------------------------------------------------------------
2025-04-05 14:25:11     Calculation 25 (Frequency: 29.804 GHz, Theta: 0, Phi: 0)


                      ------------------------------------------------------------------------------
2025-04-05 14:25:16     Matrix setup time        :	0 s
                        Solver setup             :	4 s
                        Degrees of freedom       :	134366
                        Number of mesh cells     :	20901

                        Stimulation port         :	Zmin
                        Mode number              :	1
                        Accuracy                 :	4.75717e-14
                        Iterations               :	1
                        Solver time              :	0 s


                      ------------------------------------------------------------------------------
2025-04-05 14:25:16     Total time               :	4 s

                      ------------------------------------------------------------------------------
2025-04-05 14:25:16   

                      ------------------------------------------------------------------------------
2025-04-05 14:25:16     Calculation 26 (Frequency: 30.416 GHz, Theta: 0, Phi: 0)


                      ------------------------------------------------------------------------------
2025-04-05 14:25:21     Matrix setup time        :	0 s
                        Solver setup             :	4 s
                        Degrees of freedom       :	134366
                        Number of mesh cells     :	20901

                        Stimulation port         :	Zmin
                        Mode number              :	1
                        Accuracy                 :	3.78085e-14
                        Iterations               :	1
                        Solver time              :	0 s


                      ------------------------------------------------------------------------------
2025-04-05 14:25:21     Total time               :	4 s

                      ------------------------------------------------------------------------------
2025-04-05 14:25:21   

                      ------------------------------------------------------------------------------
2025-04-05 14:25:21     Calculation 27 (Frequency: 22.64 GHz, Theta: 0, Phi: 0)


                      ------------------------------------------------------------------------------
2025-04-05 14:25:26     Matrix setup time        :	0 s
                        Solver setup             :	4 s
                        Degrees of freedom       :	134366
                        Number of mesh cells     :	20901

                        Stimulation port         :	Zmin
                        Mode number              :	1
                        Accuracy                 :	3.011e-14
                        Iterations               :	1
                        Solver time              :	0 s


                      ------------------------------------------------------------------------------
2025-04-05 14:25:26     Total time               :	4 s

                      ------------------------------------------------------------------------------
2025-04-05 14:25:26   

                      ------------------------------------------------------------------------------
2025-04-05 14:25:26     Calculation 28 (Frequency: 23.732 GHz, Theta: 0, Phi: 0)


                      ------------------------------------------------------------------------------
2025-04-05 14:25:30     Matrix setup time        :	0 s
                        Solver setup             :	4 s
                        Degrees of freedom       :	134366
                        Number of mesh cells     :	20901

                        Stimulation port         :	Zmin
                        Mode number              :	1
                        Accuracy                 :	4.27357e-14
                        Iterations               :	1
                        Solver time              :	0 s


                      ------------------------------------------------------------------------------
2025-04-05 14:25:31     Total time               :	4 s

                      ------------------------------------------------------------------------------
2025-04-05 14:25:31   

                      ------------------------------------------------------------------------------
2025-04-05 14:25:31     Calculation 29 (Frequency: 23.288 GHz, Theta: 0, Phi: 0)


                      ------------------------------------------------------------------------------
2025-04-05 14:25:35     Matrix setup time        :	0 s
                        Solver setup             :	4 s
                        Degrees of freedom       :	134366
                        Number of mesh cells     :	20901

                        Stimulation port         :	Zmin
                        Mode number              :	1
                        Accuracy                 :	4.07636e-14
                        Iterations               :	1
                        Solver time              :	0 s


                      ------------------------------------------------------------------------------
2025-04-05 14:25:35     Total time               :	4 s

                      ------------------------------------------------------------------------------
2025-04-05 14:25:35   

                      ------------------------------------------------------------------------------
2025-04-05 14:25:35   Finished the general purpose interpolative broadband frequency sweep:
                      All broadband sweep convergence criteria have been satisfied after
                      calculating 29 frequency samples:

                        Broadband sweep error threshold value :  0.01 (All S-Parameters) 
                        Number of error criterion checks      :  2 (All S-Parameters) 
                        Minimum number of samples             :  3
                        Number of data samples, linear        :  1001

                      ------------------------------------------------------------------------------
2025-04-05 14:25:35     Number of mesh cells     :	20901
                        Degrees of freedom       :	133296
                        Total Solver Time        :	159 s	 (= 0 h, 02 m, 39 s)
                      ================================================================================



                      ------------------------------------------------------------------------------
2025-04-05 14:25:35     ----------------------------------------------------------------------------
                                            Peak memory used (kB)         Free physical memory (kB) 
                                                                          At begin     Minimum      
                        ----------------------------------------------------------------------------
                        Solver start        22120                         5980964      5979056      
                        Eq. system setup    2395568                       5960344      5046108      
                        Eq. system solve    2395568                       5910740      3502076      
                        Mesh refinement     1535444                       5819704      5463504      
                        Solver run total    2395568                       5980968      3502076      

                        Computer name       Tahsin
                        ----------------------------------------------------------------------------


                      ------------------------------------------------------------------------------
2025-04-05 14:25:35   Running postprocessing.

                      ------------------------------------------------------------------------------
2025-04-05 14:25:37   Postprocessing finished.

                      ------------------------------------------------------------------------------
