2025-06-09 16:22:53   *** Warning ***

                      Electric isotropic material [Copper (pure)] has a very high conductivity for
                      the given mesh. Depending on your configuration it may be better to use a lossy
                      metal type for this material. More...

                      ------------------------------------------------------------------------------
2025-06-09 16:22:53   In order to get an optimal performance, hyperthreading is ignored for parallel
                      computations.

                      ------------------------------------------------------------------------------
2025-06-09 16:22:56   Units settings: 

                        Dimensions: mm
                        Frequency:  GHz
                        Time:       s

                      ------------------------------------------------------------------------------
2025-06-09 16:22:56   Boundary conditions: 

                        YZsymmetry: none
                        XZsymmetry: none
                        XYsymmetry: none

                        Xmin: unit cell
                        Xmax: unit cell

                        Ymin: unit cell
                        Ymax: unit cell

                        Zmin: expanded open
                        Zmax: expanded open

                      ------------------------------------------------------------------------------
2025-06-09 16:22:56   Order settings: 

                        Solver order   : 2nd (constant)
                        Curved elements: up to order 3 (automatic)

                      ------------------------------------------------------------------------------
2025-06-09 16:22:56   An iterative solver will be used first.

                      ------------------------------------------------------------------------------
2025-06-09 16:22:56     Mesh time                :	2 s


                      ------------------------------------------------------------------------------
2025-06-09 16:22:56   
                      ================================================================================
                      Frequency Domain Solver calculation cycle started

                      ------------------------------------------------------------------------------
2025-06-09 16:22:56   Solver started at: 2025-06-09 16:22:56 +0600

                        Module:  Frequency Domain: S-Parameter (Win 64)
                        Version: 2024.1 Release from 2023-10-16 (change 1181985)

                      ------------------------------------------------------------------------------
2025-06-09 16:22:56   The low frequency stabilization is not applied to periodic problems.

                      ------------------------------------------------------------------------------
2025-06-09 16:22:56     Calculation 1 of 1 (Frequency: 32 GHz, Theta: 0, Phi: 0)


                      ------------------------------------------------------------------------------
2025-06-09 16:22:56   The wavelength based mesh refinement has been applied to 4.6% of all mesh edges.

                      ------------------------------------------------------------------------------
2025-06-09 16:22:56   For some elements the curvature had to be reduced to maintain the quality of the mesh. More...

                      ------------------------------------------------------------------------------
2025-06-09 16:22:56   Adaptive mesh refinement pass 1

                      ------------------------------------------------------------------------------
2025-06-09 16:23:03   *** Warning ***

2025-06-09 16:23:03   Detected possible stagnation of the iterative solver (5.173060e-02 after 250 iterations.)
                      Please consider aborting the solver run, and check your simulation setup.  More...

                      ------------------------------------------------------------------------------
2025-06-09 16:23:09   *** Warning ***

2025-06-09 16:23:09   The solver stopped because the maximum number of iterations (500, used for automatic solver choice) has been reached.

                      ------------------------------------------------------------------------------
2025-06-09 16:23:09   Solving again, but with the direct solver. Please consider forcing the direct solver in the solver special settings, and
                      check your simulation setup (for instance source and material definitions.)

                      ------------------------------------------------------------------------------
2025-06-09 16:23:10     Matrix setup time        :	0 s
                        Degrees of freedom       :	35092
                        Number of mesh cells     :	5341

                        Stimulation port         :	Zmin
                        Mode number              :	1
                        Accuracy                 :	9.29094e-14
                        Iterations               :	1
                        Solver time              :	0 s


                      ------------------------------------------------------------------------------
2025-06-09 16:23:10   27% of all mesh edges seem to be longer than expected. The adaptive mesh refinement's growth limitation will therefore 
                      use 14108 instead of 3693 mesh cells as a reference.

                      ------------------------------------------------------------------------------
2025-06-09 16:23:10   The wavelength based mesh refinement has been applied to 0.3% of all mesh edges.

                      ------------------------------------------------------------------------------
2025-06-09 16:23:11   For some elements the curvature had to be slightly reduced to maintain the quality of the mesh. More...

                      ------------------------------------------------------------------------------
2025-06-09 16:23:11   Adaptive mesh refinement pass 2

                      ------------------------------------------------------------------------------
2025-06-09 16:23:14     Matrix setup time        :	0 s
                        Solver setup             :	2 s
                        Degrees of freedom       :	67994
                        Number of mesh cells     :	10507

                        Stimulation port         :	Zmin
                        Mode number              :	1
                        Accuracy                 :	5.85838e-14
                        Iterations               :	1
                        Solver time              :	0 s


                      ------------------------------------------------------------------------------
2025-06-09 16:23:14     Delta calculation        
2025-06-09 16:23:14     All S-Parameters         :	0.0690724
2025-06-09 16:23:14   

                      ------------------------------------------------------------------------------
2025-06-09 16:23:15   Adaptive mesh refinement pass 3

                      ------------------------------------------------------------------------------
2025-06-09 16:23:20     Matrix setup time        :	0 s
                        Solver setup             :	3 s
                        Degrees of freedom       :	117406
                        Number of mesh cells     :	18269

                        Stimulation port         :	Zmin
                        Mode number              :	1
                        Accuracy                 :	4.33674e-14
                        Iterations               :	1
                        Solver time              :	0 s


                      ------------------------------------------------------------------------------
2025-06-09 16:23:20     Delta calculation        
2025-06-09 16:23:20     All S-Parameters         :	0.0235555
2025-06-09 16:23:20   

                      ------------------------------------------------------------------------------
2025-06-09 16:23:22   Adaptive mesh refinement pass 4

                      ------------------------------------------------------------------------------
2025-06-09 16:23:32     Matrix setup time        :	0 s
                        Solver setup             :	9 s
                        Degrees of freedom       :	196308
                        Number of mesh cells     :	30593

                        Stimulation port         :	Zmin
                        Mode number              :	1
                        Accuracy                 :	1.92581e-14
                        Iterations               :	1
                        Solver time              :	0 s


                      ------------------------------------------------------------------------------
2025-06-09 16:23:33     Delta calculation        
2025-06-09 16:23:33     All S-Parameters         :	0.0102192
2025-06-09 16:23:33   

                      ------------------------------------------------------------------------------
2025-06-09 16:23:33   Mesh adaptation terminated because the desired accuracy limit is reached.

                      ------------------------------------------------------------------------------
2025-06-09 16:23:33   *** Warning ***

2025-06-09 16:23:33   At least one propagating Floquet mode is not considered at port Zmin. Please increase the number of modes at this port. 
                      More...

                      ------------------------------------------------------------------------------
2025-06-09 16:23:33   *** Warning ***

2025-06-09 16:23:33   At least one propagating Floquet mode is not considered at port Zmax. Please increase the number of modes at this port. 
                      More...

                      ------------------------------------------------------------------------------
2025-06-09 16:23:33     Total time               :	36 s

                      ------------------------------------------------------------------------------
2025-06-09 16:23:33   

                      ------------------------------------------------------------------------------
2025-06-09 16:23:33     Calculation 2 (Frequency: 20 GHz, Theta: 0, Phi: 0)


                      ------------------------------------------------------------------------------
2025-06-09 16:23:41     Matrix setup time        :	0 s
                        Solver setup             :	7 s
                        Degrees of freedom       :	196308
                        Number of mesh cells     :	30593

                        Stimulation port         :	Zmin
                        Mode number              :	1
                        Accuracy                 :	2.90658e-14
                        Iterations               :	1
                        Solver time              :	0 s


                      ------------------------------------------------------------------------------
2025-06-09 16:23:41     Total time               :	8 s

                      ------------------------------------------------------------------------------
2025-06-09 16:23:41   

                      ------------------------------------------------------------------------------
2025-06-09 16:23:41     Calculation 3 (Frequency: 26 GHz, Theta: 0, Phi: 0)


                      ------------------------------------------------------------------------------
2025-06-09 16:23:49     Matrix setup time        :	0 s
                        Solver setup             :	7 s
                        Degrees of freedom       :	196308
                        Number of mesh cells     :	30593

                        Stimulation port         :	Zmin
                        Mode number              :	1
                        Accuracy                 :	2.01135e-14
                        Iterations               :	1
                        Solver time              :	0 s


                      ------------------------------------------------------------------------------
2025-06-09 16:23:49     Total time               :	8 s

                      ------------------------------------------------------------------------------
2025-06-09 16:23:49   

                      ------------------------------------------------------------------------------
2025-06-09 16:23:49     Calculation 4 (Frequency: 29 GHz, Theta: 0, Phi: 0)


                      ------------------------------------------------------------------------------
2025-06-09 16:23:57     Matrix setup time        :	0 s
                        Solver setup             :	7 s
                        Degrees of freedom       :	196308
                        Number of mesh cells     :	30593

                        Stimulation port         :	Zmin
                        Mode number              :	1
                        Accuracy                 :	2.81503e-14
                        Iterations               :	1
                        Solver time              :	0 s


                      ------------------------------------------------------------------------------
2025-06-09 16:23:57     Total time               :	8 s

                      ------------------------------------------------------------------------------
2025-06-09 16:23:57   

                      ------------------------------------------------------------------------------
2025-06-09 16:23:57     Calculation 5 (Frequency: 23.6 GHz, Theta: 0, Phi: 0)


                      ------------------------------------------------------------------------------
2025-06-09 16:24:05     Matrix setup time        :	0 s
                        Solver setup             :	7 s
                        Degrees of freedom       :	196308
                        Number of mesh cells     :	30593

                        Stimulation port         :	Zmin
                        Mode number              :	1
                        Accuracy                 :	2.07831e-14
                        Iterations               :	1
                        Solver time              :	0 s


                      ------------------------------------------------------------------------------
2025-06-09 16:24:06     Total time               :	8 s

                      ------------------------------------------------------------------------------
2025-06-09 16:24:06   

                      ------------------------------------------------------------------------------
2025-06-09 16:24:06     Calculation 6 (Frequency: 27.524 GHz, Theta: 0, Phi: 0)


                      ------------------------------------------------------------------------------
2025-06-09 16:24:14     Matrix setup time        :	0 s
                        Solver setup             :	7 s
                        Degrees of freedom       :	196308
                        Number of mesh cells     :	30593

                        Stimulation port         :	Zmin
                        Mode number              :	1
                        Accuracy                 :	2.53293e-14
                        Iterations               :	1
                        Solver time              :	0 s


                      ------------------------------------------------------------------------------
2025-06-09 16:24:14     Total time               :	8 s

                      ------------------------------------------------------------------------------
2025-06-09 16:24:14   

                      ------------------------------------------------------------------------------
2025-06-09 16:24:14     Calculation 7 (Frequency: 22.388 GHz, Theta: 0, Phi: 0)


                      ------------------------------------------------------------------------------
2025-06-09 16:24:22     Matrix setup time        :	0 s
                        Solver setup             :	7 s
                        Degrees of freedom       :	196308
                        Number of mesh cells     :	30593

                        Stimulation port         :	Zmin
                        Mode number              :	1
                        Accuracy                 :	3.51165e-14
                        Iterations               :	1
                        Solver time              :	0 s


                      ------------------------------------------------------------------------------
2025-06-09 16:24:22     Total time               :	8 s

                      ------------------------------------------------------------------------------
2025-06-09 16:24:22   

                      ------------------------------------------------------------------------------
2025-06-09 16:24:22     Calculation 8 (Frequency: 28.028 GHz, Theta: 0, Phi: 0)


                      ------------------------------------------------------------------------------
2025-06-09 16:24:30     Matrix setup time        :	0 s
                        Solver setup             :	7 s
                        Degrees of freedom       :	196308
                        Number of mesh cells     :	30593

                        Stimulation port         :	Zmin
                        Mode number              :	1
                        Accuracy                 :	3.25024e-14
                        Iterations               :	1
                        Solver time              :	0 s


                      ------------------------------------------------------------------------------
2025-06-09 16:24:30     Total time               :	7 s

                      ------------------------------------------------------------------------------
2025-06-09 16:24:30   

                      ------------------------------------------------------------------------------
2025-06-09 16:24:30     Calculation 9 (Frequency: 23.348 GHz, Theta: 0, Phi: 0)


                      ------------------------------------------------------------------------------
2025-06-09 16:24:38     Matrix setup time        :	0 s
                        Solver setup             :	7 s
                        Degrees of freedom       :	196308
                        Number of mesh cells     :	30593

                        Stimulation port         :	Zmin
                        Mode number              :	1
                        Accuracy                 :	2.5405e-14
                        Iterations               :	1
                        Solver time              :	0 s


                      ------------------------------------------------------------------------------
2025-06-09 16:24:38     Total time               :	8 s

                      ------------------------------------------------------------------------------
2025-06-09 16:24:38   

                      ------------------------------------------------------------------------------
2025-06-09 16:24:38     Calculation 10 (Frequency: 29.276 GHz, Theta: 0, Phi: 0)


                      ------------------------------------------------------------------------------
2025-06-09 16:24:47     Matrix setup time        :	0 s
                        Solver setup             :	7 s
                        Degrees of freedom       :	196308
                        Number of mesh cells     :	30593

                        Stimulation port         :	Zmin
                        Mode number              :	1
                        Accuracy                 :	5.59722e-14
                        Iterations               :	1
                        Solver time              :	0 s


                      ------------------------------------------------------------------------------
2025-06-09 16:24:47     Total time               :	8 s

                      ------------------------------------------------------------------------------
2025-06-09 16:24:47   

                      ------------------------------------------------------------------------------
2025-06-09 16:24:47     Calculation 11 (Frequency: 21.944 GHz, Theta: 0, Phi: 0)


                      ------------------------------------------------------------------------------
2025-06-09 16:24:56     Matrix setup time        :	0 s
                        Solver setup             :	8 s
                        Degrees of freedom       :	196308
                        Number of mesh cells     :	30593

                        Stimulation port         :	Zmin
                        Mode number              :	1
                        Accuracy                 :	3.79695e-14
                        Iterations               :	1
                        Solver time              :	0 s


                      ------------------------------------------------------------------------------
2025-06-09 16:24:56     Total time               :	9 s

                      ------------------------------------------------------------------------------
2025-06-09 16:24:56   

                      ------------------------------------------------------------------------------
2025-06-09 16:24:56     Calculation 12 (Frequency: 22.676 GHz, Theta: 0, Phi: 0)


                      ------------------------------------------------------------------------------
2025-06-09 16:25:05     Matrix setup time        :	0 s
                        Solver setup             :	8 s
                        Degrees of freedom       :	196308
                        Number of mesh cells     :	30593

                        Stimulation port         :	Zmin
                        Mode number              :	1
                        Accuracy                 :	3.44612e-14
                        Iterations               :	1
                        Solver time              :	0 s


                      ------------------------------------------------------------------------------
2025-06-09 16:25:05     Total time               :	9 s

                      ------------------------------------------------------------------------------
2025-06-09 16:25:05   

                      ------------------------------------------------------------------------------
2025-06-09 16:25:05     Calculation 13 (Frequency: 21.272 GHz, Theta: 0, Phi: 0)


                      ------------------------------------------------------------------------------
2025-06-09 16:25:14     Matrix setup time        :	0 s
                        Solver setup             :	8 s
                        Degrees of freedom       :	196308
                        Number of mesh cells     :	30593

                        Stimulation port         :	Zmin
                        Mode number              :	1
                        Accuracy                 :	3.78249e-14
                        Iterations               :	1
                        Solver time              :	0 s


                      ------------------------------------------------------------------------------
2025-06-09 16:25:15     Total time               :	9 s

                      ------------------------------------------------------------------------------
2025-06-09 16:25:15   

                      ------------------------------------------------------------------------------
2025-06-09 16:25:15     Calculation 14 (Frequency: 22.196 GHz, Theta: 0, Phi: 0)


                      ------------------------------------------------------------------------------
2025-06-09 16:25:24     Matrix setup time        :	0 s
                        Solver setup             :	8 s
                        Degrees of freedom       :	196308
                        Number of mesh cells     :	30593

                        Stimulation port         :	Zmin
                        Mode number              :	1
                        Accuracy                 :	3.87914e-14
                        Iterations               :	1
                        Solver time              :	0 s


                      ------------------------------------------------------------------------------
2025-06-09 16:25:24     Total time               :	9 s

                      ------------------------------------------------------------------------------
2025-06-09 16:25:24   

                      ------------------------------------------------------------------------------
2025-06-09 16:25:24     Calculation 15 (Frequency: 20.792 GHz, Theta: 0, Phi: 0)


                      ------------------------------------------------------------------------------
2025-06-09 16:25:33     Matrix setup time        :	0 s
                        Solver setup             :	8 s
                        Degrees of freedom       :	196308
                        Number of mesh cells     :	30593

                        Stimulation port         :	Zmin
                        Mode number              :	1
                        Accuracy                 :	3.63518e-14
                        Iterations               :	1
                        Solver time              :	0 s


                      ------------------------------------------------------------------------------
2025-06-09 16:25:33     Total time               :	9 s

                      ------------------------------------------------------------------------------
2025-06-09 16:25:33   

                      ------------------------------------------------------------------------------
2025-06-09 16:25:33     Calculation 16 (Frequency: 21.548 GHz, Theta: 0, Phi: 0)


                      ------------------------------------------------------------------------------
2025-06-09 16:25:42     Matrix setup time        :	0 s
                        Solver setup             :	8 s
                        Degrees of freedom       :	196308
                        Number of mesh cells     :	30593

                        Stimulation port         :	Zmin
                        Mode number              :	1
                        Accuracy                 :	3.86922e-14
                        Iterations               :	1
                        Solver time              :	0 s


                      ------------------------------------------------------------------------------
2025-06-09 16:25:42     Total time               :	9 s

                      ------------------------------------------------------------------------------
2025-06-09 16:25:42   

                      ------------------------------------------------------------------------------
2025-06-09 16:25:42     Calculation 17 (Frequency: 24.032 GHz, Theta: 0, Phi: 0)


                      ------------------------------------------------------------------------------
2025-06-09 16:25:51     Matrix setup time        :	0 s
                        Solver setup             :	8 s
                        Degrees of freedom       :	196308
                        Number of mesh cells     :	30593

                        Stimulation port         :	Zmin
                        Mode number              :	1
                        Accuracy                 :	2.58573e-14
                        Iterations               :	1
                        Solver time              :	0 s


                      ------------------------------------------------------------------------------
2025-06-09 16:25:51     Total time               :	8 s

                      ------------------------------------------------------------------------------
2025-06-09 16:25:51   

                      ------------------------------------------------------------------------------
2025-06-09 16:25:51     Calculation 18 (Frequency: 28.568 GHz, Theta: 0, Phi: 0)


                      ------------------------------------------------------------------------------
2025-06-09 16:25:59     Matrix setup time        :	0 s
                        Solver setup             :	7 s
                        Degrees of freedom       :	196308
                        Number of mesh cells     :	30593

                        Stimulation port         :	Zmin
                        Mode number              :	1
                        Accuracy                 :	3.91911e-14
                        Iterations               :	1
                        Solver time              :	0 s


                      ------------------------------------------------------------------------------
2025-06-09 16:26:00     Total time               :	8 s

                      ------------------------------------------------------------------------------
2025-06-09 16:26:00   

                      ------------------------------------------------------------------------------
2025-06-09 16:26:00     Calculation 19 (Frequency: 30.212 GHz, Theta: 0, Phi: 0)


                      ------------------------------------------------------------------------------
2025-06-09 16:26:08     Matrix setup time        :	0 s
                        Solver setup             :	7 s
                        Degrees of freedom       :	196308
                        Number of mesh cells     :	30593

                        Stimulation port         :	Zmin
                        Mode number              :	1
                        Accuracy                 :	2.98535e-14
                        Iterations               :	1
                        Solver time              :	0 s


                      ------------------------------------------------------------------------------
2025-06-09 16:26:08     Total time               :	8 s

                      ------------------------------------------------------------------------------
2025-06-09 16:26:08   

                      ------------------------------------------------------------------------------
2025-06-09 16:26:08     Calculation 20 (Frequency: 26.864 GHz, Theta: 0, Phi: 0)


                      ------------------------------------------------------------------------------
2025-06-09 16:26:16     Matrix setup time        :	0 s
                        Solver setup             :	7 s
                        Degrees of freedom       :	196308
                        Number of mesh cells     :	30593

                        Stimulation port         :	Zmin
                        Mode number              :	1
                        Accuracy                 :	2.95498e-14
                        Iterations               :	1
                        Solver time              :	0 s


                      ------------------------------------------------------------------------------
2025-06-09 16:26:16     Total time               :	8 s

                      ------------------------------------------------------------------------------
2025-06-09 16:26:16   

                      ------------------------------------------------------------------------------
2025-06-09 16:26:16     Calculation 21 (Frequency: 30.704 GHz, Theta: 0, Phi: 0)


                      ------------------------------------------------------------------------------
2025-06-09 16:26:24     Matrix setup time        :	0 s
                        Solver setup             :	7 s
                        Degrees of freedom       :	196308
                        Number of mesh cells     :	30593

                        Stimulation port         :	Zmin
                        Mode number              :	1
                        Accuracy                 :	3.1442e-14
                        Iterations               :	1
                        Solver time              :	0 s


                      ------------------------------------------------------------------------------
2025-06-09 16:26:24     Total time               :	8 s

                      ------------------------------------------------------------------------------
2025-06-09 16:26:24   

                      ------------------------------------------------------------------------------
2025-06-09 16:26:24     Calculation 22 (Frequency: 29.708 GHz, Theta: 0, Phi: 0)


                      ------------------------------------------------------------------------------
2025-06-09 16:26:33     Matrix setup time        :	0 s
                        Solver setup             :	7 s
                        Degrees of freedom       :	196308
                        Number of mesh cells     :	30593

                        Stimulation port         :	Zmin
                        Mode number              :	1
                        Accuracy                 :	3.08448e-14
                        Iterations               :	1
                        Solver time              :	0 s


                      ------------------------------------------------------------------------------
2025-06-09 16:26:33     Total time               :	8 s

                      ------------------------------------------------------------------------------
2025-06-09 16:26:33   

                      ------------------------------------------------------------------------------
2025-06-09 16:26:33     Calculation 23 (Frequency: 31.448 GHz, Theta: 0, Phi: 0)


                      ------------------------------------------------------------------------------
2025-06-09 16:26:41     Matrix setup time        :	0 s
                        Solver setup             :	7 s
                        Degrees of freedom       :	196308
                        Number of mesh cells     :	30593

                        Stimulation port         :	Zmin
                        Mode number              :	1
                        Accuracy                 :	3.75037e-14
                        Iterations               :	1
                        Solver time              :	0 s


                      ------------------------------------------------------------------------------
2025-06-09 16:26:42     Total time               :	8 s

                      ------------------------------------------------------------------------------
2025-06-09 16:26:42   

                      ------------------------------------------------------------------------------
2025-06-09 16:26:42     Calculation 24 (Frequency: 26.936 GHz, Theta: 0, Phi: 0)


                      ------------------------------------------------------------------------------
2025-06-09 16:26:51     Matrix setup time        :	0 s
                        Solver setup             :	8 s
                        Degrees of freedom       :	196308
                        Number of mesh cells     :	30593

                        Stimulation port         :	Zmin
                        Mode number              :	1
                        Accuracy                 :	3.25051e-14
                        Iterations               :	1
                        Solver time              :	0 s


                      ------------------------------------------------------------------------------
2025-06-09 16:26:51     Total time               :	9 s

                      ------------------------------------------------------------------------------
2025-06-09 16:26:51   

                      ------------------------------------------------------------------------------
2025-06-09 16:26:51     Calculation 25 (Frequency: 26.732 GHz, Theta: 0, Phi: 0)


                      ------------------------------------------------------------------------------
2025-06-09 16:26:59     Matrix setup time        :	0 s
                        Solver setup             :	7 s
                        Degrees of freedom       :	196308
                        Number of mesh cells     :	30593

                        Stimulation port         :	Zmin
                        Mode number              :	1
                        Accuracy                 :	4.16123e-14
                        Iterations               :	1
                        Solver time              :	0 s


                      ------------------------------------------------------------------------------
2025-06-09 16:26:59     Total time               :	8 s

                      ------------------------------------------------------------------------------
2025-06-09 16:26:59   

                      ------------------------------------------------------------------------------
2025-06-09 16:27:00     Calculation 26 (Frequency: 30.38 GHz, Theta: 0, Phi: 0)


                      ------------------------------------------------------------------------------
2025-06-09 16:27:08     Matrix setup time        :	0 s
                        Solver setup             :	7 s
                        Degrees of freedom       :	196308
                        Number of mesh cells     :	30593

                        Stimulation port         :	Zmin
                        Mode number              :	1
                        Accuracy                 :	3.53289e-14
                        Iterations               :	1
                        Solver time              :	0 s


                      ------------------------------------------------------------------------------
2025-06-09 16:27:08     Total time               :	8 s

                      ------------------------------------------------------------------------------
2025-06-09 16:27:08   

                      ------------------------------------------------------------------------------
2025-06-09 16:27:08     Calculation 27 (Frequency: 30.992 GHz, Theta: 0, Phi: 0)


                      ------------------------------------------------------------------------------
2025-06-09 16:27:18     Matrix setup time        :	0 s
                        Solver setup             :	8 s
                        Degrees of freedom       :	196308
                        Number of mesh cells     :	30593

                        Stimulation port         :	Zmin
                        Mode number              :	1
                        Accuracy                 :	1.96466e-14
                        Iterations               :	1
                        Solver time              :	0 s


                      ------------------------------------------------------------------------------
2025-06-09 16:27:18     Total time               :	9 s

                      ------------------------------------------------------------------------------
2025-06-09 16:27:18   

                      ------------------------------------------------------------------------------
2025-06-09 16:27:18     Calculation 28 (Frequency: 25.436 GHz, Theta: 0, Phi: 0)


                      ------------------------------------------------------------------------------
2025-06-09 16:27:27     Matrix setup time        :	0 s
                        Solver setup             :	7 s
                        Degrees of freedom       :	196308
                        Number of mesh cells     :	30593

                        Stimulation port         :	Zmin
                        Mode number              :	1
                        Accuracy                 :	2.2202e-14
                        Iterations               :	1
                        Solver time              :	0 s


                      ------------------------------------------------------------------------------
2025-06-09 16:27:27     Total time               :	8 s

                      ------------------------------------------------------------------------------
2025-06-09 16:27:27   

                      ------------------------------------------------------------------------------
2025-06-09 16:27:27     Calculation 29 (Frequency: 27.836 GHz, Theta: 0, Phi: 0)


                      ------------------------------------------------------------------------------
2025-06-09 16:27:36     Matrix setup time        :	0 s
                        Solver setup             :	7 s
                        Degrees of freedom       :	196308
                        Number of mesh cells     :	30593

                        Stimulation port         :	Zmin
                        Mode number              :	1
                        Accuracy                 :	3.16388e-14
                        Iterations               :	1
                        Solver time              :	0 s


                      ------------------------------------------------------------------------------
2025-06-09 16:27:36     Total time               :	8 s

                      ------------------------------------------------------------------------------
2025-06-09 16:27:36   

                      ------------------------------------------------------------------------------
2025-06-09 16:27:36   Finished the general purpose interpolative broadband frequency sweep:
                      All broadband sweep convergence criteria have been satisfied after
                      calculating 29 frequency samples:

                        Broadband sweep error threshold value :  0.01 (All S-Parameters) 
                        Number of error criterion checks      :  2 (All S-Parameters) 
                        Minimum number of samples             :  3
                        Number of data samples, linear        :  1001

                      ------------------------------------------------------------------------------
2025-06-09 16:27:36     Number of mesh cells     :	30593
                        Degrees of freedom       :	195106
                        Total Solver Time        :	281 s	 (= 0 h, 04 m, 41 s)
                      ================================================================================



                      ------------------------------------------------------------------------------
2025-06-09 16:27:36     ----------------------------------------------------------------------------
                                            Peak memory used (kB)         Free physical memory (kB) 
                                                                          At begin     Minimum      
                        ----------------------------------------------------------------------------
                        Solver start        22244                         8884352      8883596      
                        Eq. system setup    3467932                       8885684      7854860      
                        Eq. system solve    3467932                       8841872      5429628      
                        Mesh refinement     2035220                       8654408      8187388      
                        Solver run total    3467932                       8884356      5429628      

                        Computer name       Tahsin
                        ----------------------------------------------------------------------------


                      ------------------------------------------------------------------------------
2025-06-09 16:27:36   Running postprocessing.

                      ------------------------------------------------------------------------------
2025-06-09 16:27:37   Postprocessing finished.

                      ------------------------------------------------------------------------------
