2025-05-28 00:19:51   *** Warning ***

                      Electric isotropic material [Copper (pure)] has a very high conductivity for
                      the given mesh. Depending on your configuration it may be better to use a lossy
                      metal type for this material. More...

                      ------------------------------------------------------------------------------
2025-05-28 00:19:51   In order to get an optimal performance, hyperthreading is ignored for parallel
                      computations.

                      ------------------------------------------------------------------------------
2025-05-28 00:19:54   Units settings: 

                        Dimensions: mm
                        Frequency:  GHz
                        Time:       s

                      ------------------------------------------------------------------------------
2025-05-28 00:19:54   Boundary conditions: 

                        YZsymmetry: none
                        XZsymmetry: none
                        XYsymmetry: none

                        Xmin: unit cell
                        Xmax: unit cell

                        Ymin: unit cell
                        Ymax: unit cell

                        Zmin: expanded open
                        Zmax: expanded open

                      ------------------------------------------------------------------------------
2025-05-28 00:19:54   Order settings: 

                        Solver order   : 2nd (constant)
                        Curved elements: up to order 3 (automatic)

                      ------------------------------------------------------------------------------
2025-05-28 00:19:54   An iterative solver will be used first.

                      ------------------------------------------------------------------------------
2025-05-28 00:19:54     Mesh time                :	2 s


                      ------------------------------------------------------------------------------
2025-05-28 00:19:54   
                      ================================================================================
                      Frequency Domain Solver calculation cycle started

                      ------------------------------------------------------------------------------
2025-05-28 00:19:54   Solver started at: 2025-05-28 00:19:54 +0600

                        Module:  Frequency Domain: S-Parameter (Win 64)
                        Version: 2024.1 Release from 2023-10-16 (change 1181985)

                      ------------------------------------------------------------------------------
2025-05-28 00:19:54   The low frequency stabilization is not applied to periodic problems.

                      ------------------------------------------------------------------------------
2025-05-28 00:19:54     Calculation 1 of 1 (Frequency: 32 GHz, Theta: 0, Phi: 0)


                      ------------------------------------------------------------------------------
2025-05-28 00:19:54   The wavelength based mesh refinement has been applied to 5.1% of all mesh edges.

                      ------------------------------------------------------------------------------
2025-05-28 00:19:54   For some elements the curvature had to be reduced to maintain the quality of the mesh. More...

                      ------------------------------------------------------------------------------
2025-05-28 00:19:54   Adaptive mesh refinement pass 1

                      ------------------------------------------------------------------------------
2025-05-28 00:20:01   *** Warning ***

2025-05-28 00:20:01   Detected possible stagnation of the iterative solver (4.146696e-02 after 250 iterations.)
                      Please consider aborting the solver run, and check your simulation setup.  More...

                      ------------------------------------------------------------------------------
2025-05-28 00:20:08   *** Warning ***

2025-05-28 00:20:08   The solver stopped because the maximum number of iterations (500, used for automatic solver choice) has been reached.

                      ------------------------------------------------------------------------------
2025-05-28 00:20:08   Solving again, but with the direct solver. Please consider forcing the direct solver in the solver special settings, and
                      check your simulation setup (for instance source and material definitions.)

                      ------------------------------------------------------------------------------
2025-05-28 00:20:08     Matrix setup time        :	0 s
                        Degrees of freedom       :	34954
                        Number of mesh cells     :	5319

                        Stimulation port         :	Zmin
                        Mode number              :	1
                        Accuracy                 :	8.30602e-14
                        Iterations               :	1
                        Solver time              :	0 s


                      ------------------------------------------------------------------------------
2025-05-28 00:20:08   27% of all mesh edges seem to be longer than expected. The adaptive mesh refinement's growth limitation will therefore 
                      use 14194 instead of 3527 mesh cells as a reference.

                      ------------------------------------------------------------------------------
2025-05-28 00:20:09   The wavelength based mesh refinement has been applied to 0.3% of all mesh edges.

                      ------------------------------------------------------------------------------
2025-05-28 00:20:09   For some elements the curvature had to be reduced to maintain the quality of the mesh. More...

                      ------------------------------------------------------------------------------
2025-05-28 00:20:09   Adaptive mesh refinement pass 2

                      ------------------------------------------------------------------------------
2025-05-28 00:20:11     Matrix setup time        :	0 s
                        Solver setup             :	1 s
                        Degrees of freedom       :	70656
                        Number of mesh cells     :	10925

                        Stimulation port         :	Zmin
                        Mode number              :	1
                        Accuracy                 :	5.39264e-14
                        Iterations               :	1
                        Solver time              :	0 s


                      ------------------------------------------------------------------------------
2025-05-28 00:20:11     Delta calculation        
2025-05-28 00:20:11     All S-Parameters         :	0.0377376
2025-05-28 00:20:11   

                      ------------------------------------------------------------------------------
2025-05-28 00:20:13   Adaptive mesh refinement pass 3

                      ------------------------------------------------------------------------------
2025-05-28 00:20:17     Matrix setup time        :	0 s
                        Solver setup             :	3 s
                        Degrees of freedom       :	117362
                        Number of mesh cells     :	18240

                        Stimulation port         :	Zmin
                        Mode number              :	1
                        Accuracy                 :	3.37278e-14
                        Iterations               :	1
                        Solver time              :	0 s


                      ------------------------------------------------------------------------------
2025-05-28 00:20:17     Delta calculation        
2025-05-28 00:20:17     All S-Parameters         :	0.0153104
2025-05-28 00:20:17   

                      ------------------------------------------------------------------------------
2025-05-28 00:20:17   Mesh adaptation terminated because the desired accuracy limit is reached.

                      ------------------------------------------------------------------------------
2025-05-28 00:20:17   *** Warning ***

2025-05-28 00:20:17   At least one propagating Floquet mode is not considered at port Zmin. Please increase the number of modes at this port. 
                      More...

                      ------------------------------------------------------------------------------
2025-05-28 00:20:17   *** Warning ***

2025-05-28 00:20:17   At least one propagating Floquet mode is not considered at port Zmax. Please increase the number of modes at this port. 
                      More...

                      ------------------------------------------------------------------------------
2025-05-28 00:20:18     Total time               :	23 s

                      ------------------------------------------------------------------------------
2025-05-28 00:20:18   

                      ------------------------------------------------------------------------------
2025-05-28 00:20:18     Calculation 2 (Frequency: 20 GHz, Theta: 0, Phi: 0)


                      ------------------------------------------------------------------------------
2025-05-28 00:20:21     Matrix setup time        :	0 s
                        Solver setup             :	2 s
                        Degrees of freedom       :	117362
                        Number of mesh cells     :	18240

                        Stimulation port         :	Zmin
                        Mode number              :	1
                        Accuracy                 :	4.8384e-14
                        Iterations               :	1
                        Solver time              :	0 s


                      ------------------------------------------------------------------------------
2025-05-28 00:20:21     Total time               :	3 s

                      ------------------------------------------------------------------------------
2025-05-28 00:20:21   

                      ------------------------------------------------------------------------------
2025-05-28 00:20:21     Calculation 3 (Frequency: 26 GHz, Theta: 0, Phi: 0)


                      ------------------------------------------------------------------------------
2025-05-28 00:20:24     Matrix setup time        :	0 s
                        Solver setup             :	2 s
                        Degrees of freedom       :	117362
                        Number of mesh cells     :	18240

                        Stimulation port         :	Zmin
                        Mode number              :	1
                        Accuracy                 :	2.4969e-14
                        Iterations               :	1
                        Solver time              :	0 s


                      ------------------------------------------------------------------------------
2025-05-28 00:20:24     Total time               :	3 s

                      ------------------------------------------------------------------------------
2025-05-28 00:20:24   

                      ------------------------------------------------------------------------------
2025-05-28 00:20:24     Calculation 4 (Frequency: 29 GHz, Theta: 0, Phi: 0)


                      ------------------------------------------------------------------------------
2025-05-28 00:20:28     Matrix setup time        :	0 s
                        Solver setup             :	2 s
                        Degrees of freedom       :	117362
                        Number of mesh cells     :	18240

                        Stimulation port         :	Zmin
                        Mode number              :	1
                        Accuracy                 :	3.71989e-14
                        Iterations               :	1
                        Solver time              :	0 s


                      ------------------------------------------------------------------------------
2025-05-28 00:20:28     Total time               :	3 s

                      ------------------------------------------------------------------------------
2025-05-28 00:20:28   

                      ------------------------------------------------------------------------------
2025-05-28 00:20:28     Calculation 5 (Frequency: 23.24 GHz, Theta: 0, Phi: 0)


                      ------------------------------------------------------------------------------
2025-05-28 00:20:31     Matrix setup time        :	0 s
                        Solver setup             :	2 s
                        Degrees of freedom       :	117362
                        Number of mesh cells     :	18240

                        Stimulation port         :	Zmin
                        Mode number              :	1
                        Accuracy                 :	3.13598e-14
                        Iterations               :	1
                        Solver time              :	0 s


                      ------------------------------------------------------------------------------
2025-05-28 00:20:31     Total time               :	3 s

                      ------------------------------------------------------------------------------
2025-05-28 00:20:31   

                      ------------------------------------------------------------------------------
2025-05-28 00:20:31     Calculation 6 (Frequency: 27.392 GHz, Theta: 0, Phi: 0)


                      ------------------------------------------------------------------------------
2025-05-28 00:20:34     Matrix setup time        :	0 s
                        Solver setup             :	2 s
                        Degrees of freedom       :	117362
                        Number of mesh cells     :	18240

                        Stimulation port         :	Zmin
                        Mode number              :	1
                        Accuracy                 :	3.35279e-14
                        Iterations               :	1
                        Solver time              :	0 s


                      ------------------------------------------------------------------------------
2025-05-28 00:20:34     Total time               :	3 s

                      ------------------------------------------------------------------------------
2025-05-28 00:20:34   

                      ------------------------------------------------------------------------------
2025-05-28 00:20:34     Calculation 7 (Frequency: 24.416 GHz, Theta: 0, Phi: 0)


                      ------------------------------------------------------------------------------
2025-05-28 00:20:38     Matrix setup time        :	0 s
                        Solver setup             :	2 s
                        Degrees of freedom       :	117362
                        Number of mesh cells     :	18240

                        Stimulation port         :	Zmin
                        Mode number              :	1
                        Accuracy                 :	2.55821e-14
                        Iterations               :	1
                        Solver time              :	0 s


                      ------------------------------------------------------------------------------
2025-05-28 00:20:38     Total time               :	3 s

                      ------------------------------------------------------------------------------
2025-05-28 00:20:38   

                      ------------------------------------------------------------------------------
2025-05-28 00:20:38     Calculation 8 (Frequency: 28.04 GHz, Theta: 0, Phi: 0)


                      ------------------------------------------------------------------------------
2025-05-28 00:20:41     Matrix setup time        :	0 s
                        Solver setup             :	2 s
                        Degrees of freedom       :	117362
                        Number of mesh cells     :	18240

                        Stimulation port         :	Zmin
                        Mode number              :	1
                        Accuracy                 :	4.44345e-14
                        Iterations               :	1
                        Solver time              :	0 s


                      ------------------------------------------------------------------------------
2025-05-28 00:20:41     Total time               :	3 s

                      ------------------------------------------------------------------------------
2025-05-28 00:20:41   

                      ------------------------------------------------------------------------------
2025-05-28 00:20:41     Calculation 9 (Frequency: 29.9 GHz, Theta: 0, Phi: 0)


                      ------------------------------------------------------------------------------
2025-05-28 00:20:45     Matrix setup time        :	0 s
                        Solver setup             :	2 s
                        Degrees of freedom       :	117362
                        Number of mesh cells     :	18240

                        Stimulation port         :	Zmin
                        Mode number              :	1
                        Accuracy                 :	3.51163e-14
                        Iterations               :	1
                        Solver time              :	0 s


                      ------------------------------------------------------------------------------
2025-05-28 00:20:45     Total time               :	3 s

                      ------------------------------------------------------------------------------
2025-05-28 00:20:45   

                      ------------------------------------------------------------------------------
2025-05-28 00:20:45     Calculation 10 (Frequency: 28.508 GHz, Theta: 0, Phi: 0)


                      ------------------------------------------------------------------------------
2025-05-28 00:20:48     Matrix setup time        :	0 s
                        Solver setup             :	2 s
                        Degrees of freedom       :	117362
                        Number of mesh cells     :	18240

                        Stimulation port         :	Zmin
                        Mode number              :	1
                        Accuracy                 :	3.95847e-14
                        Iterations               :	1
                        Solver time              :	0 s


                      ------------------------------------------------------------------------------
2025-05-28 00:20:48     Total time               :	3 s

                      ------------------------------------------------------------------------------
2025-05-28 00:20:48   

                      ------------------------------------------------------------------------------
2025-05-28 00:20:48     Calculation 11 (Frequency: 31.268 GHz, Theta: 0, Phi: 0)


                      ------------------------------------------------------------------------------
2025-05-28 00:20:52     Matrix setup time        :	0 s
                        Solver setup             :	2 s
                        Degrees of freedom       :	117362
                        Number of mesh cells     :	18240

                        Stimulation port         :	Zmin
                        Mode number              :	1
                        Accuracy                 :	3.05862e-14
                        Iterations               :	1
                        Solver time              :	0 s


                      ------------------------------------------------------------------------------
2025-05-28 00:20:52     Total time               :	3 s

                      ------------------------------------------------------------------------------
2025-05-28 00:20:52   

                      ------------------------------------------------------------------------------
2025-05-28 00:20:52     Calculation 12 (Frequency: 28.892 GHz, Theta: 0, Phi: 0)


                      ------------------------------------------------------------------------------
2025-05-28 00:20:55     Matrix setup time        :	0 s
                        Solver setup             :	2 s
                        Degrees of freedom       :	117362
                        Number of mesh cells     :	18240

                        Stimulation port         :	Zmin
                        Mode number              :	1
                        Accuracy                 :	3.5324e-14
                        Iterations               :	1
                        Solver time              :	0 s


                      ------------------------------------------------------------------------------
2025-05-28 00:20:55     Total time               :	3 s

                      ------------------------------------------------------------------------------
2025-05-28 00:20:55   

                      ------------------------------------------------------------------------------
2025-05-28 00:20:55     Calculation 13 (Frequency: 29.18 GHz, Theta: 0, Phi: 0)


                      ------------------------------------------------------------------------------
2025-05-28 00:20:58     Matrix setup time        :	0 s
                        Solver setup             :	2 s
                        Degrees of freedom       :	117362
                        Number of mesh cells     :	18240

                        Stimulation port         :	Zmin
                        Mode number              :	1
                        Accuracy                 :	4.26109e-14
                        Iterations               :	1
                        Solver time              :	0 s


                      ------------------------------------------------------------------------------
2025-05-28 00:20:59     Total time               :	3 s

                      ------------------------------------------------------------------------------
2025-05-28 00:20:59   

                      ------------------------------------------------------------------------------
2025-05-28 00:20:59     Calculation 14 (Frequency: 30.548 GHz, Theta: 0, Phi: 0)


                      ------------------------------------------------------------------------------
2025-05-28 00:21:02     Matrix setup time        :	0 s
                        Solver setup             :	2 s
                        Degrees of freedom       :	117362
                        Number of mesh cells     :	18240

                        Stimulation port         :	Zmin
                        Mode number              :	1
                        Accuracy                 :	3.41899e-14
                        Iterations               :	1
                        Solver time              :	0 s


                      ------------------------------------------------------------------------------
2025-05-28 00:21:02     Total time               :	3 s

                      ------------------------------------------------------------------------------
2025-05-28 00:21:02   

                      ------------------------------------------------------------------------------
2025-05-28 00:21:02     Calculation 15 (Frequency: 31.664 GHz, Theta: 0, Phi: 0)


                      ------------------------------------------------------------------------------
2025-05-28 00:21:06     Matrix setup time        :	0 s
                        Solver setup             :	3 s
                        Degrees of freedom       :	117362
                        Number of mesh cells     :	18240

                        Stimulation port         :	Zmin
                        Mode number              :	1
                        Accuracy                 :	3.24627e-14
                        Iterations               :	1
                        Solver time              :	0 s


                      ------------------------------------------------------------------------------
2025-05-28 00:21:06     Total time               :	3 s

                      ------------------------------------------------------------------------------
2025-05-28 00:21:06   

                      ------------------------------------------------------------------------------
2025-05-28 00:21:06     Calculation 16 (Frequency: 30.092 GHz, Theta: 0, Phi: 0)


                      ------------------------------------------------------------------------------
2025-05-28 00:21:09     Matrix setup time        :	0 s
                        Solver setup             :	2 s
                        Degrees of freedom       :	117362
                        Number of mesh cells     :	18240

                        Stimulation port         :	Zmin
                        Mode number              :	1
                        Accuracy                 :	3.53517e-14
                        Iterations               :	1
                        Solver time              :	0 s


                      ------------------------------------------------------------------------------
2025-05-28 00:21:09     Total time               :	3 s

                      ------------------------------------------------------------------------------
2025-05-28 00:21:09   

                      ------------------------------------------------------------------------------
2025-05-28 00:21:09     Calculation 17 (Frequency: 30.716 GHz, Theta: 0, Phi: 0)


                      ------------------------------------------------------------------------------
2025-05-28 00:21:13     Matrix setup time        :	0 s
                        Solver setup             :	2 s
                        Degrees of freedom       :	117362
                        Number of mesh cells     :	18240

                        Stimulation port         :	Zmin
                        Mode number              :	1
                        Accuracy                 :	3.85644e-14
                        Iterations               :	1
                        Solver time              :	0 s


                      ------------------------------------------------------------------------------
2025-05-28 00:21:13     Total time               :	3 s

                      ------------------------------------------------------------------------------
2025-05-28 00:21:13   

                      ------------------------------------------------------------------------------
2025-05-28 00:21:13     Calculation 18 (Frequency: 21.584 GHz, Theta: 0, Phi: 0)


                      ------------------------------------------------------------------------------
2025-05-28 00:21:16     Matrix setup time        :	0 s
                        Solver setup             :	3 s
                        Degrees of freedom       :	117362
                        Number of mesh cells     :	18240

                        Stimulation port         :	Zmin
                        Mode number              :	1
                        Accuracy                 :	5.01091e-14
                        Iterations               :	1
                        Solver time              :	0 s


                      ------------------------------------------------------------------------------
2025-05-28 00:21:16     Total time               :	3 s

                      ------------------------------------------------------------------------------
2025-05-28 00:21:16   

                      ------------------------------------------------------------------------------
2025-05-28 00:21:16     Calculation 19 (Frequency: 23.708 GHz, Theta: 0, Phi: 0)


                      ------------------------------------------------------------------------------
2025-05-28 00:21:20     Matrix setup time        :	0 s
                        Solver setup             :	3 s
                        Degrees of freedom       :	117362
                        Number of mesh cells     :	18240

                        Stimulation port         :	Zmin
                        Mode number              :	1
                        Accuracy                 :	3.76645e-14
                        Iterations               :	1
                        Solver time              :	0 s


                      ------------------------------------------------------------------------------
2025-05-28 00:21:20     Total time               :	3 s

                      ------------------------------------------------------------------------------
2025-05-28 00:21:20   

                      ------------------------------------------------------------------------------
2025-05-28 00:21:20     Calculation 20 (Frequency: 21.764 GHz, Theta: 0, Phi: 0)


                      ------------------------------------------------------------------------------
2025-05-28 00:21:23     Matrix setup time        :	0 s
                        Solver setup             :	3 s
                        Degrees of freedom       :	117362
                        Number of mesh cells     :	18240

                        Stimulation port         :	Zmin
                        Mode number              :	1
                        Accuracy                 :	5.53423e-14
                        Iterations               :	1
                        Solver time              :	0 s


                      ------------------------------------------------------------------------------
2025-05-28 00:21:24     Total time               :	3 s

                      ------------------------------------------------------------------------------
2025-05-28 00:21:24   

                      ------------------------------------------------------------------------------
2025-05-28 00:21:24     Calculation 21 (Frequency: 21.392 GHz, Theta: 0, Phi: 0)


                      ------------------------------------------------------------------------------
2025-05-28 00:21:27     Matrix setup time        :	0 s
                        Solver setup             :	3 s
                        Degrees of freedom       :	117362
                        Number of mesh cells     :	18240

                        Stimulation port         :	Zmin
                        Mode number              :	1
                        Accuracy                 :	4.93237e-14
                        Iterations               :	1
                        Solver time              :	0 s


                      ------------------------------------------------------------------------------
2025-05-28 00:21:27     Total time               :	3 s

                      ------------------------------------------------------------------------------
2025-05-28 00:21:27   

                      ------------------------------------------------------------------------------
2025-05-28 00:21:27     Calculation 22 (Frequency: 22.376 GHz, Theta: 0, Phi: 0)


                      ------------------------------------------------------------------------------
2025-05-28 00:21:31     Matrix setup time        :	0 s
                        Solver setup             :	3 s
                        Degrees of freedom       :	117362
                        Number of mesh cells     :	18240

                        Stimulation port         :	Zmin
                        Mode number              :	1
                        Accuracy                 :	4.73058e-14
                        Iterations               :	1
                        Solver time              :	0 s


                      ------------------------------------------------------------------------------
2025-05-28 00:21:31     Total time               :	3 s

                      ------------------------------------------------------------------------------
2025-05-28 00:21:31   

                      ------------------------------------------------------------------------------
2025-05-28 00:21:31     Calculation 23 (Frequency: 20.768 GHz, Theta: 0, Phi: 0)


                      ------------------------------------------------------------------------------
2025-05-28 00:21:35     Matrix setup time        :	0 s
                        Solver setup             :	3 s
                        Degrees of freedom       :	117362
                        Number of mesh cells     :	18240

                        Stimulation port         :	Zmin
                        Mode number              :	1
                        Accuracy                 :	4.5613e-14
                        Iterations               :	1
                        Solver time              :	0 s


                      ------------------------------------------------------------------------------
2025-05-28 00:21:35     Total time               :	3 s

                      ------------------------------------------------------------------------------
2025-05-28 00:21:35   

                      ------------------------------------------------------------------------------
2025-05-28 00:21:35     Calculation 24 (Frequency: 22.004 GHz, Theta: 0, Phi: 0)


                      ------------------------------------------------------------------------------
2025-05-28 00:21:38     Matrix setup time        :	0 s
                        Solver setup             :	3 s
                        Degrees of freedom       :	117362
                        Number of mesh cells     :	18240

                        Stimulation port         :	Zmin
                        Mode number              :	1
                        Accuracy                 :	5.20975e-14
                        Iterations               :	1
                        Solver time              :	0 s


                      ------------------------------------------------------------------------------
2025-05-28 00:21:38     Total time               :	3 s

                      ------------------------------------------------------------------------------
2025-05-28 00:21:38   

                      ------------------------------------------------------------------------------
2025-05-28 00:21:38     Calculation 25 (Frequency: 22.676 GHz, Theta: 0, Phi: 0)


                      ------------------------------------------------------------------------------
2025-05-28 00:21:42     Matrix setup time        :	0 s
                        Solver setup             :	3 s
                        Degrees of freedom       :	117362
                        Number of mesh cells     :	18240

                        Stimulation port         :	Zmin
                        Mode number              :	1
                        Accuracy                 :	4.54188e-14
                        Iterations               :	1
                        Solver time              :	0 s


                      ------------------------------------------------------------------------------
2025-05-28 00:21:42     Total time               :	3 s

                      ------------------------------------------------------------------------------
2025-05-28 00:21:42   

                      ------------------------------------------------------------------------------
2025-05-28 00:21:42     Calculation 26 (Frequency: 23.948 GHz, Theta: 0, Phi: 0)


                      ------------------------------------------------------------------------------
2025-05-28 00:21:46     Matrix setup time        :	0 s
                        Solver setup             :	3 s
                        Degrees of freedom       :	117362
                        Number of mesh cells     :	18240

                        Stimulation port         :	Zmin
                        Mode number              :	1
                        Accuracy                 :	3.98361e-14
                        Iterations               :	1
                        Solver time              :	0 s


                      ------------------------------------------------------------------------------
2025-05-28 00:21:46     Total time               :	3 s

                      ------------------------------------------------------------------------------
2025-05-28 00:21:46   

                      ------------------------------------------------------------------------------
2025-05-28 00:21:46     Calculation 27 (Frequency: 26.708 GHz, Theta: 0, Phi: 0)


                      ------------------------------------------------------------------------------
2025-05-28 00:21:49     Matrix setup time        :	0 s
                        Solver setup             :	3 s
                        Degrees of freedom       :	117362
                        Number of mesh cells     :	18240

                        Stimulation port         :	Zmin
                        Mode number              :	1
                        Accuracy                 :	3.71974e-14
                        Iterations               :	1
                        Solver time              :	0 s


                      ------------------------------------------------------------------------------
2025-05-28 00:21:49     Total time               :	3 s

                      ------------------------------------------------------------------------------
2025-05-28 00:21:49   

                      ------------------------------------------------------------------------------
2025-05-28 00:21:49     Calculation 28 (Frequency: 24.812 GHz, Theta: 0, Phi: 0)


                      ------------------------------------------------------------------------------
2025-05-28 00:21:53     Matrix setup time        :	0 s
                        Solver setup             :	3 s
                        Degrees of freedom       :	117362
                        Number of mesh cells     :	18240

                        Stimulation port         :	Zmin
                        Mode number              :	1
                        Accuracy                 :	3.09905e-14
                        Iterations               :	1
                        Solver time              :	0 s


                      ------------------------------------------------------------------------------
2025-05-28 00:21:53     Total time               :	3 s

                      ------------------------------------------------------------------------------
2025-05-28 00:21:53   

                      ------------------------------------------------------------------------------
2025-05-28 00:21:53     Calculation 29 (Frequency: 26.54 GHz, Theta: 0, Phi: 0)


                      ------------------------------------------------------------------------------
2025-05-28 00:21:57     Matrix setup time        :	0 s
                        Solver setup             :	3 s
                        Degrees of freedom       :	117362
                        Number of mesh cells     :	18240

                        Stimulation port         :	Zmin
                        Mode number              :	1
                        Accuracy                 :	3.82244e-14
                        Iterations               :	1
                        Solver time              :	0 s


                      ------------------------------------------------------------------------------
2025-05-28 00:21:57     Total time               :	3 s

                      ------------------------------------------------------------------------------
2025-05-28 00:21:57   

                      ------------------------------------------------------------------------------
2025-05-28 00:21:57     Calculation 30 (Frequency: 27.752 GHz, Theta: 0, Phi: 0)


                      ------------------------------------------------------------------------------
2025-05-28 00:22:00     Matrix setup time        :	0 s
                        Solver setup             :	3 s
                        Degrees of freedom       :	117362
                        Number of mesh cells     :	18240

                        Stimulation port         :	Zmin
                        Mode number              :	1
                        Accuracy                 :	3.64018e-14
                        Iterations               :	1
                        Solver time              :	0 s


                      ------------------------------------------------------------------------------
2025-05-28 00:22:00     Total time               :	3 s

                      ------------------------------------------------------------------------------
2025-05-28 00:22:00   

                      ------------------------------------------------------------------------------
2025-05-28 00:22:00     Calculation 31 (Frequency: 25.136 GHz, Theta: 0, Phi: 0)


                      ------------------------------------------------------------------------------
2025-05-28 00:22:04     Matrix setup time        :	0 s
                        Solver setup             :	3 s
                        Degrees of freedom       :	117362
                        Number of mesh cells     :	18240

                        Stimulation port         :	Zmin
                        Mode number              :	1
                        Accuracy                 :	4.57366e-14
                        Iterations               :	1
                        Solver time              :	0 s


                      ------------------------------------------------------------------------------
2025-05-28 00:22:04     Total time               :	3 s

                      ------------------------------------------------------------------------------
2025-05-28 00:22:04   

                      ------------------------------------------------------------------------------
2025-05-28 00:22:04   Finished the general purpose interpolative broadband frequency sweep:
                      All broadband sweep convergence criteria have been satisfied after
                      calculating 31 frequency samples:

                        Broadband sweep error threshold value :  0.01 (All S-Parameters) 
                        Number of error criterion checks      :  2 (All S-Parameters) 
                        Minimum number of samples             :  3
                        Number of data samples, linear        :  1001

                      ------------------------------------------------------------------------------
2025-05-28 00:22:04     Number of mesh cells     :	18240
                        Degrees of freedom       :	116372
                        Total Solver Time        :	131 s	 (= 0 h, 02 m, 11 s)
                      ================================================================================



                      ------------------------------------------------------------------------------
2025-05-28 00:22:04     ----------------------------------------------------------------------------
                                            Peak memory used (kB)         Free physical memory (kB) 
                                                                          At begin     Minimum      
                        ----------------------------------------------------------------------------
                        Solver start        22256                         8536616      8535924      
                        Eq. system setup    1857464                       8526624      8171432      
                        Eq. system solve    1857464                       8485740      6859200      
                        Mesh refinement     1102800                       8336036      8241116      
                        Solver run total    1857464                       8536620      6859200      

                        Computer name       Tahsin
                        ----------------------------------------------------------------------------


                      ------------------------------------------------------------------------------
2025-05-28 00:22:04   Running postprocessing.

                      ------------------------------------------------------------------------------
2025-05-28 00:22:05   Postprocessing finished.

                      ------------------------------------------------------------------------------
